[2024-09-06T14:22:17.380+0000] {processor.py:186} INFO - Started process (PID=106) to work on /home/airflow/.local/lib/python3.12/site-packages/airflow/example_dags/example_branch_labels.py
[2024-09-06T14:22:17.381+0000] {processor.py:914} INFO - Processing file /home/airflow/.local/lib/python3.12/site-packages/airflow/example_dags/example_branch_labels.py for tasks to queue
[2024-09-06T14:22:17.385+0000] {logging_mixin.py:190} INFO - [2024-09-06T14:22:17.385+0000] {dagbag.py:587} INFO - Filling up the DagBag from /home/airflow/.local/lib/python3.12/site-packages/airflow/example_dags/example_branch_labels.py
[2024-09-06T14:22:17.397+0000] {processor.py:925} INFO - DAG(s) 'example_branch_labels' retrieved from /home/airflow/.local/lib/python3.12/site-packages/airflow/example_dags/example_branch_labels.py
[2024-09-06T14:22:17.532+0000] {logging_mixin.py:190} INFO - [2024-09-06T14:22:17.531+0000] {override.py:1900} INFO - Created Permission View: can read on DAG:example_branch_labels
[2024-09-06T14:22:17.547+0000] {logging_mixin.py:190} INFO - [2024-09-06T14:22:17.546+0000] {override.py:1900} INFO - Created Permission View: can delete on DAG:example_branch_labels
[2024-09-06T14:22:17.559+0000] {logging_mixin.py:190} INFO - [2024-09-06T14:22:17.559+0000] {override.py:1900} INFO - Created Permission View: can edit on DAG:example_branch_labels
[2024-09-06T14:22:17.574+0000] {logging_mixin.py:190} INFO - [2024-09-06T14:22:17.573+0000] {override.py:1900} INFO - Created Permission View: can read on DAG Run:example_branch_labels
[2024-09-06T14:22:17.580+0000] {logging_mixin.py:190} INFO - [2024-09-06T14:22:17.580+0000] {override.py:1900} INFO - Created Permission View: can delete on DAG Run:example_branch_labels
[2024-09-06T14:22:17.591+0000] {logging_mixin.py:190} INFO - [2024-09-06T14:22:17.591+0000] {override.py:1900} INFO - Created Permission View: menu access on DAG Run:example_branch_labels
[2024-09-06T14:22:17.599+0000] {logging_mixin.py:190} INFO - [2024-09-06T14:22:17.598+0000] {override.py:1900} INFO - Created Permission View: can create on DAG Run:example_branch_labels
[2024-09-06T14:22:17.601+0000] {logging_mixin.py:190} INFO - [2024-09-06T14:22:17.601+0000] {dag.py:3229} INFO - Sync 1 DAGs
[2024-09-06T14:22:17.615+0000] {logging_mixin.py:190} INFO - [2024-09-06T14:22:17.615+0000] {dag.py:3252} INFO - Creating ORM DAG for example_branch_labels
[2024-09-06T14:22:17.628+0000] {logging_mixin.py:190} INFO - [2024-09-06T14:22:17.628+0000] {dag.py:4156} INFO - Setting next_dagrun for example_branch_labels to 2024-09-05 00:00:00+00:00, run_after=2024-09-06 00:00:00+00:00
[2024-09-06T14:22:17.646+0000] {processor.py:208} INFO - Processing /home/airflow/.local/lib/python3.12/site-packages/airflow/example_dags/example_branch_labels.py took 0.273 seconds
[2024-09-06T14:22:47.804+0000] {processor.py:186} INFO - Started process (PID=168) to work on /home/airflow/.local/lib/python3.12/site-packages/airflow/example_dags/example_branch_labels.py
[2024-09-06T14:22:47.805+0000] {processor.py:914} INFO - Processing file /home/airflow/.local/lib/python3.12/site-packages/airflow/example_dags/example_branch_labels.py for tasks to queue
[2024-09-06T14:22:47.808+0000] {logging_mixin.py:190} INFO - [2024-09-06T14:22:47.807+0000] {dagbag.py:587} INFO - Filling up the DagBag from /home/airflow/.local/lib/python3.12/site-packages/airflow/example_dags/example_branch_labels.py
[2024-09-06T14:22:47.819+0000] {processor.py:925} INFO - DAG(s) 'example_branch_labels' retrieved from /home/airflow/.local/lib/python3.12/site-packages/airflow/example_dags/example_branch_labels.py
[2024-09-06T14:22:47.842+0000] {logging_mixin.py:190} INFO - [2024-09-06T14:22:47.842+0000] {dag.py:3229} INFO - Sync 1 DAGs
[2024-09-06T14:22:47.861+0000] {logging_mixin.py:190} INFO - [2024-09-06T14:22:47.861+0000] {dag.py:4156} INFO - Setting next_dagrun for example_branch_labels to 2024-09-05 00:00:00+00:00, run_after=2024-09-06 00:00:00+00:00
[2024-09-06T14:22:47.878+0000] {processor.py:208} INFO - Processing /home/airflow/.local/lib/python3.12/site-packages/airflow/example_dags/example_branch_labels.py took 0.081 seconds
[2024-09-06T14:23:18.124+0000] {processor.py:186} INFO - Started process (PID=230) to work on /home/airflow/.local/lib/python3.12/site-packages/airflow/example_dags/example_branch_labels.py
[2024-09-06T14:23:18.125+0000] {processor.py:914} INFO - Processing file /home/airflow/.local/lib/python3.12/site-packages/airflow/example_dags/example_branch_labels.py for tasks to queue
[2024-09-06T14:23:18.127+0000] {logging_mixin.py:190} INFO - [2024-09-06T14:23:18.127+0000] {dagbag.py:587} INFO - Filling up the DagBag from /home/airflow/.local/lib/python3.12/site-packages/airflow/example_dags/example_branch_labels.py
[2024-09-06T14:23:18.137+0000] {processor.py:925} INFO - DAG(s) 'example_branch_labels' retrieved from /home/airflow/.local/lib/python3.12/site-packages/airflow/example_dags/example_branch_labels.py
[2024-09-06T14:23:18.155+0000] {logging_mixin.py:190} INFO - [2024-09-06T14:23:18.155+0000] {dag.py:3229} INFO - Sync 1 DAGs
[2024-09-06T14:23:18.181+0000] {logging_mixin.py:190} INFO - [2024-09-06T14:23:18.181+0000] {dag.py:4156} INFO - Setting next_dagrun for example_branch_labels to 2024-09-05 00:00:00+00:00, run_after=2024-09-06 00:00:00+00:00
[2024-09-06T14:23:18.198+0000] {processor.py:208} INFO - Processing /home/airflow/.local/lib/python3.12/site-packages/airflow/example_dags/example_branch_labels.py took 0.080 seconds
[2024-09-06T14:23:48.589+0000] {processor.py:186} INFO - Started process (PID=292) to work on /home/airflow/.local/lib/python3.12/site-packages/airflow/example_dags/example_branch_labels.py
[2024-09-06T14:23:48.590+0000] {processor.py:914} INFO - Processing file /home/airflow/.local/lib/python3.12/site-packages/airflow/example_dags/example_branch_labels.py for tasks to queue
[2024-09-06T14:23:48.592+0000] {logging_mixin.py:190} INFO - [2024-09-06T14:23:48.592+0000] {dagbag.py:587} INFO - Filling up the DagBag from /home/airflow/.local/lib/python3.12/site-packages/airflow/example_dags/example_branch_labels.py
[2024-09-06T14:23:48.600+0000] {processor.py:925} INFO - DAG(s) 'example_branch_labels' retrieved from /home/airflow/.local/lib/python3.12/site-packages/airflow/example_dags/example_branch_labels.py
[2024-09-06T14:23:48.616+0000] {logging_mixin.py:190} INFO - [2024-09-06T14:23:48.616+0000] {dag.py:3229} INFO - Sync 1 DAGs
[2024-09-06T14:23:48.636+0000] {logging_mixin.py:190} INFO - [2024-09-06T14:23:48.636+0000] {dag.py:4156} INFO - Setting next_dagrun for example_branch_labels to 2024-09-05 00:00:00+00:00, run_after=2024-09-06 00:00:00+00:00
[2024-09-06T14:23:48.653+0000] {processor.py:208} INFO - Processing /home/airflow/.local/lib/python3.12/site-packages/airflow/example_dags/example_branch_labels.py took 0.069 seconds
[2024-09-06T14:24:18.920+0000] {processor.py:186} INFO - Started process (PID=354) to work on /home/airflow/.local/lib/python3.12/site-packages/airflow/example_dags/example_branch_labels.py
[2024-09-06T14:24:18.921+0000] {processor.py:914} INFO - Processing file /home/airflow/.local/lib/python3.12/site-packages/airflow/example_dags/example_branch_labels.py for tasks to queue
[2024-09-06T14:24:18.924+0000] {logging_mixin.py:190} INFO - [2024-09-06T14:24:18.923+0000] {dagbag.py:587} INFO - Filling up the DagBag from /home/airflow/.local/lib/python3.12/site-packages/airflow/example_dags/example_branch_labels.py
[2024-09-06T14:24:18.933+0000] {processor.py:925} INFO - DAG(s) 'example_branch_labels' retrieved from /home/airflow/.local/lib/python3.12/site-packages/airflow/example_dags/example_branch_labels.py
[2024-09-06T14:24:18.953+0000] {logging_mixin.py:190} INFO - [2024-09-06T14:24:18.952+0000] {dag.py:3229} INFO - Sync 1 DAGs
[2024-09-06T14:24:18.976+0000] {logging_mixin.py:190} INFO - [2024-09-06T14:24:18.976+0000] {dag.py:4156} INFO - Setting next_dagrun for example_branch_labels to 2024-09-05 00:00:00+00:00, run_after=2024-09-06 00:00:00+00:00
[2024-09-06T14:24:18.991+0000] {processor.py:208} INFO - Processing /home/airflow/.local/lib/python3.12/site-packages/airflow/example_dags/example_branch_labels.py took 0.076 seconds
[2024-09-06T14:24:49.265+0000] {processor.py:186} INFO - Started process (PID=416) to work on /home/airflow/.local/lib/python3.12/site-packages/airflow/example_dags/example_branch_labels.py
[2024-09-06T14:24:49.266+0000] {processor.py:914} INFO - Processing file /home/airflow/.local/lib/python3.12/site-packages/airflow/example_dags/example_branch_labels.py for tasks to queue
[2024-09-06T14:24:49.268+0000] {logging_mixin.py:190} INFO - [2024-09-06T14:24:49.268+0000] {dagbag.py:587} INFO - Filling up the DagBag from /home/airflow/.local/lib/python3.12/site-packages/airflow/example_dags/example_branch_labels.py
[2024-09-06T14:24:49.276+0000] {processor.py:925} INFO - DAG(s) 'example_branch_labels' retrieved from /home/airflow/.local/lib/python3.12/site-packages/airflow/example_dags/example_branch_labels.py
[2024-09-06T14:24:49.293+0000] {logging_mixin.py:190} INFO - [2024-09-06T14:24:49.292+0000] {dag.py:3229} INFO - Sync 1 DAGs
[2024-09-06T14:24:49.313+0000] {logging_mixin.py:190} INFO - [2024-09-06T14:24:49.313+0000] {dag.py:4156} INFO - Setting next_dagrun for example_branch_labels to 2024-09-05 00:00:00+00:00, run_after=2024-09-06 00:00:00+00:00
[2024-09-06T14:24:49.329+0000] {processor.py:208} INFO - Processing /home/airflow/.local/lib/python3.12/site-packages/airflow/example_dags/example_branch_labels.py took 0.069 seconds
[2024-09-06T14:25:19.701+0000] {processor.py:186} INFO - Started process (PID=479) to work on /home/airflow/.local/lib/python3.12/site-packages/airflow/example_dags/example_branch_labels.py
[2024-09-06T14:25:19.703+0000] {processor.py:914} INFO - Processing file /home/airflow/.local/lib/python3.12/site-packages/airflow/example_dags/example_branch_labels.py for tasks to queue
[2024-09-06T14:25:19.705+0000] {logging_mixin.py:190} INFO - [2024-09-06T14:25:19.705+0000] {dagbag.py:587} INFO - Filling up the DagBag from /home/airflow/.local/lib/python3.12/site-packages/airflow/example_dags/example_branch_labels.py
[2024-09-06T14:25:19.716+0000] {processor.py:925} INFO - DAG(s) 'example_branch_labels' retrieved from /home/airflow/.local/lib/python3.12/site-packages/airflow/example_dags/example_branch_labels.py
[2024-09-06T14:25:19.736+0000] {logging_mixin.py:190} INFO - [2024-09-06T14:25:19.735+0000] {dag.py:3229} INFO - Sync 1 DAGs
[2024-09-06T14:25:19.754+0000] {logging_mixin.py:190} INFO - [2024-09-06T14:25:19.754+0000] {dag.py:4156} INFO - Setting next_dagrun for example_branch_labels to 2024-09-05 00:00:00+00:00, run_after=2024-09-06 00:00:00+00:00
[2024-09-06T14:25:19.770+0000] {processor.py:208} INFO - Processing /home/airflow/.local/lib/python3.12/site-packages/airflow/example_dags/example_branch_labels.py took 0.076 seconds
[2024-09-06T14:25:49.850+0000] {processor.py:186} INFO - Started process (PID=540) to work on /home/airflow/.local/lib/python3.12/site-packages/airflow/example_dags/example_branch_labels.py
[2024-09-06T14:25:49.851+0000] {processor.py:914} INFO - Processing file /home/airflow/.local/lib/python3.12/site-packages/airflow/example_dags/example_branch_labels.py for tasks to queue
[2024-09-06T14:25:49.853+0000] {logging_mixin.py:190} INFO - [2024-09-06T14:25:49.852+0000] {dagbag.py:587} INFO - Filling up the DagBag from /home/airflow/.local/lib/python3.12/site-packages/airflow/example_dags/example_branch_labels.py
[2024-09-06T14:25:49.861+0000] {processor.py:925} INFO - DAG(s) 'example_branch_labels' retrieved from /home/airflow/.local/lib/python3.12/site-packages/airflow/example_dags/example_branch_labels.py
[2024-09-06T14:25:49.880+0000] {logging_mixin.py:190} INFO - [2024-09-06T14:25:49.880+0000] {dag.py:3229} INFO - Sync 1 DAGs
[2024-09-06T14:25:49.901+0000] {logging_mixin.py:190} INFO - [2024-09-06T14:25:49.901+0000] {dag.py:4156} INFO - Setting next_dagrun for example_branch_labels to 2024-09-05 00:00:00+00:00, run_after=2024-09-06 00:00:00+00:00
[2024-09-06T14:25:49.918+0000] {processor.py:208} INFO - Processing /home/airflow/.local/lib/python3.12/site-packages/airflow/example_dags/example_branch_labels.py took 0.073 seconds
[2024-09-06T14:26:20.097+0000] {processor.py:186} INFO - Started process (PID=602) to work on /home/airflow/.local/lib/python3.12/site-packages/airflow/example_dags/example_branch_labels.py
[2024-09-06T14:26:20.098+0000] {processor.py:914} INFO - Processing file /home/airflow/.local/lib/python3.12/site-packages/airflow/example_dags/example_branch_labels.py for tasks to queue
[2024-09-06T14:26:20.100+0000] {logging_mixin.py:190} INFO - [2024-09-06T14:26:20.099+0000] {dagbag.py:587} INFO - Filling up the DagBag from /home/airflow/.local/lib/python3.12/site-packages/airflow/example_dags/example_branch_labels.py
[2024-09-06T14:26:20.108+0000] {processor.py:925} INFO - DAG(s) 'example_branch_labels' retrieved from /home/airflow/.local/lib/python3.12/site-packages/airflow/example_dags/example_branch_labels.py
[2024-09-06T14:26:20.127+0000] {logging_mixin.py:190} INFO - [2024-09-06T14:26:20.127+0000] {dag.py:3229} INFO - Sync 1 DAGs
[2024-09-06T14:26:20.146+0000] {logging_mixin.py:190} INFO - [2024-09-06T14:26:20.146+0000] {dag.py:4156} INFO - Setting next_dagrun for example_branch_labels to 2024-09-05 00:00:00+00:00, run_after=2024-09-06 00:00:00+00:00
[2024-09-06T14:26:20.163+0000] {processor.py:208} INFO - Processing /home/airflow/.local/lib/python3.12/site-packages/airflow/example_dags/example_branch_labels.py took 0.071 seconds
[2024-09-06T14:26:50.364+0000] {processor.py:186} INFO - Started process (PID=664) to work on /home/airflow/.local/lib/python3.12/site-packages/airflow/example_dags/example_branch_labels.py
[2024-09-06T14:26:50.365+0000] {processor.py:914} INFO - Processing file /home/airflow/.local/lib/python3.12/site-packages/airflow/example_dags/example_branch_labels.py for tasks to queue
[2024-09-06T14:26:50.367+0000] {logging_mixin.py:190} INFO - [2024-09-06T14:26:50.367+0000] {dagbag.py:587} INFO - Filling up the DagBag from /home/airflow/.local/lib/python3.12/site-packages/airflow/example_dags/example_branch_labels.py
[2024-09-06T14:26:50.375+0000] {processor.py:925} INFO - DAG(s) 'example_branch_labels' retrieved from /home/airflow/.local/lib/python3.12/site-packages/airflow/example_dags/example_branch_labels.py
[2024-09-06T14:26:50.393+0000] {logging_mixin.py:190} INFO - [2024-09-06T14:26:50.393+0000] {dag.py:3229} INFO - Sync 1 DAGs
[2024-09-06T14:26:50.414+0000] {logging_mixin.py:190} INFO - [2024-09-06T14:26:50.414+0000] {dag.py:4156} INFO - Setting next_dagrun for example_branch_labels to 2024-09-05 00:00:00+00:00, run_after=2024-09-06 00:00:00+00:00
[2024-09-06T14:26:50.432+0000] {processor.py:208} INFO - Processing /home/airflow/.local/lib/python3.12/site-packages/airflow/example_dags/example_branch_labels.py took 0.073 seconds
[2024-09-06T14:27:20.635+0000] {processor.py:186} INFO - Started process (PID=726) to work on /home/airflow/.local/lib/python3.12/site-packages/airflow/example_dags/example_branch_labels.py
[2024-09-06T14:27:20.635+0000] {processor.py:914} INFO - Processing file /home/airflow/.local/lib/python3.12/site-packages/airflow/example_dags/example_branch_labels.py for tasks to queue
[2024-09-06T14:27:20.638+0000] {logging_mixin.py:190} INFO - [2024-09-06T14:27:20.637+0000] {dagbag.py:587} INFO - Filling up the DagBag from /home/airflow/.local/lib/python3.12/site-packages/airflow/example_dags/example_branch_labels.py
[2024-09-06T14:27:20.645+0000] {processor.py:925} INFO - DAG(s) 'example_branch_labels' retrieved from /home/airflow/.local/lib/python3.12/site-packages/airflow/example_dags/example_branch_labels.py
[2024-09-06T14:27:20.662+0000] {logging_mixin.py:190} INFO - [2024-09-06T14:27:20.662+0000] {dag.py:3229} INFO - Sync 1 DAGs
[2024-09-06T14:27:20.683+0000] {logging_mixin.py:190} INFO - [2024-09-06T14:27:20.683+0000] {dag.py:4156} INFO - Setting next_dagrun for example_branch_labels to 2024-09-05 00:00:00+00:00, run_after=2024-09-06 00:00:00+00:00
[2024-09-06T14:27:20.699+0000] {processor.py:208} INFO - Processing /home/airflow/.local/lib/python3.12/site-packages/airflow/example_dags/example_branch_labels.py took 0.069 seconds
[2024-09-06T14:27:50.876+0000] {processor.py:186} INFO - Started process (PID=788) to work on /home/airflow/.local/lib/python3.12/site-packages/airflow/example_dags/example_branch_labels.py
[2024-09-06T14:27:50.877+0000] {processor.py:914} INFO - Processing file /home/airflow/.local/lib/python3.12/site-packages/airflow/example_dags/example_branch_labels.py for tasks to queue
[2024-09-06T14:27:50.879+0000] {logging_mixin.py:190} INFO - [2024-09-06T14:27:50.879+0000] {dagbag.py:587} INFO - Filling up the DagBag from /home/airflow/.local/lib/python3.12/site-packages/airflow/example_dags/example_branch_labels.py
[2024-09-06T14:27:50.888+0000] {processor.py:925} INFO - DAG(s) 'example_branch_labels' retrieved from /home/airflow/.local/lib/python3.12/site-packages/airflow/example_dags/example_branch_labels.py
[2024-09-06T14:27:50.906+0000] {logging_mixin.py:190} INFO - [2024-09-06T14:27:50.905+0000] {dag.py:3229} INFO - Sync 1 DAGs
[2024-09-06T14:27:50.927+0000] {logging_mixin.py:190} INFO - [2024-09-06T14:27:50.926+0000] {dag.py:4156} INFO - Setting next_dagrun for example_branch_labels to 2024-09-05 00:00:00+00:00, run_after=2024-09-06 00:00:00+00:00
[2024-09-06T14:27:50.944+0000] {processor.py:208} INFO - Processing /home/airflow/.local/lib/python3.12/site-packages/airflow/example_dags/example_branch_labels.py took 0.073 seconds
[2024-09-06T14:28:21.267+0000] {processor.py:186} INFO - Started process (PID=850) to work on /home/airflow/.local/lib/python3.12/site-packages/airflow/example_dags/example_branch_labels.py
[2024-09-06T14:28:21.268+0000] {processor.py:914} INFO - Processing file /home/airflow/.local/lib/python3.12/site-packages/airflow/example_dags/example_branch_labels.py for tasks to queue
[2024-09-06T14:28:21.271+0000] {logging_mixin.py:190} INFO - [2024-09-06T14:28:21.271+0000] {dagbag.py:587} INFO - Filling up the DagBag from /home/airflow/.local/lib/python3.12/site-packages/airflow/example_dags/example_branch_labels.py
[2024-09-06T14:28:21.282+0000] {processor.py:925} INFO - DAG(s) 'example_branch_labels' retrieved from /home/airflow/.local/lib/python3.12/site-packages/airflow/example_dags/example_branch_labels.py
[2024-09-06T14:28:21.299+0000] {logging_mixin.py:190} INFO - [2024-09-06T14:28:21.299+0000] {dag.py:3229} INFO - Sync 1 DAGs
[2024-09-06T14:28:21.322+0000] {logging_mixin.py:190} INFO - [2024-09-06T14:28:21.321+0000] {dag.py:4156} INFO - Setting next_dagrun for example_branch_labels to 2024-09-05 00:00:00+00:00, run_after=2024-09-06 00:00:00+00:00
[2024-09-06T14:28:21.337+0000] {processor.py:208} INFO - Processing /home/airflow/.local/lib/python3.12/site-packages/airflow/example_dags/example_branch_labels.py took 0.076 seconds
[2024-09-06T14:28:51.510+0000] {processor.py:186} INFO - Started process (PID=912) to work on /home/airflow/.local/lib/python3.12/site-packages/airflow/example_dags/example_branch_labels.py
[2024-09-06T14:28:51.511+0000] {processor.py:914} INFO - Processing file /home/airflow/.local/lib/python3.12/site-packages/airflow/example_dags/example_branch_labels.py for tasks to queue
[2024-09-06T14:28:51.513+0000] {logging_mixin.py:190} INFO - [2024-09-06T14:28:51.513+0000] {dagbag.py:587} INFO - Filling up the DagBag from /home/airflow/.local/lib/python3.12/site-packages/airflow/example_dags/example_branch_labels.py
[2024-09-06T14:28:51.522+0000] {processor.py:925} INFO - DAG(s) 'example_branch_labels' retrieved from /home/airflow/.local/lib/python3.12/site-packages/airflow/example_dags/example_branch_labels.py
[2024-09-06T14:28:51.540+0000] {logging_mixin.py:190} INFO - [2024-09-06T14:28:51.540+0000] {dag.py:3229} INFO - Sync 1 DAGs
[2024-09-06T14:28:51.561+0000] {logging_mixin.py:190} INFO - [2024-09-06T14:28:51.561+0000] {dag.py:4156} INFO - Setting next_dagrun for example_branch_labels to 2024-09-05 00:00:00+00:00, run_after=2024-09-06 00:00:00+00:00
[2024-09-06T14:28:51.577+0000] {processor.py:208} INFO - Processing /home/airflow/.local/lib/python3.12/site-packages/airflow/example_dags/example_branch_labels.py took 0.074 seconds
[2024-09-06T14:29:22.434+0000] {processor.py:186} INFO - Started process (PID=974) to work on /home/airflow/.local/lib/python3.12/site-packages/airflow/example_dags/example_branch_labels.py
[2024-09-06T14:29:22.435+0000] {processor.py:914} INFO - Processing file /home/airflow/.local/lib/python3.12/site-packages/airflow/example_dags/example_branch_labels.py for tasks to queue
[2024-09-06T14:29:22.437+0000] {logging_mixin.py:190} INFO - [2024-09-06T14:29:22.437+0000] {dagbag.py:587} INFO - Filling up the DagBag from /home/airflow/.local/lib/python3.12/site-packages/airflow/example_dags/example_branch_labels.py
[2024-09-06T14:29:22.447+0000] {processor.py:925} INFO - DAG(s) 'example_branch_labels' retrieved from /home/airflow/.local/lib/python3.12/site-packages/airflow/example_dags/example_branch_labels.py
[2024-09-06T14:29:22.466+0000] {logging_mixin.py:190} INFO - [2024-09-06T14:29:22.466+0000] {dag.py:3229} INFO - Sync 1 DAGs
[2024-09-06T14:29:22.488+0000] {logging_mixin.py:190} INFO - [2024-09-06T14:29:22.488+0000] {dag.py:4156} INFO - Setting next_dagrun for example_branch_labels to 2024-09-05 00:00:00+00:00, run_after=2024-09-06 00:00:00+00:00
[2024-09-06T14:29:22.510+0000] {processor.py:208} INFO - Processing /home/airflow/.local/lib/python3.12/site-packages/airflow/example_dags/example_branch_labels.py took 0.081 seconds
[2024-09-06T14:29:53.365+0000] {processor.py:186} INFO - Started process (PID=1036) to work on /home/airflow/.local/lib/python3.12/site-packages/airflow/example_dags/example_branch_labels.py
[2024-09-06T14:29:53.366+0000] {processor.py:914} INFO - Processing file /home/airflow/.local/lib/python3.12/site-packages/airflow/example_dags/example_branch_labels.py for tasks to queue
[2024-09-06T14:29:53.368+0000] {logging_mixin.py:190} INFO - [2024-09-06T14:29:53.368+0000] {dagbag.py:587} INFO - Filling up the DagBag from /home/airflow/.local/lib/python3.12/site-packages/airflow/example_dags/example_branch_labels.py
[2024-09-06T14:29:53.376+0000] {processor.py:925} INFO - DAG(s) 'example_branch_labels' retrieved from /home/airflow/.local/lib/python3.12/site-packages/airflow/example_dags/example_branch_labels.py
[2024-09-06T14:29:53.395+0000] {logging_mixin.py:190} INFO - [2024-09-06T14:29:53.394+0000] {dag.py:3229} INFO - Sync 1 DAGs
[2024-09-06T14:29:53.413+0000] {logging_mixin.py:190} INFO - [2024-09-06T14:29:53.413+0000] {dag.py:4156} INFO - Setting next_dagrun for example_branch_labels to 2024-09-05 00:00:00+00:00, run_after=2024-09-06 00:00:00+00:00
[2024-09-06T14:29:53.430+0000] {processor.py:208} INFO - Processing /home/airflow/.local/lib/python3.12/site-packages/airflow/example_dags/example_branch_labels.py took 0.070 seconds
[2024-09-06T14:30:23.627+0000] {processor.py:186} INFO - Started process (PID=1098) to work on /home/airflow/.local/lib/python3.12/site-packages/airflow/example_dags/example_branch_labels.py
[2024-09-06T14:30:23.628+0000] {processor.py:914} INFO - Processing file /home/airflow/.local/lib/python3.12/site-packages/airflow/example_dags/example_branch_labels.py for tasks to queue
[2024-09-06T14:30:23.630+0000] {logging_mixin.py:190} INFO - [2024-09-06T14:30:23.630+0000] {dagbag.py:587} INFO - Filling up the DagBag from /home/airflow/.local/lib/python3.12/site-packages/airflow/example_dags/example_branch_labels.py
[2024-09-06T14:30:23.640+0000] {processor.py:925} INFO - DAG(s) 'example_branch_labels' retrieved from /home/airflow/.local/lib/python3.12/site-packages/airflow/example_dags/example_branch_labels.py
[2024-09-06T14:30:23.658+0000] {logging_mixin.py:190} INFO - [2024-09-06T14:30:23.657+0000] {dag.py:3229} INFO - Sync 1 DAGs
[2024-09-06T14:30:23.676+0000] {logging_mixin.py:190} INFO - [2024-09-06T14:30:23.676+0000] {dag.py:4156} INFO - Setting next_dagrun for example_branch_labels to 2024-09-05 00:00:00+00:00, run_after=2024-09-06 00:00:00+00:00
[2024-09-06T14:30:23.694+0000] {processor.py:208} INFO - Processing /home/airflow/.local/lib/python3.12/site-packages/airflow/example_dags/example_branch_labels.py took 0.072 seconds
[2024-09-06T14:30:54.034+0000] {processor.py:186} INFO - Started process (PID=1160) to work on /home/airflow/.local/lib/python3.12/site-packages/airflow/example_dags/example_branch_labels.py
[2024-09-06T14:30:54.035+0000] {processor.py:914} INFO - Processing file /home/airflow/.local/lib/python3.12/site-packages/airflow/example_dags/example_branch_labels.py for tasks to queue
[2024-09-06T14:30:54.037+0000] {logging_mixin.py:190} INFO - [2024-09-06T14:30:54.036+0000] {dagbag.py:587} INFO - Filling up the DagBag from /home/airflow/.local/lib/python3.12/site-packages/airflow/example_dags/example_branch_labels.py
[2024-09-06T14:30:54.044+0000] {processor.py:925} INFO - DAG(s) 'example_branch_labels' retrieved from /home/airflow/.local/lib/python3.12/site-packages/airflow/example_dags/example_branch_labels.py
[2024-09-06T14:30:54.061+0000] {logging_mixin.py:190} INFO - [2024-09-06T14:30:54.060+0000] {dag.py:3229} INFO - Sync 1 DAGs
[2024-09-06T14:30:54.079+0000] {logging_mixin.py:190} INFO - [2024-09-06T14:30:54.078+0000] {dag.py:4156} INFO - Setting next_dagrun for example_branch_labels to 2024-09-05 00:00:00+00:00, run_after=2024-09-06 00:00:00+00:00
[2024-09-06T14:30:54.097+0000] {processor.py:208} INFO - Processing /home/airflow/.local/lib/python3.12/site-packages/airflow/example_dags/example_branch_labels.py took 0.068 seconds
[2024-09-06T14:31:24.620+0000] {processor.py:186} INFO - Started process (PID=1222) to work on /home/airflow/.local/lib/python3.12/site-packages/airflow/example_dags/example_branch_labels.py
[2024-09-06T14:31:24.621+0000] {processor.py:914} INFO - Processing file /home/airflow/.local/lib/python3.12/site-packages/airflow/example_dags/example_branch_labels.py for tasks to queue
[2024-09-06T14:31:24.624+0000] {logging_mixin.py:190} INFO - [2024-09-06T14:31:24.623+0000] {dagbag.py:587} INFO - Filling up the DagBag from /home/airflow/.local/lib/python3.12/site-packages/airflow/example_dags/example_branch_labels.py
[2024-09-06T14:31:24.642+0000] {processor.py:925} INFO - DAG(s) 'example_branch_labels' retrieved from /home/airflow/.local/lib/python3.12/site-packages/airflow/example_dags/example_branch_labels.py
[2024-09-06T14:31:24.671+0000] {logging_mixin.py:190} INFO - [2024-09-06T14:31:24.670+0000] {dag.py:3229} INFO - Sync 1 DAGs
[2024-09-06T14:31:24.692+0000] {logging_mixin.py:190} INFO - [2024-09-06T14:31:24.692+0000] {dag.py:4156} INFO - Setting next_dagrun for example_branch_labels to 2024-09-05 00:00:00+00:00, run_after=2024-09-06 00:00:00+00:00
[2024-09-06T14:31:24.712+0000] {processor.py:208} INFO - Processing /home/airflow/.local/lib/python3.12/site-packages/airflow/example_dags/example_branch_labels.py took 0.109 seconds
[2024-09-06T14:31:55.141+0000] {processor.py:186} INFO - Started process (PID=1284) to work on /home/airflow/.local/lib/python3.12/site-packages/airflow/example_dags/example_branch_labels.py
[2024-09-06T14:31:55.142+0000] {processor.py:914} INFO - Processing file /home/airflow/.local/lib/python3.12/site-packages/airflow/example_dags/example_branch_labels.py for tasks to queue
[2024-09-06T14:31:55.145+0000] {logging_mixin.py:190} INFO - [2024-09-06T14:31:55.144+0000] {dagbag.py:587} INFO - Filling up the DagBag from /home/airflow/.local/lib/python3.12/site-packages/airflow/example_dags/example_branch_labels.py
[2024-09-06T14:31:55.154+0000] {processor.py:925} INFO - DAG(s) 'example_branch_labels' retrieved from /home/airflow/.local/lib/python3.12/site-packages/airflow/example_dags/example_branch_labels.py
[2024-09-06T14:31:55.172+0000] {logging_mixin.py:190} INFO - [2024-09-06T14:31:55.171+0000] {dag.py:3229} INFO - Sync 1 DAGs
[2024-09-06T14:31:55.191+0000] {logging_mixin.py:190} INFO - [2024-09-06T14:31:55.191+0000] {dag.py:4156} INFO - Setting next_dagrun for example_branch_labels to 2024-09-05 00:00:00+00:00, run_after=2024-09-06 00:00:00+00:00
[2024-09-06T14:31:55.209+0000] {processor.py:208} INFO - Processing /home/airflow/.local/lib/python3.12/site-packages/airflow/example_dags/example_branch_labels.py took 0.072 seconds
[2024-09-06T14:32:25.750+0000] {processor.py:186} INFO - Started process (PID=1346) to work on /home/airflow/.local/lib/python3.12/site-packages/airflow/example_dags/example_branch_labels.py
[2024-09-06T14:32:25.751+0000] {processor.py:914} INFO - Processing file /home/airflow/.local/lib/python3.12/site-packages/airflow/example_dags/example_branch_labels.py for tasks to queue
[2024-09-06T14:32:25.753+0000] {logging_mixin.py:190} INFO - [2024-09-06T14:32:25.753+0000] {dagbag.py:587} INFO - Filling up the DagBag from /home/airflow/.local/lib/python3.12/site-packages/airflow/example_dags/example_branch_labels.py
[2024-09-06T14:32:25.762+0000] {processor.py:925} INFO - DAG(s) 'example_branch_labels' retrieved from /home/airflow/.local/lib/python3.12/site-packages/airflow/example_dags/example_branch_labels.py
[2024-09-06T14:32:25.781+0000] {logging_mixin.py:190} INFO - [2024-09-06T14:32:25.781+0000] {dag.py:3229} INFO - Sync 1 DAGs
[2024-09-06T14:32:25.802+0000] {logging_mixin.py:190} INFO - [2024-09-06T14:32:25.802+0000] {dag.py:4156} INFO - Setting next_dagrun for example_branch_labels to 2024-09-05 00:00:00+00:00, run_after=2024-09-06 00:00:00+00:00
[2024-09-06T14:32:25.819+0000] {processor.py:208} INFO - Processing /home/airflow/.local/lib/python3.12/site-packages/airflow/example_dags/example_branch_labels.py took 0.076 seconds
[2024-09-06T14:32:56.219+0000] {processor.py:186} INFO - Started process (PID=1408) to work on /home/airflow/.local/lib/python3.12/site-packages/airflow/example_dags/example_branch_labels.py
[2024-09-06T14:32:56.220+0000] {processor.py:914} INFO - Processing file /home/airflow/.local/lib/python3.12/site-packages/airflow/example_dags/example_branch_labels.py for tasks to queue
[2024-09-06T14:32:56.224+0000] {logging_mixin.py:190} INFO - [2024-09-06T14:32:56.223+0000] {dagbag.py:587} INFO - Filling up the DagBag from /home/airflow/.local/lib/python3.12/site-packages/airflow/example_dags/example_branch_labels.py
[2024-09-06T14:32:56.234+0000] {processor.py:925} INFO - DAG(s) 'example_branch_labels' retrieved from /home/airflow/.local/lib/python3.12/site-packages/airflow/example_dags/example_branch_labels.py
[2024-09-06T14:32:56.255+0000] {logging_mixin.py:190} INFO - [2024-09-06T14:32:56.254+0000] {dag.py:3229} INFO - Sync 1 DAGs
[2024-09-06T14:32:56.279+0000] {logging_mixin.py:190} INFO - [2024-09-06T14:32:56.279+0000] {dag.py:4156} INFO - Setting next_dagrun for example_branch_labels to 2024-09-05 00:00:00+00:00, run_after=2024-09-06 00:00:00+00:00
[2024-09-06T14:32:56.295+0000] {processor.py:208} INFO - Processing /home/airflow/.local/lib/python3.12/site-packages/airflow/example_dags/example_branch_labels.py took 0.081 seconds
[2024-09-06T14:33:26.820+0000] {processor.py:186} INFO - Started process (PID=1470) to work on /home/airflow/.local/lib/python3.12/site-packages/airflow/example_dags/example_branch_labels.py
[2024-09-06T14:33:26.821+0000] {processor.py:914} INFO - Processing file /home/airflow/.local/lib/python3.12/site-packages/airflow/example_dags/example_branch_labels.py for tasks to queue
[2024-09-06T14:33:26.823+0000] {logging_mixin.py:190} INFO - [2024-09-06T14:33:26.822+0000] {dagbag.py:587} INFO - Filling up the DagBag from /home/airflow/.local/lib/python3.12/site-packages/airflow/example_dags/example_branch_labels.py
[2024-09-06T14:33:26.830+0000] {processor.py:925} INFO - DAG(s) 'example_branch_labels' retrieved from /home/airflow/.local/lib/python3.12/site-packages/airflow/example_dags/example_branch_labels.py
[2024-09-06T14:33:26.849+0000] {logging_mixin.py:190} INFO - [2024-09-06T14:33:26.849+0000] {dag.py:3229} INFO - Sync 1 DAGs
[2024-09-06T14:33:26.873+0000] {logging_mixin.py:190} INFO - [2024-09-06T14:33:26.873+0000] {dag.py:4156} INFO - Setting next_dagrun for example_branch_labels to 2024-09-05 00:00:00+00:00, run_after=2024-09-06 00:00:00+00:00
[2024-09-06T14:33:26.891+0000] {processor.py:208} INFO - Processing /home/airflow/.local/lib/python3.12/site-packages/airflow/example_dags/example_branch_labels.py took 0.078 seconds
