[2024-09-06T14:22:14.456+0000] {processor.py:186} INFO - Started process (PID=90) to work on /home/airflow/.local/lib/python3.12/site-packages/airflow/example_dags/example_kubernetes_executor.py
[2024-09-06T14:22:14.457+0000] {processor.py:914} INFO - Processing file /home/airflow/.local/lib/python3.12/site-packages/airflow/example_dags/example_kubernetes_executor.py for tasks to queue
[2024-09-06T14:22:14.459+0000] {logging_mixin.py:190} INFO - [2024-09-06T14:22:14.459+0000] {dagbag.py:587} INFO - Filling up the DagBag from /home/airflow/.local/lib/python3.12/site-packages/airflow/example_dags/example_kubernetes_executor.py
[2024-09-06T14:22:14.477+0000] {processor.py:925} INFO - DAG(s) 'example_kubernetes_executor' retrieved from /home/airflow/.local/lib/python3.12/site-packages/airflow/example_dags/example_kubernetes_executor.py
[2024-09-06T14:22:14.637+0000] {logging_mixin.py:190} INFO - [2024-09-06T14:22:14.635+0000] {override.py:1900} INFO - Created Permission View: can read on DAG:example_kubernetes_executor
[2024-09-06T14:22:14.653+0000] {logging_mixin.py:190} INFO - [2024-09-06T14:22:14.653+0000] {override.py:1900} INFO - Created Permission View: can delete on DAG:example_kubernetes_executor
[2024-09-06T14:22:14.662+0000] {logging_mixin.py:190} INFO - [2024-09-06T14:22:14.661+0000] {override.py:1900} INFO - Created Permission View: can edit on DAG:example_kubernetes_executor
[2024-09-06T14:22:14.674+0000] {logging_mixin.py:190} INFO - [2024-09-06T14:22:14.673+0000] {override.py:1900} INFO - Created Permission View: can read on DAG Run:example_kubernetes_executor
[2024-09-06T14:22:14.683+0000] {logging_mixin.py:190} INFO - [2024-09-06T14:22:14.682+0000] {override.py:1900} INFO - Created Permission View: can delete on DAG Run:example_kubernetes_executor
[2024-09-06T14:22:14.692+0000] {logging_mixin.py:190} INFO - [2024-09-06T14:22:14.692+0000] {override.py:1900} INFO - Created Permission View: menu access on DAG Run:example_kubernetes_executor
[2024-09-06T14:22:14.743+0000] {logging_mixin.py:190} INFO - [2024-09-06T14:22:14.743+0000] {override.py:1900} INFO - Created Permission View: can create on DAG Run:example_kubernetes_executor
[2024-09-06T14:22:14.757+0000] {logging_mixin.py:190} INFO - [2024-09-06T14:22:14.757+0000] {dag.py:3229} INFO - Sync 1 DAGs
[2024-09-06T14:22:14.780+0000] {logging_mixin.py:190} INFO - [2024-09-06T14:22:14.780+0000] {dag.py:3252} INFO - Creating ORM DAG for example_kubernetes_executor
[2024-09-06T14:22:14.781+0000] {logging_mixin.py:190} INFO - [2024-09-06T14:22:14.781+0000] {dag.py:4156} INFO - Setting next_dagrun for example_kubernetes_executor to None, run_after=None
[2024-09-06T14:22:14.826+0000] {processor.py:208} INFO - Processing /home/airflow/.local/lib/python3.12/site-packages/airflow/example_dags/example_kubernetes_executor.py took 0.377 seconds
[2024-09-06T14:22:45.705+0000] {processor.py:186} INFO - Started process (PID=152) to work on /home/airflow/.local/lib/python3.12/site-packages/airflow/example_dags/example_kubernetes_executor.py
[2024-09-06T14:22:45.706+0000] {processor.py:914} INFO - Processing file /home/airflow/.local/lib/python3.12/site-packages/airflow/example_dags/example_kubernetes_executor.py for tasks to queue
[2024-09-06T14:22:45.709+0000] {logging_mixin.py:190} INFO - [2024-09-06T14:22:45.709+0000] {dagbag.py:587} INFO - Filling up the DagBag from /home/airflow/.local/lib/python3.12/site-packages/airflow/example_dags/example_kubernetes_executor.py
[2024-09-06T14:22:45.724+0000] {processor.py:925} INFO - DAG(s) 'example_kubernetes_executor' retrieved from /home/airflow/.local/lib/python3.12/site-packages/airflow/example_dags/example_kubernetes_executor.py
[2024-09-06T14:22:45.760+0000] {logging_mixin.py:190} INFO - [2024-09-06T14:22:45.759+0000] {dag.py:3229} INFO - Sync 1 DAGs
[2024-09-06T14:22:45.772+0000] {logging_mixin.py:190} INFO - [2024-09-06T14:22:45.772+0000] {dag.py:4156} INFO - Setting next_dagrun for example_kubernetes_executor to None, run_after=None
[2024-09-06T14:22:45.792+0000] {processor.py:208} INFO - Processing /home/airflow/.local/lib/python3.12/site-packages/airflow/example_dags/example_kubernetes_executor.py took 0.096 seconds
[2024-09-06T14:23:16.195+0000] {processor.py:186} INFO - Started process (PID=214) to work on /home/airflow/.local/lib/python3.12/site-packages/airflow/example_dags/example_kubernetes_executor.py
[2024-09-06T14:23:16.196+0000] {processor.py:914} INFO - Processing file /home/airflow/.local/lib/python3.12/site-packages/airflow/example_dags/example_kubernetes_executor.py for tasks to queue
[2024-09-06T14:23:16.199+0000] {logging_mixin.py:190} INFO - [2024-09-06T14:23:16.198+0000] {dagbag.py:587} INFO - Filling up the DagBag from /home/airflow/.local/lib/python3.12/site-packages/airflow/example_dags/example_kubernetes_executor.py
[2024-09-06T14:23:16.218+0000] {processor.py:925} INFO - DAG(s) 'example_kubernetes_executor' retrieved from /home/airflow/.local/lib/python3.12/site-packages/airflow/example_dags/example_kubernetes_executor.py
[2024-09-06T14:23:16.263+0000] {logging_mixin.py:190} INFO - [2024-09-06T14:23:16.263+0000] {dag.py:3229} INFO - Sync 1 DAGs
[2024-09-06T14:23:16.292+0000] {logging_mixin.py:190} INFO - [2024-09-06T14:23:16.292+0000] {dag.py:4156} INFO - Setting next_dagrun for example_kubernetes_executor to None, run_after=None
[2024-09-06T14:23:16.336+0000] {processor.py:208} INFO - Processing /home/airflow/.local/lib/python3.12/site-packages/airflow/example_dags/example_kubernetes_executor.py took 0.153 seconds
[2024-09-06T14:23:46.623+0000] {processor.py:186} INFO - Started process (PID=276) to work on /home/airflow/.local/lib/python3.12/site-packages/airflow/example_dags/example_kubernetes_executor.py
[2024-09-06T14:23:46.624+0000] {processor.py:914} INFO - Processing file /home/airflow/.local/lib/python3.12/site-packages/airflow/example_dags/example_kubernetes_executor.py for tasks to queue
[2024-09-06T14:23:46.626+0000] {logging_mixin.py:190} INFO - [2024-09-06T14:23:46.625+0000] {dagbag.py:587} INFO - Filling up the DagBag from /home/airflow/.local/lib/python3.12/site-packages/airflow/example_dags/example_kubernetes_executor.py
[2024-09-06T14:23:46.636+0000] {processor.py:925} INFO - DAG(s) 'example_kubernetes_executor' retrieved from /home/airflow/.local/lib/python3.12/site-packages/airflow/example_dags/example_kubernetes_executor.py
[2024-09-06T14:23:46.667+0000] {logging_mixin.py:190} INFO - [2024-09-06T14:23:46.667+0000] {dag.py:3229} INFO - Sync 1 DAGs
[2024-09-06T14:23:46.679+0000] {logging_mixin.py:190} INFO - [2024-09-06T14:23:46.679+0000] {dag.py:4156} INFO - Setting next_dagrun for example_kubernetes_executor to None, run_after=None
[2024-09-06T14:23:46.699+0000] {processor.py:208} INFO - Processing /home/airflow/.local/lib/python3.12/site-packages/airflow/example_dags/example_kubernetes_executor.py took 0.082 seconds
[2024-09-06T14:24:16.972+0000] {processor.py:186} INFO - Started process (PID=338) to work on /home/airflow/.local/lib/python3.12/site-packages/airflow/example_dags/example_kubernetes_executor.py
[2024-09-06T14:24:16.973+0000] {processor.py:914} INFO - Processing file /home/airflow/.local/lib/python3.12/site-packages/airflow/example_dags/example_kubernetes_executor.py for tasks to queue
[2024-09-06T14:24:16.975+0000] {logging_mixin.py:190} INFO - [2024-09-06T14:24:16.975+0000] {dagbag.py:587} INFO - Filling up the DagBag from /home/airflow/.local/lib/python3.12/site-packages/airflow/example_dags/example_kubernetes_executor.py
[2024-09-06T14:24:16.989+0000] {processor.py:925} INFO - DAG(s) 'example_kubernetes_executor' retrieved from /home/airflow/.local/lib/python3.12/site-packages/airflow/example_dags/example_kubernetes_executor.py
[2024-09-06T14:24:17.025+0000] {logging_mixin.py:190} INFO - [2024-09-06T14:24:17.025+0000] {dag.py:3229} INFO - Sync 1 DAGs
[2024-09-06T14:24:17.038+0000] {logging_mixin.py:190} INFO - [2024-09-06T14:24:17.037+0000] {dag.py:4156} INFO - Setting next_dagrun for example_kubernetes_executor to None, run_after=None
[2024-09-06T14:24:17.059+0000] {processor.py:208} INFO - Processing /home/airflow/.local/lib/python3.12/site-packages/airflow/example_dags/example_kubernetes_executor.py took 0.092 seconds
[2024-09-06T14:24:47.276+0000] {processor.py:186} INFO - Started process (PID=400) to work on /home/airflow/.local/lib/python3.12/site-packages/airflow/example_dags/example_kubernetes_executor.py
[2024-09-06T14:24:47.277+0000] {processor.py:914} INFO - Processing file /home/airflow/.local/lib/python3.12/site-packages/airflow/example_dags/example_kubernetes_executor.py for tasks to queue
[2024-09-06T14:24:47.279+0000] {logging_mixin.py:190} INFO - [2024-09-06T14:24:47.279+0000] {dagbag.py:587} INFO - Filling up the DagBag from /home/airflow/.local/lib/python3.12/site-packages/airflow/example_dags/example_kubernetes_executor.py
[2024-09-06T14:24:47.291+0000] {processor.py:925} INFO - DAG(s) 'example_kubernetes_executor' retrieved from /home/airflow/.local/lib/python3.12/site-packages/airflow/example_dags/example_kubernetes_executor.py
[2024-09-06T14:24:47.320+0000] {logging_mixin.py:190} INFO - [2024-09-06T14:24:47.320+0000] {dag.py:3229} INFO - Sync 1 DAGs
[2024-09-06T14:24:47.331+0000] {logging_mixin.py:190} INFO - [2024-09-06T14:24:47.331+0000] {dag.py:4156} INFO - Setting next_dagrun for example_kubernetes_executor to None, run_after=None
[2024-09-06T14:24:47.351+0000] {processor.py:208} INFO - Processing /home/airflow/.local/lib/python3.12/site-packages/airflow/example_dags/example_kubernetes_executor.py took 0.079 seconds
[2024-09-06T14:25:17.614+0000] {processor.py:186} INFO - Started process (PID=463) to work on /home/airflow/.local/lib/python3.12/site-packages/airflow/example_dags/example_kubernetes_executor.py
[2024-09-06T14:25:17.616+0000] {processor.py:914} INFO - Processing file /home/airflow/.local/lib/python3.12/site-packages/airflow/example_dags/example_kubernetes_executor.py for tasks to queue
[2024-09-06T14:25:17.618+0000] {logging_mixin.py:190} INFO - [2024-09-06T14:25:17.617+0000] {dagbag.py:587} INFO - Filling up the DagBag from /home/airflow/.local/lib/python3.12/site-packages/airflow/example_dags/example_kubernetes_executor.py
[2024-09-06T14:25:17.631+0000] {processor.py:925} INFO - DAG(s) 'example_kubernetes_executor' retrieved from /home/airflow/.local/lib/python3.12/site-packages/airflow/example_dags/example_kubernetes_executor.py
[2024-09-06T14:25:17.661+0000] {logging_mixin.py:190} INFO - [2024-09-06T14:25:17.661+0000] {dag.py:3229} INFO - Sync 1 DAGs
[2024-09-06T14:25:17.672+0000] {logging_mixin.py:190} INFO - [2024-09-06T14:25:17.672+0000] {dag.py:4156} INFO - Setting next_dagrun for example_kubernetes_executor to None, run_after=None
[2024-09-06T14:25:17.690+0000] {processor.py:208} INFO - Processing /home/airflow/.local/lib/python3.12/site-packages/airflow/example_dags/example_kubernetes_executor.py took 0.080 seconds
[2024-09-06T14:25:47.988+0000] {processor.py:186} INFO - Started process (PID=524) to work on /home/airflow/.local/lib/python3.12/site-packages/airflow/example_dags/example_kubernetes_executor.py
[2024-09-06T14:25:47.989+0000] {processor.py:914} INFO - Processing file /home/airflow/.local/lib/python3.12/site-packages/airflow/example_dags/example_kubernetes_executor.py for tasks to queue
[2024-09-06T14:25:47.991+0000] {logging_mixin.py:190} INFO - [2024-09-06T14:25:47.990+0000] {dagbag.py:587} INFO - Filling up the DagBag from /home/airflow/.local/lib/python3.12/site-packages/airflow/example_dags/example_kubernetes_executor.py
[2024-09-06T14:25:48.002+0000] {processor.py:925} INFO - DAG(s) 'example_kubernetes_executor' retrieved from /home/airflow/.local/lib/python3.12/site-packages/airflow/example_dags/example_kubernetes_executor.py
[2024-09-06T14:25:48.030+0000] {logging_mixin.py:190} INFO - [2024-09-06T14:25:48.030+0000] {dag.py:3229} INFO - Sync 1 DAGs
[2024-09-06T14:25:48.042+0000] {logging_mixin.py:190} INFO - [2024-09-06T14:25:48.042+0000] {dag.py:4156} INFO - Setting next_dagrun for example_kubernetes_executor to None, run_after=None
[2024-09-06T14:25:48.060+0000] {processor.py:208} INFO - Processing /home/airflow/.local/lib/python3.12/site-packages/airflow/example_dags/example_kubernetes_executor.py took 0.077 seconds
[2024-09-06T14:26:18.200+0000] {processor.py:186} INFO - Started process (PID=586) to work on /home/airflow/.local/lib/python3.12/site-packages/airflow/example_dags/example_kubernetes_executor.py
[2024-09-06T14:26:18.201+0000] {processor.py:914} INFO - Processing file /home/airflow/.local/lib/python3.12/site-packages/airflow/example_dags/example_kubernetes_executor.py for tasks to queue
[2024-09-06T14:26:18.202+0000] {logging_mixin.py:190} INFO - [2024-09-06T14:26:18.202+0000] {dagbag.py:587} INFO - Filling up the DagBag from /home/airflow/.local/lib/python3.12/site-packages/airflow/example_dags/example_kubernetes_executor.py
[2024-09-06T14:26:18.213+0000] {processor.py:925} INFO - DAG(s) 'example_kubernetes_executor' retrieved from /home/airflow/.local/lib/python3.12/site-packages/airflow/example_dags/example_kubernetes_executor.py
[2024-09-06T14:26:18.250+0000] {logging_mixin.py:190} INFO - [2024-09-06T14:26:18.250+0000] {dag.py:3229} INFO - Sync 1 DAGs
[2024-09-06T14:26:18.262+0000] {logging_mixin.py:190} INFO - [2024-09-06T14:26:18.262+0000] {dag.py:4156} INFO - Setting next_dagrun for example_kubernetes_executor to None, run_after=None
[2024-09-06T14:26:18.279+0000] {processor.py:208} INFO - Processing /home/airflow/.local/lib/python3.12/site-packages/airflow/example_dags/example_kubernetes_executor.py took 0.085 seconds
[2024-09-06T14:26:48.436+0000] {processor.py:186} INFO - Started process (PID=648) to work on /home/airflow/.local/lib/python3.12/site-packages/airflow/example_dags/example_kubernetes_executor.py
[2024-09-06T14:26:48.437+0000] {processor.py:914} INFO - Processing file /home/airflow/.local/lib/python3.12/site-packages/airflow/example_dags/example_kubernetes_executor.py for tasks to queue
[2024-09-06T14:26:48.439+0000] {logging_mixin.py:190} INFO - [2024-09-06T14:26:48.439+0000] {dagbag.py:587} INFO - Filling up the DagBag from /home/airflow/.local/lib/python3.12/site-packages/airflow/example_dags/example_kubernetes_executor.py
[2024-09-06T14:26:48.452+0000] {processor.py:925} INFO - DAG(s) 'example_kubernetes_executor' retrieved from /home/airflow/.local/lib/python3.12/site-packages/airflow/example_dags/example_kubernetes_executor.py
[2024-09-06T14:26:48.486+0000] {logging_mixin.py:190} INFO - [2024-09-06T14:26:48.485+0000] {dag.py:3229} INFO - Sync 1 DAGs
[2024-09-06T14:26:48.499+0000] {logging_mixin.py:190} INFO - [2024-09-06T14:26:48.498+0000] {dag.py:4156} INFO - Setting next_dagrun for example_kubernetes_executor to None, run_after=None
[2024-09-06T14:26:48.520+0000] {processor.py:208} INFO - Processing /home/airflow/.local/lib/python3.12/site-packages/airflow/example_dags/example_kubernetes_executor.py took 0.088 seconds
[2024-09-06T14:27:18.632+0000] {processor.py:186} INFO - Started process (PID=710) to work on /home/airflow/.local/lib/python3.12/site-packages/airflow/example_dags/example_kubernetes_executor.py
[2024-09-06T14:27:18.633+0000] {processor.py:914} INFO - Processing file /home/airflow/.local/lib/python3.12/site-packages/airflow/example_dags/example_kubernetes_executor.py for tasks to queue
[2024-09-06T14:27:18.635+0000] {logging_mixin.py:190} INFO - [2024-09-06T14:27:18.635+0000] {dagbag.py:587} INFO - Filling up the DagBag from /home/airflow/.local/lib/python3.12/site-packages/airflow/example_dags/example_kubernetes_executor.py
[2024-09-06T14:27:18.649+0000] {processor.py:925} INFO - DAG(s) 'example_kubernetes_executor' retrieved from /home/airflow/.local/lib/python3.12/site-packages/airflow/example_dags/example_kubernetes_executor.py
[2024-09-06T14:27:18.681+0000] {logging_mixin.py:190} INFO - [2024-09-06T14:27:18.681+0000] {dag.py:3229} INFO - Sync 1 DAGs
[2024-09-06T14:27:18.694+0000] {logging_mixin.py:190} INFO - [2024-09-06T14:27:18.693+0000] {dag.py:4156} INFO - Setting next_dagrun for example_kubernetes_executor to None, run_after=None
[2024-09-06T14:27:18.714+0000] {processor.py:208} INFO - Processing /home/airflow/.local/lib/python3.12/site-packages/airflow/example_dags/example_kubernetes_executor.py took 0.086 seconds
[2024-09-06T14:27:48.765+0000] {processor.py:186} INFO - Started process (PID=771) to work on /home/airflow/.local/lib/python3.12/site-packages/airflow/example_dags/example_kubernetes_executor.py
[2024-09-06T14:27:48.766+0000] {processor.py:914} INFO - Processing file /home/airflow/.local/lib/python3.12/site-packages/airflow/example_dags/example_kubernetes_executor.py for tasks to queue
[2024-09-06T14:27:48.768+0000] {logging_mixin.py:190} INFO - [2024-09-06T14:27:48.768+0000] {dagbag.py:587} INFO - Filling up the DagBag from /home/airflow/.local/lib/python3.12/site-packages/airflow/example_dags/example_kubernetes_executor.py
[2024-09-06T14:27:48.780+0000] {processor.py:925} INFO - DAG(s) 'example_kubernetes_executor' retrieved from /home/airflow/.local/lib/python3.12/site-packages/airflow/example_dags/example_kubernetes_executor.py
[2024-09-06T14:27:48.808+0000] {logging_mixin.py:190} INFO - [2024-09-06T14:27:48.808+0000] {dag.py:3229} INFO - Sync 1 DAGs
[2024-09-06T14:27:48.820+0000] {logging_mixin.py:190} INFO - [2024-09-06T14:27:48.820+0000] {dag.py:4156} INFO - Setting next_dagrun for example_kubernetes_executor to None, run_after=None
[2024-09-06T14:27:48.838+0000] {processor.py:208} INFO - Processing /home/airflow/.local/lib/python3.12/site-packages/airflow/example_dags/example_kubernetes_executor.py took 0.078 seconds
[2024-09-06T14:28:18.949+0000] {processor.py:186} INFO - Started process (PID=833) to work on /home/airflow/.local/lib/python3.12/site-packages/airflow/example_dags/example_kubernetes_executor.py
[2024-09-06T14:28:18.950+0000] {processor.py:914} INFO - Processing file /home/airflow/.local/lib/python3.12/site-packages/airflow/example_dags/example_kubernetes_executor.py for tasks to queue
[2024-09-06T14:28:18.952+0000] {logging_mixin.py:190} INFO - [2024-09-06T14:28:18.951+0000] {dagbag.py:587} INFO - Filling up the DagBag from /home/airflow/.local/lib/python3.12/site-packages/airflow/example_dags/example_kubernetes_executor.py
[2024-09-06T14:28:18.963+0000] {processor.py:925} INFO - DAG(s) 'example_kubernetes_executor' retrieved from /home/airflow/.local/lib/python3.12/site-packages/airflow/example_dags/example_kubernetes_executor.py
[2024-09-06T14:28:18.995+0000] {logging_mixin.py:190} INFO - [2024-09-06T14:28:18.995+0000] {dag.py:3229} INFO - Sync 1 DAGs
[2024-09-06T14:28:19.006+0000] {logging_mixin.py:190} INFO - [2024-09-06T14:28:19.006+0000] {dag.py:4156} INFO - Setting next_dagrun for example_kubernetes_executor to None, run_after=None
[2024-09-06T14:28:19.025+0000] {processor.py:208} INFO - Processing /home/airflow/.local/lib/python3.12/site-packages/airflow/example_dags/example_kubernetes_executor.py took 0.081 seconds
[2024-09-06T14:28:49.350+0000] {processor.py:186} INFO - Started process (PID=895) to work on /home/airflow/.local/lib/python3.12/site-packages/airflow/example_dags/example_kubernetes_executor.py
[2024-09-06T14:28:49.351+0000] {processor.py:914} INFO - Processing file /home/airflow/.local/lib/python3.12/site-packages/airflow/example_dags/example_kubernetes_executor.py for tasks to queue
[2024-09-06T14:28:49.353+0000] {logging_mixin.py:190} INFO - [2024-09-06T14:28:49.353+0000] {dagbag.py:587} INFO - Filling up the DagBag from /home/airflow/.local/lib/python3.12/site-packages/airflow/example_dags/example_kubernetes_executor.py
[2024-09-06T14:28:49.364+0000] {processor.py:925} INFO - DAG(s) 'example_kubernetes_executor' retrieved from /home/airflow/.local/lib/python3.12/site-packages/airflow/example_dags/example_kubernetes_executor.py
[2024-09-06T14:28:49.395+0000] {logging_mixin.py:190} INFO - [2024-09-06T14:28:49.394+0000] {dag.py:3229} INFO - Sync 1 DAGs
[2024-09-06T14:28:49.408+0000] {logging_mixin.py:190} INFO - [2024-09-06T14:28:49.408+0000] {dag.py:4156} INFO - Setting next_dagrun for example_kubernetes_executor to None, run_after=None
[2024-09-06T14:28:49.430+0000] {processor.py:208} INFO - Processing /home/airflow/.local/lib/python3.12/site-packages/airflow/example_dags/example_kubernetes_executor.py took 0.084 seconds
[2024-09-06T14:29:19.508+0000] {processor.py:186} INFO - Started process (PID=957) to work on /home/airflow/.local/lib/python3.12/site-packages/airflow/example_dags/example_kubernetes_executor.py
[2024-09-06T14:29:19.509+0000] {processor.py:914} INFO - Processing file /home/airflow/.local/lib/python3.12/site-packages/airflow/example_dags/example_kubernetes_executor.py for tasks to queue
[2024-09-06T14:29:19.511+0000] {logging_mixin.py:190} INFO - [2024-09-06T14:29:19.511+0000] {dagbag.py:587} INFO - Filling up the DagBag from /home/airflow/.local/lib/python3.12/site-packages/airflow/example_dags/example_kubernetes_executor.py
[2024-09-06T14:29:19.524+0000] {processor.py:925} INFO - DAG(s) 'example_kubernetes_executor' retrieved from /home/airflow/.local/lib/python3.12/site-packages/airflow/example_dags/example_kubernetes_executor.py
[2024-09-06T14:29:19.558+0000] {logging_mixin.py:190} INFO - [2024-09-06T14:29:19.557+0000] {dag.py:3229} INFO - Sync 1 DAGs
[2024-09-06T14:29:19.573+0000] {logging_mixin.py:190} INFO - [2024-09-06T14:29:19.573+0000] {dag.py:4156} INFO - Setting next_dagrun for example_kubernetes_executor to None, run_after=None
[2024-09-06T14:29:19.593+0000] {processor.py:208} INFO - Processing /home/airflow/.local/lib/python3.12/site-packages/airflow/example_dags/example_kubernetes_executor.py took 0.091 seconds
[2024-09-06T14:29:50.387+0000] {processor.py:186} INFO - Started process (PID=1019) to work on /home/airflow/.local/lib/python3.12/site-packages/airflow/example_dags/example_kubernetes_executor.py
[2024-09-06T14:29:50.388+0000] {processor.py:914} INFO - Processing file /home/airflow/.local/lib/python3.12/site-packages/airflow/example_dags/example_kubernetes_executor.py for tasks to queue
[2024-09-06T14:29:50.390+0000] {logging_mixin.py:190} INFO - [2024-09-06T14:29:50.389+0000] {dagbag.py:587} INFO - Filling up the DagBag from /home/airflow/.local/lib/python3.12/site-packages/airflow/example_dags/example_kubernetes_executor.py
[2024-09-06T14:29:50.402+0000] {processor.py:925} INFO - DAG(s) 'example_kubernetes_executor' retrieved from /home/airflow/.local/lib/python3.12/site-packages/airflow/example_dags/example_kubernetes_executor.py
[2024-09-06T14:29:50.431+0000] {logging_mixin.py:190} INFO - [2024-09-06T14:29:50.431+0000] {dag.py:3229} INFO - Sync 1 DAGs
[2024-09-06T14:29:50.443+0000] {logging_mixin.py:190} INFO - [2024-09-06T14:29:50.443+0000] {dag.py:4156} INFO - Setting next_dagrun for example_kubernetes_executor to None, run_after=None
[2024-09-06T14:29:50.463+0000] {processor.py:208} INFO - Processing /home/airflow/.local/lib/python3.12/site-packages/airflow/example_dags/example_kubernetes_executor.py took 0.081 seconds
[2024-09-06T14:30:20.575+0000] {processor.py:186} INFO - Started process (PID=1081) to work on /home/airflow/.local/lib/python3.12/site-packages/airflow/example_dags/example_kubernetes_executor.py
[2024-09-06T14:30:20.576+0000] {processor.py:914} INFO - Processing file /home/airflow/.local/lib/python3.12/site-packages/airflow/example_dags/example_kubernetes_executor.py for tasks to queue
[2024-09-06T14:30:20.579+0000] {logging_mixin.py:190} INFO - [2024-09-06T14:30:20.579+0000] {dagbag.py:587} INFO - Filling up the DagBag from /home/airflow/.local/lib/python3.12/site-packages/airflow/example_dags/example_kubernetes_executor.py
[2024-09-06T14:30:20.593+0000] {processor.py:925} INFO - DAG(s) 'example_kubernetes_executor' retrieved from /home/airflow/.local/lib/python3.12/site-packages/airflow/example_dags/example_kubernetes_executor.py
[2024-09-06T14:30:20.627+0000] {logging_mixin.py:190} INFO - [2024-09-06T14:30:20.627+0000] {dag.py:3229} INFO - Sync 1 DAGs
[2024-09-06T14:30:20.640+0000] {logging_mixin.py:190} INFO - [2024-09-06T14:30:20.639+0000] {dag.py:4156} INFO - Setting next_dagrun for example_kubernetes_executor to None, run_after=None
[2024-09-06T14:30:20.659+0000] {processor.py:208} INFO - Processing /home/airflow/.local/lib/python3.12/site-packages/airflow/example_dags/example_kubernetes_executor.py took 0.089 seconds
[2024-09-06T14:30:50.771+0000] {processor.py:186} INFO - Started process (PID=1143) to work on /home/airflow/.local/lib/python3.12/site-packages/airflow/example_dags/example_kubernetes_executor.py
[2024-09-06T14:30:50.772+0000] {processor.py:914} INFO - Processing file /home/airflow/.local/lib/python3.12/site-packages/airflow/example_dags/example_kubernetes_executor.py for tasks to queue
[2024-09-06T14:30:50.774+0000] {logging_mixin.py:190} INFO - [2024-09-06T14:30:50.774+0000] {dagbag.py:587} INFO - Filling up the DagBag from /home/airflow/.local/lib/python3.12/site-packages/airflow/example_dags/example_kubernetes_executor.py
[2024-09-06T14:30:50.787+0000] {processor.py:925} INFO - DAG(s) 'example_kubernetes_executor' retrieved from /home/airflow/.local/lib/python3.12/site-packages/airflow/example_dags/example_kubernetes_executor.py
[2024-09-06T14:30:50.820+0000] {logging_mixin.py:190} INFO - [2024-09-06T14:30:50.819+0000] {dag.py:3229} INFO - Sync 1 DAGs
[2024-09-06T14:30:50.834+0000] {logging_mixin.py:190} INFO - [2024-09-06T14:30:50.834+0000] {dag.py:4156} INFO - Setting next_dagrun for example_kubernetes_executor to None, run_after=None
[2024-09-06T14:30:50.853+0000] {processor.py:208} INFO - Processing /home/airflow/.local/lib/python3.12/site-packages/airflow/example_dags/example_kubernetes_executor.py took 0.087 seconds
[2024-09-06T14:31:21.475+0000] {processor.py:186} INFO - Started process (PID=1205) to work on /home/airflow/.local/lib/python3.12/site-packages/airflow/example_dags/example_kubernetes_executor.py
[2024-09-06T14:31:21.476+0000] {processor.py:914} INFO - Processing file /home/airflow/.local/lib/python3.12/site-packages/airflow/example_dags/example_kubernetes_executor.py for tasks to queue
[2024-09-06T14:31:21.478+0000] {logging_mixin.py:190} INFO - [2024-09-06T14:31:21.478+0000] {dagbag.py:587} INFO - Filling up the DagBag from /home/airflow/.local/lib/python3.12/site-packages/airflow/example_dags/example_kubernetes_executor.py
[2024-09-06T14:31:21.492+0000] {processor.py:925} INFO - DAG(s) 'example_kubernetes_executor' retrieved from /home/airflow/.local/lib/python3.12/site-packages/airflow/example_dags/example_kubernetes_executor.py
[2024-09-06T14:31:21.527+0000] {logging_mixin.py:190} INFO - [2024-09-06T14:31:21.527+0000] {dag.py:3229} INFO - Sync 1 DAGs
[2024-09-06T14:31:21.541+0000] {logging_mixin.py:190} INFO - [2024-09-06T14:31:21.541+0000] {dag.py:4156} INFO - Setting next_dagrun for example_kubernetes_executor to None, run_after=None
[2024-09-06T14:31:21.562+0000] {processor.py:208} INFO - Processing /home/airflow/.local/lib/python3.12/site-packages/airflow/example_dags/example_kubernetes_executor.py took 0.092 seconds
[2024-09-06T14:31:52.101+0000] {processor.py:186} INFO - Started process (PID=1267) to work on /home/airflow/.local/lib/python3.12/site-packages/airflow/example_dags/example_kubernetes_executor.py
[2024-09-06T14:31:52.102+0000] {processor.py:914} INFO - Processing file /home/airflow/.local/lib/python3.12/site-packages/airflow/example_dags/example_kubernetes_executor.py for tasks to queue
[2024-09-06T14:31:52.106+0000] {logging_mixin.py:190} INFO - [2024-09-06T14:31:52.106+0000] {dagbag.py:587} INFO - Filling up the DagBag from /home/airflow/.local/lib/python3.12/site-packages/airflow/example_dags/example_kubernetes_executor.py
[2024-09-06T14:31:52.126+0000] {processor.py:925} INFO - DAG(s) 'example_kubernetes_executor' retrieved from /home/airflow/.local/lib/python3.12/site-packages/airflow/example_dags/example_kubernetes_executor.py
[2024-09-06T14:31:52.164+0000] {logging_mixin.py:190} INFO - [2024-09-06T14:31:52.164+0000] {dag.py:3229} INFO - Sync 1 DAGs
[2024-09-06T14:31:52.179+0000] {logging_mixin.py:190} INFO - [2024-09-06T14:31:52.179+0000] {dag.py:4156} INFO - Setting next_dagrun for example_kubernetes_executor to None, run_after=None
[2024-09-06T14:31:52.197+0000] {processor.py:208} INFO - Processing /home/airflow/.local/lib/python3.12/site-packages/airflow/example_dags/example_kubernetes_executor.py took 0.105 seconds
[2024-09-06T14:32:22.641+0000] {processor.py:186} INFO - Started process (PID=1329) to work on /home/airflow/.local/lib/python3.12/site-packages/airflow/example_dags/example_kubernetes_executor.py
[2024-09-06T14:32:22.642+0000] {processor.py:914} INFO - Processing file /home/airflow/.local/lib/python3.12/site-packages/airflow/example_dags/example_kubernetes_executor.py for tasks to queue
[2024-09-06T14:32:22.647+0000] {logging_mixin.py:190} INFO - [2024-09-06T14:32:22.646+0000] {dagbag.py:587} INFO - Filling up the DagBag from /home/airflow/.local/lib/python3.12/site-packages/airflow/example_dags/example_kubernetes_executor.py
[2024-09-06T14:32:22.660+0000] {processor.py:925} INFO - DAG(s) 'example_kubernetes_executor' retrieved from /home/airflow/.local/lib/python3.12/site-packages/airflow/example_dags/example_kubernetes_executor.py
[2024-09-06T14:32:22.692+0000] {logging_mixin.py:190} INFO - [2024-09-06T14:32:22.691+0000] {dag.py:3229} INFO - Sync 1 DAGs
[2024-09-06T14:32:22.703+0000] {logging_mixin.py:190} INFO - [2024-09-06T14:32:22.703+0000] {dag.py:4156} INFO - Setting next_dagrun for example_kubernetes_executor to None, run_after=None
[2024-09-06T14:32:22.721+0000] {processor.py:208} INFO - Processing /home/airflow/.local/lib/python3.12/site-packages/airflow/example_dags/example_kubernetes_executor.py took 0.087 seconds
[2024-09-06T14:32:53.156+0000] {processor.py:186} INFO - Started process (PID=1391) to work on /home/airflow/.local/lib/python3.12/site-packages/airflow/example_dags/example_kubernetes_executor.py
[2024-09-06T14:32:53.158+0000] {processor.py:914} INFO - Processing file /home/airflow/.local/lib/python3.12/site-packages/airflow/example_dags/example_kubernetes_executor.py for tasks to queue
[2024-09-06T14:32:53.163+0000] {logging_mixin.py:190} INFO - [2024-09-06T14:32:53.162+0000] {dagbag.py:587} INFO - Filling up the DagBag from /home/airflow/.local/lib/python3.12/site-packages/airflow/example_dags/example_kubernetes_executor.py
[2024-09-06T14:32:53.179+0000] {processor.py:925} INFO - DAG(s) 'example_kubernetes_executor' retrieved from /home/airflow/.local/lib/python3.12/site-packages/airflow/example_dags/example_kubernetes_executor.py
[2024-09-06T14:32:53.217+0000] {logging_mixin.py:190} INFO - [2024-09-06T14:32:53.217+0000] {dag.py:3229} INFO - Sync 1 DAGs
[2024-09-06T14:32:53.236+0000] {logging_mixin.py:190} INFO - [2024-09-06T14:32:53.236+0000] {dag.py:4156} INFO - Setting next_dagrun for example_kubernetes_executor to None, run_after=None
[2024-09-06T14:32:53.259+0000] {processor.py:208} INFO - Processing /home/airflow/.local/lib/python3.12/site-packages/airflow/example_dags/example_kubernetes_executor.py took 0.109 seconds
[2024-09-06T14:33:23.646+0000] {processor.py:186} INFO - Started process (PID=1453) to work on /home/airflow/.local/lib/python3.12/site-packages/airflow/example_dags/example_kubernetes_executor.py
[2024-09-06T14:33:23.647+0000] {processor.py:914} INFO - Processing file /home/airflow/.local/lib/python3.12/site-packages/airflow/example_dags/example_kubernetes_executor.py for tasks to queue
[2024-09-06T14:33:23.650+0000] {logging_mixin.py:190} INFO - [2024-09-06T14:33:23.650+0000] {dagbag.py:587} INFO - Filling up the DagBag from /home/airflow/.local/lib/python3.12/site-packages/airflow/example_dags/example_kubernetes_executor.py
[2024-09-06T14:33:23.663+0000] {processor.py:925} INFO - DAG(s) 'example_kubernetes_executor' retrieved from /home/airflow/.local/lib/python3.12/site-packages/airflow/example_dags/example_kubernetes_executor.py
[2024-09-06T14:33:23.709+0000] {logging_mixin.py:190} INFO - [2024-09-06T14:33:23.709+0000] {dag.py:3229} INFO - Sync 1 DAGs
[2024-09-06T14:33:23.733+0000] {logging_mixin.py:190} INFO - [2024-09-06T14:33:23.732+0000] {dag.py:4156} INFO - Setting next_dagrun for example_kubernetes_executor to None, run_after=None
[2024-09-06T14:33:23.771+0000] {processor.py:208} INFO - Processing /home/airflow/.local/lib/python3.12/site-packages/airflow/example_dags/example_kubernetes_executor.py took 0.130 seconds
