[2024-09-06T14:22:16.248+0000] {processor.py:186} INFO - Started process (PID=100) to work on /home/airflow/.local/lib/python3.12/site-packages/airflow/example_dags/example_short_circuit_decorator.py
[2024-09-06T14:22:16.250+0000] {processor.py:914} INFO - Processing file /home/airflow/.local/lib/python3.12/site-packages/airflow/example_dags/example_short_circuit_decorator.py for tasks to queue
[2024-09-06T14:22:16.254+0000] {logging_mixin.py:190} INFO - [2024-09-06T14:22:16.253+0000] {dagbag.py:587} INFO - Filling up the DagBag from /home/airflow/.local/lib/python3.12/site-packages/airflow/example_dags/example_short_circuit_decorator.py
[2024-09-06T14:22:16.268+0000] {processor.py:925} INFO - DAG(s) 'example_short_circuit_decorator' retrieved from /home/airflow/.local/lib/python3.12/site-packages/airflow/example_dags/example_short_circuit_decorator.py
[2024-09-06T14:22:16.411+0000] {logging_mixin.py:190} INFO - [2024-09-06T14:22:16.410+0000] {override.py:1900} INFO - Created Permission View: can read on DAG:example_short_circuit_decorator
[2024-09-06T14:22:16.426+0000] {logging_mixin.py:190} INFO - [2024-09-06T14:22:16.425+0000] {override.py:1900} INFO - Created Permission View: can delete on DAG:example_short_circuit_decorator
[2024-09-06T14:22:16.434+0000] {logging_mixin.py:190} INFO - [2024-09-06T14:22:16.433+0000] {override.py:1900} INFO - Created Permission View: can edit on DAG:example_short_circuit_decorator
[2024-09-06T14:22:16.442+0000] {logging_mixin.py:190} INFO - [2024-09-06T14:22:16.442+0000] {override.py:1900} INFO - Created Permission View: can read on DAG Run:example_short_circuit_decorator
[2024-09-06T14:22:16.449+0000] {logging_mixin.py:190} INFO - [2024-09-06T14:22:16.448+0000] {override.py:1900} INFO - Created Permission View: can delete on DAG Run:example_short_circuit_decorator
[2024-09-06T14:22:16.457+0000] {logging_mixin.py:190} INFO - [2024-09-06T14:22:16.457+0000] {override.py:1900} INFO - Created Permission View: menu access on DAG Run:example_short_circuit_decorator
[2024-09-06T14:22:16.464+0000] {logging_mixin.py:190} INFO - [2024-09-06T14:22:16.463+0000] {override.py:1900} INFO - Created Permission View: can create on DAG Run:example_short_circuit_decorator
[2024-09-06T14:22:16.464+0000] {logging_mixin.py:190} INFO - [2024-09-06T14:22:16.464+0000] {dag.py:3229} INFO - Sync 1 DAGs
[2024-09-06T14:22:16.481+0000] {logging_mixin.py:190} INFO - [2024-09-06T14:22:16.481+0000] {dag.py:3252} INFO - Creating ORM DAG for example_short_circuit_decorator
[2024-09-06T14:22:16.483+0000] {logging_mixin.py:190} INFO - [2024-09-06T14:22:16.482+0000] {dag.py:4156} INFO - Setting next_dagrun for example_short_circuit_decorator to None, run_after=None
[2024-09-06T14:22:16.506+0000] {processor.py:208} INFO - Processing /home/airflow/.local/lib/python3.12/site-packages/airflow/example_dags/example_short_circuit_decorator.py took 0.265 seconds
[2024-09-06T14:22:47.461+0000] {processor.py:186} INFO - Started process (PID=162) to work on /home/airflow/.local/lib/python3.12/site-packages/airflow/example_dags/example_short_circuit_decorator.py
[2024-09-06T14:22:47.462+0000] {processor.py:914} INFO - Processing file /home/airflow/.local/lib/python3.12/site-packages/airflow/example_dags/example_short_circuit_decorator.py for tasks to queue
[2024-09-06T14:22:47.465+0000] {logging_mixin.py:190} INFO - [2024-09-06T14:22:47.464+0000] {dagbag.py:587} INFO - Filling up the DagBag from /home/airflow/.local/lib/python3.12/site-packages/airflow/example_dags/example_short_circuit_decorator.py
[2024-09-06T14:22:47.473+0000] {processor.py:925} INFO - DAG(s) 'example_short_circuit_decorator' retrieved from /home/airflow/.local/lib/python3.12/site-packages/airflow/example_dags/example_short_circuit_decorator.py
[2024-09-06T14:22:47.495+0000] {logging_mixin.py:190} INFO - [2024-09-06T14:22:47.495+0000] {dag.py:3229} INFO - Sync 1 DAGs
[2024-09-06T14:22:47.507+0000] {logging_mixin.py:190} INFO - [2024-09-06T14:22:47.507+0000] {dag.py:4156} INFO - Setting next_dagrun for example_short_circuit_decorator to None, run_after=None
[2024-09-06T14:22:47.527+0000] {processor.py:208} INFO - Processing /home/airflow/.local/lib/python3.12/site-packages/airflow/example_dags/example_short_circuit_decorator.py took 0.071 seconds
[2024-09-06T14:23:17.803+0000] {processor.py:186} INFO - Started process (PID=224) to work on /home/airflow/.local/lib/python3.12/site-packages/airflow/example_dags/example_short_circuit_decorator.py
[2024-09-06T14:23:17.803+0000] {processor.py:914} INFO - Processing file /home/airflow/.local/lib/python3.12/site-packages/airflow/example_dags/example_short_circuit_decorator.py for tasks to queue
[2024-09-06T14:23:17.806+0000] {logging_mixin.py:190} INFO - [2024-09-06T14:23:17.805+0000] {dagbag.py:587} INFO - Filling up the DagBag from /home/airflow/.local/lib/python3.12/site-packages/airflow/example_dags/example_short_circuit_decorator.py
[2024-09-06T14:23:17.815+0000] {processor.py:925} INFO - DAG(s) 'example_short_circuit_decorator' retrieved from /home/airflow/.local/lib/python3.12/site-packages/airflow/example_dags/example_short_circuit_decorator.py
[2024-09-06T14:23:17.837+0000] {logging_mixin.py:190} INFO - [2024-09-06T14:23:17.836+0000] {dag.py:3229} INFO - Sync 1 DAGs
[2024-09-06T14:23:17.849+0000] {logging_mixin.py:190} INFO - [2024-09-06T14:23:17.849+0000] {dag.py:4156} INFO - Setting next_dagrun for example_short_circuit_decorator to None, run_after=None
[2024-09-06T14:23:17.868+0000] {processor.py:208} INFO - Processing /home/airflow/.local/lib/python3.12/site-packages/airflow/example_dags/example_short_circuit_decorator.py took 0.071 seconds
[2024-09-06T14:23:48.240+0000] {processor.py:186} INFO - Started process (PID=286) to work on /home/airflow/.local/lib/python3.12/site-packages/airflow/example_dags/example_short_circuit_decorator.py
[2024-09-06T14:23:48.241+0000] {processor.py:914} INFO - Processing file /home/airflow/.local/lib/python3.12/site-packages/airflow/example_dags/example_short_circuit_decorator.py for tasks to queue
[2024-09-06T14:23:48.243+0000] {logging_mixin.py:190} INFO - [2024-09-06T14:23:48.242+0000] {dagbag.py:587} INFO - Filling up the DagBag from /home/airflow/.local/lib/python3.12/site-packages/airflow/example_dags/example_short_circuit_decorator.py
[2024-09-06T14:23:48.254+0000] {processor.py:925} INFO - DAG(s) 'example_short_circuit_decorator' retrieved from /home/airflow/.local/lib/python3.12/site-packages/airflow/example_dags/example_short_circuit_decorator.py
[2024-09-06T14:23:48.277+0000] {logging_mixin.py:190} INFO - [2024-09-06T14:23:48.276+0000] {dag.py:3229} INFO - Sync 1 DAGs
[2024-09-06T14:23:48.293+0000] {logging_mixin.py:190} INFO - [2024-09-06T14:23:48.293+0000] {dag.py:4156} INFO - Setting next_dagrun for example_short_circuit_decorator to None, run_after=None
[2024-09-06T14:23:48.313+0000] {processor.py:208} INFO - Processing /home/airflow/.local/lib/python3.12/site-packages/airflow/example_dags/example_short_circuit_decorator.py took 0.079 seconds
[2024-09-06T14:24:18.597+0000] {processor.py:186} INFO - Started process (PID=348) to work on /home/airflow/.local/lib/python3.12/site-packages/airflow/example_dags/example_short_circuit_decorator.py
[2024-09-06T14:24:18.598+0000] {processor.py:914} INFO - Processing file /home/airflow/.local/lib/python3.12/site-packages/airflow/example_dags/example_short_circuit_decorator.py for tasks to queue
[2024-09-06T14:24:18.600+0000] {logging_mixin.py:190} INFO - [2024-09-06T14:24:18.600+0000] {dagbag.py:587} INFO - Filling up the DagBag from /home/airflow/.local/lib/python3.12/site-packages/airflow/example_dags/example_short_circuit_decorator.py
[2024-09-06T14:24:18.609+0000] {processor.py:925} INFO - DAG(s) 'example_short_circuit_decorator' retrieved from /home/airflow/.local/lib/python3.12/site-packages/airflow/example_dags/example_short_circuit_decorator.py
[2024-09-06T14:24:18.632+0000] {logging_mixin.py:190} INFO - [2024-09-06T14:24:18.631+0000] {dag.py:3229} INFO - Sync 1 DAGs
[2024-09-06T14:24:18.644+0000] {logging_mixin.py:190} INFO - [2024-09-06T14:24:18.644+0000] {dag.py:4156} INFO - Setting next_dagrun for example_short_circuit_decorator to None, run_after=None
[2024-09-06T14:24:18.664+0000] {processor.py:208} INFO - Processing /home/airflow/.local/lib/python3.12/site-packages/airflow/example_dags/example_short_circuit_decorator.py took 0.072 seconds
[2024-09-06T14:24:48.935+0000] {processor.py:186} INFO - Started process (PID=410) to work on /home/airflow/.local/lib/python3.12/site-packages/airflow/example_dags/example_short_circuit_decorator.py
[2024-09-06T14:24:48.936+0000] {processor.py:914} INFO - Processing file /home/airflow/.local/lib/python3.12/site-packages/airflow/example_dags/example_short_circuit_decorator.py for tasks to queue
[2024-09-06T14:24:48.938+0000] {logging_mixin.py:190} INFO - [2024-09-06T14:24:48.938+0000] {dagbag.py:587} INFO - Filling up the DagBag from /home/airflow/.local/lib/python3.12/site-packages/airflow/example_dags/example_short_circuit_decorator.py
[2024-09-06T14:24:48.949+0000] {processor.py:925} INFO - DAG(s) 'example_short_circuit_decorator' retrieved from /home/airflow/.local/lib/python3.12/site-packages/airflow/example_dags/example_short_circuit_decorator.py
[2024-09-06T14:24:48.971+0000] {logging_mixin.py:190} INFO - [2024-09-06T14:24:48.970+0000] {dag.py:3229} INFO - Sync 1 DAGs
[2024-09-06T14:24:48.986+0000] {logging_mixin.py:190} INFO - [2024-09-06T14:24:48.985+0000] {dag.py:4156} INFO - Setting next_dagrun for example_short_circuit_decorator to None, run_after=None
[2024-09-06T14:24:49.007+0000] {processor.py:208} INFO - Processing /home/airflow/.local/lib/python3.12/site-packages/airflow/example_dags/example_short_circuit_decorator.py took 0.076 seconds
[2024-09-06T14:25:19.230+0000] {processor.py:186} INFO - Started process (PID=473) to work on /home/airflow/.local/lib/python3.12/site-packages/airflow/example_dags/example_short_circuit_decorator.py
[2024-09-06T14:25:19.231+0000] {processor.py:914} INFO - Processing file /home/airflow/.local/lib/python3.12/site-packages/airflow/example_dags/example_short_circuit_decorator.py for tasks to queue
[2024-09-06T14:25:19.233+0000] {logging_mixin.py:190} INFO - [2024-09-06T14:25:19.233+0000] {dagbag.py:587} INFO - Filling up the DagBag from /home/airflow/.local/lib/python3.12/site-packages/airflow/example_dags/example_short_circuit_decorator.py
[2024-09-06T14:25:19.241+0000] {processor.py:925} INFO - DAG(s) 'example_short_circuit_decorator' retrieved from /home/airflow/.local/lib/python3.12/site-packages/airflow/example_dags/example_short_circuit_decorator.py
[2024-09-06T14:25:19.262+0000] {logging_mixin.py:190} INFO - [2024-09-06T14:25:19.262+0000] {dag.py:3229} INFO - Sync 1 DAGs
[2024-09-06T14:25:19.274+0000] {logging_mixin.py:190} INFO - [2024-09-06T14:25:19.273+0000] {dag.py:4156} INFO - Setting next_dagrun for example_short_circuit_decorator to None, run_after=None
[2024-09-06T14:25:19.291+0000] {processor.py:208} INFO - Processing /home/airflow/.local/lib/python3.12/site-packages/airflow/example_dags/example_short_circuit_decorator.py took 0.065 seconds
[2024-09-06T14:25:49.521+0000] {processor.py:186} INFO - Started process (PID=534) to work on /home/airflow/.local/lib/python3.12/site-packages/airflow/example_dags/example_short_circuit_decorator.py
[2024-09-06T14:25:49.522+0000] {processor.py:914} INFO - Processing file /home/airflow/.local/lib/python3.12/site-packages/airflow/example_dags/example_short_circuit_decorator.py for tasks to queue
[2024-09-06T14:25:49.524+0000] {logging_mixin.py:190} INFO - [2024-09-06T14:25:49.524+0000] {dagbag.py:587} INFO - Filling up the DagBag from /home/airflow/.local/lib/python3.12/site-packages/airflow/example_dags/example_short_circuit_decorator.py
[2024-09-06T14:25:49.535+0000] {processor.py:925} INFO - DAG(s) 'example_short_circuit_decorator' retrieved from /home/airflow/.local/lib/python3.12/site-packages/airflow/example_dags/example_short_circuit_decorator.py
[2024-09-06T14:25:49.558+0000] {logging_mixin.py:190} INFO - [2024-09-06T14:25:49.558+0000] {dag.py:3229} INFO - Sync 1 DAGs
[2024-09-06T14:25:49.572+0000] {logging_mixin.py:190} INFO - [2024-09-06T14:25:49.572+0000] {dag.py:4156} INFO - Setting next_dagrun for example_short_circuit_decorator to None, run_after=None
[2024-09-06T14:25:49.590+0000] {processor.py:208} INFO - Processing /home/airflow/.local/lib/python3.12/site-packages/airflow/example_dags/example_short_circuit_decorator.py took 0.076 seconds
[2024-09-06T14:26:19.782+0000] {processor.py:186} INFO - Started process (PID=596) to work on /home/airflow/.local/lib/python3.12/site-packages/airflow/example_dags/example_short_circuit_decorator.py
[2024-09-06T14:26:19.783+0000] {processor.py:914} INFO - Processing file /home/airflow/.local/lib/python3.12/site-packages/airflow/example_dags/example_short_circuit_decorator.py for tasks to queue
[2024-09-06T14:26:19.785+0000] {logging_mixin.py:190} INFO - [2024-09-06T14:26:19.785+0000] {dagbag.py:587} INFO - Filling up the DagBag from /home/airflow/.local/lib/python3.12/site-packages/airflow/example_dags/example_short_circuit_decorator.py
[2024-09-06T14:26:19.793+0000] {processor.py:925} INFO - DAG(s) 'example_short_circuit_decorator' retrieved from /home/airflow/.local/lib/python3.12/site-packages/airflow/example_dags/example_short_circuit_decorator.py
[2024-09-06T14:26:19.813+0000] {logging_mixin.py:190} INFO - [2024-09-06T14:26:19.813+0000] {dag.py:3229} INFO - Sync 1 DAGs
[2024-09-06T14:26:19.825+0000] {logging_mixin.py:190} INFO - [2024-09-06T14:26:19.825+0000] {dag.py:4156} INFO - Setting next_dagrun for example_short_circuit_decorator to None, run_after=None
[2024-09-06T14:26:19.844+0000] {processor.py:208} INFO - Processing /home/airflow/.local/lib/python3.12/site-packages/airflow/example_dags/example_short_circuit_decorator.py took 0.067 seconds
[2024-09-06T14:26:50.049+0000] {processor.py:186} INFO - Started process (PID=658) to work on /home/airflow/.local/lib/python3.12/site-packages/airflow/example_dags/example_short_circuit_decorator.py
[2024-09-06T14:26:50.050+0000] {processor.py:914} INFO - Processing file /home/airflow/.local/lib/python3.12/site-packages/airflow/example_dags/example_short_circuit_decorator.py for tasks to queue
[2024-09-06T14:26:50.052+0000] {logging_mixin.py:190} INFO - [2024-09-06T14:26:50.052+0000] {dagbag.py:587} INFO - Filling up the DagBag from /home/airflow/.local/lib/python3.12/site-packages/airflow/example_dags/example_short_circuit_decorator.py
[2024-09-06T14:26:50.060+0000] {processor.py:925} INFO - DAG(s) 'example_short_circuit_decorator' retrieved from /home/airflow/.local/lib/python3.12/site-packages/airflow/example_dags/example_short_circuit_decorator.py
[2024-09-06T14:26:50.081+0000] {logging_mixin.py:190} INFO - [2024-09-06T14:26:50.081+0000] {dag.py:3229} INFO - Sync 1 DAGs
[2024-09-06T14:26:50.093+0000] {logging_mixin.py:190} INFO - [2024-09-06T14:26:50.093+0000] {dag.py:4156} INFO - Setting next_dagrun for example_short_circuit_decorator to None, run_after=None
[2024-09-06T14:26:50.112+0000] {processor.py:208} INFO - Processing /home/airflow/.local/lib/python3.12/site-packages/airflow/example_dags/example_short_circuit_decorator.py took 0.068 seconds
[2024-09-06T14:27:20.289+0000] {processor.py:186} INFO - Started process (PID=720) to work on /home/airflow/.local/lib/python3.12/site-packages/airflow/example_dags/example_short_circuit_decorator.py
[2024-09-06T14:27:20.290+0000] {processor.py:914} INFO - Processing file /home/airflow/.local/lib/python3.12/site-packages/airflow/example_dags/example_short_circuit_decorator.py for tasks to queue
[2024-09-06T14:27:20.292+0000] {logging_mixin.py:190} INFO - [2024-09-06T14:27:20.292+0000] {dagbag.py:587} INFO - Filling up the DagBag from /home/airflow/.local/lib/python3.12/site-packages/airflow/example_dags/example_short_circuit_decorator.py
[2024-09-06T14:27:20.300+0000] {processor.py:925} INFO - DAG(s) 'example_short_circuit_decorator' retrieved from /home/airflow/.local/lib/python3.12/site-packages/airflow/example_dags/example_short_circuit_decorator.py
[2024-09-06T14:27:20.321+0000] {logging_mixin.py:190} INFO - [2024-09-06T14:27:20.321+0000] {dag.py:3229} INFO - Sync 1 DAGs
[2024-09-06T14:27:20.335+0000] {logging_mixin.py:190} INFO - [2024-09-06T14:27:20.335+0000] {dag.py:4156} INFO - Setting next_dagrun for example_short_circuit_decorator to None, run_after=None
[2024-09-06T14:27:20.355+0000] {processor.py:208} INFO - Processing /home/airflow/.local/lib/python3.12/site-packages/airflow/example_dags/example_short_circuit_decorator.py took 0.070 seconds
[2024-09-06T14:27:50.558+0000] {processor.py:186} INFO - Started process (PID=782) to work on /home/airflow/.local/lib/python3.12/site-packages/airflow/example_dags/example_short_circuit_decorator.py
[2024-09-06T14:27:50.559+0000] {processor.py:914} INFO - Processing file /home/airflow/.local/lib/python3.12/site-packages/airflow/example_dags/example_short_circuit_decorator.py for tasks to queue
[2024-09-06T14:27:50.561+0000] {logging_mixin.py:190} INFO - [2024-09-06T14:27:50.561+0000] {dagbag.py:587} INFO - Filling up the DagBag from /home/airflow/.local/lib/python3.12/site-packages/airflow/example_dags/example_short_circuit_decorator.py
[2024-09-06T14:27:50.570+0000] {processor.py:925} INFO - DAG(s) 'example_short_circuit_decorator' retrieved from /home/airflow/.local/lib/python3.12/site-packages/airflow/example_dags/example_short_circuit_decorator.py
[2024-09-06T14:27:50.590+0000] {logging_mixin.py:190} INFO - [2024-09-06T14:27:50.590+0000] {dag.py:3229} INFO - Sync 1 DAGs
[2024-09-06T14:27:50.603+0000] {logging_mixin.py:190} INFO - [2024-09-06T14:27:50.603+0000] {dag.py:4156} INFO - Setting next_dagrun for example_short_circuit_decorator to None, run_after=None
[2024-09-06T14:27:50.621+0000] {processor.py:208} INFO - Processing /home/airflow/.local/lib/python3.12/site-packages/airflow/example_dags/example_short_circuit_decorator.py took 0.069 seconds
[2024-09-06T14:28:20.770+0000] {processor.py:186} INFO - Started process (PID=844) to work on /home/airflow/.local/lib/python3.12/site-packages/airflow/example_dags/example_short_circuit_decorator.py
[2024-09-06T14:28:20.771+0000] {processor.py:914} INFO - Processing file /home/airflow/.local/lib/python3.12/site-packages/airflow/example_dags/example_short_circuit_decorator.py for tasks to queue
[2024-09-06T14:28:20.773+0000] {logging_mixin.py:190} INFO - [2024-09-06T14:28:20.773+0000] {dagbag.py:587} INFO - Filling up the DagBag from /home/airflow/.local/lib/python3.12/site-packages/airflow/example_dags/example_short_circuit_decorator.py
[2024-09-06T14:28:20.782+0000] {processor.py:925} INFO - DAG(s) 'example_short_circuit_decorator' retrieved from /home/airflow/.local/lib/python3.12/site-packages/airflow/example_dags/example_short_circuit_decorator.py
[2024-09-06T14:28:20.801+0000] {logging_mixin.py:190} INFO - [2024-09-06T14:28:20.800+0000] {dag.py:3229} INFO - Sync 1 DAGs
[2024-09-06T14:28:20.814+0000] {logging_mixin.py:190} INFO - [2024-09-06T14:28:20.814+0000] {dag.py:4156} INFO - Setting next_dagrun for example_short_circuit_decorator to None, run_after=None
[2024-09-06T14:28:20.831+0000] {processor.py:208} INFO - Processing /home/airflow/.local/lib/python3.12/site-packages/airflow/example_dags/example_short_circuit_decorator.py took 0.067 seconds
[2024-09-06T14:28:51.181+0000] {processor.py:186} INFO - Started process (PID=906) to work on /home/airflow/.local/lib/python3.12/site-packages/airflow/example_dags/example_short_circuit_decorator.py
[2024-09-06T14:28:51.181+0000] {processor.py:914} INFO - Processing file /home/airflow/.local/lib/python3.12/site-packages/airflow/example_dags/example_short_circuit_decorator.py for tasks to queue
[2024-09-06T14:28:51.184+0000] {logging_mixin.py:190} INFO - [2024-09-06T14:28:51.183+0000] {dagbag.py:587} INFO - Filling up the DagBag from /home/airflow/.local/lib/python3.12/site-packages/airflow/example_dags/example_short_circuit_decorator.py
[2024-09-06T14:28:51.191+0000] {processor.py:925} INFO - DAG(s) 'example_short_circuit_decorator' retrieved from /home/airflow/.local/lib/python3.12/site-packages/airflow/example_dags/example_short_circuit_decorator.py
[2024-09-06T14:28:51.212+0000] {logging_mixin.py:190} INFO - [2024-09-06T14:28:51.212+0000] {dag.py:3229} INFO - Sync 1 DAGs
[2024-09-06T14:28:51.226+0000] {logging_mixin.py:190} INFO - [2024-09-06T14:28:51.226+0000] {dag.py:4156} INFO - Setting next_dagrun for example_short_circuit_decorator to None, run_after=None
[2024-09-06T14:28:51.246+0000] {processor.py:208} INFO - Processing /home/airflow/.local/lib/python3.12/site-packages/airflow/example_dags/example_short_circuit_decorator.py took 0.071 seconds
[2024-09-06T14:29:22.121+0000] {processor.py:186} INFO - Started process (PID=968) to work on /home/airflow/.local/lib/python3.12/site-packages/airflow/example_dags/example_short_circuit_decorator.py
[2024-09-06T14:29:22.122+0000] {processor.py:914} INFO - Processing file /home/airflow/.local/lib/python3.12/site-packages/airflow/example_dags/example_short_circuit_decorator.py for tasks to queue
[2024-09-06T14:29:22.124+0000] {logging_mixin.py:190} INFO - [2024-09-06T14:29:22.124+0000] {dagbag.py:587} INFO - Filling up the DagBag from /home/airflow/.local/lib/python3.12/site-packages/airflow/example_dags/example_short_circuit_decorator.py
[2024-09-06T14:29:22.132+0000] {processor.py:925} INFO - DAG(s) 'example_short_circuit_decorator' retrieved from /home/airflow/.local/lib/python3.12/site-packages/airflow/example_dags/example_short_circuit_decorator.py
[2024-09-06T14:29:22.152+0000] {logging_mixin.py:190} INFO - [2024-09-06T14:29:22.152+0000] {dag.py:3229} INFO - Sync 1 DAGs
[2024-09-06T14:29:22.164+0000] {logging_mixin.py:190} INFO - [2024-09-06T14:29:22.164+0000] {dag.py:4156} INFO - Setting next_dagrun for example_short_circuit_decorator to None, run_after=None
[2024-09-06T14:29:22.184+0000] {processor.py:208} INFO - Processing /home/airflow/.local/lib/python3.12/site-packages/airflow/example_dags/example_short_circuit_decorator.py took 0.067 seconds
[2024-09-06T14:29:53.054+0000] {processor.py:186} INFO - Started process (PID=1030) to work on /home/airflow/.local/lib/python3.12/site-packages/airflow/example_dags/example_short_circuit_decorator.py
[2024-09-06T14:29:53.055+0000] {processor.py:914} INFO - Processing file /home/airflow/.local/lib/python3.12/site-packages/airflow/example_dags/example_short_circuit_decorator.py for tasks to queue
[2024-09-06T14:29:53.057+0000] {logging_mixin.py:190} INFO - [2024-09-06T14:29:53.056+0000] {dagbag.py:587} INFO - Filling up the DagBag from /home/airflow/.local/lib/python3.12/site-packages/airflow/example_dags/example_short_circuit_decorator.py
[2024-09-06T14:29:53.064+0000] {processor.py:925} INFO - DAG(s) 'example_short_circuit_decorator' retrieved from /home/airflow/.local/lib/python3.12/site-packages/airflow/example_dags/example_short_circuit_decorator.py
[2024-09-06T14:29:53.085+0000] {logging_mixin.py:190} INFO - [2024-09-06T14:29:53.085+0000] {dag.py:3229} INFO - Sync 1 DAGs
[2024-09-06T14:29:53.096+0000] {logging_mixin.py:190} INFO - [2024-09-06T14:29:53.096+0000] {dag.py:4156} INFO - Setting next_dagrun for example_short_circuit_decorator to None, run_after=None
[2024-09-06T14:29:53.116+0000] {processor.py:208} INFO - Processing /home/airflow/.local/lib/python3.12/site-packages/airflow/example_dags/example_short_circuit_decorator.py took 0.067 seconds
[2024-09-06T14:30:23.302+0000] {processor.py:186} INFO - Started process (PID=1092) to work on /home/airflow/.local/lib/python3.12/site-packages/airflow/example_dags/example_short_circuit_decorator.py
[2024-09-06T14:30:23.303+0000] {processor.py:914} INFO - Processing file /home/airflow/.local/lib/python3.12/site-packages/airflow/example_dags/example_short_circuit_decorator.py for tasks to queue
[2024-09-06T14:30:23.305+0000] {logging_mixin.py:190} INFO - [2024-09-06T14:30:23.305+0000] {dagbag.py:587} INFO - Filling up the DagBag from /home/airflow/.local/lib/python3.12/site-packages/airflow/example_dags/example_short_circuit_decorator.py
[2024-09-06T14:30:23.314+0000] {processor.py:925} INFO - DAG(s) 'example_short_circuit_decorator' retrieved from /home/airflow/.local/lib/python3.12/site-packages/airflow/example_dags/example_short_circuit_decorator.py
[2024-09-06T14:30:23.333+0000] {logging_mixin.py:190} INFO - [2024-09-06T14:30:23.333+0000] {dag.py:3229} INFO - Sync 1 DAGs
[2024-09-06T14:30:23.345+0000] {logging_mixin.py:190} INFO - [2024-09-06T14:30:23.345+0000] {dag.py:4156} INFO - Setting next_dagrun for example_short_circuit_decorator to None, run_after=None
[2024-09-06T14:30:23.365+0000] {processor.py:208} INFO - Processing /home/airflow/.local/lib/python3.12/site-packages/airflow/example_dags/example_short_circuit_decorator.py took 0.067 seconds
[2024-09-06T14:30:53.497+0000] {processor.py:186} INFO - Started process (PID=1154) to work on /home/airflow/.local/lib/python3.12/site-packages/airflow/example_dags/example_short_circuit_decorator.py
[2024-09-06T14:30:53.498+0000] {processor.py:914} INFO - Processing file /home/airflow/.local/lib/python3.12/site-packages/airflow/example_dags/example_short_circuit_decorator.py for tasks to queue
[2024-09-06T14:30:53.501+0000] {logging_mixin.py:190} INFO - [2024-09-06T14:30:53.500+0000] {dagbag.py:587} INFO - Filling up the DagBag from /home/airflow/.local/lib/python3.12/site-packages/airflow/example_dags/example_short_circuit_decorator.py
[2024-09-06T14:30:53.509+0000] {processor.py:925} INFO - DAG(s) 'example_short_circuit_decorator' retrieved from /home/airflow/.local/lib/python3.12/site-packages/airflow/example_dags/example_short_circuit_decorator.py
[2024-09-06T14:30:53.530+0000] {logging_mixin.py:190} INFO - [2024-09-06T14:30:53.530+0000] {dag.py:3229} INFO - Sync 1 DAGs
[2024-09-06T14:30:53.544+0000] {logging_mixin.py:190} INFO - [2024-09-06T14:30:53.544+0000] {dag.py:4156} INFO - Setting next_dagrun for example_short_circuit_decorator to None, run_after=None
[2024-09-06T14:30:53.563+0000] {processor.py:208} INFO - Processing /home/airflow/.local/lib/python3.12/site-packages/airflow/example_dags/example_short_circuit_decorator.py took 0.071 seconds
[2024-09-06T14:31:24.181+0000] {processor.py:186} INFO - Started process (PID=1216) to work on /home/airflow/.local/lib/python3.12/site-packages/airflow/example_dags/example_short_circuit_decorator.py
[2024-09-06T14:31:24.183+0000] {processor.py:914} INFO - Processing file /home/airflow/.local/lib/python3.12/site-packages/airflow/example_dags/example_short_circuit_decorator.py for tasks to queue
[2024-09-06T14:31:24.186+0000] {logging_mixin.py:190} INFO - [2024-09-06T14:31:24.186+0000] {dagbag.py:587} INFO - Filling up the DagBag from /home/airflow/.local/lib/python3.12/site-packages/airflow/example_dags/example_short_circuit_decorator.py
[2024-09-06T14:31:24.195+0000] {processor.py:925} INFO - DAG(s) 'example_short_circuit_decorator' retrieved from /home/airflow/.local/lib/python3.12/site-packages/airflow/example_dags/example_short_circuit_decorator.py
[2024-09-06T14:31:24.220+0000] {logging_mixin.py:190} INFO - [2024-09-06T14:31:24.220+0000] {dag.py:3229} INFO - Sync 1 DAGs
[2024-09-06T14:31:24.234+0000] {logging_mixin.py:190} INFO - [2024-09-06T14:31:24.234+0000] {dag.py:4156} INFO - Setting next_dagrun for example_short_circuit_decorator to None, run_after=None
[2024-09-06T14:31:24.257+0000] {processor.py:208} INFO - Processing /home/airflow/.local/lib/python3.12/site-packages/airflow/example_dags/example_short_circuit_decorator.py took 0.082 seconds
[2024-09-06T14:31:54.816+0000] {processor.py:186} INFO - Started process (PID=1278) to work on /home/airflow/.local/lib/python3.12/site-packages/airflow/example_dags/example_short_circuit_decorator.py
[2024-09-06T14:31:54.817+0000] {processor.py:914} INFO - Processing file /home/airflow/.local/lib/python3.12/site-packages/airflow/example_dags/example_short_circuit_decorator.py for tasks to queue
[2024-09-06T14:31:54.819+0000] {logging_mixin.py:190} INFO - [2024-09-06T14:31:54.819+0000] {dagbag.py:587} INFO - Filling up the DagBag from /home/airflow/.local/lib/python3.12/site-packages/airflow/example_dags/example_short_circuit_decorator.py
[2024-09-06T14:31:54.830+0000] {processor.py:925} INFO - DAG(s) 'example_short_circuit_decorator' retrieved from /home/airflow/.local/lib/python3.12/site-packages/airflow/example_dags/example_short_circuit_decorator.py
[2024-09-06T14:31:54.854+0000] {logging_mixin.py:190} INFO - [2024-09-06T14:31:54.854+0000] {dag.py:3229} INFO - Sync 1 DAGs
[2024-09-06T14:31:54.868+0000] {logging_mixin.py:190} INFO - [2024-09-06T14:31:54.868+0000] {dag.py:4156} INFO - Setting next_dagrun for example_short_circuit_decorator to None, run_after=None
[2024-09-06T14:31:54.885+0000] {processor.py:208} INFO - Processing /home/airflow/.local/lib/python3.12/site-packages/airflow/example_dags/example_short_circuit_decorator.py took 0.075 seconds
[2024-09-06T14:32:25.352+0000] {processor.py:186} INFO - Started process (PID=1340) to work on /home/airflow/.local/lib/python3.12/site-packages/airflow/example_dags/example_short_circuit_decorator.py
[2024-09-06T14:32:25.353+0000] {processor.py:914} INFO - Processing file /home/airflow/.local/lib/python3.12/site-packages/airflow/example_dags/example_short_circuit_decorator.py for tasks to queue
[2024-09-06T14:32:25.356+0000] {logging_mixin.py:190} INFO - [2024-09-06T14:32:25.356+0000] {dagbag.py:587} INFO - Filling up the DagBag from /home/airflow/.local/lib/python3.12/site-packages/airflow/example_dags/example_short_circuit_decorator.py
[2024-09-06T14:32:25.367+0000] {processor.py:925} INFO - DAG(s) 'example_short_circuit_decorator' retrieved from /home/airflow/.local/lib/python3.12/site-packages/airflow/example_dags/example_short_circuit_decorator.py
[2024-09-06T14:32:25.402+0000] {logging_mixin.py:190} INFO - [2024-09-06T14:32:25.402+0000] {dag.py:3229} INFO - Sync 1 DAGs
[2024-09-06T14:32:25.420+0000] {logging_mixin.py:190} INFO - [2024-09-06T14:32:25.420+0000] {dag.py:4156} INFO - Setting next_dagrun for example_short_circuit_decorator to None, run_after=None
[2024-09-06T14:32:25.443+0000] {processor.py:208} INFO - Processing /home/airflow/.local/lib/python3.12/site-packages/airflow/example_dags/example_short_circuit_decorator.py took 0.096 seconds
[2024-09-06T14:32:55.871+0000] {processor.py:186} INFO - Started process (PID=1402) to work on /home/airflow/.local/lib/python3.12/site-packages/airflow/example_dags/example_short_circuit_decorator.py
[2024-09-06T14:32:55.872+0000] {processor.py:914} INFO - Processing file /home/airflow/.local/lib/python3.12/site-packages/airflow/example_dags/example_short_circuit_decorator.py for tasks to queue
[2024-09-06T14:32:55.874+0000] {logging_mixin.py:190} INFO - [2024-09-06T14:32:55.874+0000] {dagbag.py:587} INFO - Filling up the DagBag from /home/airflow/.local/lib/python3.12/site-packages/airflow/example_dags/example_short_circuit_decorator.py
[2024-09-06T14:32:55.882+0000] {processor.py:925} INFO - DAG(s) 'example_short_circuit_decorator' retrieved from /home/airflow/.local/lib/python3.12/site-packages/airflow/example_dags/example_short_circuit_decorator.py
[2024-09-06T14:32:55.903+0000] {logging_mixin.py:190} INFO - [2024-09-06T14:32:55.902+0000] {dag.py:3229} INFO - Sync 1 DAGs
[2024-09-06T14:32:55.915+0000] {logging_mixin.py:190} INFO - [2024-09-06T14:32:55.914+0000] {dag.py:4156} INFO - Setting next_dagrun for example_short_circuit_decorator to None, run_after=None
[2024-09-06T14:32:55.937+0000] {processor.py:208} INFO - Processing /home/airflow/.local/lib/python3.12/site-packages/airflow/example_dags/example_short_circuit_decorator.py took 0.071 seconds
[2024-09-06T14:33:26.427+0000] {processor.py:186} INFO - Started process (PID=1464) to work on /home/airflow/.local/lib/python3.12/site-packages/airflow/example_dags/example_short_circuit_decorator.py
[2024-09-06T14:33:26.428+0000] {processor.py:914} INFO - Processing file /home/airflow/.local/lib/python3.12/site-packages/airflow/example_dags/example_short_circuit_decorator.py for tasks to queue
[2024-09-06T14:33:26.431+0000] {logging_mixin.py:190} INFO - [2024-09-06T14:33:26.430+0000] {dagbag.py:587} INFO - Filling up the DagBag from /home/airflow/.local/lib/python3.12/site-packages/airflow/example_dags/example_short_circuit_decorator.py
[2024-09-06T14:33:26.442+0000] {processor.py:925} INFO - DAG(s) 'example_short_circuit_decorator' retrieved from /home/airflow/.local/lib/python3.12/site-packages/airflow/example_dags/example_short_circuit_decorator.py
[2024-09-06T14:33:26.464+0000] {logging_mixin.py:190} INFO - [2024-09-06T14:33:26.463+0000] {dag.py:3229} INFO - Sync 1 DAGs
[2024-09-06T14:33:26.477+0000] {logging_mixin.py:190} INFO - [2024-09-06T14:33:26.477+0000] {dag.py:4156} INFO - Setting next_dagrun for example_short_circuit_decorator to None, run_after=None
[2024-09-06T14:33:26.495+0000] {processor.py:208} INFO - Processing /home/airflow/.local/lib/python3.12/site-packages/airflow/example_dags/example_short_circuit_decorator.py took 0.073 seconds
