[2024-09-06T14:22:17.061+0000] {processor.py:186} INFO - Started process (PID=104) to work on /home/airflow/.local/lib/python3.12/site-packages/airflow/example_dags/example_display_name.py
[2024-09-06T14:22:17.062+0000] {processor.py:914} INFO - Processing file /home/airflow/.local/lib/python3.12/site-packages/airflow/example_dags/example_display_name.py for tasks to queue
[2024-09-06T14:22:17.068+0000] {logging_mixin.py:190} INFO - [2024-09-06T14:22:17.064+0000] {dagbag.py:587} INFO - Filling up the DagBag from /home/airflow/.local/lib/python3.12/site-packages/airflow/example_dags/example_display_name.py
[2024-09-06T14:22:17.081+0000] {processor.py:925} INFO - DAG(s) 'example_display_name' retrieved from /home/airflow/.local/lib/python3.12/site-packages/airflow/example_dags/example_display_name.py
[2024-09-06T14:22:17.249+0000] {logging_mixin.py:190} INFO - [2024-09-06T14:22:17.248+0000] {override.py:1900} INFO - Created Permission View: can read on DAG:example_display_name
[2024-09-06T14:22:17.264+0000] {logging_mixin.py:190} INFO - [2024-09-06T14:22:17.264+0000] {override.py:1900} INFO - Created Permission View: can delete on DAG:example_display_name
[2024-09-06T14:22:17.273+0000] {logging_mixin.py:190} INFO - [2024-09-06T14:22:17.273+0000] {override.py:1900} INFO - Created Permission View: can edit on DAG:example_display_name
[2024-09-06T14:22:17.281+0000] {logging_mixin.py:190} INFO - [2024-09-06T14:22:17.280+0000] {override.py:1900} INFO - Created Permission View: can read on DAG Run:example_display_name
[2024-09-06T14:22:17.290+0000] {logging_mixin.py:190} INFO - [2024-09-06T14:22:17.290+0000] {override.py:1900} INFO - Created Permission View: can delete on DAG Run:example_display_name
[2024-09-06T14:22:17.297+0000] {logging_mixin.py:190} INFO - [2024-09-06T14:22:17.296+0000] {override.py:1900} INFO - Created Permission View: menu access on DAG Run:example_display_name
[2024-09-06T14:22:17.306+0000] {logging_mixin.py:190} INFO - [2024-09-06T14:22:17.306+0000] {override.py:1900} INFO - Created Permission View: can create on DAG Run:example_display_name
[2024-09-06T14:22:17.307+0000] {logging_mixin.py:190} INFO - [2024-09-06T14:22:17.307+0000] {dag.py:3229} INFO - Sync 1 DAGs
[2024-09-06T14:22:17.322+0000] {logging_mixin.py:190} INFO - [2024-09-06T14:22:17.321+0000] {dag.py:3252} INFO - Creating ORM DAG for example_display_name
[2024-09-06T14:22:17.323+0000] {logging_mixin.py:190} INFO - [2024-09-06T14:22:17.322+0000] {dag.py:4156} INFO - Setting next_dagrun for example_display_name to None, run_after=None
[2024-09-06T14:22:17.341+0000] {processor.py:208} INFO - Processing /home/airflow/.local/lib/python3.12/site-packages/airflow/example_dags/example_display_name.py took 0.287 seconds
[2024-09-06T14:22:47.700+0000] {processor.py:186} INFO - Started process (PID=166) to work on /home/airflow/.local/lib/python3.12/site-packages/airflow/example_dags/example_display_name.py
[2024-09-06T14:22:47.701+0000] {processor.py:914} INFO - Processing file /home/airflow/.local/lib/python3.12/site-packages/airflow/example_dags/example_display_name.py for tasks to queue
[2024-09-06T14:22:47.705+0000] {logging_mixin.py:190} INFO - [2024-09-06T14:22:47.704+0000] {dagbag.py:587} INFO - Filling up the DagBag from /home/airflow/.local/lib/python3.12/site-packages/airflow/example_dags/example_display_name.py
[2024-09-06T14:22:47.714+0000] {processor.py:925} INFO - DAG(s) 'example_display_name' retrieved from /home/airflow/.local/lib/python3.12/site-packages/airflow/example_dags/example_display_name.py
[2024-09-06T14:22:47.734+0000] {logging_mixin.py:190} INFO - [2024-09-06T14:22:47.734+0000] {dag.py:3229} INFO - Sync 1 DAGs
[2024-09-06T14:22:47.752+0000] {logging_mixin.py:190} INFO - [2024-09-06T14:22:47.751+0000] {dag.py:4156} INFO - Setting next_dagrun for example_display_name to None, run_after=None
[2024-09-06T14:22:47.772+0000] {processor.py:208} INFO - Processing /home/airflow/.local/lib/python3.12/site-packages/airflow/example_dags/example_display_name.py took 0.081 seconds
[2024-09-06T14:23:18.023+0000] {processor.py:186} INFO - Started process (PID=228) to work on /home/airflow/.local/lib/python3.12/site-packages/airflow/example_dags/example_display_name.py
[2024-09-06T14:23:18.024+0000] {processor.py:914} INFO - Processing file /home/airflow/.local/lib/python3.12/site-packages/airflow/example_dags/example_display_name.py for tasks to queue
[2024-09-06T14:23:18.027+0000] {logging_mixin.py:190} INFO - [2024-09-06T14:23:18.026+0000] {dagbag.py:587} INFO - Filling up the DagBag from /home/airflow/.local/lib/python3.12/site-packages/airflow/example_dags/example_display_name.py
[2024-09-06T14:23:18.034+0000] {processor.py:925} INFO - DAG(s) 'example_display_name' retrieved from /home/airflow/.local/lib/python3.12/site-packages/airflow/example_dags/example_display_name.py
[2024-09-06T14:23:18.056+0000] {logging_mixin.py:190} INFO - [2024-09-06T14:23:18.056+0000] {dag.py:3229} INFO - Sync 1 DAGs
[2024-09-06T14:23:18.072+0000] {logging_mixin.py:190} INFO - [2024-09-06T14:23:18.071+0000] {dag.py:4156} INFO - Setting next_dagrun for example_display_name to None, run_after=None
[2024-09-06T14:23:18.093+0000] {processor.py:208} INFO - Processing /home/airflow/.local/lib/python3.12/site-packages/airflow/example_dags/example_display_name.py took 0.075 seconds
[2024-09-06T14:23:48.498+0000] {processor.py:186} INFO - Started process (PID=290) to work on /home/airflow/.local/lib/python3.12/site-packages/airflow/example_dags/example_display_name.py
[2024-09-06T14:23:48.499+0000] {processor.py:914} INFO - Processing file /home/airflow/.local/lib/python3.12/site-packages/airflow/example_dags/example_display_name.py for tasks to queue
[2024-09-06T14:23:48.501+0000] {logging_mixin.py:190} INFO - [2024-09-06T14:23:48.501+0000] {dagbag.py:587} INFO - Filling up the DagBag from /home/airflow/.local/lib/python3.12/site-packages/airflow/example_dags/example_display_name.py
[2024-09-06T14:23:48.509+0000] {processor.py:925} INFO - DAG(s) 'example_display_name' retrieved from /home/airflow/.local/lib/python3.12/site-packages/airflow/example_dags/example_display_name.py
[2024-09-06T14:23:48.528+0000] {logging_mixin.py:190} INFO - [2024-09-06T14:23:48.528+0000] {dag.py:3229} INFO - Sync 1 DAGs
[2024-09-06T14:23:48.544+0000] {logging_mixin.py:190} INFO - [2024-09-06T14:23:48.543+0000] {dag.py:4156} INFO - Setting next_dagrun for example_display_name to None, run_after=None
[2024-09-06T14:23:48.560+0000] {processor.py:208} INFO - Processing /home/airflow/.local/lib/python3.12/site-packages/airflow/example_dags/example_display_name.py took 0.068 seconds
[2024-09-06T14:24:18.825+0000] {processor.py:186} INFO - Started process (PID=352) to work on /home/airflow/.local/lib/python3.12/site-packages/airflow/example_dags/example_display_name.py
[2024-09-06T14:24:18.826+0000] {processor.py:914} INFO - Processing file /home/airflow/.local/lib/python3.12/site-packages/airflow/example_dags/example_display_name.py for tasks to queue
[2024-09-06T14:24:18.829+0000] {logging_mixin.py:190} INFO - [2024-09-06T14:24:18.829+0000] {dagbag.py:587} INFO - Filling up the DagBag from /home/airflow/.local/lib/python3.12/site-packages/airflow/example_dags/example_display_name.py
[2024-09-06T14:24:18.838+0000] {processor.py:925} INFO - DAG(s) 'example_display_name' retrieved from /home/airflow/.local/lib/python3.12/site-packages/airflow/example_dags/example_display_name.py
[2024-09-06T14:24:18.855+0000] {logging_mixin.py:190} INFO - [2024-09-06T14:24:18.855+0000] {dag.py:3229} INFO - Sync 1 DAGs
[2024-09-06T14:24:18.870+0000] {logging_mixin.py:190} INFO - [2024-09-06T14:24:18.869+0000] {dag.py:4156} INFO - Setting next_dagrun for example_display_name to None, run_after=None
[2024-09-06T14:24:18.890+0000] {processor.py:208} INFO - Processing /home/airflow/.local/lib/python3.12/site-packages/airflow/example_dags/example_display_name.py took 0.070 seconds
[2024-09-06T14:24:49.171+0000] {processor.py:186} INFO - Started process (PID=414) to work on /home/airflow/.local/lib/python3.12/site-packages/airflow/example_dags/example_display_name.py
[2024-09-06T14:24:49.172+0000] {processor.py:914} INFO - Processing file /home/airflow/.local/lib/python3.12/site-packages/airflow/example_dags/example_display_name.py for tasks to queue
[2024-09-06T14:24:49.175+0000] {logging_mixin.py:190} INFO - [2024-09-06T14:24:49.175+0000] {dagbag.py:587} INFO - Filling up the DagBag from /home/airflow/.local/lib/python3.12/site-packages/airflow/example_dags/example_display_name.py
[2024-09-06T14:24:49.183+0000] {processor.py:925} INFO - DAG(s) 'example_display_name' retrieved from /home/airflow/.local/lib/python3.12/site-packages/airflow/example_dags/example_display_name.py
[2024-09-06T14:24:49.202+0000] {logging_mixin.py:190} INFO - [2024-09-06T14:24:49.202+0000] {dag.py:3229} INFO - Sync 1 DAGs
[2024-09-06T14:24:49.218+0000] {logging_mixin.py:190} INFO - [2024-09-06T14:24:49.217+0000] {dag.py:4156} INFO - Setting next_dagrun for example_display_name to None, run_after=None
[2024-09-06T14:24:49.236+0000] {processor.py:208} INFO - Processing /home/airflow/.local/lib/python3.12/site-packages/airflow/example_dags/example_display_name.py took 0.071 seconds
[2024-09-06T14:25:19.457+0000] {processor.py:186} INFO - Started process (PID=477) to work on /home/airflow/.local/lib/python3.12/site-packages/airflow/example_dags/example_display_name.py
[2024-09-06T14:25:19.458+0000] {processor.py:914} INFO - Processing file /home/airflow/.local/lib/python3.12/site-packages/airflow/example_dags/example_display_name.py for tasks to queue
[2024-09-06T14:25:19.460+0000] {logging_mixin.py:190} INFO - [2024-09-06T14:25:19.460+0000] {dagbag.py:587} INFO - Filling up the DagBag from /home/airflow/.local/lib/python3.12/site-packages/airflow/example_dags/example_display_name.py
[2024-09-06T14:25:19.466+0000] {processor.py:925} INFO - DAG(s) 'example_display_name' retrieved from /home/airflow/.local/lib/python3.12/site-packages/airflow/example_dags/example_display_name.py
[2024-09-06T14:25:19.483+0000] {logging_mixin.py:190} INFO - [2024-09-06T14:25:19.483+0000] {dag.py:3229} INFO - Sync 1 DAGs
[2024-09-06T14:25:19.494+0000] {logging_mixin.py:190} INFO - [2024-09-06T14:25:19.494+0000] {dag.py:4156} INFO - Setting next_dagrun for example_display_name to None, run_after=None
[2024-09-06T14:25:19.512+0000] {processor.py:208} INFO - Processing /home/airflow/.local/lib/python3.12/site-packages/airflow/example_dags/example_display_name.py took 0.059 seconds
[2024-09-06T14:25:49.759+0000] {processor.py:186} INFO - Started process (PID=538) to work on /home/airflow/.local/lib/python3.12/site-packages/airflow/example_dags/example_display_name.py
[2024-09-06T14:25:49.760+0000] {processor.py:914} INFO - Processing file /home/airflow/.local/lib/python3.12/site-packages/airflow/example_dags/example_display_name.py for tasks to queue
[2024-09-06T14:25:49.762+0000] {logging_mixin.py:190} INFO - [2024-09-06T14:25:49.762+0000] {dagbag.py:587} INFO - Filling up the DagBag from /home/airflow/.local/lib/python3.12/site-packages/airflow/example_dags/example_display_name.py
[2024-09-06T14:25:49.768+0000] {processor.py:925} INFO - DAG(s) 'example_display_name' retrieved from /home/airflow/.local/lib/python3.12/site-packages/airflow/example_dags/example_display_name.py
[2024-09-06T14:25:49.786+0000] {logging_mixin.py:190} INFO - [2024-09-06T14:25:49.786+0000] {dag.py:3229} INFO - Sync 1 DAGs
[2024-09-06T14:25:49.801+0000] {logging_mixin.py:190} INFO - [2024-09-06T14:25:49.801+0000] {dag.py:4156} INFO - Setting next_dagrun for example_display_name to None, run_after=None
[2024-09-06T14:25:49.819+0000] {processor.py:208} INFO - Processing /home/airflow/.local/lib/python3.12/site-packages/airflow/example_dags/example_display_name.py took 0.065 seconds
[2024-09-06T14:26:20.008+0000] {processor.py:186} INFO - Started process (PID=600) to work on /home/airflow/.local/lib/python3.12/site-packages/airflow/example_dags/example_display_name.py
[2024-09-06T14:26:20.009+0000] {processor.py:914} INFO - Processing file /home/airflow/.local/lib/python3.12/site-packages/airflow/example_dags/example_display_name.py for tasks to queue
[2024-09-06T14:26:20.011+0000] {logging_mixin.py:190} INFO - [2024-09-06T14:26:20.011+0000] {dagbag.py:587} INFO - Filling up the DagBag from /home/airflow/.local/lib/python3.12/site-packages/airflow/example_dags/example_display_name.py
[2024-09-06T14:26:20.017+0000] {processor.py:925} INFO - DAG(s) 'example_display_name' retrieved from /home/airflow/.local/lib/python3.12/site-packages/airflow/example_dags/example_display_name.py
[2024-09-06T14:26:20.034+0000] {logging_mixin.py:190} INFO - [2024-09-06T14:26:20.034+0000] {dag.py:3229} INFO - Sync 1 DAGs
[2024-09-06T14:26:20.047+0000] {logging_mixin.py:190} INFO - [2024-09-06T14:26:20.046+0000] {dag.py:4156} INFO - Setting next_dagrun for example_display_name to None, run_after=None
[2024-09-06T14:26:20.066+0000] {processor.py:208} INFO - Processing /home/airflow/.local/lib/python3.12/site-packages/airflow/example_dags/example_display_name.py took 0.063 seconds
[2024-09-06T14:26:50.275+0000] {processor.py:186} INFO - Started process (PID=662) to work on /home/airflow/.local/lib/python3.12/site-packages/airflow/example_dags/example_display_name.py
[2024-09-06T14:26:50.276+0000] {processor.py:914} INFO - Processing file /home/airflow/.local/lib/python3.12/site-packages/airflow/example_dags/example_display_name.py for tasks to queue
[2024-09-06T14:26:50.278+0000] {logging_mixin.py:190} INFO - [2024-09-06T14:26:50.278+0000] {dagbag.py:587} INFO - Filling up the DagBag from /home/airflow/.local/lib/python3.12/site-packages/airflow/example_dags/example_display_name.py
[2024-09-06T14:26:50.284+0000] {processor.py:925} INFO - DAG(s) 'example_display_name' retrieved from /home/airflow/.local/lib/python3.12/site-packages/airflow/example_dags/example_display_name.py
[2024-09-06T14:26:50.302+0000] {logging_mixin.py:190} INFO - [2024-09-06T14:26:50.302+0000] {dag.py:3229} INFO - Sync 1 DAGs
[2024-09-06T14:26:50.315+0000] {logging_mixin.py:190} INFO - [2024-09-06T14:26:50.314+0000] {dag.py:4156} INFO - Setting next_dagrun for example_display_name to None, run_after=None
[2024-09-06T14:26:50.334+0000] {processor.py:208} INFO - Processing /home/airflow/.local/lib/python3.12/site-packages/airflow/example_dags/example_display_name.py took 0.064 seconds
[2024-09-06T14:27:20.550+0000] {processor.py:186} INFO - Started process (PID=724) to work on /home/airflow/.local/lib/python3.12/site-packages/airflow/example_dags/example_display_name.py
[2024-09-06T14:27:20.551+0000] {processor.py:914} INFO - Processing file /home/airflow/.local/lib/python3.12/site-packages/airflow/example_dags/example_display_name.py for tasks to queue
[2024-09-06T14:27:20.553+0000] {logging_mixin.py:190} INFO - [2024-09-06T14:27:20.553+0000] {dagbag.py:587} INFO - Filling up the DagBag from /home/airflow/.local/lib/python3.12/site-packages/airflow/example_dags/example_display_name.py
[2024-09-06T14:27:20.561+0000] {processor.py:925} INFO - DAG(s) 'example_display_name' retrieved from /home/airflow/.local/lib/python3.12/site-packages/airflow/example_dags/example_display_name.py
[2024-09-06T14:27:20.578+0000] {logging_mixin.py:190} INFO - [2024-09-06T14:27:20.578+0000] {dag.py:3229} INFO - Sync 1 DAGs
[2024-09-06T14:27:20.594+0000] {logging_mixin.py:190} INFO - [2024-09-06T14:27:20.594+0000] {dag.py:4156} INFO - Setting next_dagrun for example_display_name to None, run_after=None
[2024-09-06T14:27:20.609+0000] {processor.py:208} INFO - Processing /home/airflow/.local/lib/python3.12/site-packages/airflow/example_dags/example_display_name.py took 0.065 seconds
[2024-09-06T14:27:50.786+0000] {processor.py:186} INFO - Started process (PID=786) to work on /home/airflow/.local/lib/python3.12/site-packages/airflow/example_dags/example_display_name.py
[2024-09-06T14:27:50.787+0000] {processor.py:914} INFO - Processing file /home/airflow/.local/lib/python3.12/site-packages/airflow/example_dags/example_display_name.py for tasks to queue
[2024-09-06T14:27:50.789+0000] {logging_mixin.py:190} INFO - [2024-09-06T14:27:50.789+0000] {dagbag.py:587} INFO - Filling up the DagBag from /home/airflow/.local/lib/python3.12/site-packages/airflow/example_dags/example_display_name.py
[2024-09-06T14:27:50.796+0000] {processor.py:925} INFO - DAG(s) 'example_display_name' retrieved from /home/airflow/.local/lib/python3.12/site-packages/airflow/example_dags/example_display_name.py
[2024-09-06T14:27:50.815+0000] {logging_mixin.py:190} INFO - [2024-09-06T14:27:50.815+0000] {dag.py:3229} INFO - Sync 1 DAGs
[2024-09-06T14:27:50.829+0000] {logging_mixin.py:190} INFO - [2024-09-06T14:27:50.829+0000] {dag.py:4156} INFO - Setting next_dagrun for example_display_name to None, run_after=None
[2024-09-06T14:27:50.846+0000] {processor.py:208} INFO - Processing /home/airflow/.local/lib/python3.12/site-packages/airflow/example_dags/example_display_name.py took 0.065 seconds
[2024-09-06T14:28:21.172+0000] {processor.py:186} INFO - Started process (PID=848) to work on /home/airflow/.local/lib/python3.12/site-packages/airflow/example_dags/example_display_name.py
[2024-09-06T14:28:21.173+0000] {processor.py:914} INFO - Processing file /home/airflow/.local/lib/python3.12/site-packages/airflow/example_dags/example_display_name.py for tasks to queue
[2024-09-06T14:28:21.175+0000] {logging_mixin.py:190} INFO - [2024-09-06T14:28:21.174+0000] {dagbag.py:587} INFO - Filling up the DagBag from /home/airflow/.local/lib/python3.12/site-packages/airflow/example_dags/example_display_name.py
[2024-09-06T14:28:21.181+0000] {processor.py:925} INFO - DAG(s) 'example_display_name' retrieved from /home/airflow/.local/lib/python3.12/site-packages/airflow/example_dags/example_display_name.py
[2024-09-06T14:28:21.200+0000] {logging_mixin.py:190} INFO - [2024-09-06T14:28:21.199+0000] {dag.py:3229} INFO - Sync 1 DAGs
[2024-09-06T14:28:21.214+0000] {logging_mixin.py:190} INFO - [2024-09-06T14:28:21.214+0000] {dag.py:4156} INFO - Setting next_dagrun for example_display_name to None, run_after=None
[2024-09-06T14:28:21.235+0000] {processor.py:208} INFO - Processing /home/airflow/.local/lib/python3.12/site-packages/airflow/example_dags/example_display_name.py took 0.069 seconds
[2024-09-06T14:28:51.418+0000] {processor.py:186} INFO - Started process (PID=910) to work on /home/airflow/.local/lib/python3.12/site-packages/airflow/example_dags/example_display_name.py
[2024-09-06T14:28:51.419+0000] {processor.py:914} INFO - Processing file /home/airflow/.local/lib/python3.12/site-packages/airflow/example_dags/example_display_name.py for tasks to queue
[2024-09-06T14:28:51.421+0000] {logging_mixin.py:190} INFO - [2024-09-06T14:28:51.421+0000] {dagbag.py:587} INFO - Filling up the DagBag from /home/airflow/.local/lib/python3.12/site-packages/airflow/example_dags/example_display_name.py
[2024-09-06T14:28:51.428+0000] {processor.py:925} INFO - DAG(s) 'example_display_name' retrieved from /home/airflow/.local/lib/python3.12/site-packages/airflow/example_dags/example_display_name.py
[2024-09-06T14:28:51.447+0000] {logging_mixin.py:190} INFO - [2024-09-06T14:28:51.446+0000] {dag.py:3229} INFO - Sync 1 DAGs
[2024-09-06T14:28:51.461+0000] {logging_mixin.py:190} INFO - [2024-09-06T14:28:51.461+0000] {dag.py:4156} INFO - Setting next_dagrun for example_display_name to None, run_after=None
[2024-09-06T14:28:51.478+0000] {processor.py:208} INFO - Processing /home/airflow/.local/lib/python3.12/site-packages/airflow/example_dags/example_display_name.py took 0.065 seconds
[2024-09-06T14:29:22.344+0000] {processor.py:186} INFO - Started process (PID=972) to work on /home/airflow/.local/lib/python3.12/site-packages/airflow/example_dags/example_display_name.py
[2024-09-06T14:29:22.345+0000] {processor.py:914} INFO - Processing file /home/airflow/.local/lib/python3.12/site-packages/airflow/example_dags/example_display_name.py for tasks to queue
[2024-09-06T14:29:22.347+0000] {logging_mixin.py:190} INFO - [2024-09-06T14:29:22.346+0000] {dagbag.py:587} INFO - Filling up the DagBag from /home/airflow/.local/lib/python3.12/site-packages/airflow/example_dags/example_display_name.py
[2024-09-06T14:29:22.353+0000] {processor.py:925} INFO - DAG(s) 'example_display_name' retrieved from /home/airflow/.local/lib/python3.12/site-packages/airflow/example_dags/example_display_name.py
[2024-09-06T14:29:22.371+0000] {logging_mixin.py:190} INFO - [2024-09-06T14:29:22.371+0000] {dag.py:3229} INFO - Sync 1 DAGs
[2024-09-06T14:29:22.384+0000] {logging_mixin.py:190} INFO - [2024-09-06T14:29:22.384+0000] {dag.py:4156} INFO - Setting next_dagrun for example_display_name to None, run_after=None
[2024-09-06T14:29:22.403+0000] {processor.py:208} INFO - Processing /home/airflow/.local/lib/python3.12/site-packages/airflow/example_dags/example_display_name.py took 0.064 seconds
[2024-09-06T14:29:53.271+0000] {processor.py:186} INFO - Started process (PID=1034) to work on /home/airflow/.local/lib/python3.12/site-packages/airflow/example_dags/example_display_name.py
[2024-09-06T14:29:53.272+0000] {processor.py:914} INFO - Processing file /home/airflow/.local/lib/python3.12/site-packages/airflow/example_dags/example_display_name.py for tasks to queue
[2024-09-06T14:29:53.275+0000] {logging_mixin.py:190} INFO - [2024-09-06T14:29:53.274+0000] {dagbag.py:587} INFO - Filling up the DagBag from /home/airflow/.local/lib/python3.12/site-packages/airflow/example_dags/example_display_name.py
[2024-09-06T14:29:53.281+0000] {processor.py:925} INFO - DAG(s) 'example_display_name' retrieved from /home/airflow/.local/lib/python3.12/site-packages/airflow/example_dags/example_display_name.py
[2024-09-06T14:29:53.299+0000] {logging_mixin.py:190} INFO - [2024-09-06T14:29:53.299+0000] {dag.py:3229} INFO - Sync 1 DAGs
[2024-09-06T14:29:53.313+0000] {logging_mixin.py:190} INFO - [2024-09-06T14:29:53.312+0000] {dag.py:4156} INFO - Setting next_dagrun for example_display_name to None, run_after=None
[2024-09-06T14:29:53.333+0000] {processor.py:208} INFO - Processing /home/airflow/.local/lib/python3.12/site-packages/airflow/example_dags/example_display_name.py took 0.066 seconds
[2024-09-06T14:30:23.544+0000] {processor.py:186} INFO - Started process (PID=1096) to work on /home/airflow/.local/lib/python3.12/site-packages/airflow/example_dags/example_display_name.py
[2024-09-06T14:30:23.545+0000] {processor.py:914} INFO - Processing file /home/airflow/.local/lib/python3.12/site-packages/airflow/example_dags/example_display_name.py for tasks to queue
[2024-09-06T14:30:23.547+0000] {logging_mixin.py:190} INFO - [2024-09-06T14:30:23.547+0000] {dagbag.py:587} INFO - Filling up the DagBag from /home/airflow/.local/lib/python3.12/site-packages/airflow/example_dags/example_display_name.py
[2024-09-06T14:30:23.553+0000] {processor.py:925} INFO - DAG(s) 'example_display_name' retrieved from /home/airflow/.local/lib/python3.12/site-packages/airflow/example_dags/example_display_name.py
[2024-09-06T14:30:23.569+0000] {logging_mixin.py:190} INFO - [2024-09-06T14:30:23.569+0000] {dag.py:3229} INFO - Sync 1 DAGs
[2024-09-06T14:30:23.582+0000] {logging_mixin.py:190} INFO - [2024-09-06T14:30:23.582+0000] {dag.py:4156} INFO - Setting next_dagrun for example_display_name to None, run_after=None
[2024-09-06T14:30:23.598+0000] {processor.py:208} INFO - Processing /home/airflow/.local/lib/python3.12/site-packages/airflow/example_dags/example_display_name.py took 0.060 seconds
[2024-09-06T14:30:53.814+0000] {processor.py:186} INFO - Started process (PID=1158) to work on /home/airflow/.local/lib/python3.12/site-packages/airflow/example_dags/example_display_name.py
[2024-09-06T14:30:53.815+0000] {processor.py:914} INFO - Processing file /home/airflow/.local/lib/python3.12/site-packages/airflow/example_dags/example_display_name.py for tasks to queue
[2024-09-06T14:30:53.817+0000] {logging_mixin.py:190} INFO - [2024-09-06T14:30:53.816+0000] {dagbag.py:587} INFO - Filling up the DagBag from /home/airflow/.local/lib/python3.12/site-packages/airflow/example_dags/example_display_name.py
[2024-09-06T14:30:53.824+0000] {processor.py:925} INFO - DAG(s) 'example_display_name' retrieved from /home/airflow/.local/lib/python3.12/site-packages/airflow/example_dags/example_display_name.py
[2024-09-06T14:30:53.842+0000] {logging_mixin.py:190} INFO - [2024-09-06T14:30:53.842+0000] {dag.py:3229} INFO - Sync 1 DAGs
[2024-09-06T14:30:53.855+0000] {logging_mixin.py:190} INFO - [2024-09-06T14:30:53.855+0000] {dag.py:4156} INFO - Setting next_dagrun for example_display_name to None, run_after=None
[2024-09-06T14:30:53.873+0000] {processor.py:208} INFO - Processing /home/airflow/.local/lib/python3.12/site-packages/airflow/example_dags/example_display_name.py took 0.065 seconds
[2024-09-06T14:31:24.445+0000] {processor.py:186} INFO - Started process (PID=1220) to work on /home/airflow/.local/lib/python3.12/site-packages/airflow/example_dags/example_display_name.py
[2024-09-06T14:31:24.446+0000] {processor.py:914} INFO - Processing file /home/airflow/.local/lib/python3.12/site-packages/airflow/example_dags/example_display_name.py for tasks to queue
[2024-09-06T14:31:24.449+0000] {logging_mixin.py:190} INFO - [2024-09-06T14:31:24.448+0000] {dagbag.py:587} INFO - Filling up the DagBag from /home/airflow/.local/lib/python3.12/site-packages/airflow/example_dags/example_display_name.py
[2024-09-06T14:31:24.456+0000] {processor.py:925} INFO - DAG(s) 'example_display_name' retrieved from /home/airflow/.local/lib/python3.12/site-packages/airflow/example_dags/example_display_name.py
[2024-09-06T14:31:24.475+0000] {logging_mixin.py:190} INFO - [2024-09-06T14:31:24.475+0000] {dag.py:3229} INFO - Sync 1 DAGs
[2024-09-06T14:31:24.492+0000] {logging_mixin.py:190} INFO - [2024-09-06T14:31:24.492+0000] {dag.py:4156} INFO - Setting next_dagrun for example_display_name to None, run_after=None
[2024-09-06T14:31:24.557+0000] {processor.py:208} INFO - Processing /home/airflow/.local/lib/python3.12/site-packages/airflow/example_dags/example_display_name.py took 0.116 seconds
[2024-09-06T14:31:55.053+0000] {processor.py:186} INFO - Started process (PID=1282) to work on /home/airflow/.local/lib/python3.12/site-packages/airflow/example_dags/example_display_name.py
[2024-09-06T14:31:55.054+0000] {processor.py:914} INFO - Processing file /home/airflow/.local/lib/python3.12/site-packages/airflow/example_dags/example_display_name.py for tasks to queue
[2024-09-06T14:31:55.057+0000] {logging_mixin.py:190} INFO - [2024-09-06T14:31:55.056+0000] {dagbag.py:587} INFO - Filling up the DagBag from /home/airflow/.local/lib/python3.12/site-packages/airflow/example_dags/example_display_name.py
[2024-09-06T14:31:55.063+0000] {processor.py:925} INFO - DAG(s) 'example_display_name' retrieved from /home/airflow/.local/lib/python3.12/site-packages/airflow/example_dags/example_display_name.py
[2024-09-06T14:31:55.081+0000] {logging_mixin.py:190} INFO - [2024-09-06T14:31:55.081+0000] {dag.py:3229} INFO - Sync 1 DAGs
[2024-09-06T14:31:55.094+0000] {logging_mixin.py:190} INFO - [2024-09-06T14:31:55.094+0000] {dag.py:4156} INFO - Setting next_dagrun for example_display_name to None, run_after=None
[2024-09-06T14:31:55.111+0000] {processor.py:208} INFO - Processing /home/airflow/.local/lib/python3.12/site-packages/airflow/example_dags/example_display_name.py took 0.063 seconds
[2024-09-06T14:32:25.658+0000] {processor.py:186} INFO - Started process (PID=1344) to work on /home/airflow/.local/lib/python3.12/site-packages/airflow/example_dags/example_display_name.py
[2024-09-06T14:32:25.659+0000] {processor.py:914} INFO - Processing file /home/airflow/.local/lib/python3.12/site-packages/airflow/example_dags/example_display_name.py for tasks to queue
[2024-09-06T14:32:25.661+0000] {logging_mixin.py:190} INFO - [2024-09-06T14:32:25.661+0000] {dagbag.py:587} INFO - Filling up the DagBag from /home/airflow/.local/lib/python3.12/site-packages/airflow/example_dags/example_display_name.py
[2024-09-06T14:32:25.667+0000] {processor.py:925} INFO - DAG(s) 'example_display_name' retrieved from /home/airflow/.local/lib/python3.12/site-packages/airflow/example_dags/example_display_name.py
[2024-09-06T14:32:25.685+0000] {logging_mixin.py:190} INFO - [2024-09-06T14:32:25.684+0000] {dag.py:3229} INFO - Sync 1 DAGs
[2024-09-06T14:32:25.699+0000] {logging_mixin.py:190} INFO - [2024-09-06T14:32:25.699+0000] {dag.py:4156} INFO - Setting next_dagrun for example_display_name to None, run_after=None
[2024-09-06T14:32:25.717+0000] {processor.py:208} INFO - Processing /home/airflow/.local/lib/python3.12/site-packages/airflow/example_dags/example_display_name.py took 0.064 seconds
[2024-09-06T14:32:56.108+0000] {processor.py:186} INFO - Started process (PID=1406) to work on /home/airflow/.local/lib/python3.12/site-packages/airflow/example_dags/example_display_name.py
[2024-09-06T14:32:56.109+0000] {processor.py:914} INFO - Processing file /home/airflow/.local/lib/python3.12/site-packages/airflow/example_dags/example_display_name.py for tasks to queue
[2024-09-06T14:32:56.113+0000] {logging_mixin.py:190} INFO - [2024-09-06T14:32:56.113+0000] {dagbag.py:587} INFO - Filling up the DagBag from /home/airflow/.local/lib/python3.12/site-packages/airflow/example_dags/example_display_name.py
[2024-09-06T14:32:56.124+0000] {processor.py:925} INFO - DAG(s) 'example_display_name' retrieved from /home/airflow/.local/lib/python3.12/site-packages/airflow/example_dags/example_display_name.py
[2024-09-06T14:32:56.143+0000] {logging_mixin.py:190} INFO - [2024-09-06T14:32:56.142+0000] {dag.py:3229} INFO - Sync 1 DAGs
[2024-09-06T14:32:56.158+0000] {logging_mixin.py:190} INFO - [2024-09-06T14:32:56.157+0000] {dag.py:4156} INFO - Setting next_dagrun for example_display_name to None, run_after=None
[2024-09-06T14:32:56.185+0000] {processor.py:208} INFO - Processing /home/airflow/.local/lib/python3.12/site-packages/airflow/example_dags/example_display_name.py took 0.082 seconds
[2024-09-06T14:33:26.691+0000] {processor.py:186} INFO - Started process (PID=1468) to work on /home/airflow/.local/lib/python3.12/site-packages/airflow/example_dags/example_display_name.py
[2024-09-06T14:33:26.692+0000] {processor.py:914} INFO - Processing file /home/airflow/.local/lib/python3.12/site-packages/airflow/example_dags/example_display_name.py for tasks to queue
[2024-09-06T14:33:26.695+0000] {logging_mixin.py:190} INFO - [2024-09-06T14:33:26.694+0000] {dagbag.py:587} INFO - Filling up the DagBag from /home/airflow/.local/lib/python3.12/site-packages/airflow/example_dags/example_display_name.py
[2024-09-06T14:33:26.706+0000] {processor.py:925} INFO - DAG(s) 'example_display_name' retrieved from /home/airflow/.local/lib/python3.12/site-packages/airflow/example_dags/example_display_name.py
[2024-09-06T14:33:26.730+0000] {logging_mixin.py:190} INFO - [2024-09-06T14:33:26.730+0000] {dag.py:3229} INFO - Sync 1 DAGs
[2024-09-06T14:33:26.757+0000] {logging_mixin.py:190} INFO - [2024-09-06T14:33:26.757+0000] {dag.py:4156} INFO - Setting next_dagrun for example_display_name to None, run_after=None
[2024-09-06T14:33:26.782+0000] {processor.py:208} INFO - Processing /home/airflow/.local/lib/python3.12/site-packages/airflow/example_dags/example_display_name.py took 0.100 seconds
