[2024-09-06T14:22:19.236+0000] {processor.py:186} INFO - Started process (PID=117) to work on /home/airflow/.local/lib/python3.12/site-packages/airflow/example_dags/example_python_decorator.py
[2024-09-06T14:22:19.238+0000] {processor.py:914} INFO - Processing file /home/airflow/.local/lib/python3.12/site-packages/airflow/example_dags/example_python_decorator.py for tasks to queue
[2024-09-06T14:22:19.241+0000] {logging_mixin.py:190} INFO - [2024-09-06T14:22:19.240+0000] {dagbag.py:587} INFO - Filling up the DagBag from /home/airflow/.local/lib/python3.12/site-packages/airflow/example_dags/example_python_decorator.py
[2024-09-06T14:22:19.267+0000] {processor.py:925} INFO - DAG(s) 'example_python_decorator' retrieved from /home/airflow/.local/lib/python3.12/site-packages/airflow/example_dags/example_python_decorator.py
[2024-09-06T14:22:19.398+0000] {logging_mixin.py:190} INFO - [2024-09-06T14:22:19.397+0000] {override.py:1900} INFO - Created Permission View: can read on DAG:example_python_decorator
[2024-09-06T14:22:19.409+0000] {logging_mixin.py:190} INFO - [2024-09-06T14:22:19.408+0000] {override.py:1900} INFO - Created Permission View: can delete on DAG:example_python_decorator
[2024-09-06T14:22:19.416+0000] {logging_mixin.py:190} INFO - [2024-09-06T14:22:19.416+0000] {override.py:1900} INFO - Created Permission View: can edit on DAG:example_python_decorator
[2024-09-06T14:22:19.424+0000] {logging_mixin.py:190} INFO - [2024-09-06T14:22:19.424+0000] {override.py:1900} INFO - Created Permission View: can read on DAG Run:example_python_decorator
[2024-09-06T14:22:19.431+0000] {logging_mixin.py:190} INFO - [2024-09-06T14:22:19.430+0000] {override.py:1900} INFO - Created Permission View: can delete on DAG Run:example_python_decorator
[2024-09-06T14:22:19.438+0000] {logging_mixin.py:190} INFO - [2024-09-06T14:22:19.438+0000] {override.py:1900} INFO - Created Permission View: menu access on DAG Run:example_python_decorator
[2024-09-06T14:22:19.445+0000] {logging_mixin.py:190} INFO - [2024-09-06T14:22:19.445+0000] {override.py:1900} INFO - Created Permission View: can create on DAG Run:example_python_decorator
[2024-09-06T14:22:19.446+0000] {logging_mixin.py:190} INFO - [2024-09-06T14:22:19.445+0000] {dag.py:3229} INFO - Sync 1 DAGs
[2024-09-06T14:22:19.458+0000] {logging_mixin.py:190} INFO - [2024-09-06T14:22:19.458+0000] {dag.py:3252} INFO - Creating ORM DAG for example_python_decorator
[2024-09-06T14:22:19.459+0000] {logging_mixin.py:190} INFO - [2024-09-06T14:22:19.459+0000] {dag.py:4156} INFO - Setting next_dagrun for example_python_decorator to None, run_after=None
[2024-09-06T14:22:19.475+0000] {processor.py:208} INFO - Processing /home/airflow/.local/lib/python3.12/site-packages/airflow/example_dags/example_python_decorator.py took 0.247 seconds
[2024-09-06T14:22:49.508+0000] {processor.py:186} INFO - Started process (PID=179) to work on /home/airflow/.local/lib/python3.12/site-packages/airflow/example_dags/example_python_decorator.py
[2024-09-06T14:22:49.509+0000] {processor.py:914} INFO - Processing file /home/airflow/.local/lib/python3.12/site-packages/airflow/example_dags/example_python_decorator.py for tasks to queue
[2024-09-06T14:22:49.511+0000] {logging_mixin.py:190} INFO - [2024-09-06T14:22:49.511+0000] {dagbag.py:587} INFO - Filling up the DagBag from /home/airflow/.local/lib/python3.12/site-packages/airflow/example_dags/example_python_decorator.py
[2024-09-06T14:22:49.523+0000] {processor.py:925} INFO - DAG(s) 'example_python_decorator' retrieved from /home/airflow/.local/lib/python3.12/site-packages/airflow/example_dags/example_python_decorator.py
[2024-09-06T14:22:49.543+0000] {logging_mixin.py:190} INFO - [2024-09-06T14:22:49.543+0000] {dag.py:3229} INFO - Sync 1 DAGs
[2024-09-06T14:22:49.556+0000] {logging_mixin.py:190} INFO - [2024-09-06T14:22:49.555+0000] {dag.py:4156} INFO - Setting next_dagrun for example_python_decorator to None, run_after=None
[2024-09-06T14:22:49.572+0000] {processor.py:208} INFO - Processing /home/airflow/.local/lib/python3.12/site-packages/airflow/example_dags/example_python_decorator.py took 0.068 seconds
[2024-09-06T14:23:19.720+0000] {processor.py:186} INFO - Started process (PID=241) to work on /home/airflow/.local/lib/python3.12/site-packages/airflow/example_dags/example_python_decorator.py
[2024-09-06T14:23:19.721+0000] {processor.py:914} INFO - Processing file /home/airflow/.local/lib/python3.12/site-packages/airflow/example_dags/example_python_decorator.py for tasks to queue
[2024-09-06T14:23:19.723+0000] {logging_mixin.py:190} INFO - [2024-09-06T14:23:19.723+0000] {dagbag.py:587} INFO - Filling up the DagBag from /home/airflow/.local/lib/python3.12/site-packages/airflow/example_dags/example_python_decorator.py
[2024-09-06T14:23:19.735+0000] {processor.py:925} INFO - DAG(s) 'example_python_decorator' retrieved from /home/airflow/.local/lib/python3.12/site-packages/airflow/example_dags/example_python_decorator.py
[2024-09-06T14:23:19.752+0000] {logging_mixin.py:190} INFO - [2024-09-06T14:23:19.752+0000] {dag.py:3229} INFO - Sync 1 DAGs
[2024-09-06T14:23:19.765+0000] {logging_mixin.py:190} INFO - [2024-09-06T14:23:19.765+0000] {dag.py:4156} INFO - Setting next_dagrun for example_python_decorator to None, run_after=None
[2024-09-06T14:23:19.780+0000] {processor.py:208} INFO - Processing /home/airflow/.local/lib/python3.12/site-packages/airflow/example_dags/example_python_decorator.py took 0.067 seconds
[2024-09-06T14:23:50.197+0000] {processor.py:186} INFO - Started process (PID=303) to work on /home/airflow/.local/lib/python3.12/site-packages/airflow/example_dags/example_python_decorator.py
[2024-09-06T14:23:50.198+0000] {processor.py:914} INFO - Processing file /home/airflow/.local/lib/python3.12/site-packages/airflow/example_dags/example_python_decorator.py for tasks to queue
[2024-09-06T14:23:50.200+0000] {logging_mixin.py:190} INFO - [2024-09-06T14:23:50.200+0000] {dagbag.py:587} INFO - Filling up the DagBag from /home/airflow/.local/lib/python3.12/site-packages/airflow/example_dags/example_python_decorator.py
[2024-09-06T14:23:50.216+0000] {processor.py:925} INFO - DAG(s) 'example_python_decorator' retrieved from /home/airflow/.local/lib/python3.12/site-packages/airflow/example_dags/example_python_decorator.py
[2024-09-06T14:23:50.237+0000] {logging_mixin.py:190} INFO - [2024-09-06T14:23:50.236+0000] {dag.py:3229} INFO - Sync 1 DAGs
[2024-09-06T14:23:50.250+0000] {logging_mixin.py:190} INFO - [2024-09-06T14:23:50.250+0000] {dag.py:4156} INFO - Setting next_dagrun for example_python_decorator to None, run_after=None
[2024-09-06T14:23:50.265+0000] {processor.py:208} INFO - Processing /home/airflow/.local/lib/python3.12/site-packages/airflow/example_dags/example_python_decorator.py took 0.075 seconds
[2024-09-06T14:24:20.580+0000] {processor.py:186} INFO - Started process (PID=365) to work on /home/airflow/.local/lib/python3.12/site-packages/airflow/example_dags/example_python_decorator.py
[2024-09-06T14:24:20.581+0000] {processor.py:914} INFO - Processing file /home/airflow/.local/lib/python3.12/site-packages/airflow/example_dags/example_python_decorator.py for tasks to queue
[2024-09-06T14:24:20.582+0000] {logging_mixin.py:190} INFO - [2024-09-06T14:24:20.582+0000] {dagbag.py:587} INFO - Filling up the DagBag from /home/airflow/.local/lib/python3.12/site-packages/airflow/example_dags/example_python_decorator.py
[2024-09-06T14:24:20.595+0000] {processor.py:925} INFO - DAG(s) 'example_python_decorator' retrieved from /home/airflow/.local/lib/python3.12/site-packages/airflow/example_dags/example_python_decorator.py
[2024-09-06T14:24:20.614+0000] {logging_mixin.py:190} INFO - [2024-09-06T14:24:20.614+0000] {dag.py:3229} INFO - Sync 1 DAGs
[2024-09-06T14:24:20.626+0000] {logging_mixin.py:190} INFO - [2024-09-06T14:24:20.626+0000] {dag.py:4156} INFO - Setting next_dagrun for example_python_decorator to None, run_after=None
[2024-09-06T14:24:20.645+0000] {processor.py:208} INFO - Processing /home/airflow/.local/lib/python3.12/site-packages/airflow/example_dags/example_python_decorator.py took 0.070 seconds
[2024-09-06T14:24:50.925+0000] {processor.py:186} INFO - Started process (PID=427) to work on /home/airflow/.local/lib/python3.12/site-packages/airflow/example_dags/example_python_decorator.py
[2024-09-06T14:24:50.926+0000] {processor.py:914} INFO - Processing file /home/airflow/.local/lib/python3.12/site-packages/airflow/example_dags/example_python_decorator.py for tasks to queue
[2024-09-06T14:24:50.928+0000] {logging_mixin.py:190} INFO - [2024-09-06T14:24:50.928+0000] {dagbag.py:587} INFO - Filling up the DagBag from /home/airflow/.local/lib/python3.12/site-packages/airflow/example_dags/example_python_decorator.py
[2024-09-06T14:24:50.941+0000] {processor.py:925} INFO - DAG(s) 'example_python_decorator' retrieved from /home/airflow/.local/lib/python3.12/site-packages/airflow/example_dags/example_python_decorator.py
[2024-09-06T14:24:50.961+0000] {logging_mixin.py:190} INFO - [2024-09-06T14:24:50.961+0000] {dag.py:3229} INFO - Sync 1 DAGs
[2024-09-06T14:24:50.975+0000] {logging_mixin.py:190} INFO - [2024-09-06T14:24:50.974+0000] {dag.py:4156} INFO - Setting next_dagrun for example_python_decorator to None, run_after=None
[2024-09-06T14:24:50.992+0000] {processor.py:208} INFO - Processing /home/airflow/.local/lib/python3.12/site-packages/airflow/example_dags/example_python_decorator.py took 0.072 seconds
[2024-09-06T14:25:21.325+0000] {processor.py:186} INFO - Started process (PID=490) to work on /home/airflow/.local/lib/python3.12/site-packages/airflow/example_dags/example_python_decorator.py
[2024-09-06T14:25:21.326+0000] {processor.py:914} INFO - Processing file /home/airflow/.local/lib/python3.12/site-packages/airflow/example_dags/example_python_decorator.py for tasks to queue
[2024-09-06T14:25:21.328+0000] {logging_mixin.py:190} INFO - [2024-09-06T14:25:21.328+0000] {dagbag.py:587} INFO - Filling up the DagBag from /home/airflow/.local/lib/python3.12/site-packages/airflow/example_dags/example_python_decorator.py
[2024-09-06T14:25:21.340+0000] {processor.py:925} INFO - DAG(s) 'example_python_decorator' retrieved from /home/airflow/.local/lib/python3.12/site-packages/airflow/example_dags/example_python_decorator.py
[2024-09-06T14:25:21.361+0000] {logging_mixin.py:190} INFO - [2024-09-06T14:25:21.361+0000] {dag.py:3229} INFO - Sync 1 DAGs
[2024-09-06T14:25:21.373+0000] {logging_mixin.py:190} INFO - [2024-09-06T14:25:21.373+0000] {dag.py:4156} INFO - Setting next_dagrun for example_python_decorator to None, run_after=None
[2024-09-06T14:25:21.391+0000] {processor.py:208} INFO - Processing /home/airflow/.local/lib/python3.12/site-packages/airflow/example_dags/example_python_decorator.py took 0.070 seconds
[2024-09-06T14:25:51.537+0000] {processor.py:186} INFO - Started process (PID=551) to work on /home/airflow/.local/lib/python3.12/site-packages/airflow/example_dags/example_python_decorator.py
[2024-09-06T14:25:51.538+0000] {processor.py:914} INFO - Processing file /home/airflow/.local/lib/python3.12/site-packages/airflow/example_dags/example_python_decorator.py for tasks to queue
[2024-09-06T14:25:51.540+0000] {logging_mixin.py:190} INFO - [2024-09-06T14:25:51.539+0000] {dagbag.py:587} INFO - Filling up the DagBag from /home/airflow/.local/lib/python3.12/site-packages/airflow/example_dags/example_python_decorator.py
[2024-09-06T14:25:51.552+0000] {processor.py:925} INFO - DAG(s) 'example_python_decorator' retrieved from /home/airflow/.local/lib/python3.12/site-packages/airflow/example_dags/example_python_decorator.py
[2024-09-06T14:25:51.573+0000] {logging_mixin.py:190} INFO - [2024-09-06T14:25:51.573+0000] {dag.py:3229} INFO - Sync 1 DAGs
[2024-09-06T14:25:51.587+0000] {logging_mixin.py:190} INFO - [2024-09-06T14:25:51.587+0000] {dag.py:4156} INFO - Setting next_dagrun for example_python_decorator to None, run_after=None
[2024-09-06T14:25:51.608+0000] {processor.py:208} INFO - Processing /home/airflow/.local/lib/python3.12/site-packages/airflow/example_dags/example_python_decorator.py took 0.076 seconds
[2024-09-06T14:26:21.916+0000] {processor.py:186} INFO - Started process (PID=613) to work on /home/airflow/.local/lib/python3.12/site-packages/airflow/example_dags/example_python_decorator.py
[2024-09-06T14:26:21.917+0000] {processor.py:914} INFO - Processing file /home/airflow/.local/lib/python3.12/site-packages/airflow/example_dags/example_python_decorator.py for tasks to queue
[2024-09-06T14:26:21.919+0000] {logging_mixin.py:190} INFO - [2024-09-06T14:26:21.919+0000] {dagbag.py:587} INFO - Filling up the DagBag from /home/airflow/.local/lib/python3.12/site-packages/airflow/example_dags/example_python_decorator.py
[2024-09-06T14:26:21.931+0000] {processor.py:925} INFO - DAG(s) 'example_python_decorator' retrieved from /home/airflow/.local/lib/python3.12/site-packages/airflow/example_dags/example_python_decorator.py
[2024-09-06T14:26:21.950+0000] {logging_mixin.py:190} INFO - [2024-09-06T14:26:21.950+0000] {dag.py:3229} INFO - Sync 1 DAGs
[2024-09-06T14:26:21.961+0000] {logging_mixin.py:190} INFO - [2024-09-06T14:26:21.961+0000] {dag.py:4156} INFO - Setting next_dagrun for example_python_decorator to None, run_after=None
[2024-09-06T14:26:21.978+0000] {processor.py:208} INFO - Processing /home/airflow/.local/lib/python3.12/site-packages/airflow/example_dags/example_python_decorator.py took 0.067 seconds
[2024-09-06T14:26:52.054+0000] {processor.py:186} INFO - Started process (PID=675) to work on /home/airflow/.local/lib/python3.12/site-packages/airflow/example_dags/example_python_decorator.py
[2024-09-06T14:26:52.055+0000] {processor.py:914} INFO - Processing file /home/airflow/.local/lib/python3.12/site-packages/airflow/example_dags/example_python_decorator.py for tasks to queue
[2024-09-06T14:26:52.057+0000] {logging_mixin.py:190} INFO - [2024-09-06T14:26:52.057+0000] {dagbag.py:587} INFO - Filling up the DagBag from /home/airflow/.local/lib/python3.12/site-packages/airflow/example_dags/example_python_decorator.py
[2024-09-06T14:26:52.070+0000] {processor.py:925} INFO - DAG(s) 'example_python_decorator' retrieved from /home/airflow/.local/lib/python3.12/site-packages/airflow/example_dags/example_python_decorator.py
[2024-09-06T14:26:52.088+0000] {logging_mixin.py:190} INFO - [2024-09-06T14:26:52.088+0000] {dag.py:3229} INFO - Sync 1 DAGs
[2024-09-06T14:26:52.101+0000] {logging_mixin.py:190} INFO - [2024-09-06T14:26:52.101+0000] {dag.py:4156} INFO - Setting next_dagrun for example_python_decorator to None, run_after=None
[2024-09-06T14:26:52.119+0000] {processor.py:208} INFO - Processing /home/airflow/.local/lib/python3.12/site-packages/airflow/example_dags/example_python_decorator.py took 0.069 seconds
[2024-09-06T14:27:22.323+0000] {processor.py:186} INFO - Started process (PID=737) to work on /home/airflow/.local/lib/python3.12/site-packages/airflow/example_dags/example_python_decorator.py
[2024-09-06T14:27:22.324+0000] {processor.py:914} INFO - Processing file /home/airflow/.local/lib/python3.12/site-packages/airflow/example_dags/example_python_decorator.py for tasks to queue
[2024-09-06T14:27:22.326+0000] {logging_mixin.py:190} INFO - [2024-09-06T14:27:22.325+0000] {dagbag.py:587} INFO - Filling up the DagBag from /home/airflow/.local/lib/python3.12/site-packages/airflow/example_dags/example_python_decorator.py
[2024-09-06T14:27:22.338+0000] {processor.py:925} INFO - DAG(s) 'example_python_decorator' retrieved from /home/airflow/.local/lib/python3.12/site-packages/airflow/example_dags/example_python_decorator.py
[2024-09-06T14:27:22.355+0000] {logging_mixin.py:190} INFO - [2024-09-06T14:27:22.355+0000] {dag.py:3229} INFO - Sync 1 DAGs
[2024-09-06T14:27:22.368+0000] {logging_mixin.py:190} INFO - [2024-09-06T14:27:22.368+0000] {dag.py:4156} INFO - Setting next_dagrun for example_python_decorator to None, run_after=None
[2024-09-06T14:27:22.383+0000] {processor.py:208} INFO - Processing /home/airflow/.local/lib/python3.12/site-packages/airflow/example_dags/example_python_decorator.py took 0.065 seconds
[2024-09-06T14:27:52.601+0000] {processor.py:186} INFO - Started process (PID=799) to work on /home/airflow/.local/lib/python3.12/site-packages/airflow/example_dags/example_python_decorator.py
[2024-09-06T14:27:52.602+0000] {processor.py:914} INFO - Processing file /home/airflow/.local/lib/python3.12/site-packages/airflow/example_dags/example_python_decorator.py for tasks to queue
[2024-09-06T14:27:52.604+0000] {logging_mixin.py:190} INFO - [2024-09-06T14:27:52.603+0000] {dagbag.py:587} INFO - Filling up the DagBag from /home/airflow/.local/lib/python3.12/site-packages/airflow/example_dags/example_python_decorator.py
[2024-09-06T14:27:52.617+0000] {processor.py:925} INFO - DAG(s) 'example_python_decorator' retrieved from /home/airflow/.local/lib/python3.12/site-packages/airflow/example_dags/example_python_decorator.py
[2024-09-06T14:27:52.637+0000] {logging_mixin.py:190} INFO - [2024-09-06T14:27:52.637+0000] {dag.py:3229} INFO - Sync 1 DAGs
[2024-09-06T14:27:52.650+0000] {logging_mixin.py:190} INFO - [2024-09-06T14:27:52.650+0000] {dag.py:4156} INFO - Setting next_dagrun for example_python_decorator to None, run_after=None
[2024-09-06T14:27:52.669+0000] {processor.py:208} INFO - Processing /home/airflow/.local/lib/python3.12/site-packages/airflow/example_dags/example_python_decorator.py took 0.073 seconds
[2024-09-06T14:28:22.990+0000] {processor.py:186} INFO - Started process (PID=861) to work on /home/airflow/.local/lib/python3.12/site-packages/airflow/example_dags/example_python_decorator.py
[2024-09-06T14:28:22.991+0000] {processor.py:914} INFO - Processing file /home/airflow/.local/lib/python3.12/site-packages/airflow/example_dags/example_python_decorator.py for tasks to queue
[2024-09-06T14:28:22.993+0000] {logging_mixin.py:190} INFO - [2024-09-06T14:28:22.992+0000] {dagbag.py:587} INFO - Filling up the DagBag from /home/airflow/.local/lib/python3.12/site-packages/airflow/example_dags/example_python_decorator.py
[2024-09-06T14:28:23.005+0000] {processor.py:925} INFO - DAG(s) 'example_python_decorator' retrieved from /home/airflow/.local/lib/python3.12/site-packages/airflow/example_dags/example_python_decorator.py
[2024-09-06T14:28:23.023+0000] {logging_mixin.py:190} INFO - [2024-09-06T14:28:23.023+0000] {dag.py:3229} INFO - Sync 1 DAGs
[2024-09-06T14:28:23.035+0000] {logging_mixin.py:190} INFO - [2024-09-06T14:28:23.035+0000] {dag.py:4156} INFO - Setting next_dagrun for example_python_decorator to None, run_after=None
[2024-09-06T14:28:23.054+0000] {processor.py:208} INFO - Processing /home/airflow/.local/lib/python3.12/site-packages/airflow/example_dags/example_python_decorator.py took 0.069 seconds
[2024-09-06T14:28:53.125+0000] {processor.py:186} INFO - Started process (PID=923) to work on /home/airflow/.local/lib/python3.12/site-packages/airflow/example_dags/example_python_decorator.py
[2024-09-06T14:28:53.126+0000] {processor.py:914} INFO - Processing file /home/airflow/.local/lib/python3.12/site-packages/airflow/example_dags/example_python_decorator.py for tasks to queue
[2024-09-06T14:28:53.128+0000] {logging_mixin.py:190} INFO - [2024-09-06T14:28:53.128+0000] {dagbag.py:587} INFO - Filling up the DagBag from /home/airflow/.local/lib/python3.12/site-packages/airflow/example_dags/example_python_decorator.py
[2024-09-06T14:28:53.140+0000] {processor.py:925} INFO - DAG(s) 'example_python_decorator' retrieved from /home/airflow/.local/lib/python3.12/site-packages/airflow/example_dags/example_python_decorator.py
[2024-09-06T14:28:53.161+0000] {logging_mixin.py:190} INFO - [2024-09-06T14:28:53.161+0000] {dag.py:3229} INFO - Sync 1 DAGs
[2024-09-06T14:28:53.175+0000] {logging_mixin.py:190} INFO - [2024-09-06T14:28:53.175+0000] {dag.py:4156} INFO - Setting next_dagrun for example_python_decorator to None, run_after=None
[2024-09-06T14:28:53.191+0000] {processor.py:208} INFO - Processing /home/airflow/.local/lib/python3.12/site-packages/airflow/example_dags/example_python_decorator.py took 0.071 seconds
[2024-09-06T14:29:24.038+0000] {processor.py:186} INFO - Started process (PID=985) to work on /home/airflow/.local/lib/python3.12/site-packages/airflow/example_dags/example_python_decorator.py
[2024-09-06T14:29:24.039+0000] {processor.py:914} INFO - Processing file /home/airflow/.local/lib/python3.12/site-packages/airflow/example_dags/example_python_decorator.py for tasks to queue
[2024-09-06T14:29:24.041+0000] {logging_mixin.py:190} INFO - [2024-09-06T14:29:24.041+0000] {dagbag.py:587} INFO - Filling up the DagBag from /home/airflow/.local/lib/python3.12/site-packages/airflow/example_dags/example_python_decorator.py
[2024-09-06T14:29:24.052+0000] {processor.py:925} INFO - DAG(s) 'example_python_decorator' retrieved from /home/airflow/.local/lib/python3.12/site-packages/airflow/example_dags/example_python_decorator.py
[2024-09-06T14:29:24.071+0000] {logging_mixin.py:190} INFO - [2024-09-06T14:29:24.070+0000] {dag.py:3229} INFO - Sync 1 DAGs
[2024-09-06T14:29:24.085+0000] {logging_mixin.py:190} INFO - [2024-09-06T14:29:24.085+0000] {dag.py:4156} INFO - Setting next_dagrun for example_python_decorator to None, run_after=None
[2024-09-06T14:29:24.104+0000] {processor.py:208} INFO - Processing /home/airflow/.local/lib/python3.12/site-packages/airflow/example_dags/example_python_decorator.py took 0.071 seconds
[2024-09-06T14:29:54.977+0000] {processor.py:186} INFO - Started process (PID=1047) to work on /home/airflow/.local/lib/python3.12/site-packages/airflow/example_dags/example_python_decorator.py
[2024-09-06T14:29:54.978+0000] {processor.py:914} INFO - Processing file /home/airflow/.local/lib/python3.12/site-packages/airflow/example_dags/example_python_decorator.py for tasks to queue
[2024-09-06T14:29:54.980+0000] {logging_mixin.py:190} INFO - [2024-09-06T14:29:54.980+0000] {dagbag.py:587} INFO - Filling up the DagBag from /home/airflow/.local/lib/python3.12/site-packages/airflow/example_dags/example_python_decorator.py
[2024-09-06T14:29:54.992+0000] {processor.py:925} INFO - DAG(s) 'example_python_decorator' retrieved from /home/airflow/.local/lib/python3.12/site-packages/airflow/example_dags/example_python_decorator.py
[2024-09-06T14:29:55.008+0000] {logging_mixin.py:190} INFO - [2024-09-06T14:29:55.008+0000] {dag.py:3229} INFO - Sync 1 DAGs
[2024-09-06T14:29:55.021+0000] {logging_mixin.py:190} INFO - [2024-09-06T14:29:55.020+0000] {dag.py:4156} INFO - Setting next_dagrun for example_python_decorator to None, run_after=None
[2024-09-06T14:29:55.039+0000] {processor.py:208} INFO - Processing /home/airflow/.local/lib/python3.12/site-packages/airflow/example_dags/example_python_decorator.py took 0.068 seconds
[2024-09-06T14:30:25.326+0000] {processor.py:186} INFO - Started process (PID=1109) to work on /home/airflow/.local/lib/python3.12/site-packages/airflow/example_dags/example_python_decorator.py
[2024-09-06T14:30:25.327+0000] {processor.py:914} INFO - Processing file /home/airflow/.local/lib/python3.12/site-packages/airflow/example_dags/example_python_decorator.py for tasks to queue
[2024-09-06T14:30:25.329+0000] {logging_mixin.py:190} INFO - [2024-09-06T14:30:25.328+0000] {dagbag.py:587} INFO - Filling up the DagBag from /home/airflow/.local/lib/python3.12/site-packages/airflow/example_dags/example_python_decorator.py
[2024-09-06T14:30:25.340+0000] {processor.py:925} INFO - DAG(s) 'example_python_decorator' retrieved from /home/airflow/.local/lib/python3.12/site-packages/airflow/example_dags/example_python_decorator.py
[2024-09-06T14:30:25.360+0000] {logging_mixin.py:190} INFO - [2024-09-06T14:30:25.360+0000] {dag.py:3229} INFO - Sync 1 DAGs
[2024-09-06T14:30:25.371+0000] {logging_mixin.py:190} INFO - [2024-09-06T14:30:25.371+0000] {dag.py:4156} INFO - Setting next_dagrun for example_python_decorator to None, run_after=None
[2024-09-06T14:30:25.390+0000] {processor.py:208} INFO - Processing /home/airflow/.local/lib/python3.12/site-packages/airflow/example_dags/example_python_decorator.py took 0.069 seconds
[2024-09-06T14:30:55.705+0000] {processor.py:186} INFO - Started process (PID=1171) to work on /home/airflow/.local/lib/python3.12/site-packages/airflow/example_dags/example_python_decorator.py
[2024-09-06T14:30:55.705+0000] {processor.py:914} INFO - Processing file /home/airflow/.local/lib/python3.12/site-packages/airflow/example_dags/example_python_decorator.py for tasks to queue
[2024-09-06T14:30:55.707+0000] {logging_mixin.py:190} INFO - [2024-09-06T14:30:55.707+0000] {dagbag.py:587} INFO - Filling up the DagBag from /home/airflow/.local/lib/python3.12/site-packages/airflow/example_dags/example_python_decorator.py
[2024-09-06T14:30:55.721+0000] {processor.py:925} INFO - DAG(s) 'example_python_decorator' retrieved from /home/airflow/.local/lib/python3.12/site-packages/airflow/example_dags/example_python_decorator.py
[2024-09-06T14:30:55.740+0000] {logging_mixin.py:190} INFO - [2024-09-06T14:30:55.740+0000] {dag.py:3229} INFO - Sync 1 DAGs
[2024-09-06T14:30:55.753+0000] {logging_mixin.py:190} INFO - [2024-09-06T14:30:55.753+0000] {dag.py:4156} INFO - Setting next_dagrun for example_python_decorator to None, run_after=None
[2024-09-06T14:30:55.771+0000] {processor.py:208} INFO - Processing /home/airflow/.local/lib/python3.12/site-packages/airflow/example_dags/example_python_decorator.py took 0.071 seconds
[2024-09-06T14:31:26.449+0000] {processor.py:186} INFO - Started process (PID=1233) to work on /home/airflow/.local/lib/python3.12/site-packages/airflow/example_dags/example_python_decorator.py
[2024-09-06T14:31:26.450+0000] {processor.py:914} INFO - Processing file /home/airflow/.local/lib/python3.12/site-packages/airflow/example_dags/example_python_decorator.py for tasks to queue
[2024-09-06T14:31:26.455+0000] {logging_mixin.py:190} INFO - [2024-09-06T14:31:26.454+0000] {dagbag.py:587} INFO - Filling up the DagBag from /home/airflow/.local/lib/python3.12/site-packages/airflow/example_dags/example_python_decorator.py
[2024-09-06T14:31:26.472+0000] {processor.py:925} INFO - DAG(s) 'example_python_decorator' retrieved from /home/airflow/.local/lib/python3.12/site-packages/airflow/example_dags/example_python_decorator.py
[2024-09-06T14:31:26.497+0000] {logging_mixin.py:190} INFO - [2024-09-06T14:31:26.497+0000] {dag.py:3229} INFO - Sync 1 DAGs
[2024-09-06T14:31:26.515+0000] {logging_mixin.py:190} INFO - [2024-09-06T14:31:26.514+0000] {dag.py:4156} INFO - Setting next_dagrun for example_python_decorator to None, run_after=None
[2024-09-06T14:31:26.534+0000] {processor.py:208} INFO - Processing /home/airflow/.local/lib/python3.12/site-packages/airflow/example_dags/example_python_decorator.py took 0.092 seconds
[2024-09-06T14:31:56.862+0000] {processor.py:186} INFO - Started process (PID=1295) to work on /home/airflow/.local/lib/python3.12/site-packages/airflow/example_dags/example_python_decorator.py
[2024-09-06T14:31:56.862+0000] {processor.py:914} INFO - Processing file /home/airflow/.local/lib/python3.12/site-packages/airflow/example_dags/example_python_decorator.py for tasks to queue
[2024-09-06T14:31:56.864+0000] {logging_mixin.py:190} INFO - [2024-09-06T14:31:56.864+0000] {dagbag.py:587} INFO - Filling up the DagBag from /home/airflow/.local/lib/python3.12/site-packages/airflow/example_dags/example_python_decorator.py
[2024-09-06T14:31:56.878+0000] {processor.py:925} INFO - DAG(s) 'example_python_decorator' retrieved from /home/airflow/.local/lib/python3.12/site-packages/airflow/example_dags/example_python_decorator.py
[2024-09-06T14:31:56.896+0000] {logging_mixin.py:190} INFO - [2024-09-06T14:31:56.896+0000] {dag.py:3229} INFO - Sync 1 DAGs
[2024-09-06T14:31:56.908+0000] {logging_mixin.py:190} INFO - [2024-09-06T14:31:56.907+0000] {dag.py:4156} INFO - Setting next_dagrun for example_python_decorator to None, run_after=None
[2024-09-06T14:31:56.925+0000] {processor.py:208} INFO - Processing /home/airflow/.local/lib/python3.12/site-packages/airflow/example_dags/example_python_decorator.py took 0.069 seconds
[2024-09-06T14:32:27.448+0000] {processor.py:186} INFO - Started process (PID=1357) to work on /home/airflow/.local/lib/python3.12/site-packages/airflow/example_dags/example_python_decorator.py
[2024-09-06T14:32:27.449+0000] {processor.py:914} INFO - Processing file /home/airflow/.local/lib/python3.12/site-packages/airflow/example_dags/example_python_decorator.py for tasks to queue
[2024-09-06T14:32:27.452+0000] {logging_mixin.py:190} INFO - [2024-09-06T14:32:27.451+0000] {dagbag.py:587} INFO - Filling up the DagBag from /home/airflow/.local/lib/python3.12/site-packages/airflow/example_dags/example_python_decorator.py
[2024-09-06T14:32:27.463+0000] {processor.py:925} INFO - DAG(s) 'example_python_decorator' retrieved from /home/airflow/.local/lib/python3.12/site-packages/airflow/example_dags/example_python_decorator.py
[2024-09-06T14:32:27.483+0000] {logging_mixin.py:190} INFO - [2024-09-06T14:32:27.483+0000] {dag.py:3229} INFO - Sync 1 DAGs
[2024-09-06T14:32:27.495+0000] {logging_mixin.py:190} INFO - [2024-09-06T14:32:27.494+0000] {dag.py:4156} INFO - Setting next_dagrun for example_python_decorator to None, run_after=None
[2024-09-06T14:32:27.512+0000] {processor.py:208} INFO - Processing /home/airflow/.local/lib/python3.12/site-packages/airflow/example_dags/example_python_decorator.py took 0.069 seconds
[2024-09-06T14:32:57.971+0000] {processor.py:186} INFO - Started process (PID=1419) to work on /home/airflow/.local/lib/python3.12/site-packages/airflow/example_dags/example_python_decorator.py
[2024-09-06T14:32:57.972+0000] {processor.py:914} INFO - Processing file /home/airflow/.local/lib/python3.12/site-packages/airflow/example_dags/example_python_decorator.py for tasks to queue
[2024-09-06T14:32:57.976+0000] {logging_mixin.py:190} INFO - [2024-09-06T14:32:57.974+0000] {dagbag.py:587} INFO - Filling up the DagBag from /home/airflow/.local/lib/python3.12/site-packages/airflow/example_dags/example_python_decorator.py
[2024-09-06T14:32:58.010+0000] {processor.py:925} INFO - DAG(s) 'example_python_decorator' retrieved from /home/airflow/.local/lib/python3.12/site-packages/airflow/example_dags/example_python_decorator.py
[2024-09-06T14:32:58.040+0000] {logging_mixin.py:190} INFO - [2024-09-06T14:32:58.039+0000] {dag.py:3229} INFO - Sync 1 DAGs
[2024-09-06T14:32:58.052+0000] {logging_mixin.py:190} INFO - [2024-09-06T14:32:58.052+0000] {dag.py:4156} INFO - Setting next_dagrun for example_python_decorator to None, run_after=None
[2024-09-06T14:32:58.072+0000] {processor.py:208} INFO - Processing /home/airflow/.local/lib/python3.12/site-packages/airflow/example_dags/example_python_decorator.py took 0.106 seconds
[2024-09-06T14:33:28.590+0000] {processor.py:186} INFO - Started process (PID=1481) to work on /home/airflow/.local/lib/python3.12/site-packages/airflow/example_dags/example_python_decorator.py
[2024-09-06T14:33:28.591+0000] {processor.py:914} INFO - Processing file /home/airflow/.local/lib/python3.12/site-packages/airflow/example_dags/example_python_decorator.py for tasks to queue
[2024-09-06T14:33:28.593+0000] {logging_mixin.py:190} INFO - [2024-09-06T14:33:28.592+0000] {dagbag.py:587} INFO - Filling up the DagBag from /home/airflow/.local/lib/python3.12/site-packages/airflow/example_dags/example_python_decorator.py
[2024-09-06T14:33:28.605+0000] {processor.py:925} INFO - DAG(s) 'example_python_decorator' retrieved from /home/airflow/.local/lib/python3.12/site-packages/airflow/example_dags/example_python_decorator.py
[2024-09-06T14:33:28.624+0000] {logging_mixin.py:190} INFO - [2024-09-06T14:33:28.624+0000] {dag.py:3229} INFO - Sync 1 DAGs
[2024-09-06T14:33:28.637+0000] {logging_mixin.py:190} INFO - [2024-09-06T14:33:28.637+0000] {dag.py:4156} INFO - Setting next_dagrun for example_python_decorator to None, run_after=None
[2024-09-06T14:33:28.653+0000] {processor.py:208} INFO - Processing /home/airflow/.local/lib/python3.12/site-packages/airflow/example_dags/example_python_decorator.py took 0.069 seconds
