[2024-09-06T14:22:11.138+0000] {processor.py:186} INFO - Started process (PID=75) to work on /home/airflow/.local/lib/python3.12/site-packages/airflow/example_dags/example_params_trigger_ui.py
[2024-09-06T14:22:11.140+0000] {processor.py:914} INFO - Processing file /home/airflow/.local/lib/python3.12/site-packages/airflow/example_dags/example_params_trigger_ui.py for tasks to queue
[2024-09-06T14:22:11.144+0000] {logging_mixin.py:190} INFO - [2024-09-06T14:22:11.144+0000] {dagbag.py:587} INFO - Filling up the DagBag from /home/airflow/.local/lib/python3.12/site-packages/airflow/example_dags/example_params_trigger_ui.py
[2024-09-06T14:22:11.164+0000] {processor.py:925} INFO - DAG(s) 'example_params_trigger_ui' retrieved from /home/airflow/.local/lib/python3.12/site-packages/airflow/example_dags/example_params_trigger_ui.py
[2024-09-06T14:22:11.372+0000] {logging_mixin.py:190} INFO - [2024-09-06T14:22:11.371+0000] {override.py:1900} INFO - Created Permission View: can read on DAG:example_params_trigger_ui
[2024-09-06T14:22:11.388+0000] {logging_mixin.py:190} INFO - [2024-09-06T14:22:11.387+0000] {override.py:1900} INFO - Created Permission View: can delete on DAG:example_params_trigger_ui
[2024-09-06T14:22:11.397+0000] {logging_mixin.py:190} INFO - [2024-09-06T14:22:11.397+0000] {override.py:1900} INFO - Created Permission View: can edit on DAG:example_params_trigger_ui
[2024-09-06T14:22:11.409+0000] {logging_mixin.py:190} INFO - [2024-09-06T14:22:11.409+0000] {override.py:1900} INFO - Created Permission View: can read on DAG Run:example_params_trigger_ui
[2024-09-06T14:22:11.419+0000] {logging_mixin.py:190} INFO - [2024-09-06T14:22:11.419+0000] {override.py:1900} INFO - Created Permission View: can delete on DAG Run:example_params_trigger_ui
[2024-09-06T14:22:11.428+0000] {logging_mixin.py:190} INFO - [2024-09-06T14:22:11.428+0000] {override.py:1900} INFO - Created Permission View: menu access on DAG Run:example_params_trigger_ui
[2024-09-06T14:22:11.437+0000] {logging_mixin.py:190} INFO - [2024-09-06T14:22:11.436+0000] {override.py:1900} INFO - Created Permission View: can create on DAG Run:example_params_trigger_ui
[2024-09-06T14:22:11.438+0000] {logging_mixin.py:190} INFO - [2024-09-06T14:22:11.438+0000] {dag.py:3229} INFO - Sync 1 DAGs
[2024-09-06T14:22:11.457+0000] {logging_mixin.py:190} INFO - [2024-09-06T14:22:11.457+0000] {dag.py:3252} INFO - Creating ORM DAG for example_params_trigger_ui
[2024-09-06T14:22:11.458+0000] {logging_mixin.py:190} INFO - [2024-09-06T14:22:11.458+0000] {dag.py:4156} INFO - Setting next_dagrun for example_params_trigger_ui to None, run_after=None
[2024-09-06T14:22:11.483+0000] {processor.py:208} INFO - Processing /home/airflow/.local/lib/python3.12/site-packages/airflow/example_dags/example_params_trigger_ui.py took 0.353 seconds
[2024-09-06T14:22:41.690+0000] {processor.py:186} INFO - Started process (PID=137) to work on /home/airflow/.local/lib/python3.12/site-packages/airflow/example_dags/example_params_trigger_ui.py
[2024-09-06T14:22:41.692+0000] {processor.py:914} INFO - Processing file /home/airflow/.local/lib/python3.12/site-packages/airflow/example_dags/example_params_trigger_ui.py for tasks to queue
[2024-09-06T14:22:41.694+0000] {logging_mixin.py:190} INFO - [2024-09-06T14:22:41.694+0000] {dagbag.py:587} INFO - Filling up the DagBag from /home/airflow/.local/lib/python3.12/site-packages/airflow/example_dags/example_params_trigger_ui.py
[2024-09-06T14:22:41.707+0000] {processor.py:925} INFO - DAG(s) 'example_params_trigger_ui' retrieved from /home/airflow/.local/lib/python3.12/site-packages/airflow/example_dags/example_params_trigger_ui.py
[2024-09-06T14:22:41.766+0000] {logging_mixin.py:190} INFO - [2024-09-06T14:22:41.765+0000] {dag.py:3229} INFO - Sync 1 DAGs
[2024-09-06T14:22:41.786+0000] {logging_mixin.py:190} INFO - [2024-09-06T14:22:41.785+0000] {dag.py:4156} INFO - Setting next_dagrun for example_params_trigger_ui to None, run_after=None
[2024-09-06T14:22:41.813+0000] {processor.py:208} INFO - Processing /home/airflow/.local/lib/python3.12/site-packages/airflow/example_dags/example_params_trigger_ui.py took 0.129 seconds
[2024-09-06T14:23:12.327+0000] {processor.py:186} INFO - Started process (PID=199) to work on /home/airflow/.local/lib/python3.12/site-packages/airflow/example_dags/example_params_trigger_ui.py
[2024-09-06T14:23:12.328+0000] {processor.py:914} INFO - Processing file /home/airflow/.local/lib/python3.12/site-packages/airflow/example_dags/example_params_trigger_ui.py for tasks to queue
[2024-09-06T14:23:12.330+0000] {logging_mixin.py:190} INFO - [2024-09-06T14:23:12.330+0000] {dagbag.py:587} INFO - Filling up the DagBag from /home/airflow/.local/lib/python3.12/site-packages/airflow/example_dags/example_params_trigger_ui.py
[2024-09-06T14:23:12.343+0000] {processor.py:925} INFO - DAG(s) 'example_params_trigger_ui' retrieved from /home/airflow/.local/lib/python3.12/site-packages/airflow/example_dags/example_params_trigger_ui.py
[2024-09-06T14:23:12.397+0000] {logging_mixin.py:190} INFO - [2024-09-06T14:23:12.396+0000] {dag.py:3229} INFO - Sync 1 DAGs
[2024-09-06T14:23:12.416+0000] {logging_mixin.py:190} INFO - [2024-09-06T14:23:12.416+0000] {dag.py:4156} INFO - Setting next_dagrun for example_params_trigger_ui to None, run_after=None
[2024-09-06T14:23:12.444+0000] {processor.py:208} INFO - Processing /home/airflow/.local/lib/python3.12/site-packages/airflow/example_dags/example_params_trigger_ui.py took 0.122 seconds
[2024-09-06T14:23:42.485+0000] {processor.py:186} INFO - Started process (PID=261) to work on /home/airflow/.local/lib/python3.12/site-packages/airflow/example_dags/example_params_trigger_ui.py
[2024-09-06T14:23:42.486+0000] {processor.py:914} INFO - Processing file /home/airflow/.local/lib/python3.12/site-packages/airflow/example_dags/example_params_trigger_ui.py for tasks to queue
[2024-09-06T14:23:42.488+0000] {logging_mixin.py:190} INFO - [2024-09-06T14:23:42.488+0000] {dagbag.py:587} INFO - Filling up the DagBag from /home/airflow/.local/lib/python3.12/site-packages/airflow/example_dags/example_params_trigger_ui.py
[2024-09-06T14:23:42.497+0000] {processor.py:925} INFO - DAG(s) 'example_params_trigger_ui' retrieved from /home/airflow/.local/lib/python3.12/site-packages/airflow/example_dags/example_params_trigger_ui.py
[2024-09-06T14:23:42.535+0000] {logging_mixin.py:190} INFO - [2024-09-06T14:23:42.535+0000] {dag.py:3229} INFO - Sync 1 DAGs
[2024-09-06T14:23:42.550+0000] {logging_mixin.py:190} INFO - [2024-09-06T14:23:42.550+0000] {dag.py:4156} INFO - Setting next_dagrun for example_params_trigger_ui to None, run_after=None
[2024-09-06T14:23:42.582+0000] {processor.py:208} INFO - Processing /home/airflow/.local/lib/python3.12/site-packages/airflow/example_dags/example_params_trigger_ui.py took 0.102 seconds
[2024-09-06T14:24:12.973+0000] {processor.py:186} INFO - Started process (PID=323) to work on /home/airflow/.local/lib/python3.12/site-packages/airflow/example_dags/example_params_trigger_ui.py
[2024-09-06T14:24:12.974+0000] {processor.py:914} INFO - Processing file /home/airflow/.local/lib/python3.12/site-packages/airflow/example_dags/example_params_trigger_ui.py for tasks to queue
[2024-09-06T14:24:12.976+0000] {logging_mixin.py:190} INFO - [2024-09-06T14:24:12.976+0000] {dagbag.py:587} INFO - Filling up the DagBag from /home/airflow/.local/lib/python3.12/site-packages/airflow/example_dags/example_params_trigger_ui.py
[2024-09-06T14:24:12.989+0000] {processor.py:925} INFO - DAG(s) 'example_params_trigger_ui' retrieved from /home/airflow/.local/lib/python3.12/site-packages/airflow/example_dags/example_params_trigger_ui.py
[2024-09-06T14:24:13.041+0000] {logging_mixin.py:190} INFO - [2024-09-06T14:24:13.040+0000] {dag.py:3229} INFO - Sync 1 DAGs
[2024-09-06T14:24:13.056+0000] {logging_mixin.py:190} INFO - [2024-09-06T14:24:13.055+0000] {dag.py:4156} INFO - Setting next_dagrun for example_params_trigger_ui to None, run_after=None
[2024-09-06T14:24:13.073+0000] {processor.py:208} INFO - Processing /home/airflow/.local/lib/python3.12/site-packages/airflow/example_dags/example_params_trigger_ui.py took 0.104 seconds
[2024-09-06T14:24:43.365+0000] {processor.py:186} INFO - Started process (PID=385) to work on /home/airflow/.local/lib/python3.12/site-packages/airflow/example_dags/example_params_trigger_ui.py
[2024-09-06T14:24:43.366+0000] {processor.py:914} INFO - Processing file /home/airflow/.local/lib/python3.12/site-packages/airflow/example_dags/example_params_trigger_ui.py for tasks to queue
[2024-09-06T14:24:43.368+0000] {logging_mixin.py:190} INFO - [2024-09-06T14:24:43.367+0000] {dagbag.py:587} INFO - Filling up the DagBag from /home/airflow/.local/lib/python3.12/site-packages/airflow/example_dags/example_params_trigger_ui.py
[2024-09-06T14:24:43.376+0000] {processor.py:925} INFO - DAG(s) 'example_params_trigger_ui' retrieved from /home/airflow/.local/lib/python3.12/site-packages/airflow/example_dags/example_params_trigger_ui.py
[2024-09-06T14:24:43.414+0000] {logging_mixin.py:190} INFO - [2024-09-06T14:24:43.414+0000] {dag.py:3229} INFO - Sync 1 DAGs
[2024-09-06T14:24:43.426+0000] {logging_mixin.py:190} INFO - [2024-09-06T14:24:43.426+0000] {dag.py:4156} INFO - Setting next_dagrun for example_params_trigger_ui to None, run_after=None
[2024-09-06T14:24:43.449+0000] {processor.py:208} INFO - Processing /home/airflow/.local/lib/python3.12/site-packages/airflow/example_dags/example_params_trigger_ui.py took 0.089 seconds
[2024-09-06T14:25:13.626+0000] {processor.py:186} INFO - Started process (PID=448) to work on /home/airflow/.local/lib/python3.12/site-packages/airflow/example_dags/example_params_trigger_ui.py
[2024-09-06T14:25:13.627+0000] {processor.py:914} INFO - Processing file /home/airflow/.local/lib/python3.12/site-packages/airflow/example_dags/example_params_trigger_ui.py for tasks to queue
[2024-09-06T14:25:13.629+0000] {logging_mixin.py:190} INFO - [2024-09-06T14:25:13.629+0000] {dagbag.py:587} INFO - Filling up the DagBag from /home/airflow/.local/lib/python3.12/site-packages/airflow/example_dags/example_params_trigger_ui.py
[2024-09-06T14:25:13.638+0000] {processor.py:925} INFO - DAG(s) 'example_params_trigger_ui' retrieved from /home/airflow/.local/lib/python3.12/site-packages/airflow/example_dags/example_params_trigger_ui.py
[2024-09-06T14:25:13.676+0000] {logging_mixin.py:190} INFO - [2024-09-06T14:25:13.675+0000] {dag.py:3229} INFO - Sync 1 DAGs
[2024-09-06T14:25:13.689+0000] {logging_mixin.py:190} INFO - [2024-09-06T14:25:13.688+0000] {dag.py:4156} INFO - Setting next_dagrun for example_params_trigger_ui to None, run_after=None
[2024-09-06T14:25:13.711+0000] {processor.py:208} INFO - Processing /home/airflow/.local/lib/python3.12/site-packages/airflow/example_dags/example_params_trigger_ui.py took 0.090 seconds
[2024-09-06T14:25:44.124+0000] {processor.py:186} INFO - Started process (PID=509) to work on /home/airflow/.local/lib/python3.12/site-packages/airflow/example_dags/example_params_trigger_ui.py
[2024-09-06T14:25:44.125+0000] {processor.py:914} INFO - Processing file /home/airflow/.local/lib/python3.12/site-packages/airflow/example_dags/example_params_trigger_ui.py for tasks to queue
[2024-09-06T14:25:44.127+0000] {logging_mixin.py:190} INFO - [2024-09-06T14:25:44.127+0000] {dagbag.py:587} INFO - Filling up the DagBag from /home/airflow/.local/lib/python3.12/site-packages/airflow/example_dags/example_params_trigger_ui.py
[2024-09-06T14:25:44.135+0000] {processor.py:925} INFO - DAG(s) 'example_params_trigger_ui' retrieved from /home/airflow/.local/lib/python3.12/site-packages/airflow/example_dags/example_params_trigger_ui.py
[2024-09-06T14:25:44.172+0000] {logging_mixin.py:190} INFO - [2024-09-06T14:25:44.172+0000] {dag.py:3229} INFO - Sync 1 DAGs
[2024-09-06T14:25:44.185+0000] {logging_mixin.py:190} INFO - [2024-09-06T14:25:44.184+0000] {dag.py:4156} INFO - Setting next_dagrun for example_params_trigger_ui to None, run_after=None
[2024-09-06T14:25:44.203+0000] {processor.py:208} INFO - Processing /home/airflow/.local/lib/python3.12/site-packages/airflow/example_dags/example_params_trigger_ui.py took 0.084 seconds
[2024-09-06T14:26:14.364+0000] {processor.py:186} INFO - Started process (PID=571) to work on /home/airflow/.local/lib/python3.12/site-packages/airflow/example_dags/example_params_trigger_ui.py
[2024-09-06T14:26:14.365+0000] {processor.py:914} INFO - Processing file /home/airflow/.local/lib/python3.12/site-packages/airflow/example_dags/example_params_trigger_ui.py for tasks to queue
[2024-09-06T14:26:14.368+0000] {logging_mixin.py:190} INFO - [2024-09-06T14:26:14.368+0000] {dagbag.py:587} INFO - Filling up the DagBag from /home/airflow/.local/lib/python3.12/site-packages/airflow/example_dags/example_params_trigger_ui.py
[2024-09-06T14:26:14.379+0000] {processor.py:925} INFO - DAG(s) 'example_params_trigger_ui' retrieved from /home/airflow/.local/lib/python3.12/site-packages/airflow/example_dags/example_params_trigger_ui.py
[2024-09-06T14:26:14.426+0000] {logging_mixin.py:190} INFO - [2024-09-06T14:26:14.426+0000] {dag.py:3229} INFO - Sync 1 DAGs
[2024-09-06T14:26:14.441+0000] {logging_mixin.py:190} INFO - [2024-09-06T14:26:14.441+0000] {dag.py:4156} INFO - Setting next_dagrun for example_params_trigger_ui to None, run_after=None
[2024-09-06T14:26:14.462+0000] {processor.py:208} INFO - Processing /home/airflow/.local/lib/python3.12/site-packages/airflow/example_dags/example_params_trigger_ui.py took 0.104 seconds
[2024-09-06T14:26:44.572+0000] {processor.py:186} INFO - Started process (PID=633) to work on /home/airflow/.local/lib/python3.12/site-packages/airflow/example_dags/example_params_trigger_ui.py
[2024-09-06T14:26:44.573+0000] {processor.py:914} INFO - Processing file /home/airflow/.local/lib/python3.12/site-packages/airflow/example_dags/example_params_trigger_ui.py for tasks to queue
[2024-09-06T14:26:44.575+0000] {logging_mixin.py:190} INFO - [2024-09-06T14:26:44.574+0000] {dagbag.py:587} INFO - Filling up the DagBag from /home/airflow/.local/lib/python3.12/site-packages/airflow/example_dags/example_params_trigger_ui.py
[2024-09-06T14:26:44.583+0000] {processor.py:925} INFO - DAG(s) 'example_params_trigger_ui' retrieved from /home/airflow/.local/lib/python3.12/site-packages/airflow/example_dags/example_params_trigger_ui.py
[2024-09-06T14:26:44.619+0000] {logging_mixin.py:190} INFO - [2024-09-06T14:26:44.619+0000] {dag.py:3229} INFO - Sync 1 DAGs
[2024-09-06T14:26:44.631+0000] {logging_mixin.py:190} INFO - [2024-09-06T14:26:44.630+0000] {dag.py:4156} INFO - Setting next_dagrun for example_params_trigger_ui to None, run_after=None
[2024-09-06T14:26:44.649+0000] {processor.py:208} INFO - Processing /home/airflow/.local/lib/python3.12/site-packages/airflow/example_dags/example_params_trigger_ui.py took 0.082 seconds
[2024-09-06T14:27:14.701+0000] {processor.py:186} INFO - Started process (PID=695) to work on /home/airflow/.local/lib/python3.12/site-packages/airflow/example_dags/example_params_trigger_ui.py
[2024-09-06T14:27:14.702+0000] {processor.py:914} INFO - Processing file /home/airflow/.local/lib/python3.12/site-packages/airflow/example_dags/example_params_trigger_ui.py for tasks to queue
[2024-09-06T14:27:14.705+0000] {logging_mixin.py:190} INFO - [2024-09-06T14:27:14.704+0000] {dagbag.py:587} INFO - Filling up the DagBag from /home/airflow/.local/lib/python3.12/site-packages/airflow/example_dags/example_params_trigger_ui.py
[2024-09-06T14:27:14.715+0000] {processor.py:925} INFO - DAG(s) 'example_params_trigger_ui' retrieved from /home/airflow/.local/lib/python3.12/site-packages/airflow/example_dags/example_params_trigger_ui.py
[2024-09-06T14:27:14.756+0000] {logging_mixin.py:190} INFO - [2024-09-06T14:27:14.756+0000] {dag.py:3229} INFO - Sync 1 DAGs
[2024-09-06T14:27:14.770+0000] {logging_mixin.py:190} INFO - [2024-09-06T14:27:14.770+0000] {dag.py:4156} INFO - Setting next_dagrun for example_params_trigger_ui to None, run_after=None
[2024-09-06T14:27:14.791+0000] {processor.py:208} INFO - Processing /home/airflow/.local/lib/python3.12/site-packages/airflow/example_dags/example_params_trigger_ui.py took 0.095 seconds
[2024-09-06T14:27:44.929+0000] {processor.py:186} INFO - Started process (PID=757) to work on /home/airflow/.local/lib/python3.12/site-packages/airflow/example_dags/example_params_trigger_ui.py
[2024-09-06T14:27:44.930+0000] {processor.py:914} INFO - Processing file /home/airflow/.local/lib/python3.12/site-packages/airflow/example_dags/example_params_trigger_ui.py for tasks to queue
[2024-09-06T14:27:44.932+0000] {logging_mixin.py:190} INFO - [2024-09-06T14:27:44.932+0000] {dagbag.py:587} INFO - Filling up the DagBag from /home/airflow/.local/lib/python3.12/site-packages/airflow/example_dags/example_params_trigger_ui.py
[2024-09-06T14:27:44.941+0000] {processor.py:925} INFO - DAG(s) 'example_params_trigger_ui' retrieved from /home/airflow/.local/lib/python3.12/site-packages/airflow/example_dags/example_params_trigger_ui.py
[2024-09-06T14:27:44.977+0000] {logging_mixin.py:190} INFO - [2024-09-06T14:27:44.977+0000] {dag.py:3229} INFO - Sync 1 DAGs
[2024-09-06T14:27:44.988+0000] {logging_mixin.py:190} INFO - [2024-09-06T14:27:44.988+0000] {dag.py:4156} INFO - Setting next_dagrun for example_params_trigger_ui to None, run_after=None
[2024-09-06T14:27:45.006+0000] {processor.py:208} INFO - Processing /home/airflow/.local/lib/python3.12/site-packages/airflow/example_dags/example_params_trigger_ui.py took 0.082 seconds
[2024-09-06T14:28:15.248+0000] {processor.py:186} INFO - Started process (PID=819) to work on /home/airflow/.local/lib/python3.12/site-packages/airflow/example_dags/example_params_trigger_ui.py
[2024-09-06T14:28:15.249+0000] {processor.py:914} INFO - Processing file /home/airflow/.local/lib/python3.12/site-packages/airflow/example_dags/example_params_trigger_ui.py for tasks to queue
[2024-09-06T14:28:15.251+0000] {logging_mixin.py:190} INFO - [2024-09-06T14:28:15.251+0000] {dagbag.py:587} INFO - Filling up the DagBag from /home/airflow/.local/lib/python3.12/site-packages/airflow/example_dags/example_params_trigger_ui.py
[2024-09-06T14:28:15.260+0000] {processor.py:925} INFO - DAG(s) 'example_params_trigger_ui' retrieved from /home/airflow/.local/lib/python3.12/site-packages/airflow/example_dags/example_params_trigger_ui.py
[2024-09-06T14:28:15.295+0000] {logging_mixin.py:190} INFO - [2024-09-06T14:28:15.295+0000] {dag.py:3229} INFO - Sync 1 DAGs
[2024-09-06T14:28:15.307+0000] {logging_mixin.py:190} INFO - [2024-09-06T14:28:15.307+0000] {dag.py:4156} INFO - Setting next_dagrun for example_params_trigger_ui to None, run_after=None
[2024-09-06T14:28:15.326+0000] {processor.py:208} INFO - Processing /home/airflow/.local/lib/python3.12/site-packages/airflow/example_dags/example_params_trigger_ui.py took 0.085 seconds
[2024-09-06T14:28:45.609+0000] {processor.py:186} INFO - Started process (PID=881) to work on /home/airflow/.local/lib/python3.12/site-packages/airflow/example_dags/example_params_trigger_ui.py
[2024-09-06T14:28:45.610+0000] {processor.py:914} INFO - Processing file /home/airflow/.local/lib/python3.12/site-packages/airflow/example_dags/example_params_trigger_ui.py for tasks to queue
[2024-09-06T14:28:45.612+0000] {logging_mixin.py:190} INFO - [2024-09-06T14:28:45.612+0000] {dagbag.py:587} INFO - Filling up the DagBag from /home/airflow/.local/lib/python3.12/site-packages/airflow/example_dags/example_params_trigger_ui.py
[2024-09-06T14:28:45.621+0000] {processor.py:925} INFO - DAG(s) 'example_params_trigger_ui' retrieved from /home/airflow/.local/lib/python3.12/site-packages/airflow/example_dags/example_params_trigger_ui.py
[2024-09-06T14:28:45.658+0000] {logging_mixin.py:190} INFO - [2024-09-06T14:28:45.657+0000] {dag.py:3229} INFO - Sync 1 DAGs
[2024-09-06T14:28:45.670+0000] {logging_mixin.py:190} INFO - [2024-09-06T14:28:45.670+0000] {dag.py:4156} INFO - Setting next_dagrun for example_params_trigger_ui to None, run_after=None
[2024-09-06T14:28:45.687+0000] {processor.py:208} INFO - Processing /home/airflow/.local/lib/python3.12/site-packages/airflow/example_dags/example_params_trigger_ui.py took 0.083 seconds
[2024-09-06T14:29:15.788+0000] {processor.py:186} INFO - Started process (PID=943) to work on /home/airflow/.local/lib/python3.12/site-packages/airflow/example_dags/example_params_trigger_ui.py
[2024-09-06T14:29:15.789+0000] {processor.py:914} INFO - Processing file /home/airflow/.local/lib/python3.12/site-packages/airflow/example_dags/example_params_trigger_ui.py for tasks to queue
[2024-09-06T14:29:15.791+0000] {logging_mixin.py:190} INFO - [2024-09-06T14:29:15.791+0000] {dagbag.py:587} INFO - Filling up the DagBag from /home/airflow/.local/lib/python3.12/site-packages/airflow/example_dags/example_params_trigger_ui.py
[2024-09-06T14:29:15.800+0000] {processor.py:925} INFO - DAG(s) 'example_params_trigger_ui' retrieved from /home/airflow/.local/lib/python3.12/site-packages/airflow/example_dags/example_params_trigger_ui.py
[2024-09-06T14:29:15.836+0000] {logging_mixin.py:190} INFO - [2024-09-06T14:29:15.835+0000] {dag.py:3229} INFO - Sync 1 DAGs
[2024-09-06T14:29:15.849+0000] {logging_mixin.py:190} INFO - [2024-09-06T14:29:15.849+0000] {dag.py:4156} INFO - Setting next_dagrun for example_params_trigger_ui to None, run_after=None
[2024-09-06T14:29:15.868+0000] {processor.py:208} INFO - Processing /home/airflow/.local/lib/python3.12/site-packages/airflow/example_dags/example_params_trigger_ui.py took 0.085 seconds
[2024-09-06T14:29:46.631+0000] {processor.py:186} INFO - Started process (PID=1005) to work on /home/airflow/.local/lib/python3.12/site-packages/airflow/example_dags/example_params_trigger_ui.py
[2024-09-06T14:29:46.632+0000] {processor.py:914} INFO - Processing file /home/airflow/.local/lib/python3.12/site-packages/airflow/example_dags/example_params_trigger_ui.py for tasks to queue
[2024-09-06T14:29:46.635+0000] {logging_mixin.py:190} INFO - [2024-09-06T14:29:46.635+0000] {dagbag.py:587} INFO - Filling up the DagBag from /home/airflow/.local/lib/python3.12/site-packages/airflow/example_dags/example_params_trigger_ui.py
[2024-09-06T14:29:46.651+0000] {processor.py:925} INFO - DAG(s) 'example_params_trigger_ui' retrieved from /home/airflow/.local/lib/python3.12/site-packages/airflow/example_dags/example_params_trigger_ui.py
[2024-09-06T14:29:46.688+0000] {logging_mixin.py:190} INFO - [2024-09-06T14:29:46.688+0000] {dag.py:3229} INFO - Sync 1 DAGs
[2024-09-06T14:29:46.700+0000] {logging_mixin.py:190} INFO - [2024-09-06T14:29:46.700+0000] {dag.py:4156} INFO - Setting next_dagrun for example_params_trigger_ui to None, run_after=None
[2024-09-06T14:29:46.717+0000] {processor.py:208} INFO - Processing /home/airflow/.local/lib/python3.12/site-packages/airflow/example_dags/example_params_trigger_ui.py took 0.091 seconds
[2024-09-06T14:30:16.763+0000] {processor.py:186} INFO - Started process (PID=1067) to work on /home/airflow/.local/lib/python3.12/site-packages/airflow/example_dags/example_params_trigger_ui.py
[2024-09-06T14:30:16.764+0000] {processor.py:914} INFO - Processing file /home/airflow/.local/lib/python3.12/site-packages/airflow/example_dags/example_params_trigger_ui.py for tasks to queue
[2024-09-06T14:30:16.766+0000] {logging_mixin.py:190} INFO - [2024-09-06T14:30:16.766+0000] {dagbag.py:587} INFO - Filling up the DagBag from /home/airflow/.local/lib/python3.12/site-packages/airflow/example_dags/example_params_trigger_ui.py
[2024-09-06T14:30:16.778+0000] {processor.py:925} INFO - DAG(s) 'example_params_trigger_ui' retrieved from /home/airflow/.local/lib/python3.12/site-packages/airflow/example_dags/example_params_trigger_ui.py
[2024-09-06T14:30:16.816+0000] {logging_mixin.py:190} INFO - [2024-09-06T14:30:16.816+0000] {dag.py:3229} INFO - Sync 1 DAGs
[2024-09-06T14:30:16.831+0000] {logging_mixin.py:190} INFO - [2024-09-06T14:30:16.830+0000] {dag.py:4156} INFO - Setting next_dagrun for example_params_trigger_ui to None, run_after=None
[2024-09-06T14:30:16.847+0000] {processor.py:208} INFO - Processing /home/airflow/.local/lib/python3.12/site-packages/airflow/example_dags/example_params_trigger_ui.py took 0.089 seconds
[2024-09-06T14:30:46.923+0000] {processor.py:186} INFO - Started process (PID=1129) to work on /home/airflow/.local/lib/python3.12/site-packages/airflow/example_dags/example_params_trigger_ui.py
[2024-09-06T14:30:46.924+0000] {processor.py:914} INFO - Processing file /home/airflow/.local/lib/python3.12/site-packages/airflow/example_dags/example_params_trigger_ui.py for tasks to queue
[2024-09-06T14:30:46.926+0000] {logging_mixin.py:190} INFO - [2024-09-06T14:30:46.926+0000] {dagbag.py:587} INFO - Filling up the DagBag from /home/airflow/.local/lib/python3.12/site-packages/airflow/example_dags/example_params_trigger_ui.py
[2024-09-06T14:30:46.940+0000] {processor.py:925} INFO - DAG(s) 'example_params_trigger_ui' retrieved from /home/airflow/.local/lib/python3.12/site-packages/airflow/example_dags/example_params_trigger_ui.py
[2024-09-06T14:30:46.989+0000] {logging_mixin.py:190} INFO - [2024-09-06T14:30:46.989+0000] {dag.py:3229} INFO - Sync 1 DAGs
[2024-09-06T14:30:47.001+0000] {logging_mixin.py:190} INFO - [2024-09-06T14:30:47.001+0000] {dag.py:4156} INFO - Setting next_dagrun for example_params_trigger_ui to None, run_after=None
[2024-09-06T14:30:47.017+0000] {processor.py:208} INFO - Processing /home/airflow/.local/lib/python3.12/site-packages/airflow/example_dags/example_params_trigger_ui.py took 0.101 seconds
[2024-09-06T14:31:17.494+0000] {processor.py:186} INFO - Started process (PID=1191) to work on /home/airflow/.local/lib/python3.12/site-packages/airflow/example_dags/example_params_trigger_ui.py
[2024-09-06T14:31:17.495+0000] {processor.py:914} INFO - Processing file /home/airflow/.local/lib/python3.12/site-packages/airflow/example_dags/example_params_trigger_ui.py for tasks to queue
[2024-09-06T14:31:17.498+0000] {logging_mixin.py:190} INFO - [2024-09-06T14:31:17.497+0000] {dagbag.py:587} INFO - Filling up the DagBag from /home/airflow/.local/lib/python3.12/site-packages/airflow/example_dags/example_params_trigger_ui.py
[2024-09-06T14:31:17.511+0000] {processor.py:925} INFO - DAG(s) 'example_params_trigger_ui' retrieved from /home/airflow/.local/lib/python3.12/site-packages/airflow/example_dags/example_params_trigger_ui.py
[2024-09-06T14:31:17.555+0000] {logging_mixin.py:190} INFO - [2024-09-06T14:31:17.555+0000] {dag.py:3229} INFO - Sync 1 DAGs
[2024-09-06T14:31:17.570+0000] {logging_mixin.py:190} INFO - [2024-09-06T14:31:17.570+0000] {dag.py:4156} INFO - Setting next_dagrun for example_params_trigger_ui to None, run_after=None
[2024-09-06T14:31:17.590+0000] {processor.py:208} INFO - Processing /home/airflow/.local/lib/python3.12/site-packages/airflow/example_dags/example_params_trigger_ui.py took 0.102 seconds
[2024-09-06T14:31:48.060+0000] {processor.py:186} INFO - Started process (PID=1253) to work on /home/airflow/.local/lib/python3.12/site-packages/airflow/example_dags/example_params_trigger_ui.py
[2024-09-06T14:31:48.061+0000] {processor.py:914} INFO - Processing file /home/airflow/.local/lib/python3.12/site-packages/airflow/example_dags/example_params_trigger_ui.py for tasks to queue
[2024-09-06T14:31:48.063+0000] {logging_mixin.py:190} INFO - [2024-09-06T14:31:48.063+0000] {dagbag.py:587} INFO - Filling up the DagBag from /home/airflow/.local/lib/python3.12/site-packages/airflow/example_dags/example_params_trigger_ui.py
[2024-09-06T14:31:48.073+0000] {processor.py:925} INFO - DAG(s) 'example_params_trigger_ui' retrieved from /home/airflow/.local/lib/python3.12/site-packages/airflow/example_dags/example_params_trigger_ui.py
[2024-09-06T14:31:48.114+0000] {logging_mixin.py:190} INFO - [2024-09-06T14:31:48.114+0000] {dag.py:3229} INFO - Sync 1 DAGs
[2024-09-06T14:31:48.129+0000] {logging_mixin.py:190} INFO - [2024-09-06T14:31:48.129+0000] {dag.py:4156} INFO - Setting next_dagrun for example_params_trigger_ui to None, run_after=None
[2024-09-06T14:31:48.150+0000] {processor.py:208} INFO - Processing /home/airflow/.local/lib/python3.12/site-packages/airflow/example_dags/example_params_trigger_ui.py took 0.095 seconds
[2024-09-06T14:32:18.828+0000] {processor.py:186} INFO - Started process (PID=1315) to work on /home/airflow/.local/lib/python3.12/site-packages/airflow/example_dags/example_params_trigger_ui.py
[2024-09-06T14:32:18.829+0000] {processor.py:914} INFO - Processing file /home/airflow/.local/lib/python3.12/site-packages/airflow/example_dags/example_params_trigger_ui.py for tasks to queue
[2024-09-06T14:32:18.832+0000] {logging_mixin.py:190} INFO - [2024-09-06T14:32:18.831+0000] {dagbag.py:587} INFO - Filling up the DagBag from /home/airflow/.local/lib/python3.12/site-packages/airflow/example_dags/example_params_trigger_ui.py
[2024-09-06T14:32:18.842+0000] {processor.py:925} INFO - DAG(s) 'example_params_trigger_ui' retrieved from /home/airflow/.local/lib/python3.12/site-packages/airflow/example_dags/example_params_trigger_ui.py
[2024-09-06T14:32:18.882+0000] {logging_mixin.py:190} INFO - [2024-09-06T14:32:18.882+0000] {dag.py:3229} INFO - Sync 1 DAGs
[2024-09-06T14:32:18.896+0000] {logging_mixin.py:190} INFO - [2024-09-06T14:32:18.895+0000] {dag.py:4156} INFO - Setting next_dagrun for example_params_trigger_ui to None, run_after=None
[2024-09-06T14:32:18.916+0000] {processor.py:208} INFO - Processing /home/airflow/.local/lib/python3.12/site-packages/airflow/example_dags/example_params_trigger_ui.py took 0.093 seconds
[2024-09-06T14:32:49.251+0000] {processor.py:186} INFO - Started process (PID=1377) to work on /home/airflow/.local/lib/python3.12/site-packages/airflow/example_dags/example_params_trigger_ui.py
[2024-09-06T14:32:49.252+0000] {processor.py:914} INFO - Processing file /home/airflow/.local/lib/python3.12/site-packages/airflow/example_dags/example_params_trigger_ui.py for tasks to queue
[2024-09-06T14:32:49.255+0000] {logging_mixin.py:190} INFO - [2024-09-06T14:32:49.254+0000] {dagbag.py:587} INFO - Filling up the DagBag from /home/airflow/.local/lib/python3.12/site-packages/airflow/example_dags/example_params_trigger_ui.py
[2024-09-06T14:32:49.264+0000] {processor.py:925} INFO - DAG(s) 'example_params_trigger_ui' retrieved from /home/airflow/.local/lib/python3.12/site-packages/airflow/example_dags/example_params_trigger_ui.py
[2024-09-06T14:32:49.307+0000] {logging_mixin.py:190} INFO - [2024-09-06T14:32:49.307+0000] {dag.py:3229} INFO - Sync 1 DAGs
[2024-09-06T14:32:49.323+0000] {logging_mixin.py:190} INFO - [2024-09-06T14:32:49.322+0000] {dag.py:4156} INFO - Setting next_dagrun for example_params_trigger_ui to None, run_after=None
[2024-09-06T14:32:49.344+0000] {processor.py:208} INFO - Processing /home/airflow/.local/lib/python3.12/site-packages/airflow/example_dags/example_params_trigger_ui.py took 0.098 seconds
[2024-09-06T14:33:19.800+0000] {processor.py:186} INFO - Started process (PID=1439) to work on /home/airflow/.local/lib/python3.12/site-packages/airflow/example_dags/example_params_trigger_ui.py
[2024-09-06T14:33:19.801+0000] {processor.py:914} INFO - Processing file /home/airflow/.local/lib/python3.12/site-packages/airflow/example_dags/example_params_trigger_ui.py for tasks to queue
[2024-09-06T14:33:19.804+0000] {logging_mixin.py:190} INFO - [2024-09-06T14:33:19.804+0000] {dagbag.py:587} INFO - Filling up the DagBag from /home/airflow/.local/lib/python3.12/site-packages/airflow/example_dags/example_params_trigger_ui.py
[2024-09-06T14:33:19.814+0000] {processor.py:925} INFO - DAG(s) 'example_params_trigger_ui' retrieved from /home/airflow/.local/lib/python3.12/site-packages/airflow/example_dags/example_params_trigger_ui.py
[2024-09-06T14:33:19.858+0000] {logging_mixin.py:190} INFO - [2024-09-06T14:33:19.858+0000] {dag.py:3229} INFO - Sync 1 DAGs
[2024-09-06T14:33:19.873+0000] {logging_mixin.py:190} INFO - [2024-09-06T14:33:19.873+0000] {dag.py:4156} INFO - Setting next_dagrun for example_params_trigger_ui to None, run_after=None
[2024-09-06T14:33:19.894+0000] {processor.py:208} INFO - Processing /home/airflow/.local/lib/python3.12/site-packages/airflow/example_dags/example_params_trigger_ui.py took 0.100 seconds
[2024-09-06T14:33:50.216+0000] {processor.py:186} INFO - Started process (PID=1501) to work on /home/airflow/.local/lib/python3.12/site-packages/airflow/example_dags/example_params_trigger_ui.py
[2024-09-06T14:33:50.217+0000] {processor.py:914} INFO - Processing file /home/airflow/.local/lib/python3.12/site-packages/airflow/example_dags/example_params_trigger_ui.py for tasks to queue
[2024-09-06T14:33:50.219+0000] {logging_mixin.py:190} INFO - [2024-09-06T14:33:50.218+0000] {dagbag.py:587} INFO - Filling up the DagBag from /home/airflow/.local/lib/python3.12/site-packages/airflow/example_dags/example_params_trigger_ui.py
[2024-09-06T14:33:50.228+0000] {processor.py:925} INFO - DAG(s) 'example_params_trigger_ui' retrieved from /home/airflow/.local/lib/python3.12/site-packages/airflow/example_dags/example_params_trigger_ui.py
[2024-09-06T14:33:50.281+0000] {logging_mixin.py:190} INFO - [2024-09-06T14:33:50.280+0000] {dag.py:3229} INFO - Sync 1 DAGs
[2024-09-06T14:33:50.301+0000] {logging_mixin.py:190} INFO - [2024-09-06T14:33:50.300+0000] {dag.py:4156} INFO - Setting next_dagrun for example_params_trigger_ui to None, run_after=None
[2024-09-06T14:33:50.330+0000] {processor.py:208} INFO - Processing /home/airflow/.local/lib/python3.12/site-packages/airflow/example_dags/example_params_trigger_ui.py took 0.119 seconds
