[2024-09-06T14:22:18.474+0000] {processor.py:186} INFO - Started process (PID=112) to work on /home/airflow/.local/lib/python3.12/site-packages/airflow/example_dags/example_branch_operator_decorator.py
[2024-09-06T14:22:18.476+0000] {processor.py:914} INFO - Processing file /home/airflow/.local/lib/python3.12/site-packages/airflow/example_dags/example_branch_operator_decorator.py for tasks to queue
[2024-09-06T14:22:18.479+0000] {logging_mixin.py:190} INFO - [2024-09-06T14:22:18.479+0000] {dagbag.py:587} INFO - Filling up the DagBag from /home/airflow/.local/lib/python3.12/site-packages/airflow/example_dags/example_branch_operator_decorator.py
[2024-09-06T14:22:18.514+0000] {processor.py:925} INFO - DAG(s) 'example_branch_python_operator_decorator' retrieved from /home/airflow/.local/lib/python3.12/site-packages/airflow/example_dags/example_branch_operator_decorator.py
[2024-09-06T14:22:18.648+0000] {logging_mixin.py:190} INFO - [2024-09-06T14:22:18.647+0000] {override.py:1900} INFO - Created Permission View: can read on DAG:example_branch_python_operator_decorator
[2024-09-06T14:22:18.661+0000] {logging_mixin.py:190} INFO - [2024-09-06T14:22:18.661+0000] {override.py:1900} INFO - Created Permission View: can delete on DAG:example_branch_python_operator_decorator
[2024-09-06T14:22:18.671+0000] {logging_mixin.py:190} INFO - [2024-09-06T14:22:18.670+0000] {override.py:1900} INFO - Created Permission View: can edit on DAG:example_branch_python_operator_decorator
[2024-09-06T14:22:18.679+0000] {logging_mixin.py:190} INFO - [2024-09-06T14:22:18.679+0000] {override.py:1900} INFO - Created Permission View: can read on DAG Run:example_branch_python_operator_decorator
[2024-09-06T14:22:18.687+0000] {logging_mixin.py:190} INFO - [2024-09-06T14:22:18.687+0000] {override.py:1900} INFO - Created Permission View: can delete on DAG Run:example_branch_python_operator_decorator
[2024-09-06T14:22:18.695+0000] {logging_mixin.py:190} INFO - [2024-09-06T14:22:18.695+0000] {override.py:1900} INFO - Created Permission View: menu access on DAG Run:example_branch_python_operator_decorator
[2024-09-06T14:22:18.704+0000] {logging_mixin.py:190} INFO - [2024-09-06T14:22:18.704+0000] {override.py:1900} INFO - Created Permission View: can create on DAG Run:example_branch_python_operator_decorator
[2024-09-06T14:22:18.706+0000] {logging_mixin.py:190} INFO - [2024-09-06T14:22:18.705+0000] {dag.py:3229} INFO - Sync 1 DAGs
[2024-09-06T14:22:18.721+0000] {logging_mixin.py:190} INFO - [2024-09-06T14:22:18.720+0000] {dag.py:3252} INFO - Creating ORM DAG for example_branch_python_operator_decorator
[2024-09-06T14:22:18.732+0000] {logging_mixin.py:190} INFO - [2024-09-06T14:22:18.732+0000] {dag.py:4156} INFO - Setting next_dagrun for example_branch_python_operator_decorator to 2024-09-05 00:00:00+00:00, run_after=2024-09-06 00:00:00+00:00
[2024-09-06T14:22:18.756+0000] {processor.py:208} INFO - Processing /home/airflow/.local/lib/python3.12/site-packages/airflow/example_dags/example_branch_operator_decorator.py took 0.291 seconds
[2024-09-06T14:22:49.120+0000] {processor.py:186} INFO - Started process (PID=174) to work on /home/airflow/.local/lib/python3.12/site-packages/airflow/example_dags/example_branch_operator_decorator.py
[2024-09-06T14:22:49.121+0000] {processor.py:914} INFO - Processing file /home/airflow/.local/lib/python3.12/site-packages/airflow/example_dags/example_branch_operator_decorator.py for tasks to queue
[2024-09-06T14:22:49.123+0000] {logging_mixin.py:190} INFO - [2024-09-06T14:22:49.123+0000] {dagbag.py:587} INFO - Filling up the DagBag from /home/airflow/.local/lib/python3.12/site-packages/airflow/example_dags/example_branch_operator_decorator.py
[2024-09-06T14:22:49.147+0000] {processor.py:925} INFO - DAG(s) 'example_branch_python_operator_decorator' retrieved from /home/airflow/.local/lib/python3.12/site-packages/airflow/example_dags/example_branch_operator_decorator.py
[2024-09-06T14:22:49.176+0000] {logging_mixin.py:190} INFO - [2024-09-06T14:22:49.176+0000] {dag.py:3229} INFO - Sync 1 DAGs
[2024-09-06T14:22:49.202+0000] {logging_mixin.py:190} INFO - [2024-09-06T14:22:49.201+0000] {dag.py:4156} INFO - Setting next_dagrun for example_branch_python_operator_decorator to 2024-09-05 00:00:00+00:00, run_after=2024-09-06 00:00:00+00:00
[2024-09-06T14:22:49.219+0000] {processor.py:208} INFO - Processing /home/airflow/.local/lib/python3.12/site-packages/airflow/example_dags/example_branch_operator_decorator.py took 0.105 seconds
[2024-09-06T14:23:19.443+0000] {processor.py:186} INFO - Started process (PID=236) to work on /home/airflow/.local/lib/python3.12/site-packages/airflow/example_dags/example_branch_operator_decorator.py
[2024-09-06T14:23:19.445+0000] {processor.py:914} INFO - Processing file /home/airflow/.local/lib/python3.12/site-packages/airflow/example_dags/example_branch_operator_decorator.py for tasks to queue
[2024-09-06T14:23:19.447+0000] {logging_mixin.py:190} INFO - [2024-09-06T14:23:19.447+0000] {dagbag.py:587} INFO - Filling up the DagBag from /home/airflow/.local/lib/python3.12/site-packages/airflow/example_dags/example_branch_operator_decorator.py
[2024-09-06T14:23:19.469+0000] {processor.py:925} INFO - DAG(s) 'example_branch_python_operator_decorator' retrieved from /home/airflow/.local/lib/python3.12/site-packages/airflow/example_dags/example_branch_operator_decorator.py
[2024-09-06T14:23:19.498+0000] {logging_mixin.py:190} INFO - [2024-09-06T14:23:19.498+0000] {dag.py:3229} INFO - Sync 1 DAGs
[2024-09-06T14:23:19.521+0000] {logging_mixin.py:190} INFO - [2024-09-06T14:23:19.521+0000] {dag.py:4156} INFO - Setting next_dagrun for example_branch_python_operator_decorator to 2024-09-05 00:00:00+00:00, run_after=2024-09-06 00:00:00+00:00
[2024-09-06T14:23:19.540+0000] {processor.py:208} INFO - Processing /home/airflow/.local/lib/python3.12/site-packages/airflow/example_dags/example_branch_operator_decorator.py took 0.103 seconds
[2024-09-06T14:23:49.969+0000] {processor.py:186} INFO - Started process (PID=298) to work on /home/airflow/.local/lib/python3.12/site-packages/airflow/example_dags/example_branch_operator_decorator.py
[2024-09-06T14:23:49.970+0000] {processor.py:914} INFO - Processing file /home/airflow/.local/lib/python3.12/site-packages/airflow/example_dags/example_branch_operator_decorator.py for tasks to queue
[2024-09-06T14:23:49.972+0000] {logging_mixin.py:190} INFO - [2024-09-06T14:23:49.972+0000] {dagbag.py:587} INFO - Filling up the DagBag from /home/airflow/.local/lib/python3.12/site-packages/airflow/example_dags/example_branch_operator_decorator.py
[2024-09-06T14:23:49.995+0000] {processor.py:925} INFO - DAG(s) 'example_branch_python_operator_decorator' retrieved from /home/airflow/.local/lib/python3.12/site-packages/airflow/example_dags/example_branch_operator_decorator.py
[2024-09-06T14:23:50.019+0000] {logging_mixin.py:190} INFO - [2024-09-06T14:23:50.019+0000] {dag.py:3229} INFO - Sync 1 DAGs
[2024-09-06T14:23:50.039+0000] {logging_mixin.py:190} INFO - [2024-09-06T14:23:50.039+0000] {dag.py:4156} INFO - Setting next_dagrun for example_branch_python_operator_decorator to 2024-09-05 00:00:00+00:00, run_after=2024-09-06 00:00:00+00:00
[2024-09-06T14:23:50.055+0000] {processor.py:208} INFO - Processing /home/airflow/.local/lib/python3.12/site-packages/airflow/example_dags/example_branch_operator_decorator.py took 0.092 seconds
[2024-09-06T14:24:20.245+0000] {processor.py:186} INFO - Started process (PID=360) to work on /home/airflow/.local/lib/python3.12/site-packages/airflow/example_dags/example_branch_operator_decorator.py
[2024-09-06T14:24:20.246+0000] {processor.py:914} INFO - Processing file /home/airflow/.local/lib/python3.12/site-packages/airflow/example_dags/example_branch_operator_decorator.py for tasks to queue
[2024-09-06T14:24:20.249+0000] {logging_mixin.py:190} INFO - [2024-09-06T14:24:20.248+0000] {dagbag.py:587} INFO - Filling up the DagBag from /home/airflow/.local/lib/python3.12/site-packages/airflow/example_dags/example_branch_operator_decorator.py
[2024-09-06T14:24:20.268+0000] {processor.py:925} INFO - DAG(s) 'example_branch_python_operator_decorator' retrieved from /home/airflow/.local/lib/python3.12/site-packages/airflow/example_dags/example_branch_operator_decorator.py
[2024-09-06T14:24:20.290+0000] {logging_mixin.py:190} INFO - [2024-09-06T14:24:20.290+0000] {dag.py:3229} INFO - Sync 1 DAGs
[2024-09-06T14:24:20.315+0000] {logging_mixin.py:190} INFO - [2024-09-06T14:24:20.315+0000] {dag.py:4156} INFO - Setting next_dagrun for example_branch_python_operator_decorator to 2024-09-05 00:00:00+00:00, run_after=2024-09-06 00:00:00+00:00
[2024-09-06T14:24:20.332+0000] {processor.py:208} INFO - Processing /home/airflow/.local/lib/python3.12/site-packages/airflow/example_dags/example_branch_operator_decorator.py took 0.092 seconds
[2024-09-06T14:24:50.613+0000] {processor.py:186} INFO - Started process (PID=422) to work on /home/airflow/.local/lib/python3.12/site-packages/airflow/example_dags/example_branch_operator_decorator.py
[2024-09-06T14:24:50.614+0000] {processor.py:914} INFO - Processing file /home/airflow/.local/lib/python3.12/site-packages/airflow/example_dags/example_branch_operator_decorator.py for tasks to queue
[2024-09-06T14:24:50.617+0000] {logging_mixin.py:190} INFO - [2024-09-06T14:24:50.616+0000] {dagbag.py:587} INFO - Filling up the DagBag from /home/airflow/.local/lib/python3.12/site-packages/airflow/example_dags/example_branch_operator_decorator.py
[2024-09-06T14:24:50.637+0000] {processor.py:925} INFO - DAG(s) 'example_branch_python_operator_decorator' retrieved from /home/airflow/.local/lib/python3.12/site-packages/airflow/example_dags/example_branch_operator_decorator.py
[2024-09-06T14:24:50.660+0000] {logging_mixin.py:190} INFO - [2024-09-06T14:24:50.660+0000] {dag.py:3229} INFO - Sync 1 DAGs
[2024-09-06T14:24:50.680+0000] {logging_mixin.py:190} INFO - [2024-09-06T14:24:50.680+0000] {dag.py:4156} INFO - Setting next_dagrun for example_branch_python_operator_decorator to 2024-09-05 00:00:00+00:00, run_after=2024-09-06 00:00:00+00:00
[2024-09-06T14:24:50.697+0000] {processor.py:208} INFO - Processing /home/airflow/.local/lib/python3.12/site-packages/airflow/example_dags/example_branch_operator_decorator.py took 0.090 seconds
[2024-09-06T14:25:21.005+0000] {processor.py:186} INFO - Started process (PID=485) to work on /home/airflow/.local/lib/python3.12/site-packages/airflow/example_dags/example_branch_operator_decorator.py
[2024-09-06T14:25:21.006+0000] {processor.py:914} INFO - Processing file /home/airflow/.local/lib/python3.12/site-packages/airflow/example_dags/example_branch_operator_decorator.py for tasks to queue
[2024-09-06T14:25:21.009+0000] {logging_mixin.py:190} INFO - [2024-09-06T14:25:21.009+0000] {dagbag.py:587} INFO - Filling up the DagBag from /home/airflow/.local/lib/python3.12/site-packages/airflow/example_dags/example_branch_operator_decorator.py
[2024-09-06T14:25:21.029+0000] {processor.py:925} INFO - DAG(s) 'example_branch_python_operator_decorator' retrieved from /home/airflow/.local/lib/python3.12/site-packages/airflow/example_dags/example_branch_operator_decorator.py
[2024-09-06T14:25:21.053+0000] {logging_mixin.py:190} INFO - [2024-09-06T14:25:21.053+0000] {dag.py:3229} INFO - Sync 1 DAGs
[2024-09-06T14:25:21.074+0000] {logging_mixin.py:190} INFO - [2024-09-06T14:25:21.074+0000] {dag.py:4156} INFO - Setting next_dagrun for example_branch_python_operator_decorator to 2024-09-05 00:00:00+00:00, run_after=2024-09-06 00:00:00+00:00
[2024-09-06T14:25:21.092+0000] {processor.py:208} INFO - Processing /home/airflow/.local/lib/python3.12/site-packages/airflow/example_dags/example_branch_operator_decorator.py took 0.092 seconds
[2024-09-06T14:25:51.221+0000] {processor.py:186} INFO - Started process (PID=546) to work on /home/airflow/.local/lib/python3.12/site-packages/airflow/example_dags/example_branch_operator_decorator.py
[2024-09-06T14:25:51.222+0000] {processor.py:914} INFO - Processing file /home/airflow/.local/lib/python3.12/site-packages/airflow/example_dags/example_branch_operator_decorator.py for tasks to queue
[2024-09-06T14:25:51.224+0000] {logging_mixin.py:190} INFO - [2024-09-06T14:25:51.224+0000] {dagbag.py:587} INFO - Filling up the DagBag from /home/airflow/.local/lib/python3.12/site-packages/airflow/example_dags/example_branch_operator_decorator.py
[2024-09-06T14:25:51.243+0000] {processor.py:925} INFO - DAG(s) 'example_branch_python_operator_decorator' retrieved from /home/airflow/.local/lib/python3.12/site-packages/airflow/example_dags/example_branch_operator_decorator.py
[2024-09-06T14:25:51.268+0000] {logging_mixin.py:190} INFO - [2024-09-06T14:25:51.268+0000] {dag.py:3229} INFO - Sync 1 DAGs
[2024-09-06T14:25:51.287+0000] {logging_mixin.py:190} INFO - [2024-09-06T14:25:51.287+0000] {dag.py:4156} INFO - Setting next_dagrun for example_branch_python_operator_decorator to 2024-09-05 00:00:00+00:00, run_after=2024-09-06 00:00:00+00:00
[2024-09-06T14:25:51.306+0000] {processor.py:208} INFO - Processing /home/airflow/.local/lib/python3.12/site-packages/airflow/example_dags/example_branch_operator_decorator.py took 0.091 seconds
[2024-09-06T14:26:21.512+0000] {processor.py:186} INFO - Started process (PID=608) to work on /home/airflow/.local/lib/python3.12/site-packages/airflow/example_dags/example_branch_operator_decorator.py
[2024-09-06T14:26:21.513+0000] {processor.py:914} INFO - Processing file /home/airflow/.local/lib/python3.12/site-packages/airflow/example_dags/example_branch_operator_decorator.py for tasks to queue
[2024-09-06T14:26:21.516+0000] {logging_mixin.py:190} INFO - [2024-09-06T14:26:21.515+0000] {dagbag.py:587} INFO - Filling up the DagBag from /home/airflow/.local/lib/python3.12/site-packages/airflow/example_dags/example_branch_operator_decorator.py
[2024-09-06T14:26:21.540+0000] {processor.py:925} INFO - DAG(s) 'example_branch_python_operator_decorator' retrieved from /home/airflow/.local/lib/python3.12/site-packages/airflow/example_dags/example_branch_operator_decorator.py
[2024-09-06T14:26:21.567+0000] {logging_mixin.py:190} INFO - [2024-09-06T14:26:21.567+0000] {dag.py:3229} INFO - Sync 1 DAGs
[2024-09-06T14:26:21.588+0000] {logging_mixin.py:190} INFO - [2024-09-06T14:26:21.588+0000] {dag.py:4156} INFO - Setting next_dagrun for example_branch_python_operator_decorator to 2024-09-05 00:00:00+00:00, run_after=2024-09-06 00:00:00+00:00
[2024-09-06T14:26:21.604+0000] {processor.py:208} INFO - Processing /home/airflow/.local/lib/python3.12/site-packages/airflow/example_dags/example_branch_operator_decorator.py took 0.099 seconds
[2024-09-06T14:26:51.770+0000] {processor.py:186} INFO - Started process (PID=670) to work on /home/airflow/.local/lib/python3.12/site-packages/airflow/example_dags/example_branch_operator_decorator.py
[2024-09-06T14:26:51.771+0000] {processor.py:914} INFO - Processing file /home/airflow/.local/lib/python3.12/site-packages/airflow/example_dags/example_branch_operator_decorator.py for tasks to queue
[2024-09-06T14:26:51.773+0000] {logging_mixin.py:190} INFO - [2024-09-06T14:26:51.773+0000] {dagbag.py:587} INFO - Filling up the DagBag from /home/airflow/.local/lib/python3.12/site-packages/airflow/example_dags/example_branch_operator_decorator.py
[2024-09-06T14:26:51.791+0000] {processor.py:925} INFO - DAG(s) 'example_branch_python_operator_decorator' retrieved from /home/airflow/.local/lib/python3.12/site-packages/airflow/example_dags/example_branch_operator_decorator.py
[2024-09-06T14:26:51.814+0000] {logging_mixin.py:190} INFO - [2024-09-06T14:26:51.814+0000] {dag.py:3229} INFO - Sync 1 DAGs
[2024-09-06T14:26:51.833+0000] {logging_mixin.py:190} INFO - [2024-09-06T14:26:51.833+0000] {dag.py:4156} INFO - Setting next_dagrun for example_branch_python_operator_decorator to 2024-09-05 00:00:00+00:00, run_after=2024-09-06 00:00:00+00:00
[2024-09-06T14:26:51.850+0000] {processor.py:208} INFO - Processing /home/airflow/.local/lib/python3.12/site-packages/airflow/example_dags/example_branch_operator_decorator.py took 0.087 seconds
[2024-09-06T14:27:22.021+0000] {processor.py:186} INFO - Started process (PID=732) to work on /home/airflow/.local/lib/python3.12/site-packages/airflow/example_dags/example_branch_operator_decorator.py
[2024-09-06T14:27:22.022+0000] {processor.py:914} INFO - Processing file /home/airflow/.local/lib/python3.12/site-packages/airflow/example_dags/example_branch_operator_decorator.py for tasks to queue
[2024-09-06T14:27:22.024+0000] {logging_mixin.py:190} INFO - [2024-09-06T14:27:22.023+0000] {dagbag.py:587} INFO - Filling up the DagBag from /home/airflow/.local/lib/python3.12/site-packages/airflow/example_dags/example_branch_operator_decorator.py
[2024-09-06T14:27:22.045+0000] {processor.py:925} INFO - DAG(s) 'example_branch_python_operator_decorator' retrieved from /home/airflow/.local/lib/python3.12/site-packages/airflow/example_dags/example_branch_operator_decorator.py
[2024-09-06T14:27:22.071+0000] {logging_mixin.py:190} INFO - [2024-09-06T14:27:22.071+0000] {dag.py:3229} INFO - Sync 1 DAGs
[2024-09-06T14:27:22.092+0000] {logging_mixin.py:190} INFO - [2024-09-06T14:27:22.092+0000] {dag.py:4156} INFO - Setting next_dagrun for example_branch_python_operator_decorator to 2024-09-05 00:00:00+00:00, run_after=2024-09-06 00:00:00+00:00
[2024-09-06T14:27:22.110+0000] {processor.py:208} INFO - Processing /home/airflow/.local/lib/python3.12/site-packages/airflow/example_dags/example_branch_operator_decorator.py took 0.095 seconds
[2024-09-06T14:27:52.307+0000] {processor.py:186} INFO - Started process (PID=794) to work on /home/airflow/.local/lib/python3.12/site-packages/airflow/example_dags/example_branch_operator_decorator.py
[2024-09-06T14:27:52.308+0000] {processor.py:914} INFO - Processing file /home/airflow/.local/lib/python3.12/site-packages/airflow/example_dags/example_branch_operator_decorator.py for tasks to queue
[2024-09-06T14:27:52.311+0000] {logging_mixin.py:190} INFO - [2024-09-06T14:27:52.310+0000] {dagbag.py:587} INFO - Filling up the DagBag from /home/airflow/.local/lib/python3.12/site-packages/airflow/example_dags/example_branch_operator_decorator.py
[2024-09-06T14:27:52.330+0000] {processor.py:925} INFO - DAG(s) 'example_branch_python_operator_decorator' retrieved from /home/airflow/.local/lib/python3.12/site-packages/airflow/example_dags/example_branch_operator_decorator.py
[2024-09-06T14:27:52.355+0000] {logging_mixin.py:190} INFO - [2024-09-06T14:27:52.355+0000] {dag.py:3229} INFO - Sync 1 DAGs
[2024-09-06T14:27:52.378+0000] {logging_mixin.py:190} INFO - [2024-09-06T14:27:52.378+0000] {dag.py:4156} INFO - Setting next_dagrun for example_branch_python_operator_decorator to 2024-09-05 00:00:00+00:00, run_after=2024-09-06 00:00:00+00:00
[2024-09-06T14:27:52.395+0000] {processor.py:208} INFO - Processing /home/airflow/.local/lib/python3.12/site-packages/airflow/example_dags/example_branch_operator_decorator.py took 0.093 seconds
[2024-09-06T14:28:22.597+0000] {processor.py:186} INFO - Started process (PID=856) to work on /home/airflow/.local/lib/python3.12/site-packages/airflow/example_dags/example_branch_operator_decorator.py
[2024-09-06T14:28:22.598+0000] {processor.py:914} INFO - Processing file /home/airflow/.local/lib/python3.12/site-packages/airflow/example_dags/example_branch_operator_decorator.py for tasks to queue
[2024-09-06T14:28:22.601+0000] {logging_mixin.py:190} INFO - [2024-09-06T14:28:22.601+0000] {dagbag.py:587} INFO - Filling up the DagBag from /home/airflow/.local/lib/python3.12/site-packages/airflow/example_dags/example_branch_operator_decorator.py
[2024-09-06T14:28:22.621+0000] {processor.py:925} INFO - DAG(s) 'example_branch_python_operator_decorator' retrieved from /home/airflow/.local/lib/python3.12/site-packages/airflow/example_dags/example_branch_operator_decorator.py
[2024-09-06T14:28:22.645+0000] {logging_mixin.py:190} INFO - [2024-09-06T14:28:22.645+0000] {dag.py:3229} INFO - Sync 1 DAGs
[2024-09-06T14:28:22.665+0000] {logging_mixin.py:190} INFO - [2024-09-06T14:28:22.665+0000] {dag.py:4156} INFO - Setting next_dagrun for example_branch_python_operator_decorator to 2024-09-05 00:00:00+00:00, run_after=2024-09-06 00:00:00+00:00
[2024-09-06T14:28:22.686+0000] {processor.py:208} INFO - Processing /home/airflow/.local/lib/python3.12/site-packages/airflow/example_dags/example_branch_operator_decorator.py took 0.095 seconds
[2024-09-06T14:28:52.889+0000] {processor.py:186} INFO - Started process (PID=918) to work on /home/airflow/.local/lib/python3.12/site-packages/airflow/example_dags/example_branch_operator_decorator.py
[2024-09-06T14:28:52.890+0000] {processor.py:914} INFO - Processing file /home/airflow/.local/lib/python3.12/site-packages/airflow/example_dags/example_branch_operator_decorator.py for tasks to queue
[2024-09-06T14:28:52.892+0000] {logging_mixin.py:190} INFO - [2024-09-06T14:28:52.892+0000] {dagbag.py:587} INFO - Filling up the DagBag from /home/airflow/.local/lib/python3.12/site-packages/airflow/example_dags/example_branch_operator_decorator.py
[2024-09-06T14:28:52.912+0000] {processor.py:925} INFO - DAG(s) 'example_branch_python_operator_decorator' retrieved from /home/airflow/.local/lib/python3.12/site-packages/airflow/example_dags/example_branch_operator_decorator.py
[2024-09-06T14:28:52.936+0000] {logging_mixin.py:190} INFO - [2024-09-06T14:28:52.936+0000] {dag.py:3229} INFO - Sync 1 DAGs
[2024-09-06T14:28:52.956+0000] {logging_mixin.py:190} INFO - [2024-09-06T14:28:52.956+0000] {dag.py:4156} INFO - Setting next_dagrun for example_branch_python_operator_decorator to 2024-09-05 00:00:00+00:00, run_after=2024-09-06 00:00:00+00:00
[2024-09-06T14:28:52.973+0000] {processor.py:208} INFO - Processing /home/airflow/.local/lib/python3.12/site-packages/airflow/example_dags/example_branch_operator_decorator.py took 0.089 seconds
[2024-09-06T14:29:23.744+0000] {processor.py:186} INFO - Started process (PID=980) to work on /home/airflow/.local/lib/python3.12/site-packages/airflow/example_dags/example_branch_operator_decorator.py
[2024-09-06T14:29:23.746+0000] {processor.py:914} INFO - Processing file /home/airflow/.local/lib/python3.12/site-packages/airflow/example_dags/example_branch_operator_decorator.py for tasks to queue
[2024-09-06T14:29:23.749+0000] {logging_mixin.py:190} INFO - [2024-09-06T14:29:23.748+0000] {dagbag.py:587} INFO - Filling up the DagBag from /home/airflow/.local/lib/python3.12/site-packages/airflow/example_dags/example_branch_operator_decorator.py
[2024-09-06T14:29:23.772+0000] {processor.py:925} INFO - DAG(s) 'example_branch_python_operator_decorator' retrieved from /home/airflow/.local/lib/python3.12/site-packages/airflow/example_dags/example_branch_operator_decorator.py
[2024-09-06T14:29:23.799+0000] {logging_mixin.py:190} INFO - [2024-09-06T14:29:23.798+0000] {dag.py:3229} INFO - Sync 1 DAGs
[2024-09-06T14:29:23.819+0000] {logging_mixin.py:190} INFO - [2024-09-06T14:29:23.818+0000] {dag.py:4156} INFO - Setting next_dagrun for example_branch_python_operator_decorator to 2024-09-05 00:00:00+00:00, run_after=2024-09-06 00:00:00+00:00
[2024-09-06T14:29:23.834+0000] {processor.py:208} INFO - Processing /home/airflow/.local/lib/python3.12/site-packages/airflow/example_dags/example_branch_operator_decorator.py took 0.097 seconds
[2024-09-06T14:29:54.669+0000] {processor.py:186} INFO - Started process (PID=1042) to work on /home/airflow/.local/lib/python3.12/site-packages/airflow/example_dags/example_branch_operator_decorator.py
[2024-09-06T14:29:54.670+0000] {processor.py:914} INFO - Processing file /home/airflow/.local/lib/python3.12/site-packages/airflow/example_dags/example_branch_operator_decorator.py for tasks to queue
[2024-09-06T14:29:54.672+0000] {logging_mixin.py:190} INFO - [2024-09-06T14:29:54.672+0000] {dagbag.py:587} INFO - Filling up the DagBag from /home/airflow/.local/lib/python3.12/site-packages/airflow/example_dags/example_branch_operator_decorator.py
[2024-09-06T14:29:54.694+0000] {processor.py:925} INFO - DAG(s) 'example_branch_python_operator_decorator' retrieved from /home/airflow/.local/lib/python3.12/site-packages/airflow/example_dags/example_branch_operator_decorator.py
[2024-09-06T14:29:54.719+0000] {logging_mixin.py:190} INFO - [2024-09-06T14:29:54.718+0000] {dag.py:3229} INFO - Sync 1 DAGs
[2024-09-06T14:29:54.745+0000] {logging_mixin.py:190} INFO - [2024-09-06T14:29:54.745+0000] {dag.py:4156} INFO - Setting next_dagrun for example_branch_python_operator_decorator to 2024-09-05 00:00:00+00:00, run_after=2024-09-06 00:00:00+00:00
[2024-09-06T14:29:54.763+0000] {processor.py:208} INFO - Processing /home/airflow/.local/lib/python3.12/site-packages/airflow/example_dags/example_branch_operator_decorator.py took 0.100 seconds
[2024-09-06T14:30:25.030+0000] {processor.py:186} INFO - Started process (PID=1104) to work on /home/airflow/.local/lib/python3.12/site-packages/airflow/example_dags/example_branch_operator_decorator.py
[2024-09-06T14:30:25.031+0000] {processor.py:914} INFO - Processing file /home/airflow/.local/lib/python3.12/site-packages/airflow/example_dags/example_branch_operator_decorator.py for tasks to queue
[2024-09-06T14:30:25.034+0000] {logging_mixin.py:190} INFO - [2024-09-06T14:30:25.033+0000] {dagbag.py:587} INFO - Filling up the DagBag from /home/airflow/.local/lib/python3.12/site-packages/airflow/example_dags/example_branch_operator_decorator.py
[2024-09-06T14:30:25.053+0000] {processor.py:925} INFO - DAG(s) 'example_branch_python_operator_decorator' retrieved from /home/airflow/.local/lib/python3.12/site-packages/airflow/example_dags/example_branch_operator_decorator.py
[2024-09-06T14:30:25.076+0000] {logging_mixin.py:190} INFO - [2024-09-06T14:30:25.076+0000] {dag.py:3229} INFO - Sync 1 DAGs
[2024-09-06T14:30:25.095+0000] {logging_mixin.py:190} INFO - [2024-09-06T14:30:25.095+0000] {dag.py:4156} INFO - Setting next_dagrun for example_branch_python_operator_decorator to 2024-09-05 00:00:00+00:00, run_after=2024-09-06 00:00:00+00:00
[2024-09-06T14:30:25.110+0000] {processor.py:208} INFO - Processing /home/airflow/.local/lib/python3.12/site-packages/airflow/example_dags/example_branch_operator_decorator.py took 0.087 seconds
[2024-09-06T14:30:55.396+0000] {processor.py:186} INFO - Started process (PID=1166) to work on /home/airflow/.local/lib/python3.12/site-packages/airflow/example_dags/example_branch_operator_decorator.py
[2024-09-06T14:30:55.397+0000] {processor.py:914} INFO - Processing file /home/airflow/.local/lib/python3.12/site-packages/airflow/example_dags/example_branch_operator_decorator.py for tasks to queue
[2024-09-06T14:30:55.399+0000] {logging_mixin.py:190} INFO - [2024-09-06T14:30:55.399+0000] {dagbag.py:587} INFO - Filling up the DagBag from /home/airflow/.local/lib/python3.12/site-packages/airflow/example_dags/example_branch_operator_decorator.py
[2024-09-06T14:30:55.417+0000] {processor.py:925} INFO - DAG(s) 'example_branch_python_operator_decorator' retrieved from /home/airflow/.local/lib/python3.12/site-packages/airflow/example_dags/example_branch_operator_decorator.py
[2024-09-06T14:30:55.440+0000] {logging_mixin.py:190} INFO - [2024-09-06T14:30:55.439+0000] {dag.py:3229} INFO - Sync 1 DAGs
[2024-09-06T14:30:55.460+0000] {logging_mixin.py:190} INFO - [2024-09-06T14:30:55.460+0000] {dag.py:4156} INFO - Setting next_dagrun for example_branch_python_operator_decorator to 2024-09-05 00:00:00+00:00, run_after=2024-09-06 00:00:00+00:00
[2024-09-06T14:30:55.481+0000] {processor.py:208} INFO - Processing /home/airflow/.local/lib/python3.12/site-packages/airflow/example_dags/example_branch_operator_decorator.py took 0.089 seconds
[2024-09-06T14:31:26.053+0000] {processor.py:186} INFO - Started process (PID=1228) to work on /home/airflow/.local/lib/python3.12/site-packages/airflow/example_dags/example_branch_operator_decorator.py
[2024-09-06T14:31:26.054+0000] {processor.py:914} INFO - Processing file /home/airflow/.local/lib/python3.12/site-packages/airflow/example_dags/example_branch_operator_decorator.py for tasks to queue
[2024-09-06T14:31:26.056+0000] {logging_mixin.py:190} INFO - [2024-09-06T14:31:26.056+0000] {dagbag.py:587} INFO - Filling up the DagBag from /home/airflow/.local/lib/python3.12/site-packages/airflow/example_dags/example_branch_operator_decorator.py
[2024-09-06T14:31:26.077+0000] {processor.py:925} INFO - DAG(s) 'example_branch_python_operator_decorator' retrieved from /home/airflow/.local/lib/python3.12/site-packages/airflow/example_dags/example_branch_operator_decorator.py
[2024-09-06T14:31:26.119+0000] {logging_mixin.py:190} INFO - [2024-09-06T14:31:26.117+0000] {dag.py:3229} INFO - Sync 1 DAGs
[2024-09-06T14:31:26.153+0000] {logging_mixin.py:190} INFO - [2024-09-06T14:31:26.152+0000] {dag.py:4156} INFO - Setting next_dagrun for example_branch_python_operator_decorator to 2024-09-05 00:00:00+00:00, run_after=2024-09-06 00:00:00+00:00
[2024-09-06T14:31:26.180+0000] {processor.py:208} INFO - Processing /home/airflow/.local/lib/python3.12/site-packages/airflow/example_dags/example_branch_operator_decorator.py took 0.133 seconds
[2024-09-06T14:31:56.552+0000] {processor.py:186} INFO - Started process (PID=1290) to work on /home/airflow/.local/lib/python3.12/site-packages/airflow/example_dags/example_branch_operator_decorator.py
[2024-09-06T14:31:56.553+0000] {processor.py:914} INFO - Processing file /home/airflow/.local/lib/python3.12/site-packages/airflow/example_dags/example_branch_operator_decorator.py for tasks to queue
[2024-09-06T14:31:56.557+0000] {logging_mixin.py:190} INFO - [2024-09-06T14:31:56.556+0000] {dagbag.py:587} INFO - Filling up the DagBag from /home/airflow/.local/lib/python3.12/site-packages/airflow/example_dags/example_branch_operator_decorator.py
[2024-09-06T14:31:56.584+0000] {processor.py:925} INFO - DAG(s) 'example_branch_python_operator_decorator' retrieved from /home/airflow/.local/lib/python3.12/site-packages/airflow/example_dags/example_branch_operator_decorator.py
[2024-09-06T14:31:56.611+0000] {logging_mixin.py:190} INFO - [2024-09-06T14:31:56.610+0000] {dag.py:3229} INFO - Sync 1 DAGs
[2024-09-06T14:31:56.634+0000] {logging_mixin.py:190} INFO - [2024-09-06T14:31:56.633+0000] {dag.py:4156} INFO - Setting next_dagrun for example_branch_python_operator_decorator to 2024-09-05 00:00:00+00:00, run_after=2024-09-06 00:00:00+00:00
[2024-09-06T14:31:56.651+0000] {processor.py:208} INFO - Processing /home/airflow/.local/lib/python3.12/site-packages/airflow/example_dags/example_branch_operator_decorator.py took 0.106 seconds
[2024-09-06T14:32:27.123+0000] {processor.py:186} INFO - Started process (PID=1352) to work on /home/airflow/.local/lib/python3.12/site-packages/airflow/example_dags/example_branch_operator_decorator.py
[2024-09-06T14:32:27.124+0000] {processor.py:914} INFO - Processing file /home/airflow/.local/lib/python3.12/site-packages/airflow/example_dags/example_branch_operator_decorator.py for tasks to queue
[2024-09-06T14:32:27.126+0000] {logging_mixin.py:190} INFO - [2024-09-06T14:32:27.125+0000] {dagbag.py:587} INFO - Filling up the DagBag from /home/airflow/.local/lib/python3.12/site-packages/airflow/example_dags/example_branch_operator_decorator.py
[2024-09-06T14:32:27.150+0000] {processor.py:925} INFO - DAG(s) 'example_branch_python_operator_decorator' retrieved from /home/airflow/.local/lib/python3.12/site-packages/airflow/example_dags/example_branch_operator_decorator.py
[2024-09-06T14:32:27.180+0000] {logging_mixin.py:190} INFO - [2024-09-06T14:32:27.180+0000] {dag.py:3229} INFO - Sync 1 DAGs
[2024-09-06T14:32:27.202+0000] {logging_mixin.py:190} INFO - [2024-09-06T14:32:27.201+0000] {dag.py:4156} INFO - Setting next_dagrun for example_branch_python_operator_decorator to 2024-09-05 00:00:00+00:00, run_after=2024-09-06 00:00:00+00:00
[2024-09-06T14:32:27.219+0000] {processor.py:208} INFO - Processing /home/airflow/.local/lib/python3.12/site-packages/airflow/example_dags/example_branch_operator_decorator.py took 0.101 seconds
[2024-09-06T14:32:57.632+0000] {processor.py:186} INFO - Started process (PID=1414) to work on /home/airflow/.local/lib/python3.12/site-packages/airflow/example_dags/example_branch_operator_decorator.py
[2024-09-06T14:32:57.633+0000] {processor.py:914} INFO - Processing file /home/airflow/.local/lib/python3.12/site-packages/airflow/example_dags/example_branch_operator_decorator.py for tasks to queue
[2024-09-06T14:32:57.635+0000] {logging_mixin.py:190} INFO - [2024-09-06T14:32:57.635+0000] {dagbag.py:587} INFO - Filling up the DagBag from /home/airflow/.local/lib/python3.12/site-packages/airflow/example_dags/example_branch_operator_decorator.py
[2024-09-06T14:32:57.656+0000] {processor.py:925} INFO - DAG(s) 'example_branch_python_operator_decorator' retrieved from /home/airflow/.local/lib/python3.12/site-packages/airflow/example_dags/example_branch_operator_decorator.py
[2024-09-06T14:32:57.684+0000] {logging_mixin.py:190} INFO - [2024-09-06T14:32:57.683+0000] {dag.py:3229} INFO - Sync 1 DAGs
[2024-09-06T14:32:57.705+0000] {logging_mixin.py:190} INFO - [2024-09-06T14:32:57.704+0000] {dag.py:4156} INFO - Setting next_dagrun for example_branch_python_operator_decorator to 2024-09-05 00:00:00+00:00, run_after=2024-09-06 00:00:00+00:00
[2024-09-06T14:32:57.725+0000] {processor.py:208} INFO - Processing /home/airflow/.local/lib/python3.12/site-packages/airflow/example_dags/example_branch_operator_decorator.py took 0.098 seconds
[2024-09-06T14:33:28.268+0000] {processor.py:186} INFO - Started process (PID=1476) to work on /home/airflow/.local/lib/python3.12/site-packages/airflow/example_dags/example_branch_operator_decorator.py
[2024-09-06T14:33:28.269+0000] {processor.py:914} INFO - Processing file /home/airflow/.local/lib/python3.12/site-packages/airflow/example_dags/example_branch_operator_decorator.py for tasks to queue
[2024-09-06T14:33:28.272+0000] {logging_mixin.py:190} INFO - [2024-09-06T14:33:28.271+0000] {dagbag.py:587} INFO - Filling up the DagBag from /home/airflow/.local/lib/python3.12/site-packages/airflow/example_dags/example_branch_operator_decorator.py
[2024-09-06T14:33:28.294+0000] {processor.py:925} INFO - DAG(s) 'example_branch_python_operator_decorator' retrieved from /home/airflow/.local/lib/python3.12/site-packages/airflow/example_dags/example_branch_operator_decorator.py
[2024-09-06T14:33:28.319+0000] {logging_mixin.py:190} INFO - [2024-09-06T14:33:28.319+0000] {dag.py:3229} INFO - Sync 1 DAGs
[2024-09-06T14:33:28.339+0000] {logging_mixin.py:190} INFO - [2024-09-06T14:33:28.339+0000] {dag.py:4156} INFO - Setting next_dagrun for example_branch_python_operator_decorator to 2024-09-05 00:00:00+00:00, run_after=2024-09-06 00:00:00+00:00
[2024-09-06T14:33:28.356+0000] {processor.py:208} INFO - Processing /home/airflow/.local/lib/python3.12/site-packages/airflow/example_dags/example_branch_operator_decorator.py took 0.094 seconds
