[2024-09-06T14:22:16.863+0000] {processor.py:186} INFO - Started process (PID=103) to work on /home/airflow/.local/lib/python3.12/site-packages/airflow/example_dags/example_sla_dag.py
[2024-09-06T14:22:16.864+0000] {processor.py:914} INFO - Processing file /home/airflow/.local/lib/python3.12/site-packages/airflow/example_dags/example_sla_dag.py for tasks to queue
[2024-09-06T14:22:16.868+0000] {logging_mixin.py:190} INFO - [2024-09-06T14:22:16.868+0000] {dagbag.py:587} INFO - Filling up the DagBag from /home/airflow/.local/lib/python3.12/site-packages/airflow/example_dags/example_sla_dag.py
[2024-09-06T14:22:16.884+0000] {processor.py:925} INFO - DAG(s) 'example_sla_dag' retrieved from /home/airflow/.local/lib/python3.12/site-packages/airflow/example_dags/example_sla_dag.py
[2024-09-06T14:22:17.050+0000] {logging_mixin.py:190} INFO - [2024-09-06T14:22:17.048+0000] {override.py:1900} INFO - Created Permission View: can read on DAG:example_sla_dag
[2024-09-06T14:22:17.063+0000] {logging_mixin.py:190} INFO - [2024-09-06T14:22:17.063+0000] {override.py:1900} INFO - Created Permission View: can delete on DAG:example_sla_dag
[2024-09-06T14:22:17.076+0000] {logging_mixin.py:190} INFO - [2024-09-06T14:22:17.075+0000] {override.py:1900} INFO - Created Permission View: can edit on DAG:example_sla_dag
[2024-09-06T14:22:17.087+0000] {logging_mixin.py:190} INFO - [2024-09-06T14:22:17.087+0000] {override.py:1900} INFO - Created Permission View: can read on DAG Run:example_sla_dag
[2024-09-06T14:22:17.101+0000] {logging_mixin.py:190} INFO - [2024-09-06T14:22:17.100+0000] {override.py:1900} INFO - Created Permission View: can delete on DAG Run:example_sla_dag
[2024-09-06T14:22:17.111+0000] {logging_mixin.py:190} INFO - [2024-09-06T14:22:17.111+0000] {override.py:1900} INFO - Created Permission View: menu access on DAG Run:example_sla_dag
[2024-09-06T14:22:17.124+0000] {logging_mixin.py:190} INFO - [2024-09-06T14:22:17.124+0000] {override.py:1900} INFO - Created Permission View: can create on DAG Run:example_sla_dag
[2024-09-06T14:22:17.125+0000] {logging_mixin.py:190} INFO - [2024-09-06T14:22:17.125+0000] {dag.py:3229} INFO - Sync 1 DAGs
[2024-09-06T14:22:17.147+0000] {logging_mixin.py:190} INFO - [2024-09-06T14:22:17.147+0000] {dag.py:3252} INFO - Creating ORM DAG for example_sla_dag
[2024-09-06T14:22:17.171+0000] {logging_mixin.py:190} INFO - [2024-09-06T14:22:17.171+0000] {dag.py:4156} INFO - Setting next_dagrun for example_sla_dag to 2024-09-06 14:20:00+00:00, run_after=2024-09-06 14:22:00+00:00
[2024-09-06T14:22:17.195+0000] {processor.py:208} INFO - Processing /home/airflow/.local/lib/python3.12/site-packages/airflow/example_dags/example_sla_dag.py took 0.338 seconds
[2024-09-06T14:22:47.654+0000] {processor.py:186} INFO - Started process (PID=165) to work on /home/airflow/.local/lib/python3.12/site-packages/airflow/example_dags/example_sla_dag.py
[2024-09-06T14:22:47.655+0000] {processor.py:914} INFO - Processing file /home/airflow/.local/lib/python3.12/site-packages/airflow/example_dags/example_sla_dag.py for tasks to queue
[2024-09-06T14:22:47.657+0000] {logging_mixin.py:190} INFO - [2024-09-06T14:22:47.657+0000] {dagbag.py:587} INFO - Filling up the DagBag from /home/airflow/.local/lib/python3.12/site-packages/airflow/example_dags/example_sla_dag.py
[2024-09-06T14:22:47.670+0000] {processor.py:925} INFO - DAG(s) 'example_sla_dag' retrieved from /home/airflow/.local/lib/python3.12/site-packages/airflow/example_dags/example_sla_dag.py
[2024-09-06T14:22:47.697+0000] {logging_mixin.py:190} INFO - [2024-09-06T14:22:47.697+0000] {dag.py:3229} INFO - Sync 1 DAGs
[2024-09-06T14:22:47.728+0000] {logging_mixin.py:190} INFO - [2024-09-06T14:22:47.728+0000] {dag.py:4156} INFO - Setting next_dagrun for example_sla_dag to 2024-09-06 14:20:00+00:00, run_after=2024-09-06 14:22:00+00:00
[2024-09-06T14:22:47.748+0000] {processor.py:208} INFO - Processing /home/airflow/.local/lib/python3.12/site-packages/airflow/example_dags/example_sla_dag.py took 0.099 seconds
[2024-09-06T14:23:17.994+0000] {processor.py:186} INFO - Started process (PID=227) to work on /home/airflow/.local/lib/python3.12/site-packages/airflow/example_dags/example_sla_dag.py
[2024-09-06T14:23:17.995+0000] {processor.py:914} INFO - Processing file /home/airflow/.local/lib/python3.12/site-packages/airflow/example_dags/example_sla_dag.py for tasks to queue
[2024-09-06T14:23:17.997+0000] {logging_mixin.py:190} INFO - [2024-09-06T14:23:17.997+0000] {dagbag.py:587} INFO - Filling up the DagBag from /home/airflow/.local/lib/python3.12/site-packages/airflow/example_dags/example_sla_dag.py
[2024-09-06T14:23:18.006+0000] {processor.py:925} INFO - DAG(s) 'example_sla_dag' retrieved from /home/airflow/.local/lib/python3.12/site-packages/airflow/example_dags/example_sla_dag.py
[2024-09-06T14:23:18.023+0000] {logging_mixin.py:190} INFO - [2024-09-06T14:23:18.023+0000] {dag.py:3229} INFO - Sync 1 DAGs
[2024-09-06T14:23:18.051+0000] {logging_mixin.py:190} INFO - [2024-09-06T14:23:18.051+0000] {dag.py:4156} INFO - Setting next_dagrun for example_sla_dag to 2024-09-06 14:20:00+00:00, run_after=2024-09-06 14:22:00+00:00
[2024-09-06T14:23:18.069+0000] {processor.py:208} INFO - Processing /home/airflow/.local/lib/python3.12/site-packages/airflow/example_dags/example_sla_dag.py took 0.080 seconds
[2024-09-06T14:23:48.439+0000] {processor.py:186} INFO - Started process (PID=289) to work on /home/airflow/.local/lib/python3.12/site-packages/airflow/example_dags/example_sla_dag.py
[2024-09-06T14:23:48.440+0000] {processor.py:914} INFO - Processing file /home/airflow/.local/lib/python3.12/site-packages/airflow/example_dags/example_sla_dag.py for tasks to queue
[2024-09-06T14:23:48.442+0000] {logging_mixin.py:190} INFO - [2024-09-06T14:23:48.442+0000] {dagbag.py:587} INFO - Filling up the DagBag from /home/airflow/.local/lib/python3.12/site-packages/airflow/example_dags/example_sla_dag.py
[2024-09-06T14:23:48.452+0000] {processor.py:925} INFO - DAG(s) 'example_sla_dag' retrieved from /home/airflow/.local/lib/python3.12/site-packages/airflow/example_dags/example_sla_dag.py
[2024-09-06T14:23:48.471+0000] {logging_mixin.py:190} INFO - [2024-09-06T14:23:48.470+0000] {dag.py:3229} INFO - Sync 1 DAGs
[2024-09-06T14:23:48.498+0000] {logging_mixin.py:190} INFO - [2024-09-06T14:23:48.498+0000] {dag.py:4156} INFO - Setting next_dagrun for example_sla_dag to 2024-09-06 14:20:00+00:00, run_after=2024-09-06 14:22:00+00:00
[2024-09-06T14:23:48.517+0000] {processor.py:208} INFO - Processing /home/airflow/.local/lib/python3.12/site-packages/airflow/example_dags/example_sla_dag.py took 0.083 seconds
[2024-09-06T14:24:18.785+0000] {processor.py:186} INFO - Started process (PID=351) to work on /home/airflow/.local/lib/python3.12/site-packages/airflow/example_dags/example_sla_dag.py
[2024-09-06T14:24:18.786+0000] {processor.py:914} INFO - Processing file /home/airflow/.local/lib/python3.12/site-packages/airflow/example_dags/example_sla_dag.py for tasks to queue
[2024-09-06T14:24:18.789+0000] {logging_mixin.py:190} INFO - [2024-09-06T14:24:18.789+0000] {dagbag.py:587} INFO - Filling up the DagBag from /home/airflow/.local/lib/python3.12/site-packages/airflow/example_dags/example_sla_dag.py
[2024-09-06T14:24:18.804+0000] {processor.py:925} INFO - DAG(s) 'example_sla_dag' retrieved from /home/airflow/.local/lib/python3.12/site-packages/airflow/example_dags/example_sla_dag.py
[2024-09-06T14:24:18.826+0000] {logging_mixin.py:190} INFO - [2024-09-06T14:24:18.825+0000] {dag.py:3229} INFO - Sync 1 DAGs
[2024-09-06T14:24:18.849+0000] {logging_mixin.py:190} INFO - [2024-09-06T14:24:18.849+0000] {dag.py:4156} INFO - Setting next_dagrun for example_sla_dag to 2024-09-06 14:22:00+00:00, run_after=2024-09-06 14:24:00+00:00
[2024-09-06T14:24:18.866+0000] {processor.py:208} INFO - Processing /home/airflow/.local/lib/python3.12/site-packages/airflow/example_dags/example_sla_dag.py took 0.087 seconds
[2024-09-06T14:24:49.135+0000] {processor.py:186} INFO - Started process (PID=413) to work on /home/airflow/.local/lib/python3.12/site-packages/airflow/example_dags/example_sla_dag.py
[2024-09-06T14:24:49.136+0000] {processor.py:914} INFO - Processing file /home/airflow/.local/lib/python3.12/site-packages/airflow/example_dags/example_sla_dag.py for tasks to queue
[2024-09-06T14:24:49.139+0000] {logging_mixin.py:190} INFO - [2024-09-06T14:24:49.139+0000] {dagbag.py:587} INFO - Filling up the DagBag from /home/airflow/.local/lib/python3.12/site-packages/airflow/example_dags/example_sla_dag.py
[2024-09-06T14:24:49.151+0000] {processor.py:925} INFO - DAG(s) 'example_sla_dag' retrieved from /home/airflow/.local/lib/python3.12/site-packages/airflow/example_dags/example_sla_dag.py
[2024-09-06T14:24:49.172+0000] {logging_mixin.py:190} INFO - [2024-09-06T14:24:49.171+0000] {dag.py:3229} INFO - Sync 1 DAGs
[2024-09-06T14:24:49.199+0000] {logging_mixin.py:190} INFO - [2024-09-06T14:24:49.199+0000] {dag.py:4156} INFO - Setting next_dagrun for example_sla_dag to 2024-09-06 14:22:00+00:00, run_after=2024-09-06 14:24:00+00:00
[2024-09-06T14:24:49.219+0000] {processor.py:208} INFO - Processing /home/airflow/.local/lib/python3.12/site-packages/airflow/example_dags/example_sla_dag.py took 0.090 seconds
[2024-09-06T14:25:19.436+0000] {processor.py:186} INFO - Started process (PID=476) to work on /home/airflow/.local/lib/python3.12/site-packages/airflow/example_dags/example_sla_dag.py
[2024-09-06T14:25:19.438+0000] {processor.py:914} INFO - Processing file /home/airflow/.local/lib/python3.12/site-packages/airflow/example_dags/example_sla_dag.py for tasks to queue
[2024-09-06T14:25:19.440+0000] {logging_mixin.py:190} INFO - [2024-09-06T14:25:19.440+0000] {dagbag.py:587} INFO - Filling up the DagBag from /home/airflow/.local/lib/python3.12/site-packages/airflow/example_dags/example_sla_dag.py
[2024-09-06T14:25:19.450+0000] {processor.py:925} INFO - DAG(s) 'example_sla_dag' retrieved from /home/airflow/.local/lib/python3.12/site-packages/airflow/example_dags/example_sla_dag.py
[2024-09-06T14:25:19.465+0000] {logging_mixin.py:190} INFO - [2024-09-06T14:25:19.465+0000] {dag.py:3229} INFO - Sync 1 DAGs
[2024-09-06T14:25:19.485+0000] {logging_mixin.py:190} INFO - [2024-09-06T14:25:19.485+0000] {dag.py:4156} INFO - Setting next_dagrun for example_sla_dag to 2024-09-06 14:22:00+00:00, run_after=2024-09-06 14:24:00+00:00
[2024-09-06T14:25:19.501+0000] {processor.py:208} INFO - Processing /home/airflow/.local/lib/python3.12/site-packages/airflow/example_dags/example_sla_dag.py took 0.070 seconds
[2024-09-06T14:25:49.710+0000] {processor.py:186} INFO - Started process (PID=537) to work on /home/airflow/.local/lib/python3.12/site-packages/airflow/example_dags/example_sla_dag.py
[2024-09-06T14:25:49.711+0000] {processor.py:914} INFO - Processing file /home/airflow/.local/lib/python3.12/site-packages/airflow/example_dags/example_sla_dag.py for tasks to queue
[2024-09-06T14:25:49.713+0000] {logging_mixin.py:190} INFO - [2024-09-06T14:25:49.713+0000] {dagbag.py:587} INFO - Filling up the DagBag from /home/airflow/.local/lib/python3.12/site-packages/airflow/example_dags/example_sla_dag.py
[2024-09-06T14:25:49.723+0000] {processor.py:925} INFO - DAG(s) 'example_sla_dag' retrieved from /home/airflow/.local/lib/python3.12/site-packages/airflow/example_dags/example_sla_dag.py
[2024-09-06T14:25:49.740+0000] {logging_mixin.py:190} INFO - [2024-09-06T14:25:49.740+0000] {dag.py:3229} INFO - Sync 1 DAGs
[2024-09-06T14:25:49.762+0000] {logging_mixin.py:190} INFO - [2024-09-06T14:25:49.762+0000] {dag.py:4156} INFO - Setting next_dagrun for example_sla_dag to 2024-09-06 14:22:00+00:00, run_after=2024-09-06 14:24:00+00:00
[2024-09-06T14:25:49.778+0000] {processor.py:208} INFO - Processing /home/airflow/.local/lib/python3.12/site-packages/airflow/example_dags/example_sla_dag.py took 0.074 seconds
[2024-09-06T14:26:19.970+0000] {processor.py:186} INFO - Started process (PID=599) to work on /home/airflow/.local/lib/python3.12/site-packages/airflow/example_dags/example_sla_dag.py
[2024-09-06T14:26:19.971+0000] {processor.py:914} INFO - Processing file /home/airflow/.local/lib/python3.12/site-packages/airflow/example_dags/example_sla_dag.py for tasks to queue
[2024-09-06T14:26:19.973+0000] {logging_mixin.py:190} INFO - [2024-09-06T14:26:19.973+0000] {dagbag.py:587} INFO - Filling up the DagBag from /home/airflow/.local/lib/python3.12/site-packages/airflow/example_dags/example_sla_dag.py
[2024-09-06T14:26:19.984+0000] {processor.py:925} INFO - DAG(s) 'example_sla_dag' retrieved from /home/airflow/.local/lib/python3.12/site-packages/airflow/example_dags/example_sla_dag.py
[2024-09-06T14:26:20.003+0000] {logging_mixin.py:190} INFO - [2024-09-06T14:26:20.003+0000] {dag.py:3229} INFO - Sync 1 DAGs
[2024-09-06T14:26:20.024+0000] {logging_mixin.py:190} INFO - [2024-09-06T14:26:20.024+0000] {dag.py:4156} INFO - Setting next_dagrun for example_sla_dag to 2024-09-06 14:24:00+00:00, run_after=2024-09-06 14:26:00+00:00
[2024-09-06T14:26:20.043+0000] {processor.py:208} INFO - Processing /home/airflow/.local/lib/python3.12/site-packages/airflow/example_dags/example_sla_dag.py took 0.077 seconds
[2024-09-06T14:26:50.237+0000] {processor.py:186} INFO - Started process (PID=661) to work on /home/airflow/.local/lib/python3.12/site-packages/airflow/example_dags/example_sla_dag.py
[2024-09-06T14:26:50.238+0000] {processor.py:914} INFO - Processing file /home/airflow/.local/lib/python3.12/site-packages/airflow/example_dags/example_sla_dag.py for tasks to queue
[2024-09-06T14:26:50.241+0000] {logging_mixin.py:190} INFO - [2024-09-06T14:26:50.240+0000] {dagbag.py:587} INFO - Filling up the DagBag from /home/airflow/.local/lib/python3.12/site-packages/airflow/example_dags/example_sla_dag.py
[2024-09-06T14:26:50.250+0000] {processor.py:925} INFO - DAG(s) 'example_sla_dag' retrieved from /home/airflow/.local/lib/python3.12/site-packages/airflow/example_dags/example_sla_dag.py
[2024-09-06T14:26:50.269+0000] {logging_mixin.py:190} INFO - [2024-09-06T14:26:50.269+0000] {dag.py:3229} INFO - Sync 1 DAGs
[2024-09-06T14:26:50.290+0000] {logging_mixin.py:190} INFO - [2024-09-06T14:26:50.290+0000] {dag.py:4156} INFO - Setting next_dagrun for example_sla_dag to 2024-09-06 14:24:00+00:00, run_after=2024-09-06 14:26:00+00:00
[2024-09-06T14:26:50.308+0000] {processor.py:208} INFO - Processing /home/airflow/.local/lib/python3.12/site-packages/airflow/example_dags/example_sla_dag.py took 0.076 seconds
[2024-09-06T14:27:20.497+0000] {processor.py:186} INFO - Started process (PID=723) to work on /home/airflow/.local/lib/python3.12/site-packages/airflow/example_dags/example_sla_dag.py
[2024-09-06T14:27:20.498+0000] {processor.py:914} INFO - Processing file /home/airflow/.local/lib/python3.12/site-packages/airflow/example_dags/example_sla_dag.py for tasks to queue
[2024-09-06T14:27:20.500+0000] {logging_mixin.py:190} INFO - [2024-09-06T14:27:20.500+0000] {dagbag.py:587} INFO - Filling up the DagBag from /home/airflow/.local/lib/python3.12/site-packages/airflow/example_dags/example_sla_dag.py
[2024-09-06T14:27:20.511+0000] {processor.py:925} INFO - DAG(s) 'example_sla_dag' retrieved from /home/airflow/.local/lib/python3.12/site-packages/airflow/example_dags/example_sla_dag.py
[2024-09-06T14:27:20.532+0000] {logging_mixin.py:190} INFO - [2024-09-06T14:27:20.532+0000] {dag.py:3229} INFO - Sync 1 DAGs
[2024-09-06T14:27:20.560+0000] {logging_mixin.py:190} INFO - [2024-09-06T14:27:20.559+0000] {dag.py:4156} INFO - Setting next_dagrun for example_sla_dag to 2024-09-06 14:24:00+00:00, run_after=2024-09-06 14:26:00+00:00
[2024-09-06T14:27:20.575+0000] {processor.py:208} INFO - Processing /home/airflow/.local/lib/python3.12/site-packages/airflow/example_dags/example_sla_dag.py took 0.085 seconds
[2024-09-06T14:27:50.741+0000] {processor.py:186} INFO - Started process (PID=785) to work on /home/airflow/.local/lib/python3.12/site-packages/airflow/example_dags/example_sla_dag.py
[2024-09-06T14:27:50.742+0000] {processor.py:914} INFO - Processing file /home/airflow/.local/lib/python3.12/site-packages/airflow/example_dags/example_sla_dag.py for tasks to queue
[2024-09-06T14:27:50.744+0000] {logging_mixin.py:190} INFO - [2024-09-06T14:27:50.743+0000] {dagbag.py:587} INFO - Filling up the DagBag from /home/airflow/.local/lib/python3.12/site-packages/airflow/example_dags/example_sla_dag.py
[2024-09-06T14:27:50.752+0000] {processor.py:925} INFO - DAG(s) 'example_sla_dag' retrieved from /home/airflow/.local/lib/python3.12/site-packages/airflow/example_dags/example_sla_dag.py
[2024-09-06T14:27:50.769+0000] {logging_mixin.py:190} INFO - [2024-09-06T14:27:50.769+0000] {dag.py:3229} INFO - Sync 1 DAGs
[2024-09-06T14:27:50.791+0000] {logging_mixin.py:190} INFO - [2024-09-06T14:27:50.791+0000] {dag.py:4156} INFO - Setting next_dagrun for example_sla_dag to 2024-09-06 14:24:00+00:00, run_after=2024-09-06 14:26:00+00:00
[2024-09-06T14:27:50.806+0000] {processor.py:208} INFO - Processing /home/airflow/.local/lib/python3.12/site-packages/airflow/example_dags/example_sla_dag.py took 0.071 seconds
[2024-09-06T14:28:21.073+0000] {processor.py:186} INFO - Started process (PID=847) to work on /home/airflow/.local/lib/python3.12/site-packages/airflow/example_dags/example_sla_dag.py
[2024-09-06T14:28:21.074+0000] {processor.py:914} INFO - Processing file /home/airflow/.local/lib/python3.12/site-packages/airflow/example_dags/example_sla_dag.py for tasks to queue
[2024-09-06T14:28:21.076+0000] {logging_mixin.py:190} INFO - [2024-09-06T14:28:21.076+0000] {dagbag.py:587} INFO - Filling up the DagBag from /home/airflow/.local/lib/python3.12/site-packages/airflow/example_dags/example_sla_dag.py
[2024-09-06T14:28:21.084+0000] {processor.py:925} INFO - DAG(s) 'example_sla_dag' retrieved from /home/airflow/.local/lib/python3.12/site-packages/airflow/example_dags/example_sla_dag.py
[2024-09-06T14:28:21.100+0000] {logging_mixin.py:190} INFO - [2024-09-06T14:28:21.100+0000] {dag.py:3229} INFO - Sync 1 DAGs
[2024-09-06T14:28:21.123+0000] {logging_mixin.py:190} INFO - [2024-09-06T14:28:21.123+0000] {dag.py:4156} INFO - Setting next_dagrun for example_sla_dag to 2024-09-06 14:26:00+00:00, run_after=2024-09-06 14:28:00+00:00
[2024-09-06T14:28:21.140+0000] {processor.py:208} INFO - Processing /home/airflow/.local/lib/python3.12/site-packages/airflow/example_dags/example_sla_dag.py took 0.072 seconds
[2024-09-06T14:28:51.373+0000] {processor.py:186} INFO - Started process (PID=909) to work on /home/airflow/.local/lib/python3.12/site-packages/airflow/example_dags/example_sla_dag.py
[2024-09-06T14:28:51.374+0000] {processor.py:914} INFO - Processing file /home/airflow/.local/lib/python3.12/site-packages/airflow/example_dags/example_sla_dag.py for tasks to queue
[2024-09-06T14:28:51.375+0000] {logging_mixin.py:190} INFO - [2024-09-06T14:28:51.375+0000] {dagbag.py:587} INFO - Filling up the DagBag from /home/airflow/.local/lib/python3.12/site-packages/airflow/example_dags/example_sla_dag.py
[2024-09-06T14:28:51.384+0000] {processor.py:925} INFO - DAG(s) 'example_sla_dag' retrieved from /home/airflow/.local/lib/python3.12/site-packages/airflow/example_dags/example_sla_dag.py
[2024-09-06T14:28:51.401+0000] {logging_mixin.py:190} INFO - [2024-09-06T14:28:51.401+0000] {dag.py:3229} INFO - Sync 1 DAGs
[2024-09-06T14:28:51.424+0000] {logging_mixin.py:190} INFO - [2024-09-06T14:28:51.424+0000] {dag.py:4156} INFO - Setting next_dagrun for example_sla_dag to 2024-09-06 14:26:00+00:00, run_after=2024-09-06 14:28:00+00:00
[2024-09-06T14:28:51.442+0000] {processor.py:208} INFO - Processing /home/airflow/.local/lib/python3.12/site-packages/airflow/example_dags/example_sla_dag.py took 0.074 seconds
[2024-09-06T14:29:22.315+0000] {processor.py:186} INFO - Started process (PID=971) to work on /home/airflow/.local/lib/python3.12/site-packages/airflow/example_dags/example_sla_dag.py
[2024-09-06T14:29:22.316+0000] {processor.py:914} INFO - Processing file /home/airflow/.local/lib/python3.12/site-packages/airflow/example_dags/example_sla_dag.py for tasks to queue
[2024-09-06T14:29:22.318+0000] {logging_mixin.py:190} INFO - [2024-09-06T14:29:22.318+0000] {dagbag.py:587} INFO - Filling up the DagBag from /home/airflow/.local/lib/python3.12/site-packages/airflow/example_dags/example_sla_dag.py
[2024-09-06T14:29:22.328+0000] {processor.py:925} INFO - DAG(s) 'example_sla_dag' retrieved from /home/airflow/.local/lib/python3.12/site-packages/airflow/example_dags/example_sla_dag.py
[2024-09-06T14:29:22.345+0000] {logging_mixin.py:190} INFO - [2024-09-06T14:29:22.345+0000] {dag.py:3229} INFO - Sync 1 DAGs
[2024-09-06T14:29:22.367+0000] {logging_mixin.py:190} INFO - [2024-09-06T14:29:22.367+0000] {dag.py:4156} INFO - Setting next_dagrun for example_sla_dag to 2024-09-06 14:26:00+00:00, run_after=2024-09-06 14:28:00+00:00
[2024-09-06T14:29:22.387+0000] {processor.py:208} INFO - Processing /home/airflow/.local/lib/python3.12/site-packages/airflow/example_dags/example_sla_dag.py took 0.077 seconds
[2024-09-06T14:29:53.242+0000] {processor.py:186} INFO - Started process (PID=1033) to work on /home/airflow/.local/lib/python3.12/site-packages/airflow/example_dags/example_sla_dag.py
[2024-09-06T14:29:53.244+0000] {processor.py:914} INFO - Processing file /home/airflow/.local/lib/python3.12/site-packages/airflow/example_dags/example_sla_dag.py for tasks to queue
[2024-09-06T14:29:53.246+0000] {logging_mixin.py:190} INFO - [2024-09-06T14:29:53.246+0000] {dagbag.py:587} INFO - Filling up the DagBag from /home/airflow/.local/lib/python3.12/site-packages/airflow/example_dags/example_sla_dag.py
[2024-09-06T14:29:53.256+0000] {processor.py:925} INFO - DAG(s) 'example_sla_dag' retrieved from /home/airflow/.local/lib/python3.12/site-packages/airflow/example_dags/example_sla_dag.py
[2024-09-06T14:29:53.274+0000] {logging_mixin.py:190} INFO - [2024-09-06T14:29:53.274+0000] {dag.py:3229} INFO - Sync 1 DAGs
[2024-09-06T14:29:53.296+0000] {logging_mixin.py:190} INFO - [2024-09-06T14:29:53.295+0000] {dag.py:4156} INFO - Setting next_dagrun for example_sla_dag to 2024-09-06 14:26:00+00:00, run_after=2024-09-06 14:28:00+00:00
[2024-09-06T14:29:53.314+0000] {processor.py:208} INFO - Processing /home/airflow/.local/lib/python3.12/site-packages/airflow/example_dags/example_sla_dag.py took 0.077 seconds
[2024-09-06T14:30:23.497+0000] {processor.py:186} INFO - Started process (PID=1095) to work on /home/airflow/.local/lib/python3.12/site-packages/airflow/example_dags/example_sla_dag.py
[2024-09-06T14:30:23.498+0000] {processor.py:914} INFO - Processing file /home/airflow/.local/lib/python3.12/site-packages/airflow/example_dags/example_sla_dag.py for tasks to queue
[2024-09-06T14:30:23.501+0000] {logging_mixin.py:190} INFO - [2024-09-06T14:30:23.501+0000] {dagbag.py:587} INFO - Filling up the DagBag from /home/airflow/.local/lib/python3.12/site-packages/airflow/example_dags/example_sla_dag.py
[2024-09-06T14:30:23.513+0000] {processor.py:925} INFO - DAG(s) 'example_sla_dag' retrieved from /home/airflow/.local/lib/python3.12/site-packages/airflow/example_dags/example_sla_dag.py
[2024-09-06T14:30:23.533+0000] {logging_mixin.py:190} INFO - [2024-09-06T14:30:23.533+0000] {dag.py:3229} INFO - Sync 1 DAGs
[2024-09-06T14:30:23.555+0000] {logging_mixin.py:190} INFO - [2024-09-06T14:30:23.555+0000] {dag.py:4156} INFO - Setting next_dagrun for example_sla_dag to 2024-09-06 14:28:00+00:00, run_after=2024-09-06 14:30:00+00:00
[2024-09-06T14:30:23.570+0000] {processor.py:208} INFO - Processing /home/airflow/.local/lib/python3.12/site-packages/airflow/example_dags/example_sla_dag.py took 0.081 seconds
[2024-09-06T14:30:53.810+0000] {processor.py:186} INFO - Started process (PID=1157) to work on /home/airflow/.local/lib/python3.12/site-packages/airflow/example_dags/example_sla_dag.py
[2024-09-06T14:30:53.811+0000] {processor.py:914} INFO - Processing file /home/airflow/.local/lib/python3.12/site-packages/airflow/example_dags/example_sla_dag.py for tasks to queue
[2024-09-06T14:30:53.813+0000] {logging_mixin.py:190} INFO - [2024-09-06T14:30:53.813+0000] {dagbag.py:587} INFO - Filling up the DagBag from /home/airflow/.local/lib/python3.12/site-packages/airflow/example_dags/example_sla_dag.py
[2024-09-06T14:30:53.822+0000] {processor.py:925} INFO - DAG(s) 'example_sla_dag' retrieved from /home/airflow/.local/lib/python3.12/site-packages/airflow/example_dags/example_sla_dag.py
[2024-09-06T14:30:53.842+0000] {logging_mixin.py:190} INFO - [2024-09-06T14:30:53.841+0000] {dag.py:3229} INFO - Sync 1 DAGs
[2024-09-06T14:30:53.863+0000] {logging_mixin.py:190} INFO - [2024-09-06T14:30:53.863+0000] {dag.py:4156} INFO - Setting next_dagrun for example_sla_dag to 2024-09-06 14:28:00+00:00, run_after=2024-09-06 14:30:00+00:00
[2024-09-06T14:30:53.882+0000] {processor.py:208} INFO - Processing /home/airflow/.local/lib/python3.12/site-packages/airflow/example_dags/example_sla_dag.py took 0.078 seconds
[2024-09-06T14:31:24.401+0000] {processor.py:186} INFO - Started process (PID=1219) to work on /home/airflow/.local/lib/python3.12/site-packages/airflow/example_dags/example_sla_dag.py
[2024-09-06T14:31:24.402+0000] {processor.py:914} INFO - Processing file /home/airflow/.local/lib/python3.12/site-packages/airflow/example_dags/example_sla_dag.py for tasks to queue
[2024-09-06T14:31:24.404+0000] {logging_mixin.py:190} INFO - [2024-09-06T14:31:24.404+0000] {dagbag.py:587} INFO - Filling up the DagBag from /home/airflow/.local/lib/python3.12/site-packages/airflow/example_dags/example_sla_dag.py
[2024-09-06T14:31:24.413+0000] {processor.py:925} INFO - DAG(s) 'example_sla_dag' retrieved from /home/airflow/.local/lib/python3.12/site-packages/airflow/example_dags/example_sla_dag.py
[2024-09-06T14:31:24.434+0000] {logging_mixin.py:190} INFO - [2024-09-06T14:31:24.433+0000] {dag.py:3229} INFO - Sync 1 DAGs
[2024-09-06T14:31:24.459+0000] {logging_mixin.py:190} INFO - [2024-09-06T14:31:24.459+0000] {dag.py:4156} INFO - Setting next_dagrun for example_sla_dag to 2024-09-06 14:28:00+00:00, run_after=2024-09-06 14:30:00+00:00
[2024-09-06T14:31:24.479+0000] {processor.py:208} INFO - Processing /home/airflow/.local/lib/python3.12/site-packages/airflow/example_dags/example_sla_dag.py took 0.085 seconds
[2024-09-06T14:31:55.008+0000] {processor.py:186} INFO - Started process (PID=1281) to work on /home/airflow/.local/lib/python3.12/site-packages/airflow/example_dags/example_sla_dag.py
[2024-09-06T14:31:55.009+0000] {processor.py:914} INFO - Processing file /home/airflow/.local/lib/python3.12/site-packages/airflow/example_dags/example_sla_dag.py for tasks to queue
[2024-09-06T14:31:55.011+0000] {logging_mixin.py:190} INFO - [2024-09-06T14:31:55.011+0000] {dagbag.py:587} INFO - Filling up the DagBag from /home/airflow/.local/lib/python3.12/site-packages/airflow/example_dags/example_sla_dag.py
[2024-09-06T14:31:55.020+0000] {processor.py:925} INFO - DAG(s) 'example_sla_dag' retrieved from /home/airflow/.local/lib/python3.12/site-packages/airflow/example_dags/example_sla_dag.py
[2024-09-06T14:31:55.035+0000] {logging_mixin.py:190} INFO - [2024-09-06T14:31:55.035+0000] {dag.py:3229} INFO - Sync 1 DAGs
[2024-09-06T14:31:55.058+0000] {logging_mixin.py:190} INFO - [2024-09-06T14:31:55.058+0000] {dag.py:4156} INFO - Setting next_dagrun for example_sla_dag to 2024-09-06 14:28:00+00:00, run_after=2024-09-06 14:30:00+00:00
[2024-09-06T14:31:55.073+0000] {processor.py:208} INFO - Processing /home/airflow/.local/lib/python3.12/site-packages/airflow/example_dags/example_sla_dag.py took 0.070 seconds
[2024-09-06T14:32:25.606+0000] {processor.py:186} INFO - Started process (PID=1343) to work on /home/airflow/.local/lib/python3.12/site-packages/airflow/example_dags/example_sla_dag.py
[2024-09-06T14:32:25.607+0000] {processor.py:914} INFO - Processing file /home/airflow/.local/lib/python3.12/site-packages/airflow/example_dags/example_sla_dag.py for tasks to queue
[2024-09-06T14:32:25.609+0000] {logging_mixin.py:190} INFO - [2024-09-06T14:32:25.609+0000] {dagbag.py:587} INFO - Filling up the DagBag from /home/airflow/.local/lib/python3.12/site-packages/airflow/example_dags/example_sla_dag.py
[2024-09-06T14:32:25.617+0000] {processor.py:925} INFO - DAG(s) 'example_sla_dag' retrieved from /home/airflow/.local/lib/python3.12/site-packages/airflow/example_dags/example_sla_dag.py
[2024-09-06T14:32:25.633+0000] {logging_mixin.py:190} INFO - [2024-09-06T14:32:25.632+0000] {dag.py:3229} INFO - Sync 1 DAGs
[2024-09-06T14:32:25.656+0000] {logging_mixin.py:190} INFO - [2024-09-06T14:32:25.656+0000] {dag.py:4156} INFO - Setting next_dagrun for example_sla_dag to 2024-09-06 14:30:00+00:00, run_after=2024-09-06 14:32:00+00:00
[2024-09-06T14:32:25.671+0000] {processor.py:208} INFO - Processing /home/airflow/.local/lib/python3.12/site-packages/airflow/example_dags/example_sla_dag.py took 0.070 seconds
[2024-09-06T14:32:56.071+0000] {processor.py:186} INFO - Started process (PID=1405) to work on /home/airflow/.local/lib/python3.12/site-packages/airflow/example_dags/example_sla_dag.py
[2024-09-06T14:32:56.072+0000] {processor.py:914} INFO - Processing file /home/airflow/.local/lib/python3.12/site-packages/airflow/example_dags/example_sla_dag.py for tasks to queue
[2024-09-06T14:32:56.074+0000] {logging_mixin.py:190} INFO - [2024-09-06T14:32:56.074+0000] {dagbag.py:587} INFO - Filling up the DagBag from /home/airflow/.local/lib/python3.12/site-packages/airflow/example_dags/example_sla_dag.py
[2024-09-06T14:32:56.085+0000] {processor.py:925} INFO - DAG(s) 'example_sla_dag' retrieved from /home/airflow/.local/lib/python3.12/site-packages/airflow/example_dags/example_sla_dag.py
[2024-09-06T14:32:56.104+0000] {logging_mixin.py:190} INFO - [2024-09-06T14:32:56.104+0000] {dag.py:3229} INFO - Sync 1 DAGs
[2024-09-06T14:32:56.136+0000] {logging_mixin.py:190} INFO - [2024-09-06T14:32:56.135+0000] {dag.py:4156} INFO - Setting next_dagrun for example_sla_dag to 2024-09-06 14:30:00+00:00, run_after=2024-09-06 14:32:00+00:00
[2024-09-06T14:32:56.156+0000] {processor.py:208} INFO - Processing /home/airflow/.local/lib/python3.12/site-packages/airflow/example_dags/example_sla_dag.py took 0.090 seconds
[2024-09-06T14:33:26.634+0000] {processor.py:186} INFO - Started process (PID=1467) to work on /home/airflow/.local/lib/python3.12/site-packages/airflow/example_dags/example_sla_dag.py
[2024-09-06T14:33:26.635+0000] {processor.py:914} INFO - Processing file /home/airflow/.local/lib/python3.12/site-packages/airflow/example_dags/example_sla_dag.py for tasks to queue
[2024-09-06T14:33:26.637+0000] {logging_mixin.py:190} INFO - [2024-09-06T14:33:26.637+0000] {dagbag.py:587} INFO - Filling up the DagBag from /home/airflow/.local/lib/python3.12/site-packages/airflow/example_dags/example_sla_dag.py
[2024-09-06T14:33:26.648+0000] {processor.py:925} INFO - DAG(s) 'example_sla_dag' retrieved from /home/airflow/.local/lib/python3.12/site-packages/airflow/example_dags/example_sla_dag.py
[2024-09-06T14:33:26.672+0000] {logging_mixin.py:190} INFO - [2024-09-06T14:33:26.671+0000] {dag.py:3229} INFO - Sync 1 DAGs
[2024-09-06T14:33:26.707+0000] {logging_mixin.py:190} INFO - [2024-09-06T14:33:26.707+0000] {dag.py:4156} INFO - Setting next_dagrun for example_sla_dag to 2024-09-06 14:30:00+00:00, run_after=2024-09-06 14:32:00+00:00
[2024-09-06T14:33:26.730+0000] {processor.py:208} INFO - Processing /home/airflow/.local/lib/python3.12/site-packages/airflow/example_dags/example_sla_dag.py took 0.102 seconds
