[2024-09-06T14:22:13.809+0000] {processor.py:186} INFO - Started process (PID=86) to work on /home/airflow/.local/lib/python3.12/site-packages/airflow/example_dags/example_task_group_decorator.py
[2024-09-06T14:22:13.810+0000] {processor.py:914} INFO - Processing file /home/airflow/.local/lib/python3.12/site-packages/airflow/example_dags/example_task_group_decorator.py for tasks to queue
[2024-09-06T14:22:13.813+0000] {logging_mixin.py:190} INFO - [2024-09-06T14:22:13.812+0000] {dagbag.py:587} INFO - Filling up the DagBag from /home/airflow/.local/lib/python3.12/site-packages/airflow/example_dags/example_task_group_decorator.py
[2024-09-06T14:22:13.830+0000] {processor.py:925} INFO - DAG(s) 'example_task_group_decorator' retrieved from /home/airflow/.local/lib/python3.12/site-packages/airflow/example_dags/example_task_group_decorator.py
[2024-09-06T14:22:13.993+0000] {logging_mixin.py:190} INFO - [2024-09-06T14:22:13.992+0000] {override.py:1900} INFO - Created Permission View: can read on DAG:example_task_group_decorator
[2024-09-06T14:22:14.005+0000] {logging_mixin.py:190} INFO - [2024-09-06T14:22:14.004+0000] {override.py:1900} INFO - Created Permission View: can delete on DAG:example_task_group_decorator
[2024-09-06T14:22:14.011+0000] {logging_mixin.py:190} INFO - [2024-09-06T14:22:14.011+0000] {override.py:1900} INFO - Created Permission View: can edit on DAG:example_task_group_decorator
[2024-09-06T14:22:14.018+0000] {logging_mixin.py:190} INFO - [2024-09-06T14:22:14.018+0000] {override.py:1900} INFO - Created Permission View: can read on DAG Run:example_task_group_decorator
[2024-09-06T14:22:14.026+0000] {logging_mixin.py:190} INFO - [2024-09-06T14:22:14.025+0000] {override.py:1900} INFO - Created Permission View: can delete on DAG Run:example_task_group_decorator
[2024-09-06T14:22:14.036+0000] {logging_mixin.py:190} INFO - [2024-09-06T14:22:14.035+0000] {override.py:1900} INFO - Created Permission View: menu access on DAG Run:example_task_group_decorator
[2024-09-06T14:22:14.046+0000] {logging_mixin.py:190} INFO - [2024-09-06T14:22:14.045+0000] {override.py:1900} INFO - Created Permission View: can create on DAG Run:example_task_group_decorator
[2024-09-06T14:22:14.047+0000] {logging_mixin.py:190} INFO - [2024-09-06T14:22:14.046+0000] {dag.py:3229} INFO - Sync 1 DAGs
[2024-09-06T14:22:14.092+0000] {logging_mixin.py:190} INFO - [2024-09-06T14:22:14.088+0000] {dag.py:3252} INFO - Creating ORM DAG for example_task_group_decorator
[2024-09-06T14:22:14.097+0000] {logging_mixin.py:190} INFO - [2024-09-06T14:22:14.096+0000] {dag.py:4156} INFO - Setting next_dagrun for example_task_group_decorator to None, run_after=None
[2024-09-06T14:22:14.135+0000] {processor.py:208} INFO - Processing /home/airflow/.local/lib/python3.12/site-packages/airflow/example_dags/example_task_group_decorator.py took 0.333 seconds
[2024-09-06T14:22:44.468+0000] {processor.py:186} INFO - Started process (PID=148) to work on /home/airflow/.local/lib/python3.12/site-packages/airflow/example_dags/example_task_group_decorator.py
[2024-09-06T14:22:44.469+0000] {processor.py:914} INFO - Processing file /home/airflow/.local/lib/python3.12/site-packages/airflow/example_dags/example_task_group_decorator.py for tasks to queue
[2024-09-06T14:22:44.471+0000] {logging_mixin.py:190} INFO - [2024-09-06T14:22:44.471+0000] {dagbag.py:587} INFO - Filling up the DagBag from /home/airflow/.local/lib/python3.12/site-packages/airflow/example_dags/example_task_group_decorator.py
[2024-09-06T14:22:44.486+0000] {processor.py:925} INFO - DAG(s) 'example_task_group_decorator' retrieved from /home/airflow/.local/lib/python3.12/site-packages/airflow/example_dags/example_task_group_decorator.py
[2024-09-06T14:22:44.515+0000] {logging_mixin.py:190} INFO - [2024-09-06T14:22:44.514+0000] {dag.py:3229} INFO - Sync 1 DAGs
[2024-09-06T14:22:44.530+0000] {logging_mixin.py:190} INFO - [2024-09-06T14:22:44.530+0000] {dag.py:4156} INFO - Setting next_dagrun for example_task_group_decorator to None, run_after=None
[2024-09-06T14:22:44.548+0000] {processor.py:208} INFO - Processing /home/airflow/.local/lib/python3.12/site-packages/airflow/example_dags/example_task_group_decorator.py took 0.085 seconds
[2024-09-06T14:23:14.972+0000] {processor.py:186} INFO - Started process (PID=210) to work on /home/airflow/.local/lib/python3.12/site-packages/airflow/example_dags/example_task_group_decorator.py
[2024-09-06T14:23:14.973+0000] {processor.py:914} INFO - Processing file /home/airflow/.local/lib/python3.12/site-packages/airflow/example_dags/example_task_group_decorator.py for tasks to queue
[2024-09-06T14:23:14.975+0000] {logging_mixin.py:190} INFO - [2024-09-06T14:23:14.975+0000] {dagbag.py:587} INFO - Filling up the DagBag from /home/airflow/.local/lib/python3.12/site-packages/airflow/example_dags/example_task_group_decorator.py
[2024-09-06T14:23:14.988+0000] {processor.py:925} INFO - DAG(s) 'example_task_group_decorator' retrieved from /home/airflow/.local/lib/python3.12/site-packages/airflow/example_dags/example_task_group_decorator.py
[2024-09-06T14:23:15.012+0000] {logging_mixin.py:190} INFO - [2024-09-06T14:23:15.012+0000] {dag.py:3229} INFO - Sync 1 DAGs
[2024-09-06T14:23:15.025+0000] {logging_mixin.py:190} INFO - [2024-09-06T14:23:15.025+0000] {dag.py:4156} INFO - Setting next_dagrun for example_task_group_decorator to None, run_after=None
[2024-09-06T14:23:15.043+0000] {processor.py:208} INFO - Processing /home/airflow/.local/lib/python3.12/site-packages/airflow/example_dags/example_task_group_decorator.py took 0.075 seconds
[2024-09-06T14:23:45.312+0000] {processor.py:186} INFO - Started process (PID=272) to work on /home/airflow/.local/lib/python3.12/site-packages/airflow/example_dags/example_task_group_decorator.py
[2024-09-06T14:23:45.313+0000] {processor.py:914} INFO - Processing file /home/airflow/.local/lib/python3.12/site-packages/airflow/example_dags/example_task_group_decorator.py for tasks to queue
[2024-09-06T14:23:45.316+0000] {logging_mixin.py:190} INFO - [2024-09-06T14:23:45.315+0000] {dagbag.py:587} INFO - Filling up the DagBag from /home/airflow/.local/lib/python3.12/site-packages/airflow/example_dags/example_task_group_decorator.py
[2024-09-06T14:23:45.329+0000] {processor.py:925} INFO - DAG(s) 'example_task_group_decorator' retrieved from /home/airflow/.local/lib/python3.12/site-packages/airflow/example_dags/example_task_group_decorator.py
[2024-09-06T14:23:45.352+0000] {logging_mixin.py:190} INFO - [2024-09-06T14:23:45.352+0000] {dag.py:3229} INFO - Sync 1 DAGs
[2024-09-06T14:23:45.364+0000] {logging_mixin.py:190} INFO - [2024-09-06T14:23:45.364+0000] {dag.py:4156} INFO - Setting next_dagrun for example_task_group_decorator to None, run_after=None
[2024-09-06T14:23:45.384+0000] {processor.py:208} INFO - Processing /home/airflow/.local/lib/python3.12/site-packages/airflow/example_dags/example_task_group_decorator.py took 0.078 seconds
[2024-09-06T14:24:15.538+0000] {processor.py:186} INFO - Started process (PID=333) to work on /home/airflow/.local/lib/python3.12/site-packages/airflow/example_dags/example_task_group_decorator.py
[2024-09-06T14:24:15.539+0000] {processor.py:914} INFO - Processing file /home/airflow/.local/lib/python3.12/site-packages/airflow/example_dags/example_task_group_decorator.py for tasks to queue
[2024-09-06T14:24:15.541+0000] {logging_mixin.py:190} INFO - [2024-09-06T14:24:15.541+0000] {dagbag.py:587} INFO - Filling up the DagBag from /home/airflow/.local/lib/python3.12/site-packages/airflow/example_dags/example_task_group_decorator.py
[2024-09-06T14:24:15.557+0000] {processor.py:925} INFO - DAG(s) 'example_task_group_decorator' retrieved from /home/airflow/.local/lib/python3.12/site-packages/airflow/example_dags/example_task_group_decorator.py
[2024-09-06T14:24:15.577+0000] {logging_mixin.py:190} INFO - [2024-09-06T14:24:15.577+0000] {dag.py:3229} INFO - Sync 1 DAGs
[2024-09-06T14:24:15.588+0000] {logging_mixin.py:190} INFO - [2024-09-06T14:24:15.588+0000] {dag.py:4156} INFO - Setting next_dagrun for example_task_group_decorator to None, run_after=None
[2024-09-06T14:24:15.604+0000] {processor.py:208} INFO - Processing /home/airflow/.local/lib/python3.12/site-packages/airflow/example_dags/example_task_group_decorator.py took 0.071 seconds
[2024-09-06T14:24:45.877+0000] {processor.py:186} INFO - Started process (PID=395) to work on /home/airflow/.local/lib/python3.12/site-packages/airflow/example_dags/example_task_group_decorator.py
[2024-09-06T14:24:45.878+0000] {processor.py:914} INFO - Processing file /home/airflow/.local/lib/python3.12/site-packages/airflow/example_dags/example_task_group_decorator.py for tasks to queue
[2024-09-06T14:24:45.881+0000] {logging_mixin.py:190} INFO - [2024-09-06T14:24:45.880+0000] {dagbag.py:587} INFO - Filling up the DagBag from /home/airflow/.local/lib/python3.12/site-packages/airflow/example_dags/example_task_group_decorator.py
[2024-09-06T14:24:45.895+0000] {processor.py:925} INFO - DAG(s) 'example_task_group_decorator' retrieved from /home/airflow/.local/lib/python3.12/site-packages/airflow/example_dags/example_task_group_decorator.py
[2024-09-06T14:24:45.917+0000] {logging_mixin.py:190} INFO - [2024-09-06T14:24:45.917+0000] {dag.py:3229} INFO - Sync 1 DAGs
[2024-09-06T14:24:45.931+0000] {logging_mixin.py:190} INFO - [2024-09-06T14:24:45.930+0000] {dag.py:4156} INFO - Setting next_dagrun for example_task_group_decorator to None, run_after=None
[2024-09-06T14:24:45.948+0000] {processor.py:208} INFO - Processing /home/airflow/.local/lib/python3.12/site-packages/airflow/example_dags/example_task_group_decorator.py took 0.077 seconds
[2024-09-06T14:25:16.214+0000] {processor.py:186} INFO - Started process (PID=458) to work on /home/airflow/.local/lib/python3.12/site-packages/airflow/example_dags/example_task_group_decorator.py
[2024-09-06T14:25:16.215+0000] {processor.py:914} INFO - Processing file /home/airflow/.local/lib/python3.12/site-packages/airflow/example_dags/example_task_group_decorator.py for tasks to queue
[2024-09-06T14:25:16.218+0000] {logging_mixin.py:190} INFO - [2024-09-06T14:25:16.217+0000] {dagbag.py:587} INFO - Filling up the DagBag from /home/airflow/.local/lib/python3.12/site-packages/airflow/example_dags/example_task_group_decorator.py
[2024-09-06T14:25:16.235+0000] {processor.py:925} INFO - DAG(s) 'example_task_group_decorator' retrieved from /home/airflow/.local/lib/python3.12/site-packages/airflow/example_dags/example_task_group_decorator.py
[2024-09-06T14:25:16.259+0000] {logging_mixin.py:190} INFO - [2024-09-06T14:25:16.259+0000] {dag.py:3229} INFO - Sync 1 DAGs
[2024-09-06T14:25:16.271+0000] {logging_mixin.py:190} INFO - [2024-09-06T14:25:16.271+0000] {dag.py:4156} INFO - Setting next_dagrun for example_task_group_decorator to None, run_after=None
[2024-09-06T14:25:16.288+0000] {processor.py:208} INFO - Processing /home/airflow/.local/lib/python3.12/site-packages/airflow/example_dags/example_task_group_decorator.py took 0.080 seconds
[2024-09-06T14:25:46.615+0000] {processor.py:186} INFO - Started process (PID=519) to work on /home/airflow/.local/lib/python3.12/site-packages/airflow/example_dags/example_task_group_decorator.py
[2024-09-06T14:25:46.616+0000] {processor.py:914} INFO - Processing file /home/airflow/.local/lib/python3.12/site-packages/airflow/example_dags/example_task_group_decorator.py for tasks to queue
[2024-09-06T14:25:46.618+0000] {logging_mixin.py:190} INFO - [2024-09-06T14:25:46.618+0000] {dagbag.py:587} INFO - Filling up the DagBag from /home/airflow/.local/lib/python3.12/site-packages/airflow/example_dags/example_task_group_decorator.py
[2024-09-06T14:25:46.630+0000] {processor.py:925} INFO - DAG(s) 'example_task_group_decorator' retrieved from /home/airflow/.local/lib/python3.12/site-packages/airflow/example_dags/example_task_group_decorator.py
[2024-09-06T14:25:46.653+0000] {logging_mixin.py:190} INFO - [2024-09-06T14:25:46.653+0000] {dag.py:3229} INFO - Sync 1 DAGs
[2024-09-06T14:25:46.666+0000] {logging_mixin.py:190} INFO - [2024-09-06T14:25:46.666+0000] {dag.py:4156} INFO - Setting next_dagrun for example_task_group_decorator to None, run_after=None
[2024-09-06T14:25:46.688+0000] {processor.py:208} INFO - Processing /home/airflow/.local/lib/python3.12/site-packages/airflow/example_dags/example_task_group_decorator.py took 0.078 seconds
[2024-09-06T14:26:16.869+0000] {processor.py:186} INFO - Started process (PID=581) to work on /home/airflow/.local/lib/python3.12/site-packages/airflow/example_dags/example_task_group_decorator.py
[2024-09-06T14:26:16.870+0000] {processor.py:914} INFO - Processing file /home/airflow/.local/lib/python3.12/site-packages/airflow/example_dags/example_task_group_decorator.py for tasks to queue
[2024-09-06T14:26:16.872+0000] {logging_mixin.py:190} INFO - [2024-09-06T14:26:16.872+0000] {dagbag.py:587} INFO - Filling up the DagBag from /home/airflow/.local/lib/python3.12/site-packages/airflow/example_dags/example_task_group_decorator.py
[2024-09-06T14:26:16.888+0000] {processor.py:925} INFO - DAG(s) 'example_task_group_decorator' retrieved from /home/airflow/.local/lib/python3.12/site-packages/airflow/example_dags/example_task_group_decorator.py
[2024-09-06T14:26:16.924+0000] {logging_mixin.py:190} INFO - [2024-09-06T14:26:16.924+0000] {dag.py:3229} INFO - Sync 1 DAGs
[2024-09-06T14:26:16.937+0000] {logging_mixin.py:190} INFO - [2024-09-06T14:26:16.936+0000] {dag.py:4156} INFO - Setting next_dagrun for example_task_group_decorator to None, run_after=None
[2024-09-06T14:26:16.953+0000] {processor.py:208} INFO - Processing /home/airflow/.local/lib/python3.12/site-packages/airflow/example_dags/example_task_group_decorator.py took 0.088 seconds
[2024-09-06T14:26:47.076+0000] {processor.py:186} INFO - Started process (PID=643) to work on /home/airflow/.local/lib/python3.12/site-packages/airflow/example_dags/example_task_group_decorator.py
[2024-09-06T14:26:47.077+0000] {processor.py:914} INFO - Processing file /home/airflow/.local/lib/python3.12/site-packages/airflow/example_dags/example_task_group_decorator.py for tasks to queue
[2024-09-06T14:26:47.079+0000] {logging_mixin.py:190} INFO - [2024-09-06T14:26:47.079+0000] {dagbag.py:587} INFO - Filling up the DagBag from /home/airflow/.local/lib/python3.12/site-packages/airflow/example_dags/example_task_group_decorator.py
[2024-09-06T14:26:47.095+0000] {processor.py:925} INFO - DAG(s) 'example_task_group_decorator' retrieved from /home/airflow/.local/lib/python3.12/site-packages/airflow/example_dags/example_task_group_decorator.py
[2024-09-06T14:26:47.118+0000] {logging_mixin.py:190} INFO - [2024-09-06T14:26:47.118+0000] {dag.py:3229} INFO - Sync 1 DAGs
[2024-09-06T14:26:47.132+0000] {logging_mixin.py:190} INFO - [2024-09-06T14:26:47.132+0000] {dag.py:4156} INFO - Setting next_dagrun for example_task_group_decorator to None, run_after=None
[2024-09-06T14:26:47.152+0000] {processor.py:208} INFO - Processing /home/airflow/.local/lib/python3.12/site-packages/airflow/example_dags/example_task_group_decorator.py took 0.081 seconds
[2024-09-06T14:27:17.208+0000] {processor.py:186} INFO - Started process (PID=704) to work on /home/airflow/.local/lib/python3.12/site-packages/airflow/example_dags/example_task_group_decorator.py
[2024-09-06T14:27:17.209+0000] {processor.py:914} INFO - Processing file /home/airflow/.local/lib/python3.12/site-packages/airflow/example_dags/example_task_group_decorator.py for tasks to queue
[2024-09-06T14:27:17.211+0000] {logging_mixin.py:190} INFO - [2024-09-06T14:27:17.211+0000] {dagbag.py:587} INFO - Filling up the DagBag from /home/airflow/.local/lib/python3.12/site-packages/airflow/example_dags/example_task_group_decorator.py
[2024-09-06T14:27:17.223+0000] {processor.py:925} INFO - DAG(s) 'example_task_group_decorator' retrieved from /home/airflow/.local/lib/python3.12/site-packages/airflow/example_dags/example_task_group_decorator.py
[2024-09-06T14:27:17.245+0000] {logging_mixin.py:190} INFO - [2024-09-06T14:27:17.245+0000] {dag.py:3229} INFO - Sync 1 DAGs
[2024-09-06T14:27:17.258+0000] {logging_mixin.py:190} INFO - [2024-09-06T14:27:17.258+0000] {dag.py:4156} INFO - Setting next_dagrun for example_task_group_decorator to None, run_after=None
[2024-09-06T14:27:17.276+0000] {processor.py:208} INFO - Processing /home/airflow/.local/lib/python3.12/site-packages/airflow/example_dags/example_task_group_decorator.py took 0.073 seconds
[2024-09-06T14:27:47.332+0000] {processor.py:186} INFO - Started process (PID=766) to work on /home/airflow/.local/lib/python3.12/site-packages/airflow/example_dags/example_task_group_decorator.py
[2024-09-06T14:27:47.333+0000] {processor.py:914} INFO - Processing file /home/airflow/.local/lib/python3.12/site-packages/airflow/example_dags/example_task_group_decorator.py for tasks to queue
[2024-09-06T14:27:47.335+0000] {logging_mixin.py:190} INFO - [2024-09-06T14:27:47.335+0000] {dagbag.py:587} INFO - Filling up the DagBag from /home/airflow/.local/lib/python3.12/site-packages/airflow/example_dags/example_task_group_decorator.py
[2024-09-06T14:27:47.347+0000] {processor.py:925} INFO - DAG(s) 'example_task_group_decorator' retrieved from /home/airflow/.local/lib/python3.12/site-packages/airflow/example_dags/example_task_group_decorator.py
[2024-09-06T14:27:47.368+0000] {logging_mixin.py:190} INFO - [2024-09-06T14:27:47.368+0000] {dag.py:3229} INFO - Sync 1 DAGs
[2024-09-06T14:27:47.379+0000] {logging_mixin.py:190} INFO - [2024-09-06T14:27:47.379+0000] {dag.py:4156} INFO - Setting next_dagrun for example_task_group_decorator to None, run_after=None
[2024-09-06T14:27:47.397+0000] {processor.py:208} INFO - Processing /home/airflow/.local/lib/python3.12/site-packages/airflow/example_dags/example_task_group_decorator.py took 0.070 seconds
[2024-09-06T14:28:17.641+0000] {processor.py:186} INFO - Started process (PID=828) to work on /home/airflow/.local/lib/python3.12/site-packages/airflow/example_dags/example_task_group_decorator.py
[2024-09-06T14:28:17.642+0000] {processor.py:914} INFO - Processing file /home/airflow/.local/lib/python3.12/site-packages/airflow/example_dags/example_task_group_decorator.py for tasks to queue
[2024-09-06T14:28:17.644+0000] {logging_mixin.py:190} INFO - [2024-09-06T14:28:17.644+0000] {dagbag.py:587} INFO - Filling up the DagBag from /home/airflow/.local/lib/python3.12/site-packages/airflow/example_dags/example_task_group_decorator.py
[2024-09-06T14:28:17.656+0000] {processor.py:925} INFO - DAG(s) 'example_task_group_decorator' retrieved from /home/airflow/.local/lib/python3.12/site-packages/airflow/example_dags/example_task_group_decorator.py
[2024-09-06T14:28:17.677+0000] {logging_mixin.py:190} INFO - [2024-09-06T14:28:17.677+0000] {dag.py:3229} INFO - Sync 1 DAGs
[2024-09-06T14:28:17.689+0000] {logging_mixin.py:190} INFO - [2024-09-06T14:28:17.688+0000] {dag.py:4156} INFO - Setting next_dagrun for example_task_group_decorator to None, run_after=None
[2024-09-06T14:28:17.706+0000] {processor.py:208} INFO - Processing /home/airflow/.local/lib/python3.12/site-packages/airflow/example_dags/example_task_group_decorator.py took 0.069 seconds
[2024-09-06T14:28:47.944+0000] {processor.py:186} INFO - Started process (PID=890) to work on /home/airflow/.local/lib/python3.12/site-packages/airflow/example_dags/example_task_group_decorator.py
[2024-09-06T14:28:47.944+0000] {processor.py:914} INFO - Processing file /home/airflow/.local/lib/python3.12/site-packages/airflow/example_dags/example_task_group_decorator.py for tasks to queue
[2024-09-06T14:28:47.946+0000] {logging_mixin.py:190} INFO - [2024-09-06T14:28:47.946+0000] {dagbag.py:587} INFO - Filling up the DagBag from /home/airflow/.local/lib/python3.12/site-packages/airflow/example_dags/example_task_group_decorator.py
[2024-09-06T14:28:47.960+0000] {processor.py:925} INFO - DAG(s) 'example_task_group_decorator' retrieved from /home/airflow/.local/lib/python3.12/site-packages/airflow/example_dags/example_task_group_decorator.py
[2024-09-06T14:28:47.981+0000] {logging_mixin.py:190} INFO - [2024-09-06T14:28:47.981+0000] {dag.py:3229} INFO - Sync 1 DAGs
[2024-09-06T14:28:47.994+0000] {logging_mixin.py:190} INFO - [2024-09-06T14:28:47.993+0000] {dag.py:4156} INFO - Setting next_dagrun for example_task_group_decorator to None, run_after=None
[2024-09-06T14:28:48.012+0000] {processor.py:208} INFO - Processing /home/airflow/.local/lib/python3.12/site-packages/airflow/example_dags/example_task_group_decorator.py took 0.073 seconds
[2024-09-06T14:29:18.111+0000] {processor.py:186} INFO - Started process (PID=952) to work on /home/airflow/.local/lib/python3.12/site-packages/airflow/example_dags/example_task_group_decorator.py
[2024-09-06T14:29:18.112+0000] {processor.py:914} INFO - Processing file /home/airflow/.local/lib/python3.12/site-packages/airflow/example_dags/example_task_group_decorator.py for tasks to queue
[2024-09-06T14:29:18.114+0000] {logging_mixin.py:190} INFO - [2024-09-06T14:29:18.113+0000] {dagbag.py:587} INFO - Filling up the DagBag from /home/airflow/.local/lib/python3.12/site-packages/airflow/example_dags/example_task_group_decorator.py
[2024-09-06T14:29:18.127+0000] {processor.py:925} INFO - DAG(s) 'example_task_group_decorator' retrieved from /home/airflow/.local/lib/python3.12/site-packages/airflow/example_dags/example_task_group_decorator.py
[2024-09-06T14:29:18.149+0000] {logging_mixin.py:190} INFO - [2024-09-06T14:29:18.149+0000] {dag.py:3229} INFO - Sync 1 DAGs
[2024-09-06T14:29:18.162+0000] {logging_mixin.py:190} INFO - [2024-09-06T14:29:18.162+0000] {dag.py:4156} INFO - Setting next_dagrun for example_task_group_decorator to None, run_after=None
[2024-09-06T14:29:18.180+0000] {processor.py:208} INFO - Processing /home/airflow/.local/lib/python3.12/site-packages/airflow/example_dags/example_task_group_decorator.py took 0.075 seconds
[2024-09-06T14:29:49.132+0000] {processor.py:186} INFO - Started process (PID=1015) to work on /home/airflow/.local/lib/python3.12/site-packages/airflow/example_dags/example_task_group_decorator.py
[2024-09-06T14:29:49.133+0000] {processor.py:914} INFO - Processing file /home/airflow/.local/lib/python3.12/site-packages/airflow/example_dags/example_task_group_decorator.py for tasks to queue
[2024-09-06T14:29:49.135+0000] {logging_mixin.py:190} INFO - [2024-09-06T14:29:49.134+0000] {dagbag.py:587} INFO - Filling up the DagBag from /home/airflow/.local/lib/python3.12/site-packages/airflow/example_dags/example_task_group_decorator.py
[2024-09-06T14:29:49.147+0000] {processor.py:925} INFO - DAG(s) 'example_task_group_decorator' retrieved from /home/airflow/.local/lib/python3.12/site-packages/airflow/example_dags/example_task_group_decorator.py
[2024-09-06T14:29:49.170+0000] {logging_mixin.py:190} INFO - [2024-09-06T14:29:49.170+0000] {dag.py:3229} INFO - Sync 1 DAGs
[2024-09-06T14:29:49.182+0000] {logging_mixin.py:190} INFO - [2024-09-06T14:29:49.182+0000] {dag.py:4156} INFO - Setting next_dagrun for example_task_group_decorator to None, run_after=None
[2024-09-06T14:29:49.201+0000] {processor.py:208} INFO - Processing /home/airflow/.local/lib/python3.12/site-packages/airflow/example_dags/example_task_group_decorator.py took 0.074 seconds
[2024-09-06T14:30:19.271+0000] {processor.py:186} INFO - Started process (PID=1077) to work on /home/airflow/.local/lib/python3.12/site-packages/airflow/example_dags/example_task_group_decorator.py
[2024-09-06T14:30:19.272+0000] {processor.py:914} INFO - Processing file /home/airflow/.local/lib/python3.12/site-packages/airflow/example_dags/example_task_group_decorator.py for tasks to queue
[2024-09-06T14:30:19.274+0000] {logging_mixin.py:190} INFO - [2024-09-06T14:30:19.274+0000] {dagbag.py:587} INFO - Filling up the DagBag from /home/airflow/.local/lib/python3.12/site-packages/airflow/example_dags/example_task_group_decorator.py
[2024-09-06T14:30:19.289+0000] {processor.py:925} INFO - DAG(s) 'example_task_group_decorator' retrieved from /home/airflow/.local/lib/python3.12/site-packages/airflow/example_dags/example_task_group_decorator.py
[2024-09-06T14:30:19.313+0000] {logging_mixin.py:190} INFO - [2024-09-06T14:30:19.313+0000] {dag.py:3229} INFO - Sync 1 DAGs
[2024-09-06T14:30:19.326+0000] {logging_mixin.py:190} INFO - [2024-09-06T14:30:19.326+0000] {dag.py:4156} INFO - Setting next_dagrun for example_task_group_decorator to None, run_after=None
[2024-09-06T14:30:19.344+0000] {processor.py:208} INFO - Processing /home/airflow/.local/lib/python3.12/site-packages/airflow/example_dags/example_task_group_decorator.py took 0.078 seconds
[2024-09-06T14:30:49.428+0000] {processor.py:186} INFO - Started process (PID=1138) to work on /home/airflow/.local/lib/python3.12/site-packages/airflow/example_dags/example_task_group_decorator.py
[2024-09-06T14:30:49.429+0000] {processor.py:914} INFO - Processing file /home/airflow/.local/lib/python3.12/site-packages/airflow/example_dags/example_task_group_decorator.py for tasks to queue
[2024-09-06T14:30:49.431+0000] {logging_mixin.py:190} INFO - [2024-09-06T14:30:49.430+0000] {dagbag.py:587} INFO - Filling up the DagBag from /home/airflow/.local/lib/python3.12/site-packages/airflow/example_dags/example_task_group_decorator.py
[2024-09-06T14:30:49.443+0000] {processor.py:925} INFO - DAG(s) 'example_task_group_decorator' retrieved from /home/airflow/.local/lib/python3.12/site-packages/airflow/example_dags/example_task_group_decorator.py
[2024-09-06T14:30:49.465+0000] {logging_mixin.py:190} INFO - [2024-09-06T14:30:49.465+0000] {dag.py:3229} INFO - Sync 1 DAGs
[2024-09-06T14:30:49.476+0000] {logging_mixin.py:190} INFO - [2024-09-06T14:30:49.476+0000] {dag.py:4156} INFO - Setting next_dagrun for example_task_group_decorator to None, run_after=None
[2024-09-06T14:30:49.495+0000] {processor.py:208} INFO - Processing /home/airflow/.local/lib/python3.12/site-packages/airflow/example_dags/example_task_group_decorator.py took 0.072 seconds
[2024-09-06T14:31:20.139+0000] {processor.py:186} INFO - Started process (PID=1201) to work on /home/airflow/.local/lib/python3.12/site-packages/airflow/example_dags/example_task_group_decorator.py
[2024-09-06T14:31:20.140+0000] {processor.py:914} INFO - Processing file /home/airflow/.local/lib/python3.12/site-packages/airflow/example_dags/example_task_group_decorator.py for tasks to queue
[2024-09-06T14:31:20.143+0000] {logging_mixin.py:190} INFO - [2024-09-06T14:31:20.143+0000] {dagbag.py:587} INFO - Filling up the DagBag from /home/airflow/.local/lib/python3.12/site-packages/airflow/example_dags/example_task_group_decorator.py
[2024-09-06T14:31:20.160+0000] {processor.py:925} INFO - DAG(s) 'example_task_group_decorator' retrieved from /home/airflow/.local/lib/python3.12/site-packages/airflow/example_dags/example_task_group_decorator.py
[2024-09-06T14:31:20.188+0000] {logging_mixin.py:190} INFO - [2024-09-06T14:31:20.187+0000] {dag.py:3229} INFO - Sync 1 DAGs
[2024-09-06T14:31:20.206+0000] {logging_mixin.py:190} INFO - [2024-09-06T14:31:20.206+0000] {dag.py:4156} INFO - Setting next_dagrun for example_task_group_decorator to None, run_after=None
[2024-09-06T14:31:20.226+0000] {processor.py:208} INFO - Processing /home/airflow/.local/lib/python3.12/site-packages/airflow/example_dags/example_task_group_decorator.py took 0.095 seconds
[2024-09-06T14:31:50.609+0000] {processor.py:186} INFO - Started process (PID=1263) to work on /home/airflow/.local/lib/python3.12/site-packages/airflow/example_dags/example_task_group_decorator.py
[2024-09-06T14:31:50.610+0000] {processor.py:914} INFO - Processing file /home/airflow/.local/lib/python3.12/site-packages/airflow/example_dags/example_task_group_decorator.py for tasks to queue
[2024-09-06T14:31:50.613+0000] {logging_mixin.py:190} INFO - [2024-09-06T14:31:50.612+0000] {dagbag.py:587} INFO - Filling up the DagBag from /home/airflow/.local/lib/python3.12/site-packages/airflow/example_dags/example_task_group_decorator.py
[2024-09-06T14:31:50.630+0000] {processor.py:925} INFO - DAG(s) 'example_task_group_decorator' retrieved from /home/airflow/.local/lib/python3.12/site-packages/airflow/example_dags/example_task_group_decorator.py
[2024-09-06T14:31:50.658+0000] {logging_mixin.py:190} INFO - [2024-09-06T14:31:50.658+0000] {dag.py:3229} INFO - Sync 1 DAGs
[2024-09-06T14:31:50.675+0000] {logging_mixin.py:190} INFO - [2024-09-06T14:31:50.674+0000] {dag.py:4156} INFO - Setting next_dagrun for example_task_group_decorator to None, run_after=None
[2024-09-06T14:31:50.828+0000] {processor.py:208} INFO - Processing /home/airflow/.local/lib/python3.12/site-packages/airflow/example_dags/example_task_group_decorator.py took 0.224 seconds
[2024-09-06T14:32:21.311+0000] {processor.py:186} INFO - Started process (PID=1325) to work on /home/airflow/.local/lib/python3.12/site-packages/airflow/example_dags/example_task_group_decorator.py
[2024-09-06T14:32:21.312+0000] {processor.py:914} INFO - Processing file /home/airflow/.local/lib/python3.12/site-packages/airflow/example_dags/example_task_group_decorator.py for tasks to queue
[2024-09-06T14:32:21.314+0000] {logging_mixin.py:190} INFO - [2024-09-06T14:32:21.314+0000] {dagbag.py:587} INFO - Filling up the DagBag from /home/airflow/.local/lib/python3.12/site-packages/airflow/example_dags/example_task_group_decorator.py
[2024-09-06T14:32:21.335+0000] {processor.py:925} INFO - DAG(s) 'example_task_group_decorator' retrieved from /home/airflow/.local/lib/python3.12/site-packages/airflow/example_dags/example_task_group_decorator.py
[2024-09-06T14:32:21.360+0000] {logging_mixin.py:190} INFO - [2024-09-06T14:32:21.360+0000] {dag.py:3229} INFO - Sync 1 DAGs
[2024-09-06T14:32:21.376+0000] {logging_mixin.py:190} INFO - [2024-09-06T14:32:21.376+0000] {dag.py:4156} INFO - Setting next_dagrun for example_task_group_decorator to None, run_after=None
[2024-09-06T14:32:21.397+0000] {processor.py:208} INFO - Processing /home/airflow/.local/lib/python3.12/site-packages/airflow/example_dags/example_task_group_decorator.py took 0.092 seconds
[2024-09-06T14:32:51.844+0000] {processor.py:186} INFO - Started process (PID=1387) to work on /home/airflow/.local/lib/python3.12/site-packages/airflow/example_dags/example_task_group_decorator.py
[2024-09-06T14:32:51.845+0000] {processor.py:914} INFO - Processing file /home/airflow/.local/lib/python3.12/site-packages/airflow/example_dags/example_task_group_decorator.py for tasks to queue
[2024-09-06T14:32:51.848+0000] {logging_mixin.py:190} INFO - [2024-09-06T14:32:51.847+0000] {dagbag.py:587} INFO - Filling up the DagBag from /home/airflow/.local/lib/python3.12/site-packages/airflow/example_dags/example_task_group_decorator.py
[2024-09-06T14:32:51.865+0000] {processor.py:925} INFO - DAG(s) 'example_task_group_decorator' retrieved from /home/airflow/.local/lib/python3.12/site-packages/airflow/example_dags/example_task_group_decorator.py
[2024-09-06T14:32:51.888+0000] {logging_mixin.py:190} INFO - [2024-09-06T14:32:51.888+0000] {dag.py:3229} INFO - Sync 1 DAGs
[2024-09-06T14:32:51.902+0000] {logging_mixin.py:190} INFO - [2024-09-06T14:32:51.902+0000] {dag.py:4156} INFO - Setting next_dagrun for example_task_group_decorator to None, run_after=None
[2024-09-06T14:32:51.920+0000] {processor.py:208} INFO - Processing /home/airflow/.local/lib/python3.12/site-packages/airflow/example_dags/example_task_group_decorator.py took 0.083 seconds
[2024-09-06T14:33:22.333+0000] {processor.py:186} INFO - Started process (PID=1449) to work on /home/airflow/.local/lib/python3.12/site-packages/airflow/example_dags/example_task_group_decorator.py
[2024-09-06T14:33:22.335+0000] {processor.py:914} INFO - Processing file /home/airflow/.local/lib/python3.12/site-packages/airflow/example_dags/example_task_group_decorator.py for tasks to queue
[2024-09-06T14:33:22.340+0000] {logging_mixin.py:190} INFO - [2024-09-06T14:33:22.339+0000] {dagbag.py:587} INFO - Filling up the DagBag from /home/airflow/.local/lib/python3.12/site-packages/airflow/example_dags/example_task_group_decorator.py
[2024-09-06T14:33:22.359+0000] {processor.py:925} INFO - DAG(s) 'example_task_group_decorator' retrieved from /home/airflow/.local/lib/python3.12/site-packages/airflow/example_dags/example_task_group_decorator.py
[2024-09-06T14:33:22.387+0000] {logging_mixin.py:190} INFO - [2024-09-06T14:33:22.387+0000] {dag.py:3229} INFO - Sync 1 DAGs
[2024-09-06T14:33:22.402+0000] {logging_mixin.py:190} INFO - [2024-09-06T14:33:22.401+0000] {dag.py:4156} INFO - Setting next_dagrun for example_task_group_decorator to None, run_after=None
[2024-09-06T14:33:22.421+0000] {processor.py:208} INFO - Processing /home/airflow/.local/lib/python3.12/site-packages/airflow/example_dags/example_task_group_decorator.py took 0.095 seconds
[2024-09-06T14:33:52.867+0000] {processor.py:186} INFO - Started process (PID=1511) to work on /home/airflow/.local/lib/python3.12/site-packages/airflow/example_dags/example_task_group_decorator.py
[2024-09-06T14:33:52.868+0000] {processor.py:914} INFO - Processing file /home/airflow/.local/lib/python3.12/site-packages/airflow/example_dags/example_task_group_decorator.py for tasks to queue
[2024-09-06T14:33:52.870+0000] {logging_mixin.py:190} INFO - [2024-09-06T14:33:52.870+0000] {dagbag.py:587} INFO - Filling up the DagBag from /home/airflow/.local/lib/python3.12/site-packages/airflow/example_dags/example_task_group_decorator.py
[2024-09-06T14:33:52.885+0000] {processor.py:925} INFO - DAG(s) 'example_task_group_decorator' retrieved from /home/airflow/.local/lib/python3.12/site-packages/airflow/example_dags/example_task_group_decorator.py
[2024-09-06T14:33:52.908+0000] {logging_mixin.py:190} INFO - [2024-09-06T14:33:52.908+0000] {dag.py:3229} INFO - Sync 1 DAGs
[2024-09-06T14:33:52.923+0000] {logging_mixin.py:190} INFO - [2024-09-06T14:33:52.923+0000] {dag.py:4156} INFO - Setting next_dagrun for example_task_group_decorator to None, run_after=None
[2024-09-06T14:33:52.942+0000] {processor.py:208} INFO - Processing /home/airflow/.local/lib/python3.12/site-packages/airflow/example_dags/example_task_group_decorator.py took 0.081 seconds
