[2024-09-06T14:22:18.329+0000] {processor.py:186} INFO - Started process (PID=111) to work on /home/airflow/.local/lib/python3.12/site-packages/airflow/example_dags/example_bash_decorator.py
[2024-09-06T14:22:18.330+0000] {processor.py:914} INFO - Processing file /home/airflow/.local/lib/python3.12/site-packages/airflow/example_dags/example_bash_decorator.py for tasks to queue
[2024-09-06T14:22:18.333+0000] {logging_mixin.py:190} INFO - [2024-09-06T14:22:18.332+0000] {dagbag.py:587} INFO - Filling up the DagBag from /home/airflow/.local/lib/python3.12/site-packages/airflow/example_dags/example_bash_decorator.py
[2024-09-06T14:22:18.353+0000] {processor.py:925} INFO - DAG(s) 'example_bash_decorator' retrieved from /home/airflow/.local/lib/python3.12/site-packages/airflow/example_dags/example_bash_decorator.py
[2024-09-06T14:22:18.514+0000] {logging_mixin.py:190} INFO - [2024-09-06T14:22:18.513+0000] {override.py:1900} INFO - Created Permission View: can read on DAG:example_bash_decorator
[2024-09-06T14:22:18.528+0000] {logging_mixin.py:190} INFO - [2024-09-06T14:22:18.528+0000] {override.py:1900} INFO - Created Permission View: can delete on DAG:example_bash_decorator
[2024-09-06T14:22:18.537+0000] {logging_mixin.py:190} INFO - [2024-09-06T14:22:18.536+0000] {override.py:1900} INFO - Created Permission View: can edit on DAG:example_bash_decorator
[2024-09-06T14:22:18.547+0000] {logging_mixin.py:190} INFO - [2024-09-06T14:22:18.546+0000] {override.py:1900} INFO - Created Permission View: can read on DAG Run:example_bash_decorator
[2024-09-06T14:22:18.555+0000] {logging_mixin.py:190} INFO - [2024-09-06T14:22:18.555+0000] {override.py:1900} INFO - Created Permission View: can delete on DAG Run:example_bash_decorator
[2024-09-06T14:22:18.563+0000] {logging_mixin.py:190} INFO - [2024-09-06T14:22:18.563+0000] {override.py:1900} INFO - Created Permission View: menu access on DAG Run:example_bash_decorator
[2024-09-06T14:22:18.571+0000] {logging_mixin.py:190} INFO - [2024-09-06T14:22:18.571+0000] {override.py:1900} INFO - Created Permission View: can create on DAG Run:example_bash_decorator
[2024-09-06T14:22:18.572+0000] {logging_mixin.py:190} INFO - [2024-09-06T14:22:18.572+0000] {dag.py:3229} INFO - Sync 1 DAGs
[2024-09-06T14:22:18.584+0000] {logging_mixin.py:190} INFO - [2024-09-06T14:22:18.584+0000] {dag.py:3252} INFO - Creating ORM DAG for example_bash_decorator
[2024-09-06T14:22:18.585+0000] {logging_mixin.py:190} INFO - [2024-09-06T14:22:18.585+0000] {dag.py:4156} INFO - Setting next_dagrun for example_bash_decorator to None, run_after=None
[2024-09-06T14:22:18.601+0000] {processor.py:208} INFO - Processing /home/airflow/.local/lib/python3.12/site-packages/airflow/example_dags/example_bash_decorator.py took 0.280 seconds
[2024-09-06T14:22:49.037+0000] {processor.py:186} INFO - Started process (PID=173) to work on /home/airflow/.local/lib/python3.12/site-packages/airflow/example_dags/example_bash_decorator.py
[2024-09-06T14:22:49.038+0000] {processor.py:914} INFO - Processing file /home/airflow/.local/lib/python3.12/site-packages/airflow/example_dags/example_bash_decorator.py for tasks to queue
[2024-09-06T14:22:49.041+0000] {logging_mixin.py:190} INFO - [2024-09-06T14:22:49.040+0000] {dagbag.py:587} INFO - Filling up the DagBag from /home/airflow/.local/lib/python3.12/site-packages/airflow/example_dags/example_bash_decorator.py
[2024-09-06T14:22:49.056+0000] {processor.py:925} INFO - DAG(s) 'example_bash_decorator' retrieved from /home/airflow/.local/lib/python3.12/site-packages/airflow/example_dags/example_bash_decorator.py
[2024-09-06T14:22:49.081+0000] {logging_mixin.py:190} INFO - [2024-09-06T14:22:49.080+0000] {dag.py:3229} INFO - Sync 1 DAGs
[2024-09-06T14:22:49.096+0000] {logging_mixin.py:190} INFO - [2024-09-06T14:22:49.096+0000] {dag.py:4156} INFO - Setting next_dagrun for example_bash_decorator to None, run_after=None
[2024-09-06T14:22:49.118+0000] {processor.py:208} INFO - Processing /home/airflow/.local/lib/python3.12/site-packages/airflow/example_dags/example_bash_decorator.py took 0.087 seconds
[2024-09-06T14:23:19.379+0000] {processor.py:186} INFO - Started process (PID=235) to work on /home/airflow/.local/lib/python3.12/site-packages/airflow/example_dags/example_bash_decorator.py
[2024-09-06T14:23:19.380+0000] {processor.py:914} INFO - Processing file /home/airflow/.local/lib/python3.12/site-packages/airflow/example_dags/example_bash_decorator.py for tasks to queue
[2024-09-06T14:23:19.383+0000] {logging_mixin.py:190} INFO - [2024-09-06T14:23:19.382+0000] {dagbag.py:587} INFO - Filling up the DagBag from /home/airflow/.local/lib/python3.12/site-packages/airflow/example_dags/example_bash_decorator.py
[2024-09-06T14:23:19.400+0000] {processor.py:925} INFO - DAG(s) 'example_bash_decorator' retrieved from /home/airflow/.local/lib/python3.12/site-packages/airflow/example_dags/example_bash_decorator.py
[2024-09-06T14:23:19.423+0000] {logging_mixin.py:190} INFO - [2024-09-06T14:23:19.422+0000] {dag.py:3229} INFO - Sync 1 DAGs
[2024-09-06T14:23:19.439+0000] {logging_mixin.py:190} INFO - [2024-09-06T14:23:19.438+0000] {dag.py:4156} INFO - Setting next_dagrun for example_bash_decorator to None, run_after=None
[2024-09-06T14:23:19.456+0000] {processor.py:208} INFO - Processing /home/airflow/.local/lib/python3.12/site-packages/airflow/example_dags/example_bash_decorator.py took 0.082 seconds
[2024-09-06T14:23:49.907+0000] {processor.py:186} INFO - Started process (PID=297) to work on /home/airflow/.local/lib/python3.12/site-packages/airflow/example_dags/example_bash_decorator.py
[2024-09-06T14:23:49.908+0000] {processor.py:914} INFO - Processing file /home/airflow/.local/lib/python3.12/site-packages/airflow/example_dags/example_bash_decorator.py for tasks to queue
[2024-09-06T14:23:49.911+0000] {logging_mixin.py:190} INFO - [2024-09-06T14:23:49.911+0000] {dagbag.py:587} INFO - Filling up the DagBag from /home/airflow/.local/lib/python3.12/site-packages/airflow/example_dags/example_bash_decorator.py
[2024-09-06T14:23:49.925+0000] {processor.py:925} INFO - DAG(s) 'example_bash_decorator' retrieved from /home/airflow/.local/lib/python3.12/site-packages/airflow/example_dags/example_bash_decorator.py
[2024-09-06T14:23:49.948+0000] {logging_mixin.py:190} INFO - [2024-09-06T14:23:49.947+0000] {dag.py:3229} INFO - Sync 1 DAGs
[2024-09-06T14:23:49.964+0000] {logging_mixin.py:190} INFO - [2024-09-06T14:23:49.964+0000] {dag.py:4156} INFO - Setting next_dagrun for example_bash_decorator to None, run_after=None
[2024-09-06T14:23:49.981+0000] {processor.py:208} INFO - Processing /home/airflow/.local/lib/python3.12/site-packages/airflow/example_dags/example_bash_decorator.py took 0.080 seconds
[2024-09-06T14:24:20.178+0000] {processor.py:186} INFO - Started process (PID=359) to work on /home/airflow/.local/lib/python3.12/site-packages/airflow/example_dags/example_bash_decorator.py
[2024-09-06T14:24:20.179+0000] {processor.py:914} INFO - Processing file /home/airflow/.local/lib/python3.12/site-packages/airflow/example_dags/example_bash_decorator.py for tasks to queue
[2024-09-06T14:24:20.181+0000] {logging_mixin.py:190} INFO - [2024-09-06T14:24:20.181+0000] {dagbag.py:587} INFO - Filling up the DagBag from /home/airflow/.local/lib/python3.12/site-packages/airflow/example_dags/example_bash_decorator.py
[2024-09-06T14:24:20.195+0000] {processor.py:925} INFO - DAG(s) 'example_bash_decorator' retrieved from /home/airflow/.local/lib/python3.12/site-packages/airflow/example_dags/example_bash_decorator.py
[2024-09-06T14:24:20.215+0000] {logging_mixin.py:190} INFO - [2024-09-06T14:24:20.215+0000] {dag.py:3229} INFO - Sync 1 DAGs
[2024-09-06T14:24:20.228+0000] {logging_mixin.py:190} INFO - [2024-09-06T14:24:20.227+0000] {dag.py:4156} INFO - Setting next_dagrun for example_bash_decorator to None, run_after=None
[2024-09-06T14:24:20.243+0000] {processor.py:208} INFO - Processing /home/airflow/.local/lib/python3.12/site-packages/airflow/example_dags/example_bash_decorator.py took 0.071 seconds
[2024-09-06T14:24:50.532+0000] {processor.py:186} INFO - Started process (PID=421) to work on /home/airflow/.local/lib/python3.12/site-packages/airflow/example_dags/example_bash_decorator.py
[2024-09-06T14:24:50.533+0000] {processor.py:914} INFO - Processing file /home/airflow/.local/lib/python3.12/site-packages/airflow/example_dags/example_bash_decorator.py for tasks to queue
[2024-09-06T14:24:50.538+0000] {logging_mixin.py:190} INFO - [2024-09-06T14:24:50.537+0000] {dagbag.py:587} INFO - Filling up the DagBag from /home/airflow/.local/lib/python3.12/site-packages/airflow/example_dags/example_bash_decorator.py
[2024-09-06T14:24:50.554+0000] {processor.py:925} INFO - DAG(s) 'example_bash_decorator' retrieved from /home/airflow/.local/lib/python3.12/site-packages/airflow/example_dags/example_bash_decorator.py
[2024-09-06T14:24:50.577+0000] {logging_mixin.py:190} INFO - [2024-09-06T14:24:50.577+0000] {dag.py:3229} INFO - Sync 1 DAGs
[2024-09-06T14:24:50.591+0000] {logging_mixin.py:190} INFO - [2024-09-06T14:24:50.591+0000] {dag.py:4156} INFO - Setting next_dagrun for example_bash_decorator to None, run_after=None
[2024-09-06T14:24:50.611+0000] {processor.py:208} INFO - Processing /home/airflow/.local/lib/python3.12/site-packages/airflow/example_dags/example_bash_decorator.py took 0.087 seconds
[2024-09-06T14:25:20.932+0000] {processor.py:186} INFO - Started process (PID=484) to work on /home/airflow/.local/lib/python3.12/site-packages/airflow/example_dags/example_bash_decorator.py
[2024-09-06T14:25:20.933+0000] {processor.py:914} INFO - Processing file /home/airflow/.local/lib/python3.12/site-packages/airflow/example_dags/example_bash_decorator.py for tasks to queue
[2024-09-06T14:25:20.935+0000] {logging_mixin.py:190} INFO - [2024-09-06T14:25:20.935+0000] {dagbag.py:587} INFO - Filling up the DagBag from /home/airflow/.local/lib/python3.12/site-packages/airflow/example_dags/example_bash_decorator.py
[2024-09-06T14:25:20.947+0000] {processor.py:925} INFO - DAG(s) 'example_bash_decorator' retrieved from /home/airflow/.local/lib/python3.12/site-packages/airflow/example_dags/example_bash_decorator.py
[2024-09-06T14:25:20.971+0000] {logging_mixin.py:190} INFO - [2024-09-06T14:25:20.971+0000] {dag.py:3229} INFO - Sync 1 DAGs
[2024-09-06T14:25:20.984+0000] {logging_mixin.py:190} INFO - [2024-09-06T14:25:20.983+0000] {dag.py:4156} INFO - Setting next_dagrun for example_bash_decorator to None, run_after=None
[2024-09-06T14:25:21.002+0000] {processor.py:208} INFO - Processing /home/airflow/.local/lib/python3.12/site-packages/airflow/example_dags/example_bash_decorator.py took 0.075 seconds
[2024-09-06T14:25:51.146+0000] {processor.py:186} INFO - Started process (PID=545) to work on /home/airflow/.local/lib/python3.12/site-packages/airflow/example_dags/example_bash_decorator.py
[2024-09-06T14:25:51.147+0000] {processor.py:914} INFO - Processing file /home/airflow/.local/lib/python3.12/site-packages/airflow/example_dags/example_bash_decorator.py for tasks to queue
[2024-09-06T14:25:51.150+0000] {logging_mixin.py:190} INFO - [2024-09-06T14:25:51.149+0000] {dagbag.py:587} INFO - Filling up the DagBag from /home/airflow/.local/lib/python3.12/site-packages/airflow/example_dags/example_bash_decorator.py
[2024-09-06T14:25:51.161+0000] {processor.py:925} INFO - DAG(s) 'example_bash_decorator' retrieved from /home/airflow/.local/lib/python3.12/site-packages/airflow/example_dags/example_bash_decorator.py
[2024-09-06T14:25:51.182+0000] {logging_mixin.py:190} INFO - [2024-09-06T14:25:51.182+0000] {dag.py:3229} INFO - Sync 1 DAGs
[2024-09-06T14:25:51.194+0000] {logging_mixin.py:190} INFO - [2024-09-06T14:25:51.194+0000] {dag.py:4156} INFO - Setting next_dagrun for example_bash_decorator to None, run_after=None
[2024-09-06T14:25:51.213+0000] {processor.py:208} INFO - Processing /home/airflow/.local/lib/python3.12/site-packages/airflow/example_dags/example_bash_decorator.py took 0.072 seconds
[2024-09-06T14:26:21.449+0000] {processor.py:186} INFO - Started process (PID=607) to work on /home/airflow/.local/lib/python3.12/site-packages/airflow/example_dags/example_bash_decorator.py
[2024-09-06T14:26:21.450+0000] {processor.py:914} INFO - Processing file /home/airflow/.local/lib/python3.12/site-packages/airflow/example_dags/example_bash_decorator.py for tasks to queue
[2024-09-06T14:26:21.453+0000] {logging_mixin.py:190} INFO - [2024-09-06T14:26:21.452+0000] {dagbag.py:587} INFO - Filling up the DagBag from /home/airflow/.local/lib/python3.12/site-packages/airflow/example_dags/example_bash_decorator.py
[2024-09-06T14:26:21.465+0000] {processor.py:925} INFO - DAG(s) 'example_bash_decorator' retrieved from /home/airflow/.local/lib/python3.12/site-packages/airflow/example_dags/example_bash_decorator.py
[2024-09-06T14:26:21.487+0000] {logging_mixin.py:190} INFO - [2024-09-06T14:26:21.487+0000] {dag.py:3229} INFO - Sync 1 DAGs
[2024-09-06T14:26:21.501+0000] {logging_mixin.py:190} INFO - [2024-09-06T14:26:21.501+0000] {dag.py:4156} INFO - Setting next_dagrun for example_bash_decorator to None, run_after=None
[2024-09-06T14:26:21.521+0000] {processor.py:208} INFO - Processing /home/airflow/.local/lib/python3.12/site-packages/airflow/example_dags/example_bash_decorator.py took 0.078 seconds
[2024-09-06T14:26:51.687+0000] {processor.py:186} INFO - Started process (PID=669) to work on /home/airflow/.local/lib/python3.12/site-packages/airflow/example_dags/example_bash_decorator.py
[2024-09-06T14:26:51.688+0000] {processor.py:914} INFO - Processing file /home/airflow/.local/lib/python3.12/site-packages/airflow/example_dags/example_bash_decorator.py for tasks to queue
[2024-09-06T14:26:51.691+0000] {logging_mixin.py:190} INFO - [2024-09-06T14:26:51.690+0000] {dagbag.py:587} INFO - Filling up the DagBag from /home/airflow/.local/lib/python3.12/site-packages/airflow/example_dags/example_bash_decorator.py
[2024-09-06T14:26:51.703+0000] {processor.py:925} INFO - DAG(s) 'example_bash_decorator' retrieved from /home/airflow/.local/lib/python3.12/site-packages/airflow/example_dags/example_bash_decorator.py
[2024-09-06T14:26:51.728+0000] {logging_mixin.py:190} INFO - [2024-09-06T14:26:51.727+0000] {dag.py:3229} INFO - Sync 1 DAGs
[2024-09-06T14:26:51.740+0000] {logging_mixin.py:190} INFO - [2024-09-06T14:26:51.740+0000] {dag.py:4156} INFO - Setting next_dagrun for example_bash_decorator to None, run_after=None
[2024-09-06T14:26:51.759+0000] {processor.py:208} INFO - Processing /home/airflow/.local/lib/python3.12/site-packages/airflow/example_dags/example_bash_decorator.py took 0.078 seconds
[2024-09-06T14:27:21.962+0000] {processor.py:186} INFO - Started process (PID=731) to work on /home/airflow/.local/lib/python3.12/site-packages/airflow/example_dags/example_bash_decorator.py
[2024-09-06T14:27:21.963+0000] {processor.py:914} INFO - Processing file /home/airflow/.local/lib/python3.12/site-packages/airflow/example_dags/example_bash_decorator.py for tasks to queue
[2024-09-06T14:27:21.965+0000] {logging_mixin.py:190} INFO - [2024-09-06T14:27:21.964+0000] {dagbag.py:587} INFO - Filling up the DagBag from /home/airflow/.local/lib/python3.12/site-packages/airflow/example_dags/example_bash_decorator.py
[2024-09-06T14:27:21.977+0000] {processor.py:925} INFO - DAG(s) 'example_bash_decorator' retrieved from /home/airflow/.local/lib/python3.12/site-packages/airflow/example_dags/example_bash_decorator.py
[2024-09-06T14:27:21.997+0000] {logging_mixin.py:190} INFO - [2024-09-06T14:27:21.997+0000] {dag.py:3229} INFO - Sync 1 DAGs
[2024-09-06T14:27:22.012+0000] {logging_mixin.py:190} INFO - [2024-09-06T14:27:22.011+0000] {dag.py:4156} INFO - Setting next_dagrun for example_bash_decorator to None, run_after=None
[2024-09-06T14:27:22.026+0000] {processor.py:208} INFO - Processing /home/airflow/.local/lib/python3.12/site-packages/airflow/example_dags/example_bash_decorator.py took 0.070 seconds
[2024-09-06T14:27:52.234+0000] {processor.py:186} INFO - Started process (PID=793) to work on /home/airflow/.local/lib/python3.12/site-packages/airflow/example_dags/example_bash_decorator.py
[2024-09-06T14:27:52.235+0000] {processor.py:914} INFO - Processing file /home/airflow/.local/lib/python3.12/site-packages/airflow/example_dags/example_bash_decorator.py for tasks to queue
[2024-09-06T14:27:52.238+0000] {logging_mixin.py:190} INFO - [2024-09-06T14:27:52.237+0000] {dagbag.py:587} INFO - Filling up the DagBag from /home/airflow/.local/lib/python3.12/site-packages/airflow/example_dags/example_bash_decorator.py
[2024-09-06T14:27:52.254+0000] {processor.py:925} INFO - DAG(s) 'example_bash_decorator' retrieved from /home/airflow/.local/lib/python3.12/site-packages/airflow/example_dags/example_bash_decorator.py
[2024-09-06T14:27:52.273+0000] {logging_mixin.py:190} INFO - [2024-09-06T14:27:52.273+0000] {dag.py:3229} INFO - Sync 1 DAGs
[2024-09-06T14:27:52.286+0000] {logging_mixin.py:190} INFO - [2024-09-06T14:27:52.286+0000] {dag.py:4156} INFO - Setting next_dagrun for example_bash_decorator to None, run_after=None
[2024-09-06T14:27:52.302+0000] {processor.py:208} INFO - Processing /home/airflow/.local/lib/python3.12/site-packages/airflow/example_dags/example_bash_decorator.py took 0.074 seconds
[2024-09-06T14:28:22.529+0000] {processor.py:186} INFO - Started process (PID=855) to work on /home/airflow/.local/lib/python3.12/site-packages/airflow/example_dags/example_bash_decorator.py
[2024-09-06T14:28:22.530+0000] {processor.py:914} INFO - Processing file /home/airflow/.local/lib/python3.12/site-packages/airflow/example_dags/example_bash_decorator.py for tasks to queue
[2024-09-06T14:28:22.532+0000] {logging_mixin.py:190} INFO - [2024-09-06T14:28:22.532+0000] {dagbag.py:587} INFO - Filling up the DagBag from /home/airflow/.local/lib/python3.12/site-packages/airflow/example_dags/example_bash_decorator.py
[2024-09-06T14:28:22.545+0000] {processor.py:925} INFO - DAG(s) 'example_bash_decorator' retrieved from /home/airflow/.local/lib/python3.12/site-packages/airflow/example_dags/example_bash_decorator.py
[2024-09-06T14:28:22.565+0000] {logging_mixin.py:190} INFO - [2024-09-06T14:28:22.565+0000] {dag.py:3229} INFO - Sync 1 DAGs
[2024-09-06T14:28:22.578+0000] {logging_mixin.py:190} INFO - [2024-09-06T14:28:22.577+0000] {dag.py:4156} INFO - Setting next_dagrun for example_bash_decorator to None, run_after=None
[2024-09-06T14:28:22.598+0000] {processor.py:208} INFO - Processing /home/airflow/.local/lib/python3.12/site-packages/airflow/example_dags/example_bash_decorator.py took 0.074 seconds
[2024-09-06T14:28:52.828+0000] {processor.py:186} INFO - Started process (PID=917) to work on /home/airflow/.local/lib/python3.12/site-packages/airflow/example_dags/example_bash_decorator.py
[2024-09-06T14:28:52.829+0000] {processor.py:914} INFO - Processing file /home/airflow/.local/lib/python3.12/site-packages/airflow/example_dags/example_bash_decorator.py for tasks to queue
[2024-09-06T14:28:52.831+0000] {logging_mixin.py:190} INFO - [2024-09-06T14:28:52.831+0000] {dagbag.py:587} INFO - Filling up the DagBag from /home/airflow/.local/lib/python3.12/site-packages/airflow/example_dags/example_bash_decorator.py
[2024-09-06T14:28:52.844+0000] {processor.py:925} INFO - DAG(s) 'example_bash_decorator' retrieved from /home/airflow/.local/lib/python3.12/site-packages/airflow/example_dags/example_bash_decorator.py
[2024-09-06T14:28:52.864+0000] {logging_mixin.py:190} INFO - [2024-09-06T14:28:52.864+0000] {dag.py:3229} INFO - Sync 1 DAGs
[2024-09-06T14:28:52.878+0000] {logging_mixin.py:190} INFO - [2024-09-06T14:28:52.878+0000] {dag.py:4156} INFO - Setting next_dagrun for example_bash_decorator to None, run_after=None
[2024-09-06T14:28:52.895+0000] {processor.py:208} INFO - Processing /home/airflow/.local/lib/python3.12/site-packages/airflow/example_dags/example_bash_decorator.py took 0.073 seconds
[2024-09-06T14:29:23.662+0000] {processor.py:186} INFO - Started process (PID=979) to work on /home/airflow/.local/lib/python3.12/site-packages/airflow/example_dags/example_bash_decorator.py
[2024-09-06T14:29:23.663+0000] {processor.py:914} INFO - Processing file /home/airflow/.local/lib/python3.12/site-packages/airflow/example_dags/example_bash_decorator.py for tasks to queue
[2024-09-06T14:29:23.665+0000] {logging_mixin.py:190} INFO - [2024-09-06T14:29:23.665+0000] {dagbag.py:587} INFO - Filling up the DagBag from /home/airflow/.local/lib/python3.12/site-packages/airflow/example_dags/example_bash_decorator.py
[2024-09-06T14:29:23.680+0000] {processor.py:925} INFO - DAG(s) 'example_bash_decorator' retrieved from /home/airflow/.local/lib/python3.12/site-packages/airflow/example_dags/example_bash_decorator.py
[2024-09-06T14:29:23.700+0000] {logging_mixin.py:190} INFO - [2024-09-06T14:29:23.700+0000] {dag.py:3229} INFO - Sync 1 DAGs
[2024-09-06T14:29:23.719+0000] {logging_mixin.py:190} INFO - [2024-09-06T14:29:23.719+0000] {dag.py:4156} INFO - Setting next_dagrun for example_bash_decorator to None, run_after=None
[2024-09-06T14:29:23.742+0000] {processor.py:208} INFO - Processing /home/airflow/.local/lib/python3.12/site-packages/airflow/example_dags/example_bash_decorator.py took 0.085 seconds
[2024-09-06T14:29:54.588+0000] {processor.py:186} INFO - Started process (PID=1041) to work on /home/airflow/.local/lib/python3.12/site-packages/airflow/example_dags/example_bash_decorator.py
[2024-09-06T14:29:54.589+0000] {processor.py:914} INFO - Processing file /home/airflow/.local/lib/python3.12/site-packages/airflow/example_dags/example_bash_decorator.py for tasks to queue
[2024-09-06T14:29:54.591+0000] {logging_mixin.py:190} INFO - [2024-09-06T14:29:54.591+0000] {dagbag.py:587} INFO - Filling up the DagBag from /home/airflow/.local/lib/python3.12/site-packages/airflow/example_dags/example_bash_decorator.py
[2024-09-06T14:29:54.603+0000] {processor.py:925} INFO - DAG(s) 'example_bash_decorator' retrieved from /home/airflow/.local/lib/python3.12/site-packages/airflow/example_dags/example_bash_decorator.py
[2024-09-06T14:29:54.625+0000] {logging_mixin.py:190} INFO - [2024-09-06T14:29:54.624+0000] {dag.py:3229} INFO - Sync 1 DAGs
[2024-09-06T14:29:54.638+0000] {logging_mixin.py:190} INFO - [2024-09-06T14:29:54.638+0000] {dag.py:4156} INFO - Setting next_dagrun for example_bash_decorator to None, run_after=None
[2024-09-06T14:29:54.656+0000] {processor.py:208} INFO - Processing /home/airflow/.local/lib/python3.12/site-packages/airflow/example_dags/example_bash_decorator.py took 0.074 seconds
[2024-09-06T14:30:24.942+0000] {processor.py:186} INFO - Started process (PID=1103) to work on /home/airflow/.local/lib/python3.12/site-packages/airflow/example_dags/example_bash_decorator.py
[2024-09-06T14:30:24.943+0000] {processor.py:914} INFO - Processing file /home/airflow/.local/lib/python3.12/site-packages/airflow/example_dags/example_bash_decorator.py for tasks to queue
[2024-09-06T14:30:24.946+0000] {logging_mixin.py:190} INFO - [2024-09-06T14:30:24.945+0000] {dagbag.py:587} INFO - Filling up the DagBag from /home/airflow/.local/lib/python3.12/site-packages/airflow/example_dags/example_bash_decorator.py
[2024-09-06T14:30:24.962+0000] {processor.py:925} INFO - DAG(s) 'example_bash_decorator' retrieved from /home/airflow/.local/lib/python3.12/site-packages/airflow/example_dags/example_bash_decorator.py
[2024-09-06T14:30:24.985+0000] {logging_mixin.py:190} INFO - [2024-09-06T14:30:24.984+0000] {dag.py:3229} INFO - Sync 1 DAGs
[2024-09-06T14:30:24.998+0000] {logging_mixin.py:190} INFO - [2024-09-06T14:30:24.998+0000] {dag.py:4156} INFO - Setting next_dagrun for example_bash_decorator to None, run_after=None
[2024-09-06T14:30:25.016+0000] {processor.py:208} INFO - Processing /home/airflow/.local/lib/python3.12/site-packages/airflow/example_dags/example_bash_decorator.py took 0.083 seconds
[2024-09-06T14:30:55.310+0000] {processor.py:186} INFO - Started process (PID=1165) to work on /home/airflow/.local/lib/python3.12/site-packages/airflow/example_dags/example_bash_decorator.py
[2024-09-06T14:30:55.321+0000] {processor.py:914} INFO - Processing file /home/airflow/.local/lib/python3.12/site-packages/airflow/example_dags/example_bash_decorator.py for tasks to queue
[2024-09-06T14:30:55.324+0000] {logging_mixin.py:190} INFO - [2024-09-06T14:30:55.324+0000] {dagbag.py:587} INFO - Filling up the DagBag from /home/airflow/.local/lib/python3.12/site-packages/airflow/example_dags/example_bash_decorator.py
[2024-09-06T14:30:55.355+0000] {processor.py:925} INFO - DAG(s) 'example_bash_decorator' retrieved from /home/airflow/.local/lib/python3.12/site-packages/airflow/example_dags/example_bash_decorator.py
[2024-09-06T14:30:55.375+0000] {logging_mixin.py:190} INFO - [2024-09-06T14:30:55.375+0000] {dag.py:3229} INFO - Sync 1 DAGs
[2024-09-06T14:30:55.390+0000] {logging_mixin.py:190} INFO - [2024-09-06T14:30:55.390+0000] {dag.py:4156} INFO - Setting next_dagrun for example_bash_decorator to None, run_after=None
[2024-09-06T14:30:55.405+0000] {processor.py:208} INFO - Processing /home/airflow/.local/lib/python3.12/site-packages/airflow/example_dags/example_bash_decorator.py took 0.102 seconds
[2024-09-06T14:31:25.980+0000] {processor.py:186} INFO - Started process (PID=1227) to work on /home/airflow/.local/lib/python3.12/site-packages/airflow/example_dags/example_bash_decorator.py
[2024-09-06T14:31:25.981+0000] {processor.py:914} INFO - Processing file /home/airflow/.local/lib/python3.12/site-packages/airflow/example_dags/example_bash_decorator.py for tasks to queue
[2024-09-06T14:31:25.983+0000] {logging_mixin.py:190} INFO - [2024-09-06T14:31:25.983+0000] {dagbag.py:587} INFO - Filling up the DagBag from /home/airflow/.local/lib/python3.12/site-packages/airflow/example_dags/example_bash_decorator.py
[2024-09-06T14:31:25.996+0000] {processor.py:925} INFO - DAG(s) 'example_bash_decorator' retrieved from /home/airflow/.local/lib/python3.12/site-packages/airflow/example_dags/example_bash_decorator.py
[2024-09-06T14:31:26.017+0000] {logging_mixin.py:190} INFO - [2024-09-06T14:31:26.017+0000] {dag.py:3229} INFO - Sync 1 DAGs
[2024-09-06T14:31:26.033+0000] {logging_mixin.py:190} INFO - [2024-09-06T14:31:26.032+0000] {dag.py:4156} INFO - Setting next_dagrun for example_bash_decorator to None, run_after=None
[2024-09-06T14:31:26.054+0000] {processor.py:208} INFO - Processing /home/airflow/.local/lib/python3.12/site-packages/airflow/example_dags/example_bash_decorator.py took 0.079 seconds
[2024-09-06T14:31:56.467+0000] {processor.py:186} INFO - Started process (PID=1289) to work on /home/airflow/.local/lib/python3.12/site-packages/airflow/example_dags/example_bash_decorator.py
[2024-09-06T14:31:56.468+0000] {processor.py:914} INFO - Processing file /home/airflow/.local/lib/python3.12/site-packages/airflow/example_dags/example_bash_decorator.py for tasks to queue
[2024-09-06T14:31:56.470+0000] {logging_mixin.py:190} INFO - [2024-09-06T14:31:56.470+0000] {dagbag.py:587} INFO - Filling up the DagBag from /home/airflow/.local/lib/python3.12/site-packages/airflow/example_dags/example_bash_decorator.py
[2024-09-06T14:31:56.486+0000] {processor.py:925} INFO - DAG(s) 'example_bash_decorator' retrieved from /home/airflow/.local/lib/python3.12/site-packages/airflow/example_dags/example_bash_decorator.py
[2024-09-06T14:31:56.513+0000] {logging_mixin.py:190} INFO - [2024-09-06T14:31:56.512+0000] {dag.py:3229} INFO - Sync 1 DAGs
[2024-09-06T14:31:56.529+0000] {logging_mixin.py:190} INFO - [2024-09-06T14:31:56.529+0000] {dag.py:4156} INFO - Setting next_dagrun for example_bash_decorator to None, run_after=None
[2024-09-06T14:31:56.553+0000] {processor.py:208} INFO - Processing /home/airflow/.local/lib/python3.12/site-packages/airflow/example_dags/example_bash_decorator.py took 0.091 seconds
[2024-09-06T14:32:27.063+0000] {processor.py:186} INFO - Started process (PID=1351) to work on /home/airflow/.local/lib/python3.12/site-packages/airflow/example_dags/example_bash_decorator.py
[2024-09-06T14:32:27.064+0000] {processor.py:914} INFO - Processing file /home/airflow/.local/lib/python3.12/site-packages/airflow/example_dags/example_bash_decorator.py for tasks to queue
[2024-09-06T14:32:27.066+0000] {logging_mixin.py:190} INFO - [2024-09-06T14:32:27.065+0000] {dagbag.py:587} INFO - Filling up the DagBag from /home/airflow/.local/lib/python3.12/site-packages/airflow/example_dags/example_bash_decorator.py
[2024-09-06T14:32:27.078+0000] {processor.py:925} INFO - DAG(s) 'example_bash_decorator' retrieved from /home/airflow/.local/lib/python3.12/site-packages/airflow/example_dags/example_bash_decorator.py
[2024-09-06T14:32:27.099+0000] {logging_mixin.py:190} INFO - [2024-09-06T14:32:27.099+0000] {dag.py:3229} INFO - Sync 1 DAGs
[2024-09-06T14:32:27.114+0000] {logging_mixin.py:190} INFO - [2024-09-06T14:32:27.113+0000] {dag.py:4156} INFO - Setting next_dagrun for example_bash_decorator to None, run_after=None
[2024-09-06T14:32:27.131+0000] {processor.py:208} INFO - Processing /home/airflow/.local/lib/python3.12/site-packages/airflow/example_dags/example_bash_decorator.py took 0.073 seconds
[2024-09-06T14:32:57.572+0000] {processor.py:186} INFO - Started process (PID=1413) to work on /home/airflow/.local/lib/python3.12/site-packages/airflow/example_dags/example_bash_decorator.py
[2024-09-06T14:32:57.573+0000] {processor.py:914} INFO - Processing file /home/airflow/.local/lib/python3.12/site-packages/airflow/example_dags/example_bash_decorator.py for tasks to queue
[2024-09-06T14:32:57.575+0000] {logging_mixin.py:190} INFO - [2024-09-06T14:32:57.574+0000] {dagbag.py:587} INFO - Filling up the DagBag from /home/airflow/.local/lib/python3.12/site-packages/airflow/example_dags/example_bash_decorator.py
[2024-09-06T14:32:57.588+0000] {processor.py:925} INFO - DAG(s) 'example_bash_decorator' retrieved from /home/airflow/.local/lib/python3.12/site-packages/airflow/example_dags/example_bash_decorator.py
[2024-09-06T14:32:57.609+0000] {logging_mixin.py:190} INFO - [2024-09-06T14:32:57.609+0000] {dag.py:3229} INFO - Sync 1 DAGs
[2024-09-06T14:32:57.622+0000] {logging_mixin.py:190} INFO - [2024-09-06T14:32:57.622+0000] {dag.py:4156} INFO - Setting next_dagrun for example_bash_decorator to None, run_after=None
[2024-09-06T14:32:57.640+0000] {processor.py:208} INFO - Processing /home/airflow/.local/lib/python3.12/site-packages/airflow/example_dags/example_bash_decorator.py took 0.074 seconds
[2024-09-06T14:33:28.192+0000] {processor.py:186} INFO - Started process (PID=1475) to work on /home/airflow/.local/lib/python3.12/site-packages/airflow/example_dags/example_bash_decorator.py
[2024-09-06T14:33:28.193+0000] {processor.py:914} INFO - Processing file /home/airflow/.local/lib/python3.12/site-packages/airflow/example_dags/example_bash_decorator.py for tasks to queue
[2024-09-06T14:33:28.195+0000] {logging_mixin.py:190} INFO - [2024-09-06T14:33:28.194+0000] {dagbag.py:587} INFO - Filling up the DagBag from /home/airflow/.local/lib/python3.12/site-packages/airflow/example_dags/example_bash_decorator.py
[2024-09-06T14:33:28.208+0000] {processor.py:925} INFO - DAG(s) 'example_bash_decorator' retrieved from /home/airflow/.local/lib/python3.12/site-packages/airflow/example_dags/example_bash_decorator.py
[2024-09-06T14:33:28.231+0000] {logging_mixin.py:190} INFO - [2024-09-06T14:33:28.230+0000] {dag.py:3229} INFO - Sync 1 DAGs
[2024-09-06T14:33:28.246+0000] {logging_mixin.py:190} INFO - [2024-09-06T14:33:28.246+0000] {dag.py:4156} INFO - Setting next_dagrun for example_bash_decorator to None, run_after=None
[2024-09-06T14:33:28.268+0000] {processor.py:208} INFO - Processing /home/airflow/.local/lib/python3.12/site-packages/airflow/example_dags/example_bash_decorator.py took 0.082 seconds
