[2024-09-06T14:22:11.526+0000] {processor.py:186} INFO - Started process (PID=77) to work on /home/airflow/.local/lib/python3.12/site-packages/airflow/example_dags/example_bash_operator.py
[2024-09-06T14:22:11.528+0000] {processor.py:914} INFO - Processing file /home/airflow/.local/lib/python3.12/site-packages/airflow/example_dags/example_bash_operator.py for tasks to queue
[2024-09-06T14:22:11.531+0000] {logging_mixin.py:190} INFO - [2024-09-06T14:22:11.531+0000] {dagbag.py:587} INFO - Filling up the DagBag from /home/airflow/.local/lib/python3.12/site-packages/airflow/example_dags/example_bash_operator.py
[2024-09-06T14:22:11.550+0000] {processor.py:925} INFO - DAG(s) 'example_bash_operator' retrieved from /home/airflow/.local/lib/python3.12/site-packages/airflow/example_dags/example_bash_operator.py
[2024-09-06T14:22:11.688+0000] {logging_mixin.py:190} INFO - [2024-09-06T14:22:11.687+0000] {override.py:1900} INFO - Created Permission View: can read on DAG:example_bash_operator
[2024-09-06T14:22:11.703+0000] {logging_mixin.py:190} INFO - [2024-09-06T14:22:11.702+0000] {override.py:1900} INFO - Created Permission View: can delete on DAG:example_bash_operator
[2024-09-06T14:22:11.714+0000] {logging_mixin.py:190} INFO - [2024-09-06T14:22:11.714+0000] {override.py:1900} INFO - Created Permission View: can edit on DAG:example_bash_operator
[2024-09-06T14:22:11.730+0000] {logging_mixin.py:190} INFO - [2024-09-06T14:22:11.730+0000] {override.py:1900} INFO - Created Permission View: can read on DAG Run:example_bash_operator
[2024-09-06T14:22:11.739+0000] {logging_mixin.py:190} INFO - [2024-09-06T14:22:11.739+0000] {override.py:1900} INFO - Created Permission View: can delete on DAG Run:example_bash_operator
[2024-09-06T14:22:11.751+0000] {logging_mixin.py:190} INFO - [2024-09-06T14:22:11.751+0000] {override.py:1900} INFO - Created Permission View: menu access on DAG Run:example_bash_operator
[2024-09-06T14:22:11.764+0000] {logging_mixin.py:190} INFO - [2024-09-06T14:22:11.763+0000] {override.py:1900} INFO - Created Permission View: can create on DAG Run:example_bash_operator
[2024-09-06T14:22:11.765+0000] {logging_mixin.py:190} INFO - [2024-09-06T14:22:11.765+0000] {dag.py:3229} INFO - Sync 1 DAGs
[2024-09-06T14:22:11.796+0000] {logging_mixin.py:190} INFO - [2024-09-06T14:22:11.796+0000] {dag.py:3252} INFO - Creating ORM DAG for example_bash_operator
[2024-09-06T14:22:11.830+0000] {logging_mixin.py:190} INFO - [2024-09-06T14:22:11.830+0000] {dag.py:4156} INFO - Setting next_dagrun for example_bash_operator to 2024-09-05 00:00:00+00:00, run_after=2024-09-06 00:00:00+00:00
[2024-09-06T14:22:11.873+0000] {processor.py:208} INFO - Processing /home/airflow/.local/lib/python3.12/site-packages/airflow/example_dags/example_bash_operator.py took 0.354 seconds
[2024-09-06T14:22:42.821+0000] {processor.py:186} INFO - Started process (PID=139) to work on /home/airflow/.local/lib/python3.12/site-packages/airflow/example_dags/example_bash_operator.py
[2024-09-06T14:22:42.822+0000] {processor.py:914} INFO - Processing file /home/airflow/.local/lib/python3.12/site-packages/airflow/example_dags/example_bash_operator.py for tasks to queue
[2024-09-06T14:22:42.824+0000] {logging_mixin.py:190} INFO - [2024-09-06T14:22:42.824+0000] {dagbag.py:587} INFO - Filling up the DagBag from /home/airflow/.local/lib/python3.12/site-packages/airflow/example_dags/example_bash_operator.py
[2024-09-06T14:22:42.835+0000] {processor.py:925} INFO - DAG(s) 'example_bash_operator' retrieved from /home/airflow/.local/lib/python3.12/site-packages/airflow/example_dags/example_bash_operator.py
[2024-09-06T14:22:42.857+0000] {logging_mixin.py:190} INFO - [2024-09-06T14:22:42.857+0000] {dag.py:3229} INFO - Sync 1 DAGs
[2024-09-06T14:22:42.880+0000] {logging_mixin.py:190} INFO - [2024-09-06T14:22:42.879+0000] {dag.py:4156} INFO - Setting next_dagrun for example_bash_operator to 2024-09-05 00:00:00+00:00, run_after=2024-09-06 00:00:00+00:00
[2024-09-06T14:22:42.899+0000] {processor.py:208} INFO - Processing /home/airflow/.local/lib/python3.12/site-packages/airflow/example_dags/example_bash_operator.py took 0.082 seconds
[2024-09-06T14:23:13.452+0000] {processor.py:186} INFO - Started process (PID=201) to work on /home/airflow/.local/lib/python3.12/site-packages/airflow/example_dags/example_bash_operator.py
[2024-09-06T14:23:13.453+0000] {processor.py:914} INFO - Processing file /home/airflow/.local/lib/python3.12/site-packages/airflow/example_dags/example_bash_operator.py for tasks to queue
[2024-09-06T14:23:13.456+0000] {logging_mixin.py:190} INFO - [2024-09-06T14:23:13.455+0000] {dagbag.py:587} INFO - Filling up the DagBag from /home/airflow/.local/lib/python3.12/site-packages/airflow/example_dags/example_bash_operator.py
[2024-09-06T14:23:13.468+0000] {processor.py:925} INFO - DAG(s) 'example_bash_operator' retrieved from /home/airflow/.local/lib/python3.12/site-packages/airflow/example_dags/example_bash_operator.py
[2024-09-06T14:23:13.494+0000] {logging_mixin.py:190} INFO - [2024-09-06T14:23:13.494+0000] {dag.py:3229} INFO - Sync 1 DAGs
[2024-09-06T14:23:13.513+0000] {logging_mixin.py:190} INFO - [2024-09-06T14:23:13.513+0000] {dag.py:4156} INFO - Setting next_dagrun for example_bash_operator to 2024-09-05 00:00:00+00:00, run_after=2024-09-06 00:00:00+00:00
[2024-09-06T14:23:13.535+0000] {processor.py:208} INFO - Processing /home/airflow/.local/lib/python3.12/site-packages/airflow/example_dags/example_bash_operator.py took 0.088 seconds
[2024-09-06T14:23:43.598+0000] {processor.py:186} INFO - Started process (PID=263) to work on /home/airflow/.local/lib/python3.12/site-packages/airflow/example_dags/example_bash_operator.py
[2024-09-06T14:23:43.599+0000] {processor.py:914} INFO - Processing file /home/airflow/.local/lib/python3.12/site-packages/airflow/example_dags/example_bash_operator.py for tasks to queue
[2024-09-06T14:23:43.601+0000] {logging_mixin.py:190} INFO - [2024-09-06T14:23:43.601+0000] {dagbag.py:587} INFO - Filling up the DagBag from /home/airflow/.local/lib/python3.12/site-packages/airflow/example_dags/example_bash_operator.py
[2024-09-06T14:23:43.613+0000] {processor.py:925} INFO - DAG(s) 'example_bash_operator' retrieved from /home/airflow/.local/lib/python3.12/site-packages/airflow/example_dags/example_bash_operator.py
[2024-09-06T14:23:43.638+0000] {logging_mixin.py:190} INFO - [2024-09-06T14:23:43.638+0000] {dag.py:3229} INFO - Sync 1 DAGs
[2024-09-06T14:23:43.662+0000] {logging_mixin.py:190} INFO - [2024-09-06T14:23:43.662+0000] {dag.py:4156} INFO - Setting next_dagrun for example_bash_operator to 2024-09-05 00:00:00+00:00, run_after=2024-09-06 00:00:00+00:00
[2024-09-06T14:23:43.681+0000] {processor.py:208} INFO - Processing /home/airflow/.local/lib/python3.12/site-packages/airflow/example_dags/example_bash_operator.py took 0.089 seconds
[2024-09-06T14:24:14.085+0000] {processor.py:186} INFO - Started process (PID=325) to work on /home/airflow/.local/lib/python3.12/site-packages/airflow/example_dags/example_bash_operator.py
[2024-09-06T14:24:14.086+0000] {processor.py:914} INFO - Processing file /home/airflow/.local/lib/python3.12/site-packages/airflow/example_dags/example_bash_operator.py for tasks to queue
[2024-09-06T14:24:14.088+0000] {logging_mixin.py:190} INFO - [2024-09-06T14:24:14.088+0000] {dagbag.py:587} INFO - Filling up the DagBag from /home/airflow/.local/lib/python3.12/site-packages/airflow/example_dags/example_bash_operator.py
[2024-09-06T14:24:14.098+0000] {processor.py:925} INFO - DAG(s) 'example_bash_operator' retrieved from /home/airflow/.local/lib/python3.12/site-packages/airflow/example_dags/example_bash_operator.py
[2024-09-06T14:24:14.122+0000] {logging_mixin.py:190} INFO - [2024-09-06T14:24:14.122+0000] {dag.py:3229} INFO - Sync 1 DAGs
[2024-09-06T14:24:14.141+0000] {logging_mixin.py:190} INFO - [2024-09-06T14:24:14.141+0000] {dag.py:4156} INFO - Setting next_dagrun for example_bash_operator to 2024-09-05 00:00:00+00:00, run_after=2024-09-06 00:00:00+00:00
[2024-09-06T14:24:14.158+0000] {processor.py:208} INFO - Processing /home/airflow/.local/lib/python3.12/site-packages/airflow/example_dags/example_bash_operator.py took 0.078 seconds
[2024-09-06T14:24:44.471+0000] {processor.py:186} INFO - Started process (PID=387) to work on /home/airflow/.local/lib/python3.12/site-packages/airflow/example_dags/example_bash_operator.py
[2024-09-06T14:24:44.472+0000] {processor.py:914} INFO - Processing file /home/airflow/.local/lib/python3.12/site-packages/airflow/example_dags/example_bash_operator.py for tasks to queue
[2024-09-06T14:24:44.475+0000] {logging_mixin.py:190} INFO - [2024-09-06T14:24:44.475+0000] {dagbag.py:587} INFO - Filling up the DagBag from /home/airflow/.local/lib/python3.12/site-packages/airflow/example_dags/example_bash_operator.py
[2024-09-06T14:24:44.485+0000] {processor.py:925} INFO - DAG(s) 'example_bash_operator' retrieved from /home/airflow/.local/lib/python3.12/site-packages/airflow/example_dags/example_bash_operator.py
[2024-09-06T14:24:44.508+0000] {logging_mixin.py:190} INFO - [2024-09-06T14:24:44.508+0000] {dag.py:3229} INFO - Sync 1 DAGs
[2024-09-06T14:24:44.527+0000] {logging_mixin.py:190} INFO - [2024-09-06T14:24:44.527+0000] {dag.py:4156} INFO - Setting next_dagrun for example_bash_operator to 2024-09-05 00:00:00+00:00, run_after=2024-09-06 00:00:00+00:00
[2024-09-06T14:24:44.545+0000] {processor.py:208} INFO - Processing /home/airflow/.local/lib/python3.12/site-packages/airflow/example_dags/example_bash_operator.py took 0.078 seconds
[2024-09-06T14:25:14.757+0000] {processor.py:186} INFO - Started process (PID=450) to work on /home/airflow/.local/lib/python3.12/site-packages/airflow/example_dags/example_bash_operator.py
[2024-09-06T14:25:14.758+0000] {processor.py:914} INFO - Processing file /home/airflow/.local/lib/python3.12/site-packages/airflow/example_dags/example_bash_operator.py for tasks to queue
[2024-09-06T14:25:14.761+0000] {logging_mixin.py:190} INFO - [2024-09-06T14:25:14.760+0000] {dagbag.py:587} INFO - Filling up the DagBag from /home/airflow/.local/lib/python3.12/site-packages/airflow/example_dags/example_bash_operator.py
[2024-09-06T14:25:14.774+0000] {processor.py:925} INFO - DAG(s) 'example_bash_operator' retrieved from /home/airflow/.local/lib/python3.12/site-packages/airflow/example_dags/example_bash_operator.py
[2024-09-06T14:25:14.806+0000] {logging_mixin.py:190} INFO - [2024-09-06T14:25:14.806+0000] {dag.py:3229} INFO - Sync 1 DAGs
[2024-09-06T14:25:14.834+0000] {logging_mixin.py:190} INFO - [2024-09-06T14:25:14.834+0000] {dag.py:4156} INFO - Setting next_dagrun for example_bash_operator to 2024-09-05 00:00:00+00:00, run_after=2024-09-06 00:00:00+00:00
[2024-09-06T14:25:14.854+0000] {processor.py:208} INFO - Processing /home/airflow/.local/lib/python3.12/site-packages/airflow/example_dags/example_bash_operator.py took 0.102 seconds
[2024-09-06T14:25:45.223+0000] {processor.py:186} INFO - Started process (PID=511) to work on /home/airflow/.local/lib/python3.12/site-packages/airflow/example_dags/example_bash_operator.py
[2024-09-06T14:25:45.224+0000] {processor.py:914} INFO - Processing file /home/airflow/.local/lib/python3.12/site-packages/airflow/example_dags/example_bash_operator.py for tasks to queue
[2024-09-06T14:25:45.226+0000] {logging_mixin.py:190} INFO - [2024-09-06T14:25:45.226+0000] {dagbag.py:587} INFO - Filling up the DagBag from /home/airflow/.local/lib/python3.12/site-packages/airflow/example_dags/example_bash_operator.py
[2024-09-06T14:25:45.240+0000] {processor.py:925} INFO - DAG(s) 'example_bash_operator' retrieved from /home/airflow/.local/lib/python3.12/site-packages/airflow/example_dags/example_bash_operator.py
[2024-09-06T14:25:45.266+0000] {logging_mixin.py:190} INFO - [2024-09-06T14:25:45.265+0000] {dag.py:3229} INFO - Sync 1 DAGs
[2024-09-06T14:25:45.286+0000] {logging_mixin.py:190} INFO - [2024-09-06T14:25:45.286+0000] {dag.py:4156} INFO - Setting next_dagrun for example_bash_operator to 2024-09-05 00:00:00+00:00, run_after=2024-09-06 00:00:00+00:00
[2024-09-06T14:25:45.306+0000] {processor.py:208} INFO - Processing /home/airflow/.local/lib/python3.12/site-packages/airflow/example_dags/example_bash_operator.py took 0.089 seconds
[2024-09-06T14:26:15.480+0000] {processor.py:186} INFO - Started process (PID=573) to work on /home/airflow/.local/lib/python3.12/site-packages/airflow/example_dags/example_bash_operator.py
[2024-09-06T14:26:15.481+0000] {processor.py:914} INFO - Processing file /home/airflow/.local/lib/python3.12/site-packages/airflow/example_dags/example_bash_operator.py for tasks to queue
[2024-09-06T14:26:15.484+0000] {logging_mixin.py:190} INFO - [2024-09-06T14:26:15.484+0000] {dagbag.py:587} INFO - Filling up the DagBag from /home/airflow/.local/lib/python3.12/site-packages/airflow/example_dags/example_bash_operator.py
[2024-09-06T14:26:15.497+0000] {processor.py:925} INFO - DAG(s) 'example_bash_operator' retrieved from /home/airflow/.local/lib/python3.12/site-packages/airflow/example_dags/example_bash_operator.py
[2024-09-06T14:26:15.520+0000] {logging_mixin.py:190} INFO - [2024-09-06T14:26:15.520+0000] {dag.py:3229} INFO - Sync 1 DAGs
[2024-09-06T14:26:15.543+0000] {logging_mixin.py:190} INFO - [2024-09-06T14:26:15.543+0000] {dag.py:4156} INFO - Setting next_dagrun for example_bash_operator to 2024-09-05 00:00:00+00:00, run_after=2024-09-06 00:00:00+00:00
[2024-09-06T14:26:15.564+0000] {processor.py:208} INFO - Processing /home/airflow/.local/lib/python3.12/site-packages/airflow/example_dags/example_bash_operator.py took 0.090 seconds
[2024-09-06T14:26:45.670+0000] {processor.py:186} INFO - Started process (PID=635) to work on /home/airflow/.local/lib/python3.12/site-packages/airflow/example_dags/example_bash_operator.py
[2024-09-06T14:26:45.671+0000] {processor.py:914} INFO - Processing file /home/airflow/.local/lib/python3.12/site-packages/airflow/example_dags/example_bash_operator.py for tasks to queue
[2024-09-06T14:26:45.673+0000] {logging_mixin.py:190} INFO - [2024-09-06T14:26:45.673+0000] {dagbag.py:587} INFO - Filling up the DagBag from /home/airflow/.local/lib/python3.12/site-packages/airflow/example_dags/example_bash_operator.py
[2024-09-06T14:26:45.684+0000] {processor.py:925} INFO - DAG(s) 'example_bash_operator' retrieved from /home/airflow/.local/lib/python3.12/site-packages/airflow/example_dags/example_bash_operator.py
[2024-09-06T14:26:45.714+0000] {logging_mixin.py:190} INFO - [2024-09-06T14:26:45.714+0000] {dag.py:3229} INFO - Sync 1 DAGs
[2024-09-06T14:26:45.734+0000] {logging_mixin.py:190} INFO - [2024-09-06T14:26:45.734+0000] {dag.py:4156} INFO - Setting next_dagrun for example_bash_operator to 2024-09-05 00:00:00+00:00, run_after=2024-09-06 00:00:00+00:00
[2024-09-06T14:26:45.752+0000] {processor.py:208} INFO - Processing /home/airflow/.local/lib/python3.12/site-packages/airflow/example_dags/example_bash_operator.py took 0.088 seconds
[2024-09-06T14:27:15.810+0000] {processor.py:186} INFO - Started process (PID=697) to work on /home/airflow/.local/lib/python3.12/site-packages/airflow/example_dags/example_bash_operator.py
[2024-09-06T14:27:15.811+0000] {processor.py:914} INFO - Processing file /home/airflow/.local/lib/python3.12/site-packages/airflow/example_dags/example_bash_operator.py for tasks to queue
[2024-09-06T14:27:15.815+0000] {logging_mixin.py:190} INFO - [2024-09-06T14:27:15.815+0000] {dagbag.py:587} INFO - Filling up the DagBag from /home/airflow/.local/lib/python3.12/site-packages/airflow/example_dags/example_bash_operator.py
[2024-09-06T14:27:15.832+0000] {processor.py:925} INFO - DAG(s) 'example_bash_operator' retrieved from /home/airflow/.local/lib/python3.12/site-packages/airflow/example_dags/example_bash_operator.py
[2024-09-06T14:27:15.858+0000] {logging_mixin.py:190} INFO - [2024-09-06T14:27:15.858+0000] {dag.py:3229} INFO - Sync 1 DAGs
[2024-09-06T14:27:15.877+0000] {logging_mixin.py:190} INFO - [2024-09-06T14:27:15.877+0000] {dag.py:4156} INFO - Setting next_dagrun for example_bash_operator to 2024-09-05 00:00:00+00:00, run_after=2024-09-06 00:00:00+00:00
[2024-09-06T14:27:15.896+0000] {processor.py:208} INFO - Processing /home/airflow/.local/lib/python3.12/site-packages/airflow/example_dags/example_bash_operator.py took 0.094 seconds
[2024-09-06T14:27:46.027+0000] {processor.py:186} INFO - Started process (PID=759) to work on /home/airflow/.local/lib/python3.12/site-packages/airflow/example_dags/example_bash_operator.py
[2024-09-06T14:27:46.028+0000] {processor.py:914} INFO - Processing file /home/airflow/.local/lib/python3.12/site-packages/airflow/example_dags/example_bash_operator.py for tasks to queue
[2024-09-06T14:27:46.030+0000] {logging_mixin.py:190} INFO - [2024-09-06T14:27:46.030+0000] {dagbag.py:587} INFO - Filling up the DagBag from /home/airflow/.local/lib/python3.12/site-packages/airflow/example_dags/example_bash_operator.py
[2024-09-06T14:27:46.043+0000] {processor.py:925} INFO - DAG(s) 'example_bash_operator' retrieved from /home/airflow/.local/lib/python3.12/site-packages/airflow/example_dags/example_bash_operator.py
[2024-09-06T14:27:46.068+0000] {logging_mixin.py:190} INFO - [2024-09-06T14:27:46.068+0000] {dag.py:3229} INFO - Sync 1 DAGs
[2024-09-06T14:27:46.089+0000] {logging_mixin.py:190} INFO - [2024-09-06T14:27:46.089+0000] {dag.py:4156} INFO - Setting next_dagrun for example_bash_operator to 2024-09-05 00:00:00+00:00, run_after=2024-09-06 00:00:00+00:00
[2024-09-06T14:27:46.108+0000] {processor.py:208} INFO - Processing /home/airflow/.local/lib/python3.12/site-packages/airflow/example_dags/example_bash_operator.py took 0.088 seconds
[2024-09-06T14:28:16.351+0000] {processor.py:186} INFO - Started process (PID=821) to work on /home/airflow/.local/lib/python3.12/site-packages/airflow/example_dags/example_bash_operator.py
[2024-09-06T14:28:16.352+0000] {processor.py:914} INFO - Processing file /home/airflow/.local/lib/python3.12/site-packages/airflow/example_dags/example_bash_operator.py for tasks to queue
[2024-09-06T14:28:16.354+0000] {logging_mixin.py:190} INFO - [2024-09-06T14:28:16.354+0000] {dagbag.py:587} INFO - Filling up the DagBag from /home/airflow/.local/lib/python3.12/site-packages/airflow/example_dags/example_bash_operator.py
[2024-09-06T14:28:16.366+0000] {processor.py:925} INFO - DAG(s) 'example_bash_operator' retrieved from /home/airflow/.local/lib/python3.12/site-packages/airflow/example_dags/example_bash_operator.py
[2024-09-06T14:28:16.389+0000] {logging_mixin.py:190} INFO - [2024-09-06T14:28:16.389+0000] {dag.py:3229} INFO - Sync 1 DAGs
[2024-09-06T14:28:16.409+0000] {logging_mixin.py:190} INFO - [2024-09-06T14:28:16.409+0000] {dag.py:4156} INFO - Setting next_dagrun for example_bash_operator to 2024-09-05 00:00:00+00:00, run_after=2024-09-06 00:00:00+00:00
[2024-09-06T14:28:16.429+0000] {processor.py:208} INFO - Processing /home/airflow/.local/lib/python3.12/site-packages/airflow/example_dags/example_bash_operator.py took 0.082 seconds
[2024-09-06T14:28:46.717+0000] {processor.py:186} INFO - Started process (PID=883) to work on /home/airflow/.local/lib/python3.12/site-packages/airflow/example_dags/example_bash_operator.py
[2024-09-06T14:28:46.718+0000] {processor.py:914} INFO - Processing file /home/airflow/.local/lib/python3.12/site-packages/airflow/example_dags/example_bash_operator.py for tasks to queue
[2024-09-06T14:28:46.720+0000] {logging_mixin.py:190} INFO - [2024-09-06T14:28:46.720+0000] {dagbag.py:587} INFO - Filling up the DagBag from /home/airflow/.local/lib/python3.12/site-packages/airflow/example_dags/example_bash_operator.py
[2024-09-06T14:28:46.731+0000] {processor.py:925} INFO - DAG(s) 'example_bash_operator' retrieved from /home/airflow/.local/lib/python3.12/site-packages/airflow/example_dags/example_bash_operator.py
[2024-09-06T14:28:46.753+0000] {logging_mixin.py:190} INFO - [2024-09-06T14:28:46.753+0000] {dag.py:3229} INFO - Sync 1 DAGs
[2024-09-06T14:28:46.776+0000] {logging_mixin.py:190} INFO - [2024-09-06T14:28:46.776+0000] {dag.py:4156} INFO - Setting next_dagrun for example_bash_operator to 2024-09-05 00:00:00+00:00, run_after=2024-09-06 00:00:00+00:00
[2024-09-06T14:28:46.795+0000] {processor.py:208} INFO - Processing /home/airflow/.local/lib/python3.12/site-packages/airflow/example_dags/example_bash_operator.py took 0.082 seconds
[2024-09-06T14:29:16.895+0000] {processor.py:186} INFO - Started process (PID=945) to work on /home/airflow/.local/lib/python3.12/site-packages/airflow/example_dags/example_bash_operator.py
[2024-09-06T14:29:16.896+0000] {processor.py:914} INFO - Processing file /home/airflow/.local/lib/python3.12/site-packages/airflow/example_dags/example_bash_operator.py for tasks to queue
[2024-09-06T14:29:16.898+0000] {logging_mixin.py:190} INFO - [2024-09-06T14:29:16.898+0000] {dagbag.py:587} INFO - Filling up the DagBag from /home/airflow/.local/lib/python3.12/site-packages/airflow/example_dags/example_bash_operator.py
[2024-09-06T14:29:16.908+0000] {processor.py:925} INFO - DAG(s) 'example_bash_operator' retrieved from /home/airflow/.local/lib/python3.12/site-packages/airflow/example_dags/example_bash_operator.py
[2024-09-06T14:29:16.931+0000] {logging_mixin.py:190} INFO - [2024-09-06T14:29:16.930+0000] {dag.py:3229} INFO - Sync 1 DAGs
[2024-09-06T14:29:16.949+0000] {logging_mixin.py:190} INFO - [2024-09-06T14:29:16.949+0000] {dag.py:4156} INFO - Setting next_dagrun for example_bash_operator to 2024-09-05 00:00:00+00:00, run_after=2024-09-06 00:00:00+00:00
[2024-09-06T14:29:16.967+0000] {processor.py:208} INFO - Processing /home/airflow/.local/lib/python3.12/site-packages/airflow/example_dags/example_bash_operator.py took 0.076 seconds
[2024-09-06T14:29:47.735+0000] {processor.py:186} INFO - Started process (PID=1007) to work on /home/airflow/.local/lib/python3.12/site-packages/airflow/example_dags/example_bash_operator.py
[2024-09-06T14:29:47.736+0000] {processor.py:914} INFO - Processing file /home/airflow/.local/lib/python3.12/site-packages/airflow/example_dags/example_bash_operator.py for tasks to queue
[2024-09-06T14:29:47.738+0000] {logging_mixin.py:190} INFO - [2024-09-06T14:29:47.737+0000] {dagbag.py:587} INFO - Filling up the DagBag from /home/airflow/.local/lib/python3.12/site-packages/airflow/example_dags/example_bash_operator.py
[2024-09-06T14:29:47.750+0000] {processor.py:925} INFO - DAG(s) 'example_bash_operator' retrieved from /home/airflow/.local/lib/python3.12/site-packages/airflow/example_dags/example_bash_operator.py
[2024-09-06T14:29:47.777+0000] {logging_mixin.py:190} INFO - [2024-09-06T14:29:47.776+0000] {dag.py:3229} INFO - Sync 1 DAGs
[2024-09-06T14:29:47.800+0000] {logging_mixin.py:190} INFO - [2024-09-06T14:29:47.800+0000] {dag.py:4156} INFO - Setting next_dagrun for example_bash_operator to 2024-09-05 00:00:00+00:00, run_after=2024-09-06 00:00:00+00:00
[2024-09-06T14:29:47.820+0000] {processor.py:208} INFO - Processing /home/airflow/.local/lib/python3.12/site-packages/airflow/example_dags/example_bash_operator.py took 0.091 seconds
[2024-09-06T14:30:17.871+0000] {processor.py:186} INFO - Started process (PID=1069) to work on /home/airflow/.local/lib/python3.12/site-packages/airflow/example_dags/example_bash_operator.py
[2024-09-06T14:30:17.872+0000] {processor.py:914} INFO - Processing file /home/airflow/.local/lib/python3.12/site-packages/airflow/example_dags/example_bash_operator.py for tasks to queue
[2024-09-06T14:30:17.874+0000] {logging_mixin.py:190} INFO - [2024-09-06T14:30:17.874+0000] {dagbag.py:587} INFO - Filling up the DagBag from /home/airflow/.local/lib/python3.12/site-packages/airflow/example_dags/example_bash_operator.py
[2024-09-06T14:30:17.888+0000] {processor.py:925} INFO - DAG(s) 'example_bash_operator' retrieved from /home/airflow/.local/lib/python3.12/site-packages/airflow/example_dags/example_bash_operator.py
[2024-09-06T14:30:17.915+0000] {logging_mixin.py:190} INFO - [2024-09-06T14:30:17.914+0000] {dag.py:3229} INFO - Sync 1 DAGs
[2024-09-06T14:30:17.936+0000] {logging_mixin.py:190} INFO - [2024-09-06T14:30:17.936+0000] {dag.py:4156} INFO - Setting next_dagrun for example_bash_operator to 2024-09-05 00:00:00+00:00, run_after=2024-09-06 00:00:00+00:00
[2024-09-06T14:30:17.955+0000] {processor.py:208} INFO - Processing /home/airflow/.local/lib/python3.12/site-packages/airflow/example_dags/example_bash_operator.py took 0.091 seconds
[2024-09-06T14:30:48.037+0000] {processor.py:186} INFO - Started process (PID=1131) to work on /home/airflow/.local/lib/python3.12/site-packages/airflow/example_dags/example_bash_operator.py
[2024-09-06T14:30:48.038+0000] {processor.py:914} INFO - Processing file /home/airflow/.local/lib/python3.12/site-packages/airflow/example_dags/example_bash_operator.py for tasks to queue
[2024-09-06T14:30:48.040+0000] {logging_mixin.py:190} INFO - [2024-09-06T14:30:48.040+0000] {dagbag.py:587} INFO - Filling up the DagBag from /home/airflow/.local/lib/python3.12/site-packages/airflow/example_dags/example_bash_operator.py
[2024-09-06T14:30:48.053+0000] {processor.py:925} INFO - DAG(s) 'example_bash_operator' retrieved from /home/airflow/.local/lib/python3.12/site-packages/airflow/example_dags/example_bash_operator.py
[2024-09-06T14:30:48.076+0000] {logging_mixin.py:190} INFO - [2024-09-06T14:30:48.075+0000] {dag.py:3229} INFO - Sync 1 DAGs
[2024-09-06T14:30:48.099+0000] {logging_mixin.py:190} INFO - [2024-09-06T14:30:48.099+0000] {dag.py:4156} INFO - Setting next_dagrun for example_bash_operator to 2024-09-05 00:00:00+00:00, run_after=2024-09-06 00:00:00+00:00
[2024-09-06T14:30:48.119+0000] {processor.py:208} INFO - Processing /home/airflow/.local/lib/python3.12/site-packages/airflow/example_dags/example_bash_operator.py took 0.086 seconds
[2024-09-06T14:31:18.639+0000] {processor.py:186} INFO - Started process (PID=1193) to work on /home/airflow/.local/lib/python3.12/site-packages/airflow/example_dags/example_bash_operator.py
[2024-09-06T14:31:18.640+0000] {processor.py:914} INFO - Processing file /home/airflow/.local/lib/python3.12/site-packages/airflow/example_dags/example_bash_operator.py for tasks to queue
[2024-09-06T14:31:18.643+0000] {logging_mixin.py:190} INFO - [2024-09-06T14:31:18.642+0000] {dagbag.py:587} INFO - Filling up the DagBag from /home/airflow/.local/lib/python3.12/site-packages/airflow/example_dags/example_bash_operator.py
[2024-09-06T14:31:18.656+0000] {processor.py:925} INFO - DAG(s) 'example_bash_operator' retrieved from /home/airflow/.local/lib/python3.12/site-packages/airflow/example_dags/example_bash_operator.py
[2024-09-06T14:31:18.681+0000] {logging_mixin.py:190} INFO - [2024-09-06T14:31:18.681+0000] {dag.py:3229} INFO - Sync 1 DAGs
[2024-09-06T14:31:18.706+0000] {logging_mixin.py:190} INFO - [2024-09-06T14:31:18.706+0000] {dag.py:4156} INFO - Setting next_dagrun for example_bash_operator to 2024-09-05 00:00:00+00:00, run_after=2024-09-06 00:00:00+00:00
[2024-09-06T14:31:18.727+0000] {processor.py:208} INFO - Processing /home/airflow/.local/lib/python3.12/site-packages/airflow/example_dags/example_bash_operator.py took 0.093 seconds
[2024-09-06T14:31:49.170+0000] {processor.py:186} INFO - Started process (PID=1255) to work on /home/airflow/.local/lib/python3.12/site-packages/airflow/example_dags/example_bash_operator.py
[2024-09-06T14:31:49.171+0000] {processor.py:914} INFO - Processing file /home/airflow/.local/lib/python3.12/site-packages/airflow/example_dags/example_bash_operator.py for tasks to queue
[2024-09-06T14:31:49.173+0000] {logging_mixin.py:190} INFO - [2024-09-06T14:31:49.173+0000] {dagbag.py:587} INFO - Filling up the DagBag from /home/airflow/.local/lib/python3.12/site-packages/airflow/example_dags/example_bash_operator.py
[2024-09-06T14:31:49.185+0000] {processor.py:925} INFO - DAG(s) 'example_bash_operator' retrieved from /home/airflow/.local/lib/python3.12/site-packages/airflow/example_dags/example_bash_operator.py
[2024-09-06T14:31:49.211+0000] {logging_mixin.py:190} INFO - [2024-09-06T14:31:49.211+0000] {dag.py:3229} INFO - Sync 1 DAGs
[2024-09-06T14:31:49.231+0000] {logging_mixin.py:190} INFO - [2024-09-06T14:31:49.231+0000] {dag.py:4156} INFO - Setting next_dagrun for example_bash_operator to 2024-09-05 00:00:00+00:00, run_after=2024-09-06 00:00:00+00:00
[2024-09-06T14:31:49.250+0000] {processor.py:208} INFO - Processing /home/airflow/.local/lib/python3.12/site-packages/airflow/example_dags/example_bash_operator.py took 0.086 seconds
[2024-09-06T14:32:19.942+0000] {processor.py:186} INFO - Started process (PID=1317) to work on /home/airflow/.local/lib/python3.12/site-packages/airflow/example_dags/example_bash_operator.py
[2024-09-06T14:32:19.943+0000] {processor.py:914} INFO - Processing file /home/airflow/.local/lib/python3.12/site-packages/airflow/example_dags/example_bash_operator.py for tasks to queue
[2024-09-06T14:32:19.946+0000] {logging_mixin.py:190} INFO - [2024-09-06T14:32:19.945+0000] {dagbag.py:587} INFO - Filling up the DagBag from /home/airflow/.local/lib/python3.12/site-packages/airflow/example_dags/example_bash_operator.py
[2024-09-06T14:32:19.957+0000] {processor.py:925} INFO - DAG(s) 'example_bash_operator' retrieved from /home/airflow/.local/lib/python3.12/site-packages/airflow/example_dags/example_bash_operator.py
[2024-09-06T14:32:19.982+0000] {logging_mixin.py:190} INFO - [2024-09-06T14:32:19.982+0000] {dag.py:3229} INFO - Sync 1 DAGs
[2024-09-06T14:32:20.004+0000] {logging_mixin.py:190} INFO - [2024-09-06T14:32:20.003+0000] {dag.py:4156} INFO - Setting next_dagrun for example_bash_operator to 2024-09-05 00:00:00+00:00, run_after=2024-09-06 00:00:00+00:00
[2024-09-06T14:32:20.023+0000] {processor.py:208} INFO - Processing /home/airflow/.local/lib/python3.12/site-packages/airflow/example_dags/example_bash_operator.py took 0.087 seconds
[2024-09-06T14:32:50.390+0000] {processor.py:186} INFO - Started process (PID=1379) to work on /home/airflow/.local/lib/python3.12/site-packages/airflow/example_dags/example_bash_operator.py
[2024-09-06T14:32:50.391+0000] {processor.py:914} INFO - Processing file /home/airflow/.local/lib/python3.12/site-packages/airflow/example_dags/example_bash_operator.py for tasks to queue
[2024-09-06T14:32:50.393+0000] {logging_mixin.py:190} INFO - [2024-09-06T14:32:50.393+0000] {dagbag.py:587} INFO - Filling up the DagBag from /home/airflow/.local/lib/python3.12/site-packages/airflow/example_dags/example_bash_operator.py
[2024-09-06T14:32:50.410+0000] {processor.py:925} INFO - DAG(s) 'example_bash_operator' retrieved from /home/airflow/.local/lib/python3.12/site-packages/airflow/example_dags/example_bash_operator.py
[2024-09-06T14:32:50.434+0000] {logging_mixin.py:190} INFO - [2024-09-06T14:32:50.434+0000] {dag.py:3229} INFO - Sync 1 DAGs
[2024-09-06T14:32:50.456+0000] {logging_mixin.py:190} INFO - [2024-09-06T14:32:50.455+0000] {dag.py:4156} INFO - Setting next_dagrun for example_bash_operator to 2024-09-05 00:00:00+00:00, run_after=2024-09-06 00:00:00+00:00
[2024-09-06T14:32:50.474+0000] {processor.py:208} INFO - Processing /home/airflow/.local/lib/python3.12/site-packages/airflow/example_dags/example_bash_operator.py took 0.091 seconds
[2024-09-06T14:33:20.920+0000] {processor.py:186} INFO - Started process (PID=1441) to work on /home/airflow/.local/lib/python3.12/site-packages/airflow/example_dags/example_bash_operator.py
[2024-09-06T14:33:20.921+0000] {processor.py:914} INFO - Processing file /home/airflow/.local/lib/python3.12/site-packages/airflow/example_dags/example_bash_operator.py for tasks to queue
[2024-09-06T14:33:20.924+0000] {logging_mixin.py:190} INFO - [2024-09-06T14:33:20.923+0000] {dagbag.py:587} INFO - Filling up the DagBag from /home/airflow/.local/lib/python3.12/site-packages/airflow/example_dags/example_bash_operator.py
[2024-09-06T14:33:20.940+0000] {processor.py:925} INFO - DAG(s) 'example_bash_operator' retrieved from /home/airflow/.local/lib/python3.12/site-packages/airflow/example_dags/example_bash_operator.py
[2024-09-06T14:33:20.972+0000] {logging_mixin.py:190} INFO - [2024-09-06T14:33:20.971+0000] {dag.py:3229} INFO - Sync 1 DAGs
[2024-09-06T14:33:20.992+0000] {logging_mixin.py:190} INFO - [2024-09-06T14:33:20.992+0000] {dag.py:4156} INFO - Setting next_dagrun for example_bash_operator to 2024-09-05 00:00:00+00:00, run_after=2024-09-06 00:00:00+00:00
[2024-09-06T14:33:21.010+0000] {processor.py:208} INFO - Processing /home/airflow/.local/lib/python3.12/site-packages/airflow/example_dags/example_bash_operator.py took 0.099 seconds
[2024-09-06T14:33:51.369+0000] {processor.py:186} INFO - Started process (PID=1503) to work on /home/airflow/.local/lib/python3.12/site-packages/airflow/example_dags/example_bash_operator.py
[2024-09-06T14:33:51.370+0000] {processor.py:914} INFO - Processing file /home/airflow/.local/lib/python3.12/site-packages/airflow/example_dags/example_bash_operator.py for tasks to queue
[2024-09-06T14:33:51.373+0000] {logging_mixin.py:190} INFO - [2024-09-06T14:33:51.372+0000] {dagbag.py:587} INFO - Filling up the DagBag from /home/airflow/.local/lib/python3.12/site-packages/airflow/example_dags/example_bash_operator.py
[2024-09-06T14:33:51.386+0000] {processor.py:925} INFO - DAG(s) 'example_bash_operator' retrieved from /home/airflow/.local/lib/python3.12/site-packages/airflow/example_dags/example_bash_operator.py
[2024-09-06T14:33:51.410+0000] {logging_mixin.py:190} INFO - [2024-09-06T14:33:51.410+0000] {dag.py:3229} INFO - Sync 1 DAGs
[2024-09-06T14:33:51.433+0000] {logging_mixin.py:190} INFO - [2024-09-06T14:33:51.432+0000] {dag.py:4156} INFO - Setting next_dagrun for example_bash_operator to 2024-09-05 00:00:00+00:00, run_after=2024-09-06 00:00:00+00:00
[2024-09-06T14:33:51.455+0000] {processor.py:208} INFO - Processing /home/airflow/.local/lib/python3.12/site-packages/airflow/example_dags/example_bash_operator.py took 0.092 seconds
