[2024-09-06T14:22:10.410+0000] {processor.py:186} INFO - Started process (PID=72) to work on /home/airflow/.local/lib/python3.12/site-packages/airflow/example_dags/example_task_group.py
[2024-09-06T14:22:10.413+0000] {processor.py:914} INFO - Processing file /home/airflow/.local/lib/python3.12/site-packages/airflow/example_dags/example_task_group.py for tasks to queue
[2024-09-06T14:22:10.424+0000] {logging_mixin.py:190} INFO - [2024-09-06T14:22:10.423+0000] {dagbag.py:587} INFO - Filling up the DagBag from /home/airflow/.local/lib/python3.12/site-packages/airflow/example_dags/example_task_group.py
[2024-09-06T14:22:10.447+0000] {processor.py:925} INFO - DAG(s) 'example_task_group' retrieved from /home/airflow/.local/lib/python3.12/site-packages/airflow/example_dags/example_task_group.py
[2024-09-06T14:22:10.663+0000] {logging_mixin.py:190} INFO - [2024-09-06T14:22:10.662+0000] {override.py:1900} INFO - Created Permission View: can read on DAG:example_task_group
[2024-09-06T14:22:10.676+0000] {logging_mixin.py:190} INFO - [2024-09-06T14:22:10.675+0000] {override.py:1900} INFO - Created Permission View: can delete on DAG:example_task_group
[2024-09-06T14:22:10.683+0000] {logging_mixin.py:190} INFO - [2024-09-06T14:22:10.683+0000] {override.py:1900} INFO - Created Permission View: can edit on DAG:example_task_group
[2024-09-06T14:22:10.693+0000] {logging_mixin.py:190} INFO - [2024-09-06T14:22:10.693+0000] {override.py:1900} INFO - Created Permission View: can read on DAG Run:example_task_group
[2024-09-06T14:22:10.700+0000] {logging_mixin.py:190} INFO - [2024-09-06T14:22:10.700+0000] {override.py:1900} INFO - Created Permission View: can delete on DAG Run:example_task_group
[2024-09-06T14:22:10.707+0000] {logging_mixin.py:190} INFO - [2024-09-06T14:22:10.707+0000] {override.py:1900} INFO - Created Permission View: menu access on DAG Run:example_task_group
[2024-09-06T14:22:10.714+0000] {logging_mixin.py:190} INFO - [2024-09-06T14:22:10.713+0000] {override.py:1900} INFO - Created Permission View: can create on DAG Run:example_task_group
[2024-09-06T14:22:10.715+0000] {logging_mixin.py:190} INFO - [2024-09-06T14:22:10.715+0000] {dag.py:3229} INFO - Sync 1 DAGs
[2024-09-06T14:22:10.731+0000] {logging_mixin.py:190} INFO - [2024-09-06T14:22:10.730+0000] {dag.py:3252} INFO - Creating ORM DAG for example_task_group
[2024-09-06T14:22:10.732+0000] {logging_mixin.py:190} INFO - [2024-09-06T14:22:10.731+0000] {dag.py:4156} INFO - Setting next_dagrun for example_task_group to None, run_after=None
[2024-09-06T14:22:10.764+0000] {processor.py:208} INFO - Processing /home/airflow/.local/lib/python3.12/site-packages/airflow/example_dags/example_task_group.py took 0.361 seconds
[2024-09-06T14:22:41.489+0000] {processor.py:186} INFO - Started process (PID=134) to work on /home/airflow/.local/lib/python3.12/site-packages/airflow/example_dags/example_task_group.py
[2024-09-06T14:22:41.490+0000] {processor.py:914} INFO - Processing file /home/airflow/.local/lib/python3.12/site-packages/airflow/example_dags/example_task_group.py for tasks to queue
[2024-09-06T14:22:41.492+0000] {logging_mixin.py:190} INFO - [2024-09-06T14:22:41.492+0000] {dagbag.py:587} INFO - Filling up the DagBag from /home/airflow/.local/lib/python3.12/site-packages/airflow/example_dags/example_task_group.py
[2024-09-06T14:22:41.500+0000] {processor.py:925} INFO - DAG(s) 'example_task_group' retrieved from /home/airflow/.local/lib/python3.12/site-packages/airflow/example_dags/example_task_group.py
[2024-09-06T14:22:41.518+0000] {logging_mixin.py:190} INFO - [2024-09-06T14:22:41.518+0000] {dag.py:3229} INFO - Sync 1 DAGs
[2024-09-06T14:22:41.529+0000] {logging_mixin.py:190} INFO - [2024-09-06T14:22:41.529+0000] {dag.py:4156} INFO - Setting next_dagrun for example_task_group to None, run_after=None
[2024-09-06T14:22:41.550+0000] {processor.py:208} INFO - Processing /home/airflow/.local/lib/python3.12/site-packages/airflow/example_dags/example_task_group.py took 0.065 seconds
[2024-09-06T14:23:12.114+0000] {processor.py:186} INFO - Started process (PID=196) to work on /home/airflow/.local/lib/python3.12/site-packages/airflow/example_dags/example_task_group.py
[2024-09-06T14:23:12.116+0000] {processor.py:914} INFO - Processing file /home/airflow/.local/lib/python3.12/site-packages/airflow/example_dags/example_task_group.py for tasks to queue
[2024-09-06T14:23:12.119+0000] {logging_mixin.py:190} INFO - [2024-09-06T14:23:12.119+0000] {dagbag.py:587} INFO - Filling up the DagBag from /home/airflow/.local/lib/python3.12/site-packages/airflow/example_dags/example_task_group.py
[2024-09-06T14:23:12.128+0000] {processor.py:925} INFO - DAG(s) 'example_task_group' retrieved from /home/airflow/.local/lib/python3.12/site-packages/airflow/example_dags/example_task_group.py
[2024-09-06T14:23:12.150+0000] {logging_mixin.py:190} INFO - [2024-09-06T14:23:12.150+0000] {dag.py:3229} INFO - Sync 1 DAGs
[2024-09-06T14:23:12.166+0000] {logging_mixin.py:190} INFO - [2024-09-06T14:23:12.165+0000] {dag.py:4156} INFO - Setting next_dagrun for example_task_group to None, run_after=None
[2024-09-06T14:23:12.187+0000] {processor.py:208} INFO - Processing /home/airflow/.local/lib/python3.12/site-packages/airflow/example_dags/example_task_group.py took 0.081 seconds
[2024-09-06T14:23:42.283+0000] {processor.py:186} INFO - Started process (PID=258) to work on /home/airflow/.local/lib/python3.12/site-packages/airflow/example_dags/example_task_group.py
[2024-09-06T14:23:42.284+0000] {processor.py:914} INFO - Processing file /home/airflow/.local/lib/python3.12/site-packages/airflow/example_dags/example_task_group.py for tasks to queue
[2024-09-06T14:23:42.286+0000] {logging_mixin.py:190} INFO - [2024-09-06T14:23:42.286+0000] {dagbag.py:587} INFO - Filling up the DagBag from /home/airflow/.local/lib/python3.12/site-packages/airflow/example_dags/example_task_group.py
[2024-09-06T14:23:42.293+0000] {processor.py:925} INFO - DAG(s) 'example_task_group' retrieved from /home/airflow/.local/lib/python3.12/site-packages/airflow/example_dags/example_task_group.py
[2024-09-06T14:23:42.316+0000] {logging_mixin.py:190} INFO - [2024-09-06T14:23:42.315+0000] {dag.py:3229} INFO - Sync 1 DAGs
[2024-09-06T14:23:42.327+0000] {logging_mixin.py:190} INFO - [2024-09-06T14:23:42.326+0000] {dag.py:4156} INFO - Setting next_dagrun for example_task_group to None, run_after=None
[2024-09-06T14:23:42.345+0000] {processor.py:208} INFO - Processing /home/airflow/.local/lib/python3.12/site-packages/airflow/example_dags/example_task_group.py took 0.067 seconds
[2024-09-06T14:24:12.781+0000] {processor.py:186} INFO - Started process (PID=320) to work on /home/airflow/.local/lib/python3.12/site-packages/airflow/example_dags/example_task_group.py
[2024-09-06T14:24:12.782+0000] {processor.py:914} INFO - Processing file /home/airflow/.local/lib/python3.12/site-packages/airflow/example_dags/example_task_group.py for tasks to queue
[2024-09-06T14:24:12.784+0000] {logging_mixin.py:190} INFO - [2024-09-06T14:24:12.783+0000] {dagbag.py:587} INFO - Filling up the DagBag from /home/airflow/.local/lib/python3.12/site-packages/airflow/example_dags/example_task_group.py
[2024-09-06T14:24:12.790+0000] {processor.py:925} INFO - DAG(s) 'example_task_group' retrieved from /home/airflow/.local/lib/python3.12/site-packages/airflow/example_dags/example_task_group.py
[2024-09-06T14:24:12.810+0000] {logging_mixin.py:190} INFO - [2024-09-06T14:24:12.809+0000] {dag.py:3229} INFO - Sync 1 DAGs
[2024-09-06T14:24:12.821+0000] {logging_mixin.py:190} INFO - [2024-09-06T14:24:12.821+0000] {dag.py:4156} INFO - Setting next_dagrun for example_task_group to None, run_after=None
[2024-09-06T14:24:12.841+0000] {processor.py:208} INFO - Processing /home/airflow/.local/lib/python3.12/site-packages/airflow/example_dags/example_task_group.py took 0.065 seconds
[2024-09-06T14:24:43.173+0000] {processor.py:186} INFO - Started process (PID=382) to work on /home/airflow/.local/lib/python3.12/site-packages/airflow/example_dags/example_task_group.py
[2024-09-06T14:24:43.174+0000] {processor.py:914} INFO - Processing file /home/airflow/.local/lib/python3.12/site-packages/airflow/example_dags/example_task_group.py for tasks to queue
[2024-09-06T14:24:43.176+0000] {logging_mixin.py:190} INFO - [2024-09-06T14:24:43.176+0000] {dagbag.py:587} INFO - Filling up the DagBag from /home/airflow/.local/lib/python3.12/site-packages/airflow/example_dags/example_task_group.py
[2024-09-06T14:24:43.183+0000] {processor.py:925} INFO - DAG(s) 'example_task_group' retrieved from /home/airflow/.local/lib/python3.12/site-packages/airflow/example_dags/example_task_group.py
[2024-09-06T14:24:43.201+0000] {logging_mixin.py:190} INFO - [2024-09-06T14:24:43.201+0000] {dag.py:3229} INFO - Sync 1 DAGs
[2024-09-06T14:24:43.213+0000] {logging_mixin.py:190} INFO - [2024-09-06T14:24:43.213+0000] {dag.py:4156} INFO - Setting next_dagrun for example_task_group to None, run_after=None
[2024-09-06T14:24:43.232+0000] {processor.py:208} INFO - Processing /home/airflow/.local/lib/python3.12/site-packages/airflow/example_dags/example_task_group.py took 0.064 seconds
[2024-09-06T14:25:13.533+0000] {processor.py:186} INFO - Started process (PID=445) to work on /home/airflow/.local/lib/python3.12/site-packages/airflow/example_dags/example_task_group.py
[2024-09-06T14:25:13.534+0000] {processor.py:914} INFO - Processing file /home/airflow/.local/lib/python3.12/site-packages/airflow/example_dags/example_task_group.py for tasks to queue
[2024-09-06T14:25:13.536+0000] {logging_mixin.py:190} INFO - [2024-09-06T14:25:13.536+0000] {dagbag.py:587} INFO - Filling up the DagBag from /home/airflow/.local/lib/python3.12/site-packages/airflow/example_dags/example_task_group.py
[2024-09-06T14:25:13.543+0000] {processor.py:925} INFO - DAG(s) 'example_task_group' retrieved from /home/airflow/.local/lib/python3.12/site-packages/airflow/example_dags/example_task_group.py
[2024-09-06T14:25:13.561+0000] {logging_mixin.py:190} INFO - [2024-09-06T14:25:13.561+0000] {dag.py:3229} INFO - Sync 1 DAGs
[2024-09-06T14:25:13.574+0000] {logging_mixin.py:190} INFO - [2024-09-06T14:25:13.574+0000] {dag.py:4156} INFO - Setting next_dagrun for example_task_group to None, run_after=None
[2024-09-06T14:25:13.590+0000] {processor.py:208} INFO - Processing /home/airflow/.local/lib/python3.12/site-packages/airflow/example_dags/example_task_group.py took 0.062 seconds
[2024-09-06T14:25:43.930+0000] {processor.py:186} INFO - Started process (PID=506) to work on /home/airflow/.local/lib/python3.12/site-packages/airflow/example_dags/example_task_group.py
[2024-09-06T14:25:43.931+0000] {processor.py:914} INFO - Processing file /home/airflow/.local/lib/python3.12/site-packages/airflow/example_dags/example_task_group.py for tasks to queue
[2024-09-06T14:25:43.934+0000] {logging_mixin.py:190} INFO - [2024-09-06T14:25:43.933+0000] {dagbag.py:587} INFO - Filling up the DagBag from /home/airflow/.local/lib/python3.12/site-packages/airflow/example_dags/example_task_group.py
[2024-09-06T14:25:43.941+0000] {processor.py:925} INFO - DAG(s) 'example_task_group' retrieved from /home/airflow/.local/lib/python3.12/site-packages/airflow/example_dags/example_task_group.py
[2024-09-06T14:25:43.960+0000] {logging_mixin.py:190} INFO - [2024-09-06T14:25:43.960+0000] {dag.py:3229} INFO - Sync 1 DAGs
[2024-09-06T14:25:43.972+0000] {logging_mixin.py:190} INFO - [2024-09-06T14:25:43.971+0000] {dag.py:4156} INFO - Setting next_dagrun for example_task_group to None, run_after=None
[2024-09-06T14:25:43.992+0000] {processor.py:208} INFO - Processing /home/airflow/.local/lib/python3.12/site-packages/airflow/example_dags/example_task_group.py took 0.066 seconds
[2024-09-06T14:26:14.165+0000] {processor.py:186} INFO - Started process (PID=568) to work on /home/airflow/.local/lib/python3.12/site-packages/airflow/example_dags/example_task_group.py
[2024-09-06T14:26:14.166+0000] {processor.py:914} INFO - Processing file /home/airflow/.local/lib/python3.12/site-packages/airflow/example_dags/example_task_group.py for tasks to queue
[2024-09-06T14:26:14.168+0000] {logging_mixin.py:190} INFO - [2024-09-06T14:26:14.168+0000] {dagbag.py:587} INFO - Filling up the DagBag from /home/airflow/.local/lib/python3.12/site-packages/airflow/example_dags/example_task_group.py
[2024-09-06T14:26:14.176+0000] {processor.py:925} INFO - DAG(s) 'example_task_group' retrieved from /home/airflow/.local/lib/python3.12/site-packages/airflow/example_dags/example_task_group.py
[2024-09-06T14:26:14.196+0000] {logging_mixin.py:190} INFO - [2024-09-06T14:26:14.196+0000] {dag.py:3229} INFO - Sync 1 DAGs
[2024-09-06T14:26:14.208+0000] {logging_mixin.py:190} INFO - [2024-09-06T14:26:14.207+0000] {dag.py:4156} INFO - Setting next_dagrun for example_task_group to None, run_after=None
[2024-09-06T14:26:14.227+0000] {processor.py:208} INFO - Processing /home/airflow/.local/lib/python3.12/site-packages/airflow/example_dags/example_task_group.py took 0.067 seconds
[2024-09-06T14:26:44.379+0000] {processor.py:186} INFO - Started process (PID=630) to work on /home/airflow/.local/lib/python3.12/site-packages/airflow/example_dags/example_task_group.py
[2024-09-06T14:26:44.380+0000] {processor.py:914} INFO - Processing file /home/airflow/.local/lib/python3.12/site-packages/airflow/example_dags/example_task_group.py for tasks to queue
[2024-09-06T14:26:44.382+0000] {logging_mixin.py:190} INFO - [2024-09-06T14:26:44.382+0000] {dagbag.py:587} INFO - Filling up the DagBag from /home/airflow/.local/lib/python3.12/site-packages/airflow/example_dags/example_task_group.py
[2024-09-06T14:26:44.389+0000] {processor.py:925} INFO - DAG(s) 'example_task_group' retrieved from /home/airflow/.local/lib/python3.12/site-packages/airflow/example_dags/example_task_group.py
[2024-09-06T14:26:44.410+0000] {logging_mixin.py:190} INFO - [2024-09-06T14:26:44.410+0000] {dag.py:3229} INFO - Sync 1 DAGs
[2024-09-06T14:26:44.423+0000] {logging_mixin.py:190} INFO - [2024-09-06T14:26:44.423+0000] {dag.py:4156} INFO - Setting next_dagrun for example_task_group to None, run_after=None
[2024-09-06T14:26:44.444+0000] {processor.py:208} INFO - Processing /home/airflow/.local/lib/python3.12/site-packages/airflow/example_dags/example_task_group.py took 0.070 seconds
[2024-09-06T14:27:14.513+0000] {processor.py:186} INFO - Started process (PID=692) to work on /home/airflow/.local/lib/python3.12/site-packages/airflow/example_dags/example_task_group.py
[2024-09-06T14:27:14.514+0000] {processor.py:914} INFO - Processing file /home/airflow/.local/lib/python3.12/site-packages/airflow/example_dags/example_task_group.py for tasks to queue
[2024-09-06T14:27:14.516+0000] {logging_mixin.py:190} INFO - [2024-09-06T14:27:14.515+0000] {dagbag.py:587} INFO - Filling up the DagBag from /home/airflow/.local/lib/python3.12/site-packages/airflow/example_dags/example_task_group.py
[2024-09-06T14:27:14.523+0000] {processor.py:925} INFO - DAG(s) 'example_task_group' retrieved from /home/airflow/.local/lib/python3.12/site-packages/airflow/example_dags/example_task_group.py
[2024-09-06T14:27:14.547+0000] {logging_mixin.py:190} INFO - [2024-09-06T14:27:14.547+0000] {dag.py:3229} INFO - Sync 1 DAGs
[2024-09-06T14:27:14.560+0000] {logging_mixin.py:190} INFO - [2024-09-06T14:27:14.560+0000] {dag.py:4156} INFO - Setting next_dagrun for example_task_group to None, run_after=None
[2024-09-06T14:27:14.576+0000] {processor.py:208} INFO - Processing /home/airflow/.local/lib/python3.12/site-packages/airflow/example_dags/example_task_group.py took 0.069 seconds
[2024-09-06T14:27:44.729+0000] {processor.py:186} INFO - Started process (PID=754) to work on /home/airflow/.local/lib/python3.12/site-packages/airflow/example_dags/example_task_group.py
[2024-09-06T14:27:44.731+0000] {processor.py:914} INFO - Processing file /home/airflow/.local/lib/python3.12/site-packages/airflow/example_dags/example_task_group.py for tasks to queue
[2024-09-06T14:27:44.733+0000] {logging_mixin.py:190} INFO - [2024-09-06T14:27:44.732+0000] {dagbag.py:587} INFO - Filling up the DagBag from /home/airflow/.local/lib/python3.12/site-packages/airflow/example_dags/example_task_group.py
[2024-09-06T14:27:44.741+0000] {processor.py:925} INFO - DAG(s) 'example_task_group' retrieved from /home/airflow/.local/lib/python3.12/site-packages/airflow/example_dags/example_task_group.py
[2024-09-06T14:27:44.763+0000] {logging_mixin.py:190} INFO - [2024-09-06T14:27:44.762+0000] {dag.py:3229} INFO - Sync 1 DAGs
[2024-09-06T14:27:44.775+0000] {logging_mixin.py:190} INFO - [2024-09-06T14:27:44.775+0000] {dag.py:4156} INFO - Setting next_dagrun for example_task_group to None, run_after=None
[2024-09-06T14:27:44.794+0000] {processor.py:208} INFO - Processing /home/airflow/.local/lib/python3.12/site-packages/airflow/example_dags/example_task_group.py took 0.070 seconds
[2024-09-06T14:28:15.049+0000] {processor.py:186} INFO - Started process (PID=816) to work on /home/airflow/.local/lib/python3.12/site-packages/airflow/example_dags/example_task_group.py
[2024-09-06T14:28:15.050+0000] {processor.py:914} INFO - Processing file /home/airflow/.local/lib/python3.12/site-packages/airflow/example_dags/example_task_group.py for tasks to queue
[2024-09-06T14:28:15.052+0000] {logging_mixin.py:190} INFO - [2024-09-06T14:28:15.051+0000] {dagbag.py:587} INFO - Filling up the DagBag from /home/airflow/.local/lib/python3.12/site-packages/airflow/example_dags/example_task_group.py
[2024-09-06T14:28:15.059+0000] {processor.py:925} INFO - DAG(s) 'example_task_group' retrieved from /home/airflow/.local/lib/python3.12/site-packages/airflow/example_dags/example_task_group.py
[2024-09-06T14:28:15.079+0000] {logging_mixin.py:190} INFO - [2024-09-06T14:28:15.079+0000] {dag.py:3229} INFO - Sync 1 DAGs
[2024-09-06T14:28:15.094+0000] {logging_mixin.py:190} INFO - [2024-09-06T14:28:15.094+0000] {dag.py:4156} INFO - Setting next_dagrun for example_task_group to None, run_after=None
[2024-09-06T14:28:15.115+0000] {processor.py:208} INFO - Processing /home/airflow/.local/lib/python3.12/site-packages/airflow/example_dags/example_task_group.py took 0.072 seconds
[2024-09-06T14:28:45.421+0000] {processor.py:186} INFO - Started process (PID=878) to work on /home/airflow/.local/lib/python3.12/site-packages/airflow/example_dags/example_task_group.py
[2024-09-06T14:28:45.422+0000] {processor.py:914} INFO - Processing file /home/airflow/.local/lib/python3.12/site-packages/airflow/example_dags/example_task_group.py for tasks to queue
[2024-09-06T14:28:45.423+0000] {logging_mixin.py:190} INFO - [2024-09-06T14:28:45.423+0000] {dagbag.py:587} INFO - Filling up the DagBag from /home/airflow/.local/lib/python3.12/site-packages/airflow/example_dags/example_task_group.py
[2024-09-06T14:28:45.430+0000] {processor.py:925} INFO - DAG(s) 'example_task_group' retrieved from /home/airflow/.local/lib/python3.12/site-packages/airflow/example_dags/example_task_group.py
[2024-09-06T14:28:45.449+0000] {logging_mixin.py:190} INFO - [2024-09-06T14:28:45.449+0000] {dag.py:3229} INFO - Sync 1 DAGs
[2024-09-06T14:28:45.460+0000] {logging_mixin.py:190} INFO - [2024-09-06T14:28:45.460+0000] {dag.py:4156} INFO - Setting next_dagrun for example_task_group to None, run_after=None
[2024-09-06T14:28:45.479+0000] {processor.py:208} INFO - Processing /home/airflow/.local/lib/python3.12/site-packages/airflow/example_dags/example_task_group.py took 0.063 seconds
[2024-09-06T14:29:15.597+0000] {processor.py:186} INFO - Started process (PID=940) to work on /home/airflow/.local/lib/python3.12/site-packages/airflow/example_dags/example_task_group.py
[2024-09-06T14:29:15.598+0000] {processor.py:914} INFO - Processing file /home/airflow/.local/lib/python3.12/site-packages/airflow/example_dags/example_task_group.py for tasks to queue
[2024-09-06T14:29:15.600+0000] {logging_mixin.py:190} INFO - [2024-09-06T14:29:15.600+0000] {dagbag.py:587} INFO - Filling up the DagBag from /home/airflow/.local/lib/python3.12/site-packages/airflow/example_dags/example_task_group.py
[2024-09-06T14:29:15.607+0000] {processor.py:925} INFO - DAG(s) 'example_task_group' retrieved from /home/airflow/.local/lib/python3.12/site-packages/airflow/example_dags/example_task_group.py
[2024-09-06T14:29:15.628+0000] {logging_mixin.py:190} INFO - [2024-09-06T14:29:15.628+0000] {dag.py:3229} INFO - Sync 1 DAGs
[2024-09-06T14:29:15.641+0000] {logging_mixin.py:190} INFO - [2024-09-06T14:29:15.640+0000] {dag.py:4156} INFO - Setting next_dagrun for example_task_group to None, run_after=None
[2024-09-06T14:29:15.658+0000] {processor.py:208} INFO - Processing /home/airflow/.local/lib/python3.12/site-packages/airflow/example_dags/example_task_group.py took 0.066 seconds
[2024-09-06T14:29:46.427+0000] {processor.py:186} INFO - Started process (PID=1002) to work on /home/airflow/.local/lib/python3.12/site-packages/airflow/example_dags/example_task_group.py
[2024-09-06T14:29:46.428+0000] {processor.py:914} INFO - Processing file /home/airflow/.local/lib/python3.12/site-packages/airflow/example_dags/example_task_group.py for tasks to queue
[2024-09-06T14:29:46.430+0000] {logging_mixin.py:190} INFO - [2024-09-06T14:29:46.430+0000] {dagbag.py:587} INFO - Filling up the DagBag from /home/airflow/.local/lib/python3.12/site-packages/airflow/example_dags/example_task_group.py
[2024-09-06T14:29:46.437+0000] {processor.py:925} INFO - DAG(s) 'example_task_group' retrieved from /home/airflow/.local/lib/python3.12/site-packages/airflow/example_dags/example_task_group.py
[2024-09-06T14:29:46.456+0000] {logging_mixin.py:190} INFO - [2024-09-06T14:29:46.456+0000] {dag.py:3229} INFO - Sync 1 DAGs
[2024-09-06T14:29:46.467+0000] {logging_mixin.py:190} INFO - [2024-09-06T14:29:46.467+0000] {dag.py:4156} INFO - Setting next_dagrun for example_task_group to None, run_after=None
[2024-09-06T14:29:46.487+0000] {processor.py:208} INFO - Processing /home/airflow/.local/lib/python3.12/site-packages/airflow/example_dags/example_task_group.py took 0.066 seconds
[2024-09-06T14:30:16.565+0000] {processor.py:186} INFO - Started process (PID=1064) to work on /home/airflow/.local/lib/python3.12/site-packages/airflow/example_dags/example_task_group.py
[2024-09-06T14:30:16.566+0000] {processor.py:914} INFO - Processing file /home/airflow/.local/lib/python3.12/site-packages/airflow/example_dags/example_task_group.py for tasks to queue
[2024-09-06T14:30:16.568+0000] {logging_mixin.py:190} INFO - [2024-09-06T14:30:16.568+0000] {dagbag.py:587} INFO - Filling up the DagBag from /home/airflow/.local/lib/python3.12/site-packages/airflow/example_dags/example_task_group.py
[2024-09-06T14:30:16.575+0000] {processor.py:925} INFO - DAG(s) 'example_task_group' retrieved from /home/airflow/.local/lib/python3.12/site-packages/airflow/example_dags/example_task_group.py
[2024-09-06T14:30:16.592+0000] {logging_mixin.py:190} INFO - [2024-09-06T14:30:16.592+0000] {dag.py:3229} INFO - Sync 1 DAGs
[2024-09-06T14:30:16.603+0000] {logging_mixin.py:190} INFO - [2024-09-06T14:30:16.603+0000] {dag.py:4156} INFO - Setting next_dagrun for example_task_group to None, run_after=None
[2024-09-06T14:30:16.623+0000] {processor.py:208} INFO - Processing /home/airflow/.local/lib/python3.12/site-packages/airflow/example_dags/example_task_group.py took 0.063 seconds
[2024-09-06T14:30:46.721+0000] {processor.py:186} INFO - Started process (PID=1126) to work on /home/airflow/.local/lib/python3.12/site-packages/airflow/example_dags/example_task_group.py
[2024-09-06T14:30:46.722+0000] {processor.py:914} INFO - Processing file /home/airflow/.local/lib/python3.12/site-packages/airflow/example_dags/example_task_group.py for tasks to queue
[2024-09-06T14:30:46.724+0000] {logging_mixin.py:190} INFO - [2024-09-06T14:30:46.724+0000] {dagbag.py:587} INFO - Filling up the DagBag from /home/airflow/.local/lib/python3.12/site-packages/airflow/example_dags/example_task_group.py
[2024-09-06T14:30:46.732+0000] {processor.py:925} INFO - DAG(s) 'example_task_group' retrieved from /home/airflow/.local/lib/python3.12/site-packages/airflow/example_dags/example_task_group.py
[2024-09-06T14:30:46.751+0000] {logging_mixin.py:190} INFO - [2024-09-06T14:30:46.751+0000] {dag.py:3229} INFO - Sync 1 DAGs
[2024-09-06T14:30:46.766+0000] {logging_mixin.py:190} INFO - [2024-09-06T14:30:46.766+0000] {dag.py:4156} INFO - Setting next_dagrun for example_task_group to None, run_after=None
[2024-09-06T14:30:46.784+0000] {processor.py:208} INFO - Processing /home/airflow/.local/lib/python3.12/site-packages/airflow/example_dags/example_task_group.py took 0.068 seconds
[2024-09-06T14:31:17.380+0000] {processor.py:186} INFO - Started process (PID=1188) to work on /home/airflow/.local/lib/python3.12/site-packages/airflow/example_dags/example_task_group.py
[2024-09-06T14:31:17.382+0000] {processor.py:914} INFO - Processing file /home/airflow/.local/lib/python3.12/site-packages/airflow/example_dags/example_task_group.py for tasks to queue
[2024-09-06T14:31:17.385+0000] {logging_mixin.py:190} INFO - [2024-09-06T14:31:17.385+0000] {dagbag.py:587} INFO - Filling up the DagBag from /home/airflow/.local/lib/python3.12/site-packages/airflow/example_dags/example_task_group.py
[2024-09-06T14:31:17.393+0000] {processor.py:925} INFO - DAG(s) 'example_task_group' retrieved from /home/airflow/.local/lib/python3.12/site-packages/airflow/example_dags/example_task_group.py
[2024-09-06T14:31:17.412+0000] {logging_mixin.py:190} INFO - [2024-09-06T14:31:17.412+0000] {dag.py:3229} INFO - Sync 1 DAGs
[2024-09-06T14:31:17.427+0000] {logging_mixin.py:190} INFO - [2024-09-06T14:31:17.426+0000] {dag.py:4156} INFO - Setting next_dagrun for example_task_group to None, run_after=None
[2024-09-06T14:31:17.448+0000] {processor.py:208} INFO - Processing /home/airflow/.local/lib/python3.12/site-packages/airflow/example_dags/example_task_group.py took 0.073 seconds
[2024-09-06T14:31:47.865+0000] {processor.py:186} INFO - Started process (PID=1250) to work on /home/airflow/.local/lib/python3.12/site-packages/airflow/example_dags/example_task_group.py
[2024-09-06T14:31:47.866+0000] {processor.py:914} INFO - Processing file /home/airflow/.local/lib/python3.12/site-packages/airflow/example_dags/example_task_group.py for tasks to queue
[2024-09-06T14:31:47.869+0000] {logging_mixin.py:190} INFO - [2024-09-06T14:31:47.868+0000] {dagbag.py:587} INFO - Filling up the DagBag from /home/airflow/.local/lib/python3.12/site-packages/airflow/example_dags/example_task_group.py
[2024-09-06T14:31:47.876+0000] {processor.py:925} INFO - DAG(s) 'example_task_group' retrieved from /home/airflow/.local/lib/python3.12/site-packages/airflow/example_dags/example_task_group.py
[2024-09-06T14:31:47.895+0000] {logging_mixin.py:190} INFO - [2024-09-06T14:31:47.895+0000] {dag.py:3229} INFO - Sync 1 DAGs
[2024-09-06T14:31:47.908+0000] {logging_mixin.py:190} INFO - [2024-09-06T14:31:47.908+0000] {dag.py:4156} INFO - Setting next_dagrun for example_task_group to None, run_after=None
[2024-09-06T14:31:47.927+0000] {processor.py:208} INFO - Processing /home/airflow/.local/lib/python3.12/site-packages/airflow/example_dags/example_task_group.py took 0.066 seconds
[2024-09-06T14:32:18.638+0000] {processor.py:186} INFO - Started process (PID=1312) to work on /home/airflow/.local/lib/python3.12/site-packages/airflow/example_dags/example_task_group.py
[2024-09-06T14:32:18.639+0000] {processor.py:914} INFO - Processing file /home/airflow/.local/lib/python3.12/site-packages/airflow/example_dags/example_task_group.py for tasks to queue
[2024-09-06T14:32:18.641+0000] {logging_mixin.py:190} INFO - [2024-09-06T14:32:18.640+0000] {dagbag.py:587} INFO - Filling up the DagBag from /home/airflow/.local/lib/python3.12/site-packages/airflow/example_dags/example_task_group.py
[2024-09-06T14:32:18.648+0000] {processor.py:925} INFO - DAG(s) 'example_task_group' retrieved from /home/airflow/.local/lib/python3.12/site-packages/airflow/example_dags/example_task_group.py
[2024-09-06T14:32:18.667+0000] {logging_mixin.py:190} INFO - [2024-09-06T14:32:18.666+0000] {dag.py:3229} INFO - Sync 1 DAGs
[2024-09-06T14:32:18.679+0000] {logging_mixin.py:190} INFO - [2024-09-06T14:32:18.678+0000] {dag.py:4156} INFO - Setting next_dagrun for example_task_group to None, run_after=None
[2024-09-06T14:32:18.698+0000] {processor.py:208} INFO - Processing /home/airflow/.local/lib/python3.12/site-packages/airflow/example_dags/example_task_group.py took 0.065 seconds
[2024-09-06T14:32:49.145+0000] {processor.py:186} INFO - Started process (PID=1374) to work on /home/airflow/.local/lib/python3.12/site-packages/airflow/example_dags/example_task_group.py
[2024-09-06T14:32:49.146+0000] {processor.py:914} INFO - Processing file /home/airflow/.local/lib/python3.12/site-packages/airflow/example_dags/example_task_group.py for tasks to queue
[2024-09-06T14:32:49.148+0000] {logging_mixin.py:190} INFO - [2024-09-06T14:32:49.148+0000] {dagbag.py:587} INFO - Filling up the DagBag from /home/airflow/.local/lib/python3.12/site-packages/airflow/example_dags/example_task_group.py
[2024-09-06T14:32:49.157+0000] {processor.py:925} INFO - DAG(s) 'example_task_group' retrieved from /home/airflow/.local/lib/python3.12/site-packages/airflow/example_dags/example_task_group.py
[2024-09-06T14:32:49.177+0000] {logging_mixin.py:190} INFO - [2024-09-06T14:32:49.177+0000] {dag.py:3229} INFO - Sync 1 DAGs
[2024-09-06T14:32:49.192+0000] {logging_mixin.py:190} INFO - [2024-09-06T14:32:49.191+0000] {dag.py:4156} INFO - Setting next_dagrun for example_task_group to None, run_after=None
[2024-09-06T14:32:49.211+0000] {processor.py:208} INFO - Processing /home/airflow/.local/lib/python3.12/site-packages/airflow/example_dags/example_task_group.py took 0.071 seconds
[2024-09-06T14:33:19.560+0000] {processor.py:186} INFO - Started process (PID=1436) to work on /home/airflow/.local/lib/python3.12/site-packages/airflow/example_dags/example_task_group.py
[2024-09-06T14:33:19.561+0000] {processor.py:914} INFO - Processing file /home/airflow/.local/lib/python3.12/site-packages/airflow/example_dags/example_task_group.py for tasks to queue
[2024-09-06T14:33:19.563+0000] {logging_mixin.py:190} INFO - [2024-09-06T14:33:19.563+0000] {dagbag.py:587} INFO - Filling up the DagBag from /home/airflow/.local/lib/python3.12/site-packages/airflow/example_dags/example_task_group.py
[2024-09-06T14:33:19.577+0000] {processor.py:925} INFO - DAG(s) 'example_task_group' retrieved from /home/airflow/.local/lib/python3.12/site-packages/airflow/example_dags/example_task_group.py
[2024-09-06T14:33:19.608+0000] {logging_mixin.py:190} INFO - [2024-09-06T14:33:19.607+0000] {dag.py:3229} INFO - Sync 1 DAGs
[2024-09-06T14:33:19.627+0000] {logging_mixin.py:190} INFO - [2024-09-06T14:33:19.627+0000] {dag.py:4156} INFO - Setting next_dagrun for example_task_group to None, run_after=None
[2024-09-06T14:33:19.651+0000] {processor.py:208} INFO - Processing /home/airflow/.local/lib/python3.12/site-packages/airflow/example_dags/example_task_group.py took 0.100 seconds
[2024-09-06T14:33:50.010+0000] {processor.py:186} INFO - Started process (PID=1498) to work on /home/airflow/.local/lib/python3.12/site-packages/airflow/example_dags/example_task_group.py
[2024-09-06T14:33:50.011+0000] {processor.py:914} INFO - Processing file /home/airflow/.local/lib/python3.12/site-packages/airflow/example_dags/example_task_group.py for tasks to queue
[2024-09-06T14:33:50.013+0000] {logging_mixin.py:190} INFO - [2024-09-06T14:33:50.013+0000] {dagbag.py:587} INFO - Filling up the DagBag from /home/airflow/.local/lib/python3.12/site-packages/airflow/example_dags/example_task_group.py
[2024-09-06T14:33:50.020+0000] {processor.py:925} INFO - DAG(s) 'example_task_group' retrieved from /home/airflow/.local/lib/python3.12/site-packages/airflow/example_dags/example_task_group.py
[2024-09-06T14:33:50.041+0000] {logging_mixin.py:190} INFO - [2024-09-06T14:33:50.041+0000] {dag.py:3229} INFO - Sync 1 DAGs
[2024-09-06T14:33:50.053+0000] {logging_mixin.py:190} INFO - [2024-09-06T14:33:50.053+0000] {dag.py:4156} INFO - Setting next_dagrun for example_task_group to None, run_after=None
[2024-09-06T14:33:50.073+0000] {processor.py:208} INFO - Processing /home/airflow/.local/lib/python3.12/site-packages/airflow/example_dags/example_task_group.py took 0.069 seconds
