[2024-09-06T14:22:16.009+0000] {processor.py:186} INFO - Started process (PID=99) to work on /home/airflow/.local/lib/python3.12/site-packages/airflow/example_dags/example_subdag_operator.py
[2024-09-06T14:22:16.010+0000] {processor.py:914} INFO - Processing file /home/airflow/.local/lib/python3.12/site-packages/airflow/example_dags/example_subdag_operator.py for tasks to queue
[2024-09-06T14:22:16.013+0000] {logging_mixin.py:190} INFO - [2024-09-06T14:22:16.012+0000] {dagbag.py:587} INFO - Filling up the DagBag from /home/airflow/.local/lib/python3.12/site-packages/airflow/example_dags/example_subdag_operator.py
[2024-09-06T14:22:16.046+0000] {processor.py:925} INFO - DAG(s) 'example_subdag_operator.section-1', 'example_subdag_operator.section-2', 'example_subdag_operator' retrieved from /home/airflow/.local/lib/python3.12/site-packages/airflow/example_dags/example_subdag_operator.py
[2024-09-06T14:22:16.193+0000] {logging_mixin.py:190} INFO - [2024-09-06T14:22:16.192+0000] {override.py:1900} INFO - Created Permission View: can read on DAG:example_subdag_operator
[2024-09-06T14:22:16.205+0000] {logging_mixin.py:190} INFO - [2024-09-06T14:22:16.204+0000] {override.py:1900} INFO - Created Permission View: can delete on DAG:example_subdag_operator
[2024-09-06T14:22:16.212+0000] {logging_mixin.py:190} INFO - [2024-09-06T14:22:16.212+0000] {override.py:1900} INFO - Created Permission View: can edit on DAG:example_subdag_operator
[2024-09-06T14:22:16.222+0000] {logging_mixin.py:190} INFO - [2024-09-06T14:22:16.222+0000] {override.py:1900} INFO - Created Permission View: can read on DAG Run:example_subdag_operator
[2024-09-06T14:22:16.232+0000] {logging_mixin.py:190} INFO - [2024-09-06T14:22:16.231+0000] {override.py:1900} INFO - Created Permission View: can delete on DAG Run:example_subdag_operator
[2024-09-06T14:22:16.244+0000] {logging_mixin.py:190} INFO - [2024-09-06T14:22:16.244+0000] {override.py:1900} INFO - Created Permission View: menu access on DAG Run:example_subdag_operator
[2024-09-06T14:22:16.256+0000] {logging_mixin.py:190} INFO - [2024-09-06T14:22:16.256+0000] {override.py:1900} INFO - Created Permission View: can create on DAG Run:example_subdag_operator
[2024-09-06T14:22:16.257+0000] {logging_mixin.py:190} INFO - [2024-09-06T14:22:16.257+0000] {dag.py:3229} INFO - Sync 3 DAGs
[2024-09-06T14:22:16.274+0000] {logging_mixin.py:190} INFO - [2024-09-06T14:22:16.274+0000] {dag.py:3252} INFO - Creating ORM DAG for example_subdag_operator.section-2
[2024-09-06T14:22:16.275+0000] {logging_mixin.py:190} INFO - [2024-09-06T14:22:16.275+0000] {dag.py:3252} INFO - Creating ORM DAG for example_subdag_operator
[2024-09-06T14:22:16.276+0000] {logging_mixin.py:190} INFO - [2024-09-06T14:22:16.276+0000] {dag.py:3252} INFO - Creating ORM DAG for example_subdag_operator.section-1
[2024-09-06T14:22:16.289+0000] {logging_mixin.py:190} INFO - [2024-09-06T14:22:16.288+0000] {dag.py:4156} INFO - Setting next_dagrun for example_subdag_operator to 2022-01-01 00:00:00+00:00, run_after=2022-01-01 00:00:00+00:00
[2024-09-06T14:22:16.290+0000] {logging_mixin.py:190} INFO - [2024-09-06T14:22:16.290+0000] {dag.py:4156} INFO - Setting next_dagrun for example_subdag_operator.section-1 to None, run_after=None
[2024-09-06T14:22:16.291+0000] {logging_mixin.py:190} INFO - [2024-09-06T14:22:16.290+0000] {dag.py:4156} INFO - Setting next_dagrun for example_subdag_operator.section-2 to None, run_after=None
[2024-09-06T14:22:16.302+0000] {logging_mixin.py:190} INFO - [2024-09-06T14:22:16.301+0000] {dag.py:3229} INFO - Sync 2 DAGs
[2024-09-06T14:22:16.310+0000] {logging_mixin.py:190} INFO - [2024-09-06T14:22:16.310+0000] {dag.py:4156} INFO - Setting next_dagrun for example_subdag_operator.section-1 to None, run_after=None
[2024-09-06T14:22:16.315+0000] {logging_mixin.py:190} INFO - [2024-09-06T14:22:16.314+0000] {dag.py:4156} INFO - Setting next_dagrun for example_subdag_operator.section-2 to None, run_after=None
[2024-09-06T14:22:16.333+0000] {processor.py:208} INFO - Processing /home/airflow/.local/lib/python3.12/site-packages/airflow/example_dags/example_subdag_operator.py took 0.334 seconds
[2024-09-06T14:22:46.388+0000] {processor.py:186} INFO - Started process (PID=161) to work on /home/airflow/.local/lib/python3.12/site-packages/airflow/example_dags/example_subdag_operator.py
[2024-09-06T14:22:46.388+0000] {processor.py:914} INFO - Processing file /home/airflow/.local/lib/python3.12/site-packages/airflow/example_dags/example_subdag_operator.py for tasks to queue
[2024-09-06T14:22:46.390+0000] {logging_mixin.py:190} INFO - [2024-09-06T14:22:46.390+0000] {dagbag.py:587} INFO - Filling up the DagBag from /home/airflow/.local/lib/python3.12/site-packages/airflow/example_dags/example_subdag_operator.py
[2024-09-06T14:22:46.412+0000] {processor.py:925} INFO - DAG(s) 'example_subdag_operator.section-1', 'example_subdag_operator.section-2', 'example_subdag_operator' retrieved from /home/airflow/.local/lib/python3.12/site-packages/airflow/example_dags/example_subdag_operator.py
[2024-09-06T14:22:46.426+0000] {logging_mixin.py:190} INFO - [2024-09-06T14:22:46.426+0000] {dag.py:3229} INFO - Sync 3 DAGs
[2024-09-06T14:22:46.447+0000] {logging_mixin.py:190} INFO - [2024-09-06T14:22:46.446+0000] {dag.py:4156} INFO - Setting next_dagrun for example_subdag_operator to 2022-01-01 00:00:00+00:00, run_after=2022-01-01 00:00:00+00:00
[2024-09-06T14:22:46.451+0000] {logging_mixin.py:190} INFO - [2024-09-06T14:22:46.450+0000] {dag.py:4156} INFO - Setting next_dagrun for example_subdag_operator.section-1 to None, run_after=None
[2024-09-06T14:22:46.452+0000] {logging_mixin.py:190} INFO - [2024-09-06T14:22:46.452+0000] {dag.py:4156} INFO - Setting next_dagrun for example_subdag_operator.section-2 to None, run_after=None
[2024-09-06T14:22:46.458+0000] {logging_mixin.py:190} INFO - [2024-09-06T14:22:46.457+0000] {dag.py:3229} INFO - Sync 2 DAGs
[2024-09-06T14:22:46.462+0000] {logging_mixin.py:190} INFO - [2024-09-06T14:22:46.462+0000] {dag.py:4156} INFO - Setting next_dagrun for example_subdag_operator.section-1 to None, run_after=None
[2024-09-06T14:22:46.462+0000] {logging_mixin.py:190} INFO - [2024-09-06T14:22:46.462+0000] {dag.py:4156} INFO - Setting next_dagrun for example_subdag_operator.section-2 to None, run_after=None
[2024-09-06T14:22:46.472+0000] {processor.py:208} INFO - Processing /home/airflow/.local/lib/python3.12/site-packages/airflow/example_dags/example_subdag_operator.py took 0.090 seconds
[2024-09-06T14:23:16.702+0000] {processor.py:186} INFO - Started process (PID=223) to work on /home/airflow/.local/lib/python3.12/site-packages/airflow/example_dags/example_subdag_operator.py
[2024-09-06T14:23:16.702+0000] {processor.py:914} INFO - Processing file /home/airflow/.local/lib/python3.12/site-packages/airflow/example_dags/example_subdag_operator.py for tasks to queue
[2024-09-06T14:23:16.705+0000] {logging_mixin.py:190} INFO - [2024-09-06T14:23:16.705+0000] {dagbag.py:587} INFO - Filling up the DagBag from /home/airflow/.local/lib/python3.12/site-packages/airflow/example_dags/example_subdag_operator.py
[2024-09-06T14:23:16.727+0000] {processor.py:925} INFO - DAG(s) 'example_subdag_operator.section-1', 'example_subdag_operator.section-2', 'example_subdag_operator' retrieved from /home/airflow/.local/lib/python3.12/site-packages/airflow/example_dags/example_subdag_operator.py
[2024-09-06T14:23:16.741+0000] {logging_mixin.py:190} INFO - [2024-09-06T14:23:16.740+0000] {dag.py:3229} INFO - Sync 3 DAGs
[2024-09-06T14:23:16.762+0000] {logging_mixin.py:190} INFO - [2024-09-06T14:23:16.762+0000] {dag.py:4156} INFO - Setting next_dagrun for example_subdag_operator to 2022-01-01 00:00:00+00:00, run_after=2022-01-01 00:00:00+00:00
[2024-09-06T14:23:16.766+0000] {logging_mixin.py:190} INFO - [2024-09-06T14:23:16.766+0000] {dag.py:4156} INFO - Setting next_dagrun for example_subdag_operator.section-1 to None, run_after=None
[2024-09-06T14:23:16.768+0000] {logging_mixin.py:190} INFO - [2024-09-06T14:23:16.768+0000] {dag.py:4156} INFO - Setting next_dagrun for example_subdag_operator.section-2 to None, run_after=None
[2024-09-06T14:23:16.775+0000] {logging_mixin.py:190} INFO - [2024-09-06T14:23:16.775+0000] {dag.py:3229} INFO - Sync 2 DAGs
[2024-09-06T14:23:16.780+0000] {logging_mixin.py:190} INFO - [2024-09-06T14:23:16.780+0000] {dag.py:4156} INFO - Setting next_dagrun for example_subdag_operator.section-1 to None, run_after=None
[2024-09-06T14:23:16.781+0000] {logging_mixin.py:190} INFO - [2024-09-06T14:23:16.781+0000] {dag.py:4156} INFO - Setting next_dagrun for example_subdag_operator.section-2 to None, run_after=None
[2024-09-06T14:23:16.790+0000] {processor.py:208} INFO - Processing /home/airflow/.local/lib/python3.12/site-packages/airflow/example_dags/example_subdag_operator.py took 0.093 seconds
[2024-09-06T14:23:47.146+0000] {processor.py:186} INFO - Started process (PID=285) to work on /home/airflow/.local/lib/python3.12/site-packages/airflow/example_dags/example_subdag_operator.py
[2024-09-06T14:23:47.147+0000] {processor.py:914} INFO - Processing file /home/airflow/.local/lib/python3.12/site-packages/airflow/example_dags/example_subdag_operator.py for tasks to queue
[2024-09-06T14:23:47.150+0000] {logging_mixin.py:190} INFO - [2024-09-06T14:23:47.149+0000] {dagbag.py:587} INFO - Filling up the DagBag from /home/airflow/.local/lib/python3.12/site-packages/airflow/example_dags/example_subdag_operator.py
[2024-09-06T14:23:47.173+0000] {processor.py:925} INFO - DAG(s) 'example_subdag_operator.section-1', 'example_subdag_operator.section-2', 'example_subdag_operator' retrieved from /home/airflow/.local/lib/python3.12/site-packages/airflow/example_dags/example_subdag_operator.py
[2024-09-06T14:23:47.205+0000] {logging_mixin.py:190} INFO - [2024-09-06T14:23:47.205+0000] {dag.py:3229} INFO - Sync 3 DAGs
[2024-09-06T14:23:47.231+0000] {logging_mixin.py:190} INFO - [2024-09-06T14:23:47.231+0000] {dag.py:4156} INFO - Setting next_dagrun for example_subdag_operator to 2022-01-01 00:00:00+00:00, run_after=2022-01-01 00:00:00+00:00
[2024-09-06T14:23:47.235+0000] {logging_mixin.py:190} INFO - [2024-09-06T14:23:47.235+0000] {dag.py:4156} INFO - Setting next_dagrun for example_subdag_operator.section-1 to None, run_after=None
[2024-09-06T14:23:47.236+0000] {logging_mixin.py:190} INFO - [2024-09-06T14:23:47.236+0000] {dag.py:4156} INFO - Setting next_dagrun for example_subdag_operator.section-2 to None, run_after=None
[2024-09-06T14:23:47.246+0000] {logging_mixin.py:190} INFO - [2024-09-06T14:23:47.245+0000] {dag.py:3229} INFO - Sync 2 DAGs
[2024-09-06T14:23:47.263+0000] {logging_mixin.py:190} INFO - [2024-09-06T14:23:47.263+0000] {dag.py:4156} INFO - Setting next_dagrun for example_subdag_operator.section-1 to None, run_after=None
[2024-09-06T14:23:47.264+0000] {logging_mixin.py:190} INFO - [2024-09-06T14:23:47.264+0000] {dag.py:4156} INFO - Setting next_dagrun for example_subdag_operator.section-2 to None, run_after=None
[2024-09-06T14:23:47.275+0000] {processor.py:208} INFO - Processing /home/airflow/.local/lib/python3.12/site-packages/airflow/example_dags/example_subdag_operator.py took 0.134 seconds
[2024-09-06T14:24:17.525+0000] {processor.py:186} INFO - Started process (PID=347) to work on /home/airflow/.local/lib/python3.12/site-packages/airflow/example_dags/example_subdag_operator.py
[2024-09-06T14:24:17.526+0000] {processor.py:914} INFO - Processing file /home/airflow/.local/lib/python3.12/site-packages/airflow/example_dags/example_subdag_operator.py for tasks to queue
[2024-09-06T14:24:17.528+0000] {logging_mixin.py:190} INFO - [2024-09-06T14:24:17.528+0000] {dagbag.py:587} INFO - Filling up the DagBag from /home/airflow/.local/lib/python3.12/site-packages/airflow/example_dags/example_subdag_operator.py
[2024-09-06T14:24:17.550+0000] {processor.py:925} INFO - DAG(s) 'example_subdag_operator.section-1', 'example_subdag_operator.section-2', 'example_subdag_operator' retrieved from /home/airflow/.local/lib/python3.12/site-packages/airflow/example_dags/example_subdag_operator.py
[2024-09-06T14:24:17.563+0000] {logging_mixin.py:190} INFO - [2024-09-06T14:24:17.563+0000] {dag.py:3229} INFO - Sync 3 DAGs
[2024-09-06T14:24:17.583+0000] {logging_mixin.py:190} INFO - [2024-09-06T14:24:17.582+0000] {dag.py:4156} INFO - Setting next_dagrun for example_subdag_operator to 2022-01-01 00:00:00+00:00, run_after=2022-01-01 00:00:00+00:00
[2024-09-06T14:24:17.587+0000] {logging_mixin.py:190} INFO - [2024-09-06T14:24:17.587+0000] {dag.py:4156} INFO - Setting next_dagrun for example_subdag_operator.section-1 to None, run_after=None
[2024-09-06T14:24:17.589+0000] {logging_mixin.py:190} INFO - [2024-09-06T14:24:17.588+0000] {dag.py:4156} INFO - Setting next_dagrun for example_subdag_operator.section-2 to None, run_after=None
[2024-09-06T14:24:17.594+0000] {logging_mixin.py:190} INFO - [2024-09-06T14:24:17.594+0000] {dag.py:3229} INFO - Sync 2 DAGs
[2024-09-06T14:24:17.599+0000] {logging_mixin.py:190} INFO - [2024-09-06T14:24:17.599+0000] {dag.py:4156} INFO - Setting next_dagrun for example_subdag_operator.section-1 to None, run_after=None
[2024-09-06T14:24:17.599+0000] {logging_mixin.py:190} INFO - [2024-09-06T14:24:17.599+0000] {dag.py:4156} INFO - Setting next_dagrun for example_subdag_operator.section-2 to None, run_after=None
[2024-09-06T14:24:17.610+0000] {processor.py:208} INFO - Processing /home/airflow/.local/lib/python3.12/site-packages/airflow/example_dags/example_subdag_operator.py took 0.090 seconds
[2024-09-06T14:24:47.908+0000] {processor.py:186} INFO - Started process (PID=409) to work on /home/airflow/.local/lib/python3.12/site-packages/airflow/example_dags/example_subdag_operator.py
[2024-09-06T14:24:47.909+0000] {processor.py:914} INFO - Processing file /home/airflow/.local/lib/python3.12/site-packages/airflow/example_dags/example_subdag_operator.py for tasks to queue
[2024-09-06T14:24:47.912+0000] {logging_mixin.py:190} INFO - [2024-09-06T14:24:47.912+0000] {dagbag.py:587} INFO - Filling up the DagBag from /home/airflow/.local/lib/python3.12/site-packages/airflow/example_dags/example_subdag_operator.py
[2024-09-06T14:24:47.938+0000] {processor.py:925} INFO - DAG(s) 'example_subdag_operator.section-1', 'example_subdag_operator.section-2', 'example_subdag_operator' retrieved from /home/airflow/.local/lib/python3.12/site-packages/airflow/example_dags/example_subdag_operator.py
[2024-09-06T14:24:47.951+0000] {logging_mixin.py:190} INFO - [2024-09-06T14:24:47.951+0000] {dag.py:3229} INFO - Sync 3 DAGs
[2024-09-06T14:24:47.972+0000] {logging_mixin.py:190} INFO - [2024-09-06T14:24:47.972+0000] {dag.py:4156} INFO - Setting next_dagrun for example_subdag_operator to 2022-01-01 00:00:00+00:00, run_after=2022-01-01 00:00:00+00:00
[2024-09-06T14:24:47.976+0000] {logging_mixin.py:190} INFO - [2024-09-06T14:24:47.975+0000] {dag.py:4156} INFO - Setting next_dagrun for example_subdag_operator.section-1 to None, run_after=None
[2024-09-06T14:24:47.977+0000] {logging_mixin.py:190} INFO - [2024-09-06T14:24:47.977+0000] {dag.py:4156} INFO - Setting next_dagrun for example_subdag_operator.section-2 to None, run_after=None
[2024-09-06T14:24:47.983+0000] {logging_mixin.py:190} INFO - [2024-09-06T14:24:47.983+0000] {dag.py:3229} INFO - Sync 2 DAGs
[2024-09-06T14:24:47.987+0000] {logging_mixin.py:190} INFO - [2024-09-06T14:24:47.987+0000] {dag.py:4156} INFO - Setting next_dagrun for example_subdag_operator.section-1 to None, run_after=None
[2024-09-06T14:24:47.988+0000] {logging_mixin.py:190} INFO - [2024-09-06T14:24:47.987+0000] {dag.py:4156} INFO - Setting next_dagrun for example_subdag_operator.section-2 to None, run_after=None
[2024-09-06T14:24:47.996+0000] {processor.py:208} INFO - Processing /home/airflow/.local/lib/python3.12/site-packages/airflow/example_dags/example_subdag_operator.py took 0.099 seconds
[2024-09-06T14:25:18.195+0000] {processor.py:186} INFO - Started process (PID=472) to work on /home/airflow/.local/lib/python3.12/site-packages/airflow/example_dags/example_subdag_operator.py
[2024-09-06T14:25:18.196+0000] {processor.py:914} INFO - Processing file /home/airflow/.local/lib/python3.12/site-packages/airflow/example_dags/example_subdag_operator.py for tasks to queue
[2024-09-06T14:25:18.199+0000] {logging_mixin.py:190} INFO - [2024-09-06T14:25:18.199+0000] {dagbag.py:587} INFO - Filling up the DagBag from /home/airflow/.local/lib/python3.12/site-packages/airflow/example_dags/example_subdag_operator.py
[2024-09-06T14:25:18.220+0000] {processor.py:925} INFO - DAG(s) 'example_subdag_operator.section-1', 'example_subdag_operator.section-2', 'example_subdag_operator' retrieved from /home/airflow/.local/lib/python3.12/site-packages/airflow/example_dags/example_subdag_operator.py
[2024-09-06T14:25:18.231+0000] {logging_mixin.py:190} INFO - [2024-09-06T14:25:18.231+0000] {dag.py:3229} INFO - Sync 3 DAGs
[2024-09-06T14:25:18.251+0000] {logging_mixin.py:190} INFO - [2024-09-06T14:25:18.251+0000] {dag.py:4156} INFO - Setting next_dagrun for example_subdag_operator to 2022-01-01 00:00:00+00:00, run_after=2022-01-01 00:00:00+00:00
[2024-09-06T14:25:18.256+0000] {logging_mixin.py:190} INFO - [2024-09-06T14:25:18.256+0000] {dag.py:4156} INFO - Setting next_dagrun for example_subdag_operator.section-1 to None, run_after=None
[2024-09-06T14:25:18.257+0000] {logging_mixin.py:190} INFO - [2024-09-06T14:25:18.257+0000] {dag.py:4156} INFO - Setting next_dagrun for example_subdag_operator.section-2 to None, run_after=None
[2024-09-06T14:25:18.264+0000] {logging_mixin.py:190} INFO - [2024-09-06T14:25:18.264+0000] {dag.py:3229} INFO - Sync 2 DAGs
[2024-09-06T14:25:18.270+0000] {logging_mixin.py:190} INFO - [2024-09-06T14:25:18.269+0000] {dag.py:4156} INFO - Setting next_dagrun for example_subdag_operator.section-1 to None, run_after=None
[2024-09-06T14:25:18.270+0000] {logging_mixin.py:190} INFO - [2024-09-06T14:25:18.270+0000] {dag.py:4156} INFO - Setting next_dagrun for example_subdag_operator.section-2 to None, run_after=None
[2024-09-06T14:25:18.280+0000] {processor.py:208} INFO - Processing /home/airflow/.local/lib/python3.12/site-packages/airflow/example_dags/example_subdag_operator.py took 0.092 seconds
[2024-09-06T14:25:48.472+0000] {processor.py:186} INFO - Started process (PID=533) to work on /home/airflow/.local/lib/python3.12/site-packages/airflow/example_dags/example_subdag_operator.py
[2024-09-06T14:25:48.473+0000] {processor.py:914} INFO - Processing file /home/airflow/.local/lib/python3.12/site-packages/airflow/example_dags/example_subdag_operator.py for tasks to queue
[2024-09-06T14:25:48.475+0000] {logging_mixin.py:190} INFO - [2024-09-06T14:25:48.475+0000] {dagbag.py:587} INFO - Filling up the DagBag from /home/airflow/.local/lib/python3.12/site-packages/airflow/example_dags/example_subdag_operator.py
[2024-09-06T14:25:48.497+0000] {processor.py:925} INFO - DAG(s) 'example_subdag_operator.section-1', 'example_subdag_operator.section-2', 'example_subdag_operator' retrieved from /home/airflow/.local/lib/python3.12/site-packages/airflow/example_dags/example_subdag_operator.py
[2024-09-06T14:25:48.510+0000] {logging_mixin.py:190} INFO - [2024-09-06T14:25:48.510+0000] {dag.py:3229} INFO - Sync 3 DAGs
[2024-09-06T14:25:48.528+0000] {logging_mixin.py:190} INFO - [2024-09-06T14:25:48.528+0000] {dag.py:4156} INFO - Setting next_dagrun for example_subdag_operator to 2022-01-01 00:00:00+00:00, run_after=2022-01-01 00:00:00+00:00
[2024-09-06T14:25:48.531+0000] {logging_mixin.py:190} INFO - [2024-09-06T14:25:48.531+0000] {dag.py:4156} INFO - Setting next_dagrun for example_subdag_operator.section-1 to None, run_after=None
[2024-09-06T14:25:48.532+0000] {logging_mixin.py:190} INFO - [2024-09-06T14:25:48.532+0000] {dag.py:4156} INFO - Setting next_dagrun for example_subdag_operator.section-2 to None, run_after=None
[2024-09-06T14:25:48.538+0000] {logging_mixin.py:190} INFO - [2024-09-06T14:25:48.537+0000] {dag.py:3229} INFO - Sync 2 DAGs
[2024-09-06T14:25:48.542+0000] {logging_mixin.py:190} INFO - [2024-09-06T14:25:48.542+0000] {dag.py:4156} INFO - Setting next_dagrun for example_subdag_operator.section-1 to None, run_after=None
[2024-09-06T14:25:48.543+0000] {logging_mixin.py:190} INFO - [2024-09-06T14:25:48.543+0000] {dag.py:4156} INFO - Setting next_dagrun for example_subdag_operator.section-2 to None, run_after=None
[2024-09-06T14:25:48.554+0000] {processor.py:208} INFO - Processing /home/airflow/.local/lib/python3.12/site-packages/airflow/example_dags/example_subdag_operator.py took 0.087 seconds
[2024-09-06T14:26:18.712+0000] {processor.py:186} INFO - Started process (PID=595) to work on /home/airflow/.local/lib/python3.12/site-packages/airflow/example_dags/example_subdag_operator.py
[2024-09-06T14:26:18.713+0000] {processor.py:914} INFO - Processing file /home/airflow/.local/lib/python3.12/site-packages/airflow/example_dags/example_subdag_operator.py for tasks to queue
[2024-09-06T14:26:18.715+0000] {logging_mixin.py:190} INFO - [2024-09-06T14:26:18.715+0000] {dagbag.py:587} INFO - Filling up the DagBag from /home/airflow/.local/lib/python3.12/site-packages/airflow/example_dags/example_subdag_operator.py
[2024-09-06T14:26:18.737+0000] {processor.py:925} INFO - DAG(s) 'example_subdag_operator.section-1', 'example_subdag_operator.section-2', 'example_subdag_operator' retrieved from /home/airflow/.local/lib/python3.12/site-packages/airflow/example_dags/example_subdag_operator.py
[2024-09-06T14:26:18.752+0000] {logging_mixin.py:190} INFO - [2024-09-06T14:26:18.752+0000] {dag.py:3229} INFO - Sync 3 DAGs
[2024-09-06T14:26:18.770+0000] {logging_mixin.py:190} INFO - [2024-09-06T14:26:18.770+0000] {dag.py:4156} INFO - Setting next_dagrun for example_subdag_operator to 2022-01-01 00:00:00+00:00, run_after=2022-01-01 00:00:00+00:00
[2024-09-06T14:26:18.773+0000] {logging_mixin.py:190} INFO - [2024-09-06T14:26:18.773+0000] {dag.py:4156} INFO - Setting next_dagrun for example_subdag_operator.section-1 to None, run_after=None
[2024-09-06T14:26:18.775+0000] {logging_mixin.py:190} INFO - [2024-09-06T14:26:18.775+0000] {dag.py:4156} INFO - Setting next_dagrun for example_subdag_operator.section-2 to None, run_after=None
[2024-09-06T14:26:18.781+0000] {logging_mixin.py:190} INFO - [2024-09-06T14:26:18.781+0000] {dag.py:3229} INFO - Sync 2 DAGs
[2024-09-06T14:26:18.786+0000] {logging_mixin.py:190} INFO - [2024-09-06T14:26:18.785+0000] {dag.py:4156} INFO - Setting next_dagrun for example_subdag_operator.section-1 to None, run_after=None
[2024-09-06T14:26:18.786+0000] {logging_mixin.py:190} INFO - [2024-09-06T14:26:18.786+0000] {dag.py:4156} INFO - Setting next_dagrun for example_subdag_operator.section-2 to None, run_after=None
[2024-09-06T14:26:18.797+0000] {processor.py:208} INFO - Processing /home/airflow/.local/lib/python3.12/site-packages/airflow/example_dags/example_subdag_operator.py took 0.090 seconds
[2024-09-06T14:26:48.980+0000] {processor.py:186} INFO - Started process (PID=657) to work on /home/airflow/.local/lib/python3.12/site-packages/airflow/example_dags/example_subdag_operator.py
[2024-09-06T14:26:48.981+0000] {processor.py:914} INFO - Processing file /home/airflow/.local/lib/python3.12/site-packages/airflow/example_dags/example_subdag_operator.py for tasks to queue
[2024-09-06T14:26:48.983+0000] {logging_mixin.py:190} INFO - [2024-09-06T14:26:48.983+0000] {dagbag.py:587} INFO - Filling up the DagBag from /home/airflow/.local/lib/python3.12/site-packages/airflow/example_dags/example_subdag_operator.py
[2024-09-06T14:26:49.007+0000] {processor.py:925} INFO - DAG(s) 'example_subdag_operator.section-1', 'example_subdag_operator.section-2', 'example_subdag_operator' retrieved from /home/airflow/.local/lib/python3.12/site-packages/airflow/example_dags/example_subdag_operator.py
[2024-09-06T14:26:49.022+0000] {logging_mixin.py:190} INFO - [2024-09-06T14:26:49.022+0000] {dag.py:3229} INFO - Sync 3 DAGs
[2024-09-06T14:26:49.043+0000] {logging_mixin.py:190} INFO - [2024-09-06T14:26:49.043+0000] {dag.py:4156} INFO - Setting next_dagrun for example_subdag_operator to 2022-01-01 00:00:00+00:00, run_after=2022-01-01 00:00:00+00:00
[2024-09-06T14:26:49.047+0000] {logging_mixin.py:190} INFO - [2024-09-06T14:26:49.047+0000] {dag.py:4156} INFO - Setting next_dagrun for example_subdag_operator.section-1 to None, run_after=None
[2024-09-06T14:26:49.048+0000] {logging_mixin.py:190} INFO - [2024-09-06T14:26:49.048+0000] {dag.py:4156} INFO - Setting next_dagrun for example_subdag_operator.section-2 to None, run_after=None
[2024-09-06T14:26:49.054+0000] {logging_mixin.py:190} INFO - [2024-09-06T14:26:49.054+0000] {dag.py:3229} INFO - Sync 2 DAGs
[2024-09-06T14:26:49.058+0000] {logging_mixin.py:190} INFO - [2024-09-06T14:26:49.058+0000] {dag.py:4156} INFO - Setting next_dagrun for example_subdag_operator.section-1 to None, run_after=None
[2024-09-06T14:26:49.059+0000] {logging_mixin.py:190} INFO - [2024-09-06T14:26:49.059+0000] {dag.py:4156} INFO - Setting next_dagrun for example_subdag_operator.section-2 to None, run_after=None
[2024-09-06T14:26:49.068+0000] {processor.py:208} INFO - Processing /home/airflow/.local/lib/python3.12/site-packages/airflow/example_dags/example_subdag_operator.py took 0.093 seconds
[2024-09-06T14:27:19.277+0000] {processor.py:186} INFO - Started process (PID=719) to work on /home/airflow/.local/lib/python3.12/site-packages/airflow/example_dags/example_subdag_operator.py
[2024-09-06T14:27:19.279+0000] {processor.py:914} INFO - Processing file /home/airflow/.local/lib/python3.12/site-packages/airflow/example_dags/example_subdag_operator.py for tasks to queue
[2024-09-06T14:27:19.282+0000] {logging_mixin.py:190} INFO - [2024-09-06T14:27:19.281+0000] {dagbag.py:587} INFO - Filling up the DagBag from /home/airflow/.local/lib/python3.12/site-packages/airflow/example_dags/example_subdag_operator.py
[2024-09-06T14:27:19.309+0000] {processor.py:925} INFO - DAG(s) 'example_subdag_operator.section-1', 'example_subdag_operator.section-2', 'example_subdag_operator' retrieved from /home/airflow/.local/lib/python3.12/site-packages/airflow/example_dags/example_subdag_operator.py
[2024-09-06T14:27:19.328+0000] {logging_mixin.py:190} INFO - [2024-09-06T14:27:19.328+0000] {dag.py:3229} INFO - Sync 3 DAGs
[2024-09-06T14:27:19.350+0000] {logging_mixin.py:190} INFO - [2024-09-06T14:27:19.349+0000] {dag.py:4156} INFO - Setting next_dagrun for example_subdag_operator to 2022-01-01 00:00:00+00:00, run_after=2022-01-01 00:00:00+00:00
[2024-09-06T14:27:19.353+0000] {logging_mixin.py:190} INFO - [2024-09-06T14:27:19.353+0000] {dag.py:4156} INFO - Setting next_dagrun for example_subdag_operator.section-1 to None, run_after=None
[2024-09-06T14:27:19.355+0000] {logging_mixin.py:190} INFO - [2024-09-06T14:27:19.355+0000] {dag.py:4156} INFO - Setting next_dagrun for example_subdag_operator.section-2 to None, run_after=None
[2024-09-06T14:27:19.362+0000] {logging_mixin.py:190} INFO - [2024-09-06T14:27:19.362+0000] {dag.py:3229} INFO - Sync 2 DAGs
[2024-09-06T14:27:19.367+0000] {logging_mixin.py:190} INFO - [2024-09-06T14:27:19.367+0000] {dag.py:4156} INFO - Setting next_dagrun for example_subdag_operator.section-1 to None, run_after=None
[2024-09-06T14:27:19.368+0000] {logging_mixin.py:190} INFO - [2024-09-06T14:27:19.368+0000] {dag.py:4156} INFO - Setting next_dagrun for example_subdag_operator.section-2 to None, run_after=None
[2024-09-06T14:27:19.378+0000] {processor.py:208} INFO - Processing /home/airflow/.local/lib/python3.12/site-packages/airflow/example_dags/example_subdag_operator.py took 0.107 seconds
[2024-09-06T14:27:49.483+0000] {processor.py:186} INFO - Started process (PID=781) to work on /home/airflow/.local/lib/python3.12/site-packages/airflow/example_dags/example_subdag_operator.py
[2024-09-06T14:27:49.484+0000] {processor.py:914} INFO - Processing file /home/airflow/.local/lib/python3.12/site-packages/airflow/example_dags/example_subdag_operator.py for tasks to queue
[2024-09-06T14:27:49.486+0000] {logging_mixin.py:190} INFO - [2024-09-06T14:27:49.486+0000] {dagbag.py:587} INFO - Filling up the DagBag from /home/airflow/.local/lib/python3.12/site-packages/airflow/example_dags/example_subdag_operator.py
[2024-09-06T14:27:49.509+0000] {processor.py:925} INFO - DAG(s) 'example_subdag_operator.section-1', 'example_subdag_operator.section-2', 'example_subdag_operator' retrieved from /home/airflow/.local/lib/python3.12/site-packages/airflow/example_dags/example_subdag_operator.py
[2024-09-06T14:27:49.522+0000] {logging_mixin.py:190} INFO - [2024-09-06T14:27:49.522+0000] {dag.py:3229} INFO - Sync 3 DAGs
[2024-09-06T14:27:49.543+0000] {logging_mixin.py:190} INFO - [2024-09-06T14:27:49.542+0000] {dag.py:4156} INFO - Setting next_dagrun for example_subdag_operator to 2022-01-01 00:00:00+00:00, run_after=2022-01-01 00:00:00+00:00
[2024-09-06T14:27:49.546+0000] {logging_mixin.py:190} INFO - [2024-09-06T14:27:49.545+0000] {dag.py:4156} INFO - Setting next_dagrun for example_subdag_operator.section-1 to None, run_after=None
[2024-09-06T14:27:49.547+0000] {logging_mixin.py:190} INFO - [2024-09-06T14:27:49.547+0000] {dag.py:4156} INFO - Setting next_dagrun for example_subdag_operator.section-2 to None, run_after=None
[2024-09-06T14:27:49.552+0000] {logging_mixin.py:190} INFO - [2024-09-06T14:27:49.552+0000] {dag.py:3229} INFO - Sync 2 DAGs
[2024-09-06T14:27:49.556+0000] {logging_mixin.py:190} INFO - [2024-09-06T14:27:49.556+0000] {dag.py:4156} INFO - Setting next_dagrun for example_subdag_operator.section-1 to None, run_after=None
[2024-09-06T14:27:49.557+0000] {logging_mixin.py:190} INFO - [2024-09-06T14:27:49.557+0000] {dag.py:4156} INFO - Setting next_dagrun for example_subdag_operator.section-2 to None, run_after=None
[2024-09-06T14:27:49.565+0000] {processor.py:208} INFO - Processing /home/airflow/.local/lib/python3.12/site-packages/airflow/example_dags/example_subdag_operator.py took 0.089 seconds
[2024-09-06T14:28:19.762+0000] {processor.py:186} INFO - Started process (PID=843) to work on /home/airflow/.local/lib/python3.12/site-packages/airflow/example_dags/example_subdag_operator.py
[2024-09-06T14:28:19.763+0000] {processor.py:914} INFO - Processing file /home/airflow/.local/lib/python3.12/site-packages/airflow/example_dags/example_subdag_operator.py for tasks to queue
[2024-09-06T14:28:19.765+0000] {logging_mixin.py:190} INFO - [2024-09-06T14:28:19.765+0000] {dagbag.py:587} INFO - Filling up the DagBag from /home/airflow/.local/lib/python3.12/site-packages/airflow/example_dags/example_subdag_operator.py
[2024-09-06T14:28:19.787+0000] {processor.py:925} INFO - DAG(s) 'example_subdag_operator.section-1', 'example_subdag_operator.section-2', 'example_subdag_operator' retrieved from /home/airflow/.local/lib/python3.12/site-packages/airflow/example_dags/example_subdag_operator.py
[2024-09-06T14:28:19.800+0000] {logging_mixin.py:190} INFO - [2024-09-06T14:28:19.800+0000] {dag.py:3229} INFO - Sync 3 DAGs
[2024-09-06T14:28:19.818+0000] {logging_mixin.py:190} INFO - [2024-09-06T14:28:19.817+0000] {dag.py:4156} INFO - Setting next_dagrun for example_subdag_operator to 2022-01-01 00:00:00+00:00, run_after=2022-01-01 00:00:00+00:00
[2024-09-06T14:28:19.821+0000] {logging_mixin.py:190} INFO - [2024-09-06T14:28:19.821+0000] {dag.py:4156} INFO - Setting next_dagrun for example_subdag_operator.section-1 to None, run_after=None
[2024-09-06T14:28:19.823+0000] {logging_mixin.py:190} INFO - [2024-09-06T14:28:19.823+0000] {dag.py:4156} INFO - Setting next_dagrun for example_subdag_operator.section-2 to None, run_after=None
[2024-09-06T14:28:19.829+0000] {logging_mixin.py:190} INFO - [2024-09-06T14:28:19.828+0000] {dag.py:3229} INFO - Sync 2 DAGs
[2024-09-06T14:28:19.833+0000] {logging_mixin.py:190} INFO - [2024-09-06T14:28:19.833+0000] {dag.py:4156} INFO - Setting next_dagrun for example_subdag_operator.section-1 to None, run_after=None
[2024-09-06T14:28:19.834+0000] {logging_mixin.py:190} INFO - [2024-09-06T14:28:19.834+0000] {dag.py:4156} INFO - Setting next_dagrun for example_subdag_operator.section-2 to None, run_after=None
[2024-09-06T14:28:19.847+0000] {processor.py:208} INFO - Processing /home/airflow/.local/lib/python3.12/site-packages/airflow/example_dags/example_subdag_operator.py took 0.090 seconds
[2024-09-06T14:28:50.101+0000] {processor.py:186} INFO - Started process (PID=905) to work on /home/airflow/.local/lib/python3.12/site-packages/airflow/example_dags/example_subdag_operator.py
[2024-09-06T14:28:50.102+0000] {processor.py:914} INFO - Processing file /home/airflow/.local/lib/python3.12/site-packages/airflow/example_dags/example_subdag_operator.py for tasks to queue
[2024-09-06T14:28:50.104+0000] {logging_mixin.py:190} INFO - [2024-09-06T14:28:50.104+0000] {dagbag.py:587} INFO - Filling up the DagBag from /home/airflow/.local/lib/python3.12/site-packages/airflow/example_dags/example_subdag_operator.py
[2024-09-06T14:28:50.128+0000] {processor.py:925} INFO - DAG(s) 'example_subdag_operator.section-1', 'example_subdag_operator.section-2', 'example_subdag_operator' retrieved from /home/airflow/.local/lib/python3.12/site-packages/airflow/example_dags/example_subdag_operator.py
[2024-09-06T14:28:50.142+0000] {logging_mixin.py:190} INFO - [2024-09-06T14:28:50.142+0000] {dag.py:3229} INFO - Sync 3 DAGs
[2024-09-06T14:28:50.164+0000] {logging_mixin.py:190} INFO - [2024-09-06T14:28:50.163+0000] {dag.py:4156} INFO - Setting next_dagrun for example_subdag_operator to 2022-01-01 00:00:00+00:00, run_after=2022-01-01 00:00:00+00:00
[2024-09-06T14:28:50.168+0000] {logging_mixin.py:190} INFO - [2024-09-06T14:28:50.167+0000] {dag.py:4156} INFO - Setting next_dagrun for example_subdag_operator.section-1 to None, run_after=None
[2024-09-06T14:28:50.169+0000] {logging_mixin.py:190} INFO - [2024-09-06T14:28:50.169+0000] {dag.py:4156} INFO - Setting next_dagrun for example_subdag_operator.section-2 to None, run_after=None
[2024-09-06T14:28:50.175+0000] {logging_mixin.py:190} INFO - [2024-09-06T14:28:50.175+0000] {dag.py:3229} INFO - Sync 2 DAGs
[2024-09-06T14:28:50.180+0000] {logging_mixin.py:190} INFO - [2024-09-06T14:28:50.179+0000] {dag.py:4156} INFO - Setting next_dagrun for example_subdag_operator.section-1 to None, run_after=None
[2024-09-06T14:28:50.180+0000] {logging_mixin.py:190} INFO - [2024-09-06T14:28:50.180+0000] {dag.py:4156} INFO - Setting next_dagrun for example_subdag_operator.section-2 to None, run_after=None
[2024-09-06T14:28:50.191+0000] {processor.py:208} INFO - Processing /home/airflow/.local/lib/python3.12/site-packages/airflow/example_dags/example_subdag_operator.py took 0.095 seconds
[2024-09-06T14:29:21.111+0000] {processor.py:186} INFO - Started process (PID=967) to work on /home/airflow/.local/lib/python3.12/site-packages/airflow/example_dags/example_subdag_operator.py
[2024-09-06T14:29:21.111+0000] {processor.py:914} INFO - Processing file /home/airflow/.local/lib/python3.12/site-packages/airflow/example_dags/example_subdag_operator.py for tasks to queue
[2024-09-06T14:29:21.114+0000] {logging_mixin.py:190} INFO - [2024-09-06T14:29:21.113+0000] {dagbag.py:587} INFO - Filling up the DagBag from /home/airflow/.local/lib/python3.12/site-packages/airflow/example_dags/example_subdag_operator.py
[2024-09-06T14:29:21.134+0000] {processor.py:925} INFO - DAG(s) 'example_subdag_operator.section-1', 'example_subdag_operator.section-2', 'example_subdag_operator' retrieved from /home/airflow/.local/lib/python3.12/site-packages/airflow/example_dags/example_subdag_operator.py
[2024-09-06T14:29:21.147+0000] {logging_mixin.py:190} INFO - [2024-09-06T14:29:21.147+0000] {dag.py:3229} INFO - Sync 3 DAGs
[2024-09-06T14:29:21.165+0000] {logging_mixin.py:190} INFO - [2024-09-06T14:29:21.165+0000] {dag.py:4156} INFO - Setting next_dagrun for example_subdag_operator to 2022-01-01 00:00:00+00:00, run_after=2022-01-01 00:00:00+00:00
[2024-09-06T14:29:21.169+0000] {logging_mixin.py:190} INFO - [2024-09-06T14:29:21.168+0000] {dag.py:4156} INFO - Setting next_dagrun for example_subdag_operator.section-1 to None, run_after=None
[2024-09-06T14:29:21.170+0000] {logging_mixin.py:190} INFO - [2024-09-06T14:29:21.169+0000] {dag.py:4156} INFO - Setting next_dagrun for example_subdag_operator.section-2 to None, run_after=None
[2024-09-06T14:29:21.175+0000] {logging_mixin.py:190} INFO - [2024-09-06T14:29:21.175+0000] {dag.py:3229} INFO - Sync 2 DAGs
[2024-09-06T14:29:21.181+0000] {logging_mixin.py:190} INFO - [2024-09-06T14:29:21.180+0000] {dag.py:4156} INFO - Setting next_dagrun for example_subdag_operator.section-1 to None, run_after=None
[2024-09-06T14:29:21.181+0000] {logging_mixin.py:190} INFO - [2024-09-06T14:29:21.181+0000] {dag.py:4156} INFO - Setting next_dagrun for example_subdag_operator.section-2 to None, run_after=None
[2024-09-06T14:29:21.191+0000] {processor.py:208} INFO - Processing /home/airflow/.local/lib/python3.12/site-packages/airflow/example_dags/example_subdag_operator.py took 0.085 seconds
[2024-09-06T14:29:51.977+0000] {processor.py:186} INFO - Started process (PID=1029) to work on /home/airflow/.local/lib/python3.12/site-packages/airflow/example_dags/example_subdag_operator.py
[2024-09-06T14:29:51.978+0000] {processor.py:914} INFO - Processing file /home/airflow/.local/lib/python3.12/site-packages/airflow/example_dags/example_subdag_operator.py for tasks to queue
[2024-09-06T14:29:51.980+0000] {logging_mixin.py:190} INFO - [2024-09-06T14:29:51.980+0000] {dagbag.py:587} INFO - Filling up the DagBag from /home/airflow/.local/lib/python3.12/site-packages/airflow/example_dags/example_subdag_operator.py
[2024-09-06T14:29:52.002+0000] {processor.py:925} INFO - DAG(s) 'example_subdag_operator.section-1', 'example_subdag_operator.section-2', 'example_subdag_operator' retrieved from /home/airflow/.local/lib/python3.12/site-packages/airflow/example_dags/example_subdag_operator.py
[2024-09-06T14:29:52.018+0000] {logging_mixin.py:190} INFO - [2024-09-06T14:29:52.017+0000] {dag.py:3229} INFO - Sync 3 DAGs
[2024-09-06T14:29:52.037+0000] {logging_mixin.py:190} INFO - [2024-09-06T14:29:52.037+0000] {dag.py:4156} INFO - Setting next_dagrun for example_subdag_operator to 2022-01-01 00:00:00+00:00, run_after=2022-01-01 00:00:00+00:00
[2024-09-06T14:29:52.041+0000] {logging_mixin.py:190} INFO - [2024-09-06T14:29:52.040+0000] {dag.py:4156} INFO - Setting next_dagrun for example_subdag_operator.section-1 to None, run_after=None
[2024-09-06T14:29:52.042+0000] {logging_mixin.py:190} INFO - [2024-09-06T14:29:52.042+0000] {dag.py:4156} INFO - Setting next_dagrun for example_subdag_operator.section-2 to None, run_after=None
[2024-09-06T14:29:52.048+0000] {logging_mixin.py:190} INFO - [2024-09-06T14:29:52.048+0000] {dag.py:3229} INFO - Sync 2 DAGs
[2024-09-06T14:29:52.052+0000] {logging_mixin.py:190} INFO - [2024-09-06T14:29:52.052+0000] {dag.py:4156} INFO - Setting next_dagrun for example_subdag_operator.section-1 to None, run_after=None
[2024-09-06T14:29:52.053+0000] {logging_mixin.py:190} INFO - [2024-09-06T14:29:52.053+0000] {dag.py:4156} INFO - Setting next_dagrun for example_subdag_operator.section-2 to None, run_after=None
[2024-09-06T14:29:52.064+0000] {processor.py:208} INFO - Processing /home/airflow/.local/lib/python3.12/site-packages/airflow/example_dags/example_subdag_operator.py took 0.092 seconds
[2024-09-06T14:30:22.194+0000] {processor.py:186} INFO - Started process (PID=1091) to work on /home/airflow/.local/lib/python3.12/site-packages/airflow/example_dags/example_subdag_operator.py
[2024-09-06T14:30:22.195+0000] {processor.py:914} INFO - Processing file /home/airflow/.local/lib/python3.12/site-packages/airflow/example_dags/example_subdag_operator.py for tasks to queue
[2024-09-06T14:30:22.197+0000] {logging_mixin.py:190} INFO - [2024-09-06T14:30:22.197+0000] {dagbag.py:587} INFO - Filling up the DagBag from /home/airflow/.local/lib/python3.12/site-packages/airflow/example_dags/example_subdag_operator.py
[2024-09-06T14:30:22.218+0000] {processor.py:925} INFO - DAG(s) 'example_subdag_operator.section-1', 'example_subdag_operator.section-2', 'example_subdag_operator' retrieved from /home/airflow/.local/lib/python3.12/site-packages/airflow/example_dags/example_subdag_operator.py
[2024-09-06T14:30:22.231+0000] {logging_mixin.py:190} INFO - [2024-09-06T14:30:22.231+0000] {dag.py:3229} INFO - Sync 3 DAGs
[2024-09-06T14:30:22.252+0000] {logging_mixin.py:190} INFO - [2024-09-06T14:30:22.251+0000] {dag.py:4156} INFO - Setting next_dagrun for example_subdag_operator to 2022-01-01 00:00:00+00:00, run_after=2022-01-01 00:00:00+00:00
[2024-09-06T14:30:22.255+0000] {logging_mixin.py:190} INFO - [2024-09-06T14:30:22.255+0000] {dag.py:4156} INFO - Setting next_dagrun for example_subdag_operator.section-1 to None, run_after=None
[2024-09-06T14:30:22.257+0000] {logging_mixin.py:190} INFO - [2024-09-06T14:30:22.257+0000] {dag.py:4156} INFO - Setting next_dagrun for example_subdag_operator.section-2 to None, run_after=None
[2024-09-06T14:30:22.263+0000] {logging_mixin.py:190} INFO - [2024-09-06T14:30:22.263+0000] {dag.py:3229} INFO - Sync 2 DAGs
[2024-09-06T14:30:22.269+0000] {logging_mixin.py:190} INFO - [2024-09-06T14:30:22.268+0000] {dag.py:4156} INFO - Setting next_dagrun for example_subdag_operator.section-1 to None, run_after=None
[2024-09-06T14:30:22.269+0000] {logging_mixin.py:190} INFO - [2024-09-06T14:30:22.269+0000] {dag.py:4156} INFO - Setting next_dagrun for example_subdag_operator.section-2 to None, run_after=None
[2024-09-06T14:30:22.280+0000] {processor.py:208} INFO - Processing /home/airflow/.local/lib/python3.12/site-packages/airflow/example_dags/example_subdag_operator.py took 0.091 seconds
[2024-09-06T14:30:52.370+0000] {processor.py:186} INFO - Started process (PID=1153) to work on /home/airflow/.local/lib/python3.12/site-packages/airflow/example_dags/example_subdag_operator.py
[2024-09-06T14:30:52.371+0000] {processor.py:914} INFO - Processing file /home/airflow/.local/lib/python3.12/site-packages/airflow/example_dags/example_subdag_operator.py for tasks to queue
[2024-09-06T14:30:52.372+0000] {logging_mixin.py:190} INFO - [2024-09-06T14:30:52.372+0000] {dagbag.py:587} INFO - Filling up the DagBag from /home/airflow/.local/lib/python3.12/site-packages/airflow/example_dags/example_subdag_operator.py
[2024-09-06T14:30:52.394+0000] {processor.py:925} INFO - DAG(s) 'example_subdag_operator.section-1', 'example_subdag_operator.section-2', 'example_subdag_operator' retrieved from /home/airflow/.local/lib/python3.12/site-packages/airflow/example_dags/example_subdag_operator.py
[2024-09-06T14:30:52.408+0000] {logging_mixin.py:190} INFO - [2024-09-06T14:30:52.408+0000] {dag.py:3229} INFO - Sync 3 DAGs
[2024-09-06T14:30:52.431+0000] {logging_mixin.py:190} INFO - [2024-09-06T14:30:52.431+0000] {dag.py:4156} INFO - Setting next_dagrun for example_subdag_operator to 2022-01-01 00:00:00+00:00, run_after=2022-01-01 00:00:00+00:00
[2024-09-06T14:30:52.434+0000] {logging_mixin.py:190} INFO - [2024-09-06T14:30:52.434+0000] {dag.py:4156} INFO - Setting next_dagrun for example_subdag_operator.section-1 to None, run_after=None
[2024-09-06T14:30:52.436+0000] {logging_mixin.py:190} INFO - [2024-09-06T14:30:52.436+0000] {dag.py:4156} INFO - Setting next_dagrun for example_subdag_operator.section-2 to None, run_after=None
[2024-09-06T14:30:52.442+0000] {logging_mixin.py:190} INFO - [2024-09-06T14:30:52.442+0000] {dag.py:3229} INFO - Sync 2 DAGs
[2024-09-06T14:30:52.447+0000] {logging_mixin.py:190} INFO - [2024-09-06T14:30:52.447+0000] {dag.py:4156} INFO - Setting next_dagrun for example_subdag_operator.section-1 to None, run_after=None
[2024-09-06T14:30:52.448+0000] {logging_mixin.py:190} INFO - [2024-09-06T14:30:52.447+0000] {dag.py:4156} INFO - Setting next_dagrun for example_subdag_operator.section-2 to None, run_after=None
[2024-09-06T14:30:52.461+0000] {processor.py:208} INFO - Processing /home/airflow/.local/lib/python3.12/site-packages/airflow/example_dags/example_subdag_operator.py took 0.096 seconds
[2024-09-06T14:31:23.172+0000] {processor.py:186} INFO - Started process (PID=1215) to work on /home/airflow/.local/lib/python3.12/site-packages/airflow/example_dags/example_subdag_operator.py
[2024-09-06T14:31:23.173+0000] {processor.py:914} INFO - Processing file /home/airflow/.local/lib/python3.12/site-packages/airflow/example_dags/example_subdag_operator.py for tasks to queue
[2024-09-06T14:31:23.175+0000] {logging_mixin.py:190} INFO - [2024-09-06T14:31:23.175+0000] {dagbag.py:587} INFO - Filling up the DagBag from /home/airflow/.local/lib/python3.12/site-packages/airflow/example_dags/example_subdag_operator.py
[2024-09-06T14:31:23.202+0000] {processor.py:925} INFO - DAG(s) 'example_subdag_operator.section-1', 'example_subdag_operator.section-2', 'example_subdag_operator' retrieved from /home/airflow/.local/lib/python3.12/site-packages/airflow/example_dags/example_subdag_operator.py
[2024-09-06T14:31:23.220+0000] {logging_mixin.py:190} INFO - [2024-09-06T14:31:23.220+0000] {dag.py:3229} INFO - Sync 3 DAGs
[2024-09-06T14:31:23.245+0000] {logging_mixin.py:190} INFO - [2024-09-06T14:31:23.245+0000] {dag.py:4156} INFO - Setting next_dagrun for example_subdag_operator to 2022-01-01 00:00:00+00:00, run_after=2022-01-01 00:00:00+00:00
[2024-09-06T14:31:23.254+0000] {logging_mixin.py:190} INFO - [2024-09-06T14:31:23.254+0000] {dag.py:4156} INFO - Setting next_dagrun for example_subdag_operator.section-1 to None, run_after=None
[2024-09-06T14:31:23.256+0000] {logging_mixin.py:190} INFO - [2024-09-06T14:31:23.256+0000] {dag.py:4156} INFO - Setting next_dagrun for example_subdag_operator.section-2 to None, run_after=None
[2024-09-06T14:31:23.263+0000] {logging_mixin.py:190} INFO - [2024-09-06T14:31:23.263+0000] {dag.py:3229} INFO - Sync 2 DAGs
[2024-09-06T14:31:23.271+0000] {logging_mixin.py:190} INFO - [2024-09-06T14:31:23.271+0000] {dag.py:4156} INFO - Setting next_dagrun for example_subdag_operator.section-1 to None, run_after=None
[2024-09-06T14:31:23.272+0000] {logging_mixin.py:190} INFO - [2024-09-06T14:31:23.272+0000] {dag.py:4156} INFO - Setting next_dagrun for example_subdag_operator.section-2 to None, run_after=None
[2024-09-06T14:31:23.285+0000] {processor.py:208} INFO - Processing /home/airflow/.local/lib/python3.12/site-packages/airflow/example_dags/example_subdag_operator.py took 0.119 seconds
[2024-09-06T14:31:53.744+0000] {processor.py:186} INFO - Started process (PID=1277) to work on /home/airflow/.local/lib/python3.12/site-packages/airflow/example_dags/example_subdag_operator.py
[2024-09-06T14:31:53.745+0000] {processor.py:914} INFO - Processing file /home/airflow/.local/lib/python3.12/site-packages/airflow/example_dags/example_subdag_operator.py for tasks to queue
[2024-09-06T14:31:53.747+0000] {logging_mixin.py:190} INFO - [2024-09-06T14:31:53.747+0000] {dagbag.py:587} INFO - Filling up the DagBag from /home/airflow/.local/lib/python3.12/site-packages/airflow/example_dags/example_subdag_operator.py
[2024-09-06T14:31:53.768+0000] {processor.py:925} INFO - DAG(s) 'example_subdag_operator.section-1', 'example_subdag_operator.section-2', 'example_subdag_operator' retrieved from /home/airflow/.local/lib/python3.12/site-packages/airflow/example_dags/example_subdag_operator.py
[2024-09-06T14:31:53.782+0000] {logging_mixin.py:190} INFO - [2024-09-06T14:31:53.782+0000] {dag.py:3229} INFO - Sync 3 DAGs
[2024-09-06T14:31:53.801+0000] {logging_mixin.py:190} INFO - [2024-09-06T14:31:53.801+0000] {dag.py:4156} INFO - Setting next_dagrun for example_subdag_operator to 2022-01-01 00:00:00+00:00, run_after=2022-01-01 00:00:00+00:00
[2024-09-06T14:31:53.804+0000] {logging_mixin.py:190} INFO - [2024-09-06T14:31:53.804+0000] {dag.py:4156} INFO - Setting next_dagrun for example_subdag_operator.section-1 to None, run_after=None
[2024-09-06T14:31:53.805+0000] {logging_mixin.py:190} INFO - [2024-09-06T14:31:53.805+0000] {dag.py:4156} INFO - Setting next_dagrun for example_subdag_operator.section-2 to None, run_after=None
[2024-09-06T14:31:53.811+0000] {logging_mixin.py:190} INFO - [2024-09-06T14:31:53.810+0000] {dag.py:3229} INFO - Sync 2 DAGs
[2024-09-06T14:31:53.815+0000] {logging_mixin.py:190} INFO - [2024-09-06T14:31:53.815+0000] {dag.py:4156} INFO - Setting next_dagrun for example_subdag_operator.section-1 to None, run_after=None
[2024-09-06T14:31:53.815+0000] {logging_mixin.py:190} INFO - [2024-09-06T14:31:53.815+0000] {dag.py:4156} INFO - Setting next_dagrun for example_subdag_operator.section-2 to None, run_after=None
[2024-09-06T14:31:53.824+0000] {processor.py:208} INFO - Processing /home/airflow/.local/lib/python3.12/site-packages/airflow/example_dags/example_subdag_operator.py took 0.085 seconds
[2024-09-06T14:32:24.278+0000] {processor.py:186} INFO - Started process (PID=1339) to work on /home/airflow/.local/lib/python3.12/site-packages/airflow/example_dags/example_subdag_operator.py
[2024-09-06T14:32:24.279+0000] {processor.py:914} INFO - Processing file /home/airflow/.local/lib/python3.12/site-packages/airflow/example_dags/example_subdag_operator.py for tasks to queue
[2024-09-06T14:32:24.281+0000] {logging_mixin.py:190} INFO - [2024-09-06T14:32:24.281+0000] {dagbag.py:587} INFO - Filling up the DagBag from /home/airflow/.local/lib/python3.12/site-packages/airflow/example_dags/example_subdag_operator.py
[2024-09-06T14:32:24.305+0000] {processor.py:925} INFO - DAG(s) 'example_subdag_operator.section-1', 'example_subdag_operator.section-2', 'example_subdag_operator' retrieved from /home/airflow/.local/lib/python3.12/site-packages/airflow/example_dags/example_subdag_operator.py
[2024-09-06T14:32:24.319+0000] {logging_mixin.py:190} INFO - [2024-09-06T14:32:24.318+0000] {dag.py:3229} INFO - Sync 3 DAGs
[2024-09-06T14:32:24.339+0000] {logging_mixin.py:190} INFO - [2024-09-06T14:32:24.338+0000] {dag.py:4156} INFO - Setting next_dagrun for example_subdag_operator to 2022-01-01 00:00:00+00:00, run_after=2022-01-01 00:00:00+00:00
[2024-09-06T14:32:24.342+0000] {logging_mixin.py:190} INFO - [2024-09-06T14:32:24.341+0000] {dag.py:4156} INFO - Setting next_dagrun for example_subdag_operator.section-1 to None, run_after=None
[2024-09-06T14:32:24.343+0000] {logging_mixin.py:190} INFO - [2024-09-06T14:32:24.343+0000] {dag.py:4156} INFO - Setting next_dagrun for example_subdag_operator.section-2 to None, run_after=None
[2024-09-06T14:32:24.349+0000] {logging_mixin.py:190} INFO - [2024-09-06T14:32:24.349+0000] {dag.py:3229} INFO - Sync 2 DAGs
[2024-09-06T14:32:24.354+0000] {logging_mixin.py:190} INFO - [2024-09-06T14:32:24.354+0000] {dag.py:4156} INFO - Setting next_dagrun for example_subdag_operator.section-1 to None, run_after=None
[2024-09-06T14:32:24.354+0000] {logging_mixin.py:190} INFO - [2024-09-06T14:32:24.354+0000] {dag.py:4156} INFO - Setting next_dagrun for example_subdag_operator.section-2 to None, run_after=None
[2024-09-06T14:32:24.369+0000] {processor.py:208} INFO - Processing /home/airflow/.local/lib/python3.12/site-packages/airflow/example_dags/example_subdag_operator.py took 0.095 seconds
[2024-09-06T14:32:54.860+0000] {processor.py:186} INFO - Started process (PID=1401) to work on /home/airflow/.local/lib/python3.12/site-packages/airflow/example_dags/example_subdag_operator.py
[2024-09-06T14:32:54.860+0000] {processor.py:914} INFO - Processing file /home/airflow/.local/lib/python3.12/site-packages/airflow/example_dags/example_subdag_operator.py for tasks to queue
[2024-09-06T14:32:54.863+0000] {logging_mixin.py:190} INFO - [2024-09-06T14:32:54.862+0000] {dagbag.py:587} INFO - Filling up the DagBag from /home/airflow/.local/lib/python3.12/site-packages/airflow/example_dags/example_subdag_operator.py
[2024-09-06T14:32:54.889+0000] {processor.py:925} INFO - DAG(s) 'example_subdag_operator.section-1', 'example_subdag_operator.section-2', 'example_subdag_operator' retrieved from /home/airflow/.local/lib/python3.12/site-packages/airflow/example_dags/example_subdag_operator.py
[2024-09-06T14:32:54.909+0000] {logging_mixin.py:190} INFO - [2024-09-06T14:32:54.908+0000] {dag.py:3229} INFO - Sync 3 DAGs
[2024-09-06T14:32:54.938+0000] {logging_mixin.py:190} INFO - [2024-09-06T14:32:54.938+0000] {dag.py:4156} INFO - Setting next_dagrun for example_subdag_operator to 2022-01-01 00:00:00+00:00, run_after=2022-01-01 00:00:00+00:00
[2024-09-06T14:32:54.943+0000] {logging_mixin.py:190} INFO - [2024-09-06T14:32:54.942+0000] {dag.py:4156} INFO - Setting next_dagrun for example_subdag_operator.section-1 to None, run_after=None
[2024-09-06T14:32:54.944+0000] {logging_mixin.py:190} INFO - [2024-09-06T14:32:54.944+0000] {dag.py:4156} INFO - Setting next_dagrun for example_subdag_operator.section-2 to None, run_after=None
[2024-09-06T14:32:54.952+0000] {logging_mixin.py:190} INFO - [2024-09-06T14:32:54.952+0000] {dag.py:3229} INFO - Sync 2 DAGs
[2024-09-06T14:32:54.958+0000] {logging_mixin.py:190} INFO - [2024-09-06T14:32:54.957+0000] {dag.py:4156} INFO - Setting next_dagrun for example_subdag_operator.section-1 to None, run_after=None
[2024-09-06T14:32:54.958+0000] {logging_mixin.py:190} INFO - [2024-09-06T14:32:54.958+0000] {dag.py:4156} INFO - Setting next_dagrun for example_subdag_operator.section-2 to None, run_after=None
[2024-09-06T14:32:54.971+0000] {processor.py:208} INFO - Processing /home/airflow/.local/lib/python3.12/site-packages/airflow/example_dags/example_subdag_operator.py took 0.117 seconds
[2024-09-06T14:33:25.414+0000] {processor.py:186} INFO - Started process (PID=1463) to work on /home/airflow/.local/lib/python3.12/site-packages/airflow/example_dags/example_subdag_operator.py
[2024-09-06T14:33:25.415+0000] {processor.py:914} INFO - Processing file /home/airflow/.local/lib/python3.12/site-packages/airflow/example_dags/example_subdag_operator.py for tasks to queue
[2024-09-06T14:33:25.418+0000] {logging_mixin.py:190} INFO - [2024-09-06T14:33:25.418+0000] {dagbag.py:587} INFO - Filling up the DagBag from /home/airflow/.local/lib/python3.12/site-packages/airflow/example_dags/example_subdag_operator.py
[2024-09-06T14:33:25.441+0000] {processor.py:925} INFO - DAG(s) 'example_subdag_operator.section-1', 'example_subdag_operator.section-2', 'example_subdag_operator' retrieved from /home/airflow/.local/lib/python3.12/site-packages/airflow/example_dags/example_subdag_operator.py
[2024-09-06T14:33:25.456+0000] {logging_mixin.py:190} INFO - [2024-09-06T14:33:25.456+0000] {dag.py:3229} INFO - Sync 3 DAGs
[2024-09-06T14:33:25.477+0000] {logging_mixin.py:190} INFO - [2024-09-06T14:33:25.477+0000] {dag.py:4156} INFO - Setting next_dagrun for example_subdag_operator to 2022-01-01 00:00:00+00:00, run_after=2022-01-01 00:00:00+00:00
[2024-09-06T14:33:25.481+0000] {logging_mixin.py:190} INFO - [2024-09-06T14:33:25.480+0000] {dag.py:4156} INFO - Setting next_dagrun for example_subdag_operator.section-1 to None, run_after=None
[2024-09-06T14:33:25.482+0000] {logging_mixin.py:190} INFO - [2024-09-06T14:33:25.482+0000] {dag.py:4156} INFO - Setting next_dagrun for example_subdag_operator.section-2 to None, run_after=None
[2024-09-06T14:33:25.490+0000] {logging_mixin.py:190} INFO - [2024-09-06T14:33:25.490+0000] {dag.py:3229} INFO - Sync 2 DAGs
[2024-09-06T14:33:25.495+0000] {logging_mixin.py:190} INFO - [2024-09-06T14:33:25.495+0000] {dag.py:4156} INFO - Setting next_dagrun for example_subdag_operator.section-1 to None, run_after=None
[2024-09-06T14:33:25.495+0000] {logging_mixin.py:190} INFO - [2024-09-06T14:33:25.495+0000] {dag.py:4156} INFO - Setting next_dagrun for example_subdag_operator.section-2 to None, run_after=None
[2024-09-06T14:33:25.511+0000] {processor.py:208} INFO - Processing /home/airflow/.local/lib/python3.12/site-packages/airflow/example_dags/example_subdag_operator.py took 0.102 seconds
