[2024-09-06T14:22:18.018+0000] {processor.py:186} INFO - Started process (PID=109) to work on /home/airflow/.local/lib/python3.12/site-packages/airflow/example_dags/example_python_operator.py
[2024-09-06T14:22:18.019+0000] {processor.py:914} INFO - Processing file /home/airflow/.local/lib/python3.12/site-packages/airflow/example_dags/example_python_operator.py for tasks to queue
[2024-09-06T14:22:18.022+0000] {logging_mixin.py:190} INFO - [2024-09-06T14:22:18.022+0000] {dagbag.py:587} INFO - Filling up the DagBag from /home/airflow/.local/lib/python3.12/site-packages/airflow/example_dags/example_python_operator.py
[2024-09-06T14:22:18.039+0000] {processor.py:925} INFO - DAG(s) 'example_python_operator' retrieved from /home/airflow/.local/lib/python3.12/site-packages/airflow/example_dags/example_python_operator.py
[2024-09-06T14:22:18.193+0000] {logging_mixin.py:190} INFO - [2024-09-06T14:22:18.192+0000] {override.py:1900} INFO - Created Permission View: can read on DAG:example_python_operator
[2024-09-06T14:22:18.205+0000] {logging_mixin.py:190} INFO - [2024-09-06T14:22:18.205+0000] {override.py:1900} INFO - Created Permission View: can delete on DAG:example_python_operator
[2024-09-06T14:22:18.213+0000] {logging_mixin.py:190} INFO - [2024-09-06T14:22:18.212+0000] {override.py:1900} INFO - Created Permission View: can edit on DAG:example_python_operator
[2024-09-06T14:22:18.223+0000] {logging_mixin.py:190} INFO - [2024-09-06T14:22:18.222+0000] {override.py:1900} INFO - Created Permission View: can read on DAG Run:example_python_operator
[2024-09-06T14:22:18.231+0000] {logging_mixin.py:190} INFO - [2024-09-06T14:22:18.230+0000] {override.py:1900} INFO - Created Permission View: can delete on DAG Run:example_python_operator
[2024-09-06T14:22:18.238+0000] {logging_mixin.py:190} INFO - [2024-09-06T14:22:18.238+0000] {override.py:1900} INFO - Created Permission View: menu access on DAG Run:example_python_operator
[2024-09-06T14:22:18.246+0000] {logging_mixin.py:190} INFO - [2024-09-06T14:22:18.246+0000] {override.py:1900} INFO - Created Permission View: can create on DAG Run:example_python_operator
[2024-09-06T14:22:18.247+0000] {logging_mixin.py:190} INFO - [2024-09-06T14:22:18.247+0000] {dag.py:3229} INFO - Sync 1 DAGs
[2024-09-06T14:22:18.263+0000] {logging_mixin.py:190} INFO - [2024-09-06T14:22:18.263+0000] {dag.py:3252} INFO - Creating ORM DAG for example_python_operator
[2024-09-06T14:22:18.264+0000] {logging_mixin.py:190} INFO - [2024-09-06T14:22:18.264+0000] {dag.py:4156} INFO - Setting next_dagrun for example_python_operator to None, run_after=None
[2024-09-06T14:22:18.287+0000] {processor.py:208} INFO - Processing /home/airflow/.local/lib/python3.12/site-packages/airflow/example_dags/example_python_operator.py took 0.275 seconds
[2024-09-06T14:22:48.917+0000] {processor.py:186} INFO - Started process (PID=171) to work on /home/airflow/.local/lib/python3.12/site-packages/airflow/example_dags/example_python_operator.py
[2024-09-06T14:22:48.918+0000] {processor.py:914} INFO - Processing file /home/airflow/.local/lib/python3.12/site-packages/airflow/example_dags/example_python_operator.py for tasks to queue
[2024-09-06T14:22:48.920+0000] {logging_mixin.py:190} INFO - [2024-09-06T14:22:48.920+0000] {dagbag.py:587} INFO - Filling up the DagBag from /home/airflow/.local/lib/python3.12/site-packages/airflow/example_dags/example_python_operator.py
[2024-09-06T14:22:48.930+0000] {processor.py:925} INFO - DAG(s) 'example_python_operator' retrieved from /home/airflow/.local/lib/python3.12/site-packages/airflow/example_dags/example_python_operator.py
[2024-09-06T14:22:48.950+0000] {logging_mixin.py:190} INFO - [2024-09-06T14:22:48.950+0000] {dag.py:3229} INFO - Sync 1 DAGs
[2024-09-06T14:22:48.962+0000] {logging_mixin.py:190} INFO - [2024-09-06T14:22:48.961+0000] {dag.py:4156} INFO - Setting next_dagrun for example_python_operator to None, run_after=None
[2024-09-06T14:22:48.978+0000] {processor.py:208} INFO - Processing /home/airflow/.local/lib/python3.12/site-packages/airflow/example_dags/example_python_operator.py took 0.066 seconds
[2024-09-06T14:23:19.238+0000] {processor.py:186} INFO - Started process (PID=233) to work on /home/airflow/.local/lib/python3.12/site-packages/airflow/example_dags/example_python_operator.py
[2024-09-06T14:23:19.238+0000] {processor.py:914} INFO - Processing file /home/airflow/.local/lib/python3.12/site-packages/airflow/example_dags/example_python_operator.py for tasks to queue
[2024-09-06T14:23:19.240+0000] {logging_mixin.py:190} INFO - [2024-09-06T14:23:19.240+0000] {dagbag.py:587} INFO - Filling up the DagBag from /home/airflow/.local/lib/python3.12/site-packages/airflow/example_dags/example_python_operator.py
[2024-09-06T14:23:19.250+0000] {processor.py:925} INFO - DAG(s) 'example_python_operator' retrieved from /home/airflow/.local/lib/python3.12/site-packages/airflow/example_dags/example_python_operator.py
[2024-09-06T14:23:19.275+0000] {logging_mixin.py:190} INFO - [2024-09-06T14:23:19.275+0000] {dag.py:3229} INFO - Sync 1 DAGs
[2024-09-06T14:23:19.289+0000] {logging_mixin.py:190} INFO - [2024-09-06T14:23:19.289+0000] {dag.py:4156} INFO - Setting next_dagrun for example_python_operator to None, run_after=None
[2024-09-06T14:23:19.306+0000] {processor.py:208} INFO - Processing /home/airflow/.local/lib/python3.12/site-packages/airflow/example_dags/example_python_operator.py took 0.074 seconds
[2024-09-06T14:23:49.773+0000] {processor.py:186} INFO - Started process (PID=295) to work on /home/airflow/.local/lib/python3.12/site-packages/airflow/example_dags/example_python_operator.py
[2024-09-06T14:23:49.774+0000] {processor.py:914} INFO - Processing file /home/airflow/.local/lib/python3.12/site-packages/airflow/example_dags/example_python_operator.py for tasks to queue
[2024-09-06T14:23:49.776+0000] {logging_mixin.py:190} INFO - [2024-09-06T14:23:49.776+0000] {dagbag.py:587} INFO - Filling up the DagBag from /home/airflow/.local/lib/python3.12/site-packages/airflow/example_dags/example_python_operator.py
[2024-09-06T14:23:49.786+0000] {processor.py:925} INFO - DAG(s) 'example_python_operator' retrieved from /home/airflow/.local/lib/python3.12/site-packages/airflow/example_dags/example_python_operator.py
[2024-09-06T14:23:49.804+0000] {logging_mixin.py:190} INFO - [2024-09-06T14:23:49.803+0000] {dag.py:3229} INFO - Sync 1 DAGs
[2024-09-06T14:23:49.815+0000] {logging_mixin.py:190} INFO - [2024-09-06T14:23:49.815+0000] {dag.py:4156} INFO - Setting next_dagrun for example_python_operator to None, run_after=None
[2024-09-06T14:23:49.832+0000] {processor.py:208} INFO - Processing /home/airflow/.local/lib/python3.12/site-packages/airflow/example_dags/example_python_operator.py took 0.064 seconds
[2024-09-06T14:24:20.027+0000] {processor.py:186} INFO - Started process (PID=357) to work on /home/airflow/.local/lib/python3.12/site-packages/airflow/example_dags/example_python_operator.py
[2024-09-06T14:24:20.028+0000] {processor.py:914} INFO - Processing file /home/airflow/.local/lib/python3.12/site-packages/airflow/example_dags/example_python_operator.py for tasks to queue
[2024-09-06T14:24:20.031+0000] {logging_mixin.py:190} INFO - [2024-09-06T14:24:20.030+0000] {dagbag.py:587} INFO - Filling up the DagBag from /home/airflow/.local/lib/python3.12/site-packages/airflow/example_dags/example_python_operator.py
[2024-09-06T14:24:20.048+0000] {processor.py:925} INFO - DAG(s) 'example_python_operator' retrieved from /home/airflow/.local/lib/python3.12/site-packages/airflow/example_dags/example_python_operator.py
[2024-09-06T14:24:20.077+0000] {logging_mixin.py:190} INFO - [2024-09-06T14:24:20.076+0000] {dag.py:3229} INFO - Sync 1 DAGs
[2024-09-06T14:24:20.097+0000] {logging_mixin.py:190} INFO - [2024-09-06T14:24:20.096+0000] {dag.py:4156} INFO - Setting next_dagrun for example_python_operator to None, run_after=None
[2024-09-06T14:24:20.117+0000] {processor.py:208} INFO - Processing /home/airflow/.local/lib/python3.12/site-packages/airflow/example_dags/example_python_operator.py took 0.095 seconds
[2024-09-06T14:24:50.380+0000] {processor.py:186} INFO - Started process (PID=419) to work on /home/airflow/.local/lib/python3.12/site-packages/airflow/example_dags/example_python_operator.py
[2024-09-06T14:24:50.381+0000] {processor.py:914} INFO - Processing file /home/airflow/.local/lib/python3.12/site-packages/airflow/example_dags/example_python_operator.py for tasks to queue
[2024-09-06T14:24:50.383+0000] {logging_mixin.py:190} INFO - [2024-09-06T14:24:50.383+0000] {dagbag.py:587} INFO - Filling up the DagBag from /home/airflow/.local/lib/python3.12/site-packages/airflow/example_dags/example_python_operator.py
[2024-09-06T14:24:50.392+0000] {processor.py:925} INFO - DAG(s) 'example_python_operator' retrieved from /home/airflow/.local/lib/python3.12/site-packages/airflow/example_dags/example_python_operator.py
[2024-09-06T14:24:50.417+0000] {logging_mixin.py:190} INFO - [2024-09-06T14:24:50.417+0000] {dag.py:3229} INFO - Sync 1 DAGs
[2024-09-06T14:24:50.432+0000] {logging_mixin.py:190} INFO - [2024-09-06T14:24:50.431+0000] {dag.py:4156} INFO - Setting next_dagrun for example_python_operator to None, run_after=None
[2024-09-06T14:24:50.452+0000] {processor.py:208} INFO - Processing /home/airflow/.local/lib/python3.12/site-packages/airflow/example_dags/example_python_operator.py took 0.078 seconds
[2024-09-06T14:25:20.804+0000] {processor.py:186} INFO - Started process (PID=482) to work on /home/airflow/.local/lib/python3.12/site-packages/airflow/example_dags/example_python_operator.py
[2024-09-06T14:25:20.805+0000] {processor.py:914} INFO - Processing file /home/airflow/.local/lib/python3.12/site-packages/airflow/example_dags/example_python_operator.py for tasks to queue
[2024-09-06T14:25:20.808+0000] {logging_mixin.py:190} INFO - [2024-09-06T14:25:20.807+0000] {dagbag.py:587} INFO - Filling up the DagBag from /home/airflow/.local/lib/python3.12/site-packages/airflow/example_dags/example_python_operator.py
[2024-09-06T14:25:20.817+0000] {processor.py:925} INFO - DAG(s) 'example_python_operator' retrieved from /home/airflow/.local/lib/python3.12/site-packages/airflow/example_dags/example_python_operator.py
[2024-09-06T14:25:20.837+0000] {logging_mixin.py:190} INFO - [2024-09-06T14:25:20.837+0000] {dag.py:3229} INFO - Sync 1 DAGs
[2024-09-06T14:25:20.851+0000] {logging_mixin.py:190} INFO - [2024-09-06T14:25:20.851+0000] {dag.py:4156} INFO - Setting next_dagrun for example_python_operator to None, run_after=None
[2024-09-06T14:25:20.873+0000] {processor.py:208} INFO - Processing /home/airflow/.local/lib/python3.12/site-packages/airflow/example_dags/example_python_operator.py took 0.074 seconds
[2024-09-06T14:25:51.026+0000] {processor.py:186} INFO - Started process (PID=543) to work on /home/airflow/.local/lib/python3.12/site-packages/airflow/example_dags/example_python_operator.py
[2024-09-06T14:25:51.027+0000] {processor.py:914} INFO - Processing file /home/airflow/.local/lib/python3.12/site-packages/airflow/example_dags/example_python_operator.py for tasks to queue
[2024-09-06T14:25:51.029+0000] {logging_mixin.py:190} INFO - [2024-09-06T14:25:51.029+0000] {dagbag.py:587} INFO - Filling up the DagBag from /home/airflow/.local/lib/python3.12/site-packages/airflow/example_dags/example_python_operator.py
[2024-09-06T14:25:51.039+0000] {processor.py:925} INFO - DAG(s) 'example_python_operator' retrieved from /home/airflow/.local/lib/python3.12/site-packages/airflow/example_dags/example_python_operator.py
[2024-09-06T14:25:51.058+0000] {logging_mixin.py:190} INFO - [2024-09-06T14:25:51.058+0000] {dag.py:3229} INFO - Sync 1 DAGs
[2024-09-06T14:25:51.069+0000] {logging_mixin.py:190} INFO - [2024-09-06T14:25:51.069+0000] {dag.py:4156} INFO - Setting next_dagrun for example_python_operator to None, run_after=None
[2024-09-06T14:25:51.089+0000] {processor.py:208} INFO - Processing /home/airflow/.local/lib/python3.12/site-packages/airflow/example_dags/example_python_operator.py took 0.067 seconds
[2024-09-06T14:26:21.317+0000] {processor.py:186} INFO - Started process (PID=605) to work on /home/airflow/.local/lib/python3.12/site-packages/airflow/example_dags/example_python_operator.py
[2024-09-06T14:26:21.318+0000] {processor.py:914} INFO - Processing file /home/airflow/.local/lib/python3.12/site-packages/airflow/example_dags/example_python_operator.py for tasks to queue
[2024-09-06T14:26:21.321+0000] {logging_mixin.py:190} INFO - [2024-09-06T14:26:21.320+0000] {dagbag.py:587} INFO - Filling up the DagBag from /home/airflow/.local/lib/python3.12/site-packages/airflow/example_dags/example_python_operator.py
[2024-09-06T14:26:21.331+0000] {processor.py:925} INFO - DAG(s) 'example_python_operator' retrieved from /home/airflow/.local/lib/python3.12/site-packages/airflow/example_dags/example_python_operator.py
[2024-09-06T14:26:21.349+0000] {logging_mixin.py:190} INFO - [2024-09-06T14:26:21.349+0000] {dag.py:3229} INFO - Sync 1 DAGs
[2024-09-06T14:26:21.362+0000] {logging_mixin.py:190} INFO - [2024-09-06T14:26:21.362+0000] {dag.py:4156} INFO - Setting next_dagrun for example_python_operator to None, run_after=None
[2024-09-06T14:26:21.379+0000] {processor.py:208} INFO - Processing /home/airflow/.local/lib/python3.12/site-packages/airflow/example_dags/example_python_operator.py took 0.073 seconds
[2024-09-06T14:26:51.564+0000] {processor.py:186} INFO - Started process (PID=667) to work on /home/airflow/.local/lib/python3.12/site-packages/airflow/example_dags/example_python_operator.py
[2024-09-06T14:26:51.565+0000] {processor.py:914} INFO - Processing file /home/airflow/.local/lib/python3.12/site-packages/airflow/example_dags/example_python_operator.py for tasks to queue
[2024-09-06T14:26:51.568+0000] {logging_mixin.py:190} INFO - [2024-09-06T14:26:51.567+0000] {dagbag.py:587} INFO - Filling up the DagBag from /home/airflow/.local/lib/python3.12/site-packages/airflow/example_dags/example_python_operator.py
[2024-09-06T14:26:51.581+0000] {processor.py:925} INFO - DAG(s) 'example_python_operator' retrieved from /home/airflow/.local/lib/python3.12/site-packages/airflow/example_dags/example_python_operator.py
[2024-09-06T14:26:51.603+0000] {logging_mixin.py:190} INFO - [2024-09-06T14:26:51.603+0000] {dag.py:3229} INFO - Sync 1 DAGs
[2024-09-06T14:26:51.617+0000] {logging_mixin.py:190} INFO - [2024-09-06T14:26:51.617+0000] {dag.py:4156} INFO - Setting next_dagrun for example_python_operator to None, run_after=None
[2024-09-06T14:26:51.634+0000] {processor.py:208} INFO - Processing /home/airflow/.local/lib/python3.12/site-packages/airflow/example_dags/example_python_operator.py took 0.075 seconds
[2024-09-06T14:27:21.826+0000] {processor.py:186} INFO - Started process (PID=729) to work on /home/airflow/.local/lib/python3.12/site-packages/airflow/example_dags/example_python_operator.py
[2024-09-06T14:27:21.827+0000] {processor.py:914} INFO - Processing file /home/airflow/.local/lib/python3.12/site-packages/airflow/example_dags/example_python_operator.py for tasks to queue
[2024-09-06T14:27:21.829+0000] {logging_mixin.py:190} INFO - [2024-09-06T14:27:21.829+0000] {dagbag.py:587} INFO - Filling up the DagBag from /home/airflow/.local/lib/python3.12/site-packages/airflow/example_dags/example_python_operator.py
[2024-09-06T14:27:21.844+0000] {processor.py:925} INFO - DAG(s) 'example_python_operator' retrieved from /home/airflow/.local/lib/python3.12/site-packages/airflow/example_dags/example_python_operator.py
[2024-09-06T14:27:21.868+0000] {logging_mixin.py:190} INFO - [2024-09-06T14:27:21.868+0000] {dag.py:3229} INFO - Sync 1 DAGs
[2024-09-06T14:27:21.882+0000] {logging_mixin.py:190} INFO - [2024-09-06T14:27:21.882+0000] {dag.py:4156} INFO - Setting next_dagrun for example_python_operator to None, run_after=None
[2024-09-06T14:27:21.899+0000] {processor.py:208} INFO - Processing /home/airflow/.local/lib/python3.12/site-packages/airflow/example_dags/example_python_operator.py took 0.079 seconds
[2024-09-06T14:27:52.061+0000] {processor.py:186} INFO - Started process (PID=791) to work on /home/airflow/.local/lib/python3.12/site-packages/airflow/example_dags/example_python_operator.py
[2024-09-06T14:27:52.062+0000] {processor.py:914} INFO - Processing file /home/airflow/.local/lib/python3.12/site-packages/airflow/example_dags/example_python_operator.py for tasks to queue
[2024-09-06T14:27:52.064+0000] {logging_mixin.py:190} INFO - [2024-09-06T14:27:52.064+0000] {dagbag.py:587} INFO - Filling up the DagBag from /home/airflow/.local/lib/python3.12/site-packages/airflow/example_dags/example_python_operator.py
[2024-09-06T14:27:52.078+0000] {processor.py:925} INFO - DAG(s) 'example_python_operator' retrieved from /home/airflow/.local/lib/python3.12/site-packages/airflow/example_dags/example_python_operator.py
[2024-09-06T14:27:52.099+0000] {logging_mixin.py:190} INFO - [2024-09-06T14:27:52.099+0000] {dag.py:3229} INFO - Sync 1 DAGs
[2024-09-06T14:27:52.113+0000] {logging_mixin.py:190} INFO - [2024-09-06T14:27:52.113+0000] {dag.py:4156} INFO - Setting next_dagrun for example_python_operator to None, run_after=None
[2024-09-06T14:27:52.155+0000] {processor.py:208} INFO - Processing /home/airflow/.local/lib/python3.12/site-packages/airflow/example_dags/example_python_operator.py took 0.099 seconds
[2024-09-06T14:28:22.398+0000] {processor.py:186} INFO - Started process (PID=853) to work on /home/airflow/.local/lib/python3.12/site-packages/airflow/example_dags/example_python_operator.py
[2024-09-06T14:28:22.399+0000] {processor.py:914} INFO - Processing file /home/airflow/.local/lib/python3.12/site-packages/airflow/example_dags/example_python_operator.py for tasks to queue
[2024-09-06T14:28:22.401+0000] {logging_mixin.py:190} INFO - [2024-09-06T14:28:22.401+0000] {dagbag.py:587} INFO - Filling up the DagBag from /home/airflow/.local/lib/python3.12/site-packages/airflow/example_dags/example_python_operator.py
[2024-09-06T14:28:22.412+0000] {processor.py:925} INFO - DAG(s) 'example_python_operator' retrieved from /home/airflow/.local/lib/python3.12/site-packages/airflow/example_dags/example_python_operator.py
[2024-09-06T14:28:22.431+0000] {logging_mixin.py:190} INFO - [2024-09-06T14:28:22.431+0000] {dag.py:3229} INFO - Sync 1 DAGs
[2024-09-06T14:28:22.444+0000] {logging_mixin.py:190} INFO - [2024-09-06T14:28:22.444+0000] {dag.py:4156} INFO - Setting next_dagrun for example_python_operator to None, run_after=None
[2024-09-06T14:28:22.463+0000] {processor.py:208} INFO - Processing /home/airflow/.local/lib/python3.12/site-packages/airflow/example_dags/example_python_operator.py took 0.071 seconds
[2024-09-06T14:28:52.691+0000] {processor.py:186} INFO - Started process (PID=915) to work on /home/airflow/.local/lib/python3.12/site-packages/airflow/example_dags/example_python_operator.py
[2024-09-06T14:28:52.692+0000] {processor.py:914} INFO - Processing file /home/airflow/.local/lib/python3.12/site-packages/airflow/example_dags/example_python_operator.py for tasks to queue
[2024-09-06T14:28:52.694+0000] {logging_mixin.py:190} INFO - [2024-09-06T14:28:52.693+0000] {dagbag.py:587} INFO - Filling up the DagBag from /home/airflow/.local/lib/python3.12/site-packages/airflow/example_dags/example_python_operator.py
[2024-09-06T14:28:52.705+0000] {processor.py:925} INFO - DAG(s) 'example_python_operator' retrieved from /home/airflow/.local/lib/python3.12/site-packages/airflow/example_dags/example_python_operator.py
[2024-09-06T14:28:52.725+0000] {logging_mixin.py:190} INFO - [2024-09-06T14:28:52.725+0000] {dag.py:3229} INFO - Sync 1 DAGs
[2024-09-06T14:28:52.739+0000] {logging_mixin.py:190} INFO - [2024-09-06T14:28:52.739+0000] {dag.py:4156} INFO - Setting next_dagrun for example_python_operator to None, run_after=None
[2024-09-06T14:28:52.758+0000] {processor.py:208} INFO - Processing /home/airflow/.local/lib/python3.12/site-packages/airflow/example_dags/example_python_operator.py took 0.074 seconds
[2024-09-06T14:29:23.546+0000] {processor.py:186} INFO - Started process (PID=977) to work on /home/airflow/.local/lib/python3.12/site-packages/airflow/example_dags/example_python_operator.py
[2024-09-06T14:29:23.547+0000] {processor.py:914} INFO - Processing file /home/airflow/.local/lib/python3.12/site-packages/airflow/example_dags/example_python_operator.py for tasks to queue
[2024-09-06T14:29:23.549+0000] {logging_mixin.py:190} INFO - [2024-09-06T14:29:23.549+0000] {dagbag.py:587} INFO - Filling up the DagBag from /home/airflow/.local/lib/python3.12/site-packages/airflow/example_dags/example_python_operator.py
[2024-09-06T14:29:23.560+0000] {processor.py:925} INFO - DAG(s) 'example_python_operator' retrieved from /home/airflow/.local/lib/python3.12/site-packages/airflow/example_dags/example_python_operator.py
[2024-09-06T14:29:23.579+0000] {logging_mixin.py:190} INFO - [2024-09-06T14:29:23.579+0000] {dag.py:3229} INFO - Sync 1 DAGs
[2024-09-06T14:29:23.591+0000] {logging_mixin.py:190} INFO - [2024-09-06T14:29:23.590+0000] {dag.py:4156} INFO - Setting next_dagrun for example_python_operator to None, run_after=None
[2024-09-06T14:29:23.610+0000] {processor.py:208} INFO - Processing /home/airflow/.local/lib/python3.12/site-packages/airflow/example_dags/example_python_operator.py took 0.068 seconds
[2024-09-06T14:29:54.470+0000] {processor.py:186} INFO - Started process (PID=1039) to work on /home/airflow/.local/lib/python3.12/site-packages/airflow/example_dags/example_python_operator.py
[2024-09-06T14:29:54.471+0000] {processor.py:914} INFO - Processing file /home/airflow/.local/lib/python3.12/site-packages/airflow/example_dags/example_python_operator.py for tasks to queue
[2024-09-06T14:29:54.473+0000] {logging_mixin.py:190} INFO - [2024-09-06T14:29:54.473+0000] {dagbag.py:587} INFO - Filling up the DagBag from /home/airflow/.local/lib/python3.12/site-packages/airflow/example_dags/example_python_operator.py
[2024-09-06T14:29:54.483+0000] {processor.py:925} INFO - DAG(s) 'example_python_operator' retrieved from /home/airflow/.local/lib/python3.12/site-packages/airflow/example_dags/example_python_operator.py
[2024-09-06T14:29:54.502+0000] {logging_mixin.py:190} INFO - [2024-09-06T14:29:54.502+0000] {dag.py:3229} INFO - Sync 1 DAGs
[2024-09-06T14:29:54.515+0000] {logging_mixin.py:190} INFO - [2024-09-06T14:29:54.514+0000] {dag.py:4156} INFO - Setting next_dagrun for example_python_operator to None, run_after=None
[2024-09-06T14:29:54.531+0000] {processor.py:208} INFO - Processing /home/airflow/.local/lib/python3.12/site-packages/airflow/example_dags/example_python_operator.py took 0.067 seconds
[2024-09-06T14:30:24.810+0000] {processor.py:186} INFO - Started process (PID=1101) to work on /home/airflow/.local/lib/python3.12/site-packages/airflow/example_dags/example_python_operator.py
[2024-09-06T14:30:24.811+0000] {processor.py:914} INFO - Processing file /home/airflow/.local/lib/python3.12/site-packages/airflow/example_dags/example_python_operator.py for tasks to queue
[2024-09-06T14:30:24.814+0000] {logging_mixin.py:190} INFO - [2024-09-06T14:30:24.813+0000] {dagbag.py:587} INFO - Filling up the DagBag from /home/airflow/.local/lib/python3.12/site-packages/airflow/example_dags/example_python_operator.py
[2024-09-06T14:30:24.823+0000] {processor.py:925} INFO - DAG(s) 'example_python_operator' retrieved from /home/airflow/.local/lib/python3.12/site-packages/airflow/example_dags/example_python_operator.py
[2024-09-06T14:30:24.846+0000] {logging_mixin.py:190} INFO - [2024-09-06T14:30:24.846+0000] {dag.py:3229} INFO - Sync 1 DAGs
[2024-09-06T14:30:24.862+0000] {logging_mixin.py:190} INFO - [2024-09-06T14:30:24.861+0000] {dag.py:4156} INFO - Setting next_dagrun for example_python_operator to None, run_after=None
[2024-09-06T14:30:24.881+0000] {processor.py:208} INFO - Processing /home/airflow/.local/lib/python3.12/site-packages/airflow/example_dags/example_python_operator.py took 0.076 seconds
[2024-09-06T14:30:55.136+0000] {processor.py:186} INFO - Started process (PID=1163) to work on /home/airflow/.local/lib/python3.12/site-packages/airflow/example_dags/example_python_operator.py
[2024-09-06T14:30:55.137+0000] {processor.py:914} INFO - Processing file /home/airflow/.local/lib/python3.12/site-packages/airflow/example_dags/example_python_operator.py for tasks to queue
[2024-09-06T14:30:55.139+0000] {logging_mixin.py:190} INFO - [2024-09-06T14:30:55.138+0000] {dagbag.py:587} INFO - Filling up the DagBag from /home/airflow/.local/lib/python3.12/site-packages/airflow/example_dags/example_python_operator.py
[2024-09-06T14:30:55.149+0000] {processor.py:925} INFO - DAG(s) 'example_python_operator' retrieved from /home/airflow/.local/lib/python3.12/site-packages/airflow/example_dags/example_python_operator.py
[2024-09-06T14:30:55.168+0000] {logging_mixin.py:190} INFO - [2024-09-06T14:30:55.168+0000] {dag.py:3229} INFO - Sync 1 DAGs
[2024-09-06T14:30:55.181+0000] {logging_mixin.py:190} INFO - [2024-09-06T14:30:55.181+0000] {dag.py:4156} INFO - Setting next_dagrun for example_python_operator to None, run_after=None
[2024-09-06T14:30:55.202+0000] {processor.py:208} INFO - Processing /home/airflow/.local/lib/python3.12/site-packages/airflow/example_dags/example_python_operator.py took 0.071 seconds
[2024-09-06T14:31:25.843+0000] {processor.py:186} INFO - Started process (PID=1225) to work on /home/airflow/.local/lib/python3.12/site-packages/airflow/example_dags/example_python_operator.py
[2024-09-06T14:31:25.844+0000] {processor.py:914} INFO - Processing file /home/airflow/.local/lib/python3.12/site-packages/airflow/example_dags/example_python_operator.py for tasks to queue
[2024-09-06T14:31:25.847+0000] {logging_mixin.py:190} INFO - [2024-09-06T14:31:25.846+0000] {dagbag.py:587} INFO - Filling up the DagBag from /home/airflow/.local/lib/python3.12/site-packages/airflow/example_dags/example_python_operator.py
[2024-09-06T14:31:25.857+0000] {processor.py:925} INFO - DAG(s) 'example_python_operator' retrieved from /home/airflow/.local/lib/python3.12/site-packages/airflow/example_dags/example_python_operator.py
[2024-09-06T14:31:25.878+0000] {logging_mixin.py:190} INFO - [2024-09-06T14:31:25.878+0000] {dag.py:3229} INFO - Sync 1 DAGs
[2024-09-06T14:31:25.890+0000] {logging_mixin.py:190} INFO - [2024-09-06T14:31:25.890+0000] {dag.py:4156} INFO - Setting next_dagrun for example_python_operator to None, run_after=None
[2024-09-06T14:31:25.909+0000] {processor.py:208} INFO - Processing /home/airflow/.local/lib/python3.12/site-packages/airflow/example_dags/example_python_operator.py took 0.071 seconds
[2024-09-06T14:31:56.333+0000] {processor.py:186} INFO - Started process (PID=1287) to work on /home/airflow/.local/lib/python3.12/site-packages/airflow/example_dags/example_python_operator.py
[2024-09-06T14:31:56.334+0000] {processor.py:914} INFO - Processing file /home/airflow/.local/lib/python3.12/site-packages/airflow/example_dags/example_python_operator.py for tasks to queue
[2024-09-06T14:31:56.336+0000] {logging_mixin.py:190} INFO - [2024-09-06T14:31:56.336+0000] {dagbag.py:587} INFO - Filling up the DagBag from /home/airflow/.local/lib/python3.12/site-packages/airflow/example_dags/example_python_operator.py
[2024-09-06T14:31:56.346+0000] {processor.py:925} INFO - DAG(s) 'example_python_operator' retrieved from /home/airflow/.local/lib/python3.12/site-packages/airflow/example_dags/example_python_operator.py
[2024-09-06T14:31:56.366+0000] {logging_mixin.py:190} INFO - [2024-09-06T14:31:56.366+0000] {dag.py:3229} INFO - Sync 1 DAGs
[2024-09-06T14:31:56.378+0000] {logging_mixin.py:190} INFO - [2024-09-06T14:31:56.378+0000] {dag.py:4156} INFO - Setting next_dagrun for example_python_operator to None, run_after=None
[2024-09-06T14:31:56.398+0000] {processor.py:208} INFO - Processing /home/airflow/.local/lib/python3.12/site-packages/airflow/example_dags/example_python_operator.py took 0.070 seconds
[2024-09-06T14:32:26.933+0000] {processor.py:186} INFO - Started process (PID=1349) to work on /home/airflow/.local/lib/python3.12/site-packages/airflow/example_dags/example_python_operator.py
[2024-09-06T14:32:26.935+0000] {processor.py:914} INFO - Processing file /home/airflow/.local/lib/python3.12/site-packages/airflow/example_dags/example_python_operator.py for tasks to queue
[2024-09-06T14:32:26.937+0000] {logging_mixin.py:190} INFO - [2024-09-06T14:32:26.937+0000] {dagbag.py:587} INFO - Filling up the DagBag from /home/airflow/.local/lib/python3.12/site-packages/airflow/example_dags/example_python_operator.py
[2024-09-06T14:32:26.947+0000] {processor.py:925} INFO - DAG(s) 'example_python_operator' retrieved from /home/airflow/.local/lib/python3.12/site-packages/airflow/example_dags/example_python_operator.py
[2024-09-06T14:32:26.967+0000] {logging_mixin.py:190} INFO - [2024-09-06T14:32:26.967+0000] {dag.py:3229} INFO - Sync 1 DAGs
[2024-09-06T14:32:26.980+0000] {logging_mixin.py:190} INFO - [2024-09-06T14:32:26.979+0000] {dag.py:4156} INFO - Setting next_dagrun for example_python_operator to None, run_after=None
[2024-09-06T14:32:26.997+0000] {processor.py:208} INFO - Processing /home/airflow/.local/lib/python3.12/site-packages/airflow/example_dags/example_python_operator.py took 0.069 seconds
[2024-09-06T14:32:57.424+0000] {processor.py:186} INFO - Started process (PID=1411) to work on /home/airflow/.local/lib/python3.12/site-packages/airflow/example_dags/example_python_operator.py
[2024-09-06T14:32:57.425+0000] {processor.py:914} INFO - Processing file /home/airflow/.local/lib/python3.12/site-packages/airflow/example_dags/example_python_operator.py for tasks to queue
[2024-09-06T14:32:57.428+0000] {logging_mixin.py:190} INFO - [2024-09-06T14:32:57.427+0000] {dagbag.py:587} INFO - Filling up the DagBag from /home/airflow/.local/lib/python3.12/site-packages/airflow/example_dags/example_python_operator.py
[2024-09-06T14:32:57.439+0000] {processor.py:925} INFO - DAG(s) 'example_python_operator' retrieved from /home/airflow/.local/lib/python3.12/site-packages/airflow/example_dags/example_python_operator.py
[2024-09-06T14:32:57.461+0000] {logging_mixin.py:190} INFO - [2024-09-06T14:32:57.461+0000] {dag.py:3229} INFO - Sync 1 DAGs
[2024-09-06T14:32:57.477+0000] {logging_mixin.py:190} INFO - [2024-09-06T14:32:57.477+0000] {dag.py:4156} INFO - Setting next_dagrun for example_python_operator to None, run_after=None
[2024-09-06T14:32:57.498+0000] {processor.py:208} INFO - Processing /home/airflow/.local/lib/python3.12/site-packages/airflow/example_dags/example_python_operator.py took 0.081 seconds
[2024-09-06T14:33:28.046+0000] {processor.py:186} INFO - Started process (PID=1473) to work on /home/airflow/.local/lib/python3.12/site-packages/airflow/example_dags/example_python_operator.py
[2024-09-06T14:33:28.047+0000] {processor.py:914} INFO - Processing file /home/airflow/.local/lib/python3.12/site-packages/airflow/example_dags/example_python_operator.py for tasks to queue
[2024-09-06T14:33:28.050+0000] {logging_mixin.py:190} INFO - [2024-09-06T14:33:28.049+0000] {dagbag.py:587} INFO - Filling up the DagBag from /home/airflow/.local/lib/python3.12/site-packages/airflow/example_dags/example_python_operator.py
[2024-09-06T14:33:28.061+0000] {processor.py:925} INFO - DAG(s) 'example_python_operator' retrieved from /home/airflow/.local/lib/python3.12/site-packages/airflow/example_dags/example_python_operator.py
[2024-09-06T14:33:28.095+0000] {logging_mixin.py:190} INFO - [2024-09-06T14:33:28.095+0000] {dag.py:3229} INFO - Sync 1 DAGs
[2024-09-06T14:33:28.117+0000] {logging_mixin.py:190} INFO - [2024-09-06T14:33:28.117+0000] {dag.py:4156} INFO - Setting next_dagrun for example_python_operator to None, run_after=None
[2024-09-06T14:33:28.135+0000] {processor.py:208} INFO - Processing /home/airflow/.local/lib/python3.12/site-packages/airflow/example_dags/example_python_operator.py took 0.094 seconds
