[2024-09-06T14:22:18.793+0000] {processor.py:186} INFO - Started process (PID=114) to work on /home/airflow/.local/lib/python3.12/site-packages/airflow/example_dags/example_skip_dag.py
[2024-09-06T14:22:18.795+0000] {processor.py:914} INFO - Processing file /home/airflow/.local/lib/python3.12/site-packages/airflow/example_dags/example_skip_dag.py for tasks to queue
[2024-09-06T14:22:18.797+0000] {logging_mixin.py:190} INFO - [2024-09-06T14:22:18.797+0000] {dagbag.py:587} INFO - Filling up the DagBag from /home/airflow/.local/lib/python3.12/site-packages/airflow/example_dags/example_skip_dag.py
[2024-09-06T14:22:18.807+0000] {processor.py:925} INFO - DAG(s) 'example_skip_dag' retrieved from /home/airflow/.local/lib/python3.12/site-packages/airflow/example_dags/example_skip_dag.py
[2024-09-06T14:22:18.922+0000] {logging_mixin.py:190} INFO - [2024-09-06T14:22:18.921+0000] {override.py:1900} INFO - Created Permission View: can read on DAG:example_skip_dag
[2024-09-06T14:22:18.936+0000] {logging_mixin.py:190} INFO - [2024-09-06T14:22:18.936+0000] {override.py:1900} INFO - Created Permission View: can delete on DAG:example_skip_dag
[2024-09-06T14:22:18.945+0000] {logging_mixin.py:190} INFO - [2024-09-06T14:22:18.944+0000] {override.py:1900} INFO - Created Permission View: can edit on DAG:example_skip_dag
[2024-09-06T14:22:18.956+0000] {logging_mixin.py:190} INFO - [2024-09-06T14:22:18.955+0000] {override.py:1900} INFO - Created Permission View: can read on DAG Run:example_skip_dag
[2024-09-06T14:22:18.967+0000] {logging_mixin.py:190} INFO - [2024-09-06T14:22:18.967+0000] {override.py:1900} INFO - Created Permission View: can delete on DAG Run:example_skip_dag
[2024-09-06T14:22:18.976+0000] {logging_mixin.py:190} INFO - [2024-09-06T14:22:18.976+0000] {override.py:1900} INFO - Created Permission View: menu access on DAG Run:example_skip_dag
[2024-09-06T14:22:18.986+0000] {logging_mixin.py:190} INFO - [2024-09-06T14:22:18.986+0000] {override.py:1900} INFO - Created Permission View: can create on DAG Run:example_skip_dag
[2024-09-06T14:22:18.987+0000] {logging_mixin.py:190} INFO - [2024-09-06T14:22:18.987+0000] {dag.py:3229} INFO - Sync 1 DAGs
[2024-09-06T14:22:19.003+0000] {logging_mixin.py:190} INFO - [2024-09-06T14:22:19.002+0000] {dag.py:3252} INFO - Creating ORM DAG for example_skip_dag
[2024-09-06T14:22:19.014+0000] {logging_mixin.py:190} INFO - [2024-09-06T14:22:19.014+0000] {dag.py:4156} INFO - Setting next_dagrun for example_skip_dag to 2024-09-05 00:00:00+00:00, run_after=2024-09-06 00:00:00+00:00
[2024-09-06T14:22:19.033+0000] {processor.py:208} INFO - Processing /home/airflow/.local/lib/python3.12/site-packages/airflow/example_dags/example_skip_dag.py took 0.247 seconds
[2024-09-06T14:22:49.244+0000] {processor.py:186} INFO - Started process (PID=176) to work on /home/airflow/.local/lib/python3.12/site-packages/airflow/example_dags/example_skip_dag.py
[2024-09-06T14:22:49.245+0000] {processor.py:914} INFO - Processing file /home/airflow/.local/lib/python3.12/site-packages/airflow/example_dags/example_skip_dag.py for tasks to queue
[2024-09-06T14:22:49.247+0000] {logging_mixin.py:190} INFO - [2024-09-06T14:22:49.247+0000] {dagbag.py:587} INFO - Filling up the DagBag from /home/airflow/.local/lib/python3.12/site-packages/airflow/example_dags/example_skip_dag.py
[2024-09-06T14:22:49.254+0000] {processor.py:925} INFO - DAG(s) 'example_skip_dag' retrieved from /home/airflow/.local/lib/python3.12/site-packages/airflow/example_dags/example_skip_dag.py
[2024-09-06T14:22:49.273+0000] {logging_mixin.py:190} INFO - [2024-09-06T14:22:49.273+0000] {dag.py:3229} INFO - Sync 1 DAGs
[2024-09-06T14:22:49.292+0000] {logging_mixin.py:190} INFO - [2024-09-06T14:22:49.292+0000] {dag.py:4156} INFO - Setting next_dagrun for example_skip_dag to 2024-09-05 00:00:00+00:00, run_after=2024-09-06 00:00:00+00:00
[2024-09-06T14:22:49.307+0000] {processor.py:208} INFO - Processing /home/airflow/.local/lib/python3.12/site-packages/airflow/example_dags/example_skip_dag.py took 0.068 seconds
[2024-09-06T14:23:19.574+0000] {processor.py:186} INFO - Started process (PID=238) to work on /home/airflow/.local/lib/python3.12/site-packages/airflow/example_dags/example_skip_dag.py
[2024-09-06T14:23:19.576+0000] {processor.py:914} INFO - Processing file /home/airflow/.local/lib/python3.12/site-packages/airflow/example_dags/example_skip_dag.py for tasks to queue
[2024-09-06T14:23:19.579+0000] {logging_mixin.py:190} INFO - [2024-09-06T14:23:19.578+0000] {dagbag.py:587} INFO - Filling up the DagBag from /home/airflow/.local/lib/python3.12/site-packages/airflow/example_dags/example_skip_dag.py
[2024-09-06T14:23:19.588+0000] {processor.py:925} INFO - DAG(s) 'example_skip_dag' retrieved from /home/airflow/.local/lib/python3.12/site-packages/airflow/example_dags/example_skip_dag.py
[2024-09-06T14:23:19.611+0000] {logging_mixin.py:190} INFO - [2024-09-06T14:23:19.611+0000] {dag.py:3229} INFO - Sync 1 DAGs
[2024-09-06T14:23:19.633+0000] {logging_mixin.py:190} INFO - [2024-09-06T14:23:19.633+0000] {dag.py:4156} INFO - Setting next_dagrun for example_skip_dag to 2024-09-05 00:00:00+00:00, run_after=2024-09-06 00:00:00+00:00
[2024-09-06T14:23:19.654+0000] {processor.py:208} INFO - Processing /home/airflow/.local/lib/python3.12/site-packages/airflow/example_dags/example_skip_dag.py took 0.087 seconds
[2024-09-06T14:23:50.081+0000] {processor.py:186} INFO - Started process (PID=300) to work on /home/airflow/.local/lib/python3.12/site-packages/airflow/example_dags/example_skip_dag.py
[2024-09-06T14:23:50.082+0000] {processor.py:914} INFO - Processing file /home/airflow/.local/lib/python3.12/site-packages/airflow/example_dags/example_skip_dag.py for tasks to queue
[2024-09-06T14:23:50.085+0000] {logging_mixin.py:190} INFO - [2024-09-06T14:23:50.084+0000] {dagbag.py:587} INFO - Filling up the DagBag from /home/airflow/.local/lib/python3.12/site-packages/airflow/example_dags/example_skip_dag.py
[2024-09-06T14:23:50.092+0000] {processor.py:925} INFO - DAG(s) 'example_skip_dag' retrieved from /home/airflow/.local/lib/python3.12/site-packages/airflow/example_dags/example_skip_dag.py
[2024-09-06T14:23:50.110+0000] {logging_mixin.py:190} INFO - [2024-09-06T14:23:50.110+0000] {dag.py:3229} INFO - Sync 1 DAGs
[2024-09-06T14:23:50.130+0000] {logging_mixin.py:190} INFO - [2024-09-06T14:23:50.130+0000] {dag.py:4156} INFO - Setting next_dagrun for example_skip_dag to 2024-09-05 00:00:00+00:00, run_after=2024-09-06 00:00:00+00:00
[2024-09-06T14:23:50.146+0000] {processor.py:208} INFO - Processing /home/airflow/.local/lib/python3.12/site-packages/airflow/example_dags/example_skip_dag.py took 0.071 seconds
[2024-09-06T14:24:20.364+0000] {processor.py:186} INFO - Started process (PID=362) to work on /home/airflow/.local/lib/python3.12/site-packages/airflow/example_dags/example_skip_dag.py
[2024-09-06T14:24:20.365+0000] {processor.py:914} INFO - Processing file /home/airflow/.local/lib/python3.12/site-packages/airflow/example_dags/example_skip_dag.py for tasks to queue
[2024-09-06T14:24:20.368+0000] {logging_mixin.py:190} INFO - [2024-09-06T14:24:20.368+0000] {dagbag.py:587} INFO - Filling up the DagBag from /home/airflow/.local/lib/python3.12/site-packages/airflow/example_dags/example_skip_dag.py
[2024-09-06T14:24:20.377+0000] {processor.py:925} INFO - DAG(s) 'example_skip_dag' retrieved from /home/airflow/.local/lib/python3.12/site-packages/airflow/example_dags/example_skip_dag.py
[2024-09-06T14:24:20.402+0000] {logging_mixin.py:190} INFO - [2024-09-06T14:24:20.402+0000] {dag.py:3229} INFO - Sync 1 DAGs
[2024-09-06T14:24:20.432+0000] {logging_mixin.py:190} INFO - [2024-09-06T14:24:20.432+0000] {dag.py:4156} INFO - Setting next_dagrun for example_skip_dag to 2024-09-05 00:00:00+00:00, run_after=2024-09-06 00:00:00+00:00
[2024-09-06T14:24:20.455+0000] {processor.py:208} INFO - Processing /home/airflow/.local/lib/python3.12/site-packages/airflow/example_dags/example_skip_dag.py took 0.098 seconds
[2024-09-06T14:24:50.729+0000] {processor.py:186} INFO - Started process (PID=424) to work on /home/airflow/.local/lib/python3.12/site-packages/airflow/example_dags/example_skip_dag.py
[2024-09-06T14:24:50.730+0000] {processor.py:914} INFO - Processing file /home/airflow/.local/lib/python3.12/site-packages/airflow/example_dags/example_skip_dag.py for tasks to queue
[2024-09-06T14:24:50.732+0000] {logging_mixin.py:190} INFO - [2024-09-06T14:24:50.732+0000] {dagbag.py:587} INFO - Filling up the DagBag from /home/airflow/.local/lib/python3.12/site-packages/airflow/example_dags/example_skip_dag.py
[2024-09-06T14:24:50.738+0000] {processor.py:925} INFO - DAG(s) 'example_skip_dag' retrieved from /home/airflow/.local/lib/python3.12/site-packages/airflow/example_dags/example_skip_dag.py
[2024-09-06T14:24:50.756+0000] {logging_mixin.py:190} INFO - [2024-09-06T14:24:50.755+0000] {dag.py:3229} INFO - Sync 1 DAGs
[2024-09-06T14:24:50.773+0000] {logging_mixin.py:190} INFO - [2024-09-06T14:24:50.773+0000] {dag.py:4156} INFO - Setting next_dagrun for example_skip_dag to 2024-09-05 00:00:00+00:00, run_after=2024-09-06 00:00:00+00:00
[2024-09-06T14:24:50.791+0000] {processor.py:208} INFO - Processing /home/airflow/.local/lib/python3.12/site-packages/airflow/example_dags/example_skip_dag.py took 0.067 seconds
[2024-09-06T14:25:21.128+0000] {processor.py:186} INFO - Started process (PID=487) to work on /home/airflow/.local/lib/python3.12/site-packages/airflow/example_dags/example_skip_dag.py
[2024-09-06T14:25:21.129+0000] {processor.py:914} INFO - Processing file /home/airflow/.local/lib/python3.12/site-packages/airflow/example_dags/example_skip_dag.py for tasks to queue
[2024-09-06T14:25:21.131+0000] {logging_mixin.py:190} INFO - [2024-09-06T14:25:21.131+0000] {dagbag.py:587} INFO - Filling up the DagBag from /home/airflow/.local/lib/python3.12/site-packages/airflow/example_dags/example_skip_dag.py
[2024-09-06T14:25:21.137+0000] {processor.py:925} INFO - DAG(s) 'example_skip_dag' retrieved from /home/airflow/.local/lib/python3.12/site-packages/airflow/example_dags/example_skip_dag.py
[2024-09-06T14:25:21.157+0000] {logging_mixin.py:190} INFO - [2024-09-06T14:25:21.157+0000] {dag.py:3229} INFO - Sync 1 DAGs
[2024-09-06T14:25:21.178+0000] {logging_mixin.py:190} INFO - [2024-09-06T14:25:21.178+0000] {dag.py:4156} INFO - Setting next_dagrun for example_skip_dag to 2024-09-05 00:00:00+00:00, run_after=2024-09-06 00:00:00+00:00
[2024-09-06T14:25:21.195+0000] {processor.py:208} INFO - Processing /home/airflow/.local/lib/python3.12/site-packages/airflow/example_dags/example_skip_dag.py took 0.072 seconds
[2024-09-06T14:25:51.343+0000] {processor.py:186} INFO - Started process (PID=548) to work on /home/airflow/.local/lib/python3.12/site-packages/airflow/example_dags/example_skip_dag.py
[2024-09-06T14:25:51.344+0000] {processor.py:914} INFO - Processing file /home/airflow/.local/lib/python3.12/site-packages/airflow/example_dags/example_skip_dag.py for tasks to queue
[2024-09-06T14:25:51.346+0000] {logging_mixin.py:190} INFO - [2024-09-06T14:25:51.345+0000] {dagbag.py:587} INFO - Filling up the DagBag from /home/airflow/.local/lib/python3.12/site-packages/airflow/example_dags/example_skip_dag.py
[2024-09-06T14:25:51.352+0000] {processor.py:925} INFO - DAG(s) 'example_skip_dag' retrieved from /home/airflow/.local/lib/python3.12/site-packages/airflow/example_dags/example_skip_dag.py
[2024-09-06T14:25:51.371+0000] {logging_mixin.py:190} INFO - [2024-09-06T14:25:51.370+0000] {dag.py:3229} INFO - Sync 1 DAGs
[2024-09-06T14:25:51.388+0000] {logging_mixin.py:190} INFO - [2024-09-06T14:25:51.388+0000] {dag.py:4156} INFO - Setting next_dagrun for example_skip_dag to 2024-09-05 00:00:00+00:00, run_after=2024-09-06 00:00:00+00:00
[2024-09-06T14:25:51.404+0000] {processor.py:208} INFO - Processing /home/airflow/.local/lib/python3.12/site-packages/airflow/example_dags/example_skip_dag.py took 0.066 seconds
[2024-09-06T14:26:21.634+0000] {processor.py:186} INFO - Started process (PID=610) to work on /home/airflow/.local/lib/python3.12/site-packages/airflow/example_dags/example_skip_dag.py
[2024-09-06T14:26:21.635+0000] {processor.py:914} INFO - Processing file /home/airflow/.local/lib/python3.12/site-packages/airflow/example_dags/example_skip_dag.py for tasks to queue
[2024-09-06T14:26:21.637+0000] {logging_mixin.py:190} INFO - [2024-09-06T14:26:21.636+0000] {dagbag.py:587} INFO - Filling up the DagBag from /home/airflow/.local/lib/python3.12/site-packages/airflow/example_dags/example_skip_dag.py
[2024-09-06T14:26:21.644+0000] {processor.py:925} INFO - DAG(s) 'example_skip_dag' retrieved from /home/airflow/.local/lib/python3.12/site-packages/airflow/example_dags/example_skip_dag.py
[2024-09-06T14:26:21.662+0000] {logging_mixin.py:190} INFO - [2024-09-06T14:26:21.662+0000] {dag.py:3229} INFO - Sync 1 DAGs
[2024-09-06T14:26:21.681+0000] {logging_mixin.py:190} INFO - [2024-09-06T14:26:21.681+0000] {dag.py:4156} INFO - Setting next_dagrun for example_skip_dag to 2024-09-05 00:00:00+00:00, run_after=2024-09-06 00:00:00+00:00
[2024-09-06T14:26:21.698+0000] {processor.py:208} INFO - Processing /home/airflow/.local/lib/python3.12/site-packages/airflow/example_dags/example_skip_dag.py took 0.070 seconds
[2024-09-06T14:26:51.878+0000] {processor.py:186} INFO - Started process (PID=672) to work on /home/airflow/.local/lib/python3.12/site-packages/airflow/example_dags/example_skip_dag.py
[2024-09-06T14:26:51.879+0000] {processor.py:914} INFO - Processing file /home/airflow/.local/lib/python3.12/site-packages/airflow/example_dags/example_skip_dag.py for tasks to queue
[2024-09-06T14:26:51.881+0000] {logging_mixin.py:190} INFO - [2024-09-06T14:26:51.881+0000] {dagbag.py:587} INFO - Filling up the DagBag from /home/airflow/.local/lib/python3.12/site-packages/airflow/example_dags/example_skip_dag.py
[2024-09-06T14:26:51.888+0000] {processor.py:925} INFO - DAG(s) 'example_skip_dag' retrieved from /home/airflow/.local/lib/python3.12/site-packages/airflow/example_dags/example_skip_dag.py
[2024-09-06T14:26:51.908+0000] {logging_mixin.py:190} INFO - [2024-09-06T14:26:51.908+0000] {dag.py:3229} INFO - Sync 1 DAGs
[2024-09-06T14:26:51.931+0000] {logging_mixin.py:190} INFO - [2024-09-06T14:26:51.931+0000] {dag.py:4156} INFO - Setting next_dagrun for example_skip_dag to 2024-09-05 00:00:00+00:00, run_after=2024-09-06 00:00:00+00:00
[2024-09-06T14:26:51.952+0000] {processor.py:208} INFO - Processing /home/airflow/.local/lib/python3.12/site-packages/airflow/example_dags/example_skip_dag.py took 0.079 seconds
[2024-09-06T14:27:22.140+0000] {processor.py:186} INFO - Started process (PID=734) to work on /home/airflow/.local/lib/python3.12/site-packages/airflow/example_dags/example_skip_dag.py
[2024-09-06T14:27:22.141+0000] {processor.py:914} INFO - Processing file /home/airflow/.local/lib/python3.12/site-packages/airflow/example_dags/example_skip_dag.py for tasks to queue
[2024-09-06T14:27:22.143+0000] {logging_mixin.py:190} INFO - [2024-09-06T14:27:22.143+0000] {dagbag.py:587} INFO - Filling up the DagBag from /home/airflow/.local/lib/python3.12/site-packages/airflow/example_dags/example_skip_dag.py
[2024-09-06T14:27:22.150+0000] {processor.py:925} INFO - DAG(s) 'example_skip_dag' retrieved from /home/airflow/.local/lib/python3.12/site-packages/airflow/example_dags/example_skip_dag.py
[2024-09-06T14:27:22.170+0000] {logging_mixin.py:190} INFO - [2024-09-06T14:27:22.169+0000] {dag.py:3229} INFO - Sync 1 DAGs
[2024-09-06T14:27:22.190+0000] {logging_mixin.py:190} INFO - [2024-09-06T14:27:22.190+0000] {dag.py:4156} INFO - Setting next_dagrun for example_skip_dag to 2024-09-05 00:00:00+00:00, run_after=2024-09-06 00:00:00+00:00
[2024-09-06T14:27:22.207+0000] {processor.py:208} INFO - Processing /home/airflow/.local/lib/python3.12/site-packages/airflow/example_dags/example_skip_dag.py took 0.072 seconds
[2024-09-06T14:27:52.421+0000] {processor.py:186} INFO - Started process (PID=796) to work on /home/airflow/.local/lib/python3.12/site-packages/airflow/example_dags/example_skip_dag.py
[2024-09-06T14:27:52.422+0000] {processor.py:914} INFO - Processing file /home/airflow/.local/lib/python3.12/site-packages/airflow/example_dags/example_skip_dag.py for tasks to queue
[2024-09-06T14:27:52.424+0000] {logging_mixin.py:190} INFO - [2024-09-06T14:27:52.424+0000] {dagbag.py:587} INFO - Filling up the DagBag from /home/airflow/.local/lib/python3.12/site-packages/airflow/example_dags/example_skip_dag.py
[2024-09-06T14:27:52.431+0000] {processor.py:925} INFO - DAG(s) 'example_skip_dag' retrieved from /home/airflow/.local/lib/python3.12/site-packages/airflow/example_dags/example_skip_dag.py
[2024-09-06T14:27:52.449+0000] {logging_mixin.py:190} INFO - [2024-09-06T14:27:52.448+0000] {dag.py:3229} INFO - Sync 1 DAGs
[2024-09-06T14:27:52.468+0000] {logging_mixin.py:190} INFO - [2024-09-06T14:27:52.468+0000] {dag.py:4156} INFO - Setting next_dagrun for example_skip_dag to 2024-09-05 00:00:00+00:00, run_after=2024-09-06 00:00:00+00:00
[2024-09-06T14:27:52.487+0000] {processor.py:208} INFO - Processing /home/airflow/.local/lib/python3.12/site-packages/airflow/example_dags/example_skip_dag.py took 0.071 seconds
[2024-09-06T14:28:22.717+0000] {processor.py:186} INFO - Started process (PID=858) to work on /home/airflow/.local/lib/python3.12/site-packages/airflow/example_dags/example_skip_dag.py
[2024-09-06T14:28:22.718+0000] {processor.py:914} INFO - Processing file /home/airflow/.local/lib/python3.12/site-packages/airflow/example_dags/example_skip_dag.py for tasks to queue
[2024-09-06T14:28:22.720+0000] {logging_mixin.py:190} INFO - [2024-09-06T14:28:22.720+0000] {dagbag.py:587} INFO - Filling up the DagBag from /home/airflow/.local/lib/python3.12/site-packages/airflow/example_dags/example_skip_dag.py
[2024-09-06T14:28:22.726+0000] {processor.py:925} INFO - DAG(s) 'example_skip_dag' retrieved from /home/airflow/.local/lib/python3.12/site-packages/airflow/example_dags/example_skip_dag.py
[2024-09-06T14:28:22.746+0000] {logging_mixin.py:190} INFO - [2024-09-06T14:28:22.746+0000] {dag.py:3229} INFO - Sync 1 DAGs
[2024-09-06T14:28:22.766+0000] {logging_mixin.py:190} INFO - [2024-09-06T14:28:22.766+0000] {dag.py:4156} INFO - Setting next_dagrun for example_skip_dag to 2024-09-05 00:00:00+00:00, run_after=2024-09-06 00:00:00+00:00
[2024-09-06T14:28:22.783+0000] {processor.py:208} INFO - Processing /home/airflow/.local/lib/python3.12/site-packages/airflow/example_dags/example_skip_dag.py took 0.072 seconds
[2024-09-06T14:28:53.004+0000] {processor.py:186} INFO - Started process (PID=920) to work on /home/airflow/.local/lib/python3.12/site-packages/airflow/example_dags/example_skip_dag.py
[2024-09-06T14:28:53.005+0000] {processor.py:914} INFO - Processing file /home/airflow/.local/lib/python3.12/site-packages/airflow/example_dags/example_skip_dag.py for tasks to queue
[2024-09-06T14:28:53.008+0000] {logging_mixin.py:190} INFO - [2024-09-06T14:28:53.007+0000] {dagbag.py:587} INFO - Filling up the DagBag from /home/airflow/.local/lib/python3.12/site-packages/airflow/example_dags/example_skip_dag.py
[2024-09-06T14:28:53.014+0000] {processor.py:925} INFO - DAG(s) 'example_skip_dag' retrieved from /home/airflow/.local/lib/python3.12/site-packages/airflow/example_dags/example_skip_dag.py
[2024-09-06T14:28:53.032+0000] {logging_mixin.py:190} INFO - [2024-09-06T14:28:53.032+0000] {dag.py:3229} INFO - Sync 1 DAGs
[2024-09-06T14:28:53.052+0000] {logging_mixin.py:190} INFO - [2024-09-06T14:28:53.052+0000] {dag.py:4156} INFO - Setting next_dagrun for example_skip_dag to 2024-09-05 00:00:00+00:00, run_after=2024-09-06 00:00:00+00:00
[2024-09-06T14:28:53.071+0000] {processor.py:208} INFO - Processing /home/airflow/.local/lib/python3.12/site-packages/airflow/example_dags/example_skip_dag.py took 0.072 seconds
[2024-09-06T14:29:23.861+0000] {processor.py:186} INFO - Started process (PID=982) to work on /home/airflow/.local/lib/python3.12/site-packages/airflow/example_dags/example_skip_dag.py
[2024-09-06T14:29:23.862+0000] {processor.py:914} INFO - Processing file /home/airflow/.local/lib/python3.12/site-packages/airflow/example_dags/example_skip_dag.py for tasks to queue
[2024-09-06T14:29:23.864+0000] {logging_mixin.py:190} INFO - [2024-09-06T14:29:23.863+0000] {dagbag.py:587} INFO - Filling up the DagBag from /home/airflow/.local/lib/python3.12/site-packages/airflow/example_dags/example_skip_dag.py
[2024-09-06T14:29:23.870+0000] {processor.py:925} INFO - DAG(s) 'example_skip_dag' retrieved from /home/airflow/.local/lib/python3.12/site-packages/airflow/example_dags/example_skip_dag.py
[2024-09-06T14:29:23.890+0000] {logging_mixin.py:190} INFO - [2024-09-06T14:29:23.890+0000] {dag.py:3229} INFO - Sync 1 DAGs
[2024-09-06T14:29:23.910+0000] {logging_mixin.py:190} INFO - [2024-09-06T14:29:23.910+0000] {dag.py:4156} INFO - Setting next_dagrun for example_skip_dag to 2024-09-05 00:00:00+00:00, run_after=2024-09-06 00:00:00+00:00
[2024-09-06T14:29:23.926+0000] {processor.py:208} INFO - Processing /home/airflow/.local/lib/python3.12/site-packages/airflow/example_dags/example_skip_dag.py took 0.070 seconds
[2024-09-06T14:29:54.791+0000] {processor.py:186} INFO - Started process (PID=1044) to work on /home/airflow/.local/lib/python3.12/site-packages/airflow/example_dags/example_skip_dag.py
[2024-09-06T14:29:54.792+0000] {processor.py:914} INFO - Processing file /home/airflow/.local/lib/python3.12/site-packages/airflow/example_dags/example_skip_dag.py for tasks to queue
[2024-09-06T14:29:54.795+0000] {logging_mixin.py:190} INFO - [2024-09-06T14:29:54.794+0000] {dagbag.py:587} INFO - Filling up the DagBag from /home/airflow/.local/lib/python3.12/site-packages/airflow/example_dags/example_skip_dag.py
[2024-09-06T14:29:54.803+0000] {processor.py:925} INFO - DAG(s) 'example_skip_dag' retrieved from /home/airflow/.local/lib/python3.12/site-packages/airflow/example_dags/example_skip_dag.py
[2024-09-06T14:29:54.824+0000] {logging_mixin.py:190} INFO - [2024-09-06T14:29:54.824+0000] {dag.py:3229} INFO - Sync 1 DAGs
[2024-09-06T14:29:54.846+0000] {logging_mixin.py:190} INFO - [2024-09-06T14:29:54.846+0000] {dag.py:4156} INFO - Setting next_dagrun for example_skip_dag to 2024-09-05 00:00:00+00:00, run_after=2024-09-06 00:00:00+00:00
[2024-09-06T14:29:54.867+0000] {processor.py:208} INFO - Processing /home/airflow/.local/lib/python3.12/site-packages/airflow/example_dags/example_skip_dag.py took 0.081 seconds
[2024-09-06T14:30:25.138+0000] {processor.py:186} INFO - Started process (PID=1106) to work on /home/airflow/.local/lib/python3.12/site-packages/airflow/example_dags/example_skip_dag.py
[2024-09-06T14:30:25.139+0000] {processor.py:914} INFO - Processing file /home/airflow/.local/lib/python3.12/site-packages/airflow/example_dags/example_skip_dag.py for tasks to queue
[2024-09-06T14:30:25.141+0000] {logging_mixin.py:190} INFO - [2024-09-06T14:30:25.140+0000] {dagbag.py:587} INFO - Filling up the DagBag from /home/airflow/.local/lib/python3.12/site-packages/airflow/example_dags/example_skip_dag.py
[2024-09-06T14:30:25.147+0000] {processor.py:925} INFO - DAG(s) 'example_skip_dag' retrieved from /home/airflow/.local/lib/python3.12/site-packages/airflow/example_dags/example_skip_dag.py
[2024-09-06T14:30:25.166+0000] {logging_mixin.py:190} INFO - [2024-09-06T14:30:25.165+0000] {dag.py:3229} INFO - Sync 1 DAGs
[2024-09-06T14:30:25.185+0000] {logging_mixin.py:190} INFO - [2024-09-06T14:30:25.184+0000] {dag.py:4156} INFO - Setting next_dagrun for example_skip_dag to 2024-09-05 00:00:00+00:00, run_after=2024-09-06 00:00:00+00:00
[2024-09-06T14:30:25.202+0000] {processor.py:208} INFO - Processing /home/airflow/.local/lib/python3.12/site-packages/airflow/example_dags/example_skip_dag.py took 0.068 seconds
[2024-09-06T14:30:55.509+0000] {processor.py:186} INFO - Started process (PID=1168) to work on /home/airflow/.local/lib/python3.12/site-packages/airflow/example_dags/example_skip_dag.py
[2024-09-06T14:30:55.510+0000] {processor.py:914} INFO - Processing file /home/airflow/.local/lib/python3.12/site-packages/airflow/example_dags/example_skip_dag.py for tasks to queue
[2024-09-06T14:30:55.512+0000] {logging_mixin.py:190} INFO - [2024-09-06T14:30:55.512+0000] {dagbag.py:587} INFO - Filling up the DagBag from /home/airflow/.local/lib/python3.12/site-packages/airflow/example_dags/example_skip_dag.py
[2024-09-06T14:30:55.519+0000] {processor.py:925} INFO - DAG(s) 'example_skip_dag' retrieved from /home/airflow/.local/lib/python3.12/site-packages/airflow/example_dags/example_skip_dag.py
[2024-09-06T14:30:55.539+0000] {logging_mixin.py:190} INFO - [2024-09-06T14:30:55.539+0000] {dag.py:3229} INFO - Sync 1 DAGs
[2024-09-06T14:30:55.561+0000] {logging_mixin.py:190} INFO - [2024-09-06T14:30:55.561+0000] {dag.py:4156} INFO - Setting next_dagrun for example_skip_dag to 2024-09-05 00:00:00+00:00, run_after=2024-09-06 00:00:00+00:00
[2024-09-06T14:30:55.579+0000] {processor.py:208} INFO - Processing /home/airflow/.local/lib/python3.12/site-packages/airflow/example_dags/example_skip_dag.py took 0.076 seconds
[2024-09-06T14:31:26.211+0000] {processor.py:186} INFO - Started process (PID=1230) to work on /home/airflow/.local/lib/python3.12/site-packages/airflow/example_dags/example_skip_dag.py
[2024-09-06T14:31:26.212+0000] {processor.py:914} INFO - Processing file /home/airflow/.local/lib/python3.12/site-packages/airflow/example_dags/example_skip_dag.py for tasks to queue
[2024-09-06T14:31:26.214+0000] {logging_mixin.py:190} INFO - [2024-09-06T14:31:26.214+0000] {dagbag.py:587} INFO - Filling up the DagBag from /home/airflow/.local/lib/python3.12/site-packages/airflow/example_dags/example_skip_dag.py
[2024-09-06T14:31:26.221+0000] {processor.py:925} INFO - DAG(s) 'example_skip_dag' retrieved from /home/airflow/.local/lib/python3.12/site-packages/airflow/example_dags/example_skip_dag.py
[2024-09-06T14:31:26.239+0000] {logging_mixin.py:190} INFO - [2024-09-06T14:31:26.239+0000] {dag.py:3229} INFO - Sync 1 DAGs
[2024-09-06T14:31:26.264+0000] {logging_mixin.py:190} INFO - [2024-09-06T14:31:26.264+0000] {dag.py:4156} INFO - Setting next_dagrun for example_skip_dag to 2024-09-05 00:00:00+00:00, run_after=2024-09-06 00:00:00+00:00
[2024-09-06T14:31:26.310+0000] {processor.py:208} INFO - Processing /home/airflow/.local/lib/python3.12/site-packages/airflow/example_dags/example_skip_dag.py took 0.104 seconds
[2024-09-06T14:31:56.679+0000] {processor.py:186} INFO - Started process (PID=1292) to work on /home/airflow/.local/lib/python3.12/site-packages/airflow/example_dags/example_skip_dag.py
[2024-09-06T14:31:56.680+0000] {processor.py:914} INFO - Processing file /home/airflow/.local/lib/python3.12/site-packages/airflow/example_dags/example_skip_dag.py for tasks to queue
[2024-09-06T14:31:56.682+0000] {logging_mixin.py:190} INFO - [2024-09-06T14:31:56.682+0000] {dagbag.py:587} INFO - Filling up the DagBag from /home/airflow/.local/lib/python3.12/site-packages/airflow/example_dags/example_skip_dag.py
[2024-09-06T14:31:56.689+0000] {processor.py:925} INFO - DAG(s) 'example_skip_dag' retrieved from /home/airflow/.local/lib/python3.12/site-packages/airflow/example_dags/example_skip_dag.py
[2024-09-06T14:31:56.706+0000] {logging_mixin.py:190} INFO - [2024-09-06T14:31:56.706+0000] {dag.py:3229} INFO - Sync 1 DAGs
[2024-09-06T14:31:56.725+0000] {logging_mixin.py:190} INFO - [2024-09-06T14:31:56.725+0000] {dag.py:4156} INFO - Setting next_dagrun for example_skip_dag to 2024-09-05 00:00:00+00:00, run_after=2024-09-06 00:00:00+00:00
[2024-09-06T14:31:56.741+0000] {processor.py:208} INFO - Processing /home/airflow/.local/lib/python3.12/site-packages/airflow/example_dags/example_skip_dag.py took 0.067 seconds
[2024-09-06T14:32:27.251+0000] {processor.py:186} INFO - Started process (PID=1354) to work on /home/airflow/.local/lib/python3.12/site-packages/airflow/example_dags/example_skip_dag.py
[2024-09-06T14:32:27.252+0000] {processor.py:914} INFO - Processing file /home/airflow/.local/lib/python3.12/site-packages/airflow/example_dags/example_skip_dag.py for tasks to queue
[2024-09-06T14:32:27.255+0000] {logging_mixin.py:190} INFO - [2024-09-06T14:32:27.254+0000] {dagbag.py:587} INFO - Filling up the DagBag from /home/airflow/.local/lib/python3.12/site-packages/airflow/example_dags/example_skip_dag.py
[2024-09-06T14:32:27.263+0000] {processor.py:925} INFO - DAG(s) 'example_skip_dag' retrieved from /home/airflow/.local/lib/python3.12/site-packages/airflow/example_dags/example_skip_dag.py
[2024-09-06T14:32:27.284+0000] {logging_mixin.py:190} INFO - [2024-09-06T14:32:27.284+0000] {dag.py:3229} INFO - Sync 1 DAGs
[2024-09-06T14:32:27.303+0000] {logging_mixin.py:190} INFO - [2024-09-06T14:32:27.303+0000] {dag.py:4156} INFO - Setting next_dagrun for example_skip_dag to 2024-09-05 00:00:00+00:00, run_after=2024-09-06 00:00:00+00:00
[2024-09-06T14:32:27.322+0000] {processor.py:208} INFO - Processing /home/airflow/.local/lib/python3.12/site-packages/airflow/example_dags/example_skip_dag.py took 0.076 seconds
[2024-09-06T14:32:57.758+0000] {processor.py:186} INFO - Started process (PID=1416) to work on /home/airflow/.local/lib/python3.12/site-packages/airflow/example_dags/example_skip_dag.py
[2024-09-06T14:32:57.759+0000] {processor.py:914} INFO - Processing file /home/airflow/.local/lib/python3.12/site-packages/airflow/example_dags/example_skip_dag.py for tasks to queue
[2024-09-06T14:32:57.761+0000] {logging_mixin.py:190} INFO - [2024-09-06T14:32:57.761+0000] {dagbag.py:587} INFO - Filling up the DagBag from /home/airflow/.local/lib/python3.12/site-packages/airflow/example_dags/example_skip_dag.py
[2024-09-06T14:32:57.768+0000] {processor.py:925} INFO - DAG(s) 'example_skip_dag' retrieved from /home/airflow/.local/lib/python3.12/site-packages/airflow/example_dags/example_skip_dag.py
[2024-09-06T14:32:57.788+0000] {logging_mixin.py:190} INFO - [2024-09-06T14:32:57.788+0000] {dag.py:3229} INFO - Sync 1 DAGs
[2024-09-06T14:32:57.809+0000] {logging_mixin.py:190} INFO - [2024-09-06T14:32:57.809+0000] {dag.py:4156} INFO - Setting next_dagrun for example_skip_dag to 2024-09-05 00:00:00+00:00, run_after=2024-09-06 00:00:00+00:00
[2024-09-06T14:32:57.826+0000] {processor.py:208} INFO - Processing /home/airflow/.local/lib/python3.12/site-packages/airflow/example_dags/example_skip_dag.py took 0.074 seconds
[2024-09-06T14:33:28.382+0000] {processor.py:186} INFO - Started process (PID=1478) to work on /home/airflow/.local/lib/python3.12/site-packages/airflow/example_dags/example_skip_dag.py
[2024-09-06T14:33:28.383+0000] {processor.py:914} INFO - Processing file /home/airflow/.local/lib/python3.12/site-packages/airflow/example_dags/example_skip_dag.py for tasks to queue
[2024-09-06T14:33:28.385+0000] {logging_mixin.py:190} INFO - [2024-09-06T14:33:28.385+0000] {dagbag.py:587} INFO - Filling up the DagBag from /home/airflow/.local/lib/python3.12/site-packages/airflow/example_dags/example_skip_dag.py
[2024-09-06T14:33:28.392+0000] {processor.py:925} INFO - DAG(s) 'example_skip_dag' retrieved from /home/airflow/.local/lib/python3.12/site-packages/airflow/example_dags/example_skip_dag.py
[2024-09-06T14:33:28.413+0000] {logging_mixin.py:190} INFO - [2024-09-06T14:33:28.412+0000] {dag.py:3229} INFO - Sync 1 DAGs
[2024-09-06T14:33:28.440+0000] {logging_mixin.py:190} INFO - [2024-09-06T14:33:28.440+0000] {dag.py:4156} INFO - Setting next_dagrun for example_skip_dag to 2024-09-05 00:00:00+00:00, run_after=2024-09-06 00:00:00+00:00
[2024-09-06T14:33:28.461+0000] {processor.py:208} INFO - Processing /home/airflow/.local/lib/python3.12/site-packages/airflow/example_dags/example_skip_dag.py took 0.084 seconds
