[2024-09-06T14:22:16.542+0000] {processor.py:186} INFO - Started process (PID=102) to work on /home/airflow/.local/lib/python3.12/site-packages/airflow/example_dags/example_latest_only_with_trigger.py
[2024-09-06T14:22:16.543+0000] {processor.py:914} INFO - Processing file /home/airflow/.local/lib/python3.12/site-packages/airflow/example_dags/example_latest_only_with_trigger.py for tasks to queue
[2024-09-06T14:22:16.545+0000] {logging_mixin.py:190} INFO - [2024-09-06T14:22:16.545+0000] {dagbag.py:587} INFO - Filling up the DagBag from /home/airflow/.local/lib/python3.12/site-packages/airflow/example_dags/example_latest_only_with_trigger.py
[2024-09-06T14:22:16.556+0000] {processor.py:925} INFO - DAG(s) 'latest_only_with_trigger' retrieved from /home/airflow/.local/lib/python3.12/site-packages/airflow/example_dags/example_latest_only_with_trigger.py
[2024-09-06T14:22:16.707+0000] {logging_mixin.py:190} INFO - [2024-09-06T14:22:16.707+0000] {override.py:1900} INFO - Created Permission View: can read on DAG:latest_only_with_trigger
[2024-09-06T14:22:16.724+0000] {logging_mixin.py:190} INFO - [2024-09-06T14:22:16.724+0000] {override.py:1900} INFO - Created Permission View: can delete on DAG:latest_only_with_trigger
[2024-09-06T14:22:16.732+0000] {logging_mixin.py:190} INFO - [2024-09-06T14:22:16.731+0000] {override.py:1900} INFO - Created Permission View: can edit on DAG:latest_only_with_trigger
[2024-09-06T14:22:16.754+0000] {logging_mixin.py:190} INFO - [2024-09-06T14:22:16.753+0000] {override.py:1900} INFO - Created Permission View: can read on DAG Run:latest_only_with_trigger
[2024-09-06T14:22:16.762+0000] {logging_mixin.py:190} INFO - [2024-09-06T14:22:16.762+0000] {override.py:1900} INFO - Created Permission View: can delete on DAG Run:latest_only_with_trigger
[2024-09-06T14:22:16.772+0000] {logging_mixin.py:190} INFO - [2024-09-06T14:22:16.772+0000] {override.py:1900} INFO - Created Permission View: menu access on DAG Run:latest_only_with_trigger
[2024-09-06T14:22:16.779+0000] {logging_mixin.py:190} INFO - [2024-09-06T14:22:16.779+0000] {override.py:1900} INFO - Created Permission View: can create on DAG Run:latest_only_with_trigger
[2024-09-06T14:22:16.780+0000] {logging_mixin.py:190} INFO - [2024-09-06T14:22:16.780+0000] {dag.py:3229} INFO - Sync 1 DAGs
[2024-09-06T14:22:16.794+0000] {logging_mixin.py:190} INFO - [2024-09-06T14:22:16.794+0000] {dag.py:3252} INFO - Creating ORM DAG for latest_only_with_trigger
[2024-09-06T14:22:16.806+0000] {logging_mixin.py:190} INFO - [2024-09-06T14:22:16.806+0000] {dag.py:4156} INFO - Setting next_dagrun for latest_only_with_trigger to 2024-09-06 08:00:00+00:00, run_after=2024-09-06 12:00:00+00:00
[2024-09-06T14:22:16.824+0000] {processor.py:208} INFO - Processing /home/airflow/.local/lib/python3.12/site-packages/airflow/example_dags/example_latest_only_with_trigger.py took 0.288 seconds
[2024-09-06T14:22:47.557+0000] {processor.py:186} INFO - Started process (PID=164) to work on /home/airflow/.local/lib/python3.12/site-packages/airflow/example_dags/example_latest_only_with_trigger.py
[2024-09-06T14:22:47.558+0000] {processor.py:914} INFO - Processing file /home/airflow/.local/lib/python3.12/site-packages/airflow/example_dags/example_latest_only_with_trigger.py for tasks to queue
[2024-09-06T14:22:47.561+0000] {logging_mixin.py:190} INFO - [2024-09-06T14:22:47.560+0000] {dagbag.py:587} INFO - Filling up the DagBag from /home/airflow/.local/lib/python3.12/site-packages/airflow/example_dags/example_latest_only_with_trigger.py
[2024-09-06T14:22:47.567+0000] {processor.py:925} INFO - DAG(s) 'latest_only_with_trigger' retrieved from /home/airflow/.local/lib/python3.12/site-packages/airflow/example_dags/example_latest_only_with_trigger.py
[2024-09-06T14:22:47.587+0000] {logging_mixin.py:190} INFO - [2024-09-06T14:22:47.586+0000] {dag.py:3229} INFO - Sync 1 DAGs
[2024-09-06T14:22:47.607+0000] {logging_mixin.py:190} INFO - [2024-09-06T14:22:47.606+0000] {dag.py:4156} INFO - Setting next_dagrun for latest_only_with_trigger to 2024-09-06 08:00:00+00:00, run_after=2024-09-06 12:00:00+00:00
[2024-09-06T14:22:47.624+0000] {processor.py:208} INFO - Processing /home/airflow/.local/lib/python3.12/site-packages/airflow/example_dags/example_latest_only_with_trigger.py took 0.072 seconds
[2024-09-06T14:23:17.897+0000] {processor.py:186} INFO - Started process (PID=226) to work on /home/airflow/.local/lib/python3.12/site-packages/airflow/example_dags/example_latest_only_with_trigger.py
[2024-09-06T14:23:17.898+0000] {processor.py:914} INFO - Processing file /home/airflow/.local/lib/python3.12/site-packages/airflow/example_dags/example_latest_only_with_trigger.py for tasks to queue
[2024-09-06T14:23:17.900+0000] {logging_mixin.py:190} INFO - [2024-09-06T14:23:17.900+0000] {dagbag.py:587} INFO - Filling up the DagBag from /home/airflow/.local/lib/python3.12/site-packages/airflow/example_dags/example_latest_only_with_trigger.py
[2024-09-06T14:23:17.907+0000] {processor.py:925} INFO - DAG(s) 'latest_only_with_trigger' retrieved from /home/airflow/.local/lib/python3.12/site-packages/airflow/example_dags/example_latest_only_with_trigger.py
[2024-09-06T14:23:17.925+0000] {logging_mixin.py:190} INFO - [2024-09-06T14:23:17.925+0000] {dag.py:3229} INFO - Sync 1 DAGs
[2024-09-06T14:23:17.947+0000] {logging_mixin.py:190} INFO - [2024-09-06T14:23:17.947+0000] {dag.py:4156} INFO - Setting next_dagrun for latest_only_with_trigger to 2024-09-06 08:00:00+00:00, run_after=2024-09-06 12:00:00+00:00
[2024-09-06T14:23:17.964+0000] {processor.py:208} INFO - Processing /home/airflow/.local/lib/python3.12/site-packages/airflow/example_dags/example_latest_only_with_trigger.py took 0.072 seconds
[2024-09-06T14:23:48.342+0000] {processor.py:186} INFO - Started process (PID=288) to work on /home/airflow/.local/lib/python3.12/site-packages/airflow/example_dags/example_latest_only_with_trigger.py
[2024-09-06T14:23:48.343+0000] {processor.py:914} INFO - Processing file /home/airflow/.local/lib/python3.12/site-packages/airflow/example_dags/example_latest_only_with_trigger.py for tasks to queue
[2024-09-06T14:23:48.346+0000] {logging_mixin.py:190} INFO - [2024-09-06T14:23:48.345+0000] {dagbag.py:587} INFO - Filling up the DagBag from /home/airflow/.local/lib/python3.12/site-packages/airflow/example_dags/example_latest_only_with_trigger.py
[2024-09-06T14:23:48.353+0000] {processor.py:925} INFO - DAG(s) 'latest_only_with_trigger' retrieved from /home/airflow/.local/lib/python3.12/site-packages/airflow/example_dags/example_latest_only_with_trigger.py
[2024-09-06T14:23:48.373+0000] {logging_mixin.py:190} INFO - [2024-09-06T14:23:48.373+0000] {dag.py:3229} INFO - Sync 1 DAGs
[2024-09-06T14:23:48.394+0000] {logging_mixin.py:190} INFO - [2024-09-06T14:23:48.394+0000] {dag.py:4156} INFO - Setting next_dagrun for latest_only_with_trigger to 2024-09-06 08:00:00+00:00, run_after=2024-09-06 12:00:00+00:00
[2024-09-06T14:23:48.413+0000] {processor.py:208} INFO - Processing /home/airflow/.local/lib/python3.12/site-packages/airflow/example_dags/example_latest_only_with_trigger.py took 0.076 seconds
[2024-09-06T14:24:18.694+0000] {processor.py:186} INFO - Started process (PID=350) to work on /home/airflow/.local/lib/python3.12/site-packages/airflow/example_dags/example_latest_only_with_trigger.py
[2024-09-06T14:24:18.695+0000] {processor.py:914} INFO - Processing file /home/airflow/.local/lib/python3.12/site-packages/airflow/example_dags/example_latest_only_with_trigger.py for tasks to queue
[2024-09-06T14:24:18.697+0000] {logging_mixin.py:190} INFO - [2024-09-06T14:24:18.697+0000] {dagbag.py:587} INFO - Filling up the DagBag from /home/airflow/.local/lib/python3.12/site-packages/airflow/example_dags/example_latest_only_with_trigger.py
[2024-09-06T14:24:18.703+0000] {processor.py:925} INFO - DAG(s) 'latest_only_with_trigger' retrieved from /home/airflow/.local/lib/python3.12/site-packages/airflow/example_dags/example_latest_only_with_trigger.py
[2024-09-06T14:24:18.722+0000] {logging_mixin.py:190} INFO - [2024-09-06T14:24:18.722+0000] {dag.py:3229} INFO - Sync 1 DAGs
[2024-09-06T14:24:18.740+0000] {logging_mixin.py:190} INFO - [2024-09-06T14:24:18.740+0000] {dag.py:4156} INFO - Setting next_dagrun for latest_only_with_trigger to 2024-09-06 08:00:00+00:00, run_after=2024-09-06 12:00:00+00:00
[2024-09-06T14:24:18.758+0000] {processor.py:208} INFO - Processing /home/airflow/.local/lib/python3.12/site-packages/airflow/example_dags/example_latest_only_with_trigger.py took 0.069 seconds
[2024-09-06T14:24:49.039+0000] {processor.py:186} INFO - Started process (PID=412) to work on /home/airflow/.local/lib/python3.12/site-packages/airflow/example_dags/example_latest_only_with_trigger.py
[2024-09-06T14:24:49.040+0000] {processor.py:914} INFO - Processing file /home/airflow/.local/lib/python3.12/site-packages/airflow/example_dags/example_latest_only_with_trigger.py for tasks to queue
[2024-09-06T14:24:49.042+0000] {logging_mixin.py:190} INFO - [2024-09-06T14:24:49.041+0000] {dagbag.py:587} INFO - Filling up the DagBag from /home/airflow/.local/lib/python3.12/site-packages/airflow/example_dags/example_latest_only_with_trigger.py
[2024-09-06T14:24:49.048+0000] {processor.py:925} INFO - DAG(s) 'latest_only_with_trigger' retrieved from /home/airflow/.local/lib/python3.12/site-packages/airflow/example_dags/example_latest_only_with_trigger.py
[2024-09-06T14:24:49.067+0000] {logging_mixin.py:190} INFO - [2024-09-06T14:24:49.067+0000] {dag.py:3229} INFO - Sync 1 DAGs
[2024-09-06T14:24:49.088+0000] {logging_mixin.py:190} INFO - [2024-09-06T14:24:49.088+0000] {dag.py:4156} INFO - Setting next_dagrun for latest_only_with_trigger to 2024-09-06 08:00:00+00:00, run_after=2024-09-06 12:00:00+00:00
[2024-09-06T14:24:49.105+0000] {processor.py:208} INFO - Processing /home/airflow/.local/lib/python3.12/site-packages/airflow/example_dags/example_latest_only_with_trigger.py took 0.073 seconds
[2024-09-06T14:25:19.322+0000] {processor.py:186} INFO - Started process (PID=475) to work on /home/airflow/.local/lib/python3.12/site-packages/airflow/example_dags/example_latest_only_with_trigger.py
[2024-09-06T14:25:19.323+0000] {processor.py:914} INFO - Processing file /home/airflow/.local/lib/python3.12/site-packages/airflow/example_dags/example_latest_only_with_trigger.py for tasks to queue
[2024-09-06T14:25:19.325+0000] {logging_mixin.py:190} INFO - [2024-09-06T14:25:19.325+0000] {dagbag.py:587} INFO - Filling up the DagBag from /home/airflow/.local/lib/python3.12/site-packages/airflow/example_dags/example_latest_only_with_trigger.py
[2024-09-06T14:25:19.332+0000] {processor.py:925} INFO - DAG(s) 'latest_only_with_trigger' retrieved from /home/airflow/.local/lib/python3.12/site-packages/airflow/example_dags/example_latest_only_with_trigger.py
[2024-09-06T14:25:19.351+0000] {logging_mixin.py:190} INFO - [2024-09-06T14:25:19.351+0000] {dag.py:3229} INFO - Sync 1 DAGs
[2024-09-06T14:25:19.369+0000] {logging_mixin.py:190} INFO - [2024-09-06T14:25:19.369+0000] {dag.py:4156} INFO - Setting next_dagrun for latest_only_with_trigger to 2024-09-06 08:00:00+00:00, run_after=2024-09-06 12:00:00+00:00
[2024-09-06T14:25:19.409+0000] {processor.py:208} INFO - Processing /home/airflow/.local/lib/python3.12/site-packages/airflow/example_dags/example_latest_only_with_trigger.py took 0.092 seconds
[2024-09-06T14:25:49.615+0000] {processor.py:186} INFO - Started process (PID=536) to work on /home/airflow/.local/lib/python3.12/site-packages/airflow/example_dags/example_latest_only_with_trigger.py
[2024-09-06T14:25:49.616+0000] {processor.py:914} INFO - Processing file /home/airflow/.local/lib/python3.12/site-packages/airflow/example_dags/example_latest_only_with_trigger.py for tasks to queue
[2024-09-06T14:25:49.619+0000] {logging_mixin.py:190} INFO - [2024-09-06T14:25:49.618+0000] {dagbag.py:587} INFO - Filling up the DagBag from /home/airflow/.local/lib/python3.12/site-packages/airflow/example_dags/example_latest_only_with_trigger.py
[2024-09-06T14:25:49.625+0000] {processor.py:925} INFO - DAG(s) 'latest_only_with_trigger' retrieved from /home/airflow/.local/lib/python3.12/site-packages/airflow/example_dags/example_latest_only_with_trigger.py
[2024-09-06T14:25:49.646+0000] {logging_mixin.py:190} INFO - [2024-09-06T14:25:49.646+0000] {dag.py:3229} INFO - Sync 1 DAGs
[2024-09-06T14:25:49.666+0000] {logging_mixin.py:190} INFO - [2024-09-06T14:25:49.666+0000] {dag.py:4156} INFO - Setting next_dagrun for latest_only_with_trigger to 2024-09-06 08:00:00+00:00, run_after=2024-09-06 12:00:00+00:00
[2024-09-06T14:25:49.682+0000] {processor.py:208} INFO - Processing /home/airflow/.local/lib/python3.12/site-packages/airflow/example_dags/example_latest_only_with_trigger.py took 0.071 seconds
[2024-09-06T14:26:19.873+0000] {processor.py:186} INFO - Started process (PID=598) to work on /home/airflow/.local/lib/python3.12/site-packages/airflow/example_dags/example_latest_only_with_trigger.py
[2024-09-06T14:26:19.874+0000] {processor.py:914} INFO - Processing file /home/airflow/.local/lib/python3.12/site-packages/airflow/example_dags/example_latest_only_with_trigger.py for tasks to queue
[2024-09-06T14:26:19.876+0000] {logging_mixin.py:190} INFO - [2024-09-06T14:26:19.876+0000] {dagbag.py:587} INFO - Filling up the DagBag from /home/airflow/.local/lib/python3.12/site-packages/airflow/example_dags/example_latest_only_with_trigger.py
[2024-09-06T14:26:19.883+0000] {processor.py:925} INFO - DAG(s) 'latest_only_with_trigger' retrieved from /home/airflow/.local/lib/python3.12/site-packages/airflow/example_dags/example_latest_only_with_trigger.py
[2024-09-06T14:26:19.902+0000] {logging_mixin.py:190} INFO - [2024-09-06T14:26:19.902+0000] {dag.py:3229} INFO - Sync 1 DAGs
[2024-09-06T14:26:19.921+0000] {logging_mixin.py:190} INFO - [2024-09-06T14:26:19.921+0000] {dag.py:4156} INFO - Setting next_dagrun for latest_only_with_trigger to 2024-09-06 08:00:00+00:00, run_after=2024-09-06 12:00:00+00:00
[2024-09-06T14:26:19.940+0000] {processor.py:208} INFO - Processing /home/airflow/.local/lib/python3.12/site-packages/airflow/example_dags/example_latest_only_with_trigger.py took 0.072 seconds
[2024-09-06T14:26:50.143+0000] {processor.py:186} INFO - Started process (PID=660) to work on /home/airflow/.local/lib/python3.12/site-packages/airflow/example_dags/example_latest_only_with_trigger.py
[2024-09-06T14:26:50.144+0000] {processor.py:914} INFO - Processing file /home/airflow/.local/lib/python3.12/site-packages/airflow/example_dags/example_latest_only_with_trigger.py for tasks to queue
[2024-09-06T14:26:50.146+0000] {logging_mixin.py:190} INFO - [2024-09-06T14:26:50.146+0000] {dagbag.py:587} INFO - Filling up the DagBag from /home/airflow/.local/lib/python3.12/site-packages/airflow/example_dags/example_latest_only_with_trigger.py
[2024-09-06T14:26:50.152+0000] {processor.py:925} INFO - DAG(s) 'latest_only_with_trigger' retrieved from /home/airflow/.local/lib/python3.12/site-packages/airflow/example_dags/example_latest_only_with_trigger.py
[2024-09-06T14:26:50.170+0000] {logging_mixin.py:190} INFO - [2024-09-06T14:26:50.169+0000] {dag.py:3229} INFO - Sync 1 DAGs
[2024-09-06T14:26:50.188+0000] {logging_mixin.py:190} INFO - [2024-09-06T14:26:50.188+0000] {dag.py:4156} INFO - Setting next_dagrun for latest_only_with_trigger to 2024-09-06 08:00:00+00:00, run_after=2024-09-06 12:00:00+00:00
[2024-09-06T14:26:50.206+0000] {processor.py:208} INFO - Processing /home/airflow/.local/lib/python3.12/site-packages/airflow/example_dags/example_latest_only_with_trigger.py took 0.069 seconds
[2024-09-06T14:27:20.388+0000] {processor.py:186} INFO - Started process (PID=722) to work on /home/airflow/.local/lib/python3.12/site-packages/airflow/example_dags/example_latest_only_with_trigger.py
[2024-09-06T14:27:20.389+0000] {processor.py:914} INFO - Processing file /home/airflow/.local/lib/python3.12/site-packages/airflow/example_dags/example_latest_only_with_trigger.py for tasks to queue
[2024-09-06T14:27:20.391+0000] {logging_mixin.py:190} INFO - [2024-09-06T14:27:20.391+0000] {dagbag.py:587} INFO - Filling up the DagBag from /home/airflow/.local/lib/python3.12/site-packages/airflow/example_dags/example_latest_only_with_trigger.py
[2024-09-06T14:27:20.398+0000] {processor.py:925} INFO - DAG(s) 'latest_only_with_trigger' retrieved from /home/airflow/.local/lib/python3.12/site-packages/airflow/example_dags/example_latest_only_with_trigger.py
[2024-09-06T14:27:20.420+0000] {logging_mixin.py:190} INFO - [2024-09-06T14:27:20.420+0000] {dag.py:3229} INFO - Sync 1 DAGs
[2024-09-06T14:27:20.445+0000] {logging_mixin.py:190} INFO - [2024-09-06T14:27:20.445+0000] {dag.py:4156} INFO - Setting next_dagrun for latest_only_with_trigger to 2024-09-06 08:00:00+00:00, run_after=2024-09-06 12:00:00+00:00
[2024-09-06T14:27:20.466+0000] {processor.py:208} INFO - Processing /home/airflow/.local/lib/python3.12/site-packages/airflow/example_dags/example_latest_only_with_trigger.py took 0.084 seconds
[2024-09-06T14:27:50.648+0000] {processor.py:186} INFO - Started process (PID=784) to work on /home/airflow/.local/lib/python3.12/site-packages/airflow/example_dags/example_latest_only_with_trigger.py
[2024-09-06T14:27:50.649+0000] {processor.py:914} INFO - Processing file /home/airflow/.local/lib/python3.12/site-packages/airflow/example_dags/example_latest_only_with_trigger.py for tasks to queue
[2024-09-06T14:27:50.652+0000] {logging_mixin.py:190} INFO - [2024-09-06T14:27:50.651+0000] {dagbag.py:587} INFO - Filling up the DagBag from /home/airflow/.local/lib/python3.12/site-packages/airflow/example_dags/example_latest_only_with_trigger.py
[2024-09-06T14:27:50.658+0000] {processor.py:925} INFO - DAG(s) 'latest_only_with_trigger' retrieved from /home/airflow/.local/lib/python3.12/site-packages/airflow/example_dags/example_latest_only_with_trigger.py
[2024-09-06T14:27:50.675+0000] {logging_mixin.py:190} INFO - [2024-09-06T14:27:50.675+0000] {dag.py:3229} INFO - Sync 1 DAGs
[2024-09-06T14:27:50.694+0000] {logging_mixin.py:190} INFO - [2024-09-06T14:27:50.694+0000] {dag.py:4156} INFO - Setting next_dagrun for latest_only_with_trigger to 2024-09-06 08:00:00+00:00, run_after=2024-09-06 12:00:00+00:00
[2024-09-06T14:27:50.712+0000] {processor.py:208} INFO - Processing /home/airflow/.local/lib/python3.12/site-packages/airflow/example_dags/example_latest_only_with_trigger.py took 0.070 seconds
[2024-09-06T14:28:20.771+0000] {processor.py:186} INFO - Started process (PID=845) to work on /home/airflow/.local/lib/python3.12/site-packages/airflow/example_dags/example_latest_only_with_trigger.py
[2024-09-06T14:28:20.771+0000] {processor.py:914} INFO - Processing file /home/airflow/.local/lib/python3.12/site-packages/airflow/example_dags/example_latest_only_with_trigger.py for tasks to queue
[2024-09-06T14:28:20.773+0000] {logging_mixin.py:190} INFO - [2024-09-06T14:28:20.773+0000] {dagbag.py:587} INFO - Filling up the DagBag from /home/airflow/.local/lib/python3.12/site-packages/airflow/example_dags/example_latest_only_with_trigger.py
[2024-09-06T14:28:20.780+0000] {processor.py:925} INFO - DAG(s) 'latest_only_with_trigger' retrieved from /home/airflow/.local/lib/python3.12/site-packages/airflow/example_dags/example_latest_only_with_trigger.py
[2024-09-06T14:28:20.798+0000] {logging_mixin.py:190} INFO - [2024-09-06T14:28:20.798+0000] {dag.py:3229} INFO - Sync 1 DAGs
[2024-09-06T14:28:20.819+0000] {logging_mixin.py:190} INFO - [2024-09-06T14:28:20.819+0000] {dag.py:4156} INFO - Setting next_dagrun for latest_only_with_trigger to 2024-09-06 08:00:00+00:00, run_after=2024-09-06 12:00:00+00:00
[2024-09-06T14:28:20.836+0000] {processor.py:208} INFO - Processing /home/airflow/.local/lib/python3.12/site-packages/airflow/example_dags/example_latest_only_with_trigger.py took 0.070 seconds
[2024-09-06T14:28:51.277+0000] {processor.py:186} INFO - Started process (PID=908) to work on /home/airflow/.local/lib/python3.12/site-packages/airflow/example_dags/example_latest_only_with_trigger.py
[2024-09-06T14:28:51.278+0000] {processor.py:914} INFO - Processing file /home/airflow/.local/lib/python3.12/site-packages/airflow/example_dags/example_latest_only_with_trigger.py for tasks to queue
[2024-09-06T14:28:51.281+0000] {logging_mixin.py:190} INFO - [2024-09-06T14:28:51.281+0000] {dagbag.py:587} INFO - Filling up the DagBag from /home/airflow/.local/lib/python3.12/site-packages/airflow/example_dags/example_latest_only_with_trigger.py
[2024-09-06T14:28:51.289+0000] {processor.py:925} INFO - DAG(s) 'latest_only_with_trigger' retrieved from /home/airflow/.local/lib/python3.12/site-packages/airflow/example_dags/example_latest_only_with_trigger.py
[2024-09-06T14:28:51.308+0000] {logging_mixin.py:190} INFO - [2024-09-06T14:28:51.308+0000] {dag.py:3229} INFO - Sync 1 DAGs
[2024-09-06T14:28:51.328+0000] {logging_mixin.py:190} INFO - [2024-09-06T14:28:51.328+0000] {dag.py:4156} INFO - Setting next_dagrun for latest_only_with_trigger to 2024-09-06 08:00:00+00:00, run_after=2024-09-06 12:00:00+00:00
[2024-09-06T14:28:51.346+0000] {processor.py:208} INFO - Processing /home/airflow/.local/lib/python3.12/site-packages/airflow/example_dags/example_latest_only_with_trigger.py took 0.074 seconds
[2024-09-06T14:29:22.216+0000] {processor.py:186} INFO - Started process (PID=970) to work on /home/airflow/.local/lib/python3.12/site-packages/airflow/example_dags/example_latest_only_with_trigger.py
[2024-09-06T14:29:22.217+0000] {processor.py:914} INFO - Processing file /home/airflow/.local/lib/python3.12/site-packages/airflow/example_dags/example_latest_only_with_trigger.py for tasks to queue
[2024-09-06T14:29:22.219+0000] {logging_mixin.py:190} INFO - [2024-09-06T14:29:22.219+0000] {dagbag.py:587} INFO - Filling up the DagBag from /home/airflow/.local/lib/python3.12/site-packages/airflow/example_dags/example_latest_only_with_trigger.py
[2024-09-06T14:29:22.225+0000] {processor.py:925} INFO - DAG(s) 'latest_only_with_trigger' retrieved from /home/airflow/.local/lib/python3.12/site-packages/airflow/example_dags/example_latest_only_with_trigger.py
[2024-09-06T14:29:22.244+0000] {logging_mixin.py:190} INFO - [2024-09-06T14:29:22.244+0000] {dag.py:3229} INFO - Sync 1 DAGs
[2024-09-06T14:29:22.264+0000] {logging_mixin.py:190} INFO - [2024-09-06T14:29:22.264+0000] {dag.py:4156} INFO - Setting next_dagrun for latest_only_with_trigger to 2024-09-06 08:00:00+00:00, run_after=2024-09-06 12:00:00+00:00
[2024-09-06T14:29:22.284+0000] {processor.py:208} INFO - Processing /home/airflow/.local/lib/python3.12/site-packages/airflow/example_dags/example_latest_only_with_trigger.py took 0.073 seconds
[2024-09-06T14:29:53.146+0000] {processor.py:186} INFO - Started process (PID=1032) to work on /home/airflow/.local/lib/python3.12/site-packages/airflow/example_dags/example_latest_only_with_trigger.py
[2024-09-06T14:29:53.147+0000] {processor.py:914} INFO - Processing file /home/airflow/.local/lib/python3.12/site-packages/airflow/example_dags/example_latest_only_with_trigger.py for tasks to queue
[2024-09-06T14:29:53.149+0000] {logging_mixin.py:190} INFO - [2024-09-06T14:29:53.149+0000] {dagbag.py:587} INFO - Filling up the DagBag from /home/airflow/.local/lib/python3.12/site-packages/airflow/example_dags/example_latest_only_with_trigger.py
[2024-09-06T14:29:53.155+0000] {processor.py:925} INFO - DAG(s) 'latest_only_with_trigger' retrieved from /home/airflow/.local/lib/python3.12/site-packages/airflow/example_dags/example_latest_only_with_trigger.py
[2024-09-06T14:29:53.173+0000] {logging_mixin.py:190} INFO - [2024-09-06T14:29:53.173+0000] {dag.py:3229} INFO - Sync 1 DAGs
[2024-09-06T14:29:53.193+0000] {logging_mixin.py:190} INFO - [2024-09-06T14:29:53.192+0000] {dag.py:4156} INFO - Setting next_dagrun for latest_only_with_trigger to 2024-09-06 08:00:00+00:00, run_after=2024-09-06 12:00:00+00:00
[2024-09-06T14:29:53.212+0000] {processor.py:208} INFO - Processing /home/airflow/.local/lib/python3.12/site-packages/airflow/example_dags/example_latest_only_with_trigger.py took 0.071 seconds
[2024-09-06T14:30:23.395+0000] {processor.py:186} INFO - Started process (PID=1094) to work on /home/airflow/.local/lib/python3.12/site-packages/airflow/example_dags/example_latest_only_with_trigger.py
[2024-09-06T14:30:23.396+0000] {processor.py:914} INFO - Processing file /home/airflow/.local/lib/python3.12/site-packages/airflow/example_dags/example_latest_only_with_trigger.py for tasks to queue
[2024-09-06T14:30:23.399+0000] {logging_mixin.py:190} INFO - [2024-09-06T14:30:23.398+0000] {dagbag.py:587} INFO - Filling up the DagBag from /home/airflow/.local/lib/python3.12/site-packages/airflow/example_dags/example_latest_only_with_trigger.py
[2024-09-06T14:30:23.406+0000] {processor.py:925} INFO - DAG(s) 'latest_only_with_trigger' retrieved from /home/airflow/.local/lib/python3.12/site-packages/airflow/example_dags/example_latest_only_with_trigger.py
[2024-09-06T14:30:23.423+0000] {logging_mixin.py:190} INFO - [2024-09-06T14:30:23.423+0000] {dag.py:3229} INFO - Sync 1 DAGs
[2024-09-06T14:30:23.444+0000] {logging_mixin.py:190} INFO - [2024-09-06T14:30:23.444+0000] {dag.py:4156} INFO - Setting next_dagrun for latest_only_with_trigger to 2024-09-06 08:00:00+00:00, run_after=2024-09-06 12:00:00+00:00
[2024-09-06T14:30:23.463+0000] {processor.py:208} INFO - Processing /home/airflow/.local/lib/python3.12/site-packages/airflow/example_dags/example_latest_only_with_trigger.py took 0.074 seconds
[2024-09-06T14:30:53.497+0000] {processor.py:186} INFO - Started process (PID=1155) to work on /home/airflow/.local/lib/python3.12/site-packages/airflow/example_dags/example_latest_only_with_trigger.py
[2024-09-06T14:30:53.498+0000] {processor.py:914} INFO - Processing file /home/airflow/.local/lib/python3.12/site-packages/airflow/example_dags/example_latest_only_with_trigger.py for tasks to queue
[2024-09-06T14:30:53.501+0000] {logging_mixin.py:190} INFO - [2024-09-06T14:30:53.500+0000] {dagbag.py:587} INFO - Filling up the DagBag from /home/airflow/.local/lib/python3.12/site-packages/airflow/example_dags/example_latest_only_with_trigger.py
[2024-09-06T14:30:53.508+0000] {processor.py:925} INFO - DAG(s) 'latest_only_with_trigger' retrieved from /home/airflow/.local/lib/python3.12/site-packages/airflow/example_dags/example_latest_only_with_trigger.py
[2024-09-06T14:30:53.527+0000] {logging_mixin.py:190} INFO - [2024-09-06T14:30:53.526+0000] {dag.py:3229} INFO - Sync 1 DAGs
[2024-09-06T14:30:53.548+0000] {logging_mixin.py:190} INFO - [2024-09-06T14:30:53.547+0000] {dag.py:4156} INFO - Setting next_dagrun for latest_only_with_trigger to 2024-09-06 08:00:00+00:00, run_after=2024-09-06 12:00:00+00:00
[2024-09-06T14:30:53.564+0000] {processor.py:208} INFO - Processing /home/airflow/.local/lib/python3.12/site-packages/airflow/example_dags/example_latest_only_with_trigger.py took 0.071 seconds
[2024-09-06T14:31:24.291+0000] {processor.py:186} INFO - Started process (PID=1218) to work on /home/airflow/.local/lib/python3.12/site-packages/airflow/example_dags/example_latest_only_with_trigger.py
[2024-09-06T14:31:24.293+0000] {processor.py:914} INFO - Processing file /home/airflow/.local/lib/python3.12/site-packages/airflow/example_dags/example_latest_only_with_trigger.py for tasks to queue
[2024-09-06T14:31:24.295+0000] {logging_mixin.py:190} INFO - [2024-09-06T14:31:24.294+0000] {dagbag.py:587} INFO - Filling up the DagBag from /home/airflow/.local/lib/python3.12/site-packages/airflow/example_dags/example_latest_only_with_trigger.py
[2024-09-06T14:31:24.303+0000] {processor.py:925} INFO - DAG(s) 'latest_only_with_trigger' retrieved from /home/airflow/.local/lib/python3.12/site-packages/airflow/example_dags/example_latest_only_with_trigger.py
[2024-09-06T14:31:24.324+0000] {logging_mixin.py:190} INFO - [2024-09-06T14:31:24.324+0000] {dag.py:3229} INFO - Sync 1 DAGs
[2024-09-06T14:31:24.346+0000] {logging_mixin.py:190} INFO - [2024-09-06T14:31:24.346+0000] {dag.py:4156} INFO - Setting next_dagrun for latest_only_with_trigger to 2024-09-06 08:00:00+00:00, run_after=2024-09-06 12:00:00+00:00
[2024-09-06T14:31:24.369+0000] {processor.py:208} INFO - Processing /home/airflow/.local/lib/python3.12/site-packages/airflow/example_dags/example_latest_only_with_trigger.py took 0.083 seconds
[2024-09-06T14:31:54.910+0000] {processor.py:186} INFO - Started process (PID=1280) to work on /home/airflow/.local/lib/python3.12/site-packages/airflow/example_dags/example_latest_only_with_trigger.py
[2024-09-06T14:31:54.911+0000] {processor.py:914} INFO - Processing file /home/airflow/.local/lib/python3.12/site-packages/airflow/example_dags/example_latest_only_with_trigger.py for tasks to queue
[2024-09-06T14:31:54.913+0000] {logging_mixin.py:190} INFO - [2024-09-06T14:31:54.913+0000] {dagbag.py:587} INFO - Filling up the DagBag from /home/airflow/.local/lib/python3.12/site-packages/airflow/example_dags/example_latest_only_with_trigger.py
[2024-09-06T14:31:54.921+0000] {processor.py:925} INFO - DAG(s) 'latest_only_with_trigger' retrieved from /home/airflow/.local/lib/python3.12/site-packages/airflow/example_dags/example_latest_only_with_trigger.py
[2024-09-06T14:31:54.940+0000] {logging_mixin.py:190} INFO - [2024-09-06T14:31:54.940+0000] {dag.py:3229} INFO - Sync 1 DAGs
[2024-09-06T14:31:54.961+0000] {logging_mixin.py:190} INFO - [2024-09-06T14:31:54.961+0000] {dag.py:4156} INFO - Setting next_dagrun for latest_only_with_trigger to 2024-09-06 08:00:00+00:00, run_after=2024-09-06 12:00:00+00:00
[2024-09-06T14:31:54.984+0000] {processor.py:208} INFO - Processing /home/airflow/.local/lib/python3.12/site-packages/airflow/example_dags/example_latest_only_with_trigger.py took 0.079 seconds
[2024-09-06T14:32:25.510+0000] {processor.py:186} INFO - Started process (PID=1342) to work on /home/airflow/.local/lib/python3.12/site-packages/airflow/example_dags/example_latest_only_with_trigger.py
[2024-09-06T14:32:25.511+0000] {processor.py:914} INFO - Processing file /home/airflow/.local/lib/python3.12/site-packages/airflow/example_dags/example_latest_only_with_trigger.py for tasks to queue
[2024-09-06T14:32:25.514+0000] {logging_mixin.py:190} INFO - [2024-09-06T14:32:25.513+0000] {dagbag.py:587} INFO - Filling up the DagBag from /home/airflow/.local/lib/python3.12/site-packages/airflow/example_dags/example_latest_only_with_trigger.py
[2024-09-06T14:32:25.521+0000] {processor.py:925} INFO - DAG(s) 'latest_only_with_trigger' retrieved from /home/airflow/.local/lib/python3.12/site-packages/airflow/example_dags/example_latest_only_with_trigger.py
[2024-09-06T14:32:25.541+0000] {logging_mixin.py:190} INFO - [2024-09-06T14:32:25.540+0000] {dag.py:3229} INFO - Sync 1 DAGs
[2024-09-06T14:32:25.563+0000] {logging_mixin.py:190} INFO - [2024-09-06T14:32:25.563+0000] {dag.py:4156} INFO - Setting next_dagrun for latest_only_with_trigger to 2024-09-06 08:00:00+00:00, run_after=2024-09-06 12:00:00+00:00
[2024-09-06T14:32:25.579+0000] {processor.py:208} INFO - Processing /home/airflow/.local/lib/python3.12/site-packages/airflow/example_dags/example_latest_only_with_trigger.py took 0.074 seconds
[2024-09-06T14:32:55.972+0000] {processor.py:186} INFO - Started process (PID=1404) to work on /home/airflow/.local/lib/python3.12/site-packages/airflow/example_dags/example_latest_only_with_trigger.py
[2024-09-06T14:32:55.973+0000] {processor.py:914} INFO - Processing file /home/airflow/.local/lib/python3.12/site-packages/airflow/example_dags/example_latest_only_with_trigger.py for tasks to queue
[2024-09-06T14:32:55.975+0000] {logging_mixin.py:190} INFO - [2024-09-06T14:32:55.975+0000] {dagbag.py:587} INFO - Filling up the DagBag from /home/airflow/.local/lib/python3.12/site-packages/airflow/example_dags/example_latest_only_with_trigger.py
[2024-09-06T14:32:55.983+0000] {processor.py:925} INFO - DAG(s) 'latest_only_with_trigger' retrieved from /home/airflow/.local/lib/python3.12/site-packages/airflow/example_dags/example_latest_only_with_trigger.py
[2024-09-06T14:32:56.003+0000] {logging_mixin.py:190} INFO - [2024-09-06T14:32:56.002+0000] {dag.py:3229} INFO - Sync 1 DAGs
[2024-09-06T14:32:56.022+0000] {logging_mixin.py:190} INFO - [2024-09-06T14:32:56.022+0000] {dag.py:4156} INFO - Setting next_dagrun for latest_only_with_trigger to 2024-09-06 08:00:00+00:00, run_after=2024-09-06 12:00:00+00:00
[2024-09-06T14:32:56.041+0000] {processor.py:208} INFO - Processing /home/airflow/.local/lib/python3.12/site-packages/airflow/example_dags/example_latest_only_with_trigger.py took 0.075 seconds
[2024-09-06T14:33:26.527+0000] {processor.py:186} INFO - Started process (PID=1466) to work on /home/airflow/.local/lib/python3.12/site-packages/airflow/example_dags/example_latest_only_with_trigger.py
[2024-09-06T14:33:26.528+0000] {processor.py:914} INFO - Processing file /home/airflow/.local/lib/python3.12/site-packages/airflow/example_dags/example_latest_only_with_trigger.py for tasks to queue
[2024-09-06T14:33:26.530+0000] {logging_mixin.py:190} INFO - [2024-09-06T14:33:26.530+0000] {dagbag.py:587} INFO - Filling up the DagBag from /home/airflow/.local/lib/python3.12/site-packages/airflow/example_dags/example_latest_only_with_trigger.py
[2024-09-06T14:33:26.540+0000] {processor.py:925} INFO - DAG(s) 'latest_only_with_trigger' retrieved from /home/airflow/.local/lib/python3.12/site-packages/airflow/example_dags/example_latest_only_with_trigger.py
[2024-09-06T14:33:26.561+0000] {logging_mixin.py:190} INFO - [2024-09-06T14:33:26.561+0000] {dag.py:3229} INFO - Sync 1 DAGs
[2024-09-06T14:33:26.586+0000] {logging_mixin.py:190} INFO - [2024-09-06T14:33:26.586+0000] {dag.py:4156} INFO - Setting next_dagrun for latest_only_with_trigger to 2024-09-06 08:00:00+00:00, run_after=2024-09-06 12:00:00+00:00
[2024-09-06T14:33:26.605+0000] {processor.py:208} INFO - Processing /home/airflow/.local/lib/python3.12/site-packages/airflow/example_dags/example_latest_only_with_trigger.py took 0.084 seconds
