[2024-09-06T14:22:12.604+0000] {processor.py:186} INFO - Started process (PID=84) to work on /home/airflow/.local/lib/python3.12/site-packages/airflow/example_dags/example_dataset_alias.py
[2024-09-06T14:22:12.605+0000] {processor.py:914} INFO - Processing file /home/airflow/.local/lib/python3.12/site-packages/airflow/example_dags/example_dataset_alias.py for tasks to queue
[2024-09-06T14:22:12.609+0000] {logging_mixin.py:190} INFO - [2024-09-06T14:22:12.608+0000] {dagbag.py:587} INFO - Filling up the DagBag from /home/airflow/.local/lib/python3.12/site-packages/airflow/example_dags/example_dataset_alias.py
[2024-09-06T14:22:13.134+0000] {processor.py:925} INFO - DAG(s) 'dataset_s3_bucket_consumer', 'dataset_alias_example_alias_producer', 'dataset_alias_example_alias_consumer', 'dataset_s3_bucket_producer' retrieved from /home/airflow/.local/lib/python3.12/site-packages/airflow/example_dags/example_dataset_alias.py
[2024-09-06T14:22:13.231+0000] {logging_mixin.py:190} INFO - [2024-09-06T14:22:13.231+0000] {override.py:1900} INFO - Created Permission View: can read on DAG:dataset_s3_bucket_consumer
[2024-09-06T14:22:13.241+0000] {logging_mixin.py:190} INFO - [2024-09-06T14:22:13.241+0000] {override.py:1900} INFO - Created Permission View: can delete on DAG:dataset_s3_bucket_consumer
[2024-09-06T14:22:13.249+0000] {logging_mixin.py:190} INFO - [2024-09-06T14:22:13.249+0000] {override.py:1900} INFO - Created Permission View: can edit on DAG:dataset_s3_bucket_consumer
[2024-09-06T14:22:13.260+0000] {logging_mixin.py:190} INFO - [2024-09-06T14:22:13.260+0000] {override.py:1900} INFO - Created Permission View: can read on DAG Run:dataset_s3_bucket_consumer
[2024-09-06T14:22:13.266+0000] {logging_mixin.py:190} INFO - [2024-09-06T14:22:13.266+0000] {override.py:1900} INFO - Created Permission View: can delete on DAG Run:dataset_s3_bucket_consumer
[2024-09-06T14:22:13.273+0000] {logging_mixin.py:190} INFO - [2024-09-06T14:22:13.272+0000] {override.py:1900} INFO - Created Permission View: menu access on DAG Run:dataset_s3_bucket_consumer
[2024-09-06T14:22:13.280+0000] {logging_mixin.py:190} INFO - [2024-09-06T14:22:13.279+0000] {override.py:1900} INFO - Created Permission View: can create on DAG Run:dataset_s3_bucket_consumer
[2024-09-06T14:22:13.292+0000] {logging_mixin.py:190} INFO - [2024-09-06T14:22:13.292+0000] {override.py:1900} INFO - Created Permission View: can read on DAG:dataset_alias_example_alias_producer
[2024-09-06T14:22:13.300+0000] {logging_mixin.py:190} INFO - [2024-09-06T14:22:13.299+0000] {override.py:1900} INFO - Created Permission View: can delete on DAG:dataset_alias_example_alias_producer
[2024-09-06T14:22:13.306+0000] {logging_mixin.py:190} INFO - [2024-09-06T14:22:13.306+0000] {override.py:1900} INFO - Created Permission View: can edit on DAG:dataset_alias_example_alias_producer
[2024-09-06T14:22:13.314+0000] {logging_mixin.py:190} INFO - [2024-09-06T14:22:13.314+0000] {override.py:1900} INFO - Created Permission View: can read on DAG Run:dataset_alias_example_alias_producer
[2024-09-06T14:22:13.321+0000] {logging_mixin.py:190} INFO - [2024-09-06T14:22:13.321+0000] {override.py:1900} INFO - Created Permission View: can delete on DAG Run:dataset_alias_example_alias_producer
[2024-09-06T14:22:13.328+0000] {logging_mixin.py:190} INFO - [2024-09-06T14:22:13.328+0000] {override.py:1900} INFO - Created Permission View: menu access on DAG Run:dataset_alias_example_alias_producer
[2024-09-06T14:22:13.335+0000] {logging_mixin.py:190} INFO - [2024-09-06T14:22:13.335+0000] {override.py:1900} INFO - Created Permission View: can create on DAG Run:dataset_alias_example_alias_producer
[2024-09-06T14:22:13.346+0000] {logging_mixin.py:190} INFO - [2024-09-06T14:22:13.345+0000] {override.py:1900} INFO - Created Permission View: can read on DAG:dataset_alias_example_alias_consumer
[2024-09-06T14:22:13.352+0000] {logging_mixin.py:190} INFO - [2024-09-06T14:22:13.352+0000] {override.py:1900} INFO - Created Permission View: can delete on DAG:dataset_alias_example_alias_consumer
[2024-09-06T14:22:13.359+0000] {logging_mixin.py:190} INFO - [2024-09-06T14:22:13.359+0000] {override.py:1900} INFO - Created Permission View: can edit on DAG:dataset_alias_example_alias_consumer
[2024-09-06T14:22:13.366+0000] {logging_mixin.py:190} INFO - [2024-09-06T14:22:13.366+0000] {override.py:1900} INFO - Created Permission View: can read on DAG Run:dataset_alias_example_alias_consumer
[2024-09-06T14:22:13.372+0000] {logging_mixin.py:190} INFO - [2024-09-06T14:22:13.372+0000] {override.py:1900} INFO - Created Permission View: can delete on DAG Run:dataset_alias_example_alias_consumer
[2024-09-06T14:22:13.378+0000] {logging_mixin.py:190} INFO - [2024-09-06T14:22:13.378+0000] {override.py:1900} INFO - Created Permission View: menu access on DAG Run:dataset_alias_example_alias_consumer
[2024-09-06T14:22:13.384+0000] {logging_mixin.py:190} INFO - [2024-09-06T14:22:13.384+0000] {override.py:1900} INFO - Created Permission View: can create on DAG Run:dataset_alias_example_alias_consumer
[2024-09-06T14:22:13.397+0000] {logging_mixin.py:190} INFO - [2024-09-06T14:22:13.396+0000] {override.py:1900} INFO - Created Permission View: can read on DAG:dataset_s3_bucket_producer
[2024-09-06T14:22:13.403+0000] {logging_mixin.py:190} INFO - [2024-09-06T14:22:13.403+0000] {override.py:1900} INFO - Created Permission View: can delete on DAG:dataset_s3_bucket_producer
[2024-09-06T14:22:13.410+0000] {logging_mixin.py:190} INFO - [2024-09-06T14:22:13.410+0000] {override.py:1900} INFO - Created Permission View: can edit on DAG:dataset_s3_bucket_producer
[2024-09-06T14:22:13.417+0000] {logging_mixin.py:190} INFO - [2024-09-06T14:22:13.417+0000] {override.py:1900} INFO - Created Permission View: can read on DAG Run:dataset_s3_bucket_producer
[2024-09-06T14:22:13.424+0000] {logging_mixin.py:190} INFO - [2024-09-06T14:22:13.424+0000] {override.py:1900} INFO - Created Permission View: can delete on DAG Run:dataset_s3_bucket_producer
[2024-09-06T14:22:13.432+0000] {logging_mixin.py:190} INFO - [2024-09-06T14:22:13.432+0000] {override.py:1900} INFO - Created Permission View: menu access on DAG Run:dataset_s3_bucket_producer
[2024-09-06T14:22:13.439+0000] {logging_mixin.py:190} INFO - [2024-09-06T14:22:13.439+0000] {override.py:1900} INFO - Created Permission View: can create on DAG Run:dataset_s3_bucket_producer
[2024-09-06T14:22:13.440+0000] {logging_mixin.py:190} INFO - [2024-09-06T14:22:13.439+0000] {dag.py:3229} INFO - Sync 4 DAGs
[2024-09-06T14:22:13.456+0000] {logging_mixin.py:190} INFO - [2024-09-06T14:22:13.455+0000] {dag.py:3252} INFO - Creating ORM DAG for dataset_s3_bucket_producer
[2024-09-06T14:22:13.457+0000] {logging_mixin.py:190} INFO - [2024-09-06T14:22:13.457+0000] {dag.py:3252} INFO - Creating ORM DAG for dataset_alias_example_alias_producer
[2024-09-06T14:22:13.458+0000] {logging_mixin.py:190} INFO - [2024-09-06T14:22:13.458+0000] {dag.py:3252} INFO - Creating ORM DAG for dataset_alias_example_alias_consumer
[2024-09-06T14:22:13.459+0000] {logging_mixin.py:190} INFO - [2024-09-06T14:22:13.459+0000] {dag.py:3252} INFO - Creating ORM DAG for dataset_s3_bucket_consumer
[2024-09-06T14:22:13.472+0000] {logging_mixin.py:190} INFO - [2024-09-06T14:22:13.472+0000] {dag.py:4156} INFO - Setting next_dagrun for dataset_alias_example_alias_consumer to None, run_after=None
[2024-09-06T14:22:13.474+0000] {logging_mixin.py:190} INFO - [2024-09-06T14:22:13.473+0000] {dag.py:4156} INFO - Setting next_dagrun for dataset_alias_example_alias_producer to None, run_after=None
[2024-09-06T14:22:13.475+0000] {logging_mixin.py:190} INFO - [2024-09-06T14:22:13.475+0000] {dag.py:4156} INFO - Setting next_dagrun for dataset_s3_bucket_consumer to None, run_after=None
[2024-09-06T14:22:13.476+0000] {logging_mixin.py:190} INFO - [2024-09-06T14:22:13.476+0000] {dag.py:4156} INFO - Setting next_dagrun for dataset_s3_bucket_producer to None, run_after=None
[2024-09-06T14:22:13.515+0000] {processor.py:208} INFO - Processing /home/airflow/.local/lib/python3.12/site-packages/airflow/example_dags/example_dataset_alias.py took 0.917 seconds
[2024-09-06T14:22:44.165+0000] {processor.py:186} INFO - Started process (PID=146) to work on /home/airflow/.local/lib/python3.12/site-packages/airflow/example_dags/example_dataset_alias.py
[2024-09-06T14:22:44.165+0000] {processor.py:914} INFO - Processing file /home/airflow/.local/lib/python3.12/site-packages/airflow/example_dags/example_dataset_alias.py for tasks to queue
[2024-09-06T14:22:44.168+0000] {logging_mixin.py:190} INFO - [2024-09-06T14:22:44.167+0000] {dagbag.py:587} INFO - Filling up the DagBag from /home/airflow/.local/lib/python3.12/site-packages/airflow/example_dags/example_dataset_alias.py
[2024-09-06T14:22:44.327+0000] {processor.py:925} INFO - DAG(s) 'dataset_s3_bucket_consumer', 'dataset_s3_bucket_producer', 'dataset_alias_example_alias_producer', 'dataset_alias_example_alias_consumer' retrieved from /home/airflow/.local/lib/python3.12/site-packages/airflow/example_dags/example_dataset_alias.py
[2024-09-06T14:22:44.348+0000] {logging_mixin.py:190} INFO - [2024-09-06T14:22:44.348+0000] {dag.py:3229} INFO - Sync 4 DAGs
[2024-09-06T14:22:44.372+0000] {logging_mixin.py:190} INFO - [2024-09-06T14:22:44.372+0000] {dag.py:4156} INFO - Setting next_dagrun for dataset_alias_example_alias_consumer to None, run_after=None
[2024-09-06T14:22:44.375+0000] {logging_mixin.py:190} INFO - [2024-09-06T14:22:44.375+0000] {dag.py:4156} INFO - Setting next_dagrun for dataset_alias_example_alias_producer to None, run_after=None
[2024-09-06T14:22:44.377+0000] {logging_mixin.py:190} INFO - [2024-09-06T14:22:44.377+0000] {dag.py:4156} INFO - Setting next_dagrun for dataset_s3_bucket_consumer to None, run_after=None
[2024-09-06T14:22:44.378+0000] {logging_mixin.py:190} INFO - [2024-09-06T14:22:44.378+0000] {dag.py:4156} INFO - Setting next_dagrun for dataset_s3_bucket_producer to None, run_after=None
[2024-09-06T14:22:44.402+0000] {processor.py:208} INFO - Processing /home/airflow/.local/lib/python3.12/site-packages/airflow/example_dags/example_dataset_alias.py took 0.242 seconds
[2024-09-06T14:23:14.685+0000] {processor.py:186} INFO - Started process (PID=208) to work on /home/airflow/.local/lib/python3.12/site-packages/airflow/example_dags/example_dataset_alias.py
[2024-09-06T14:23:14.686+0000] {processor.py:914} INFO - Processing file /home/airflow/.local/lib/python3.12/site-packages/airflow/example_dags/example_dataset_alias.py for tasks to queue
[2024-09-06T14:23:14.689+0000] {logging_mixin.py:190} INFO - [2024-09-06T14:23:14.688+0000] {dagbag.py:587} INFO - Filling up the DagBag from /home/airflow/.local/lib/python3.12/site-packages/airflow/example_dags/example_dataset_alias.py
[2024-09-06T14:23:14.845+0000] {processor.py:925} INFO - DAG(s) 'dataset_alias_example_alias_producer', 'dataset_s3_bucket_consumer', 'dataset_s3_bucket_producer', 'dataset_alias_example_alias_consumer' retrieved from /home/airflow/.local/lib/python3.12/site-packages/airflow/example_dags/example_dataset_alias.py
[2024-09-06T14:23:14.863+0000] {logging_mixin.py:190} INFO - [2024-09-06T14:23:14.863+0000] {dag.py:3229} INFO - Sync 4 DAGs
[2024-09-06T14:23:14.881+0000] {logging_mixin.py:190} INFO - [2024-09-06T14:23:14.881+0000] {dag.py:4156} INFO - Setting next_dagrun for dataset_alias_example_alias_consumer to None, run_after=None
[2024-09-06T14:23:14.884+0000] {logging_mixin.py:190} INFO - [2024-09-06T14:23:14.884+0000] {dag.py:4156} INFO - Setting next_dagrun for dataset_alias_example_alias_producer to None, run_after=None
[2024-09-06T14:23:14.885+0000] {logging_mixin.py:190} INFO - [2024-09-06T14:23:14.885+0000] {dag.py:4156} INFO - Setting next_dagrun for dataset_s3_bucket_consumer to None, run_after=None
[2024-09-06T14:23:14.886+0000] {logging_mixin.py:190} INFO - [2024-09-06T14:23:14.886+0000] {dag.py:4156} INFO - Setting next_dagrun for dataset_s3_bucket_producer to None, run_after=None
[2024-09-06T14:23:14.905+0000] {processor.py:208} INFO - Processing /home/airflow/.local/lib/python3.12/site-packages/airflow/example_dags/example_dataset_alias.py took 0.224 seconds
[2024-09-06T14:23:44.949+0000] {processor.py:186} INFO - Started process (PID=269) to work on /home/airflow/.local/lib/python3.12/site-packages/airflow/example_dags/example_dataset_alias.py
[2024-09-06T14:23:44.950+0000] {processor.py:914} INFO - Processing file /home/airflow/.local/lib/python3.12/site-packages/airflow/example_dags/example_dataset_alias.py for tasks to queue
[2024-09-06T14:23:44.952+0000] {logging_mixin.py:190} INFO - [2024-09-06T14:23:44.952+0000] {dagbag.py:587} INFO - Filling up the DagBag from /home/airflow/.local/lib/python3.12/site-packages/airflow/example_dags/example_dataset_alias.py
[2024-09-06T14:23:45.084+0000] {processor.py:925} INFO - DAG(s) 'dataset_alias_example_alias_producer', 'dataset_s3_bucket_consumer', 'dataset_s3_bucket_producer', 'dataset_alias_example_alias_consumer' retrieved from /home/airflow/.local/lib/python3.12/site-packages/airflow/example_dags/example_dataset_alias.py
[2024-09-06T14:23:45.104+0000] {logging_mixin.py:190} INFO - [2024-09-06T14:23:45.104+0000] {dag.py:3229} INFO - Sync 4 DAGs
[2024-09-06T14:23:45.144+0000] {logging_mixin.py:190} INFO - [2024-09-06T14:23:45.144+0000] {dag.py:4156} INFO - Setting next_dagrun for dataset_alias_example_alias_consumer to None, run_after=None
[2024-09-06T14:23:45.148+0000] {logging_mixin.py:190} INFO - [2024-09-06T14:23:45.147+0000] {dag.py:4156} INFO - Setting next_dagrun for dataset_alias_example_alias_producer to None, run_after=None
[2024-09-06T14:23:45.150+0000] {logging_mixin.py:190} INFO - [2024-09-06T14:23:45.149+0000] {dag.py:4156} INFO - Setting next_dagrun for dataset_s3_bucket_consumer to None, run_after=None
[2024-09-06T14:23:45.152+0000] {logging_mixin.py:190} INFO - [2024-09-06T14:23:45.151+0000] {dag.py:4156} INFO - Setting next_dagrun for dataset_s3_bucket_producer to None, run_after=None
[2024-09-06T14:23:45.180+0000] {processor.py:208} INFO - Processing /home/airflow/.local/lib/python3.12/site-packages/airflow/example_dags/example_dataset_alias.py took 0.236 seconds
[2024-09-06T14:24:15.400+0000] {processor.py:186} INFO - Started process (PID=331) to work on /home/airflow/.local/lib/python3.12/site-packages/airflow/example_dags/example_dataset_alias.py
[2024-09-06T14:24:15.401+0000] {processor.py:914} INFO - Processing file /home/airflow/.local/lib/python3.12/site-packages/airflow/example_dags/example_dataset_alias.py for tasks to queue
[2024-09-06T14:24:15.408+0000] {logging_mixin.py:190} INFO - [2024-09-06T14:24:15.405+0000] {dagbag.py:587} INFO - Filling up the DagBag from /home/airflow/.local/lib/python3.12/site-packages/airflow/example_dags/example_dataset_alias.py
[2024-09-06T14:24:15.588+0000] {processor.py:925} INFO - DAG(s) 'dataset_alias_example_alias_consumer', 'dataset_alias_example_alias_producer', 'dataset_s3_bucket_consumer', 'dataset_s3_bucket_producer' retrieved from /home/airflow/.local/lib/python3.12/site-packages/airflow/example_dags/example_dataset_alias.py
[2024-09-06T14:24:15.607+0000] {logging_mixin.py:190} INFO - [2024-09-06T14:24:15.606+0000] {dag.py:3229} INFO - Sync 4 DAGs
[2024-09-06T14:24:15.626+0000] {logging_mixin.py:190} INFO - [2024-09-06T14:24:15.626+0000] {dag.py:4156} INFO - Setting next_dagrun for dataset_alias_example_alias_consumer to None, run_after=None
[2024-09-06T14:24:15.629+0000] {logging_mixin.py:190} INFO - [2024-09-06T14:24:15.629+0000] {dag.py:4156} INFO - Setting next_dagrun for dataset_alias_example_alias_producer to None, run_after=None
[2024-09-06T14:24:15.630+0000] {logging_mixin.py:190} INFO - [2024-09-06T14:24:15.630+0000] {dag.py:4156} INFO - Setting next_dagrun for dataset_s3_bucket_consumer to None, run_after=None
[2024-09-06T14:24:15.631+0000] {logging_mixin.py:190} INFO - [2024-09-06T14:24:15.631+0000] {dag.py:4156} INFO - Setting next_dagrun for dataset_s3_bucket_producer to None, run_after=None
[2024-09-06T14:24:15.647+0000] {processor.py:208} INFO - Processing /home/airflow/.local/lib/python3.12/site-packages/airflow/example_dags/example_dataset_alias.py took 0.254 seconds
[2024-09-06T14:24:45.778+0000] {processor.py:186} INFO - Started process (PID=393) to work on /home/airflow/.local/lib/python3.12/site-packages/airflow/example_dags/example_dataset_alias.py
[2024-09-06T14:24:45.779+0000] {processor.py:914} INFO - Processing file /home/airflow/.local/lib/python3.12/site-packages/airflow/example_dags/example_dataset_alias.py for tasks to queue
[2024-09-06T14:24:45.781+0000] {logging_mixin.py:190} INFO - [2024-09-06T14:24:45.781+0000] {dagbag.py:587} INFO - Filling up the DagBag from /home/airflow/.local/lib/python3.12/site-packages/airflow/example_dags/example_dataset_alias.py
[2024-09-06T14:24:45.918+0000] {processor.py:925} INFO - DAG(s) 'dataset_s3_bucket_consumer', 'dataset_alias_example_alias_producer', 'dataset_s3_bucket_producer', 'dataset_alias_example_alias_consumer' retrieved from /home/airflow/.local/lib/python3.12/site-packages/airflow/example_dags/example_dataset_alias.py
[2024-09-06T14:24:45.937+0000] {logging_mixin.py:190} INFO - [2024-09-06T14:24:45.937+0000] {dag.py:3229} INFO - Sync 4 DAGs
[2024-09-06T14:24:45.959+0000] {logging_mixin.py:190} INFO - [2024-09-06T14:24:45.958+0000] {dag.py:4156} INFO - Setting next_dagrun for dataset_alias_example_alias_consumer to None, run_after=None
[2024-09-06T14:24:45.961+0000] {logging_mixin.py:190} INFO - [2024-09-06T14:24:45.961+0000] {dag.py:4156} INFO - Setting next_dagrun for dataset_alias_example_alias_producer to None, run_after=None
[2024-09-06T14:24:45.963+0000] {logging_mixin.py:190} INFO - [2024-09-06T14:24:45.963+0000] {dag.py:4156} INFO - Setting next_dagrun for dataset_s3_bucket_consumer to None, run_after=None
[2024-09-06T14:24:45.965+0000] {logging_mixin.py:190} INFO - [2024-09-06T14:24:45.965+0000] {dag.py:4156} INFO - Setting next_dagrun for dataset_s3_bucket_producer to None, run_after=None
[2024-09-06T14:24:45.982+0000] {processor.py:208} INFO - Processing /home/airflow/.local/lib/python3.12/site-packages/airflow/example_dags/example_dataset_alias.py took 0.211 seconds
[2024-09-06T14:25:16.115+0000] {processor.py:186} INFO - Started process (PID=456) to work on /home/airflow/.local/lib/python3.12/site-packages/airflow/example_dags/example_dataset_alias.py
[2024-09-06T14:25:16.116+0000] {processor.py:914} INFO - Processing file /home/airflow/.local/lib/python3.12/site-packages/airflow/example_dags/example_dataset_alias.py for tasks to queue
[2024-09-06T14:25:16.118+0000] {logging_mixin.py:190} INFO - [2024-09-06T14:25:16.118+0000] {dagbag.py:587} INFO - Filling up the DagBag from /home/airflow/.local/lib/python3.12/site-packages/airflow/example_dags/example_dataset_alias.py
[2024-09-06T14:25:16.268+0000] {processor.py:925} INFO - DAG(s) 'dataset_alias_example_alias_consumer', 'dataset_s3_bucket_consumer', 'dataset_s3_bucket_producer', 'dataset_alias_example_alias_producer' retrieved from /home/airflow/.local/lib/python3.12/site-packages/airflow/example_dags/example_dataset_alias.py
[2024-09-06T14:25:16.288+0000] {logging_mixin.py:190} INFO - [2024-09-06T14:25:16.287+0000] {dag.py:3229} INFO - Sync 4 DAGs
[2024-09-06T14:25:16.312+0000] {logging_mixin.py:190} INFO - [2024-09-06T14:25:16.312+0000] {dag.py:4156} INFO - Setting next_dagrun for dataset_alias_example_alias_consumer to None, run_after=None
[2024-09-06T14:25:16.315+0000] {logging_mixin.py:190} INFO - [2024-09-06T14:25:16.315+0000] {dag.py:4156} INFO - Setting next_dagrun for dataset_alias_example_alias_producer to None, run_after=None
[2024-09-06T14:25:16.317+0000] {logging_mixin.py:190} INFO - [2024-09-06T14:25:16.317+0000] {dag.py:4156} INFO - Setting next_dagrun for dataset_s3_bucket_consumer to None, run_after=None
[2024-09-06T14:25:16.318+0000] {logging_mixin.py:190} INFO - [2024-09-06T14:25:16.318+0000] {dag.py:4156} INFO - Setting next_dagrun for dataset_s3_bucket_producer to None, run_after=None
[2024-09-06T14:25:16.336+0000] {processor.py:208} INFO - Processing /home/airflow/.local/lib/python3.12/site-packages/airflow/example_dags/example_dataset_alias.py took 0.226 seconds
[2024-09-06T14:25:46.524+0000] {processor.py:186} INFO - Started process (PID=517) to work on /home/airflow/.local/lib/python3.12/site-packages/airflow/example_dags/example_dataset_alias.py
[2024-09-06T14:25:46.525+0000] {processor.py:914} INFO - Processing file /home/airflow/.local/lib/python3.12/site-packages/airflow/example_dags/example_dataset_alias.py for tasks to queue
[2024-09-06T14:25:46.527+0000] {logging_mixin.py:190} INFO - [2024-09-06T14:25:46.526+0000] {dagbag.py:587} INFO - Filling up the DagBag from /home/airflow/.local/lib/python3.12/site-packages/airflow/example_dags/example_dataset_alias.py
[2024-09-06T14:25:46.653+0000] {processor.py:925} INFO - DAG(s) 'dataset_s3_bucket_consumer', 'dataset_alias_example_alias_consumer', 'dataset_alias_example_alias_producer', 'dataset_s3_bucket_producer' retrieved from /home/airflow/.local/lib/python3.12/site-packages/airflow/example_dags/example_dataset_alias.py
[2024-09-06T14:25:46.672+0000] {logging_mixin.py:190} INFO - [2024-09-06T14:25:46.672+0000] {dag.py:3229} INFO - Sync 4 DAGs
[2024-09-06T14:25:46.691+0000] {logging_mixin.py:190} INFO - [2024-09-06T14:25:46.691+0000] {dag.py:4156} INFO - Setting next_dagrun for dataset_alias_example_alias_consumer to None, run_after=None
[2024-09-06T14:25:46.696+0000] {logging_mixin.py:190} INFO - [2024-09-06T14:25:46.696+0000] {dag.py:4156} INFO - Setting next_dagrun for dataset_alias_example_alias_producer to None, run_after=None
[2024-09-06T14:25:46.697+0000] {logging_mixin.py:190} INFO - [2024-09-06T14:25:46.697+0000] {dag.py:4156} INFO - Setting next_dagrun for dataset_s3_bucket_consumer to None, run_after=None
[2024-09-06T14:25:46.699+0000] {logging_mixin.py:190} INFO - [2024-09-06T14:25:46.699+0000] {dag.py:4156} INFO - Setting next_dagrun for dataset_s3_bucket_producer to None, run_after=None
[2024-09-06T14:25:46.719+0000] {processor.py:208} INFO - Processing /home/airflow/.local/lib/python3.12/site-packages/airflow/example_dags/example_dataset_alias.py took 0.200 seconds
[2024-09-06T14:26:16.779+0000] {processor.py:186} INFO - Started process (PID=579) to work on /home/airflow/.local/lib/python3.12/site-packages/airflow/example_dags/example_dataset_alias.py
[2024-09-06T14:26:16.780+0000] {processor.py:914} INFO - Processing file /home/airflow/.local/lib/python3.12/site-packages/airflow/example_dags/example_dataset_alias.py for tasks to queue
[2024-09-06T14:26:16.782+0000] {logging_mixin.py:190} INFO - [2024-09-06T14:26:16.781+0000] {dagbag.py:587} INFO - Filling up the DagBag from /home/airflow/.local/lib/python3.12/site-packages/airflow/example_dags/example_dataset_alias.py
[2024-09-06T14:26:16.930+0000] {processor.py:925} INFO - DAG(s) 'dataset_s3_bucket_consumer', 'dataset_alias_example_alias_producer', 'dataset_alias_example_alias_consumer', 'dataset_s3_bucket_producer' retrieved from /home/airflow/.local/lib/python3.12/site-packages/airflow/example_dags/example_dataset_alias.py
[2024-09-06T14:26:16.949+0000] {logging_mixin.py:190} INFO - [2024-09-06T14:26:16.949+0000] {dag.py:3229} INFO - Sync 4 DAGs
[2024-09-06T14:26:16.969+0000] {logging_mixin.py:190} INFO - [2024-09-06T14:26:16.969+0000] {dag.py:4156} INFO - Setting next_dagrun for dataset_alias_example_alias_consumer to None, run_after=None
[2024-09-06T14:26:16.972+0000] {logging_mixin.py:190} INFO - [2024-09-06T14:26:16.972+0000] {dag.py:4156} INFO - Setting next_dagrun for dataset_alias_example_alias_producer to None, run_after=None
[2024-09-06T14:26:16.973+0000] {logging_mixin.py:190} INFO - [2024-09-06T14:26:16.973+0000] {dag.py:4156} INFO - Setting next_dagrun for dataset_s3_bucket_consumer to None, run_after=None
[2024-09-06T14:26:16.975+0000] {logging_mixin.py:190} INFO - [2024-09-06T14:26:16.975+0000] {dag.py:4156} INFO - Setting next_dagrun for dataset_s3_bucket_producer to None, run_after=None
[2024-09-06T14:26:16.993+0000] {processor.py:208} INFO - Processing /home/airflow/.local/lib/python3.12/site-packages/airflow/example_dags/example_dataset_alias.py took 0.221 seconds
[2024-09-06T14:26:47.074+0000] {processor.py:186} INFO - Started process (PID=642) to work on /home/airflow/.local/lib/python3.12/site-packages/airflow/example_dags/example_dataset_alias.py
[2024-09-06T14:26:47.076+0000] {processor.py:914} INFO - Processing file /home/airflow/.local/lib/python3.12/site-packages/airflow/example_dags/example_dataset_alias.py for tasks to queue
[2024-09-06T14:26:47.078+0000] {logging_mixin.py:190} INFO - [2024-09-06T14:26:47.077+0000] {dagbag.py:587} INFO - Filling up the DagBag from /home/airflow/.local/lib/python3.12/site-packages/airflow/example_dags/example_dataset_alias.py
[2024-09-06T14:26:47.215+0000] {processor.py:925} INFO - DAG(s) 'dataset_s3_bucket_consumer', 'dataset_alias_example_alias_consumer', 'dataset_s3_bucket_producer', 'dataset_alias_example_alias_producer' retrieved from /home/airflow/.local/lib/python3.12/site-packages/airflow/example_dags/example_dataset_alias.py
[2024-09-06T14:26:47.234+0000] {logging_mixin.py:190} INFO - [2024-09-06T14:26:47.234+0000] {dag.py:3229} INFO - Sync 4 DAGs
[2024-09-06T14:26:47.255+0000] {logging_mixin.py:190} INFO - [2024-09-06T14:26:47.255+0000] {dag.py:4156} INFO - Setting next_dagrun for dataset_alias_example_alias_consumer to None, run_after=None
[2024-09-06T14:26:47.259+0000] {logging_mixin.py:190} INFO - [2024-09-06T14:26:47.259+0000] {dag.py:4156} INFO - Setting next_dagrun for dataset_alias_example_alias_producer to None, run_after=None
[2024-09-06T14:26:47.261+0000] {logging_mixin.py:190} INFO - [2024-09-06T14:26:47.260+0000] {dag.py:4156} INFO - Setting next_dagrun for dataset_s3_bucket_consumer to None, run_after=None
[2024-09-06T14:26:47.262+0000] {logging_mixin.py:190} INFO - [2024-09-06T14:26:47.262+0000] {dag.py:4156} INFO - Setting next_dagrun for dataset_s3_bucket_producer to None, run_after=None
[2024-09-06T14:26:47.282+0000] {processor.py:208} INFO - Processing /home/airflow/.local/lib/python3.12/site-packages/airflow/example_dags/example_dataset_alias.py took 0.212 seconds
[2024-09-06T14:27:17.407+0000] {processor.py:186} INFO - Started process (PID=706) to work on /home/airflow/.local/lib/python3.12/site-packages/airflow/example_dags/example_dataset_alias.py
[2024-09-06T14:27:17.408+0000] {processor.py:914} INFO - Processing file /home/airflow/.local/lib/python3.12/site-packages/airflow/example_dags/example_dataset_alias.py for tasks to queue
[2024-09-06T14:27:17.410+0000] {logging_mixin.py:190} INFO - [2024-09-06T14:27:17.410+0000] {dagbag.py:587} INFO - Filling up the DagBag from /home/airflow/.local/lib/python3.12/site-packages/airflow/example_dags/example_dataset_alias.py
[2024-09-06T14:27:17.544+0000] {processor.py:925} INFO - DAG(s) 'dataset_s3_bucket_consumer', 'dataset_alias_example_alias_consumer', 'dataset_s3_bucket_producer', 'dataset_alias_example_alias_producer' retrieved from /home/airflow/.local/lib/python3.12/site-packages/airflow/example_dags/example_dataset_alias.py
[2024-09-06T14:27:17.564+0000] {logging_mixin.py:190} INFO - [2024-09-06T14:27:17.564+0000] {dag.py:3229} INFO - Sync 4 DAGs
[2024-09-06T14:27:17.585+0000] {logging_mixin.py:190} INFO - [2024-09-06T14:27:17.584+0000] {dag.py:4156} INFO - Setting next_dagrun for dataset_alias_example_alias_consumer to None, run_after=None
[2024-09-06T14:27:17.588+0000] {logging_mixin.py:190} INFO - [2024-09-06T14:27:17.587+0000] {dag.py:4156} INFO - Setting next_dagrun for dataset_alias_example_alias_producer to None, run_after=None
[2024-09-06T14:27:17.590+0000] {logging_mixin.py:190} INFO - [2024-09-06T14:27:17.589+0000] {dag.py:4156} INFO - Setting next_dagrun for dataset_s3_bucket_consumer to None, run_after=None
[2024-09-06T14:27:17.591+0000] {logging_mixin.py:190} INFO - [2024-09-06T14:27:17.591+0000] {dag.py:4156} INFO - Setting next_dagrun for dataset_s3_bucket_producer to None, run_after=None
[2024-09-06T14:27:17.616+0000] {processor.py:208} INFO - Processing /home/airflow/.local/lib/python3.12/site-packages/airflow/example_dags/example_dataset_alias.py took 0.213 seconds
[2024-09-06T14:27:47.648+0000] {processor.py:186} INFO - Started process (PID=769) to work on /home/airflow/.local/lib/python3.12/site-packages/airflow/example_dags/example_dataset_alias.py
[2024-09-06T14:27:47.649+0000] {processor.py:914} INFO - Processing file /home/airflow/.local/lib/python3.12/site-packages/airflow/example_dags/example_dataset_alias.py for tasks to queue
[2024-09-06T14:27:47.651+0000] {logging_mixin.py:190} INFO - [2024-09-06T14:27:47.651+0000] {dagbag.py:587} INFO - Filling up the DagBag from /home/airflow/.local/lib/python3.12/site-packages/airflow/example_dags/example_dataset_alias.py
[2024-09-06T14:27:47.776+0000] {processor.py:925} INFO - DAG(s) 'dataset_alias_example_alias_consumer', 'dataset_s3_bucket_producer', 'dataset_alias_example_alias_producer', 'dataset_s3_bucket_consumer' retrieved from /home/airflow/.local/lib/python3.12/site-packages/airflow/example_dags/example_dataset_alias.py
[2024-09-06T14:27:47.793+0000] {logging_mixin.py:190} INFO - [2024-09-06T14:27:47.793+0000] {dag.py:3229} INFO - Sync 4 DAGs
[2024-09-06T14:27:47.810+0000] {logging_mixin.py:190} INFO - [2024-09-06T14:27:47.810+0000] {dag.py:4156} INFO - Setting next_dagrun for dataset_alias_example_alias_consumer to None, run_after=None
[2024-09-06T14:27:47.812+0000] {logging_mixin.py:190} INFO - [2024-09-06T14:27:47.812+0000] {dag.py:4156} INFO - Setting next_dagrun for dataset_alias_example_alias_producer to None, run_after=None
[2024-09-06T14:27:47.814+0000] {logging_mixin.py:190} INFO - [2024-09-06T14:27:47.814+0000] {dag.py:4156} INFO - Setting next_dagrun for dataset_s3_bucket_consumer to None, run_after=None
[2024-09-06T14:27:47.815+0000] {logging_mixin.py:190} INFO - [2024-09-06T14:27:47.815+0000] {dag.py:4156} INFO - Setting next_dagrun for dataset_s3_bucket_producer to None, run_after=None
[2024-09-06T14:27:47.836+0000] {processor.py:208} INFO - Processing /home/airflow/.local/lib/python3.12/site-packages/airflow/example_dags/example_dataset_alias.py took 0.192 seconds
[2024-09-06T14:28:17.934+0000] {processor.py:186} INFO - Started process (PID=832) to work on /home/airflow/.local/lib/python3.12/site-packages/airflow/example_dags/example_dataset_alias.py
[2024-09-06T14:28:17.935+0000] {processor.py:914} INFO - Processing file /home/airflow/.local/lib/python3.12/site-packages/airflow/example_dags/example_dataset_alias.py for tasks to queue
[2024-09-06T14:28:17.937+0000] {logging_mixin.py:190} INFO - [2024-09-06T14:28:17.937+0000] {dagbag.py:587} INFO - Filling up the DagBag from /home/airflow/.local/lib/python3.12/site-packages/airflow/example_dags/example_dataset_alias.py
[2024-09-06T14:28:18.092+0000] {processor.py:925} INFO - DAG(s) 'dataset_s3_bucket_producer', 'dataset_alias_example_alias_consumer', 'dataset_alias_example_alias_producer', 'dataset_s3_bucket_consumer' retrieved from /home/airflow/.local/lib/python3.12/site-packages/airflow/example_dags/example_dataset_alias.py
[2024-09-06T14:28:18.109+0000] {logging_mixin.py:190} INFO - [2024-09-06T14:28:18.109+0000] {dag.py:3229} INFO - Sync 4 DAGs
[2024-09-06T14:28:18.128+0000] {logging_mixin.py:190} INFO - [2024-09-06T14:28:18.127+0000] {dag.py:4156} INFO - Setting next_dagrun for dataset_alias_example_alias_consumer to None, run_after=None
[2024-09-06T14:28:18.130+0000] {logging_mixin.py:190} INFO - [2024-09-06T14:28:18.130+0000] {dag.py:4156} INFO - Setting next_dagrun for dataset_alias_example_alias_producer to None, run_after=None
[2024-09-06T14:28:18.131+0000] {logging_mixin.py:190} INFO - [2024-09-06T14:28:18.131+0000] {dag.py:4156} INFO - Setting next_dagrun for dataset_s3_bucket_consumer to None, run_after=None
[2024-09-06T14:28:18.132+0000] {logging_mixin.py:190} INFO - [2024-09-06T14:28:18.132+0000] {dag.py:4156} INFO - Setting next_dagrun for dataset_s3_bucket_producer to None, run_after=None
[2024-09-06T14:28:18.149+0000] {processor.py:208} INFO - Processing /home/airflow/.local/lib/python3.12/site-packages/airflow/example_dags/example_dataset_alias.py took 0.220 seconds
[2024-09-06T14:28:48.229+0000] {processor.py:186} INFO - Started process (PID=893) to work on /home/airflow/.local/lib/python3.12/site-packages/airflow/example_dags/example_dataset_alias.py
[2024-09-06T14:28:48.230+0000] {processor.py:914} INFO - Processing file /home/airflow/.local/lib/python3.12/site-packages/airflow/example_dags/example_dataset_alias.py for tasks to queue
[2024-09-06T14:28:48.232+0000] {logging_mixin.py:190} INFO - [2024-09-06T14:28:48.232+0000] {dagbag.py:587} INFO - Filling up the DagBag from /home/airflow/.local/lib/python3.12/site-packages/airflow/example_dags/example_dataset_alias.py
[2024-09-06T14:28:48.382+0000] {processor.py:925} INFO - DAG(s) 'dataset_s3_bucket_producer', 'dataset_s3_bucket_consumer', 'dataset_alias_example_alias_producer', 'dataset_alias_example_alias_consumer' retrieved from /home/airflow/.local/lib/python3.12/site-packages/airflow/example_dags/example_dataset_alias.py
[2024-09-06T14:28:48.404+0000] {logging_mixin.py:190} INFO - [2024-09-06T14:28:48.404+0000] {dag.py:3229} INFO - Sync 4 DAGs
[2024-09-06T14:28:48.422+0000] {logging_mixin.py:190} INFO - [2024-09-06T14:28:48.421+0000] {dag.py:4156} INFO - Setting next_dagrun for dataset_alias_example_alias_consumer to None, run_after=None
[2024-09-06T14:28:48.424+0000] {logging_mixin.py:190} INFO - [2024-09-06T14:28:48.424+0000] {dag.py:4156} INFO - Setting next_dagrun for dataset_alias_example_alias_producer to None, run_after=None
[2024-09-06T14:28:48.425+0000] {logging_mixin.py:190} INFO - [2024-09-06T14:28:48.425+0000] {dag.py:4156} INFO - Setting next_dagrun for dataset_s3_bucket_consumer to None, run_after=None
[2024-09-06T14:28:48.426+0000] {logging_mixin.py:190} INFO - [2024-09-06T14:28:48.426+0000] {dag.py:4156} INFO - Setting next_dagrun for dataset_s3_bucket_producer to None, run_after=None
[2024-09-06T14:28:48.442+0000] {processor.py:208} INFO - Processing /home/airflow/.local/lib/python3.12/site-packages/airflow/example_dags/example_dataset_alias.py took 0.217 seconds
[2024-09-06T14:29:18.497+0000] {processor.py:186} INFO - Started process (PID=956) to work on /home/airflow/.local/lib/python3.12/site-packages/airflow/example_dags/example_dataset_alias.py
[2024-09-06T14:29:18.498+0000] {processor.py:914} INFO - Processing file /home/airflow/.local/lib/python3.12/site-packages/airflow/example_dags/example_dataset_alias.py for tasks to queue
[2024-09-06T14:29:18.500+0000] {logging_mixin.py:190} INFO - [2024-09-06T14:29:18.500+0000] {dagbag.py:587} INFO - Filling up the DagBag from /home/airflow/.local/lib/python3.12/site-packages/airflow/example_dags/example_dataset_alias.py
[2024-09-06T14:29:18.619+0000] {processor.py:925} INFO - DAG(s) 'dataset_s3_bucket_producer', 'dataset_alias_example_alias_producer', 'dataset_s3_bucket_consumer', 'dataset_alias_example_alias_consumer' retrieved from /home/airflow/.local/lib/python3.12/site-packages/airflow/example_dags/example_dataset_alias.py
[2024-09-06T14:29:18.638+0000] {logging_mixin.py:190} INFO - [2024-09-06T14:29:18.638+0000] {dag.py:3229} INFO - Sync 4 DAGs
[2024-09-06T14:29:18.655+0000] {logging_mixin.py:190} INFO - [2024-09-06T14:29:18.655+0000] {dag.py:4156} INFO - Setting next_dagrun for dataset_alias_example_alias_consumer to None, run_after=None
[2024-09-06T14:29:18.658+0000] {logging_mixin.py:190} INFO - [2024-09-06T14:29:18.658+0000] {dag.py:4156} INFO - Setting next_dagrun for dataset_alias_example_alias_producer to None, run_after=None
[2024-09-06T14:29:18.659+0000] {logging_mixin.py:190} INFO - [2024-09-06T14:29:18.659+0000] {dag.py:4156} INFO - Setting next_dagrun for dataset_s3_bucket_consumer to None, run_after=None
[2024-09-06T14:29:18.661+0000] {logging_mixin.py:190} INFO - [2024-09-06T14:29:18.661+0000] {dag.py:4156} INFO - Setting next_dagrun for dataset_s3_bucket_producer to None, run_after=None
[2024-09-06T14:29:18.680+0000] {processor.py:208} INFO - Processing /home/airflow/.local/lib/python3.12/site-packages/airflow/example_dags/example_dataset_alias.py took 0.188 seconds
[2024-09-06T14:29:49.030+0000] {processor.py:186} INFO - Started process (PID=1013) to work on /home/airflow/.local/lib/python3.12/site-packages/airflow/example_dags/example_dataset_alias.py
[2024-09-06T14:29:49.031+0000] {processor.py:914} INFO - Processing file /home/airflow/.local/lib/python3.12/site-packages/airflow/example_dags/example_dataset_alias.py for tasks to queue
[2024-09-06T14:29:49.036+0000] {logging_mixin.py:190} INFO - [2024-09-06T14:29:49.035+0000] {dagbag.py:587} INFO - Filling up the DagBag from /home/airflow/.local/lib/python3.12/site-packages/airflow/example_dags/example_dataset_alias.py
[2024-09-06T14:29:49.171+0000] {processor.py:925} INFO - DAG(s) 'dataset_s3_bucket_producer', 'dataset_s3_bucket_consumer', 'dataset_alias_example_alias_consumer', 'dataset_alias_example_alias_producer' retrieved from /home/airflow/.local/lib/python3.12/site-packages/airflow/example_dags/example_dataset_alias.py
[2024-09-06T14:29:49.190+0000] {logging_mixin.py:190} INFO - [2024-09-06T14:29:49.190+0000] {dag.py:3229} INFO - Sync 4 DAGs
[2024-09-06T14:29:49.211+0000] {logging_mixin.py:190} INFO - [2024-09-06T14:29:49.210+0000] {dag.py:4156} INFO - Setting next_dagrun for dataset_alias_example_alias_consumer to None, run_after=None
[2024-09-06T14:29:49.214+0000] {logging_mixin.py:190} INFO - [2024-09-06T14:29:49.213+0000] {dag.py:4156} INFO - Setting next_dagrun for dataset_alias_example_alias_producer to None, run_after=None
[2024-09-06T14:29:49.215+0000] {logging_mixin.py:190} INFO - [2024-09-06T14:29:49.215+0000] {dag.py:4156} INFO - Setting next_dagrun for dataset_s3_bucket_consumer to None, run_after=None
[2024-09-06T14:29:49.217+0000] {logging_mixin.py:190} INFO - [2024-09-06T14:29:49.216+0000] {dag.py:4156} INFO - Setting next_dagrun for dataset_s3_bucket_producer to None, run_after=None
[2024-09-06T14:29:49.238+0000] {processor.py:208} INFO - Processing /home/airflow/.local/lib/python3.12/site-packages/airflow/example_dags/example_dataset_alias.py took 0.214 seconds
[2024-09-06T14:30:19.272+0000] {processor.py:186} INFO - Started process (PID=1076) to work on /home/airflow/.local/lib/python3.12/site-packages/airflow/example_dags/example_dataset_alias.py
[2024-09-06T14:30:19.273+0000] {processor.py:914} INFO - Processing file /home/airflow/.local/lib/python3.12/site-packages/airflow/example_dags/example_dataset_alias.py for tasks to queue
[2024-09-06T14:30:19.275+0000] {logging_mixin.py:190} INFO - [2024-09-06T14:30:19.274+0000] {dagbag.py:587} INFO - Filling up the DagBag from /home/airflow/.local/lib/python3.12/site-packages/airflow/example_dags/example_dataset_alias.py
[2024-09-06T14:30:19.415+0000] {processor.py:925} INFO - DAG(s) 'dataset_s3_bucket_consumer', 'dataset_alias_example_alias_producer', 'dataset_alias_example_alias_consumer', 'dataset_s3_bucket_producer' retrieved from /home/airflow/.local/lib/python3.12/site-packages/airflow/example_dags/example_dataset_alias.py
[2024-09-06T14:30:19.432+0000] {logging_mixin.py:190} INFO - [2024-09-06T14:30:19.432+0000] {dag.py:3229} INFO - Sync 4 DAGs
[2024-09-06T14:30:19.455+0000] {logging_mixin.py:190} INFO - [2024-09-06T14:30:19.454+0000] {dag.py:4156} INFO - Setting next_dagrun for dataset_alias_example_alias_consumer to None, run_after=None
[2024-09-06T14:30:19.457+0000] {logging_mixin.py:190} INFO - [2024-09-06T14:30:19.457+0000] {dag.py:4156} INFO - Setting next_dagrun for dataset_alias_example_alias_producer to None, run_after=None
[2024-09-06T14:30:19.459+0000] {logging_mixin.py:190} INFO - [2024-09-06T14:30:19.458+0000] {dag.py:4156} INFO - Setting next_dagrun for dataset_s3_bucket_consumer to None, run_after=None
[2024-09-06T14:30:19.460+0000] {logging_mixin.py:190} INFO - [2024-09-06T14:30:19.460+0000] {dag.py:4156} INFO - Setting next_dagrun for dataset_s3_bucket_producer to None, run_after=None
[2024-09-06T14:30:19.479+0000] {processor.py:208} INFO - Processing /home/airflow/.local/lib/python3.12/site-packages/airflow/example_dags/example_dataset_alias.py took 0.213 seconds
[2024-09-06T14:30:49.528+0000] {processor.py:186} INFO - Started process (PID=1139) to work on /home/airflow/.local/lib/python3.12/site-packages/airflow/example_dags/example_dataset_alias.py
[2024-09-06T14:30:49.529+0000] {processor.py:914} INFO - Processing file /home/airflow/.local/lib/python3.12/site-packages/airflow/example_dags/example_dataset_alias.py for tasks to queue
[2024-09-06T14:30:49.531+0000] {logging_mixin.py:190} INFO - [2024-09-06T14:30:49.531+0000] {dagbag.py:587} INFO - Filling up the DagBag from /home/airflow/.local/lib/python3.12/site-packages/airflow/example_dags/example_dataset_alias.py
[2024-09-06T14:30:49.662+0000] {processor.py:925} INFO - DAG(s) 'dataset_alias_example_alias_consumer', 'dataset_s3_bucket_producer', 'dataset_s3_bucket_consumer', 'dataset_alias_example_alias_producer' retrieved from /home/airflow/.local/lib/python3.12/site-packages/airflow/example_dags/example_dataset_alias.py
[2024-09-06T14:30:49.682+0000] {logging_mixin.py:190} INFO - [2024-09-06T14:30:49.682+0000] {dag.py:3229} INFO - Sync 4 DAGs
[2024-09-06T14:30:49.705+0000] {logging_mixin.py:190} INFO - [2024-09-06T14:30:49.704+0000] {dag.py:4156} INFO - Setting next_dagrun for dataset_alias_example_alias_consumer to None, run_after=None
[2024-09-06T14:30:49.709+0000] {logging_mixin.py:190} INFO - [2024-09-06T14:30:49.709+0000] {dag.py:4156} INFO - Setting next_dagrun for dataset_alias_example_alias_producer to None, run_after=None
[2024-09-06T14:30:49.711+0000] {logging_mixin.py:190} INFO - [2024-09-06T14:30:49.711+0000] {dag.py:4156} INFO - Setting next_dagrun for dataset_s3_bucket_consumer to None, run_after=None
[2024-09-06T14:30:49.713+0000] {logging_mixin.py:190} INFO - [2024-09-06T14:30:49.713+0000] {dag.py:4156} INFO - Setting next_dagrun for dataset_s3_bucket_producer to None, run_after=None
[2024-09-06T14:30:49.732+0000] {processor.py:208} INFO - Processing /home/airflow/.local/lib/python3.12/site-packages/airflow/example_dags/example_dataset_alias.py took 0.209 seconds
[2024-09-06T14:31:20.027+0000] {processor.py:186} INFO - Started process (PID=1199) to work on /home/airflow/.local/lib/python3.12/site-packages/airflow/example_dags/example_dataset_alias.py
[2024-09-06T14:31:20.028+0000] {processor.py:914} INFO - Processing file /home/airflow/.local/lib/python3.12/site-packages/airflow/example_dags/example_dataset_alias.py for tasks to queue
[2024-09-06T14:31:20.030+0000] {logging_mixin.py:190} INFO - [2024-09-06T14:31:20.030+0000] {dagbag.py:587} INFO - Filling up the DagBag from /home/airflow/.local/lib/python3.12/site-packages/airflow/example_dags/example_dataset_alias.py
[2024-09-06T14:31:20.205+0000] {processor.py:925} INFO - DAG(s) 'dataset_s3_bucket_producer', 'dataset_alias_example_alias_producer', 'dataset_alias_example_alias_consumer', 'dataset_s3_bucket_consumer' retrieved from /home/airflow/.local/lib/python3.12/site-packages/airflow/example_dags/example_dataset_alias.py
[2024-09-06T14:31:20.229+0000] {logging_mixin.py:190} INFO - [2024-09-06T14:31:20.228+0000] {dag.py:3229} INFO - Sync 4 DAGs
[2024-09-06T14:31:20.257+0000] {logging_mixin.py:190} INFO - [2024-09-06T14:31:20.257+0000] {dag.py:4156} INFO - Setting next_dagrun for dataset_alias_example_alias_consumer to None, run_after=None
[2024-09-06T14:31:20.260+0000] {logging_mixin.py:190} INFO - [2024-09-06T14:31:20.260+0000] {dag.py:4156} INFO - Setting next_dagrun for dataset_alias_example_alias_producer to None, run_after=None
[2024-09-06T14:31:20.261+0000] {logging_mixin.py:190} INFO - [2024-09-06T14:31:20.261+0000] {dag.py:4156} INFO - Setting next_dagrun for dataset_s3_bucket_consumer to None, run_after=None
[2024-09-06T14:31:20.262+0000] {logging_mixin.py:190} INFO - [2024-09-06T14:31:20.262+0000] {dag.py:4156} INFO - Setting next_dagrun for dataset_s3_bucket_producer to None, run_after=None
[2024-09-06T14:31:20.289+0000] {processor.py:208} INFO - Processing /home/airflow/.local/lib/python3.12/site-packages/airflow/example_dags/example_dataset_alias.py took 0.267 seconds
[2024-09-06T14:31:50.486+0000] {processor.py:186} INFO - Started process (PID=1261) to work on /home/airflow/.local/lib/python3.12/site-packages/airflow/example_dags/example_dataset_alias.py
[2024-09-06T14:31:50.487+0000] {processor.py:914} INFO - Processing file /home/airflow/.local/lib/python3.12/site-packages/airflow/example_dags/example_dataset_alias.py for tasks to queue
[2024-09-06T14:31:50.489+0000] {logging_mixin.py:190} INFO - [2024-09-06T14:31:50.489+0000] {dagbag.py:587} INFO - Filling up the DagBag from /home/airflow/.local/lib/python3.12/site-packages/airflow/example_dags/example_dataset_alias.py
[2024-09-06T14:31:50.678+0000] {processor.py:925} INFO - DAG(s) 'dataset_alias_example_alias_producer', 'dataset_s3_bucket_consumer', 'dataset_s3_bucket_producer', 'dataset_alias_example_alias_consumer' retrieved from /home/airflow/.local/lib/python3.12/site-packages/airflow/example_dags/example_dataset_alias.py
[2024-09-06T14:31:50.698+0000] {logging_mixin.py:190} INFO - [2024-09-06T14:31:50.697+0000] {dag.py:3229} INFO - Sync 4 DAGs
[2024-09-06T14:31:50.718+0000] {logging_mixin.py:190} INFO - [2024-09-06T14:31:50.717+0000] {dag.py:4156} INFO - Setting next_dagrun for dataset_alias_example_alias_consumer to None, run_after=None
[2024-09-06T14:31:50.721+0000] {logging_mixin.py:190} INFO - [2024-09-06T14:31:50.720+0000] {dag.py:4156} INFO - Setting next_dagrun for dataset_alias_example_alias_producer to None, run_after=None
[2024-09-06T14:31:50.722+0000] {logging_mixin.py:190} INFO - [2024-09-06T14:31:50.722+0000] {dag.py:4156} INFO - Setting next_dagrun for dataset_s3_bucket_consumer to None, run_after=None
[2024-09-06T14:31:50.724+0000] {logging_mixin.py:190} INFO - [2024-09-06T14:31:50.724+0000] {dag.py:4156} INFO - Setting next_dagrun for dataset_s3_bucket_producer to None, run_after=None
[2024-09-06T14:31:50.826+0000] {processor.py:208} INFO - Processing /home/airflow/.local/lib/python3.12/site-packages/airflow/example_dags/example_dataset_alias.py took 0.348 seconds
[2024-09-06T14:32:21.211+0000] {processor.py:186} INFO - Started process (PID=1323) to work on /home/airflow/.local/lib/python3.12/site-packages/airflow/example_dags/example_dataset_alias.py
[2024-09-06T14:32:21.212+0000] {processor.py:914} INFO - Processing file /home/airflow/.local/lib/python3.12/site-packages/airflow/example_dags/example_dataset_alias.py for tasks to queue
[2024-09-06T14:32:21.214+0000] {logging_mixin.py:190} INFO - [2024-09-06T14:32:21.214+0000] {dagbag.py:587} INFO - Filling up the DagBag from /home/airflow/.local/lib/python3.12/site-packages/airflow/example_dags/example_dataset_alias.py
[2024-09-06T14:32:21.365+0000] {processor.py:925} INFO - DAG(s) 'dataset_alias_example_alias_producer', 'dataset_alias_example_alias_consumer', 'dataset_s3_bucket_consumer', 'dataset_s3_bucket_producer' retrieved from /home/airflow/.local/lib/python3.12/site-packages/airflow/example_dags/example_dataset_alias.py
[2024-09-06T14:32:21.391+0000] {logging_mixin.py:190} INFO - [2024-09-06T14:32:21.391+0000] {dag.py:3229} INFO - Sync 4 DAGs
[2024-09-06T14:32:21.423+0000] {logging_mixin.py:190} INFO - [2024-09-06T14:32:21.422+0000] {dag.py:4156} INFO - Setting next_dagrun for dataset_alias_example_alias_consumer to None, run_after=None
[2024-09-06T14:32:21.426+0000] {logging_mixin.py:190} INFO - [2024-09-06T14:32:21.426+0000] {dag.py:4156} INFO - Setting next_dagrun for dataset_alias_example_alias_producer to None, run_after=None
[2024-09-06T14:32:21.428+0000] {logging_mixin.py:190} INFO - [2024-09-06T14:32:21.427+0000] {dag.py:4156} INFO - Setting next_dagrun for dataset_s3_bucket_consumer to None, run_after=None
[2024-09-06T14:32:21.429+0000] {logging_mixin.py:190} INFO - [2024-09-06T14:32:21.429+0000] {dag.py:4156} INFO - Setting next_dagrun for dataset_s3_bucket_producer to None, run_after=None
[2024-09-06T14:32:21.458+0000] {processor.py:208} INFO - Processing /home/airflow/.local/lib/python3.12/site-packages/airflow/example_dags/example_dataset_alias.py took 0.253 seconds
[2024-09-06T14:32:51.731+0000] {processor.py:186} INFO - Started process (PID=1385) to work on /home/airflow/.local/lib/python3.12/site-packages/airflow/example_dags/example_dataset_alias.py
[2024-09-06T14:32:51.732+0000] {processor.py:914} INFO - Processing file /home/airflow/.local/lib/python3.12/site-packages/airflow/example_dags/example_dataset_alias.py for tasks to queue
[2024-09-06T14:32:51.735+0000] {logging_mixin.py:190} INFO - [2024-09-06T14:32:51.734+0000] {dagbag.py:587} INFO - Filling up the DagBag from /home/airflow/.local/lib/python3.12/site-packages/airflow/example_dags/example_dataset_alias.py
[2024-09-06T14:32:51.903+0000] {processor.py:925} INFO - DAG(s) 'dataset_alias_example_alias_consumer', 'dataset_s3_bucket_consumer', 'dataset_alias_example_alias_producer', 'dataset_s3_bucket_producer' retrieved from /home/airflow/.local/lib/python3.12/site-packages/airflow/example_dags/example_dataset_alias.py
[2024-09-06T14:32:51.926+0000] {logging_mixin.py:190} INFO - [2024-09-06T14:32:51.926+0000] {dag.py:3229} INFO - Sync 4 DAGs
[2024-09-06T14:32:51.962+0000] {logging_mixin.py:190} INFO - [2024-09-06T14:32:51.961+0000] {dag.py:4156} INFO - Setting next_dagrun for dataset_alias_example_alias_consumer to None, run_after=None
[2024-09-06T14:32:51.966+0000] {logging_mixin.py:190} INFO - [2024-09-06T14:32:51.965+0000] {dag.py:4156} INFO - Setting next_dagrun for dataset_alias_example_alias_producer to None, run_after=None
[2024-09-06T14:32:51.968+0000] {logging_mixin.py:190} INFO - [2024-09-06T14:32:51.968+0000] {dag.py:4156} INFO - Setting next_dagrun for dataset_s3_bucket_consumer to None, run_after=None
[2024-09-06T14:32:51.970+0000] {logging_mixin.py:190} INFO - [2024-09-06T14:32:51.970+0000] {dag.py:4156} INFO - Setting next_dagrun for dataset_s3_bucket_producer to None, run_after=None
[2024-09-06T14:32:51.995+0000] {processor.py:208} INFO - Processing /home/airflow/.local/lib/python3.12/site-packages/airflow/example_dags/example_dataset_alias.py took 0.269 seconds
[2024-09-06T14:33:22.212+0000] {processor.py:186} INFO - Started process (PID=1447) to work on /home/airflow/.local/lib/python3.12/site-packages/airflow/example_dags/example_dataset_alias.py
[2024-09-06T14:33:22.213+0000] {processor.py:914} INFO - Processing file /home/airflow/.local/lib/python3.12/site-packages/airflow/example_dags/example_dataset_alias.py for tasks to queue
[2024-09-06T14:33:22.216+0000] {logging_mixin.py:190} INFO - [2024-09-06T14:33:22.215+0000] {dagbag.py:587} INFO - Filling up the DagBag from /home/airflow/.local/lib/python3.12/site-packages/airflow/example_dags/example_dataset_alias.py
[2024-09-06T14:33:22.407+0000] {processor.py:925} INFO - DAG(s) 'dataset_s3_bucket_consumer', 'dataset_alias_example_alias_producer', 'dataset_s3_bucket_producer', 'dataset_alias_example_alias_consumer' retrieved from /home/airflow/.local/lib/python3.12/site-packages/airflow/example_dags/example_dataset_alias.py
[2024-09-06T14:33:22.427+0000] {logging_mixin.py:190} INFO - [2024-09-06T14:33:22.427+0000] {dag.py:3229} INFO - Sync 4 DAGs
[2024-09-06T14:33:22.448+0000] {logging_mixin.py:190} INFO - [2024-09-06T14:33:22.448+0000] {dag.py:4156} INFO - Setting next_dagrun for dataset_alias_example_alias_consumer to None, run_after=None
[2024-09-06T14:33:22.452+0000] {logging_mixin.py:190} INFO - [2024-09-06T14:33:22.452+0000] {dag.py:4156} INFO - Setting next_dagrun for dataset_alias_example_alias_producer to None, run_after=None
[2024-09-06T14:33:22.454+0000] {logging_mixin.py:190} INFO - [2024-09-06T14:33:22.454+0000] {dag.py:4156} INFO - Setting next_dagrun for dataset_s3_bucket_consumer to None, run_after=None
[2024-09-06T14:33:22.455+0000] {logging_mixin.py:190} INFO - [2024-09-06T14:33:22.455+0000] {dag.py:4156} INFO - Setting next_dagrun for dataset_s3_bucket_producer to None, run_after=None
[2024-09-06T14:33:22.474+0000] {processor.py:208} INFO - Processing /home/airflow/.local/lib/python3.12/site-packages/airflow/example_dags/example_dataset_alias.py took 0.267 seconds
[2024-09-06T14:33:52.753+0000] {processor.py:186} INFO - Started process (PID=1509) to work on /home/airflow/.local/lib/python3.12/site-packages/airflow/example_dags/example_dataset_alias.py
[2024-09-06T14:33:52.754+0000] {processor.py:914} INFO - Processing file /home/airflow/.local/lib/python3.12/site-packages/airflow/example_dags/example_dataset_alias.py for tasks to queue
[2024-09-06T14:33:52.762+0000] {logging_mixin.py:190} INFO - [2024-09-06T14:33:52.760+0000] {dagbag.py:587} INFO - Filling up the DagBag from /home/airflow/.local/lib/python3.12/site-packages/airflow/example_dags/example_dataset_alias.py
[2024-09-06T14:33:52.926+0000] {processor.py:925} INFO - DAG(s) 'dataset_s3_bucket_consumer', 'dataset_s3_bucket_producer', 'dataset_alias_example_alias_producer', 'dataset_alias_example_alias_consumer' retrieved from /home/airflow/.local/lib/python3.12/site-packages/airflow/example_dags/example_dataset_alias.py
[2024-09-06T14:33:52.948+0000] {logging_mixin.py:190} INFO - [2024-09-06T14:33:52.947+0000] {dag.py:3229} INFO - Sync 4 DAGs
[2024-09-06T14:33:52.989+0000] {logging_mixin.py:190} INFO - [2024-09-06T14:33:52.988+0000] {dag.py:4156} INFO - Setting next_dagrun for dataset_alias_example_alias_consumer to None, run_after=None
[2024-09-06T14:33:52.999+0000] {logging_mixin.py:190} INFO - [2024-09-06T14:33:52.998+0000] {dag.py:4156} INFO - Setting next_dagrun for dataset_alias_example_alias_producer to None, run_after=None
[2024-09-06T14:33:53.001+0000] {logging_mixin.py:190} INFO - [2024-09-06T14:33:53.001+0000] {dag.py:4156} INFO - Setting next_dagrun for dataset_s3_bucket_consumer to None, run_after=None
[2024-09-06T14:33:53.004+0000] {logging_mixin.py:190} INFO - [2024-09-06T14:33:53.004+0000] {dag.py:4156} INFO - Setting next_dagrun for dataset_s3_bucket_producer to None, run_after=None
[2024-09-06T14:33:53.056+0000] {processor.py:208} INFO - Processing /home/airflow/.local/lib/python3.12/site-packages/airflow/example_dags/example_dataset_alias.py took 0.310 seconds
