[2024-09-06T14:22:14.606+0000] {processor.py:186} INFO - Started process (PID=91) to work on /home/airflow/.local/lib/python3.12/site-packages/airflow/example_dags/example_params_ui_tutorial.py
[2024-09-06T14:22:14.608+0000] {processor.py:914} INFO - Processing file /home/airflow/.local/lib/python3.12/site-packages/airflow/example_dags/example_params_ui_tutorial.py for tasks to queue
[2024-09-06T14:22:14.611+0000] {logging_mixin.py:190} INFO - [2024-09-06T14:22:14.610+0000] {dagbag.py:587} INFO - Filling up the DagBag from /home/airflow/.local/lib/python3.12/site-packages/airflow/example_dags/example_params_ui_tutorial.py
[2024-09-06T14:22:14.628+0000] {processor.py:925} INFO - DAG(s) 'example_params_ui_tutorial' retrieved from /home/airflow/.local/lib/python3.12/site-packages/airflow/example_dags/example_params_ui_tutorial.py
[2024-09-06T14:22:14.885+0000] {logging_mixin.py:190} INFO - [2024-09-06T14:22:14.880+0000] {override.py:1900} INFO - Created Permission View: can read on DAG:example_params_ui_tutorial
[2024-09-06T14:22:14.906+0000] {logging_mixin.py:190} INFO - [2024-09-06T14:22:14.906+0000] {override.py:1900} INFO - Created Permission View: can delete on DAG:example_params_ui_tutorial
[2024-09-06T14:22:14.918+0000] {logging_mixin.py:190} INFO - [2024-09-06T14:22:14.917+0000] {override.py:1900} INFO - Created Permission View: can edit on DAG:example_params_ui_tutorial
[2024-09-06T14:22:14.928+0000] {logging_mixin.py:190} INFO - [2024-09-06T14:22:14.928+0000] {override.py:1900} INFO - Created Permission View: can read on DAG Run:example_params_ui_tutorial
[2024-09-06T14:22:14.938+0000] {logging_mixin.py:190} INFO - [2024-09-06T14:22:14.938+0000] {override.py:1900} INFO - Created Permission View: can delete on DAG Run:example_params_ui_tutorial
[2024-09-06T14:22:14.947+0000] {logging_mixin.py:190} INFO - [2024-09-06T14:22:14.946+0000] {override.py:1900} INFO - Created Permission View: menu access on DAG Run:example_params_ui_tutorial
[2024-09-06T14:22:14.960+0000] {logging_mixin.py:190} INFO - [2024-09-06T14:22:14.959+0000] {override.py:1900} INFO - Created Permission View: can create on DAG Run:example_params_ui_tutorial
[2024-09-06T14:22:14.961+0000] {logging_mixin.py:190} INFO - [2024-09-06T14:22:14.960+0000] {dag.py:3229} INFO - Sync 1 DAGs
[2024-09-06T14:22:14.979+0000] {logging_mixin.py:190} INFO - [2024-09-06T14:22:14.978+0000] {dag.py:3252} INFO - Creating ORM DAG for example_params_ui_tutorial
[2024-09-06T14:22:14.980+0000] {logging_mixin.py:190} INFO - [2024-09-06T14:22:14.980+0000] {dag.py:4156} INFO - Setting next_dagrun for example_params_ui_tutorial to None, run_after=None
[2024-09-06T14:22:15.006+0000] {processor.py:208} INFO - Processing /home/airflow/.local/lib/python3.12/site-packages/airflow/example_dags/example_params_ui_tutorial.py took 0.410 seconds
[2024-09-06T14:22:45.704+0000] {processor.py:186} INFO - Started process (PID=153) to work on /home/airflow/.local/lib/python3.12/site-packages/airflow/example_dags/example_params_ui_tutorial.py
[2024-09-06T14:22:45.705+0000] {processor.py:914} INFO - Processing file /home/airflow/.local/lib/python3.12/site-packages/airflow/example_dags/example_params_ui_tutorial.py for tasks to queue
[2024-09-06T14:22:45.708+0000] {logging_mixin.py:190} INFO - [2024-09-06T14:22:45.708+0000] {dagbag.py:587} INFO - Filling up the DagBag from /home/airflow/.local/lib/python3.12/site-packages/airflow/example_dags/example_params_ui_tutorial.py
[2024-09-06T14:22:45.719+0000] {processor.py:925} INFO - DAG(s) 'example_params_ui_tutorial' retrieved from /home/airflow/.local/lib/python3.12/site-packages/airflow/example_dags/example_params_ui_tutorial.py
[2024-09-06T14:22:45.761+0000] {logging_mixin.py:190} INFO - [2024-09-06T14:22:45.761+0000] {dag.py:3229} INFO - Sync 1 DAGs
[2024-09-06T14:22:45.773+0000] {logging_mixin.py:190} INFO - [2024-09-06T14:22:45.773+0000] {dag.py:4156} INFO - Setting next_dagrun for example_params_ui_tutorial to None, run_after=None
[2024-09-06T14:22:45.793+0000] {processor.py:208} INFO - Processing /home/airflow/.local/lib/python3.12/site-packages/airflow/example_dags/example_params_ui_tutorial.py took 0.097 seconds
[2024-09-06T14:23:16.211+0000] {processor.py:186} INFO - Started process (PID=215) to work on /home/airflow/.local/lib/python3.12/site-packages/airflow/example_dags/example_params_ui_tutorial.py
[2024-09-06T14:23:16.212+0000] {processor.py:914} INFO - Processing file /home/airflow/.local/lib/python3.12/site-packages/airflow/example_dags/example_params_ui_tutorial.py for tasks to queue
[2024-09-06T14:23:16.215+0000] {logging_mixin.py:190} INFO - [2024-09-06T14:23:16.215+0000] {dagbag.py:587} INFO - Filling up the DagBag from /home/airflow/.local/lib/python3.12/site-packages/airflow/example_dags/example_params_ui_tutorial.py
[2024-09-06T14:23:16.227+0000] {processor.py:925} INFO - DAG(s) 'example_params_ui_tutorial' retrieved from /home/airflow/.local/lib/python3.12/site-packages/airflow/example_dags/example_params_ui_tutorial.py
[2024-09-06T14:23:16.295+0000] {logging_mixin.py:190} INFO - [2024-09-06T14:23:16.295+0000] {dag.py:3229} INFO - Sync 1 DAGs
[2024-09-06T14:23:16.344+0000] {logging_mixin.py:190} INFO - [2024-09-06T14:23:16.344+0000] {dag.py:4156} INFO - Setting next_dagrun for example_params_ui_tutorial to None, run_after=None
[2024-09-06T14:23:16.401+0000] {processor.py:208} INFO - Processing /home/airflow/.local/lib/python3.12/site-packages/airflow/example_dags/example_params_ui_tutorial.py took 0.206 seconds
[2024-09-06T14:23:46.623+0000] {processor.py:186} INFO - Started process (PID=277) to work on /home/airflow/.local/lib/python3.12/site-packages/airflow/example_dags/example_params_ui_tutorial.py
[2024-09-06T14:23:46.624+0000] {processor.py:914} INFO - Processing file /home/airflow/.local/lib/python3.12/site-packages/airflow/example_dags/example_params_ui_tutorial.py for tasks to queue
[2024-09-06T14:23:46.626+0000] {logging_mixin.py:190} INFO - [2024-09-06T14:23:46.625+0000] {dagbag.py:587} INFO - Filling up the DagBag from /home/airflow/.local/lib/python3.12/site-packages/airflow/example_dags/example_params_ui_tutorial.py
[2024-09-06T14:23:46.633+0000] {processor.py:925} INFO - DAG(s) 'example_params_ui_tutorial' retrieved from /home/airflow/.local/lib/python3.12/site-packages/airflow/example_dags/example_params_ui_tutorial.py
[2024-09-06T14:23:46.669+0000] {logging_mixin.py:190} INFO - [2024-09-06T14:23:46.669+0000] {dag.py:3229} INFO - Sync 1 DAGs
[2024-09-06T14:23:46.681+0000] {logging_mixin.py:190} INFO - [2024-09-06T14:23:46.681+0000] {dag.py:4156} INFO - Setting next_dagrun for example_params_ui_tutorial to None, run_after=None
[2024-09-06T14:23:46.699+0000] {processor.py:208} INFO - Processing /home/airflow/.local/lib/python3.12/site-packages/airflow/example_dags/example_params_ui_tutorial.py took 0.082 seconds
[2024-09-06T14:24:16.976+0000] {processor.py:186} INFO - Started process (PID=339) to work on /home/airflow/.local/lib/python3.12/site-packages/airflow/example_dags/example_params_ui_tutorial.py
[2024-09-06T14:24:16.977+0000] {processor.py:914} INFO - Processing file /home/airflow/.local/lib/python3.12/site-packages/airflow/example_dags/example_params_ui_tutorial.py for tasks to queue
[2024-09-06T14:24:16.979+0000] {logging_mixin.py:190} INFO - [2024-09-06T14:24:16.979+0000] {dagbag.py:587} INFO - Filling up the DagBag from /home/airflow/.local/lib/python3.12/site-packages/airflow/example_dags/example_params_ui_tutorial.py
[2024-09-06T14:24:16.988+0000] {processor.py:925} INFO - DAG(s) 'example_params_ui_tutorial' retrieved from /home/airflow/.local/lib/python3.12/site-packages/airflow/example_dags/example_params_ui_tutorial.py
[2024-09-06T14:24:17.029+0000] {logging_mixin.py:190} INFO - [2024-09-06T14:24:17.029+0000] {dag.py:3229} INFO - Sync 1 DAGs
[2024-09-06T14:24:17.043+0000] {logging_mixin.py:190} INFO - [2024-09-06T14:24:17.043+0000] {dag.py:4156} INFO - Setting next_dagrun for example_params_ui_tutorial to None, run_after=None
[2024-09-06T14:24:17.063+0000] {processor.py:208} INFO - Processing /home/airflow/.local/lib/python3.12/site-packages/airflow/example_dags/example_params_ui_tutorial.py took 0.092 seconds
[2024-09-06T14:24:47.276+0000] {processor.py:186} INFO - Started process (PID=401) to work on /home/airflow/.local/lib/python3.12/site-packages/airflow/example_dags/example_params_ui_tutorial.py
[2024-09-06T14:24:47.277+0000] {processor.py:914} INFO - Processing file /home/airflow/.local/lib/python3.12/site-packages/airflow/example_dags/example_params_ui_tutorial.py for tasks to queue
[2024-09-06T14:24:47.279+0000] {logging_mixin.py:190} INFO - [2024-09-06T14:24:47.279+0000] {dagbag.py:587} INFO - Filling up the DagBag from /home/airflow/.local/lib/python3.12/site-packages/airflow/example_dags/example_params_ui_tutorial.py
[2024-09-06T14:24:47.286+0000] {processor.py:925} INFO - DAG(s) 'example_params_ui_tutorial' retrieved from /home/airflow/.local/lib/python3.12/site-packages/airflow/example_dags/example_params_ui_tutorial.py
[2024-09-06T14:24:47.323+0000] {logging_mixin.py:190} INFO - [2024-09-06T14:24:47.323+0000] {dag.py:3229} INFO - Sync 1 DAGs
[2024-09-06T14:24:47.334+0000] {logging_mixin.py:190} INFO - [2024-09-06T14:24:47.334+0000] {dag.py:4156} INFO - Setting next_dagrun for example_params_ui_tutorial to None, run_after=None
[2024-09-06T14:24:47.351+0000] {processor.py:208} INFO - Processing /home/airflow/.local/lib/python3.12/site-packages/airflow/example_dags/example_params_ui_tutorial.py took 0.080 seconds
[2024-09-06T14:25:17.614+0000] {processor.py:186} INFO - Started process (PID=464) to work on /home/airflow/.local/lib/python3.12/site-packages/airflow/example_dags/example_params_ui_tutorial.py
[2024-09-06T14:25:17.616+0000] {processor.py:914} INFO - Processing file /home/airflow/.local/lib/python3.12/site-packages/airflow/example_dags/example_params_ui_tutorial.py for tasks to queue
[2024-09-06T14:25:17.618+0000] {logging_mixin.py:190} INFO - [2024-09-06T14:25:17.618+0000] {dagbag.py:587} INFO - Filling up the DagBag from /home/airflow/.local/lib/python3.12/site-packages/airflow/example_dags/example_params_ui_tutorial.py
[2024-09-06T14:25:17.626+0000] {processor.py:925} INFO - DAG(s) 'example_params_ui_tutorial' retrieved from /home/airflow/.local/lib/python3.12/site-packages/airflow/example_dags/example_params_ui_tutorial.py
[2024-09-06T14:25:17.663+0000] {logging_mixin.py:190} INFO - [2024-09-06T14:25:17.663+0000] {dag.py:3229} INFO - Sync 1 DAGs
[2024-09-06T14:25:17.675+0000] {logging_mixin.py:190} INFO - [2024-09-06T14:25:17.674+0000] {dag.py:4156} INFO - Setting next_dagrun for example_params_ui_tutorial to None, run_after=None
[2024-09-06T14:25:17.691+0000] {processor.py:208} INFO - Processing /home/airflow/.local/lib/python3.12/site-packages/airflow/example_dags/example_params_ui_tutorial.py took 0.082 seconds
[2024-09-06T14:25:47.988+0000] {processor.py:186} INFO - Started process (PID=525) to work on /home/airflow/.local/lib/python3.12/site-packages/airflow/example_dags/example_params_ui_tutorial.py
[2024-09-06T14:25:47.989+0000] {processor.py:914} INFO - Processing file /home/airflow/.local/lib/python3.12/site-packages/airflow/example_dags/example_params_ui_tutorial.py for tasks to queue
[2024-09-06T14:25:47.991+0000] {logging_mixin.py:190} INFO - [2024-09-06T14:25:47.991+0000] {dagbag.py:587} INFO - Filling up the DagBag from /home/airflow/.local/lib/python3.12/site-packages/airflow/example_dags/example_params_ui_tutorial.py
[2024-09-06T14:25:47.999+0000] {processor.py:925} INFO - DAG(s) 'example_params_ui_tutorial' retrieved from /home/airflow/.local/lib/python3.12/site-packages/airflow/example_dags/example_params_ui_tutorial.py
[2024-09-06T14:25:48.037+0000] {logging_mixin.py:190} INFO - [2024-09-06T14:25:48.036+0000] {dag.py:3229} INFO - Sync 1 DAGs
[2024-09-06T14:25:48.048+0000] {logging_mixin.py:190} INFO - [2024-09-06T14:25:48.048+0000] {dag.py:4156} INFO - Setting next_dagrun for example_params_ui_tutorial to None, run_after=None
[2024-09-06T14:25:48.065+0000] {processor.py:208} INFO - Processing /home/airflow/.local/lib/python3.12/site-packages/airflow/example_dags/example_params_ui_tutorial.py took 0.082 seconds
[2024-09-06T14:26:18.202+0000] {processor.py:186} INFO - Started process (PID=587) to work on /home/airflow/.local/lib/python3.12/site-packages/airflow/example_dags/example_params_ui_tutorial.py
[2024-09-06T14:26:18.203+0000] {processor.py:914} INFO - Processing file /home/airflow/.local/lib/python3.12/site-packages/airflow/example_dags/example_params_ui_tutorial.py for tasks to queue
[2024-09-06T14:26:18.206+0000] {logging_mixin.py:190} INFO - [2024-09-06T14:26:18.206+0000] {dagbag.py:587} INFO - Filling up the DagBag from /home/airflow/.local/lib/python3.12/site-packages/airflow/example_dags/example_params_ui_tutorial.py
[2024-09-06T14:26:18.214+0000] {processor.py:925} INFO - DAG(s) 'example_params_ui_tutorial' retrieved from /home/airflow/.local/lib/python3.12/site-packages/airflow/example_dags/example_params_ui_tutorial.py
[2024-09-06T14:26:18.255+0000] {logging_mixin.py:190} INFO - [2024-09-06T14:26:18.254+0000] {dag.py:3229} INFO - Sync 1 DAGs
[2024-09-06T14:26:18.266+0000] {logging_mixin.py:190} INFO - [2024-09-06T14:26:18.265+0000] {dag.py:4156} INFO - Setting next_dagrun for example_params_ui_tutorial to None, run_after=None
[2024-09-06T14:26:18.283+0000] {processor.py:208} INFO - Processing /home/airflow/.local/lib/python3.12/site-packages/airflow/example_dags/example_params_ui_tutorial.py took 0.086 seconds
[2024-09-06T14:26:48.436+0000] {processor.py:186} INFO - Started process (PID=649) to work on /home/airflow/.local/lib/python3.12/site-packages/airflow/example_dags/example_params_ui_tutorial.py
[2024-09-06T14:26:48.437+0000] {processor.py:914} INFO - Processing file /home/airflow/.local/lib/python3.12/site-packages/airflow/example_dags/example_params_ui_tutorial.py for tasks to queue
[2024-09-06T14:26:48.439+0000] {logging_mixin.py:190} INFO - [2024-09-06T14:26:48.439+0000] {dagbag.py:587} INFO - Filling up the DagBag from /home/airflow/.local/lib/python3.12/site-packages/airflow/example_dags/example_params_ui_tutorial.py
[2024-09-06T14:26:48.447+0000] {processor.py:925} INFO - DAG(s) 'example_params_ui_tutorial' retrieved from /home/airflow/.local/lib/python3.12/site-packages/airflow/example_dags/example_params_ui_tutorial.py
[2024-09-06T14:26:48.487+0000] {logging_mixin.py:190} INFO - [2024-09-06T14:26:48.486+0000] {dag.py:3229} INFO - Sync 1 DAGs
[2024-09-06T14:26:48.500+0000] {logging_mixin.py:190} INFO - [2024-09-06T14:26:48.500+0000] {dag.py:4156} INFO - Setting next_dagrun for example_params_ui_tutorial to None, run_after=None
[2024-09-06T14:26:48.522+0000] {processor.py:208} INFO - Processing /home/airflow/.local/lib/python3.12/site-packages/airflow/example_dags/example_params_ui_tutorial.py took 0.090 seconds
[2024-09-06T14:27:18.746+0000] {processor.py:186} INFO - Started process (PID=711) to work on /home/airflow/.local/lib/python3.12/site-packages/airflow/example_dags/example_params_ui_tutorial.py
[2024-09-06T14:27:18.747+0000] {processor.py:914} INFO - Processing file /home/airflow/.local/lib/python3.12/site-packages/airflow/example_dags/example_params_ui_tutorial.py for tasks to queue
[2024-09-06T14:27:18.749+0000] {logging_mixin.py:190} INFO - [2024-09-06T14:27:18.749+0000] {dagbag.py:587} INFO - Filling up the DagBag from /home/airflow/.local/lib/python3.12/site-packages/airflow/example_dags/example_params_ui_tutorial.py
[2024-09-06T14:27:18.763+0000] {processor.py:925} INFO - DAG(s) 'example_params_ui_tutorial' retrieved from /home/airflow/.local/lib/python3.12/site-packages/airflow/example_dags/example_params_ui_tutorial.py
[2024-09-06T14:27:18.807+0000] {logging_mixin.py:190} INFO - [2024-09-06T14:27:18.807+0000] {dag.py:3229} INFO - Sync 1 DAGs
[2024-09-06T14:27:18.821+0000] {logging_mixin.py:190} INFO - [2024-09-06T14:27:18.821+0000] {dag.py:4156} INFO - Setting next_dagrun for example_params_ui_tutorial to None, run_after=None
[2024-09-06T14:27:18.840+0000] {processor.py:208} INFO - Processing /home/airflow/.local/lib/python3.12/site-packages/airflow/example_dags/example_params_ui_tutorial.py took 0.099 seconds
[2024-09-06T14:27:48.872+0000] {processor.py:186} INFO - Started process (PID=772) to work on /home/airflow/.local/lib/python3.12/site-packages/airflow/example_dags/example_params_ui_tutorial.py
[2024-09-06T14:27:48.873+0000] {processor.py:914} INFO - Processing file /home/airflow/.local/lib/python3.12/site-packages/airflow/example_dags/example_params_ui_tutorial.py for tasks to queue
[2024-09-06T14:27:48.875+0000] {logging_mixin.py:190} INFO - [2024-09-06T14:27:48.875+0000] {dagbag.py:587} INFO - Filling up the DagBag from /home/airflow/.local/lib/python3.12/site-packages/airflow/example_dags/example_params_ui_tutorial.py
[2024-09-06T14:27:48.884+0000] {processor.py:925} INFO - DAG(s) 'example_params_ui_tutorial' retrieved from /home/airflow/.local/lib/python3.12/site-packages/airflow/example_dags/example_params_ui_tutorial.py
[2024-09-06T14:27:48.926+0000] {logging_mixin.py:190} INFO - [2024-09-06T14:27:48.925+0000] {dag.py:3229} INFO - Sync 1 DAGs
[2024-09-06T14:27:48.940+0000] {logging_mixin.py:190} INFO - [2024-09-06T14:27:48.940+0000] {dag.py:4156} INFO - Setting next_dagrun for example_params_ui_tutorial to None, run_after=None
[2024-09-06T14:27:48.959+0000] {processor.py:208} INFO - Processing /home/airflow/.local/lib/python3.12/site-packages/airflow/example_dags/example_params_ui_tutorial.py took 0.092 seconds
[2024-09-06T14:28:19.059+0000] {processor.py:186} INFO - Started process (PID=834) to work on /home/airflow/.local/lib/python3.12/site-packages/airflow/example_dags/example_params_ui_tutorial.py
[2024-09-06T14:28:19.060+0000] {processor.py:914} INFO - Processing file /home/airflow/.local/lib/python3.12/site-packages/airflow/example_dags/example_params_ui_tutorial.py for tasks to queue
[2024-09-06T14:28:19.062+0000] {logging_mixin.py:190} INFO - [2024-09-06T14:28:19.062+0000] {dagbag.py:587} INFO - Filling up the DagBag from /home/airflow/.local/lib/python3.12/site-packages/airflow/example_dags/example_params_ui_tutorial.py
[2024-09-06T14:28:19.070+0000] {processor.py:925} INFO - DAG(s) 'example_params_ui_tutorial' retrieved from /home/airflow/.local/lib/python3.12/site-packages/airflow/example_dags/example_params_ui_tutorial.py
[2024-09-06T14:28:19.105+0000] {logging_mixin.py:190} INFO - [2024-09-06T14:28:19.104+0000] {dag.py:3229} INFO - Sync 1 DAGs
[2024-09-06T14:28:19.119+0000] {logging_mixin.py:190} INFO - [2024-09-06T14:28:19.119+0000] {dag.py:4156} INFO - Setting next_dagrun for example_params_ui_tutorial to None, run_after=None
[2024-09-06T14:28:19.136+0000] {processor.py:208} INFO - Processing /home/airflow/.local/lib/python3.12/site-packages/airflow/example_dags/example_params_ui_tutorial.py took 0.081 seconds
[2024-09-06T14:28:49.350+0000] {processor.py:186} INFO - Started process (PID=896) to work on /home/airflow/.local/lib/python3.12/site-packages/airflow/example_dags/example_params_ui_tutorial.py
[2024-09-06T14:28:49.351+0000] {processor.py:914} INFO - Processing file /home/airflow/.local/lib/python3.12/site-packages/airflow/example_dags/example_params_ui_tutorial.py for tasks to queue
[2024-09-06T14:28:49.353+0000] {logging_mixin.py:190} INFO - [2024-09-06T14:28:49.353+0000] {dagbag.py:587} INFO - Filling up the DagBag from /home/airflow/.local/lib/python3.12/site-packages/airflow/example_dags/example_params_ui_tutorial.py
[2024-09-06T14:28:49.361+0000] {processor.py:925} INFO - DAG(s) 'example_params_ui_tutorial' retrieved from /home/airflow/.local/lib/python3.12/site-packages/airflow/example_dags/example_params_ui_tutorial.py
[2024-09-06T14:28:49.397+0000] {logging_mixin.py:190} INFO - [2024-09-06T14:28:49.397+0000] {dag.py:3229} INFO - Sync 1 DAGs
[2024-09-06T14:28:49.411+0000] {logging_mixin.py:190} INFO - [2024-09-06T14:28:49.410+0000] {dag.py:4156} INFO - Setting next_dagrun for example_params_ui_tutorial to None, run_after=None
[2024-09-06T14:28:49.430+0000] {processor.py:208} INFO - Processing /home/airflow/.local/lib/python3.12/site-packages/airflow/example_dags/example_params_ui_tutorial.py took 0.084 seconds
[2024-09-06T14:29:19.510+0000] {processor.py:186} INFO - Started process (PID=958) to work on /home/airflow/.local/lib/python3.12/site-packages/airflow/example_dags/example_params_ui_tutorial.py
[2024-09-06T14:29:19.511+0000] {processor.py:914} INFO - Processing file /home/airflow/.local/lib/python3.12/site-packages/airflow/example_dags/example_params_ui_tutorial.py for tasks to queue
[2024-09-06T14:29:19.513+0000] {logging_mixin.py:190} INFO - [2024-09-06T14:29:19.513+0000] {dagbag.py:587} INFO - Filling up the DagBag from /home/airflow/.local/lib/python3.12/site-packages/airflow/example_dags/example_params_ui_tutorial.py
[2024-09-06T14:29:19.521+0000] {processor.py:925} INFO - DAG(s) 'example_params_ui_tutorial' retrieved from /home/airflow/.local/lib/python3.12/site-packages/airflow/example_dags/example_params_ui_tutorial.py
[2024-09-06T14:29:19.564+0000] {logging_mixin.py:190} INFO - [2024-09-06T14:29:19.564+0000] {dag.py:3229} INFO - Sync 1 DAGs
[2024-09-06T14:29:19.579+0000] {logging_mixin.py:190} INFO - [2024-09-06T14:29:19.579+0000] {dag.py:4156} INFO - Setting next_dagrun for example_params_ui_tutorial to None, run_after=None
[2024-09-06T14:29:19.599+0000] {processor.py:208} INFO - Processing /home/airflow/.local/lib/python3.12/site-packages/airflow/example_dags/example_params_ui_tutorial.py took 0.094 seconds
[2024-09-06T14:29:50.387+0000] {processor.py:186} INFO - Started process (PID=1020) to work on /home/airflow/.local/lib/python3.12/site-packages/airflow/example_dags/example_params_ui_tutorial.py
[2024-09-06T14:29:50.388+0000] {processor.py:914} INFO - Processing file /home/airflow/.local/lib/python3.12/site-packages/airflow/example_dags/example_params_ui_tutorial.py for tasks to queue
[2024-09-06T14:29:50.390+0000] {logging_mixin.py:190} INFO - [2024-09-06T14:29:50.389+0000] {dagbag.py:587} INFO - Filling up the DagBag from /home/airflow/.local/lib/python3.12/site-packages/airflow/example_dags/example_params_ui_tutorial.py
[2024-09-06T14:29:50.397+0000] {processor.py:925} INFO - DAG(s) 'example_params_ui_tutorial' retrieved from /home/airflow/.local/lib/python3.12/site-packages/airflow/example_dags/example_params_ui_tutorial.py
[2024-09-06T14:29:50.432+0000] {logging_mixin.py:190} INFO - [2024-09-06T14:29:50.432+0000] {dag.py:3229} INFO - Sync 1 DAGs
[2024-09-06T14:29:50.444+0000] {logging_mixin.py:190} INFO - [2024-09-06T14:29:50.444+0000] {dag.py:4156} INFO - Setting next_dagrun for example_params_ui_tutorial to None, run_after=None
[2024-09-06T14:29:50.462+0000] {processor.py:208} INFO - Processing /home/airflow/.local/lib/python3.12/site-packages/airflow/example_dags/example_params_ui_tutorial.py took 0.080 seconds
[2024-09-06T14:30:20.579+0000] {processor.py:186} INFO - Started process (PID=1082) to work on /home/airflow/.local/lib/python3.12/site-packages/airflow/example_dags/example_params_ui_tutorial.py
[2024-09-06T14:30:20.580+0000] {processor.py:914} INFO - Processing file /home/airflow/.local/lib/python3.12/site-packages/airflow/example_dags/example_params_ui_tutorial.py for tasks to queue
[2024-09-06T14:30:20.583+0000] {logging_mixin.py:190} INFO - [2024-09-06T14:30:20.582+0000] {dagbag.py:587} INFO - Filling up the DagBag from /home/airflow/.local/lib/python3.12/site-packages/airflow/example_dags/example_params_ui_tutorial.py
[2024-09-06T14:30:20.591+0000] {processor.py:925} INFO - DAG(s) 'example_params_ui_tutorial' retrieved from /home/airflow/.local/lib/python3.12/site-packages/airflow/example_dags/example_params_ui_tutorial.py
[2024-09-06T14:30:20.631+0000] {logging_mixin.py:190} INFO - [2024-09-06T14:30:20.630+0000] {dag.py:3229} INFO - Sync 1 DAGs
[2024-09-06T14:30:20.645+0000] {logging_mixin.py:190} INFO - [2024-09-06T14:30:20.645+0000] {dag.py:4156} INFO - Setting next_dagrun for example_params_ui_tutorial to None, run_after=None
[2024-09-06T14:30:20.664+0000] {processor.py:208} INFO - Processing /home/airflow/.local/lib/python3.12/site-packages/airflow/example_dags/example_params_ui_tutorial.py took 0.090 seconds
[2024-09-06T14:30:50.773+0000] {processor.py:186} INFO - Started process (PID=1144) to work on /home/airflow/.local/lib/python3.12/site-packages/airflow/example_dags/example_params_ui_tutorial.py
[2024-09-06T14:30:50.774+0000] {processor.py:914} INFO - Processing file /home/airflow/.local/lib/python3.12/site-packages/airflow/example_dags/example_params_ui_tutorial.py for tasks to queue
[2024-09-06T14:30:50.776+0000] {logging_mixin.py:190} INFO - [2024-09-06T14:30:50.776+0000] {dagbag.py:587} INFO - Filling up the DagBag from /home/airflow/.local/lib/python3.12/site-packages/airflow/example_dags/example_params_ui_tutorial.py
[2024-09-06T14:30:50.784+0000] {processor.py:925} INFO - DAG(s) 'example_params_ui_tutorial' retrieved from /home/airflow/.local/lib/python3.12/site-packages/airflow/example_dags/example_params_ui_tutorial.py
[2024-09-06T14:30:50.822+0000] {logging_mixin.py:190} INFO - [2024-09-06T14:30:50.822+0000] {dag.py:3229} INFO - Sync 1 DAGs
[2024-09-06T14:30:50.835+0000] {logging_mixin.py:190} INFO - [2024-09-06T14:30:50.835+0000] {dag.py:4156} INFO - Setting next_dagrun for example_params_ui_tutorial to None, run_after=None
[2024-09-06T14:30:50.853+0000] {processor.py:208} INFO - Processing /home/airflow/.local/lib/python3.12/site-packages/airflow/example_dags/example_params_ui_tutorial.py took 0.085 seconds
[2024-09-06T14:31:21.475+0000] {processor.py:186} INFO - Started process (PID=1206) to work on /home/airflow/.local/lib/python3.12/site-packages/airflow/example_dags/example_params_ui_tutorial.py
[2024-09-06T14:31:21.476+0000] {processor.py:914} INFO - Processing file /home/airflow/.local/lib/python3.12/site-packages/airflow/example_dags/example_params_ui_tutorial.py for tasks to queue
[2024-09-06T14:31:21.478+0000] {logging_mixin.py:190} INFO - [2024-09-06T14:31:21.478+0000] {dagbag.py:587} INFO - Filling up the DagBag from /home/airflow/.local/lib/python3.12/site-packages/airflow/example_dags/example_params_ui_tutorial.py
[2024-09-06T14:31:21.488+0000] {processor.py:925} INFO - DAG(s) 'example_params_ui_tutorial' retrieved from /home/airflow/.local/lib/python3.12/site-packages/airflow/example_dags/example_params_ui_tutorial.py
[2024-09-06T14:31:21.528+0000] {logging_mixin.py:190} INFO - [2024-09-06T14:31:21.528+0000] {dag.py:3229} INFO - Sync 1 DAGs
[2024-09-06T14:31:21.542+0000] {logging_mixin.py:190} INFO - [2024-09-06T14:31:21.542+0000] {dag.py:4156} INFO - Setting next_dagrun for example_params_ui_tutorial to None, run_after=None
[2024-09-06T14:31:21.562+0000] {processor.py:208} INFO - Processing /home/airflow/.local/lib/python3.12/site-packages/airflow/example_dags/example_params_ui_tutorial.py took 0.092 seconds
[2024-09-06T14:31:52.106+0000] {processor.py:186} INFO - Started process (PID=1268) to work on /home/airflow/.local/lib/python3.12/site-packages/airflow/example_dags/example_params_ui_tutorial.py
[2024-09-06T14:31:52.107+0000] {processor.py:914} INFO - Processing file /home/airflow/.local/lib/python3.12/site-packages/airflow/example_dags/example_params_ui_tutorial.py for tasks to queue
[2024-09-06T14:31:52.111+0000] {logging_mixin.py:190} INFO - [2024-09-06T14:31:52.111+0000] {dagbag.py:587} INFO - Filling up the DagBag from /home/airflow/.local/lib/python3.12/site-packages/airflow/example_dags/example_params_ui_tutorial.py
[2024-09-06T14:31:52.121+0000] {processor.py:925} INFO - DAG(s) 'example_params_ui_tutorial' retrieved from /home/airflow/.local/lib/python3.12/site-packages/airflow/example_dags/example_params_ui_tutorial.py
[2024-09-06T14:31:52.174+0000] {logging_mixin.py:190} INFO - [2024-09-06T14:31:52.174+0000] {dag.py:3229} INFO - Sync 1 DAGs
[2024-09-06T14:31:52.186+0000] {logging_mixin.py:190} INFO - [2024-09-06T14:31:52.186+0000] {dag.py:4156} INFO - Setting next_dagrun for example_params_ui_tutorial to None, run_after=None
[2024-09-06T14:31:52.206+0000] {processor.py:208} INFO - Processing /home/airflow/.local/lib/python3.12/site-packages/airflow/example_dags/example_params_ui_tutorial.py took 0.108 seconds
[2024-09-06T14:32:22.646+0000] {processor.py:186} INFO - Started process (PID=1330) to work on /home/airflow/.local/lib/python3.12/site-packages/airflow/example_dags/example_params_ui_tutorial.py
[2024-09-06T14:32:22.647+0000] {processor.py:914} INFO - Processing file /home/airflow/.local/lib/python3.12/site-packages/airflow/example_dags/example_params_ui_tutorial.py for tasks to queue
[2024-09-06T14:32:22.649+0000] {logging_mixin.py:190} INFO - [2024-09-06T14:32:22.649+0000] {dagbag.py:587} INFO - Filling up the DagBag from /home/airflow/.local/lib/python3.12/site-packages/airflow/example_dags/example_params_ui_tutorial.py
[2024-09-06T14:32:22.658+0000] {processor.py:925} INFO - DAG(s) 'example_params_ui_tutorial' retrieved from /home/airflow/.local/lib/python3.12/site-packages/airflow/example_dags/example_params_ui_tutorial.py
[2024-09-06T14:32:22.698+0000] {logging_mixin.py:190} INFO - [2024-09-06T14:32:22.697+0000] {dag.py:3229} INFO - Sync 1 DAGs
[2024-09-06T14:32:22.709+0000] {logging_mixin.py:190} INFO - [2024-09-06T14:32:22.709+0000] {dag.py:4156} INFO - Setting next_dagrun for example_params_ui_tutorial to None, run_after=None
[2024-09-06T14:32:22.725+0000] {processor.py:208} INFO - Processing /home/airflow/.local/lib/python3.12/site-packages/airflow/example_dags/example_params_ui_tutorial.py took 0.087 seconds
[2024-09-06T14:32:53.162+0000] {processor.py:186} INFO - Started process (PID=1392) to work on /home/airflow/.local/lib/python3.12/site-packages/airflow/example_dags/example_params_ui_tutorial.py
[2024-09-06T14:32:53.163+0000] {processor.py:914} INFO - Processing file /home/airflow/.local/lib/python3.12/site-packages/airflow/example_dags/example_params_ui_tutorial.py for tasks to queue
[2024-09-06T14:32:53.166+0000] {logging_mixin.py:190} INFO - [2024-09-06T14:32:53.166+0000] {dagbag.py:587} INFO - Filling up the DagBag from /home/airflow/.local/lib/python3.12/site-packages/airflow/example_dags/example_params_ui_tutorial.py
[2024-09-06T14:32:53.177+0000] {processor.py:925} INFO - DAG(s) 'example_params_ui_tutorial' retrieved from /home/airflow/.local/lib/python3.12/site-packages/airflow/example_dags/example_params_ui_tutorial.py
[2024-09-06T14:32:53.226+0000] {logging_mixin.py:190} INFO - [2024-09-06T14:32:53.226+0000] {dag.py:3229} INFO - Sync 1 DAGs
[2024-09-06T14:32:53.243+0000] {logging_mixin.py:190} INFO - [2024-09-06T14:32:53.242+0000] {dag.py:4156} INFO - Setting next_dagrun for example_params_ui_tutorial to None, run_after=None
[2024-09-06T14:32:53.262+0000] {processor.py:208} INFO - Processing /home/airflow/.local/lib/python3.12/site-packages/airflow/example_dags/example_params_ui_tutorial.py took 0.109 seconds
[2024-09-06T14:33:23.647+0000] {processor.py:186} INFO - Started process (PID=1454) to work on /home/airflow/.local/lib/python3.12/site-packages/airflow/example_dags/example_params_ui_tutorial.py
[2024-09-06T14:33:23.648+0000] {processor.py:914} INFO - Processing file /home/airflow/.local/lib/python3.12/site-packages/airflow/example_dags/example_params_ui_tutorial.py for tasks to queue
[2024-09-06T14:33:23.651+0000] {logging_mixin.py:190} INFO - [2024-09-06T14:33:23.651+0000] {dagbag.py:587} INFO - Filling up the DagBag from /home/airflow/.local/lib/python3.12/site-packages/airflow/example_dags/example_params_ui_tutorial.py
[2024-09-06T14:33:23.660+0000] {processor.py:925} INFO - DAG(s) 'example_params_ui_tutorial' retrieved from /home/airflow/.local/lib/python3.12/site-packages/airflow/example_dags/example_params_ui_tutorial.py
[2024-09-06T14:33:23.716+0000] {logging_mixin.py:190} INFO - [2024-09-06T14:33:23.716+0000] {dag.py:3229} INFO - Sync 1 DAGs
[2024-09-06T14:33:23.741+0000] {logging_mixin.py:190} INFO - [2024-09-06T14:33:23.741+0000] {dag.py:4156} INFO - Setting next_dagrun for example_params_ui_tutorial to None, run_after=None
[2024-09-06T14:33:23.799+0000] {processor.py:208} INFO - Processing /home/airflow/.local/lib/python3.12/site-packages/airflow/example_dags/example_params_ui_tutorial.py took 0.156 seconds
