[2024-09-06T14:22:18.159+0000] {processor.py:186} INFO - Started process (PID=110) to work on /home/airflow/.local/lib/python3.12/site-packages/airflow/example_dags/example_branch_python_dop_operator_3.py
[2024-09-06T14:22:18.162+0000] {processor.py:914} INFO - Processing file /home/airflow/.local/lib/python3.12/site-packages/airflow/example_dags/example_branch_python_dop_operator_3.py for tasks to queue
[2024-09-06T14:22:18.165+0000] {logging_mixin.py:190} INFO - [2024-09-06T14:22:18.165+0000] {dagbag.py:587} INFO - Filling up the DagBag from /home/airflow/.local/lib/python3.12/site-packages/airflow/example_dags/example_branch_python_dop_operator_3.py
[2024-09-06T14:22:18.181+0000] {processor.py:925} INFO - DAG(s) 'example_branch_dop_operator_v3' retrieved from /home/airflow/.local/lib/python3.12/site-packages/airflow/example_dags/example_branch_python_dop_operator_3.py
[2024-09-06T14:22:18.306+0000] {logging_mixin.py:190} INFO - [2024-09-06T14:22:18.305+0000] {override.py:1900} INFO - Created Permission View: can read on DAG:example_branch_dop_operator_v3
[2024-09-06T14:22:18.321+0000] {logging_mixin.py:190} INFO - [2024-09-06T14:22:18.321+0000] {override.py:1900} INFO - Created Permission View: can delete on DAG:example_branch_dop_operator_v3
[2024-09-06T14:22:18.329+0000] {logging_mixin.py:190} INFO - [2024-09-06T14:22:18.328+0000] {override.py:1900} INFO - Created Permission View: can edit on DAG:example_branch_dop_operator_v3
[2024-09-06T14:22:18.339+0000] {logging_mixin.py:190} INFO - [2024-09-06T14:22:18.338+0000] {override.py:1900} INFO - Created Permission View: can read on DAG Run:example_branch_dop_operator_v3
[2024-09-06T14:22:18.347+0000] {logging_mixin.py:190} INFO - [2024-09-06T14:22:18.347+0000] {override.py:1900} INFO - Created Permission View: can delete on DAG Run:example_branch_dop_operator_v3
[2024-09-06T14:22:18.356+0000] {logging_mixin.py:190} INFO - [2024-09-06T14:22:18.356+0000] {override.py:1900} INFO - Created Permission View: menu access on DAG Run:example_branch_dop_operator_v3
[2024-09-06T14:22:18.364+0000] {logging_mixin.py:190} INFO - [2024-09-06T14:22:18.363+0000] {override.py:1900} INFO - Created Permission View: can create on DAG Run:example_branch_dop_operator_v3
[2024-09-06T14:22:18.364+0000] {logging_mixin.py:190} INFO - [2024-09-06T14:22:18.364+0000] {dag.py:3229} INFO - Sync 1 DAGs
[2024-09-06T14:22:18.379+0000] {logging_mixin.py:190} INFO - [2024-09-06T14:22:18.379+0000] {dag.py:3252} INFO - Creating ORM DAG for example_branch_dop_operator_v3
[2024-09-06T14:22:18.394+0000] {logging_mixin.py:190} INFO - [2024-09-06T14:22:18.394+0000] {dag.py:4156} INFO - Setting next_dagrun for example_branch_dop_operator_v3 to 2024-09-06 14:21:00+00:00, run_after=2024-09-06 14:22:00+00:00
[2024-09-06T14:22:18.421+0000] {processor.py:208} INFO - Processing /home/airflow/.local/lib/python3.12/site-packages/airflow/example_dags/example_branch_python_dop_operator_3.py took 0.269 seconds
[2024-09-06T14:22:49.008+0000] {processor.py:186} INFO - Started process (PID=172) to work on /home/airflow/.local/lib/python3.12/site-packages/airflow/example_dags/example_branch_python_dop_operator_3.py
[2024-09-06T14:22:49.009+0000] {processor.py:914} INFO - Processing file /home/airflow/.local/lib/python3.12/site-packages/airflow/example_dags/example_branch_python_dop_operator_3.py for tasks to queue
[2024-09-06T14:22:49.012+0000] {logging_mixin.py:190} INFO - [2024-09-06T14:22:49.011+0000] {dagbag.py:587} INFO - Filling up the DagBag from /home/airflow/.local/lib/python3.12/site-packages/airflow/example_dags/example_branch_python_dop_operator_3.py
[2024-09-06T14:22:49.022+0000] {processor.py:925} INFO - DAG(s) 'example_branch_dop_operator_v3' retrieved from /home/airflow/.local/lib/python3.12/site-packages/airflow/example_dags/example_branch_python_dop_operator_3.py
[2024-09-06T14:22:49.042+0000] {logging_mixin.py:190} INFO - [2024-09-06T14:22:49.042+0000] {dag.py:3229} INFO - Sync 1 DAGs
[2024-09-06T14:22:49.068+0000] {logging_mixin.py:190} INFO - [2024-09-06T14:22:49.067+0000] {dag.py:4156} INFO - Setting next_dagrun for example_branch_dop_operator_v3 to 2024-09-06 14:21:00+00:00, run_after=2024-09-06 14:22:00+00:00
[2024-09-06T14:22:49.088+0000] {processor.py:208} INFO - Processing /home/airflow/.local/lib/python3.12/site-packages/airflow/example_dags/example_branch_python_dop_operator_3.py took 0.085 seconds
[2024-09-06T14:23:19.337+0000] {processor.py:186} INFO - Started process (PID=234) to work on /home/airflow/.local/lib/python3.12/site-packages/airflow/example_dags/example_branch_python_dop_operator_3.py
[2024-09-06T14:23:19.338+0000] {processor.py:914} INFO - Processing file /home/airflow/.local/lib/python3.12/site-packages/airflow/example_dags/example_branch_python_dop_operator_3.py for tasks to queue
[2024-09-06T14:23:19.341+0000] {logging_mixin.py:190} INFO - [2024-09-06T14:23:19.340+0000] {dagbag.py:587} INFO - Filling up the DagBag from /home/airflow/.local/lib/python3.12/site-packages/airflow/example_dags/example_branch_python_dop_operator_3.py
[2024-09-06T14:23:19.350+0000] {processor.py:925} INFO - DAG(s) 'example_branch_dop_operator_v3' retrieved from /home/airflow/.local/lib/python3.12/site-packages/airflow/example_dags/example_branch_python_dop_operator_3.py
[2024-09-06T14:23:19.369+0000] {logging_mixin.py:190} INFO - [2024-09-06T14:23:19.369+0000] {dag.py:3229} INFO - Sync 1 DAGs
[2024-09-06T14:23:19.397+0000] {logging_mixin.py:190} INFO - [2024-09-06T14:23:19.397+0000] {dag.py:4156} INFO - Setting next_dagrun for example_branch_dop_operator_v3 to 2024-09-06 14:22:00+00:00, run_after=2024-09-06 14:23:00+00:00
[2024-09-06T14:23:19.414+0000] {processor.py:208} INFO - Processing /home/airflow/.local/lib/python3.12/site-packages/airflow/example_dags/example_branch_python_dop_operator_3.py took 0.082 seconds
[2024-09-06T14:23:49.862+0000] {processor.py:186} INFO - Started process (PID=296) to work on /home/airflow/.local/lib/python3.12/site-packages/airflow/example_dags/example_branch_python_dop_operator_3.py
[2024-09-06T14:23:49.863+0000] {processor.py:914} INFO - Processing file /home/airflow/.local/lib/python3.12/site-packages/airflow/example_dags/example_branch_python_dop_operator_3.py for tasks to queue
[2024-09-06T14:23:49.865+0000] {logging_mixin.py:190} INFO - [2024-09-06T14:23:49.864+0000] {dagbag.py:587} INFO - Filling up the DagBag from /home/airflow/.local/lib/python3.12/site-packages/airflow/example_dags/example_branch_python_dop_operator_3.py
[2024-09-06T14:23:49.874+0000] {processor.py:925} INFO - DAG(s) 'example_branch_dop_operator_v3' retrieved from /home/airflow/.local/lib/python3.12/site-packages/airflow/example_dags/example_branch_python_dop_operator_3.py
[2024-09-06T14:23:49.894+0000] {logging_mixin.py:190} INFO - [2024-09-06T14:23:49.894+0000] {dag.py:3229} INFO - Sync 1 DAGs
[2024-09-06T14:23:49.921+0000] {logging_mixin.py:190} INFO - [2024-09-06T14:23:49.921+0000] {dag.py:4156} INFO - Setting next_dagrun for example_branch_dop_operator_v3 to 2024-09-06 14:22:00+00:00, run_after=2024-09-06 14:23:00+00:00
[2024-09-06T14:23:49.938+0000] {processor.py:208} INFO - Processing /home/airflow/.local/lib/python3.12/site-packages/airflow/example_dags/example_branch_python_dop_operator_3.py took 0.082 seconds
[2024-09-06T14:24:20.145+0000] {processor.py:186} INFO - Started process (PID=358) to work on /home/airflow/.local/lib/python3.12/site-packages/airflow/example_dags/example_branch_python_dop_operator_3.py
[2024-09-06T14:24:20.146+0000] {processor.py:914} INFO - Processing file /home/airflow/.local/lib/python3.12/site-packages/airflow/example_dags/example_branch_python_dop_operator_3.py for tasks to queue
[2024-09-06T14:24:20.148+0000] {logging_mixin.py:190} INFO - [2024-09-06T14:24:20.148+0000] {dagbag.py:587} INFO - Filling up the DagBag from /home/airflow/.local/lib/python3.12/site-packages/airflow/example_dags/example_branch_python_dop_operator_3.py
[2024-09-06T14:24:20.160+0000] {processor.py:925} INFO - DAG(s) 'example_branch_dop_operator_v3' retrieved from /home/airflow/.local/lib/python3.12/site-packages/airflow/example_dags/example_branch_python_dop_operator_3.py
[2024-09-06T14:24:20.180+0000] {logging_mixin.py:190} INFO - [2024-09-06T14:24:20.180+0000] {dag.py:3229} INFO - Sync 1 DAGs
[2024-09-06T14:24:20.204+0000] {logging_mixin.py:190} INFO - [2024-09-06T14:24:20.203+0000] {dag.py:4156} INFO - Setting next_dagrun for example_branch_dop_operator_v3 to 2024-09-06 14:23:00+00:00, run_after=2024-09-06 14:24:00+00:00
[2024-09-06T14:24:20.221+0000] {processor.py:208} INFO - Processing /home/airflow/.local/lib/python3.12/site-packages/airflow/example_dags/example_branch_python_dop_operator_3.py took 0.081 seconds
[2024-09-06T14:24:50.493+0000] {processor.py:186} INFO - Started process (PID=420) to work on /home/airflow/.local/lib/python3.12/site-packages/airflow/example_dags/example_branch_python_dop_operator_3.py
[2024-09-06T14:24:50.494+0000] {processor.py:914} INFO - Processing file /home/airflow/.local/lib/python3.12/site-packages/airflow/example_dags/example_branch_python_dop_operator_3.py for tasks to queue
[2024-09-06T14:24:50.496+0000] {logging_mixin.py:190} INFO - [2024-09-06T14:24:50.496+0000] {dagbag.py:587} INFO - Filling up the DagBag from /home/airflow/.local/lib/python3.12/site-packages/airflow/example_dags/example_branch_python_dop_operator_3.py
[2024-09-06T14:24:50.512+0000] {processor.py:925} INFO - DAG(s) 'example_branch_dop_operator_v3' retrieved from /home/airflow/.local/lib/python3.12/site-packages/airflow/example_dags/example_branch_python_dop_operator_3.py
[2024-09-06T14:24:50.534+0000] {logging_mixin.py:190} INFO - [2024-09-06T14:24:50.534+0000] {dag.py:3229} INFO - Sync 1 DAGs
[2024-09-06T14:24:50.567+0000] {logging_mixin.py:190} INFO - [2024-09-06T14:24:50.566+0000] {dag.py:4156} INFO - Setting next_dagrun for example_branch_dop_operator_v3 to 2024-09-06 14:23:00+00:00, run_after=2024-09-06 14:24:00+00:00
[2024-09-06T14:24:50.583+0000] {processor.py:208} INFO - Processing /home/airflow/.local/lib/python3.12/site-packages/airflow/example_dags/example_branch_python_dop_operator_3.py took 0.100 seconds
[2024-09-06T14:25:20.901+0000] {processor.py:186} INFO - Started process (PID=483) to work on /home/airflow/.local/lib/python3.12/site-packages/airflow/example_dags/example_branch_python_dop_operator_3.py
[2024-09-06T14:25:20.902+0000] {processor.py:914} INFO - Processing file /home/airflow/.local/lib/python3.12/site-packages/airflow/example_dags/example_branch_python_dop_operator_3.py for tasks to queue
[2024-09-06T14:25:20.904+0000] {logging_mixin.py:190} INFO - [2024-09-06T14:25:20.904+0000] {dagbag.py:587} INFO - Filling up the DagBag from /home/airflow/.local/lib/python3.12/site-packages/airflow/example_dags/example_branch_python_dop_operator_3.py
[2024-09-06T14:25:20.916+0000] {processor.py:925} INFO - DAG(s) 'example_branch_dop_operator_v3' retrieved from /home/airflow/.local/lib/python3.12/site-packages/airflow/example_dags/example_branch_python_dop_operator_3.py
[2024-09-06T14:25:20.933+0000] {logging_mixin.py:190} INFO - [2024-09-06T14:25:20.933+0000] {dag.py:3229} INFO - Sync 1 DAGs
[2024-09-06T14:25:20.957+0000] {logging_mixin.py:190} INFO - [2024-09-06T14:25:20.957+0000] {dag.py:4156} INFO - Setting next_dagrun for example_branch_dop_operator_v3 to 2024-09-06 14:24:00+00:00, run_after=2024-09-06 14:25:00+00:00
[2024-09-06T14:25:20.977+0000] {processor.py:208} INFO - Processing /home/airflow/.local/lib/python3.12/site-packages/airflow/example_dags/example_branch_python_dop_operator_3.py took 0.081 seconds
[2024-09-06T14:25:51.118+0000] {processor.py:186} INFO - Started process (PID=544) to work on /home/airflow/.local/lib/python3.12/site-packages/airflow/example_dags/example_branch_python_dop_operator_3.py
[2024-09-06T14:25:51.119+0000] {processor.py:914} INFO - Processing file /home/airflow/.local/lib/python3.12/site-packages/airflow/example_dags/example_branch_python_dop_operator_3.py for tasks to queue
[2024-09-06T14:25:51.122+0000] {logging_mixin.py:190} INFO - [2024-09-06T14:25:51.121+0000] {dagbag.py:587} INFO - Filling up the DagBag from /home/airflow/.local/lib/python3.12/site-packages/airflow/example_dags/example_branch_python_dop_operator_3.py
[2024-09-06T14:25:51.131+0000] {processor.py:925} INFO - DAG(s) 'example_branch_dop_operator_v3' retrieved from /home/airflow/.local/lib/python3.12/site-packages/airflow/example_dags/example_branch_python_dop_operator_3.py
[2024-09-06T14:25:51.149+0000] {logging_mixin.py:190} INFO - [2024-09-06T14:25:51.149+0000] {dag.py:3229} INFO - Sync 1 DAGs
[2024-09-06T14:25:51.172+0000] {logging_mixin.py:190} INFO - [2024-09-06T14:25:51.171+0000] {dag.py:4156} INFO - Setting next_dagrun for example_branch_dop_operator_v3 to 2024-09-06 14:24:00+00:00, run_after=2024-09-06 14:25:00+00:00
[2024-09-06T14:25:51.190+0000] {processor.py:208} INFO - Processing /home/airflow/.local/lib/python3.12/site-packages/airflow/example_dags/example_branch_python_dop_operator_3.py took 0.077 seconds
[2024-09-06T14:26:21.410+0000] {processor.py:186} INFO - Started process (PID=606) to work on /home/airflow/.local/lib/python3.12/site-packages/airflow/example_dags/example_branch_python_dop_operator_3.py
[2024-09-06T14:26:21.411+0000] {processor.py:914} INFO - Processing file /home/airflow/.local/lib/python3.12/site-packages/airflow/example_dags/example_branch_python_dop_operator_3.py for tasks to queue
[2024-09-06T14:26:21.413+0000] {logging_mixin.py:190} INFO - [2024-09-06T14:26:21.413+0000] {dagbag.py:587} INFO - Filling up the DagBag from /home/airflow/.local/lib/python3.12/site-packages/airflow/example_dags/example_branch_python_dop_operator_3.py
[2024-09-06T14:26:21.422+0000] {processor.py:925} INFO - DAG(s) 'example_branch_dop_operator_v3' retrieved from /home/airflow/.local/lib/python3.12/site-packages/airflow/example_dags/example_branch_python_dop_operator_3.py
[2024-09-06T14:26:21.441+0000] {logging_mixin.py:190} INFO - [2024-09-06T14:26:21.441+0000] {dag.py:3229} INFO - Sync 1 DAGs
[2024-09-06T14:26:21.464+0000] {logging_mixin.py:190} INFO - [2024-09-06T14:26:21.464+0000] {dag.py:4156} INFO - Setting next_dagrun for example_branch_dop_operator_v3 to 2024-09-06 14:25:00+00:00, run_after=2024-09-06 14:26:00+00:00
[2024-09-06T14:26:21.482+0000] {processor.py:208} INFO - Processing /home/airflow/.local/lib/python3.12/site-packages/airflow/example_dags/example_branch_python_dop_operator_3.py took 0.077 seconds
[2024-09-06T14:26:51.664+0000] {processor.py:186} INFO - Started process (PID=668) to work on /home/airflow/.local/lib/python3.12/site-packages/airflow/example_dags/example_branch_python_dop_operator_3.py
[2024-09-06T14:26:51.665+0000] {processor.py:914} INFO - Processing file /home/airflow/.local/lib/python3.12/site-packages/airflow/example_dags/example_branch_python_dop_operator_3.py for tasks to queue
[2024-09-06T14:26:51.668+0000] {logging_mixin.py:190} INFO - [2024-09-06T14:26:51.667+0000] {dagbag.py:587} INFO - Filling up the DagBag from /home/airflow/.local/lib/python3.12/site-packages/airflow/example_dags/example_branch_python_dop_operator_3.py
[2024-09-06T14:26:51.680+0000] {processor.py:925} INFO - DAG(s) 'example_branch_dop_operator_v3' retrieved from /home/airflow/.local/lib/python3.12/site-packages/airflow/example_dags/example_branch_python_dop_operator_3.py
[2024-09-06T14:26:51.697+0000] {logging_mixin.py:190} INFO - [2024-09-06T14:26:51.697+0000] {dag.py:3229} INFO - Sync 1 DAGs
[2024-09-06T14:26:51.723+0000] {logging_mixin.py:190} INFO - [2024-09-06T14:26:51.722+0000] {dag.py:4156} INFO - Setting next_dagrun for example_branch_dop_operator_v3 to 2024-09-06 14:25:00+00:00, run_after=2024-09-06 14:26:00+00:00
[2024-09-06T14:26:51.740+0000] {processor.py:208} INFO - Processing /home/airflow/.local/lib/python3.12/site-packages/airflow/example_dags/example_branch_python_dop_operator_3.py took 0.082 seconds
[2024-09-06T14:27:21.923+0000] {processor.py:186} INFO - Started process (PID=730) to work on /home/airflow/.local/lib/python3.12/site-packages/airflow/example_dags/example_branch_python_dop_operator_3.py
[2024-09-06T14:27:21.924+0000] {processor.py:914} INFO - Processing file /home/airflow/.local/lib/python3.12/site-packages/airflow/example_dags/example_branch_python_dop_operator_3.py for tasks to queue
[2024-09-06T14:27:21.927+0000] {logging_mixin.py:190} INFO - [2024-09-06T14:27:21.926+0000] {dagbag.py:587} INFO - Filling up the DagBag from /home/airflow/.local/lib/python3.12/site-packages/airflow/example_dags/example_branch_python_dop_operator_3.py
[2024-09-06T14:27:21.937+0000] {processor.py:925} INFO - DAG(s) 'example_branch_dop_operator_v3' retrieved from /home/airflow/.local/lib/python3.12/site-packages/airflow/example_dags/example_branch_python_dop_operator_3.py
[2024-09-06T14:27:21.955+0000] {logging_mixin.py:190} INFO - [2024-09-06T14:27:21.955+0000] {dag.py:3229} INFO - Sync 1 DAGs
[2024-09-06T14:27:21.976+0000] {logging_mixin.py:190} INFO - [2024-09-06T14:27:21.976+0000] {dag.py:4156} INFO - Setting next_dagrun for example_branch_dop_operator_v3 to 2024-09-06 14:26:00+00:00, run_after=2024-09-06 14:27:00+00:00
[2024-09-06T14:27:21.991+0000] {processor.py:208} INFO - Processing /home/airflow/.local/lib/python3.12/site-packages/airflow/example_dags/example_branch_python_dop_operator_3.py took 0.073 seconds
[2024-09-06T14:27:52.207+0000] {processor.py:186} INFO - Started process (PID=792) to work on /home/airflow/.local/lib/python3.12/site-packages/airflow/example_dags/example_branch_python_dop_operator_3.py
[2024-09-06T14:27:52.208+0000] {processor.py:914} INFO - Processing file /home/airflow/.local/lib/python3.12/site-packages/airflow/example_dags/example_branch_python_dop_operator_3.py for tasks to queue
[2024-09-06T14:27:52.211+0000] {logging_mixin.py:190} INFO - [2024-09-06T14:27:52.210+0000] {dagbag.py:587} INFO - Filling up the DagBag from /home/airflow/.local/lib/python3.12/site-packages/airflow/example_dags/example_branch_python_dop_operator_3.py
[2024-09-06T14:27:52.222+0000] {processor.py:925} INFO - DAG(s) 'example_branch_dop_operator_v3' retrieved from /home/airflow/.local/lib/python3.12/site-packages/airflow/example_dags/example_branch_python_dop_operator_3.py
[2024-09-06T14:27:52.241+0000] {logging_mixin.py:190} INFO - [2024-09-06T14:27:52.241+0000] {dag.py:3229} INFO - Sync 1 DAGs
[2024-09-06T14:27:52.266+0000] {logging_mixin.py:190} INFO - [2024-09-06T14:27:52.266+0000] {dag.py:4156} INFO - Setting next_dagrun for example_branch_dop_operator_v3 to 2024-09-06 14:26:00+00:00, run_after=2024-09-06 14:27:00+00:00
[2024-09-06T14:27:52.281+0000] {processor.py:208} INFO - Processing /home/airflow/.local/lib/python3.12/site-packages/airflow/example_dags/example_branch_python_dop_operator_3.py took 0.081 seconds
[2024-09-06T14:28:22.492+0000] {processor.py:186} INFO - Started process (PID=854) to work on /home/airflow/.local/lib/python3.12/site-packages/airflow/example_dags/example_branch_python_dop_operator_3.py
[2024-09-06T14:28:22.493+0000] {processor.py:914} INFO - Processing file /home/airflow/.local/lib/python3.12/site-packages/airflow/example_dags/example_branch_python_dop_operator_3.py for tasks to queue
[2024-09-06T14:28:22.495+0000] {logging_mixin.py:190} INFO - [2024-09-06T14:28:22.494+0000] {dagbag.py:587} INFO - Filling up the DagBag from /home/airflow/.local/lib/python3.12/site-packages/airflow/example_dags/example_branch_python_dop_operator_3.py
[2024-09-06T14:28:22.503+0000] {processor.py:925} INFO - DAG(s) 'example_branch_dop_operator_v3' retrieved from /home/airflow/.local/lib/python3.12/site-packages/airflow/example_dags/example_branch_python_dop_operator_3.py
[2024-09-06T14:28:22.523+0000] {logging_mixin.py:190} INFO - [2024-09-06T14:28:22.523+0000] {dag.py:3229} INFO - Sync 1 DAGs
[2024-09-06T14:28:22.545+0000] {logging_mixin.py:190} INFO - [2024-09-06T14:28:22.545+0000] {dag.py:4156} INFO - Setting next_dagrun for example_branch_dop_operator_v3 to 2024-09-06 14:27:00+00:00, run_after=2024-09-06 14:28:00+00:00
[2024-09-06T14:28:22.563+0000] {processor.py:208} INFO - Processing /home/airflow/.local/lib/python3.12/site-packages/airflow/example_dags/example_branch_python_dop_operator_3.py took 0.077 seconds
[2024-09-06T14:28:52.786+0000] {processor.py:186} INFO - Started process (PID=916) to work on /home/airflow/.local/lib/python3.12/site-packages/airflow/example_dags/example_branch_python_dop_operator_3.py
[2024-09-06T14:28:52.787+0000] {processor.py:914} INFO - Processing file /home/airflow/.local/lib/python3.12/site-packages/airflow/example_dags/example_branch_python_dop_operator_3.py for tasks to queue
[2024-09-06T14:28:52.789+0000] {logging_mixin.py:190} INFO - [2024-09-06T14:28:52.789+0000] {dagbag.py:587} INFO - Filling up the DagBag from /home/airflow/.local/lib/python3.12/site-packages/airflow/example_dags/example_branch_python_dop_operator_3.py
[2024-09-06T14:28:52.798+0000] {processor.py:925} INFO - DAG(s) 'example_branch_dop_operator_v3' retrieved from /home/airflow/.local/lib/python3.12/site-packages/airflow/example_dags/example_branch_python_dop_operator_3.py
[2024-09-06T14:28:52.817+0000] {logging_mixin.py:190} INFO - [2024-09-06T14:28:52.817+0000] {dag.py:3229} INFO - Sync 1 DAGs
[2024-09-06T14:28:52.840+0000] {logging_mixin.py:190} INFO - [2024-09-06T14:28:52.840+0000] {dag.py:4156} INFO - Setting next_dagrun for example_branch_dop_operator_v3 to 2024-09-06 14:27:00+00:00, run_after=2024-09-06 14:28:00+00:00
[2024-09-06T14:28:52.860+0000] {processor.py:208} INFO - Processing /home/airflow/.local/lib/python3.12/site-packages/airflow/example_dags/example_branch_python_dop_operator_3.py took 0.079 seconds
[2024-09-06T14:29:23.637+0000] {processor.py:186} INFO - Started process (PID=978) to work on /home/airflow/.local/lib/python3.12/site-packages/airflow/example_dags/example_branch_python_dop_operator_3.py
[2024-09-06T14:29:23.638+0000] {processor.py:914} INFO - Processing file /home/airflow/.local/lib/python3.12/site-packages/airflow/example_dags/example_branch_python_dop_operator_3.py for tasks to queue
[2024-09-06T14:29:23.640+0000] {logging_mixin.py:190} INFO - [2024-09-06T14:29:23.640+0000] {dagbag.py:587} INFO - Filling up the DagBag from /home/airflow/.local/lib/python3.12/site-packages/airflow/example_dags/example_branch_python_dop_operator_3.py
[2024-09-06T14:29:23.650+0000] {processor.py:925} INFO - DAG(s) 'example_branch_dop_operator_v3' retrieved from /home/airflow/.local/lib/python3.12/site-packages/airflow/example_dags/example_branch_python_dop_operator_3.py
[2024-09-06T14:29:23.667+0000] {logging_mixin.py:190} INFO - [2024-09-06T14:29:23.666+0000] {dag.py:3229} INFO - Sync 1 DAGs
[2024-09-06T14:29:23.690+0000] {logging_mixin.py:190} INFO - [2024-09-06T14:29:23.689+0000] {dag.py:4156} INFO - Setting next_dagrun for example_branch_dop_operator_v3 to 2024-09-06 14:28:00+00:00, run_after=2024-09-06 14:29:00+00:00
[2024-09-06T14:29:23.709+0000] {processor.py:208} INFO - Processing /home/airflow/.local/lib/python3.12/site-packages/airflow/example_dags/example_branch_python_dop_operator_3.py took 0.078 seconds
[2024-09-06T14:29:54.563+0000] {processor.py:186} INFO - Started process (PID=1040) to work on /home/airflow/.local/lib/python3.12/site-packages/airflow/example_dags/example_branch_python_dop_operator_3.py
[2024-09-06T14:29:54.564+0000] {processor.py:914} INFO - Processing file /home/airflow/.local/lib/python3.12/site-packages/airflow/example_dags/example_branch_python_dop_operator_3.py for tasks to queue
[2024-09-06T14:29:54.567+0000] {logging_mixin.py:190} INFO - [2024-09-06T14:29:54.566+0000] {dagbag.py:587} INFO - Filling up the DagBag from /home/airflow/.local/lib/python3.12/site-packages/airflow/example_dags/example_branch_python_dop_operator_3.py
[2024-09-06T14:29:54.575+0000] {processor.py:925} INFO - DAG(s) 'example_branch_dop_operator_v3' retrieved from /home/airflow/.local/lib/python3.12/site-packages/airflow/example_dags/example_branch_python_dop_operator_3.py
[2024-09-06T14:29:54.592+0000] {logging_mixin.py:190} INFO - [2024-09-06T14:29:54.592+0000] {dag.py:3229} INFO - Sync 1 DAGs
[2024-09-06T14:29:54.613+0000] {logging_mixin.py:190} INFO - [2024-09-06T14:29:54.613+0000] {dag.py:4156} INFO - Setting next_dagrun for example_branch_dop_operator_v3 to 2024-09-06 14:28:00+00:00, run_after=2024-09-06 14:29:00+00:00
[2024-09-06T14:29:54.634+0000] {processor.py:208} INFO - Processing /home/airflow/.local/lib/python3.12/site-packages/airflow/example_dags/example_branch_python_dop_operator_3.py took 0.076 seconds
[2024-09-06T14:30:24.916+0000] {processor.py:186} INFO - Started process (PID=1102) to work on /home/airflow/.local/lib/python3.12/site-packages/airflow/example_dags/example_branch_python_dop_operator_3.py
[2024-09-06T14:30:24.917+0000] {processor.py:914} INFO - Processing file /home/airflow/.local/lib/python3.12/site-packages/airflow/example_dags/example_branch_python_dop_operator_3.py for tasks to queue
[2024-09-06T14:30:24.920+0000] {logging_mixin.py:190} INFO - [2024-09-06T14:30:24.919+0000] {dagbag.py:587} INFO - Filling up the DagBag from /home/airflow/.local/lib/python3.12/site-packages/airflow/example_dags/example_branch_python_dop_operator_3.py
[2024-09-06T14:30:24.932+0000] {processor.py:925} INFO - DAG(s) 'example_branch_dop_operator_v3' retrieved from /home/airflow/.local/lib/python3.12/site-packages/airflow/example_dags/example_branch_python_dop_operator_3.py
[2024-09-06T14:30:24.953+0000] {logging_mixin.py:190} INFO - [2024-09-06T14:30:24.952+0000] {dag.py:3229} INFO - Sync 1 DAGs
[2024-09-06T14:30:24.979+0000] {logging_mixin.py:190} INFO - [2024-09-06T14:30:24.979+0000] {dag.py:4156} INFO - Setting next_dagrun for example_branch_dop_operator_v3 to 2024-09-06 14:29:00+00:00, run_after=2024-09-06 14:30:00+00:00
[2024-09-06T14:30:24.996+0000] {processor.py:208} INFO - Processing /home/airflow/.local/lib/python3.12/site-packages/airflow/example_dags/example_branch_python_dop_operator_3.py took 0.087 seconds
[2024-09-06T14:30:55.233+0000] {processor.py:186} INFO - Started process (PID=1164) to work on /home/airflow/.local/lib/python3.12/site-packages/airflow/example_dags/example_branch_python_dop_operator_3.py
[2024-09-06T14:30:55.234+0000] {processor.py:914} INFO - Processing file /home/airflow/.local/lib/python3.12/site-packages/airflow/example_dags/example_branch_python_dop_operator_3.py for tasks to queue
[2024-09-06T14:30:55.237+0000] {logging_mixin.py:190} INFO - [2024-09-06T14:30:55.237+0000] {dagbag.py:587} INFO - Filling up the DagBag from /home/airflow/.local/lib/python3.12/site-packages/airflow/example_dags/example_branch_python_dop_operator_3.py
[2024-09-06T14:30:55.249+0000] {processor.py:925} INFO - DAG(s) 'example_branch_dop_operator_v3' retrieved from /home/airflow/.local/lib/python3.12/site-packages/airflow/example_dags/example_branch_python_dop_operator_3.py
[2024-09-06T14:30:55.303+0000] {logging_mixin.py:190} INFO - [2024-09-06T14:30:55.303+0000] {dag.py:3229} INFO - Sync 1 DAGs
[2024-09-06T14:30:55.356+0000] {logging_mixin.py:190} INFO - [2024-09-06T14:30:55.356+0000] {dag.py:4156} INFO - Setting next_dagrun for example_branch_dop_operator_v3 to 2024-09-06 14:29:00+00:00, run_after=2024-09-06 14:30:00+00:00
[2024-09-06T14:30:55.372+0000] {processor.py:208} INFO - Processing /home/airflow/.local/lib/python3.12/site-packages/airflow/example_dags/example_branch_python_dop_operator_3.py took 0.146 seconds
[2024-09-06T14:31:25.940+0000] {processor.py:186} INFO - Started process (PID=1226) to work on /home/airflow/.local/lib/python3.12/site-packages/airflow/example_dags/example_branch_python_dop_operator_3.py
[2024-09-06T14:31:25.941+0000] {processor.py:914} INFO - Processing file /home/airflow/.local/lib/python3.12/site-packages/airflow/example_dags/example_branch_python_dop_operator_3.py for tasks to queue
[2024-09-06T14:31:25.943+0000] {logging_mixin.py:190} INFO - [2024-09-06T14:31:25.943+0000] {dagbag.py:587} INFO - Filling up the DagBag from /home/airflow/.local/lib/python3.12/site-packages/airflow/example_dags/example_branch_python_dop_operator_3.py
[2024-09-06T14:31:25.954+0000] {processor.py:925} INFO - DAG(s) 'example_branch_dop_operator_v3' retrieved from /home/airflow/.local/lib/python3.12/site-packages/airflow/example_dags/example_branch_python_dop_operator_3.py
[2024-09-06T14:31:25.974+0000] {logging_mixin.py:190} INFO - [2024-09-06T14:31:25.974+0000] {dag.py:3229} INFO - Sync 1 DAGs
[2024-09-06T14:31:25.997+0000] {logging_mixin.py:190} INFO - [2024-09-06T14:31:25.997+0000] {dag.py:4156} INFO - Setting next_dagrun for example_branch_dop_operator_v3 to 2024-09-06 14:30:00+00:00, run_after=2024-09-06 14:31:00+00:00
[2024-09-06T14:31:26.019+0000] {processor.py:208} INFO - Processing /home/airflow/.local/lib/python3.12/site-packages/airflow/example_dags/example_branch_python_dop_operator_3.py took 0.084 seconds
[2024-09-06T14:31:56.430+0000] {processor.py:186} INFO - Started process (PID=1288) to work on /home/airflow/.local/lib/python3.12/site-packages/airflow/example_dags/example_branch_python_dop_operator_3.py
[2024-09-06T14:31:56.431+0000] {processor.py:914} INFO - Processing file /home/airflow/.local/lib/python3.12/site-packages/airflow/example_dags/example_branch_python_dop_operator_3.py for tasks to queue
[2024-09-06T14:31:56.433+0000] {logging_mixin.py:190} INFO - [2024-09-06T14:31:56.433+0000] {dagbag.py:587} INFO - Filling up the DagBag from /home/airflow/.local/lib/python3.12/site-packages/airflow/example_dags/example_branch_python_dop_operator_3.py
[2024-09-06T14:31:56.446+0000] {processor.py:925} INFO - DAG(s) 'example_branch_dop_operator_v3' retrieved from /home/airflow/.local/lib/python3.12/site-packages/airflow/example_dags/example_branch_python_dop_operator_3.py
[2024-09-06T14:31:56.465+0000] {logging_mixin.py:190} INFO - [2024-09-06T14:31:56.465+0000] {dag.py:3229} INFO - Sync 1 DAGs
[2024-09-06T14:31:56.495+0000] {logging_mixin.py:190} INFO - [2024-09-06T14:31:56.495+0000] {dag.py:4156} INFO - Setting next_dagrun for example_branch_dop_operator_v3 to 2024-09-06 14:30:00+00:00, run_after=2024-09-06 14:31:00+00:00
[2024-09-06T14:31:56.517+0000] {processor.py:208} INFO - Processing /home/airflow/.local/lib/python3.12/site-packages/airflow/example_dags/example_branch_python_dop_operator_3.py took 0.094 seconds
[2024-09-06T14:32:27.023+0000] {processor.py:186} INFO - Started process (PID=1350) to work on /home/airflow/.local/lib/python3.12/site-packages/airflow/example_dags/example_branch_python_dop_operator_3.py
[2024-09-06T14:32:27.024+0000] {processor.py:914} INFO - Processing file /home/airflow/.local/lib/python3.12/site-packages/airflow/example_dags/example_branch_python_dop_operator_3.py for tasks to queue
[2024-09-06T14:32:27.026+0000] {logging_mixin.py:190} INFO - [2024-09-06T14:32:27.025+0000] {dagbag.py:587} INFO - Filling up the DagBag from /home/airflow/.local/lib/python3.12/site-packages/airflow/example_dags/example_branch_python_dop_operator_3.py
[2024-09-06T14:32:27.035+0000] {processor.py:925} INFO - DAG(s) 'example_branch_dop_operator_v3' retrieved from /home/airflow/.local/lib/python3.12/site-packages/airflow/example_dags/example_branch_python_dop_operator_3.py
[2024-09-06T14:32:27.053+0000] {logging_mixin.py:190} INFO - [2024-09-06T14:32:27.053+0000] {dag.py:3229} INFO - Sync 1 DAGs
[2024-09-06T14:32:27.075+0000] {logging_mixin.py:190} INFO - [2024-09-06T14:32:27.075+0000] {dag.py:4156} INFO - Setting next_dagrun for example_branch_dop_operator_v3 to 2024-09-06 14:31:00+00:00, run_after=2024-09-06 14:32:00+00:00
[2024-09-06T14:32:27.093+0000] {processor.py:208} INFO - Processing /home/airflow/.local/lib/python3.12/site-packages/airflow/example_dags/example_branch_python_dop_operator_3.py took 0.076 seconds
[2024-09-06T14:32:57.526+0000] {processor.py:186} INFO - Started process (PID=1412) to work on /home/airflow/.local/lib/python3.12/site-packages/airflow/example_dags/example_branch_python_dop_operator_3.py
[2024-09-06T14:32:57.527+0000] {processor.py:914} INFO - Processing file /home/airflow/.local/lib/python3.12/site-packages/airflow/example_dags/example_branch_python_dop_operator_3.py for tasks to queue
[2024-09-06T14:32:57.529+0000] {logging_mixin.py:190} INFO - [2024-09-06T14:32:57.529+0000] {dagbag.py:587} INFO - Filling up the DagBag from /home/airflow/.local/lib/python3.12/site-packages/airflow/example_dags/example_branch_python_dop_operator_3.py
[2024-09-06T14:32:57.541+0000] {processor.py:925} INFO - DAG(s) 'example_branch_dop_operator_v3' retrieved from /home/airflow/.local/lib/python3.12/site-packages/airflow/example_dags/example_branch_python_dop_operator_3.py
[2024-09-06T14:32:57.560+0000] {logging_mixin.py:190} INFO - [2024-09-06T14:32:57.560+0000] {dag.py:3229} INFO - Sync 1 DAGs
[2024-09-06T14:32:57.582+0000] {logging_mixin.py:190} INFO - [2024-09-06T14:32:57.581+0000] {dag.py:4156} INFO - Setting next_dagrun for example_branch_dop_operator_v3 to 2024-09-06 14:31:00+00:00, run_after=2024-09-06 14:32:00+00:00
[2024-09-06T14:32:57.599+0000] {processor.py:208} INFO - Processing /home/airflow/.local/lib/python3.12/site-packages/airflow/example_dags/example_branch_python_dop_operator_3.py took 0.078 seconds
[2024-09-06T14:33:28.160+0000] {processor.py:186} INFO - Started process (PID=1474) to work on /home/airflow/.local/lib/python3.12/site-packages/airflow/example_dags/example_branch_python_dop_operator_3.py
[2024-09-06T14:33:28.161+0000] {processor.py:914} INFO - Processing file /home/airflow/.local/lib/python3.12/site-packages/airflow/example_dags/example_branch_python_dop_operator_3.py for tasks to queue
[2024-09-06T14:33:28.163+0000] {logging_mixin.py:190} INFO - [2024-09-06T14:33:28.163+0000] {dagbag.py:587} INFO - Filling up the DagBag from /home/airflow/.local/lib/python3.12/site-packages/airflow/example_dags/example_branch_python_dop_operator_3.py
[2024-09-06T14:33:28.173+0000] {processor.py:925} INFO - DAG(s) 'example_branch_dop_operator_v3' retrieved from /home/airflow/.local/lib/python3.12/site-packages/airflow/example_dags/example_branch_python_dop_operator_3.py
[2024-09-06T14:33:28.191+0000] {logging_mixin.py:190} INFO - [2024-09-06T14:33:28.191+0000] {dag.py:3229} INFO - Sync 1 DAGs
[2024-09-06T14:33:28.213+0000] {logging_mixin.py:190} INFO - [2024-09-06T14:33:28.213+0000] {dag.py:4156} INFO - Setting next_dagrun for example_branch_dop_operator_v3 to 2024-09-06 14:32:00+00:00, run_after=2024-09-06 14:33:00+00:00
[2024-09-06T14:33:28.237+0000] {processor.py:208} INFO - Processing /home/airflow/.local/lib/python3.12/site-packages/airflow/example_dags/example_branch_python_dop_operator_3.py took 0.082 seconds
