[2024-09-06T14:22:19.656+0000] {processor.py:186} INFO - Started process (PID=120) to work on /home/airflow/.local/lib/python3.12/site-packages/airflow/example_dags/example_dataset_alias_with_no_taskflow.py
[2024-09-06T14:22:19.657+0000] {processor.py:914} INFO - Processing file /home/airflow/.local/lib/python3.12/site-packages/airflow/example_dags/example_dataset_alias_with_no_taskflow.py for tasks to queue
[2024-09-06T14:22:19.660+0000] {logging_mixin.py:190} INFO - [2024-09-06T14:22:19.659+0000] {dagbag.py:587} INFO - Filling up the DagBag from /home/airflow/.local/lib/python3.12/site-packages/airflow/example_dags/example_dataset_alias_with_no_taskflow.py
[2024-09-06T14:22:19.905+0000] {processor.py:925} INFO - DAG(s) 'dataset_alias_example_alias_consumer_with_no_taskflow', 'dataset_s3_bucket_consumer_with_no_taskflow', 'dataset_alias_example_alias_producer_with_no_taskflow', 'dataset_s3_bucket_producer_with_no_taskflow' retrieved from /home/airflow/.local/lib/python3.12/site-packages/airflow/example_dags/example_dataset_alias_with_no_taskflow.py
[2024-09-06T14:22:20.015+0000] {logging_mixin.py:190} INFO - [2024-09-06T14:22:20.014+0000] {override.py:1900} INFO - Created Permission View: can read on DAG:dataset_alias_example_alias_consumer_with_no_taskflow
[2024-09-06T14:22:20.029+0000] {logging_mixin.py:190} INFO - [2024-09-06T14:22:20.029+0000] {override.py:1900} INFO - Created Permission View: can delete on DAG:dataset_alias_example_alias_consumer_with_no_taskflow
[2024-09-06T14:22:20.038+0000] {logging_mixin.py:190} INFO - [2024-09-06T14:22:20.038+0000] {override.py:1900} INFO - Created Permission View: can edit on DAG:dataset_alias_example_alias_consumer_with_no_taskflow
[2024-09-06T14:22:20.046+0000] {logging_mixin.py:190} INFO - [2024-09-06T14:22:20.046+0000] {override.py:1900} INFO - Created Permission View: can read on DAG Run:dataset_alias_example_alias_consumer_with_no_taskflow
[2024-09-06T14:22:20.057+0000] {logging_mixin.py:190} INFO - [2024-09-06T14:22:20.057+0000] {override.py:1900} INFO - Created Permission View: can delete on DAG Run:dataset_alias_example_alias_consumer_with_no_taskflow
[2024-09-06T14:22:20.068+0000] {logging_mixin.py:190} INFO - [2024-09-06T14:22:20.067+0000] {override.py:1900} INFO - Created Permission View: menu access on DAG Run:dataset_alias_example_alias_consumer_with_no_taskflow
[2024-09-06T14:22:20.076+0000] {logging_mixin.py:190} INFO - [2024-09-06T14:22:20.076+0000] {override.py:1900} INFO - Created Permission View: can create on DAG Run:dataset_alias_example_alias_consumer_with_no_taskflow
[2024-09-06T14:22:20.093+0000] {logging_mixin.py:190} INFO - [2024-09-06T14:22:20.093+0000] {override.py:1900} INFO - Created Permission View: can read on DAG:dataset_s3_bucket_consumer_with_no_taskflow
[2024-09-06T14:22:20.102+0000] {logging_mixin.py:190} INFO - [2024-09-06T14:22:20.102+0000] {override.py:1900} INFO - Created Permission View: can delete on DAG:dataset_s3_bucket_consumer_with_no_taskflow
[2024-09-06T14:22:20.110+0000] {logging_mixin.py:190} INFO - [2024-09-06T14:22:20.109+0000] {override.py:1900} INFO - Created Permission View: can edit on DAG:dataset_s3_bucket_consumer_with_no_taskflow
[2024-09-06T14:22:20.120+0000] {logging_mixin.py:190} INFO - [2024-09-06T14:22:20.120+0000] {override.py:1900} INFO - Created Permission View: can read on DAG Run:dataset_s3_bucket_consumer_with_no_taskflow
[2024-09-06T14:22:20.129+0000] {logging_mixin.py:190} INFO - [2024-09-06T14:22:20.128+0000] {override.py:1900} INFO - Created Permission View: can delete on DAG Run:dataset_s3_bucket_consumer_with_no_taskflow
[2024-09-06T14:22:20.138+0000] {logging_mixin.py:190} INFO - [2024-09-06T14:22:20.137+0000] {override.py:1900} INFO - Created Permission View: menu access on DAG Run:dataset_s3_bucket_consumer_with_no_taskflow
[2024-09-06T14:22:20.144+0000] {logging_mixin.py:190} INFO - [2024-09-06T14:22:20.144+0000] {override.py:1900} INFO - Created Permission View: can create on DAG Run:dataset_s3_bucket_consumer_with_no_taskflow
[2024-09-06T14:22:20.161+0000] {logging_mixin.py:190} INFO - [2024-09-06T14:22:20.161+0000] {override.py:1900} INFO - Created Permission View: can read on DAG:dataset_alias_example_alias_producer_with_no_taskflow
[2024-09-06T14:22:20.169+0000] {logging_mixin.py:190} INFO - [2024-09-06T14:22:20.169+0000] {override.py:1900} INFO - Created Permission View: can delete on DAG:dataset_alias_example_alias_producer_with_no_taskflow
[2024-09-06T14:22:20.176+0000] {logging_mixin.py:190} INFO - [2024-09-06T14:22:20.175+0000] {override.py:1900} INFO - Created Permission View: can edit on DAG:dataset_alias_example_alias_producer_with_no_taskflow
[2024-09-06T14:22:20.185+0000] {logging_mixin.py:190} INFO - [2024-09-06T14:22:20.185+0000] {override.py:1900} INFO - Created Permission View: can read on DAG Run:dataset_alias_example_alias_producer_with_no_taskflow
[2024-09-06T14:22:20.192+0000] {logging_mixin.py:190} INFO - [2024-09-06T14:22:20.192+0000] {override.py:1900} INFO - Created Permission View: can delete on DAG Run:dataset_alias_example_alias_producer_with_no_taskflow
[2024-09-06T14:22:20.199+0000] {logging_mixin.py:190} INFO - [2024-09-06T14:22:20.199+0000] {override.py:1900} INFO - Created Permission View: menu access on DAG Run:dataset_alias_example_alias_producer_with_no_taskflow
[2024-09-06T14:22:20.207+0000] {logging_mixin.py:190} INFO - [2024-09-06T14:22:20.207+0000] {override.py:1900} INFO - Created Permission View: can create on DAG Run:dataset_alias_example_alias_producer_with_no_taskflow
[2024-09-06T14:22:20.221+0000] {logging_mixin.py:190} INFO - [2024-09-06T14:22:20.220+0000] {override.py:1900} INFO - Created Permission View: can read on DAG:dataset_s3_bucket_producer_with_no_taskflow
[2024-09-06T14:22:20.227+0000] {logging_mixin.py:190} INFO - [2024-09-06T14:22:20.226+0000] {override.py:1900} INFO - Created Permission View: can delete on DAG:dataset_s3_bucket_producer_with_no_taskflow
[2024-09-06T14:22:20.235+0000] {logging_mixin.py:190} INFO - [2024-09-06T14:22:20.234+0000] {override.py:1900} INFO - Created Permission View: can edit on DAG:dataset_s3_bucket_producer_with_no_taskflow
[2024-09-06T14:22:20.243+0000] {logging_mixin.py:190} INFO - [2024-09-06T14:22:20.242+0000] {override.py:1900} INFO - Created Permission View: can read on DAG Run:dataset_s3_bucket_producer_with_no_taskflow
[2024-09-06T14:22:20.251+0000] {logging_mixin.py:190} INFO - [2024-09-06T14:22:20.249+0000] {override.py:1900} INFO - Created Permission View: can delete on DAG Run:dataset_s3_bucket_producer_with_no_taskflow
[2024-09-06T14:22:20.259+0000] {logging_mixin.py:190} INFO - [2024-09-06T14:22:20.258+0000] {override.py:1900} INFO - Created Permission View: menu access on DAG Run:dataset_s3_bucket_producer_with_no_taskflow
[2024-09-06T14:22:20.266+0000] {logging_mixin.py:190} INFO - [2024-09-06T14:22:20.266+0000] {override.py:1900} INFO - Created Permission View: can create on DAG Run:dataset_s3_bucket_producer_with_no_taskflow
[2024-09-06T14:22:20.268+0000] {logging_mixin.py:190} INFO - [2024-09-06T14:22:20.268+0000] {dag.py:3229} INFO - Sync 4 DAGs
[2024-09-06T14:22:20.280+0000] {logging_mixin.py:190} INFO - [2024-09-06T14:22:20.280+0000] {dag.py:3252} INFO - Creating ORM DAG for dataset_alias_example_alias_producer_with_no_taskflow
[2024-09-06T14:22:20.281+0000] {logging_mixin.py:190} INFO - [2024-09-06T14:22:20.281+0000] {dag.py:3252} INFO - Creating ORM DAG for dataset_s3_bucket_producer_with_no_taskflow
[2024-09-06T14:22:20.282+0000] {logging_mixin.py:190} INFO - [2024-09-06T14:22:20.282+0000] {dag.py:3252} INFO - Creating ORM DAG for dataset_alias_example_alias_consumer_with_no_taskflow
[2024-09-06T14:22:20.284+0000] {logging_mixin.py:190} INFO - [2024-09-06T14:22:20.283+0000] {dag.py:3252} INFO - Creating ORM DAG for dataset_s3_bucket_consumer_with_no_taskflow
[2024-09-06T14:22:20.292+0000] {logging_mixin.py:190} INFO - [2024-09-06T14:22:20.292+0000] {dag.py:4156} INFO - Setting next_dagrun for dataset_alias_example_alias_consumer_with_no_taskflow to None, run_after=None
[2024-09-06T14:22:20.294+0000] {logging_mixin.py:190} INFO - [2024-09-06T14:22:20.293+0000] {dag.py:4156} INFO - Setting next_dagrun for dataset_alias_example_alias_producer_with_no_taskflow to None, run_after=None
[2024-09-06T14:22:20.295+0000] {logging_mixin.py:190} INFO - [2024-09-06T14:22:20.294+0000] {dag.py:4156} INFO - Setting next_dagrun for dataset_s3_bucket_consumer_with_no_taskflow to None, run_after=None
[2024-09-06T14:22:20.296+0000] {logging_mixin.py:190} INFO - [2024-09-06T14:22:20.295+0000] {dag.py:4156} INFO - Setting next_dagrun for dataset_s3_bucket_producer_with_no_taskflow to None, run_after=None
[2024-09-06T14:22:20.326+0000] {processor.py:208} INFO - Processing /home/airflow/.local/lib/python3.12/site-packages/airflow/example_dags/example_dataset_alias_with_no_taskflow.py took 0.678 seconds
[2024-09-06T14:22:50.626+0000] {processor.py:186} INFO - Started process (PID=182) to work on /home/airflow/.local/lib/python3.12/site-packages/airflow/example_dags/example_dataset_alias_with_no_taskflow.py
[2024-09-06T14:22:50.627+0000] {processor.py:914} INFO - Processing file /home/airflow/.local/lib/python3.12/site-packages/airflow/example_dags/example_dataset_alias_with_no_taskflow.py for tasks to queue
[2024-09-06T14:22:50.629+0000] {logging_mixin.py:190} INFO - [2024-09-06T14:22:50.629+0000] {dagbag.py:587} INFO - Filling up the DagBag from /home/airflow/.local/lib/python3.12/site-packages/airflow/example_dags/example_dataset_alias_with_no_taskflow.py
[2024-09-06T14:22:50.763+0000] {processor.py:925} INFO - DAG(s) 'dataset_s3_bucket_consumer_with_no_taskflow', 'dataset_alias_example_alias_consumer_with_no_taskflow', 'dataset_alias_example_alias_producer_with_no_taskflow', 'dataset_s3_bucket_producer_with_no_taskflow' retrieved from /home/airflow/.local/lib/python3.12/site-packages/airflow/example_dags/example_dataset_alias_with_no_taskflow.py
[2024-09-06T14:22:50.782+0000] {logging_mixin.py:190} INFO - [2024-09-06T14:22:50.782+0000] {dag.py:3229} INFO - Sync 4 DAGs
[2024-09-06T14:22:50.803+0000] {logging_mixin.py:190} INFO - [2024-09-06T14:22:50.803+0000] {dag.py:4156} INFO - Setting next_dagrun for dataset_alias_example_alias_consumer_with_no_taskflow to None, run_after=None
[2024-09-06T14:22:50.806+0000] {logging_mixin.py:190} INFO - [2024-09-06T14:22:50.806+0000] {dag.py:4156} INFO - Setting next_dagrun for dataset_alias_example_alias_producer_with_no_taskflow to None, run_after=None
[2024-09-06T14:22:50.807+0000] {logging_mixin.py:190} INFO - [2024-09-06T14:22:50.807+0000] {dag.py:4156} INFO - Setting next_dagrun for dataset_s3_bucket_consumer_with_no_taskflow to None, run_after=None
[2024-09-06T14:22:50.809+0000] {logging_mixin.py:190} INFO - [2024-09-06T14:22:50.808+0000] {dag.py:4156} INFO - Setting next_dagrun for dataset_s3_bucket_producer_with_no_taskflow to None, run_after=None
[2024-09-06T14:22:50.831+0000] {processor.py:208} INFO - Processing /home/airflow/.local/lib/python3.12/site-packages/airflow/example_dags/example_dataset_alias_with_no_taskflow.py took 0.211 seconds
[2024-09-06T14:23:20.939+0000] {processor.py:186} INFO - Started process (PID=246) to work on /home/airflow/.local/lib/python3.12/site-packages/airflow/example_dags/example_dataset_alias_with_no_taskflow.py
[2024-09-06T14:23:20.940+0000] {processor.py:914} INFO - Processing file /home/airflow/.local/lib/python3.12/site-packages/airflow/example_dags/example_dataset_alias_with_no_taskflow.py for tasks to queue
[2024-09-06T14:23:20.942+0000] {logging_mixin.py:190} INFO - [2024-09-06T14:23:20.942+0000] {dagbag.py:587} INFO - Filling up the DagBag from /home/airflow/.local/lib/python3.12/site-packages/airflow/example_dags/example_dataset_alias_with_no_taskflow.py
[2024-09-06T14:23:21.095+0000] {processor.py:925} INFO - DAG(s) 'dataset_alias_example_alias_producer_with_no_taskflow', 'dataset_s3_bucket_consumer_with_no_taskflow', 'dataset_alias_example_alias_consumer_with_no_taskflow', 'dataset_s3_bucket_producer_with_no_taskflow' retrieved from /home/airflow/.local/lib/python3.12/site-packages/airflow/example_dags/example_dataset_alias_with_no_taskflow.py
[2024-09-06T14:23:21.112+0000] {logging_mixin.py:190} INFO - [2024-09-06T14:23:21.112+0000] {dag.py:3229} INFO - Sync 4 DAGs
[2024-09-06T14:23:21.132+0000] {logging_mixin.py:190} INFO - [2024-09-06T14:23:21.131+0000] {dag.py:4156} INFO - Setting next_dagrun for dataset_alias_example_alias_consumer_with_no_taskflow to None, run_after=None
[2024-09-06T14:23:21.135+0000] {logging_mixin.py:190} INFO - [2024-09-06T14:23:21.135+0000] {dag.py:4156} INFO - Setting next_dagrun for dataset_alias_example_alias_producer_with_no_taskflow to None, run_after=None
[2024-09-06T14:23:21.136+0000] {logging_mixin.py:190} INFO - [2024-09-06T14:23:21.136+0000] {dag.py:4156} INFO - Setting next_dagrun for dataset_s3_bucket_consumer_with_no_taskflow to None, run_after=None
[2024-09-06T14:23:21.138+0000] {logging_mixin.py:190} INFO - [2024-09-06T14:23:21.137+0000] {dag.py:4156} INFO - Setting next_dagrun for dataset_s3_bucket_producer_with_no_taskflow to None, run_after=None
[2024-09-06T14:23:21.156+0000] {processor.py:208} INFO - Processing /home/airflow/.local/lib/python3.12/site-packages/airflow/example_dags/example_dataset_alias_with_no_taskflow.py took 0.225 seconds
[2024-09-06T14:23:51.383+0000] {processor.py:186} INFO - Started process (PID=306) to work on /home/airflow/.local/lib/python3.12/site-packages/airflow/example_dags/example_dataset_alias_with_no_taskflow.py
[2024-09-06T14:23:51.384+0000] {processor.py:914} INFO - Processing file /home/airflow/.local/lib/python3.12/site-packages/airflow/example_dags/example_dataset_alias_with_no_taskflow.py for tasks to queue
[2024-09-06T14:23:51.387+0000] {logging_mixin.py:190} INFO - [2024-09-06T14:23:51.386+0000] {dagbag.py:587} INFO - Filling up the DagBag from /home/airflow/.local/lib/python3.12/site-packages/airflow/example_dags/example_dataset_alias_with_no_taskflow.py
[2024-09-06T14:23:51.529+0000] {processor.py:925} INFO - DAG(s) 'dataset_s3_bucket_consumer_with_no_taskflow', 'dataset_s3_bucket_producer_with_no_taskflow', 'dataset_alias_example_alias_producer_with_no_taskflow', 'dataset_alias_example_alias_consumer_with_no_taskflow' retrieved from /home/airflow/.local/lib/python3.12/site-packages/airflow/example_dags/example_dataset_alias_with_no_taskflow.py
[2024-09-06T14:23:51.550+0000] {logging_mixin.py:190} INFO - [2024-09-06T14:23:51.549+0000] {dag.py:3229} INFO - Sync 4 DAGs
[2024-09-06T14:23:51.568+0000] {logging_mixin.py:190} INFO - [2024-09-06T14:23:51.568+0000] {dag.py:4156} INFO - Setting next_dagrun for dataset_alias_example_alias_consumer_with_no_taskflow to None, run_after=None
[2024-09-06T14:23:51.572+0000] {logging_mixin.py:190} INFO - [2024-09-06T14:23:51.572+0000] {dag.py:4156} INFO - Setting next_dagrun for dataset_alias_example_alias_producer_with_no_taskflow to None, run_after=None
[2024-09-06T14:23:51.574+0000] {logging_mixin.py:190} INFO - [2024-09-06T14:23:51.574+0000] {dag.py:4156} INFO - Setting next_dagrun for dataset_s3_bucket_consumer_with_no_taskflow to None, run_after=None
[2024-09-06T14:23:51.576+0000] {logging_mixin.py:190} INFO - [2024-09-06T14:23:51.575+0000] {dag.py:4156} INFO - Setting next_dagrun for dataset_s3_bucket_producer_with_no_taskflow to None, run_after=None
[2024-09-06T14:23:51.599+0000] {processor.py:208} INFO - Processing /home/airflow/.local/lib/python3.12/site-packages/airflow/example_dags/example_dataset_alias_with_no_taskflow.py took 0.221 seconds
[2024-09-06T14:24:21.774+0000] {processor.py:186} INFO - Started process (PID=368) to work on /home/airflow/.local/lib/python3.12/site-packages/airflow/example_dags/example_dataset_alias_with_no_taskflow.py
[2024-09-06T14:24:21.775+0000] {processor.py:914} INFO - Processing file /home/airflow/.local/lib/python3.12/site-packages/airflow/example_dags/example_dataset_alias_with_no_taskflow.py for tasks to queue
[2024-09-06T14:24:21.778+0000] {logging_mixin.py:190} INFO - [2024-09-06T14:24:21.778+0000] {dagbag.py:587} INFO - Filling up the DagBag from /home/airflow/.local/lib/python3.12/site-packages/airflow/example_dags/example_dataset_alias_with_no_taskflow.py
[2024-09-06T14:24:21.913+0000] {processor.py:925} INFO - DAG(s) 'dataset_s3_bucket_consumer_with_no_taskflow', 'dataset_alias_example_alias_consumer_with_no_taskflow', 'dataset_alias_example_alias_producer_with_no_taskflow', 'dataset_s3_bucket_producer_with_no_taskflow' retrieved from /home/airflow/.local/lib/python3.12/site-packages/airflow/example_dags/example_dataset_alias_with_no_taskflow.py
[2024-09-06T14:24:21.934+0000] {logging_mixin.py:190} INFO - [2024-09-06T14:24:21.934+0000] {dag.py:3229} INFO - Sync 4 DAGs
[2024-09-06T14:24:21.955+0000] {logging_mixin.py:190} INFO - [2024-09-06T14:24:21.955+0000] {dag.py:4156} INFO - Setting next_dagrun for dataset_alias_example_alias_consumer_with_no_taskflow to None, run_after=None
[2024-09-06T14:24:21.959+0000] {logging_mixin.py:190} INFO - [2024-09-06T14:24:21.959+0000] {dag.py:4156} INFO - Setting next_dagrun for dataset_alias_example_alias_producer_with_no_taskflow to None, run_after=None
[2024-09-06T14:24:21.961+0000] {logging_mixin.py:190} INFO - [2024-09-06T14:24:21.961+0000] {dag.py:4156} INFO - Setting next_dagrun for dataset_s3_bucket_consumer_with_no_taskflow to None, run_after=None
[2024-09-06T14:24:21.963+0000] {logging_mixin.py:190} INFO - [2024-09-06T14:24:21.963+0000] {dag.py:4156} INFO - Setting next_dagrun for dataset_s3_bucket_producer_with_no_taskflow to None, run_after=None
[2024-09-06T14:24:21.986+0000] {processor.py:208} INFO - Processing /home/airflow/.local/lib/python3.12/site-packages/airflow/example_dags/example_dataset_alias_with_no_taskflow.py took 0.219 seconds
[2024-09-06T14:24:52.128+0000] {processor.py:186} INFO - Started process (PID=430) to work on /home/airflow/.local/lib/python3.12/site-packages/airflow/example_dags/example_dataset_alias_with_no_taskflow.py
[2024-09-06T14:24:52.129+0000] {processor.py:914} INFO - Processing file /home/airflow/.local/lib/python3.12/site-packages/airflow/example_dags/example_dataset_alias_with_no_taskflow.py for tasks to queue
[2024-09-06T14:24:52.132+0000] {logging_mixin.py:190} INFO - [2024-09-06T14:24:52.132+0000] {dagbag.py:587} INFO - Filling up the DagBag from /home/airflow/.local/lib/python3.12/site-packages/airflow/example_dags/example_dataset_alias_with_no_taskflow.py
[2024-09-06T14:24:52.265+0000] {processor.py:925} INFO - DAG(s) 'dataset_s3_bucket_consumer_with_no_taskflow', 'dataset_s3_bucket_producer_with_no_taskflow', 'dataset_alias_example_alias_consumer_with_no_taskflow', 'dataset_alias_example_alias_producer_with_no_taskflow' retrieved from /home/airflow/.local/lib/python3.12/site-packages/airflow/example_dags/example_dataset_alias_with_no_taskflow.py
[2024-09-06T14:24:52.291+0000] {logging_mixin.py:190} INFO - [2024-09-06T14:24:52.290+0000] {dag.py:3229} INFO - Sync 4 DAGs
[2024-09-06T14:24:52.313+0000] {logging_mixin.py:190} INFO - [2024-09-06T14:24:52.313+0000] {dag.py:4156} INFO - Setting next_dagrun for dataset_alias_example_alias_consumer_with_no_taskflow to None, run_after=None
[2024-09-06T14:24:52.316+0000] {logging_mixin.py:190} INFO - [2024-09-06T14:24:52.316+0000] {dag.py:4156} INFO - Setting next_dagrun for dataset_alias_example_alias_producer_with_no_taskflow to None, run_after=None
[2024-09-06T14:24:52.317+0000] {logging_mixin.py:190} INFO - [2024-09-06T14:24:52.317+0000] {dag.py:4156} INFO - Setting next_dagrun for dataset_s3_bucket_consumer_with_no_taskflow to None, run_after=None
[2024-09-06T14:24:52.319+0000] {logging_mixin.py:190} INFO - [2024-09-06T14:24:52.319+0000] {dag.py:4156} INFO - Setting next_dagrun for dataset_s3_bucket_producer_with_no_taskflow to None, run_after=None
[2024-09-06T14:24:52.343+0000] {processor.py:208} INFO - Processing /home/airflow/.local/lib/python3.12/site-packages/airflow/example_dags/example_dataset_alias_with_no_taskflow.py took 0.219 seconds
[2024-09-06T14:25:22.528+0000] {processor.py:186} INFO - Started process (PID=493) to work on /home/airflow/.local/lib/python3.12/site-packages/airflow/example_dags/example_dataset_alias_with_no_taskflow.py
[2024-09-06T14:25:22.529+0000] {processor.py:914} INFO - Processing file /home/airflow/.local/lib/python3.12/site-packages/airflow/example_dags/example_dataset_alias_with_no_taskflow.py for tasks to queue
[2024-09-06T14:25:22.531+0000] {logging_mixin.py:190} INFO - [2024-09-06T14:25:22.531+0000] {dagbag.py:587} INFO - Filling up the DagBag from /home/airflow/.local/lib/python3.12/site-packages/airflow/example_dags/example_dataset_alias_with_no_taskflow.py
[2024-09-06T14:25:22.663+0000] {processor.py:925} INFO - DAG(s) 'dataset_s3_bucket_producer_with_no_taskflow', 'dataset_alias_example_alias_consumer_with_no_taskflow', 'dataset_alias_example_alias_producer_with_no_taskflow', 'dataset_s3_bucket_consumer_with_no_taskflow' retrieved from /home/airflow/.local/lib/python3.12/site-packages/airflow/example_dags/example_dataset_alias_with_no_taskflow.py
[2024-09-06T14:25:22.687+0000] {logging_mixin.py:190} INFO - [2024-09-06T14:25:22.687+0000] {dag.py:3229} INFO - Sync 4 DAGs
[2024-09-06T14:25:22.708+0000] {logging_mixin.py:190} INFO - [2024-09-06T14:25:22.708+0000] {dag.py:4156} INFO - Setting next_dagrun for dataset_alias_example_alias_consumer_with_no_taskflow to None, run_after=None
[2024-09-06T14:25:22.711+0000] {logging_mixin.py:190} INFO - [2024-09-06T14:25:22.710+0000] {dag.py:4156} INFO - Setting next_dagrun for dataset_alias_example_alias_producer_with_no_taskflow to None, run_after=None
[2024-09-06T14:25:22.712+0000] {logging_mixin.py:190} INFO - [2024-09-06T14:25:22.712+0000] {dag.py:4156} INFO - Setting next_dagrun for dataset_s3_bucket_consumer_with_no_taskflow to None, run_after=None
[2024-09-06T14:25:22.713+0000] {logging_mixin.py:190} INFO - [2024-09-06T14:25:22.713+0000] {dag.py:4156} INFO - Setting next_dagrun for dataset_s3_bucket_producer_with_no_taskflow to None, run_after=None
[2024-09-06T14:25:22.737+0000] {processor.py:208} INFO - Processing /home/airflow/.local/lib/python3.12/site-packages/airflow/example_dags/example_dataset_alias_with_no_taskflow.py took 0.215 seconds
[2024-09-06T14:25:52.771+0000] {processor.py:186} INFO - Started process (PID=555) to work on /home/airflow/.local/lib/python3.12/site-packages/airflow/example_dags/example_dataset_alias_with_no_taskflow.py
[2024-09-06T14:25:52.772+0000] {processor.py:914} INFO - Processing file /home/airflow/.local/lib/python3.12/site-packages/airflow/example_dags/example_dataset_alias_with_no_taskflow.py for tasks to queue
[2024-09-06T14:25:52.774+0000] {logging_mixin.py:190} INFO - [2024-09-06T14:25:52.774+0000] {dagbag.py:587} INFO - Filling up the DagBag from /home/airflow/.local/lib/python3.12/site-packages/airflow/example_dags/example_dataset_alias_with_no_taskflow.py
[2024-09-06T14:25:52.911+0000] {processor.py:925} INFO - DAG(s) 'dataset_alias_example_alias_consumer_with_no_taskflow', 'dataset_s3_bucket_consumer_with_no_taskflow', 'dataset_alias_example_alias_producer_with_no_taskflow', 'dataset_s3_bucket_producer_with_no_taskflow' retrieved from /home/airflow/.local/lib/python3.12/site-packages/airflow/example_dags/example_dataset_alias_with_no_taskflow.py
[2024-09-06T14:25:52.940+0000] {logging_mixin.py:190} INFO - [2024-09-06T14:25:52.939+0000] {dag.py:3229} INFO - Sync 4 DAGs
[2024-09-06T14:25:52.961+0000] {logging_mixin.py:190} INFO - [2024-09-06T14:25:52.960+0000] {dag.py:4156} INFO - Setting next_dagrun for dataset_alias_example_alias_consumer_with_no_taskflow to None, run_after=None
[2024-09-06T14:25:52.964+0000] {logging_mixin.py:190} INFO - [2024-09-06T14:25:52.964+0000] {dag.py:4156} INFO - Setting next_dagrun for dataset_alias_example_alias_producer_with_no_taskflow to None, run_after=None
[2024-09-06T14:25:52.966+0000] {logging_mixin.py:190} INFO - [2024-09-06T14:25:52.966+0000] {dag.py:4156} INFO - Setting next_dagrun for dataset_s3_bucket_consumer_with_no_taskflow to None, run_after=None
[2024-09-06T14:25:52.967+0000] {logging_mixin.py:190} INFO - [2024-09-06T14:25:52.967+0000] {dag.py:4156} INFO - Setting next_dagrun for dataset_s3_bucket_producer_with_no_taskflow to None, run_after=None
[2024-09-06T14:25:52.987+0000] {processor.py:208} INFO - Processing /home/airflow/.local/lib/python3.12/site-packages/airflow/example_dags/example_dataset_alias_with_no_taskflow.py took 0.222 seconds
[2024-09-06T14:26:23.100+0000] {processor.py:186} INFO - Started process (PID=619) to work on /home/airflow/.local/lib/python3.12/site-packages/airflow/example_dags/example_dataset_alias_with_no_taskflow.py
[2024-09-06T14:26:23.101+0000] {processor.py:914} INFO - Processing file /home/airflow/.local/lib/python3.12/site-packages/airflow/example_dags/example_dataset_alias_with_no_taskflow.py for tasks to queue
[2024-09-06T14:26:23.105+0000] {logging_mixin.py:190} INFO - [2024-09-06T14:26:23.104+0000] {dagbag.py:587} INFO - Filling up the DagBag from /home/airflow/.local/lib/python3.12/site-packages/airflow/example_dags/example_dataset_alias_with_no_taskflow.py
[2024-09-06T14:26:23.241+0000] {processor.py:925} INFO - DAG(s) 'dataset_s3_bucket_consumer_with_no_taskflow', 'dataset_alias_example_alias_consumer_with_no_taskflow', 'dataset_alias_example_alias_producer_with_no_taskflow', 'dataset_s3_bucket_producer_with_no_taskflow' retrieved from /home/airflow/.local/lib/python3.12/site-packages/airflow/example_dags/example_dataset_alias_with_no_taskflow.py
[2024-09-06T14:26:23.262+0000] {logging_mixin.py:190} INFO - [2024-09-06T14:26:23.262+0000] {dag.py:3229} INFO - Sync 4 DAGs
[2024-09-06T14:26:23.280+0000] {logging_mixin.py:190} INFO - [2024-09-06T14:26:23.280+0000] {dag.py:4156} INFO - Setting next_dagrun for dataset_alias_example_alias_consumer_with_no_taskflow to None, run_after=None
[2024-09-06T14:26:23.282+0000] {logging_mixin.py:190} INFO - [2024-09-06T14:26:23.282+0000] {dag.py:4156} INFO - Setting next_dagrun for dataset_alias_example_alias_producer_with_no_taskflow to None, run_after=None
[2024-09-06T14:26:23.284+0000] {logging_mixin.py:190} INFO - [2024-09-06T14:26:23.284+0000] {dag.py:4156} INFO - Setting next_dagrun for dataset_s3_bucket_consumer_with_no_taskflow to None, run_after=None
[2024-09-06T14:26:23.285+0000] {logging_mixin.py:190} INFO - [2024-09-06T14:26:23.285+0000] {dag.py:4156} INFO - Setting next_dagrun for dataset_s3_bucket_producer_with_no_taskflow to None, run_after=None
[2024-09-06T14:26:23.301+0000] {processor.py:208} INFO - Processing /home/airflow/.local/lib/python3.12/site-packages/airflow/example_dags/example_dataset_alias_with_no_taskflow.py took 0.207 seconds
[2024-09-06T14:26:54.313+0000] {processor.py:186} INFO - Started process (PID=683) to work on /home/airflow/.local/lib/python3.12/site-packages/airflow/example_dags/example_dataset_alias_with_no_taskflow.py
[2024-09-06T14:26:54.314+0000] {processor.py:914} INFO - Processing file /home/airflow/.local/lib/python3.12/site-packages/airflow/example_dags/example_dataset_alias_with_no_taskflow.py for tasks to queue
[2024-09-06T14:26:54.316+0000] {logging_mixin.py:190} INFO - [2024-09-06T14:26:54.316+0000] {dagbag.py:587} INFO - Filling up the DagBag from /home/airflow/.local/lib/python3.12/site-packages/airflow/example_dags/example_dataset_alias_with_no_taskflow.py
[2024-09-06T14:26:54.428+0000] {processor.py:925} INFO - DAG(s) 'dataset_alias_example_alias_consumer_with_no_taskflow', 'dataset_s3_bucket_producer_with_no_taskflow', 'dataset_alias_example_alias_producer_with_no_taskflow', 'dataset_s3_bucket_consumer_with_no_taskflow' retrieved from /home/airflow/.local/lib/python3.12/site-packages/airflow/example_dags/example_dataset_alias_with_no_taskflow.py
[2024-09-06T14:26:54.447+0000] {logging_mixin.py:190} INFO - [2024-09-06T14:26:54.447+0000] {dag.py:3229} INFO - Sync 4 DAGs
[2024-09-06T14:26:54.464+0000] {logging_mixin.py:190} INFO - [2024-09-06T14:26:54.464+0000] {dag.py:4156} INFO - Setting next_dagrun for dataset_alias_example_alias_consumer_with_no_taskflow to None, run_after=None
[2024-09-06T14:26:54.466+0000] {logging_mixin.py:190} INFO - [2024-09-06T14:26:54.466+0000] {dag.py:4156} INFO - Setting next_dagrun for dataset_alias_example_alias_producer_with_no_taskflow to None, run_after=None
[2024-09-06T14:26:54.468+0000] {logging_mixin.py:190} INFO - [2024-09-06T14:26:54.468+0000] {dag.py:4156} INFO - Setting next_dagrun for dataset_s3_bucket_consumer_with_no_taskflow to None, run_after=None
[2024-09-06T14:26:54.469+0000] {logging_mixin.py:190} INFO - [2024-09-06T14:26:54.469+0000] {dag.py:4156} INFO - Setting next_dagrun for dataset_s3_bucket_producer_with_no_taskflow to None, run_after=None
[2024-09-06T14:26:54.490+0000] {processor.py:208} INFO - Processing /home/airflow/.local/lib/python3.12/site-packages/airflow/example_dags/example_dataset_alias_with_no_taskflow.py took 0.181 seconds
[2024-09-06T14:27:24.569+0000] {processor.py:186} INFO - Started process (PID=745) to work on /home/airflow/.local/lib/python3.12/site-packages/airflow/example_dags/example_dataset_alias_with_no_taskflow.py
[2024-09-06T14:27:24.570+0000] {processor.py:914} INFO - Processing file /home/airflow/.local/lib/python3.12/site-packages/airflow/example_dags/example_dataset_alias_with_no_taskflow.py for tasks to queue
[2024-09-06T14:27:24.572+0000] {logging_mixin.py:190} INFO - [2024-09-06T14:27:24.572+0000] {dagbag.py:587} INFO - Filling up the DagBag from /home/airflow/.local/lib/python3.12/site-packages/airflow/example_dags/example_dataset_alias_with_no_taskflow.py
[2024-09-06T14:27:24.684+0000] {processor.py:925} INFO - DAG(s) 'dataset_alias_example_alias_consumer_with_no_taskflow', 'dataset_s3_bucket_consumer_with_no_taskflow', 'dataset_alias_example_alias_producer_with_no_taskflow', 'dataset_s3_bucket_producer_with_no_taskflow' retrieved from /home/airflow/.local/lib/python3.12/site-packages/airflow/example_dags/example_dataset_alias_with_no_taskflow.py
[2024-09-06T14:27:24.701+0000] {logging_mixin.py:190} INFO - [2024-09-06T14:27:24.700+0000] {dag.py:3229} INFO - Sync 4 DAGs
[2024-09-06T14:27:24.722+0000] {logging_mixin.py:190} INFO - [2024-09-06T14:27:24.722+0000] {dag.py:4156} INFO - Setting next_dagrun for dataset_alias_example_alias_consumer_with_no_taskflow to None, run_after=None
[2024-09-06T14:27:24.725+0000] {logging_mixin.py:190} INFO - [2024-09-06T14:27:24.725+0000] {dag.py:4156} INFO - Setting next_dagrun for dataset_alias_example_alias_producer_with_no_taskflow to None, run_after=None
[2024-09-06T14:27:24.726+0000] {logging_mixin.py:190} INFO - [2024-09-06T14:27:24.726+0000] {dag.py:4156} INFO - Setting next_dagrun for dataset_s3_bucket_consumer_with_no_taskflow to None, run_after=None
[2024-09-06T14:27:24.727+0000] {logging_mixin.py:190} INFO - [2024-09-06T14:27:24.727+0000] {dag.py:4156} INFO - Setting next_dagrun for dataset_s3_bucket_producer_with_no_taskflow to None, run_after=None
[2024-09-06T14:27:24.745+0000] {processor.py:208} INFO - Processing /home/airflow/.local/lib/python3.12/site-packages/airflow/example_dags/example_dataset_alias_with_no_taskflow.py took 0.182 seconds
[2024-09-06T14:27:54.887+0000] {processor.py:186} INFO - Started process (PID=807) to work on /home/airflow/.local/lib/python3.12/site-packages/airflow/example_dags/example_dataset_alias_with_no_taskflow.py
[2024-09-06T14:27:54.888+0000] {processor.py:914} INFO - Processing file /home/airflow/.local/lib/python3.12/site-packages/airflow/example_dags/example_dataset_alias_with_no_taskflow.py for tasks to queue
[2024-09-06T14:27:54.890+0000] {logging_mixin.py:190} INFO - [2024-09-06T14:27:54.890+0000] {dagbag.py:587} INFO - Filling up the DagBag from /home/airflow/.local/lib/python3.12/site-packages/airflow/example_dags/example_dataset_alias_with_no_taskflow.py
[2024-09-06T14:27:55.026+0000] {processor.py:925} INFO - DAG(s) 'dataset_alias_example_alias_consumer_with_no_taskflow', 'dataset_s3_bucket_consumer_with_no_taskflow', 'dataset_alias_example_alias_producer_with_no_taskflow', 'dataset_s3_bucket_producer_with_no_taskflow' retrieved from /home/airflow/.local/lib/python3.12/site-packages/airflow/example_dags/example_dataset_alias_with_no_taskflow.py
[2024-09-06T14:27:55.045+0000] {logging_mixin.py:190} INFO - [2024-09-06T14:27:55.045+0000] {dag.py:3229} INFO - Sync 4 DAGs
[2024-09-06T14:27:55.064+0000] {logging_mixin.py:190} INFO - [2024-09-06T14:27:55.064+0000] {dag.py:4156} INFO - Setting next_dagrun for dataset_alias_example_alias_consumer_with_no_taskflow to None, run_after=None
[2024-09-06T14:27:55.066+0000] {logging_mixin.py:190} INFO - [2024-09-06T14:27:55.066+0000] {dag.py:4156} INFO - Setting next_dagrun for dataset_alias_example_alias_producer_with_no_taskflow to None, run_after=None
[2024-09-06T14:27:55.068+0000] {logging_mixin.py:190} INFO - [2024-09-06T14:27:55.068+0000] {dag.py:4156} INFO - Setting next_dagrun for dataset_s3_bucket_consumer_with_no_taskflow to None, run_after=None
[2024-09-06T14:27:55.069+0000] {logging_mixin.py:190} INFO - [2024-09-06T14:27:55.069+0000] {dag.py:4156} INFO - Setting next_dagrun for dataset_s3_bucket_producer_with_no_taskflow to None, run_after=None
[2024-09-06T14:27:55.087+0000] {processor.py:208} INFO - Processing /home/airflow/.local/lib/python3.12/site-packages/airflow/example_dags/example_dataset_alias_with_no_taskflow.py took 0.205 seconds
[2024-09-06T14:28:25.252+0000] {processor.py:186} INFO - Started process (PID=869) to work on /home/airflow/.local/lib/python3.12/site-packages/airflow/example_dags/example_dataset_alias_with_no_taskflow.py
[2024-09-06T14:28:25.253+0000] {processor.py:914} INFO - Processing file /home/airflow/.local/lib/python3.12/site-packages/airflow/example_dags/example_dataset_alias_with_no_taskflow.py for tasks to queue
[2024-09-06T14:28:25.255+0000] {logging_mixin.py:190} INFO - [2024-09-06T14:28:25.254+0000] {dagbag.py:587} INFO - Filling up the DagBag from /home/airflow/.local/lib/python3.12/site-packages/airflow/example_dags/example_dataset_alias_with_no_taskflow.py
[2024-09-06T14:28:25.383+0000] {processor.py:925} INFO - DAG(s) 'dataset_alias_example_alias_consumer_with_no_taskflow', 'dataset_alias_example_alias_producer_with_no_taskflow', 'dataset_s3_bucket_consumer_with_no_taskflow', 'dataset_s3_bucket_producer_with_no_taskflow' retrieved from /home/airflow/.local/lib/python3.12/site-packages/airflow/example_dags/example_dataset_alias_with_no_taskflow.py
[2024-09-06T14:28:25.403+0000] {logging_mixin.py:190} INFO - [2024-09-06T14:28:25.402+0000] {dag.py:3229} INFO - Sync 4 DAGs
[2024-09-06T14:28:25.422+0000] {logging_mixin.py:190} INFO - [2024-09-06T14:28:25.421+0000] {dag.py:4156} INFO - Setting next_dagrun for dataset_alias_example_alias_consumer_with_no_taskflow to None, run_after=None
[2024-09-06T14:28:25.425+0000] {logging_mixin.py:190} INFO - [2024-09-06T14:28:25.424+0000] {dag.py:4156} INFO - Setting next_dagrun for dataset_alias_example_alias_producer_with_no_taskflow to None, run_after=None
[2024-09-06T14:28:25.426+0000] {logging_mixin.py:190} INFO - [2024-09-06T14:28:25.426+0000] {dag.py:4156} INFO - Setting next_dagrun for dataset_s3_bucket_consumer_with_no_taskflow to None, run_after=None
[2024-09-06T14:28:25.427+0000] {logging_mixin.py:190} INFO - [2024-09-06T14:28:25.427+0000] {dag.py:4156} INFO - Setting next_dagrun for dataset_s3_bucket_producer_with_no_taskflow to None, run_after=None
[2024-09-06T14:28:25.450+0000] {processor.py:208} INFO - Processing /home/airflow/.local/lib/python3.12/site-packages/airflow/example_dags/example_dataset_alias_with_no_taskflow.py took 0.203 seconds
[2024-09-06T14:28:56.452+0000] {processor.py:186} INFO - Started process (PID=931) to work on /home/airflow/.local/lib/python3.12/site-packages/airflow/example_dags/example_dataset_alias_with_no_taskflow.py
[2024-09-06T14:28:56.453+0000] {processor.py:914} INFO - Processing file /home/airflow/.local/lib/python3.12/site-packages/airflow/example_dags/example_dataset_alias_with_no_taskflow.py for tasks to queue
[2024-09-06T14:28:56.455+0000] {logging_mixin.py:190} INFO - [2024-09-06T14:28:56.455+0000] {dagbag.py:587} INFO - Filling up the DagBag from /home/airflow/.local/lib/python3.12/site-packages/airflow/example_dags/example_dataset_alias_with_no_taskflow.py
[2024-09-06T14:28:56.576+0000] {processor.py:925} INFO - DAG(s) 'dataset_alias_example_alias_producer_with_no_taskflow', 'dataset_s3_bucket_consumer_with_no_taskflow', 'dataset_s3_bucket_producer_with_no_taskflow', 'dataset_alias_example_alias_consumer_with_no_taskflow' retrieved from /home/airflow/.local/lib/python3.12/site-packages/airflow/example_dags/example_dataset_alias_with_no_taskflow.py
[2024-09-06T14:28:56.594+0000] {logging_mixin.py:190} INFO - [2024-09-06T14:28:56.594+0000] {dag.py:3229} INFO - Sync 4 DAGs
[2024-09-06T14:28:56.613+0000] {logging_mixin.py:190} INFO - [2024-09-06T14:28:56.613+0000] {dag.py:4156} INFO - Setting next_dagrun for dataset_alias_example_alias_consumer_with_no_taskflow to None, run_after=None
[2024-09-06T14:28:56.616+0000] {logging_mixin.py:190} INFO - [2024-09-06T14:28:56.615+0000] {dag.py:4156} INFO - Setting next_dagrun for dataset_alias_example_alias_producer_with_no_taskflow to None, run_after=None
[2024-09-06T14:28:56.617+0000] {logging_mixin.py:190} INFO - [2024-09-06T14:28:56.617+0000] {dag.py:4156} INFO - Setting next_dagrun for dataset_s3_bucket_consumer_with_no_taskflow to None, run_after=None
[2024-09-06T14:28:56.619+0000] {logging_mixin.py:190} INFO - [2024-09-06T14:28:56.619+0000] {dag.py:4156} INFO - Setting next_dagrun for dataset_s3_bucket_producer_with_no_taskflow to None, run_after=None
[2024-09-06T14:28:56.641+0000] {processor.py:208} INFO - Processing /home/airflow/.local/lib/python3.12/site-packages/airflow/example_dags/example_dataset_alias_with_no_taskflow.py took 0.194 seconds
[2024-09-06T14:29:27.284+0000] {processor.py:186} INFO - Started process (PID=993) to work on /home/airflow/.local/lib/python3.12/site-packages/airflow/example_dags/example_dataset_alias_with_no_taskflow.py
[2024-09-06T14:29:27.285+0000] {processor.py:914} INFO - Processing file /home/airflow/.local/lib/python3.12/site-packages/airflow/example_dags/example_dataset_alias_with_no_taskflow.py for tasks to queue
[2024-09-06T14:29:27.287+0000] {logging_mixin.py:190} INFO - [2024-09-06T14:29:27.287+0000] {dagbag.py:587} INFO - Filling up the DagBag from /home/airflow/.local/lib/python3.12/site-packages/airflow/example_dags/example_dataset_alias_with_no_taskflow.py
[2024-09-06T14:29:27.443+0000] {processor.py:925} INFO - DAG(s) 'dataset_s3_bucket_producer_with_no_taskflow', 'dataset_alias_example_alias_consumer_with_no_taskflow', 'dataset_alias_example_alias_producer_with_no_taskflow', 'dataset_s3_bucket_consumer_with_no_taskflow' retrieved from /home/airflow/.local/lib/python3.12/site-packages/airflow/example_dags/example_dataset_alias_with_no_taskflow.py
[2024-09-06T14:29:27.461+0000] {logging_mixin.py:190} INFO - [2024-09-06T14:29:27.460+0000] {dag.py:3229} INFO - Sync 4 DAGs
[2024-09-06T14:29:27.480+0000] {logging_mixin.py:190} INFO - [2024-09-06T14:29:27.480+0000] {dag.py:4156} INFO - Setting next_dagrun for dataset_alias_example_alias_consumer_with_no_taskflow to None, run_after=None
[2024-09-06T14:29:27.483+0000] {logging_mixin.py:190} INFO - [2024-09-06T14:29:27.482+0000] {dag.py:4156} INFO - Setting next_dagrun for dataset_alias_example_alias_producer_with_no_taskflow to None, run_after=None
[2024-09-06T14:29:27.484+0000] {logging_mixin.py:190} INFO - [2024-09-06T14:29:27.484+0000] {dag.py:4156} INFO - Setting next_dagrun for dataset_s3_bucket_consumer_with_no_taskflow to None, run_after=None
[2024-09-06T14:29:27.485+0000] {logging_mixin.py:190} INFO - [2024-09-06T14:29:27.485+0000] {dag.py:4156} INFO - Setting next_dagrun for dataset_s3_bucket_producer_with_no_taskflow to None, run_after=None
[2024-09-06T14:29:27.504+0000] {processor.py:208} INFO - Processing /home/airflow/.local/lib/python3.12/site-packages/airflow/example_dags/example_dataset_alias_with_no_taskflow.py took 0.224 seconds
[2024-09-06T14:29:58.259+0000] {processor.py:186} INFO - Started process (PID=1055) to work on /home/airflow/.local/lib/python3.12/site-packages/airflow/example_dags/example_dataset_alias_with_no_taskflow.py
[2024-09-06T14:29:58.260+0000] {processor.py:914} INFO - Processing file /home/airflow/.local/lib/python3.12/site-packages/airflow/example_dags/example_dataset_alias_with_no_taskflow.py for tasks to queue
[2024-09-06T14:29:58.262+0000] {logging_mixin.py:190} INFO - [2024-09-06T14:29:58.262+0000] {dagbag.py:587} INFO - Filling up the DagBag from /home/airflow/.local/lib/python3.12/site-packages/airflow/example_dags/example_dataset_alias_with_no_taskflow.py
[2024-09-06T14:29:58.380+0000] {processor.py:925} INFO - DAG(s) 'dataset_s3_bucket_consumer_with_no_taskflow', 'dataset_alias_example_alias_consumer_with_no_taskflow', 'dataset_alias_example_alias_producer_with_no_taskflow', 'dataset_s3_bucket_producer_with_no_taskflow' retrieved from /home/airflow/.local/lib/python3.12/site-packages/airflow/example_dags/example_dataset_alias_with_no_taskflow.py
[2024-09-06T14:29:58.395+0000] {logging_mixin.py:190} INFO - [2024-09-06T14:29:58.395+0000] {dag.py:3229} INFO - Sync 4 DAGs
[2024-09-06T14:29:58.413+0000] {logging_mixin.py:190} INFO - [2024-09-06T14:29:58.413+0000] {dag.py:4156} INFO - Setting next_dagrun for dataset_alias_example_alias_consumer_with_no_taskflow to None, run_after=None
[2024-09-06T14:29:58.416+0000] {logging_mixin.py:190} INFO - [2024-09-06T14:29:58.415+0000] {dag.py:4156} INFO - Setting next_dagrun for dataset_alias_example_alias_producer_with_no_taskflow to None, run_after=None
[2024-09-06T14:29:58.417+0000] {logging_mixin.py:190} INFO - [2024-09-06T14:29:58.416+0000] {dag.py:4156} INFO - Setting next_dagrun for dataset_s3_bucket_consumer_with_no_taskflow to None, run_after=None
[2024-09-06T14:29:58.417+0000] {logging_mixin.py:190} INFO - [2024-09-06T14:29:58.417+0000] {dag.py:4156} INFO - Setting next_dagrun for dataset_s3_bucket_producer_with_no_taskflow to None, run_after=None
[2024-09-06T14:29:58.436+0000] {processor.py:208} INFO - Processing /home/airflow/.local/lib/python3.12/site-packages/airflow/example_dags/example_dataset_alias_with_no_taskflow.py took 0.182 seconds
[2024-09-06T14:30:28.571+0000] {processor.py:186} INFO - Started process (PID=1117) to work on /home/airflow/.local/lib/python3.12/site-packages/airflow/example_dags/example_dataset_alias_with_no_taskflow.py
[2024-09-06T14:30:28.572+0000] {processor.py:914} INFO - Processing file /home/airflow/.local/lib/python3.12/site-packages/airflow/example_dags/example_dataset_alias_with_no_taskflow.py for tasks to queue
[2024-09-06T14:30:28.574+0000] {logging_mixin.py:190} INFO - [2024-09-06T14:30:28.574+0000] {dagbag.py:587} INFO - Filling up the DagBag from /home/airflow/.local/lib/python3.12/site-packages/airflow/example_dags/example_dataset_alias_with_no_taskflow.py
[2024-09-06T14:30:28.696+0000] {processor.py:925} INFO - DAG(s) 'dataset_s3_bucket_producer_with_no_taskflow', 'dataset_s3_bucket_consumer_with_no_taskflow', 'dataset_alias_example_alias_consumer_with_no_taskflow', 'dataset_alias_example_alias_producer_with_no_taskflow' retrieved from /home/airflow/.local/lib/python3.12/site-packages/airflow/example_dags/example_dataset_alias_with_no_taskflow.py
[2024-09-06T14:30:28.714+0000] {logging_mixin.py:190} INFO - [2024-09-06T14:30:28.714+0000] {dag.py:3229} INFO - Sync 4 DAGs
[2024-09-06T14:30:28.732+0000] {logging_mixin.py:190} INFO - [2024-09-06T14:30:28.731+0000] {dag.py:4156} INFO - Setting next_dagrun for dataset_alias_example_alias_consumer_with_no_taskflow to None, run_after=None
[2024-09-06T14:30:28.734+0000] {logging_mixin.py:190} INFO - [2024-09-06T14:30:28.734+0000] {dag.py:4156} INFO - Setting next_dagrun for dataset_alias_example_alias_producer_with_no_taskflow to None, run_after=None
[2024-09-06T14:30:28.735+0000] {logging_mixin.py:190} INFO - [2024-09-06T14:30:28.735+0000] {dag.py:4156} INFO - Setting next_dagrun for dataset_s3_bucket_consumer_with_no_taskflow to None, run_after=None
[2024-09-06T14:30:28.737+0000] {logging_mixin.py:190} INFO - [2024-09-06T14:30:28.737+0000] {dag.py:4156} INFO - Setting next_dagrun for dataset_s3_bucket_producer_with_no_taskflow to None, run_after=None
[2024-09-06T14:30:28.756+0000] {processor.py:208} INFO - Processing /home/airflow/.local/lib/python3.12/site-packages/airflow/example_dags/example_dataset_alias_with_no_taskflow.py took 0.190 seconds
[2024-09-06T14:30:59.039+0000] {processor.py:186} INFO - Started process (PID=1179) to work on /home/airflow/.local/lib/python3.12/site-packages/airflow/example_dags/example_dataset_alias_with_no_taskflow.py
[2024-09-06T14:30:59.040+0000] {processor.py:914} INFO - Processing file /home/airflow/.local/lib/python3.12/site-packages/airflow/example_dags/example_dataset_alias_with_no_taskflow.py for tasks to queue
[2024-09-06T14:30:59.042+0000] {logging_mixin.py:190} INFO - [2024-09-06T14:30:59.042+0000] {dagbag.py:587} INFO - Filling up the DagBag from /home/airflow/.local/lib/python3.12/site-packages/airflow/example_dags/example_dataset_alias_with_no_taskflow.py
[2024-09-06T14:30:59.177+0000] {processor.py:925} INFO - DAG(s) 'dataset_alias_example_alias_consumer_with_no_taskflow', 'dataset_alias_example_alias_producer_with_no_taskflow', 'dataset_s3_bucket_consumer_with_no_taskflow', 'dataset_s3_bucket_producer_with_no_taskflow' retrieved from /home/airflow/.local/lib/python3.12/site-packages/airflow/example_dags/example_dataset_alias_with_no_taskflow.py
[2024-09-06T14:30:59.196+0000] {logging_mixin.py:190} INFO - [2024-09-06T14:30:59.196+0000] {dag.py:3229} INFO - Sync 4 DAGs
[2024-09-06T14:30:59.214+0000] {logging_mixin.py:190} INFO - [2024-09-06T14:30:59.214+0000] {dag.py:4156} INFO - Setting next_dagrun for dataset_alias_example_alias_consumer_with_no_taskflow to None, run_after=None
[2024-09-06T14:30:59.218+0000] {logging_mixin.py:190} INFO - [2024-09-06T14:30:59.217+0000] {dag.py:4156} INFO - Setting next_dagrun for dataset_alias_example_alias_producer_with_no_taskflow to None, run_after=None
[2024-09-06T14:30:59.219+0000] {logging_mixin.py:190} INFO - [2024-09-06T14:30:59.219+0000] {dag.py:4156} INFO - Setting next_dagrun for dataset_s3_bucket_consumer_with_no_taskflow to None, run_after=None
[2024-09-06T14:30:59.221+0000] {logging_mixin.py:190} INFO - [2024-09-06T14:30:59.221+0000] {dag.py:4156} INFO - Setting next_dagrun for dataset_s3_bucket_producer_with_no_taskflow to None, run_after=None
[2024-09-06T14:30:59.242+0000] {processor.py:208} INFO - Processing /home/airflow/.local/lib/python3.12/site-packages/airflow/example_dags/example_dataset_alias_with_no_taskflow.py took 0.209 seconds
[2024-09-06T14:31:29.710+0000] {processor.py:186} INFO - Started process (PID=1241) to work on /home/airflow/.local/lib/python3.12/site-packages/airflow/example_dags/example_dataset_alias_with_no_taskflow.py
[2024-09-06T14:31:29.711+0000] {processor.py:914} INFO - Processing file /home/airflow/.local/lib/python3.12/site-packages/airflow/example_dags/example_dataset_alias_with_no_taskflow.py for tasks to queue
[2024-09-06T14:31:29.713+0000] {logging_mixin.py:190} INFO - [2024-09-06T14:31:29.713+0000] {dagbag.py:587} INFO - Filling up the DagBag from /home/airflow/.local/lib/python3.12/site-packages/airflow/example_dags/example_dataset_alias_with_no_taskflow.py
[2024-09-06T14:31:29.842+0000] {processor.py:925} INFO - DAG(s) 'dataset_s3_bucket_consumer_with_no_taskflow', 'dataset_s3_bucket_producer_with_no_taskflow', 'dataset_alias_example_alias_consumer_with_no_taskflow', 'dataset_alias_example_alias_producer_with_no_taskflow' retrieved from /home/airflow/.local/lib/python3.12/site-packages/airflow/example_dags/example_dataset_alias_with_no_taskflow.py
[2024-09-06T14:31:29.860+0000] {logging_mixin.py:190} INFO - [2024-09-06T14:31:29.860+0000] {dag.py:3229} INFO - Sync 4 DAGs
[2024-09-06T14:31:29.879+0000] {logging_mixin.py:190} INFO - [2024-09-06T14:31:29.878+0000] {dag.py:4156} INFO - Setting next_dagrun for dataset_alias_example_alias_consumer_with_no_taskflow to None, run_after=None
[2024-09-06T14:31:29.881+0000] {logging_mixin.py:190} INFO - [2024-09-06T14:31:29.881+0000] {dag.py:4156} INFO - Setting next_dagrun for dataset_alias_example_alias_producer_with_no_taskflow to None, run_after=None
[2024-09-06T14:31:29.882+0000] {logging_mixin.py:190} INFO - [2024-09-06T14:31:29.882+0000] {dag.py:4156} INFO - Setting next_dagrun for dataset_s3_bucket_consumer_with_no_taskflow to None, run_after=None
[2024-09-06T14:31:29.883+0000] {logging_mixin.py:190} INFO - [2024-09-06T14:31:29.883+0000] {dag.py:4156} INFO - Setting next_dagrun for dataset_s3_bucket_producer_with_no_taskflow to None, run_after=None
[2024-09-06T14:31:29.901+0000] {processor.py:208} INFO - Processing /home/airflow/.local/lib/python3.12/site-packages/airflow/example_dags/example_dataset_alias_with_no_taskflow.py took 0.196 seconds
[2024-09-06T14:32:00.422+0000] {processor.py:186} INFO - Started process (PID=1303) to work on /home/airflow/.local/lib/python3.12/site-packages/airflow/example_dags/example_dataset_alias_with_no_taskflow.py
[2024-09-06T14:32:00.423+0000] {processor.py:914} INFO - Processing file /home/airflow/.local/lib/python3.12/site-packages/airflow/example_dags/example_dataset_alias_with_no_taskflow.py for tasks to queue
[2024-09-06T14:32:00.425+0000] {logging_mixin.py:190} INFO - [2024-09-06T14:32:00.425+0000] {dagbag.py:587} INFO - Filling up the DagBag from /home/airflow/.local/lib/python3.12/site-packages/airflow/example_dags/example_dataset_alias_with_no_taskflow.py
[2024-09-06T14:32:00.561+0000] {processor.py:925} INFO - DAG(s) 'dataset_s3_bucket_consumer_with_no_taskflow', 'dataset_alias_example_alias_consumer_with_no_taskflow', 'dataset_s3_bucket_producer_with_no_taskflow', 'dataset_alias_example_alias_producer_with_no_taskflow' retrieved from /home/airflow/.local/lib/python3.12/site-packages/airflow/example_dags/example_dataset_alias_with_no_taskflow.py
[2024-09-06T14:32:00.590+0000] {logging_mixin.py:190} INFO - [2024-09-06T14:32:00.590+0000] {dag.py:3229} INFO - Sync 4 DAGs
[2024-09-06T14:32:00.619+0000] {logging_mixin.py:190} INFO - [2024-09-06T14:32:00.619+0000] {dag.py:4156} INFO - Setting next_dagrun for dataset_alias_example_alias_consumer_with_no_taskflow to None, run_after=None
[2024-09-06T14:32:00.622+0000] {logging_mixin.py:190} INFO - [2024-09-06T14:32:00.622+0000] {dag.py:4156} INFO - Setting next_dagrun for dataset_alias_example_alias_producer_with_no_taskflow to None, run_after=None
[2024-09-06T14:32:00.623+0000] {logging_mixin.py:190} INFO - [2024-09-06T14:32:00.623+0000] {dag.py:4156} INFO - Setting next_dagrun for dataset_s3_bucket_consumer_with_no_taskflow to None, run_after=None
[2024-09-06T14:32:00.624+0000] {logging_mixin.py:190} INFO - [2024-09-06T14:32:00.624+0000] {dag.py:4156} INFO - Setting next_dagrun for dataset_s3_bucket_producer_with_no_taskflow to None, run_after=None
[2024-09-06T14:32:00.649+0000] {processor.py:208} INFO - Processing /home/airflow/.local/lib/python3.12/site-packages/airflow/example_dags/example_dataset_alias_with_no_taskflow.py took 0.232 seconds
[2024-09-06T14:32:31.029+0000] {processor.py:186} INFO - Started process (PID=1365) to work on /home/airflow/.local/lib/python3.12/site-packages/airflow/example_dags/example_dataset_alias_with_no_taskflow.py
[2024-09-06T14:32:31.030+0000] {processor.py:914} INFO - Processing file /home/airflow/.local/lib/python3.12/site-packages/airflow/example_dags/example_dataset_alias_with_no_taskflow.py for tasks to queue
[2024-09-06T14:32:31.036+0000] {logging_mixin.py:190} INFO - [2024-09-06T14:32:31.036+0000] {dagbag.py:587} INFO - Filling up the DagBag from /home/airflow/.local/lib/python3.12/site-packages/airflow/example_dags/example_dataset_alias_with_no_taskflow.py
[2024-09-06T14:32:31.219+0000] {processor.py:925} INFO - DAG(s) 'dataset_s3_bucket_producer_with_no_taskflow', 'dataset_s3_bucket_consumer_with_no_taskflow', 'dataset_alias_example_alias_producer_with_no_taskflow', 'dataset_alias_example_alias_consumer_with_no_taskflow' retrieved from /home/airflow/.local/lib/python3.12/site-packages/airflow/example_dags/example_dataset_alias_with_no_taskflow.py
[2024-09-06T14:32:31.247+0000] {logging_mixin.py:190} INFO - [2024-09-06T14:32:31.247+0000] {dag.py:3229} INFO - Sync 4 DAGs
[2024-09-06T14:32:31.271+0000] {logging_mixin.py:190} INFO - [2024-09-06T14:32:31.271+0000] {dag.py:4156} INFO - Setting next_dagrun for dataset_alias_example_alias_consumer_with_no_taskflow to None, run_after=None
[2024-09-06T14:32:31.274+0000] {logging_mixin.py:190} INFO - [2024-09-06T14:32:31.274+0000] {dag.py:4156} INFO - Setting next_dagrun for dataset_alias_example_alias_producer_with_no_taskflow to None, run_after=None
[2024-09-06T14:32:31.276+0000] {logging_mixin.py:190} INFO - [2024-09-06T14:32:31.276+0000] {dag.py:4156} INFO - Setting next_dagrun for dataset_s3_bucket_consumer_with_no_taskflow to None, run_after=None
[2024-09-06T14:32:31.278+0000] {logging_mixin.py:190} INFO - [2024-09-06T14:32:31.277+0000] {dag.py:4156} INFO - Setting next_dagrun for dataset_s3_bucket_producer_with_no_taskflow to None, run_after=None
[2024-09-06T14:32:31.304+0000] {processor.py:208} INFO - Processing /home/airflow/.local/lib/python3.12/site-packages/airflow/example_dags/example_dataset_alias_with_no_taskflow.py took 0.293 seconds
[2024-09-06T14:33:01.380+0000] {processor.py:186} INFO - Started process (PID=1427) to work on /home/airflow/.local/lib/python3.12/site-packages/airflow/example_dags/example_dataset_alias_with_no_taskflow.py
[2024-09-06T14:33:01.380+0000] {processor.py:914} INFO - Processing file /home/airflow/.local/lib/python3.12/site-packages/airflow/example_dags/example_dataset_alias_with_no_taskflow.py for tasks to queue
[2024-09-06T14:33:01.383+0000] {logging_mixin.py:190} INFO - [2024-09-06T14:33:01.382+0000] {dagbag.py:587} INFO - Filling up the DagBag from /home/airflow/.local/lib/python3.12/site-packages/airflow/example_dags/example_dataset_alias_with_no_taskflow.py
[2024-09-06T14:33:01.506+0000] {processor.py:925} INFO - DAG(s) 'dataset_alias_example_alias_producer_with_no_taskflow', 'dataset_s3_bucket_consumer_with_no_taskflow', 'dataset_s3_bucket_producer_with_no_taskflow', 'dataset_alias_example_alias_consumer_with_no_taskflow' retrieved from /home/airflow/.local/lib/python3.12/site-packages/airflow/example_dags/example_dataset_alias_with_no_taskflow.py
[2024-09-06T14:33:01.531+0000] {logging_mixin.py:190} INFO - [2024-09-06T14:33:01.530+0000] {dag.py:3229} INFO - Sync 4 DAGs
[2024-09-06T14:33:01.552+0000] {logging_mixin.py:190} INFO - [2024-09-06T14:33:01.552+0000] {dag.py:4156} INFO - Setting next_dagrun for dataset_alias_example_alias_consumer_with_no_taskflow to None, run_after=None
[2024-09-06T14:33:01.555+0000] {logging_mixin.py:190} INFO - [2024-09-06T14:33:01.554+0000] {dag.py:4156} INFO - Setting next_dagrun for dataset_alias_example_alias_producer_with_no_taskflow to None, run_after=None
[2024-09-06T14:33:01.556+0000] {logging_mixin.py:190} INFO - [2024-09-06T14:33:01.556+0000] {dag.py:4156} INFO - Setting next_dagrun for dataset_s3_bucket_consumer_with_no_taskflow to None, run_after=None
[2024-09-06T14:33:01.557+0000] {logging_mixin.py:190} INFO - [2024-09-06T14:33:01.557+0000] {dag.py:4156} INFO - Setting next_dagrun for dataset_s3_bucket_producer_with_no_taskflow to None, run_after=None
[2024-09-06T14:33:01.575+0000] {processor.py:208} INFO - Processing /home/airflow/.local/lib/python3.12/site-packages/airflow/example_dags/example_dataset_alias_with_no_taskflow.py took 0.201 seconds
[2024-09-06T14:33:31.849+0000] {processor.py:186} INFO - Started process (PID=1489) to work on /home/airflow/.local/lib/python3.12/site-packages/airflow/example_dags/example_dataset_alias_with_no_taskflow.py
[2024-09-06T14:33:31.850+0000] {processor.py:914} INFO - Processing file /home/airflow/.local/lib/python3.12/site-packages/airflow/example_dags/example_dataset_alias_with_no_taskflow.py for tasks to queue
[2024-09-06T14:33:31.852+0000] {logging_mixin.py:190} INFO - [2024-09-06T14:33:31.852+0000] {dagbag.py:587} INFO - Filling up the DagBag from /home/airflow/.local/lib/python3.12/site-packages/airflow/example_dags/example_dataset_alias_with_no_taskflow.py
[2024-09-06T14:33:31.984+0000] {processor.py:925} INFO - DAG(s) 'dataset_alias_example_alias_producer_with_no_taskflow', 'dataset_s3_bucket_consumer_with_no_taskflow', 'dataset_alias_example_alias_consumer_with_no_taskflow', 'dataset_s3_bucket_producer_with_no_taskflow' retrieved from /home/airflow/.local/lib/python3.12/site-packages/airflow/example_dags/example_dataset_alias_with_no_taskflow.py
[2024-09-06T14:33:32.002+0000] {logging_mixin.py:190} INFO - [2024-09-06T14:33:32.002+0000] {dag.py:3229} INFO - Sync 4 DAGs
[2024-09-06T14:33:32.023+0000] {logging_mixin.py:190} INFO - [2024-09-06T14:33:32.023+0000] {dag.py:4156} INFO - Setting next_dagrun for dataset_alias_example_alias_consumer_with_no_taskflow to None, run_after=None
[2024-09-06T14:33:32.026+0000] {logging_mixin.py:190} INFO - [2024-09-06T14:33:32.026+0000] {dag.py:4156} INFO - Setting next_dagrun for dataset_alias_example_alias_producer_with_no_taskflow to None, run_after=None
[2024-09-06T14:33:32.027+0000] {logging_mixin.py:190} INFO - [2024-09-06T14:33:32.027+0000] {dag.py:4156} INFO - Setting next_dagrun for dataset_s3_bucket_consumer_with_no_taskflow to None, run_after=None
[2024-09-06T14:33:32.029+0000] {logging_mixin.py:190} INFO - [2024-09-06T14:33:32.029+0000] {dag.py:4156} INFO - Setting next_dagrun for dataset_s3_bucket_producer_with_no_taskflow to None, run_after=None
[2024-09-06T14:33:32.052+0000] {processor.py:208} INFO - Processing /home/airflow/.local/lib/python3.12/site-packages/airflow/example_dags/example_dataset_alias_with_no_taskflow.py took 0.209 seconds
