[2024-09-06T14:22:13.554+0000] {processor.py:186} INFO - Started process (PID=85) to work on /home/airflow/.local/lib/python3.12/site-packages/airflow/example_dags/example_short_circuit_operator.py
[2024-09-06T14:22:13.555+0000] {processor.py:914} INFO - Processing file /home/airflow/.local/lib/python3.12/site-packages/airflow/example_dags/example_short_circuit_operator.py for tasks to queue
[2024-09-06T14:22:13.557+0000] {logging_mixin.py:190} INFO - [2024-09-06T14:22:13.557+0000] {dagbag.py:587} INFO - Filling up the DagBag from /home/airflow/.local/lib/python3.12/site-packages/airflow/example_dags/example_short_circuit_operator.py
[2024-09-06T14:22:13.568+0000] {processor.py:925} INFO - DAG(s) 'example_short_circuit_operator' retrieved from /home/airflow/.local/lib/python3.12/site-packages/airflow/example_dags/example_short_circuit_operator.py
[2024-09-06T14:22:13.687+0000] {logging_mixin.py:190} INFO - [2024-09-06T14:22:13.686+0000] {override.py:1900} INFO - Created Permission View: can read on DAG:example_short_circuit_operator
[2024-09-06T14:22:13.701+0000] {logging_mixin.py:190} INFO - [2024-09-06T14:22:13.700+0000] {override.py:1900} INFO - Created Permission View: can delete on DAG:example_short_circuit_operator
[2024-09-06T14:22:13.713+0000] {logging_mixin.py:190} INFO - [2024-09-06T14:22:13.712+0000] {override.py:1900} INFO - Created Permission View: can edit on DAG:example_short_circuit_operator
[2024-09-06T14:22:13.720+0000] {logging_mixin.py:190} INFO - [2024-09-06T14:22:13.720+0000] {override.py:1900} INFO - Created Permission View: can read on DAG Run:example_short_circuit_operator
[2024-09-06T14:22:13.727+0000] {logging_mixin.py:190} INFO - [2024-09-06T14:22:13.727+0000] {override.py:1900} INFO - Created Permission View: can delete on DAG Run:example_short_circuit_operator
[2024-09-06T14:22:13.734+0000] {logging_mixin.py:190} INFO - [2024-09-06T14:22:13.733+0000] {override.py:1900} INFO - Created Permission View: menu access on DAG Run:example_short_circuit_operator
[2024-09-06T14:22:13.740+0000] {logging_mixin.py:190} INFO - [2024-09-06T14:22:13.740+0000] {override.py:1900} INFO - Created Permission View: can create on DAG Run:example_short_circuit_operator
[2024-09-06T14:22:13.741+0000] {logging_mixin.py:190} INFO - [2024-09-06T14:22:13.741+0000] {dag.py:3229} INFO - Sync 1 DAGs
[2024-09-06T14:22:13.755+0000] {logging_mixin.py:190} INFO - [2024-09-06T14:22:13.754+0000] {dag.py:3252} INFO - Creating ORM DAG for example_short_circuit_operator
[2024-09-06T14:22:13.755+0000] {logging_mixin.py:190} INFO - [2024-09-06T14:22:13.755+0000] {dag.py:4156} INFO - Setting next_dagrun for example_short_circuit_operator to None, run_after=None
[2024-09-06T14:22:13.773+0000] {processor.py:208} INFO - Processing /home/airflow/.local/lib/python3.12/site-packages/airflow/example_dags/example_short_circuit_operator.py took 0.226 seconds
[2024-09-06T14:22:44.433+0000] {processor.py:186} INFO - Started process (PID=147) to work on /home/airflow/.local/lib/python3.12/site-packages/airflow/example_dags/example_short_circuit_operator.py
[2024-09-06T14:22:44.434+0000] {processor.py:914} INFO - Processing file /home/airflow/.local/lib/python3.12/site-packages/airflow/example_dags/example_short_circuit_operator.py for tasks to queue
[2024-09-06T14:22:44.436+0000] {logging_mixin.py:190} INFO - [2024-09-06T14:22:44.436+0000] {dagbag.py:587} INFO - Filling up the DagBag from /home/airflow/.local/lib/python3.12/site-packages/airflow/example_dags/example_short_circuit_operator.py
[2024-09-06T14:22:44.446+0000] {processor.py:925} INFO - DAG(s) 'example_short_circuit_operator' retrieved from /home/airflow/.local/lib/python3.12/site-packages/airflow/example_dags/example_short_circuit_operator.py
[2024-09-06T14:22:44.468+0000] {logging_mixin.py:190} INFO - [2024-09-06T14:22:44.467+0000] {dag.py:3229} INFO - Sync 1 DAGs
[2024-09-06T14:22:44.481+0000] {logging_mixin.py:190} INFO - [2024-09-06T14:22:44.481+0000] {dag.py:4156} INFO - Setting next_dagrun for example_short_circuit_operator to None, run_after=None
[2024-09-06T14:22:44.503+0000] {processor.py:208} INFO - Processing /home/airflow/.local/lib/python3.12/site-packages/airflow/example_dags/example_short_circuit_operator.py took 0.076 seconds
[2024-09-06T14:23:14.934+0000] {processor.py:186} INFO - Started process (PID=209) to work on /home/airflow/.local/lib/python3.12/site-packages/airflow/example_dags/example_short_circuit_operator.py
[2024-09-06T14:23:14.935+0000] {processor.py:914} INFO - Processing file /home/airflow/.local/lib/python3.12/site-packages/airflow/example_dags/example_short_circuit_operator.py for tasks to queue
[2024-09-06T14:23:14.938+0000] {logging_mixin.py:190} INFO - [2024-09-06T14:23:14.937+0000] {dagbag.py:587} INFO - Filling up the DagBag from /home/airflow/.local/lib/python3.12/site-packages/airflow/example_dags/example_short_circuit_operator.py
[2024-09-06T14:23:14.945+0000] {processor.py:925} INFO - DAG(s) 'example_short_circuit_operator' retrieved from /home/airflow/.local/lib/python3.12/site-packages/airflow/example_dags/example_short_circuit_operator.py
[2024-09-06T14:23:14.966+0000] {logging_mixin.py:190} INFO - [2024-09-06T14:23:14.966+0000] {dag.py:3229} INFO - Sync 1 DAGs
[2024-09-06T14:23:14.978+0000] {logging_mixin.py:190} INFO - [2024-09-06T14:23:14.978+0000] {dag.py:4156} INFO - Setting next_dagrun for example_short_circuit_operator to None, run_after=None
[2024-09-06T14:23:14.995+0000] {processor.py:208} INFO - Processing /home/airflow/.local/lib/python3.12/site-packages/airflow/example_dags/example_short_circuit_operator.py took 0.066 seconds
[2024-09-06T14:23:45.223+0000] {processor.py:186} INFO - Started process (PID=271) to work on /home/airflow/.local/lib/python3.12/site-packages/airflow/example_dags/example_short_circuit_operator.py
[2024-09-06T14:23:45.224+0000] {processor.py:914} INFO - Processing file /home/airflow/.local/lib/python3.12/site-packages/airflow/example_dags/example_short_circuit_operator.py for tasks to queue
[2024-09-06T14:23:45.227+0000] {logging_mixin.py:190} INFO - [2024-09-06T14:23:45.226+0000] {dagbag.py:587} INFO - Filling up the DagBag from /home/airflow/.local/lib/python3.12/site-packages/airflow/example_dags/example_short_circuit_operator.py
[2024-09-06T14:23:45.234+0000] {processor.py:925} INFO - DAG(s) 'example_short_circuit_operator' retrieved from /home/airflow/.local/lib/python3.12/site-packages/airflow/example_dags/example_short_circuit_operator.py
[2024-09-06T14:23:45.252+0000] {logging_mixin.py:190} INFO - [2024-09-06T14:23:45.252+0000] {dag.py:3229} INFO - Sync 1 DAGs
[2024-09-06T14:23:45.265+0000] {logging_mixin.py:190} INFO - [2024-09-06T14:23:45.265+0000] {dag.py:4156} INFO - Setting next_dagrun for example_short_circuit_operator to None, run_after=None
[2024-09-06T14:23:45.280+0000] {processor.py:208} INFO - Processing /home/airflow/.local/lib/python3.12/site-packages/airflow/example_dags/example_short_circuit_operator.py took 0.063 seconds
[2024-09-06T14:24:15.406+0000] {processor.py:186} INFO - Started process (PID=332) to work on /home/airflow/.local/lib/python3.12/site-packages/airflow/example_dags/example_short_circuit_operator.py
[2024-09-06T14:24:15.407+0000] {processor.py:914} INFO - Processing file /home/airflow/.local/lib/python3.12/site-packages/airflow/example_dags/example_short_circuit_operator.py for tasks to queue
[2024-09-06T14:24:15.409+0000] {logging_mixin.py:190} INFO - [2024-09-06T14:24:15.409+0000] {dagbag.py:587} INFO - Filling up the DagBag from /home/airflow/.local/lib/python3.12/site-packages/airflow/example_dags/example_short_circuit_operator.py
[2024-09-06T14:24:15.426+0000] {processor.py:925} INFO - DAG(s) 'example_short_circuit_operator' retrieved from /home/airflow/.local/lib/python3.12/site-packages/airflow/example_dags/example_short_circuit_operator.py
[2024-09-06T14:24:15.461+0000] {logging_mixin.py:190} INFO - [2024-09-06T14:24:15.461+0000] {dag.py:3229} INFO - Sync 1 DAGs
[2024-09-06T14:24:15.483+0000] {logging_mixin.py:190} INFO - [2024-09-06T14:24:15.482+0000] {dag.py:4156} INFO - Setting next_dagrun for example_short_circuit_operator to None, run_after=None
[2024-09-06T14:24:15.511+0000] {processor.py:208} INFO - Processing /home/airflow/.local/lib/python3.12/site-packages/airflow/example_dags/example_short_circuit_operator.py took 0.112 seconds
[2024-09-06T14:24:45.779+0000] {processor.py:186} INFO - Started process (PID=394) to work on /home/airflow/.local/lib/python3.12/site-packages/airflow/example_dags/example_short_circuit_operator.py
[2024-09-06T14:24:45.780+0000] {processor.py:914} INFO - Processing file /home/airflow/.local/lib/python3.12/site-packages/airflow/example_dags/example_short_circuit_operator.py for tasks to queue
[2024-09-06T14:24:45.782+0000] {logging_mixin.py:190} INFO - [2024-09-06T14:24:45.781+0000] {dagbag.py:587} INFO - Filling up the DagBag from /home/airflow/.local/lib/python3.12/site-packages/airflow/example_dags/example_short_circuit_operator.py
[2024-09-06T14:24:45.789+0000] {processor.py:925} INFO - DAG(s) 'example_short_circuit_operator' retrieved from /home/airflow/.local/lib/python3.12/site-packages/airflow/example_dags/example_short_circuit_operator.py
[2024-09-06T14:24:45.811+0000] {logging_mixin.py:190} INFO - [2024-09-06T14:24:45.810+0000] {dag.py:3229} INFO - Sync 1 DAGs
[2024-09-06T14:24:45.824+0000] {logging_mixin.py:190} INFO - [2024-09-06T14:24:45.824+0000] {dag.py:4156} INFO - Setting next_dagrun for example_short_circuit_operator to None, run_after=None
[2024-09-06T14:24:45.844+0000] {processor.py:208} INFO - Processing /home/airflow/.local/lib/python3.12/site-packages/airflow/example_dags/example_short_circuit_operator.py took 0.070 seconds
[2024-09-06T14:25:16.115+0000] {processor.py:186} INFO - Started process (PID=457) to work on /home/airflow/.local/lib/python3.12/site-packages/airflow/example_dags/example_short_circuit_operator.py
[2024-09-06T14:25:16.116+0000] {processor.py:914} INFO - Processing file /home/airflow/.local/lib/python3.12/site-packages/airflow/example_dags/example_short_circuit_operator.py for tasks to queue
[2024-09-06T14:25:16.118+0000] {logging_mixin.py:190} INFO - [2024-09-06T14:25:16.118+0000] {dagbag.py:587} INFO - Filling up the DagBag from /home/airflow/.local/lib/python3.12/site-packages/airflow/example_dags/example_short_circuit_operator.py
[2024-09-06T14:25:16.125+0000] {processor.py:925} INFO - DAG(s) 'example_short_circuit_operator' retrieved from /home/airflow/.local/lib/python3.12/site-packages/airflow/example_dags/example_short_circuit_operator.py
[2024-09-06T14:25:16.147+0000] {logging_mixin.py:190} INFO - [2024-09-06T14:25:16.147+0000] {dag.py:3229} INFO - Sync 1 DAGs
[2024-09-06T14:25:16.161+0000] {logging_mixin.py:190} INFO - [2024-09-06T14:25:16.161+0000] {dag.py:4156} INFO - Setting next_dagrun for example_short_circuit_operator to None, run_after=None
[2024-09-06T14:25:16.182+0000] {processor.py:208} INFO - Processing /home/airflow/.local/lib/python3.12/site-packages/airflow/example_dags/example_short_circuit_operator.py took 0.073 seconds
[2024-09-06T14:25:46.524+0000] {processor.py:186} INFO - Started process (PID=518) to work on /home/airflow/.local/lib/python3.12/site-packages/airflow/example_dags/example_short_circuit_operator.py
[2024-09-06T14:25:46.525+0000] {processor.py:914} INFO - Processing file /home/airflow/.local/lib/python3.12/site-packages/airflow/example_dags/example_short_circuit_operator.py for tasks to queue
[2024-09-06T14:25:46.527+0000] {logging_mixin.py:190} INFO - [2024-09-06T14:25:46.526+0000] {dagbag.py:587} INFO - Filling up the DagBag from /home/airflow/.local/lib/python3.12/site-packages/airflow/example_dags/example_short_circuit_operator.py
[2024-09-06T14:25:46.533+0000] {processor.py:925} INFO - DAG(s) 'example_short_circuit_operator' retrieved from /home/airflow/.local/lib/python3.12/site-packages/airflow/example_dags/example_short_circuit_operator.py
[2024-09-06T14:25:46.553+0000] {logging_mixin.py:190} INFO - [2024-09-06T14:25:46.553+0000] {dag.py:3229} INFO - Sync 1 DAGs
[2024-09-06T14:25:46.566+0000] {logging_mixin.py:190} INFO - [2024-09-06T14:25:46.565+0000] {dag.py:4156} INFO - Setting next_dagrun for example_short_circuit_operator to None, run_after=None
[2024-09-06T14:25:46.586+0000] {processor.py:208} INFO - Processing /home/airflow/.local/lib/python3.12/site-packages/airflow/example_dags/example_short_circuit_operator.py took 0.066 seconds
[2024-09-06T14:26:16.780+0000] {processor.py:186} INFO - Started process (PID=580) to work on /home/airflow/.local/lib/python3.12/site-packages/airflow/example_dags/example_short_circuit_operator.py
[2024-09-06T14:26:16.780+0000] {processor.py:914} INFO - Processing file /home/airflow/.local/lib/python3.12/site-packages/airflow/example_dags/example_short_circuit_operator.py for tasks to queue
[2024-09-06T14:26:16.782+0000] {logging_mixin.py:190} INFO - [2024-09-06T14:26:16.782+0000] {dagbag.py:587} INFO - Filling up the DagBag from /home/airflow/.local/lib/python3.12/site-packages/airflow/example_dags/example_short_circuit_operator.py
[2024-09-06T14:26:16.789+0000] {processor.py:925} INFO - DAG(s) 'example_short_circuit_operator' retrieved from /home/airflow/.local/lib/python3.12/site-packages/airflow/example_dags/example_short_circuit_operator.py
[2024-09-06T14:26:16.810+0000] {logging_mixin.py:190} INFO - [2024-09-06T14:26:16.810+0000] {dag.py:3229} INFO - Sync 1 DAGs
[2024-09-06T14:26:16.823+0000] {logging_mixin.py:190} INFO - [2024-09-06T14:26:16.822+0000] {dag.py:4156} INFO - Setting next_dagrun for example_short_circuit_operator to None, run_after=None
[2024-09-06T14:26:16.841+0000] {processor.py:208} INFO - Processing /home/airflow/.local/lib/python3.12/site-packages/airflow/example_dags/example_short_circuit_operator.py took 0.066 seconds
[2024-09-06T14:26:46.976+0000] {processor.py:186} INFO - Started process (PID=641) to work on /home/airflow/.local/lib/python3.12/site-packages/airflow/example_dags/example_short_circuit_operator.py
[2024-09-06T14:26:46.977+0000] {processor.py:914} INFO - Processing file /home/airflow/.local/lib/python3.12/site-packages/airflow/example_dags/example_short_circuit_operator.py for tasks to queue
[2024-09-06T14:26:46.980+0000] {logging_mixin.py:190} INFO - [2024-09-06T14:26:46.980+0000] {dagbag.py:587} INFO - Filling up the DagBag from /home/airflow/.local/lib/python3.12/site-packages/airflow/example_dags/example_short_circuit_operator.py
[2024-09-06T14:26:46.995+0000] {processor.py:925} INFO - DAG(s) 'example_short_circuit_operator' retrieved from /home/airflow/.local/lib/python3.12/site-packages/airflow/example_dags/example_short_circuit_operator.py
[2024-09-06T14:26:47.014+0000] {logging_mixin.py:190} INFO - [2024-09-06T14:26:47.014+0000] {dag.py:3229} INFO - Sync 1 DAGs
[2024-09-06T14:26:47.026+0000] {logging_mixin.py:190} INFO - [2024-09-06T14:26:47.026+0000] {dag.py:4156} INFO - Setting next_dagrun for example_short_circuit_operator to None, run_after=None
[2024-09-06T14:26:47.042+0000] {processor.py:208} INFO - Processing /home/airflow/.local/lib/python3.12/site-packages/airflow/example_dags/example_short_circuit_operator.py took 0.072 seconds
[2024-09-06T14:27:17.117+0000] {processor.py:186} INFO - Started process (PID=703) to work on /home/airflow/.local/lib/python3.12/site-packages/airflow/example_dags/example_short_circuit_operator.py
[2024-09-06T14:27:17.118+0000] {processor.py:914} INFO - Processing file /home/airflow/.local/lib/python3.12/site-packages/airflow/example_dags/example_short_circuit_operator.py for tasks to queue
[2024-09-06T14:27:17.120+0000] {logging_mixin.py:190} INFO - [2024-09-06T14:27:17.120+0000] {dagbag.py:587} INFO - Filling up the DagBag from /home/airflow/.local/lib/python3.12/site-packages/airflow/example_dags/example_short_circuit_operator.py
[2024-09-06T14:27:17.127+0000] {processor.py:925} INFO - DAG(s) 'example_short_circuit_operator' retrieved from /home/airflow/.local/lib/python3.12/site-packages/airflow/example_dags/example_short_circuit_operator.py
[2024-09-06T14:27:17.147+0000] {logging_mixin.py:190} INFO - [2024-09-06T14:27:17.146+0000] {dag.py:3229} INFO - Sync 1 DAGs
[2024-09-06T14:27:17.158+0000] {logging_mixin.py:190} INFO - [2024-09-06T14:27:17.157+0000] {dag.py:4156} INFO - Setting next_dagrun for example_short_circuit_operator to None, run_after=None
[2024-09-06T14:27:17.175+0000] {processor.py:208} INFO - Processing /home/airflow/.local/lib/python3.12/site-packages/airflow/example_dags/example_short_circuit_operator.py took 0.063 seconds
[2024-09-06T14:27:47.332+0000] {processor.py:186} INFO - Started process (PID=765) to work on /home/airflow/.local/lib/python3.12/site-packages/airflow/example_dags/example_short_circuit_operator.py
[2024-09-06T14:27:47.333+0000] {processor.py:914} INFO - Processing file /home/airflow/.local/lib/python3.12/site-packages/airflow/example_dags/example_short_circuit_operator.py for tasks to queue
[2024-09-06T14:27:47.335+0000] {logging_mixin.py:190} INFO - [2024-09-06T14:27:47.335+0000] {dagbag.py:587} INFO - Filling up the DagBag from /home/airflow/.local/lib/python3.12/site-packages/airflow/example_dags/example_short_circuit_operator.py
[2024-09-06T14:27:47.342+0000] {processor.py:925} INFO - DAG(s) 'example_short_circuit_operator' retrieved from /home/airflow/.local/lib/python3.12/site-packages/airflow/example_dags/example_short_circuit_operator.py
[2024-09-06T14:27:47.363+0000] {logging_mixin.py:190} INFO - [2024-09-06T14:27:47.362+0000] {dag.py:3229} INFO - Sync 1 DAGs
[2024-09-06T14:27:47.374+0000] {logging_mixin.py:190} INFO - [2024-09-06T14:27:47.374+0000] {dag.py:4156} INFO - Setting next_dagrun for example_short_circuit_operator to None, run_after=None
[2024-09-06T14:27:47.391+0000] {processor.py:208} INFO - Processing /home/airflow/.local/lib/python3.12/site-packages/airflow/example_dags/example_short_circuit_operator.py took 0.064 seconds
[2024-09-06T14:28:17.641+0000] {processor.py:186} INFO - Started process (PID=827) to work on /home/airflow/.local/lib/python3.12/site-packages/airflow/example_dags/example_short_circuit_operator.py
[2024-09-06T14:28:17.642+0000] {processor.py:914} INFO - Processing file /home/airflow/.local/lib/python3.12/site-packages/airflow/example_dags/example_short_circuit_operator.py for tasks to queue
[2024-09-06T14:28:17.644+0000] {logging_mixin.py:190} INFO - [2024-09-06T14:28:17.644+0000] {dagbag.py:587} INFO - Filling up the DagBag from /home/airflow/.local/lib/python3.12/site-packages/airflow/example_dags/example_short_circuit_operator.py
[2024-09-06T14:28:17.651+0000] {processor.py:925} INFO - DAG(s) 'example_short_circuit_operator' retrieved from /home/airflow/.local/lib/python3.12/site-packages/airflow/example_dags/example_short_circuit_operator.py
[2024-09-06T14:28:17.671+0000] {logging_mixin.py:190} INFO - [2024-09-06T14:28:17.671+0000] {dag.py:3229} INFO - Sync 1 DAGs
[2024-09-06T14:28:17.683+0000] {logging_mixin.py:190} INFO - [2024-09-06T14:28:17.682+0000] {dag.py:4156} INFO - Setting next_dagrun for example_short_circuit_operator to None, run_after=None
[2024-09-06T14:28:17.702+0000] {processor.py:208} INFO - Processing /home/airflow/.local/lib/python3.12/site-packages/airflow/example_dags/example_short_circuit_operator.py took 0.065 seconds
[2024-09-06T14:28:47.943+0000] {processor.py:186} INFO - Started process (PID=889) to work on /home/airflow/.local/lib/python3.12/site-packages/airflow/example_dags/example_short_circuit_operator.py
[2024-09-06T14:28:47.944+0000] {processor.py:914} INFO - Processing file /home/airflow/.local/lib/python3.12/site-packages/airflow/example_dags/example_short_circuit_operator.py for tasks to queue
[2024-09-06T14:28:47.946+0000] {logging_mixin.py:190} INFO - [2024-09-06T14:28:47.946+0000] {dagbag.py:587} INFO - Filling up the DagBag from /home/airflow/.local/lib/python3.12/site-packages/airflow/example_dags/example_short_circuit_operator.py
[2024-09-06T14:28:47.953+0000] {processor.py:925} INFO - DAG(s) 'example_short_circuit_operator' retrieved from /home/airflow/.local/lib/python3.12/site-packages/airflow/example_dags/example_short_circuit_operator.py
[2024-09-06T14:28:47.974+0000] {logging_mixin.py:190} INFO - [2024-09-06T14:28:47.974+0000] {dag.py:3229} INFO - Sync 1 DAGs
[2024-09-06T14:28:47.986+0000] {logging_mixin.py:190} INFO - [2024-09-06T14:28:47.986+0000] {dag.py:4156} INFO - Setting next_dagrun for example_short_circuit_operator to None, run_after=None
[2024-09-06T14:28:48.006+0000] {processor.py:208} INFO - Processing /home/airflow/.local/lib/python3.12/site-packages/airflow/example_dags/example_short_circuit_operator.py took 0.067 seconds
[2024-09-06T14:29:18.109+0000] {processor.py:186} INFO - Started process (PID=951) to work on /home/airflow/.local/lib/python3.12/site-packages/airflow/example_dags/example_short_circuit_operator.py
[2024-09-06T14:29:18.110+0000] {processor.py:914} INFO - Processing file /home/airflow/.local/lib/python3.12/site-packages/airflow/example_dags/example_short_circuit_operator.py for tasks to queue
[2024-09-06T14:29:18.112+0000] {logging_mixin.py:190} INFO - [2024-09-06T14:29:18.112+0000] {dagbag.py:587} INFO - Filling up the DagBag from /home/airflow/.local/lib/python3.12/site-packages/airflow/example_dags/example_short_circuit_operator.py
[2024-09-06T14:29:18.119+0000] {processor.py:925} INFO - DAG(s) 'example_short_circuit_operator' retrieved from /home/airflow/.local/lib/python3.12/site-packages/airflow/example_dags/example_short_circuit_operator.py
[2024-09-06T14:29:18.142+0000] {logging_mixin.py:190} INFO - [2024-09-06T14:29:18.141+0000] {dag.py:3229} INFO - Sync 1 DAGs
[2024-09-06T14:29:18.155+0000] {logging_mixin.py:190} INFO - [2024-09-06T14:29:18.155+0000] {dag.py:4156} INFO - Setting next_dagrun for example_short_circuit_operator to None, run_after=None
[2024-09-06T14:29:18.174+0000] {processor.py:208} INFO - Processing /home/airflow/.local/lib/python3.12/site-packages/airflow/example_dags/example_short_circuit_operator.py took 0.071 seconds
[2024-09-06T14:29:49.030+0000] {processor.py:186} INFO - Started process (PID=1014) to work on /home/airflow/.local/lib/python3.12/site-packages/airflow/example_dags/example_short_circuit_operator.py
[2024-09-06T14:29:49.031+0000] {processor.py:914} INFO - Processing file /home/airflow/.local/lib/python3.12/site-packages/airflow/example_dags/example_short_circuit_operator.py for tasks to queue
[2024-09-06T14:29:49.035+0000] {logging_mixin.py:190} INFO - [2024-09-06T14:29:49.035+0000] {dagbag.py:587} INFO - Filling up the DagBag from /home/airflow/.local/lib/python3.12/site-packages/airflow/example_dags/example_short_circuit_operator.py
[2024-09-06T14:29:49.045+0000] {processor.py:925} INFO - DAG(s) 'example_short_circuit_operator' retrieved from /home/airflow/.local/lib/python3.12/site-packages/airflow/example_dags/example_short_circuit_operator.py
[2024-09-06T14:29:49.066+0000] {logging_mixin.py:190} INFO - [2024-09-06T14:29:49.066+0000] {dag.py:3229} INFO - Sync 1 DAGs
[2024-09-06T14:29:49.081+0000] {logging_mixin.py:190} INFO - [2024-09-06T14:29:49.081+0000] {dag.py:4156} INFO - Setting next_dagrun for example_short_circuit_operator to None, run_after=None
[2024-09-06T14:29:49.102+0000] {processor.py:208} INFO - Processing /home/airflow/.local/lib/python3.12/site-packages/airflow/example_dags/example_short_circuit_operator.py took 0.078 seconds
[2024-09-06T14:30:19.173+0000] {processor.py:186} INFO - Started process (PID=1075) to work on /home/airflow/.local/lib/python3.12/site-packages/airflow/example_dags/example_short_circuit_operator.py
[2024-09-06T14:30:19.174+0000] {processor.py:914} INFO - Processing file /home/airflow/.local/lib/python3.12/site-packages/airflow/example_dags/example_short_circuit_operator.py for tasks to queue
[2024-09-06T14:30:19.181+0000] {logging_mixin.py:190} INFO - [2024-09-06T14:30:19.181+0000] {dagbag.py:587} INFO - Filling up the DagBag from /home/airflow/.local/lib/python3.12/site-packages/airflow/example_dags/example_short_circuit_operator.py
[2024-09-06T14:30:19.191+0000] {processor.py:925} INFO - DAG(s) 'example_short_circuit_operator' retrieved from /home/airflow/.local/lib/python3.12/site-packages/airflow/example_dags/example_short_circuit_operator.py
[2024-09-06T14:30:19.210+0000] {logging_mixin.py:190} INFO - [2024-09-06T14:30:19.210+0000] {dag.py:3229} INFO - Sync 1 DAGs
[2024-09-06T14:30:19.221+0000] {logging_mixin.py:190} INFO - [2024-09-06T14:30:19.221+0000] {dag.py:4156} INFO - Setting next_dagrun for example_short_circuit_operator to None, run_after=None
[2024-09-06T14:30:19.240+0000] {processor.py:208} INFO - Processing /home/airflow/.local/lib/python3.12/site-packages/airflow/example_dags/example_short_circuit_operator.py took 0.072 seconds
[2024-09-06T14:30:49.337+0000] {processor.py:186} INFO - Started process (PID=1137) to work on /home/airflow/.local/lib/python3.12/site-packages/airflow/example_dags/example_short_circuit_operator.py
[2024-09-06T14:30:49.338+0000] {processor.py:914} INFO - Processing file /home/airflow/.local/lib/python3.12/site-packages/airflow/example_dags/example_short_circuit_operator.py for tasks to queue
[2024-09-06T14:30:49.340+0000] {logging_mixin.py:190} INFO - [2024-09-06T14:30:49.340+0000] {dagbag.py:587} INFO - Filling up the DagBag from /home/airflow/.local/lib/python3.12/site-packages/airflow/example_dags/example_short_circuit_operator.py
[2024-09-06T14:30:49.347+0000] {processor.py:925} INFO - DAG(s) 'example_short_circuit_operator' retrieved from /home/airflow/.local/lib/python3.12/site-packages/airflow/example_dags/example_short_circuit_operator.py
[2024-09-06T14:30:49.367+0000] {logging_mixin.py:190} INFO - [2024-09-06T14:30:49.366+0000] {dag.py:3229} INFO - Sync 1 DAGs
[2024-09-06T14:30:49.378+0000] {logging_mixin.py:190} INFO - [2024-09-06T14:30:49.378+0000] {dag.py:4156} INFO - Setting next_dagrun for example_short_circuit_operator to None, run_after=None
[2024-09-06T14:30:49.395+0000] {processor.py:208} INFO - Processing /home/airflow/.local/lib/python3.12/site-packages/airflow/example_dags/example_short_circuit_operator.py took 0.062 seconds
[2024-09-06T14:31:20.027+0000] {processor.py:186} INFO - Started process (PID=1200) to work on /home/airflow/.local/lib/python3.12/site-packages/airflow/example_dags/example_short_circuit_operator.py
[2024-09-06T14:31:20.028+0000] {processor.py:914} INFO - Processing file /home/airflow/.local/lib/python3.12/site-packages/airflow/example_dags/example_short_circuit_operator.py for tasks to queue
[2024-09-06T14:31:20.030+0000] {logging_mixin.py:190} INFO - [2024-09-06T14:31:20.030+0000] {dagbag.py:587} INFO - Filling up the DagBag from /home/airflow/.local/lib/python3.12/site-packages/airflow/example_dags/example_short_circuit_operator.py
[2024-09-06T14:31:20.039+0000] {processor.py:925} INFO - DAG(s) 'example_short_circuit_operator' retrieved from /home/airflow/.local/lib/python3.12/site-packages/airflow/example_dags/example_short_circuit_operator.py
[2024-09-06T14:31:20.062+0000] {logging_mixin.py:190} INFO - [2024-09-06T14:31:20.062+0000] {dag.py:3229} INFO - Sync 1 DAGs
[2024-09-06T14:31:20.081+0000] {logging_mixin.py:190} INFO - [2024-09-06T14:31:20.080+0000] {dag.py:4156} INFO - Setting next_dagrun for example_short_circuit_operator to None, run_after=None
[2024-09-06T14:31:20.104+0000] {processor.py:208} INFO - Processing /home/airflow/.local/lib/python3.12/site-packages/airflow/example_dags/example_short_circuit_operator.py took 0.082 seconds
[2024-09-06T14:31:50.486+0000] {processor.py:186} INFO - Started process (PID=1262) to work on /home/airflow/.local/lib/python3.12/site-packages/airflow/example_dags/example_short_circuit_operator.py
[2024-09-06T14:31:50.487+0000] {processor.py:914} INFO - Processing file /home/airflow/.local/lib/python3.12/site-packages/airflow/example_dags/example_short_circuit_operator.py for tasks to queue
[2024-09-06T14:31:50.489+0000] {logging_mixin.py:190} INFO - [2024-09-06T14:31:50.489+0000] {dagbag.py:587} INFO - Filling up the DagBag from /home/airflow/.local/lib/python3.12/site-packages/airflow/example_dags/example_short_circuit_operator.py
[2024-09-06T14:31:50.497+0000] {processor.py:925} INFO - DAG(s) 'example_short_circuit_operator' retrieved from /home/airflow/.local/lib/python3.12/site-packages/airflow/example_dags/example_short_circuit_operator.py
[2024-09-06T14:31:50.530+0000] {logging_mixin.py:190} INFO - [2024-09-06T14:31:50.530+0000] {dag.py:3229} INFO - Sync 1 DAGs
[2024-09-06T14:31:50.553+0000] {logging_mixin.py:190} INFO - [2024-09-06T14:31:50.552+0000] {dag.py:4156} INFO - Setting next_dagrun for example_short_circuit_operator to None, run_after=None
[2024-09-06T14:31:50.579+0000] {processor.py:208} INFO - Processing /home/airflow/.local/lib/python3.12/site-packages/airflow/example_dags/example_short_circuit_operator.py took 0.101 seconds
[2024-09-06T14:32:21.211+0000] {processor.py:186} INFO - Started process (PID=1324) to work on /home/airflow/.local/lib/python3.12/site-packages/airflow/example_dags/example_short_circuit_operator.py
[2024-09-06T14:32:21.212+0000] {processor.py:914} INFO - Processing file /home/airflow/.local/lib/python3.12/site-packages/airflow/example_dags/example_short_circuit_operator.py for tasks to queue
[2024-09-06T14:32:21.214+0000] {logging_mixin.py:190} INFO - [2024-09-06T14:32:21.214+0000] {dagbag.py:587} INFO - Filling up the DagBag from /home/airflow/.local/lib/python3.12/site-packages/airflow/example_dags/example_short_circuit_operator.py
[2024-09-06T14:32:21.222+0000] {processor.py:925} INFO - DAG(s) 'example_short_circuit_operator' retrieved from /home/airflow/.local/lib/python3.12/site-packages/airflow/example_dags/example_short_circuit_operator.py
[2024-09-06T14:32:21.245+0000] {logging_mixin.py:190} INFO - [2024-09-06T14:32:21.245+0000] {dag.py:3229} INFO - Sync 1 DAGs
[2024-09-06T14:32:21.258+0000] {logging_mixin.py:190} INFO - [2024-09-06T14:32:21.257+0000] {dag.py:4156} INFO - Setting next_dagrun for example_short_circuit_operator to None, run_after=None
[2024-09-06T14:32:21.280+0000] {processor.py:208} INFO - Processing /home/airflow/.local/lib/python3.12/site-packages/airflow/example_dags/example_short_circuit_operator.py took 0.074 seconds
[2024-09-06T14:32:51.731+0000] {processor.py:186} INFO - Started process (PID=1386) to work on /home/airflow/.local/lib/python3.12/site-packages/airflow/example_dags/example_short_circuit_operator.py
[2024-09-06T14:32:51.732+0000] {processor.py:914} INFO - Processing file /home/airflow/.local/lib/python3.12/site-packages/airflow/example_dags/example_short_circuit_operator.py for tasks to queue
[2024-09-06T14:32:51.735+0000] {logging_mixin.py:190} INFO - [2024-09-06T14:32:51.734+0000] {dagbag.py:587} INFO - Filling up the DagBag from /home/airflow/.local/lib/python3.12/site-packages/airflow/example_dags/example_short_circuit_operator.py
[2024-09-06T14:32:51.742+0000] {processor.py:925} INFO - DAG(s) 'example_short_circuit_operator' retrieved from /home/airflow/.local/lib/python3.12/site-packages/airflow/example_dags/example_short_circuit_operator.py
[2024-09-06T14:32:51.773+0000] {logging_mixin.py:190} INFO - [2024-09-06T14:32:51.772+0000] {dag.py:3229} INFO - Sync 1 DAGs
[2024-09-06T14:32:51.794+0000] {logging_mixin.py:190} INFO - [2024-09-06T14:32:51.794+0000] {dag.py:4156} INFO - Setting next_dagrun for example_short_circuit_operator to None, run_after=None
[2024-09-06T14:32:51.814+0000] {processor.py:208} INFO - Processing /home/airflow/.local/lib/python3.12/site-packages/airflow/example_dags/example_short_circuit_operator.py took 0.087 seconds
[2024-09-06T14:33:22.215+0000] {processor.py:186} INFO - Started process (PID=1448) to work on /home/airflow/.local/lib/python3.12/site-packages/airflow/example_dags/example_short_circuit_operator.py
[2024-09-06T14:33:22.216+0000] {processor.py:914} INFO - Processing file /home/airflow/.local/lib/python3.12/site-packages/airflow/example_dags/example_short_circuit_operator.py for tasks to queue
[2024-09-06T14:33:22.219+0000] {logging_mixin.py:190} INFO - [2024-09-06T14:33:22.219+0000] {dagbag.py:587} INFO - Filling up the DagBag from /home/airflow/.local/lib/python3.12/site-packages/airflow/example_dags/example_short_circuit_operator.py
[2024-09-06T14:33:22.228+0000] {processor.py:925} INFO - DAG(s) 'example_short_circuit_operator' retrieved from /home/airflow/.local/lib/python3.12/site-packages/airflow/example_dags/example_short_circuit_operator.py
[2024-09-06T14:33:22.258+0000] {logging_mixin.py:190} INFO - [2024-09-06T14:33:22.258+0000] {dag.py:3229} INFO - Sync 1 DAGs
[2024-09-06T14:33:22.275+0000] {logging_mixin.py:190} INFO - [2024-09-06T14:33:22.275+0000] {dag.py:4156} INFO - Setting next_dagrun for example_short_circuit_operator to None, run_after=None
[2024-09-06T14:33:22.300+0000] {processor.py:208} INFO - Processing /home/airflow/.local/lib/python3.12/site-packages/airflow/example_dags/example_short_circuit_operator.py took 0.089 seconds
[2024-09-06T14:33:52.759+0000] {processor.py:186} INFO - Started process (PID=1510) to work on /home/airflow/.local/lib/python3.12/site-packages/airflow/example_dags/example_short_circuit_operator.py
[2024-09-06T14:33:52.761+0000] {processor.py:914} INFO - Processing file /home/airflow/.local/lib/python3.12/site-packages/airflow/example_dags/example_short_circuit_operator.py for tasks to queue
[2024-09-06T14:33:52.771+0000] {logging_mixin.py:190} INFO - [2024-09-06T14:33:52.771+0000] {dagbag.py:587} INFO - Filling up the DagBag from /home/airflow/.local/lib/python3.12/site-packages/airflow/example_dags/example_short_circuit_operator.py
[2024-09-06T14:33:52.780+0000] {processor.py:925} INFO - DAG(s) 'example_short_circuit_operator' retrieved from /home/airflow/.local/lib/python3.12/site-packages/airflow/example_dags/example_short_circuit_operator.py
[2024-09-06T14:33:52.808+0000] {logging_mixin.py:190} INFO - [2024-09-06T14:33:52.808+0000] {dag.py:3229} INFO - Sync 1 DAGs
[2024-09-06T14:33:52.824+0000] {logging_mixin.py:190} INFO - [2024-09-06T14:33:52.824+0000] {dag.py:4156} INFO - Setting next_dagrun for example_short_circuit_operator to None, run_after=None
[2024-09-06T14:33:52.842+0000] {processor.py:208} INFO - Processing /home/airflow/.local/lib/python3.12/site-packages/airflow/example_dags/example_short_circuit_operator.py took 0.090 seconds
