[2024-09-06T14:22:19.075+0000] {processor.py:186} INFO - Started process (PID=116) to work on /home/airflow/.local/lib/python3.12/site-packages/airflow/example_dags/example_time_delta_sensor_async.py
[2024-09-06T14:22:19.076+0000] {processor.py:914} INFO - Processing file /home/airflow/.local/lib/python3.12/site-packages/airflow/example_dags/example_time_delta_sensor_async.py for tasks to queue
[2024-09-06T14:22:19.079+0000] {logging_mixin.py:190} INFO - [2024-09-06T14:22:19.079+0000] {dagbag.py:587} INFO - Filling up the DagBag from /home/airflow/.local/lib/python3.12/site-packages/airflow/example_dags/example_time_delta_sensor_async.py
[2024-09-06T14:22:19.089+0000] {processor.py:925} INFO - DAG(s) 'example_time_delta_sensor_async' retrieved from /home/airflow/.local/lib/python3.12/site-packages/airflow/example_dags/example_time_delta_sensor_async.py
[2024-09-06T14:22:19.252+0000] {logging_mixin.py:190} INFO - [2024-09-06T14:22:19.251+0000] {override.py:1900} INFO - Created Permission View: can read on DAG:example_time_delta_sensor_async
[2024-09-06T14:22:19.268+0000] {logging_mixin.py:190} INFO - [2024-09-06T14:22:19.268+0000] {override.py:1900} INFO - Created Permission View: can delete on DAG:example_time_delta_sensor_async
[2024-09-06T14:22:19.277+0000] {logging_mixin.py:190} INFO - [2024-09-06T14:22:19.276+0000] {override.py:1900} INFO - Created Permission View: can edit on DAG:example_time_delta_sensor_async
[2024-09-06T14:22:19.286+0000] {logging_mixin.py:190} INFO - [2024-09-06T14:22:19.286+0000] {override.py:1900} INFO - Created Permission View: can read on DAG Run:example_time_delta_sensor_async
[2024-09-06T14:22:19.293+0000] {logging_mixin.py:190} INFO - [2024-09-06T14:22:19.293+0000] {override.py:1900} INFO - Created Permission View: can delete on DAG Run:example_time_delta_sensor_async
[2024-09-06T14:22:19.302+0000] {logging_mixin.py:190} INFO - [2024-09-06T14:22:19.302+0000] {override.py:1900} INFO - Created Permission View: menu access on DAG Run:example_time_delta_sensor_async
[2024-09-06T14:22:19.311+0000] {logging_mixin.py:190} INFO - [2024-09-06T14:22:19.310+0000] {override.py:1900} INFO - Created Permission View: can create on DAG Run:example_time_delta_sensor_async
[2024-09-06T14:22:19.312+0000] {logging_mixin.py:190} INFO - [2024-09-06T14:22:19.311+0000] {dag.py:3229} INFO - Sync 1 DAGs
[2024-09-06T14:22:19.325+0000] {logging_mixin.py:190} INFO - [2024-09-06T14:22:19.325+0000] {dag.py:3252} INFO - Creating ORM DAG for example_time_delta_sensor_async
[2024-09-06T14:22:19.326+0000] {logging_mixin.py:190} INFO - [2024-09-06T14:22:19.326+0000] {dag.py:4156} INFO - Setting next_dagrun for example_time_delta_sensor_async to None, run_after=None
[2024-09-06T14:22:19.344+0000] {processor.py:208} INFO - Processing /home/airflow/.local/lib/python3.12/site-packages/airflow/example_dags/example_time_delta_sensor_async.py took 0.276 seconds
[2024-09-06T14:22:49.428+0000] {processor.py:186} INFO - Started process (PID=178) to work on /home/airflow/.local/lib/python3.12/site-packages/airflow/example_dags/example_time_delta_sensor_async.py
[2024-09-06T14:22:49.429+0000] {processor.py:914} INFO - Processing file /home/airflow/.local/lib/python3.12/site-packages/airflow/example_dags/example_time_delta_sensor_async.py for tasks to queue
[2024-09-06T14:22:49.431+0000] {logging_mixin.py:190} INFO - [2024-09-06T14:22:49.430+0000] {dagbag.py:587} INFO - Filling up the DagBag from /home/airflow/.local/lib/python3.12/site-packages/airflow/example_dags/example_time_delta_sensor_async.py
[2024-09-06T14:22:49.436+0000] {processor.py:925} INFO - DAG(s) 'example_time_delta_sensor_async' retrieved from /home/airflow/.local/lib/python3.12/site-packages/airflow/example_dags/example_time_delta_sensor_async.py
[2024-09-06T14:22:49.453+0000] {logging_mixin.py:190} INFO - [2024-09-06T14:22:49.453+0000] {dag.py:3229} INFO - Sync 1 DAGs
[2024-09-06T14:22:49.465+0000] {logging_mixin.py:190} INFO - [2024-09-06T14:22:49.465+0000] {dag.py:4156} INFO - Setting next_dagrun for example_time_delta_sensor_async to None, run_after=None
[2024-09-06T14:22:49.480+0000] {processor.py:208} INFO - Processing /home/airflow/.local/lib/python3.12/site-packages/airflow/example_dags/example_time_delta_sensor_async.py took 0.057 seconds
[2024-09-06T14:23:19.690+0000] {processor.py:186} INFO - Started process (PID=240) to work on /home/airflow/.local/lib/python3.12/site-packages/airflow/example_dags/example_time_delta_sensor_async.py
[2024-09-06T14:23:19.692+0000] {processor.py:914} INFO - Processing file /home/airflow/.local/lib/python3.12/site-packages/airflow/example_dags/example_time_delta_sensor_async.py for tasks to queue
[2024-09-06T14:23:19.696+0000] {logging_mixin.py:190} INFO - [2024-09-06T14:23:19.695+0000] {dagbag.py:587} INFO - Filling up the DagBag from /home/airflow/.local/lib/python3.12/site-packages/airflow/example_dags/example_time_delta_sensor_async.py
[2024-09-06T14:23:19.704+0000] {processor.py:925} INFO - DAG(s) 'example_time_delta_sensor_async' retrieved from /home/airflow/.local/lib/python3.12/site-packages/airflow/example_dags/example_time_delta_sensor_async.py
[2024-09-06T14:23:19.723+0000] {logging_mixin.py:190} INFO - [2024-09-06T14:23:19.723+0000] {dag.py:3229} INFO - Sync 1 DAGs
[2024-09-06T14:23:19.735+0000] {logging_mixin.py:190} INFO - [2024-09-06T14:23:19.734+0000] {dag.py:4156} INFO - Setting next_dagrun for example_time_delta_sensor_async to None, run_after=None
[2024-09-06T14:23:19.749+0000] {processor.py:208} INFO - Processing /home/airflow/.local/lib/python3.12/site-packages/airflow/example_dags/example_time_delta_sensor_async.py took 0.067 seconds
[2024-09-06T14:23:50.176+0000] {processor.py:186} INFO - Started process (PID=302) to work on /home/airflow/.local/lib/python3.12/site-packages/airflow/example_dags/example_time_delta_sensor_async.py
[2024-09-06T14:23:50.177+0000] {processor.py:914} INFO - Processing file /home/airflow/.local/lib/python3.12/site-packages/airflow/example_dags/example_time_delta_sensor_async.py for tasks to queue
[2024-09-06T14:23:50.179+0000] {logging_mixin.py:190} INFO - [2024-09-06T14:23:50.178+0000] {dagbag.py:587} INFO - Filling up the DagBag from /home/airflow/.local/lib/python3.12/site-packages/airflow/example_dags/example_time_delta_sensor_async.py
[2024-09-06T14:23:50.184+0000] {processor.py:925} INFO - DAG(s) 'example_time_delta_sensor_async' retrieved from /home/airflow/.local/lib/python3.12/site-packages/airflow/example_dags/example_time_delta_sensor_async.py
[2024-09-06T14:23:50.200+0000] {logging_mixin.py:190} INFO - [2024-09-06T14:23:50.200+0000] {dag.py:3229} INFO - Sync 1 DAGs
[2024-09-06T14:23:50.213+0000] {logging_mixin.py:190} INFO - [2024-09-06T14:23:50.212+0000] {dag.py:4156} INFO - Setting next_dagrun for example_time_delta_sensor_async to None, run_after=None
[2024-09-06T14:23:50.230+0000] {processor.py:208} INFO - Processing /home/airflow/.local/lib/python3.12/site-packages/airflow/example_dags/example_time_delta_sensor_async.py took 0.060 seconds
[2024-09-06T14:24:20.578+0000] {processor.py:186} INFO - Started process (PID=364) to work on /home/airflow/.local/lib/python3.12/site-packages/airflow/example_dags/example_time_delta_sensor_async.py
[2024-09-06T14:24:20.579+0000] {processor.py:914} INFO - Processing file /home/airflow/.local/lib/python3.12/site-packages/airflow/example_dags/example_time_delta_sensor_async.py for tasks to queue
[2024-09-06T14:24:20.581+0000] {logging_mixin.py:190} INFO - [2024-09-06T14:24:20.580+0000] {dagbag.py:587} INFO - Filling up the DagBag from /home/airflow/.local/lib/python3.12/site-packages/airflow/example_dags/example_time_delta_sensor_async.py
[2024-09-06T14:24:20.586+0000] {processor.py:925} INFO - DAG(s) 'example_time_delta_sensor_async' retrieved from /home/airflow/.local/lib/python3.12/site-packages/airflow/example_dags/example_time_delta_sensor_async.py
[2024-09-06T14:24:20.603+0000] {logging_mixin.py:190} INFO - [2024-09-06T14:24:20.603+0000] {dag.py:3229} INFO - Sync 1 DAGs
[2024-09-06T14:24:20.614+0000] {logging_mixin.py:190} INFO - [2024-09-06T14:24:20.614+0000] {dag.py:4156} INFO - Setting next_dagrun for example_time_delta_sensor_async to None, run_after=None
[2024-09-06T14:24:20.631+0000] {processor.py:208} INFO - Processing /home/airflow/.local/lib/python3.12/site-packages/airflow/example_dags/example_time_delta_sensor_async.py took 0.058 seconds
[2024-09-06T14:24:50.925+0000] {processor.py:186} INFO - Started process (PID=426) to work on /home/airflow/.local/lib/python3.12/site-packages/airflow/example_dags/example_time_delta_sensor_async.py
[2024-09-06T14:24:50.926+0000] {processor.py:914} INFO - Processing file /home/airflow/.local/lib/python3.12/site-packages/airflow/example_dags/example_time_delta_sensor_async.py for tasks to queue
[2024-09-06T14:24:50.928+0000] {logging_mixin.py:190} INFO - [2024-09-06T14:24:50.928+0000] {dagbag.py:587} INFO - Filling up the DagBag from /home/airflow/.local/lib/python3.12/site-packages/airflow/example_dags/example_time_delta_sensor_async.py
[2024-09-06T14:24:50.934+0000] {processor.py:925} INFO - DAG(s) 'example_time_delta_sensor_async' retrieved from /home/airflow/.local/lib/python3.12/site-packages/airflow/example_dags/example_time_delta_sensor_async.py
[2024-09-06T14:24:50.952+0000] {logging_mixin.py:190} INFO - [2024-09-06T14:24:50.951+0000] {dag.py:3229} INFO - Sync 1 DAGs
[2024-09-06T14:24:50.965+0000] {logging_mixin.py:190} INFO - [2024-09-06T14:24:50.964+0000] {dag.py:4156} INFO - Setting next_dagrun for example_time_delta_sensor_async to None, run_after=None
[2024-09-06T14:24:50.982+0000] {processor.py:208} INFO - Processing /home/airflow/.local/lib/python3.12/site-packages/airflow/example_dags/example_time_delta_sensor_async.py took 0.062 seconds
[2024-09-06T14:25:21.324+0000] {processor.py:186} INFO - Started process (PID=489) to work on /home/airflow/.local/lib/python3.12/site-packages/airflow/example_dags/example_time_delta_sensor_async.py
[2024-09-06T14:25:21.325+0000] {processor.py:914} INFO - Processing file /home/airflow/.local/lib/python3.12/site-packages/airflow/example_dags/example_time_delta_sensor_async.py for tasks to queue
[2024-09-06T14:25:21.327+0000] {logging_mixin.py:190} INFO - [2024-09-06T14:25:21.327+0000] {dagbag.py:587} INFO - Filling up the DagBag from /home/airflow/.local/lib/python3.12/site-packages/airflow/example_dags/example_time_delta_sensor_async.py
[2024-09-06T14:25:21.333+0000] {processor.py:925} INFO - DAG(s) 'example_time_delta_sensor_async' retrieved from /home/airflow/.local/lib/python3.12/site-packages/airflow/example_dags/example_time_delta_sensor_async.py
[2024-09-06T14:25:21.351+0000] {logging_mixin.py:190} INFO - [2024-09-06T14:25:21.351+0000] {dag.py:3229} INFO - Sync 1 DAGs
[2024-09-06T14:25:21.363+0000] {logging_mixin.py:190} INFO - [2024-09-06T14:25:21.363+0000] {dag.py:4156} INFO - Setting next_dagrun for example_time_delta_sensor_async to None, run_after=None
[2024-09-06T14:25:21.382+0000] {processor.py:208} INFO - Processing /home/airflow/.local/lib/python3.12/site-packages/airflow/example_dags/example_time_delta_sensor_async.py took 0.062 seconds
[2024-09-06T14:25:51.534+0000] {processor.py:186} INFO - Started process (PID=550) to work on /home/airflow/.local/lib/python3.12/site-packages/airflow/example_dags/example_time_delta_sensor_async.py
[2024-09-06T14:25:51.534+0000] {processor.py:914} INFO - Processing file /home/airflow/.local/lib/python3.12/site-packages/airflow/example_dags/example_time_delta_sensor_async.py for tasks to queue
[2024-09-06T14:25:51.536+0000] {logging_mixin.py:190} INFO - [2024-09-06T14:25:51.536+0000] {dagbag.py:587} INFO - Filling up the DagBag from /home/airflow/.local/lib/python3.12/site-packages/airflow/example_dags/example_time_delta_sensor_async.py
[2024-09-06T14:25:51.542+0000] {processor.py:925} INFO - DAG(s) 'example_time_delta_sensor_async' retrieved from /home/airflow/.local/lib/python3.12/site-packages/airflow/example_dags/example_time_delta_sensor_async.py
[2024-09-06T14:25:51.559+0000] {logging_mixin.py:190} INFO - [2024-09-06T14:25:51.558+0000] {dag.py:3229} INFO - Sync 1 DAGs
[2024-09-06T14:25:51.574+0000] {logging_mixin.py:190} INFO - [2024-09-06T14:25:51.574+0000] {dag.py:4156} INFO - Setting next_dagrun for example_time_delta_sensor_async to None, run_after=None
[2024-09-06T14:25:51.593+0000] {processor.py:208} INFO - Processing /home/airflow/.local/lib/python3.12/site-packages/airflow/example_dags/example_time_delta_sensor_async.py took 0.065 seconds
[2024-09-06T14:26:21.828+0000] {processor.py:186} INFO - Started process (PID=612) to work on /home/airflow/.local/lib/python3.12/site-packages/airflow/example_dags/example_time_delta_sensor_async.py
[2024-09-06T14:26:21.829+0000] {processor.py:914} INFO - Processing file /home/airflow/.local/lib/python3.12/site-packages/airflow/example_dags/example_time_delta_sensor_async.py for tasks to queue
[2024-09-06T14:26:21.831+0000] {logging_mixin.py:190} INFO - [2024-09-06T14:26:21.831+0000] {dagbag.py:587} INFO - Filling up the DagBag from /home/airflow/.local/lib/python3.12/site-packages/airflow/example_dags/example_time_delta_sensor_async.py
[2024-09-06T14:26:21.837+0000] {processor.py:925} INFO - DAG(s) 'example_time_delta_sensor_async' retrieved from /home/airflow/.local/lib/python3.12/site-packages/airflow/example_dags/example_time_delta_sensor_async.py
[2024-09-06T14:26:21.853+0000] {logging_mixin.py:190} INFO - [2024-09-06T14:26:21.853+0000] {dag.py:3229} INFO - Sync 1 DAGs
[2024-09-06T14:26:21.864+0000] {logging_mixin.py:190} INFO - [2024-09-06T14:26:21.864+0000] {dag.py:4156} INFO - Setting next_dagrun for example_time_delta_sensor_async to None, run_after=None
[2024-09-06T14:26:21.882+0000] {processor.py:208} INFO - Processing /home/airflow/.local/lib/python3.12/site-packages/airflow/example_dags/example_time_delta_sensor_async.py took 0.059 seconds
[2024-09-06T14:26:51.985+0000] {processor.py:186} INFO - Started process (PID=674) to work on /home/airflow/.local/lib/python3.12/site-packages/airflow/example_dags/example_time_delta_sensor_async.py
[2024-09-06T14:26:51.986+0000] {processor.py:914} INFO - Processing file /home/airflow/.local/lib/python3.12/site-packages/airflow/example_dags/example_time_delta_sensor_async.py for tasks to queue
[2024-09-06T14:26:51.987+0000] {logging_mixin.py:190} INFO - [2024-09-06T14:26:51.987+0000] {dagbag.py:587} INFO - Filling up the DagBag from /home/airflow/.local/lib/python3.12/site-packages/airflow/example_dags/example_time_delta_sensor_async.py
[2024-09-06T14:26:51.993+0000] {processor.py:925} INFO - DAG(s) 'example_time_delta_sensor_async' retrieved from /home/airflow/.local/lib/python3.12/site-packages/airflow/example_dags/example_time_delta_sensor_async.py
[2024-09-06T14:26:52.010+0000] {logging_mixin.py:190} INFO - [2024-09-06T14:26:52.010+0000] {dag.py:3229} INFO - Sync 1 DAGs
[2024-09-06T14:26:52.023+0000] {logging_mixin.py:190} INFO - [2024-09-06T14:26:52.022+0000] {dag.py:4156} INFO - Setting next_dagrun for example_time_delta_sensor_async to None, run_after=None
[2024-09-06T14:26:52.041+0000] {processor.py:208} INFO - Processing /home/airflow/.local/lib/python3.12/site-packages/airflow/example_dags/example_time_delta_sensor_async.py took 0.061 seconds
[2024-09-06T14:27:22.236+0000] {processor.py:186} INFO - Started process (PID=736) to work on /home/airflow/.local/lib/python3.12/site-packages/airflow/example_dags/example_time_delta_sensor_async.py
[2024-09-06T14:27:22.237+0000] {processor.py:914} INFO - Processing file /home/airflow/.local/lib/python3.12/site-packages/airflow/example_dags/example_time_delta_sensor_async.py for tasks to queue
[2024-09-06T14:27:22.240+0000] {logging_mixin.py:190} INFO - [2024-09-06T14:27:22.240+0000] {dagbag.py:587} INFO - Filling up the DagBag from /home/airflow/.local/lib/python3.12/site-packages/airflow/example_dags/example_time_delta_sensor_async.py
[2024-09-06T14:27:22.246+0000] {processor.py:925} INFO - DAG(s) 'example_time_delta_sensor_async' retrieved from /home/airflow/.local/lib/python3.12/site-packages/airflow/example_dags/example_time_delta_sensor_async.py
[2024-09-06T14:27:22.262+0000] {logging_mixin.py:190} INFO - [2024-09-06T14:27:22.261+0000] {dag.py:3229} INFO - Sync 1 DAGs
[2024-09-06T14:27:22.275+0000] {logging_mixin.py:190} INFO - [2024-09-06T14:27:22.274+0000] {dag.py:4156} INFO - Setting next_dagrun for example_time_delta_sensor_async to None, run_after=None
[2024-09-06T14:27:22.291+0000] {processor.py:208} INFO - Processing /home/airflow/.local/lib/python3.12/site-packages/airflow/example_dags/example_time_delta_sensor_async.py took 0.060 seconds
[2024-09-06T14:27:52.517+0000] {processor.py:186} INFO - Started process (PID=798) to work on /home/airflow/.local/lib/python3.12/site-packages/airflow/example_dags/example_time_delta_sensor_async.py
[2024-09-06T14:27:52.518+0000] {processor.py:914} INFO - Processing file /home/airflow/.local/lib/python3.12/site-packages/airflow/example_dags/example_time_delta_sensor_async.py for tasks to queue
[2024-09-06T14:27:52.520+0000] {logging_mixin.py:190} INFO - [2024-09-06T14:27:52.520+0000] {dagbag.py:587} INFO - Filling up the DagBag from /home/airflow/.local/lib/python3.12/site-packages/airflow/example_dags/example_time_delta_sensor_async.py
[2024-09-06T14:27:52.526+0000] {processor.py:925} INFO - DAG(s) 'example_time_delta_sensor_async' retrieved from /home/airflow/.local/lib/python3.12/site-packages/airflow/example_dags/example_time_delta_sensor_async.py
[2024-09-06T14:27:52.542+0000] {logging_mixin.py:190} INFO - [2024-09-06T14:27:52.542+0000] {dag.py:3229} INFO - Sync 1 DAGs
[2024-09-06T14:27:52.554+0000] {logging_mixin.py:190} INFO - [2024-09-06T14:27:52.554+0000] {dag.py:4156} INFO - Setting next_dagrun for example_time_delta_sensor_async to None, run_after=None
[2024-09-06T14:27:52.571+0000] {processor.py:208} INFO - Processing /home/airflow/.local/lib/python3.12/site-packages/airflow/example_dags/example_time_delta_sensor_async.py took 0.059 seconds
[2024-09-06T14:28:22.907+0000] {processor.py:186} INFO - Started process (PID=860) to work on /home/airflow/.local/lib/python3.12/site-packages/airflow/example_dags/example_time_delta_sensor_async.py
[2024-09-06T14:28:22.907+0000] {processor.py:914} INFO - Processing file /home/airflow/.local/lib/python3.12/site-packages/airflow/example_dags/example_time_delta_sensor_async.py for tasks to queue
[2024-09-06T14:28:22.910+0000] {logging_mixin.py:190} INFO - [2024-09-06T14:28:22.910+0000] {dagbag.py:587} INFO - Filling up the DagBag from /home/airflow/.local/lib/python3.12/site-packages/airflow/example_dags/example_time_delta_sensor_async.py
[2024-09-06T14:28:22.916+0000] {processor.py:925} INFO - DAG(s) 'example_time_delta_sensor_async' retrieved from /home/airflow/.local/lib/python3.12/site-packages/airflow/example_dags/example_time_delta_sensor_async.py
[2024-09-06T14:28:22.932+0000] {logging_mixin.py:190} INFO - [2024-09-06T14:28:22.932+0000] {dag.py:3229} INFO - Sync 1 DAGs
[2024-09-06T14:28:22.944+0000] {logging_mixin.py:190} INFO - [2024-09-06T14:28:22.943+0000] {dag.py:4156} INFO - Setting next_dagrun for example_time_delta_sensor_async to None, run_after=None
[2024-09-06T14:28:22.959+0000] {processor.py:208} INFO - Processing /home/airflow/.local/lib/python3.12/site-packages/airflow/example_dags/example_time_delta_sensor_async.py took 0.058 seconds
[2024-09-06T14:28:53.101+0000] {processor.py:186} INFO - Started process (PID=922) to work on /home/airflow/.local/lib/python3.12/site-packages/airflow/example_dags/example_time_delta_sensor_async.py
[2024-09-06T14:28:53.102+0000] {processor.py:914} INFO - Processing file /home/airflow/.local/lib/python3.12/site-packages/airflow/example_dags/example_time_delta_sensor_async.py for tasks to queue
[2024-09-06T14:28:53.106+0000] {logging_mixin.py:190} INFO - [2024-09-06T14:28:53.105+0000] {dagbag.py:587} INFO - Filling up the DagBag from /home/airflow/.local/lib/python3.12/site-packages/airflow/example_dags/example_time_delta_sensor_async.py
[2024-09-06T14:28:53.113+0000] {processor.py:925} INFO - DAG(s) 'example_time_delta_sensor_async' retrieved from /home/airflow/.local/lib/python3.12/site-packages/airflow/example_dags/example_time_delta_sensor_async.py
[2024-09-06T14:28:53.130+0000] {logging_mixin.py:190} INFO - [2024-09-06T14:28:53.130+0000] {dag.py:3229} INFO - Sync 1 DAGs
[2024-09-06T14:28:53.142+0000] {logging_mixin.py:190} INFO - [2024-09-06T14:28:53.142+0000] {dag.py:4156} INFO - Setting next_dagrun for example_time_delta_sensor_async to None, run_after=None
[2024-09-06T14:28:53.162+0000] {processor.py:208} INFO - Processing /home/airflow/.local/lib/python3.12/site-packages/airflow/example_dags/example_time_delta_sensor_async.py took 0.067 seconds
[2024-09-06T14:29:23.954+0000] {processor.py:186} INFO - Started process (PID=984) to work on /home/airflow/.local/lib/python3.12/site-packages/airflow/example_dags/example_time_delta_sensor_async.py
[2024-09-06T14:29:23.955+0000] {processor.py:914} INFO - Processing file /home/airflow/.local/lib/python3.12/site-packages/airflow/example_dags/example_time_delta_sensor_async.py for tasks to queue
[2024-09-06T14:29:23.957+0000] {logging_mixin.py:190} INFO - [2024-09-06T14:29:23.957+0000] {dagbag.py:587} INFO - Filling up the DagBag from /home/airflow/.local/lib/python3.12/site-packages/airflow/example_dags/example_time_delta_sensor_async.py
[2024-09-06T14:29:23.962+0000] {processor.py:925} INFO - DAG(s) 'example_time_delta_sensor_async' retrieved from /home/airflow/.local/lib/python3.12/site-packages/airflow/example_dags/example_time_delta_sensor_async.py
[2024-09-06T14:29:23.979+0000] {logging_mixin.py:190} INFO - [2024-09-06T14:29:23.979+0000] {dag.py:3229} INFO - Sync 1 DAGs
[2024-09-06T14:29:23.991+0000] {logging_mixin.py:190} INFO - [2024-09-06T14:29:23.991+0000] {dag.py:4156} INFO - Setting next_dagrun for example_time_delta_sensor_async to None, run_after=None
[2024-09-06T14:29:24.009+0000] {processor.py:208} INFO - Processing /home/airflow/.local/lib/python3.12/site-packages/airflow/example_dags/example_time_delta_sensor_async.py took 0.060 seconds
[2024-09-06T14:29:54.899+0000] {processor.py:186} INFO - Started process (PID=1046) to work on /home/airflow/.local/lib/python3.12/site-packages/airflow/example_dags/example_time_delta_sensor_async.py
[2024-09-06T14:29:54.900+0000] {processor.py:914} INFO - Processing file /home/airflow/.local/lib/python3.12/site-packages/airflow/example_dags/example_time_delta_sensor_async.py for tasks to queue
[2024-09-06T14:29:54.902+0000] {logging_mixin.py:190} INFO - [2024-09-06T14:29:54.902+0000] {dagbag.py:587} INFO - Filling up the DagBag from /home/airflow/.local/lib/python3.12/site-packages/airflow/example_dags/example_time_delta_sensor_async.py
[2024-09-06T14:29:54.912+0000] {processor.py:925} INFO - DAG(s) 'example_time_delta_sensor_async' retrieved from /home/airflow/.local/lib/python3.12/site-packages/airflow/example_dags/example_time_delta_sensor_async.py
[2024-09-06T14:29:54.932+0000] {logging_mixin.py:190} INFO - [2024-09-06T14:29:54.931+0000] {dag.py:3229} INFO - Sync 1 DAGs
[2024-09-06T14:29:54.947+0000] {logging_mixin.py:190} INFO - [2024-09-06T14:29:54.947+0000] {dag.py:4156} INFO - Setting next_dagrun for example_time_delta_sensor_async to None, run_after=None
[2024-09-06T14:29:54.967+0000] {processor.py:208} INFO - Processing /home/airflow/.local/lib/python3.12/site-packages/airflow/example_dags/example_time_delta_sensor_async.py took 0.073 seconds
[2024-09-06T14:30:25.236+0000] {processor.py:186} INFO - Started process (PID=1108) to work on /home/airflow/.local/lib/python3.12/site-packages/airflow/example_dags/example_time_delta_sensor_async.py
[2024-09-06T14:30:25.237+0000] {processor.py:914} INFO - Processing file /home/airflow/.local/lib/python3.12/site-packages/airflow/example_dags/example_time_delta_sensor_async.py for tasks to queue
[2024-09-06T14:30:25.239+0000] {logging_mixin.py:190} INFO - [2024-09-06T14:30:25.239+0000] {dagbag.py:587} INFO - Filling up the DagBag from /home/airflow/.local/lib/python3.12/site-packages/airflow/example_dags/example_time_delta_sensor_async.py
[2024-09-06T14:30:25.244+0000] {processor.py:925} INFO - DAG(s) 'example_time_delta_sensor_async' retrieved from /home/airflow/.local/lib/python3.12/site-packages/airflow/example_dags/example_time_delta_sensor_async.py
[2024-09-06T14:30:25.261+0000] {logging_mixin.py:190} INFO - [2024-09-06T14:30:25.261+0000] {dag.py:3229} INFO - Sync 1 DAGs
[2024-09-06T14:30:25.272+0000] {logging_mixin.py:190} INFO - [2024-09-06T14:30:25.271+0000] {dag.py:4156} INFO - Setting next_dagrun for example_time_delta_sensor_async to None, run_after=None
[2024-09-06T14:30:25.290+0000] {processor.py:208} INFO - Processing /home/airflow/.local/lib/python3.12/site-packages/airflow/example_dags/example_time_delta_sensor_async.py took 0.060 seconds
[2024-09-06T14:30:55.704+0000] {processor.py:186} INFO - Started process (PID=1170) to work on /home/airflow/.local/lib/python3.12/site-packages/airflow/example_dags/example_time_delta_sensor_async.py
[2024-09-06T14:30:55.704+0000] {processor.py:914} INFO - Processing file /home/airflow/.local/lib/python3.12/site-packages/airflow/example_dags/example_time_delta_sensor_async.py for tasks to queue
[2024-09-06T14:30:55.707+0000] {logging_mixin.py:190} INFO - [2024-09-06T14:30:55.706+0000] {dagbag.py:587} INFO - Filling up the DagBag from /home/airflow/.local/lib/python3.12/site-packages/airflow/example_dags/example_time_delta_sensor_async.py
[2024-09-06T14:30:55.713+0000] {processor.py:925} INFO - DAG(s) 'example_time_delta_sensor_async' retrieved from /home/airflow/.local/lib/python3.12/site-packages/airflow/example_dags/example_time_delta_sensor_async.py
[2024-09-06T14:30:55.731+0000] {logging_mixin.py:190} INFO - [2024-09-06T14:30:55.731+0000] {dag.py:3229} INFO - Sync 1 DAGs
[2024-09-06T14:30:55.743+0000] {logging_mixin.py:190} INFO - [2024-09-06T14:30:55.743+0000] {dag.py:4156} INFO - Setting next_dagrun for example_time_delta_sensor_async to None, run_after=None
[2024-09-06T14:30:55.761+0000] {processor.py:208} INFO - Processing /home/airflow/.local/lib/python3.12/site-packages/airflow/example_dags/example_time_delta_sensor_async.py took 0.062 seconds
[2024-09-06T14:31:26.351+0000] {processor.py:186} INFO - Started process (PID=1232) to work on /home/airflow/.local/lib/python3.12/site-packages/airflow/example_dags/example_time_delta_sensor_async.py
[2024-09-06T14:31:26.352+0000] {processor.py:914} INFO - Processing file /home/airflow/.local/lib/python3.12/site-packages/airflow/example_dags/example_time_delta_sensor_async.py for tasks to queue
[2024-09-06T14:31:26.355+0000] {logging_mixin.py:190} INFO - [2024-09-06T14:31:26.355+0000] {dagbag.py:587} INFO - Filling up the DagBag from /home/airflow/.local/lib/python3.12/site-packages/airflow/example_dags/example_time_delta_sensor_async.py
[2024-09-06T14:31:26.362+0000] {processor.py:925} INFO - DAG(s) 'example_time_delta_sensor_async' retrieved from /home/airflow/.local/lib/python3.12/site-packages/airflow/example_dags/example_time_delta_sensor_async.py
[2024-09-06T14:31:26.382+0000] {logging_mixin.py:190} INFO - [2024-09-06T14:31:26.382+0000] {dag.py:3229} INFO - Sync 1 DAGs
[2024-09-06T14:31:26.397+0000] {logging_mixin.py:190} INFO - [2024-09-06T14:31:26.397+0000] {dag.py:4156} INFO - Setting next_dagrun for example_time_delta_sensor_async to None, run_after=None
[2024-09-06T14:31:26.418+0000] {processor.py:208} INFO - Processing /home/airflow/.local/lib/python3.12/site-packages/airflow/example_dags/example_time_delta_sensor_async.py took 0.076 seconds
[2024-09-06T14:31:56.771+0000] {processor.py:186} INFO - Started process (PID=1294) to work on /home/airflow/.local/lib/python3.12/site-packages/airflow/example_dags/example_time_delta_sensor_async.py
[2024-09-06T14:31:56.772+0000] {processor.py:914} INFO - Processing file /home/airflow/.local/lib/python3.12/site-packages/airflow/example_dags/example_time_delta_sensor_async.py for tasks to queue
[2024-09-06T14:31:56.775+0000] {logging_mixin.py:190} INFO - [2024-09-06T14:31:56.774+0000] {dagbag.py:587} INFO - Filling up the DagBag from /home/airflow/.local/lib/python3.12/site-packages/airflow/example_dags/example_time_delta_sensor_async.py
[2024-09-06T14:31:56.781+0000] {processor.py:925} INFO - DAG(s) 'example_time_delta_sensor_async' retrieved from /home/airflow/.local/lib/python3.12/site-packages/airflow/example_dags/example_time_delta_sensor_async.py
[2024-09-06T14:31:56.801+0000] {logging_mixin.py:190} INFO - [2024-09-06T14:31:56.800+0000] {dag.py:3229} INFO - Sync 1 DAGs
[2024-09-06T14:31:56.815+0000] {logging_mixin.py:190} INFO - [2024-09-06T14:31:56.815+0000] {dag.py:4156} INFO - Setting next_dagrun for example_time_delta_sensor_async to None, run_after=None
[2024-09-06T14:31:56.833+0000] {processor.py:208} INFO - Processing /home/airflow/.local/lib/python3.12/site-packages/airflow/example_dags/example_time_delta_sensor_async.py took 0.067 seconds
[2024-09-06T14:32:27.448+0000] {processor.py:186} INFO - Started process (PID=1356) to work on /home/airflow/.local/lib/python3.12/site-packages/airflow/example_dags/example_time_delta_sensor_async.py
[2024-09-06T14:32:27.449+0000] {processor.py:914} INFO - Processing file /home/airflow/.local/lib/python3.12/site-packages/airflow/example_dags/example_time_delta_sensor_async.py for tasks to queue
[2024-09-06T14:32:27.452+0000] {logging_mixin.py:190} INFO - [2024-09-06T14:32:27.451+0000] {dagbag.py:587} INFO - Filling up the DagBag from /home/airflow/.local/lib/python3.12/site-packages/airflow/example_dags/example_time_delta_sensor_async.py
[2024-09-06T14:32:27.457+0000] {processor.py:925} INFO - DAG(s) 'example_time_delta_sensor_async' retrieved from /home/airflow/.local/lib/python3.12/site-packages/airflow/example_dags/example_time_delta_sensor_async.py
[2024-09-06T14:32:27.475+0000] {logging_mixin.py:190} INFO - [2024-09-06T14:32:27.475+0000] {dag.py:3229} INFO - Sync 1 DAGs
[2024-09-06T14:32:27.487+0000] {logging_mixin.py:190} INFO - [2024-09-06T14:32:27.487+0000] {dag.py:4156} INFO - Setting next_dagrun for example_time_delta_sensor_async to None, run_after=None
[2024-09-06T14:32:27.507+0000] {processor.py:208} INFO - Processing /home/airflow/.local/lib/python3.12/site-packages/airflow/example_dags/example_time_delta_sensor_async.py took 0.063 seconds
[2024-09-06T14:32:57.970+0000] {processor.py:186} INFO - Started process (PID=1418) to work on /home/airflow/.local/lib/python3.12/site-packages/airflow/example_dags/example_time_delta_sensor_async.py
[2024-09-06T14:32:57.971+0000] {processor.py:914} INFO - Processing file /home/airflow/.local/lib/python3.12/site-packages/airflow/example_dags/example_time_delta_sensor_async.py for tasks to queue
[2024-09-06T14:32:57.979+0000] {logging_mixin.py:190} INFO - [2024-09-06T14:32:57.976+0000] {dagbag.py:587} INFO - Filling up the DagBag from /home/airflow/.local/lib/python3.12/site-packages/airflow/example_dags/example_time_delta_sensor_async.py
[2024-09-06T14:32:57.987+0000] {processor.py:925} INFO - DAG(s) 'example_time_delta_sensor_async' retrieved from /home/airflow/.local/lib/python3.12/site-packages/airflow/example_dags/example_time_delta_sensor_async.py
[2024-09-06T14:32:58.021+0000] {logging_mixin.py:190} INFO - [2024-09-06T14:32:58.020+0000] {dag.py:3229} INFO - Sync 1 DAGs
[2024-09-06T14:32:58.037+0000] {logging_mixin.py:190} INFO - [2024-09-06T14:32:58.037+0000] {dag.py:4156} INFO - Setting next_dagrun for example_time_delta_sensor_async to None, run_after=None
[2024-09-06T14:32:58.056+0000] {processor.py:208} INFO - Processing /home/airflow/.local/lib/python3.12/site-packages/airflow/example_dags/example_time_delta_sensor_async.py took 0.090 seconds
[2024-09-06T14:33:28.493+0000] {processor.py:186} INFO - Started process (PID=1480) to work on /home/airflow/.local/lib/python3.12/site-packages/airflow/example_dags/example_time_delta_sensor_async.py
[2024-09-06T14:33:28.494+0000] {processor.py:914} INFO - Processing file /home/airflow/.local/lib/python3.12/site-packages/airflow/example_dags/example_time_delta_sensor_async.py for tasks to queue
[2024-09-06T14:33:28.496+0000] {logging_mixin.py:190} INFO - [2024-09-06T14:33:28.496+0000] {dagbag.py:587} INFO - Filling up the DagBag from /home/airflow/.local/lib/python3.12/site-packages/airflow/example_dags/example_time_delta_sensor_async.py
[2024-09-06T14:33:28.505+0000] {processor.py:925} INFO - DAG(s) 'example_time_delta_sensor_async' retrieved from /home/airflow/.local/lib/python3.12/site-packages/airflow/example_dags/example_time_delta_sensor_async.py
[2024-09-06T14:33:28.524+0000] {logging_mixin.py:190} INFO - [2024-09-06T14:33:28.523+0000] {dag.py:3229} INFO - Sync 1 DAGs
[2024-09-06T14:33:28.537+0000] {logging_mixin.py:190} INFO - [2024-09-06T14:33:28.537+0000] {dag.py:4156} INFO - Setting next_dagrun for example_time_delta_sensor_async to None, run_after=None
[2024-09-06T14:33:28.556+0000] {processor.py:208} INFO - Processing /home/airflow/.local/lib/python3.12/site-packages/airflow/example_dags/example_time_delta_sensor_async.py took 0.069 seconds
