[2024-09-06T14:22:12.525+0000] {processor.py:186} INFO - Started process (PID=83) to work on /home/airflow/.local/lib/python3.12/site-packages/airflow/example_dags/example_datasets.py
[2024-09-06T14:22:12.526+0000] {processor.py:914} INFO - Processing file /home/airflow/.local/lib/python3.12/site-packages/airflow/example_dags/example_datasets.py for tasks to queue
[2024-09-06T14:22:12.528+0000] {logging_mixin.py:190} INFO - [2024-09-06T14:22:12.528+0000] {dagbag.py:587} INFO - Filling up the DagBag from /home/airflow/.local/lib/python3.12/site-packages/airflow/example_dags/example_datasets.py
[2024-09-06T14:22:13.128+0000] {processor.py:925} INFO - DAG(s) 'dataset_consumes_1_and_2', 'consume_1_or_2_with_dataset_expressions', 'dataset_produces_1', 'dataset_consumes_unknown_never_scheduled', 'consume_1_or_both_2_and_3_with_dataset_expressions', 'dataset_consumes_1', 'conditional_dataset_and_time_based_timetable', 'dataset_produces_2', 'dataset_consumes_1_never_scheduled', 'consume_1_and_2_with_dataset_expressions' retrieved from /home/airflow/.local/lib/python3.12/site-packages/airflow/example_dags/example_datasets.py
[2024-09-06T14:22:13.238+0000] {logging_mixin.py:190} INFO - [2024-09-06T14:22:13.237+0000] {override.py:1900} INFO - Created Permission View: can read on DAG:dataset_consumes_1_and_2
[2024-09-06T14:22:13.247+0000] {logging_mixin.py:190} INFO - [2024-09-06T14:22:13.247+0000] {override.py:1900} INFO - Created Permission View: can delete on DAG:dataset_consumes_1_and_2
[2024-09-06T14:22:13.259+0000] {logging_mixin.py:190} INFO - [2024-09-06T14:22:13.259+0000] {override.py:1900} INFO - Created Permission View: can edit on DAG:dataset_consumes_1_and_2
[2024-09-06T14:22:13.267+0000] {logging_mixin.py:190} INFO - [2024-09-06T14:22:13.267+0000] {override.py:1900} INFO - Created Permission View: can read on DAG Run:dataset_consumes_1_and_2
[2024-09-06T14:22:13.273+0000] {logging_mixin.py:190} INFO - [2024-09-06T14:22:13.273+0000] {override.py:1900} INFO - Created Permission View: can delete on DAG Run:dataset_consumes_1_and_2
[2024-09-06T14:22:13.280+0000] {logging_mixin.py:190} INFO - [2024-09-06T14:22:13.280+0000] {override.py:1900} INFO - Created Permission View: menu access on DAG Run:dataset_consumes_1_and_2
[2024-09-06T14:22:13.286+0000] {logging_mixin.py:190} INFO - [2024-09-06T14:22:13.286+0000] {override.py:1900} INFO - Created Permission View: can create on DAG Run:dataset_consumes_1_and_2
[2024-09-06T14:22:13.298+0000] {logging_mixin.py:190} INFO - [2024-09-06T14:22:13.298+0000] {override.py:1900} INFO - Created Permission View: can read on DAG:consume_1_or_2_with_dataset_expressions
[2024-09-06T14:22:13.307+0000] {logging_mixin.py:190} INFO - [2024-09-06T14:22:13.307+0000] {override.py:1900} INFO - Created Permission View: can delete on DAG:consume_1_or_2_with_dataset_expressions
[2024-09-06T14:22:13.313+0000] {logging_mixin.py:190} INFO - [2024-09-06T14:22:13.313+0000] {override.py:1900} INFO - Created Permission View: can edit on DAG:consume_1_or_2_with_dataset_expressions
[2024-09-06T14:22:13.322+0000] {logging_mixin.py:190} INFO - [2024-09-06T14:22:13.322+0000] {override.py:1900} INFO - Created Permission View: can read on DAG Run:consume_1_or_2_with_dataset_expressions
[2024-09-06T14:22:13.329+0000] {logging_mixin.py:190} INFO - [2024-09-06T14:22:13.329+0000] {override.py:1900} INFO - Created Permission View: can delete on DAG Run:consume_1_or_2_with_dataset_expressions
[2024-09-06T14:22:13.336+0000] {logging_mixin.py:190} INFO - [2024-09-06T14:22:13.336+0000] {override.py:1900} INFO - Created Permission View: menu access on DAG Run:consume_1_or_2_with_dataset_expressions
[2024-09-06T14:22:13.342+0000] {logging_mixin.py:190} INFO - [2024-09-06T14:22:13.342+0000] {override.py:1900} INFO - Created Permission View: can create on DAG Run:consume_1_or_2_with_dataset_expressions
[2024-09-06T14:22:13.354+0000] {logging_mixin.py:190} INFO - [2024-09-06T14:22:13.354+0000] {override.py:1900} INFO - Created Permission View: can read on DAG:dataset_produces_1
[2024-09-06T14:22:13.360+0000] {logging_mixin.py:190} INFO - [2024-09-06T14:22:13.360+0000] {override.py:1900} INFO - Created Permission View: can delete on DAG:dataset_produces_1
[2024-09-06T14:22:13.366+0000] {logging_mixin.py:190} INFO - [2024-09-06T14:22:13.365+0000] {override.py:1900} INFO - Created Permission View: can edit on DAG:dataset_produces_1
[2024-09-06T14:22:13.373+0000] {logging_mixin.py:190} INFO - [2024-09-06T14:22:13.373+0000] {override.py:1900} INFO - Created Permission View: can read on DAG Run:dataset_produces_1
[2024-09-06T14:22:13.379+0000] {logging_mixin.py:190} INFO - [2024-09-06T14:22:13.379+0000] {override.py:1900} INFO - Created Permission View: can delete on DAG Run:dataset_produces_1
[2024-09-06T14:22:13.385+0000] {logging_mixin.py:190} INFO - [2024-09-06T14:22:13.385+0000] {override.py:1900} INFO - Created Permission View: menu access on DAG Run:dataset_produces_1
[2024-09-06T14:22:13.392+0000] {logging_mixin.py:190} INFO - [2024-09-06T14:22:13.391+0000] {override.py:1900} INFO - Created Permission View: can create on DAG Run:dataset_produces_1
[2024-09-06T14:22:13.403+0000] {logging_mixin.py:190} INFO - [2024-09-06T14:22:13.402+0000] {override.py:1900} INFO - Created Permission View: can read on DAG:dataset_consumes_unknown_never_scheduled
[2024-09-06T14:22:13.410+0000] {logging_mixin.py:190} INFO - [2024-09-06T14:22:13.409+0000] {override.py:1900} INFO - Created Permission View: can delete on DAG:dataset_consumes_unknown_never_scheduled
[2024-09-06T14:22:13.416+0000] {logging_mixin.py:190} INFO - [2024-09-06T14:22:13.415+0000] {override.py:1900} INFO - Created Permission View: can edit on DAG:dataset_consumes_unknown_never_scheduled
[2024-09-06T14:22:13.423+0000] {logging_mixin.py:190} INFO - [2024-09-06T14:22:13.423+0000] {override.py:1900} INFO - Created Permission View: can read on DAG Run:dataset_consumes_unknown_never_scheduled
[2024-09-06T14:22:13.431+0000] {logging_mixin.py:190} INFO - [2024-09-06T14:22:13.430+0000] {override.py:1900} INFO - Created Permission View: can delete on DAG Run:dataset_consumes_unknown_never_scheduled
[2024-09-06T14:22:13.438+0000] {logging_mixin.py:190} INFO - [2024-09-06T14:22:13.437+0000] {override.py:1900} INFO - Created Permission View: menu access on DAG Run:dataset_consumes_unknown_never_scheduled
[2024-09-06T14:22:13.446+0000] {logging_mixin.py:190} INFO - [2024-09-06T14:22:13.445+0000] {override.py:1900} INFO - Created Permission View: can create on DAG Run:dataset_consumes_unknown_never_scheduled
[2024-09-06T14:22:13.462+0000] {logging_mixin.py:190} INFO - [2024-09-06T14:22:13.461+0000] {override.py:1900} INFO - Created Permission View: can read on DAG:consume_1_or_both_2_and_3_with_dataset_expressions
[2024-09-06T14:22:13.472+0000] {logging_mixin.py:190} INFO - [2024-09-06T14:22:13.471+0000] {override.py:1900} INFO - Created Permission View: can delete on DAG:consume_1_or_both_2_and_3_with_dataset_expressions
[2024-09-06T14:22:13.480+0000] {logging_mixin.py:190} INFO - [2024-09-06T14:22:13.480+0000] {override.py:1900} INFO - Created Permission View: can edit on DAG:consume_1_or_both_2_and_3_with_dataset_expressions
[2024-09-06T14:22:13.491+0000] {logging_mixin.py:190} INFO - [2024-09-06T14:22:13.491+0000] {override.py:1900} INFO - Created Permission View: can read on DAG Run:consume_1_or_both_2_and_3_with_dataset_expressions
[2024-09-06T14:22:13.500+0000] {logging_mixin.py:190} INFO - [2024-09-06T14:22:13.499+0000] {override.py:1900} INFO - Created Permission View: can delete on DAG Run:consume_1_or_both_2_and_3_with_dataset_expressions
[2024-09-06T14:22:13.508+0000] {logging_mixin.py:190} INFO - [2024-09-06T14:22:13.507+0000] {override.py:1900} INFO - Created Permission View: menu access on DAG Run:consume_1_or_both_2_and_3_with_dataset_expressions
[2024-09-06T14:22:13.515+0000] {logging_mixin.py:190} INFO - [2024-09-06T14:22:13.515+0000] {override.py:1900} INFO - Created Permission View: can create on DAG Run:consume_1_or_both_2_and_3_with_dataset_expressions
[2024-09-06T14:22:13.532+0000] {logging_mixin.py:190} INFO - [2024-09-06T14:22:13.531+0000] {override.py:1900} INFO - Created Permission View: can read on DAG:dataset_consumes_1
[2024-09-06T14:22:13.539+0000] {logging_mixin.py:190} INFO - [2024-09-06T14:22:13.539+0000] {override.py:1900} INFO - Created Permission View: can delete on DAG:dataset_consumes_1
[2024-09-06T14:22:13.550+0000] {logging_mixin.py:190} INFO - [2024-09-06T14:22:13.550+0000] {override.py:1900} INFO - Created Permission View: can edit on DAG:dataset_consumes_1
[2024-09-06T14:22:13.559+0000] {logging_mixin.py:190} INFO - [2024-09-06T14:22:13.559+0000] {override.py:1900} INFO - Created Permission View: can read on DAG Run:dataset_consumes_1
[2024-09-06T14:22:13.567+0000] {logging_mixin.py:190} INFO - [2024-09-06T14:22:13.567+0000] {override.py:1900} INFO - Created Permission View: can delete on DAG Run:dataset_consumes_1
[2024-09-06T14:22:13.575+0000] {logging_mixin.py:190} INFO - [2024-09-06T14:22:13.574+0000] {override.py:1900} INFO - Created Permission View: menu access on DAG Run:dataset_consumes_1
[2024-09-06T14:22:13.582+0000] {logging_mixin.py:190} INFO - [2024-09-06T14:22:13.582+0000] {override.py:1900} INFO - Created Permission View: can create on DAG Run:dataset_consumes_1
[2024-09-06T14:22:13.596+0000] {logging_mixin.py:190} INFO - [2024-09-06T14:22:13.596+0000] {override.py:1900} INFO - Created Permission View: can read on DAG:conditional_dataset_and_time_based_timetable
[2024-09-06T14:22:13.603+0000] {logging_mixin.py:190} INFO - [2024-09-06T14:22:13.603+0000] {override.py:1900} INFO - Created Permission View: can delete on DAG:conditional_dataset_and_time_based_timetable
[2024-09-06T14:22:13.610+0000] {logging_mixin.py:190} INFO - [2024-09-06T14:22:13.610+0000] {override.py:1900} INFO - Created Permission View: can edit on DAG:conditional_dataset_and_time_based_timetable
[2024-09-06T14:22:13.617+0000] {logging_mixin.py:190} INFO - [2024-09-06T14:22:13.617+0000] {override.py:1900} INFO - Created Permission View: can read on DAG Run:conditional_dataset_and_time_based_timetable
[2024-09-06T14:22:13.624+0000] {logging_mixin.py:190} INFO - [2024-09-06T14:22:13.624+0000] {override.py:1900} INFO - Created Permission View: can delete on DAG Run:conditional_dataset_and_time_based_timetable
[2024-09-06T14:22:13.630+0000] {logging_mixin.py:190} INFO - [2024-09-06T14:22:13.630+0000] {override.py:1900} INFO - Created Permission View: menu access on DAG Run:conditional_dataset_and_time_based_timetable
[2024-09-06T14:22:13.636+0000] {logging_mixin.py:190} INFO - [2024-09-06T14:22:13.636+0000] {override.py:1900} INFO - Created Permission View: can create on DAG Run:conditional_dataset_and_time_based_timetable
[2024-09-06T14:22:13.647+0000] {logging_mixin.py:190} INFO - [2024-09-06T14:22:13.647+0000] {override.py:1900} INFO - Created Permission View: can read on DAG:dataset_produces_2
[2024-09-06T14:22:13.656+0000] {logging_mixin.py:190} INFO - [2024-09-06T14:22:13.656+0000] {override.py:1900} INFO - Created Permission View: can delete on DAG:dataset_produces_2
[2024-09-06T14:22:13.663+0000] {logging_mixin.py:190} INFO - [2024-09-06T14:22:13.662+0000] {override.py:1900} INFO - Created Permission View: can edit on DAG:dataset_produces_2
[2024-09-06T14:22:13.670+0000] {logging_mixin.py:190} INFO - [2024-09-06T14:22:13.670+0000] {override.py:1900} INFO - Created Permission View: can read on DAG Run:dataset_produces_2
[2024-09-06T14:22:13.677+0000] {logging_mixin.py:190} INFO - [2024-09-06T14:22:13.676+0000] {override.py:1900} INFO - Created Permission View: can delete on DAG Run:dataset_produces_2
[2024-09-06T14:22:13.684+0000] {logging_mixin.py:190} INFO - [2024-09-06T14:22:13.684+0000] {override.py:1900} INFO - Created Permission View: menu access on DAG Run:dataset_produces_2
[2024-09-06T14:22:13.693+0000] {logging_mixin.py:190} INFO - [2024-09-06T14:22:13.692+0000] {override.py:1900} INFO - Created Permission View: can create on DAG Run:dataset_produces_2
[2024-09-06T14:22:13.711+0000] {logging_mixin.py:190} INFO - [2024-09-06T14:22:13.711+0000] {override.py:1900} INFO - Created Permission View: can read on DAG:dataset_consumes_1_never_scheduled
[2024-09-06T14:22:13.718+0000] {logging_mixin.py:190} INFO - [2024-09-06T14:22:13.718+0000] {override.py:1900} INFO - Created Permission View: can delete on DAG:dataset_consumes_1_never_scheduled
[2024-09-06T14:22:13.725+0000] {logging_mixin.py:190} INFO - [2024-09-06T14:22:13.725+0000] {override.py:1900} INFO - Created Permission View: can edit on DAG:dataset_consumes_1_never_scheduled
[2024-09-06T14:22:13.733+0000] {logging_mixin.py:190} INFO - [2024-09-06T14:22:13.732+0000] {override.py:1900} INFO - Created Permission View: can read on DAG Run:dataset_consumes_1_never_scheduled
[2024-09-06T14:22:13.740+0000] {logging_mixin.py:190} INFO - [2024-09-06T14:22:13.739+0000] {override.py:1900} INFO - Created Permission View: can delete on DAG Run:dataset_consumes_1_never_scheduled
[2024-09-06T14:22:13.746+0000] {logging_mixin.py:190} INFO - [2024-09-06T14:22:13.746+0000] {override.py:1900} INFO - Created Permission View: menu access on DAG Run:dataset_consumes_1_never_scheduled
[2024-09-06T14:22:13.752+0000] {logging_mixin.py:190} INFO - [2024-09-06T14:22:13.752+0000] {override.py:1900} INFO - Created Permission View: can create on DAG Run:dataset_consumes_1_never_scheduled
[2024-09-06T14:22:13.765+0000] {logging_mixin.py:190} INFO - [2024-09-06T14:22:13.764+0000] {override.py:1900} INFO - Created Permission View: can read on DAG:consume_1_and_2_with_dataset_expressions
[2024-09-06T14:22:13.771+0000] {logging_mixin.py:190} INFO - [2024-09-06T14:22:13.771+0000] {override.py:1900} INFO - Created Permission View: can delete on DAG:consume_1_and_2_with_dataset_expressions
[2024-09-06T14:22:13.779+0000] {logging_mixin.py:190} INFO - [2024-09-06T14:22:13.778+0000] {override.py:1900} INFO - Created Permission View: can edit on DAG:consume_1_and_2_with_dataset_expressions
[2024-09-06T14:22:13.789+0000] {logging_mixin.py:190} INFO - [2024-09-06T14:22:13.788+0000] {override.py:1900} INFO - Created Permission View: can read on DAG Run:consume_1_and_2_with_dataset_expressions
[2024-09-06T14:22:13.796+0000] {logging_mixin.py:190} INFO - [2024-09-06T14:22:13.796+0000] {override.py:1900} INFO - Created Permission View: can delete on DAG Run:consume_1_and_2_with_dataset_expressions
[2024-09-06T14:22:13.804+0000] {logging_mixin.py:190} INFO - [2024-09-06T14:22:13.804+0000] {override.py:1900} INFO - Created Permission View: menu access on DAG Run:consume_1_and_2_with_dataset_expressions
[2024-09-06T14:22:13.812+0000] {logging_mixin.py:190} INFO - [2024-09-06T14:22:13.811+0000] {override.py:1900} INFO - Created Permission View: can create on DAG Run:consume_1_and_2_with_dataset_expressions
[2024-09-06T14:22:13.812+0000] {logging_mixin.py:190} INFO - [2024-09-06T14:22:13.812+0000] {dag.py:3229} INFO - Sync 10 DAGs
[2024-09-06T14:22:13.828+0000] {logging_mixin.py:190} INFO - [2024-09-06T14:22:13.828+0000] {dag.py:3252} INFO - Creating ORM DAG for dataset_consumes_1
[2024-09-06T14:22:13.829+0000] {logging_mixin.py:190} INFO - [2024-09-06T14:22:13.829+0000] {dag.py:3252} INFO - Creating ORM DAG for consume_1_and_2_with_dataset_expressions
[2024-09-06T14:22:13.830+0000] {logging_mixin.py:190} INFO - [2024-09-06T14:22:13.830+0000] {dag.py:3252} INFO - Creating ORM DAG for dataset_consumes_1_and_2
[2024-09-06T14:22:13.831+0000] {logging_mixin.py:190} INFO - [2024-09-06T14:22:13.831+0000] {dag.py:3252} INFO - Creating ORM DAG for dataset_consumes_unknown_never_scheduled
[2024-09-06T14:22:13.832+0000] {logging_mixin.py:190} INFO - [2024-09-06T14:22:13.832+0000] {dag.py:3252} INFO - Creating ORM DAG for dataset_produces_2
[2024-09-06T14:22:13.833+0000] {logging_mixin.py:190} INFO - [2024-09-06T14:22:13.832+0000] {dag.py:3252} INFO - Creating ORM DAG for consume_1_or_both_2_and_3_with_dataset_expressions
[2024-09-06T14:22:13.833+0000] {logging_mixin.py:190} INFO - [2024-09-06T14:22:13.833+0000] {dag.py:3252} INFO - Creating ORM DAG for dataset_produces_1
[2024-09-06T14:22:13.834+0000] {logging_mixin.py:190} INFO - [2024-09-06T14:22:13.834+0000] {dag.py:3252} INFO - Creating ORM DAG for dataset_consumes_1_never_scheduled
[2024-09-06T14:22:13.835+0000] {logging_mixin.py:190} INFO - [2024-09-06T14:22:13.835+0000] {dag.py:3252} INFO - Creating ORM DAG for consume_1_or_2_with_dataset_expressions
[2024-09-06T14:22:13.836+0000] {logging_mixin.py:190} INFO - [2024-09-06T14:22:13.836+0000] {dag.py:3252} INFO - Creating ORM DAG for conditional_dataset_and_time_based_timetable
[2024-09-06T14:22:13.847+0000] {logging_mixin.py:190} INFO - [2024-09-06T14:22:13.847+0000] {dag.py:4156} INFO - Setting next_dagrun for conditional_dataset_and_time_based_timetable to 2024-09-04 01:00:00+00:00, run_after=2024-09-04 01:00:00+00:00
[2024-09-06T14:22:13.848+0000] {logging_mixin.py:190} INFO - [2024-09-06T14:22:13.848+0000] {dag.py:4156} INFO - Setting next_dagrun for consume_1_and_2_with_dataset_expressions to None, run_after=None
[2024-09-06T14:22:13.848+0000] {logging_mixin.py:190} INFO - [2024-09-06T14:22:13.848+0000] {dag.py:4156} INFO - Setting next_dagrun for consume_1_or_2_with_dataset_expressions to None, run_after=None
[2024-09-06T14:22:13.849+0000] {logging_mixin.py:190} INFO - [2024-09-06T14:22:13.849+0000] {dag.py:4156} INFO - Setting next_dagrun for consume_1_or_both_2_and_3_with_dataset_expressions to None, run_after=None
[2024-09-06T14:22:13.849+0000] {logging_mixin.py:190} INFO - [2024-09-06T14:22:13.849+0000] {dag.py:4156} INFO - Setting next_dagrun for dataset_consumes_1 to None, run_after=None
[2024-09-06T14:22:13.850+0000] {logging_mixin.py:190} INFO - [2024-09-06T14:22:13.850+0000] {dag.py:4156} INFO - Setting next_dagrun for dataset_consumes_1_and_2 to None, run_after=None
[2024-09-06T14:22:13.851+0000] {logging_mixin.py:190} INFO - [2024-09-06T14:22:13.851+0000] {dag.py:4156} INFO - Setting next_dagrun for dataset_consumes_1_never_scheduled to None, run_after=None
[2024-09-06T14:22:13.852+0000] {logging_mixin.py:190} INFO - [2024-09-06T14:22:13.852+0000] {dag.py:4156} INFO - Setting next_dagrun for dataset_consumes_unknown_never_scheduled to None, run_after=None
[2024-09-06T14:22:13.854+0000] {logging_mixin.py:190} INFO - [2024-09-06T14:22:13.853+0000] {dag.py:4156} INFO - Setting next_dagrun for dataset_produces_1 to 2024-09-05 00:00:00+00:00, run_after=2024-09-06 00:00:00+00:00
[2024-09-06T14:22:13.855+0000] {logging_mixin.py:190} INFO - [2024-09-06T14:22:13.854+0000] {dag.py:4156} INFO - Setting next_dagrun for dataset_produces_2 to None, run_after=None
[2024-09-06T14:22:13.935+0000] {processor.py:208} INFO - Processing /home/airflow/.local/lib/python3.12/site-packages/airflow/example_dags/example_datasets.py took 1.416 seconds
[2024-09-06T14:22:44.163+0000] {processor.py:186} INFO - Started process (PID=145) to work on /home/airflow/.local/lib/python3.12/site-packages/airflow/example_dags/example_datasets.py
[2024-09-06T14:22:44.164+0000] {processor.py:914} INFO - Processing file /home/airflow/.local/lib/python3.12/site-packages/airflow/example_dags/example_datasets.py for tasks to queue
[2024-09-06T14:22:44.167+0000] {logging_mixin.py:190} INFO - [2024-09-06T14:22:44.166+0000] {dagbag.py:587} INFO - Filling up the DagBag from /home/airflow/.local/lib/python3.12/site-packages/airflow/example_dags/example_datasets.py
[2024-09-06T14:22:44.318+0000] {processor.py:925} INFO - DAG(s) 'dataset_produces_1', 'dataset_consumes_1_and_2', 'conditional_dataset_and_time_based_timetable', 'dataset_consumes_1', 'consume_1_or_both_2_and_3_with_dataset_expressions', 'dataset_produces_2', 'dataset_consumes_1_never_scheduled', 'dataset_consumes_unknown_never_scheduled', 'consume_1_or_2_with_dataset_expressions', 'consume_1_and_2_with_dataset_expressions' retrieved from /home/airflow/.local/lib/python3.12/site-packages/airflow/example_dags/example_datasets.py
[2024-09-06T14:22:44.356+0000] {logging_mixin.py:190} INFO - [2024-09-06T14:22:44.356+0000] {dag.py:3229} INFO - Sync 10 DAGs
[2024-09-06T14:22:44.383+0000] {logging_mixin.py:190} INFO - [2024-09-06T14:22:44.382+0000] {dag.py:4156} INFO - Setting next_dagrun for conditional_dataset_and_time_based_timetable to 2024-09-04 01:00:00+00:00, run_after=2024-09-04 01:00:00+00:00
[2024-09-06T14:22:44.388+0000] {logging_mixin.py:190} INFO - [2024-09-06T14:22:44.388+0000] {dag.py:4156} INFO - Setting next_dagrun for consume_1_and_2_with_dataset_expressions to None, run_after=None
[2024-09-06T14:22:44.390+0000] {logging_mixin.py:190} INFO - [2024-09-06T14:22:44.390+0000] {dag.py:4156} INFO - Setting next_dagrun for consume_1_or_2_with_dataset_expressions to None, run_after=None
[2024-09-06T14:22:44.392+0000] {logging_mixin.py:190} INFO - [2024-09-06T14:22:44.392+0000] {dag.py:4156} INFO - Setting next_dagrun for consume_1_or_both_2_and_3_with_dataset_expressions to None, run_after=None
[2024-09-06T14:22:44.393+0000] {logging_mixin.py:190} INFO - [2024-09-06T14:22:44.393+0000] {dag.py:4156} INFO - Setting next_dagrun for dataset_consumes_1 to None, run_after=None
[2024-09-06T14:22:44.394+0000] {logging_mixin.py:190} INFO - [2024-09-06T14:22:44.394+0000] {dag.py:4156} INFO - Setting next_dagrun for dataset_consumes_1_and_2 to None, run_after=None
[2024-09-06T14:22:44.395+0000] {logging_mixin.py:190} INFO - [2024-09-06T14:22:44.395+0000] {dag.py:4156} INFO - Setting next_dagrun for dataset_consumes_1_never_scheduled to None, run_after=None
[2024-09-06T14:22:44.397+0000] {logging_mixin.py:190} INFO - [2024-09-06T14:22:44.396+0000] {dag.py:4156} INFO - Setting next_dagrun for dataset_consumes_unknown_never_scheduled to None, run_after=None
[2024-09-06T14:22:44.399+0000] {logging_mixin.py:190} INFO - [2024-09-06T14:22:44.399+0000] {dag.py:4156} INFO - Setting next_dagrun for dataset_produces_1 to 2024-09-05 00:00:00+00:00, run_after=2024-09-06 00:00:00+00:00
[2024-09-06T14:22:44.401+0000] {logging_mixin.py:190} INFO - [2024-09-06T14:22:44.401+0000] {dag.py:4156} INFO - Setting next_dagrun for dataset_produces_2 to None, run_after=None
[2024-09-06T14:22:44.437+0000] {processor.py:208} INFO - Processing /home/airflow/.local/lib/python3.12/site-packages/airflow/example_dags/example_datasets.py took 0.281 seconds
[2024-09-06T14:23:14.685+0000] {processor.py:186} INFO - Started process (PID=207) to work on /home/airflow/.local/lib/python3.12/site-packages/airflow/example_dags/example_datasets.py
[2024-09-06T14:23:14.686+0000] {processor.py:914} INFO - Processing file /home/airflow/.local/lib/python3.12/site-packages/airflow/example_dags/example_datasets.py for tasks to queue
[2024-09-06T14:23:14.688+0000] {logging_mixin.py:190} INFO - [2024-09-06T14:23:14.688+0000] {dagbag.py:587} INFO - Filling up the DagBag from /home/airflow/.local/lib/python3.12/site-packages/airflow/example_dags/example_datasets.py
[2024-09-06T14:23:14.844+0000] {processor.py:925} INFO - DAG(s) 'dataset_consumes_1_and_2', 'conditional_dataset_and_time_based_timetable', 'dataset_consumes_1', 'dataset_consumes_unknown_never_scheduled', 'consume_1_and_2_with_dataset_expressions', 'dataset_produces_2', 'consume_1_or_both_2_and_3_with_dataset_expressions', 'dataset_consumes_1_never_scheduled', 'dataset_produces_1', 'consume_1_or_2_with_dataset_expressions' retrieved from /home/airflow/.local/lib/python3.12/site-packages/airflow/example_dags/example_datasets.py
[2024-09-06T14:23:14.876+0000] {logging_mixin.py:190} INFO - [2024-09-06T14:23:14.876+0000] {dag.py:3229} INFO - Sync 10 DAGs
[2024-09-06T14:23:14.897+0000] {logging_mixin.py:190} INFO - [2024-09-06T14:23:14.897+0000] {dag.py:4156} INFO - Setting next_dagrun for conditional_dataset_and_time_based_timetable to 2024-09-04 01:00:00+00:00, run_after=2024-09-04 01:00:00+00:00
[2024-09-06T14:23:14.900+0000] {logging_mixin.py:190} INFO - [2024-09-06T14:23:14.900+0000] {dag.py:4156} INFO - Setting next_dagrun for consume_1_and_2_with_dataset_expressions to None, run_after=None
[2024-09-06T14:23:14.901+0000] {logging_mixin.py:190} INFO - [2024-09-06T14:23:14.901+0000] {dag.py:4156} INFO - Setting next_dagrun for consume_1_or_2_with_dataset_expressions to None, run_after=None
[2024-09-06T14:23:14.903+0000] {logging_mixin.py:190} INFO - [2024-09-06T14:23:14.902+0000] {dag.py:4156} INFO - Setting next_dagrun for consume_1_or_both_2_and_3_with_dataset_expressions to None, run_after=None
[2024-09-06T14:23:14.904+0000] {logging_mixin.py:190} INFO - [2024-09-06T14:23:14.904+0000] {dag.py:4156} INFO - Setting next_dagrun for dataset_consumes_1 to None, run_after=None
[2024-09-06T14:23:14.905+0000] {logging_mixin.py:190} INFO - [2024-09-06T14:23:14.905+0000] {dag.py:4156} INFO - Setting next_dagrun for dataset_consumes_1_and_2 to None, run_after=None
[2024-09-06T14:23:14.907+0000] {logging_mixin.py:190} INFO - [2024-09-06T14:23:14.906+0000] {dag.py:4156} INFO - Setting next_dagrun for dataset_consumes_1_never_scheduled to None, run_after=None
[2024-09-06T14:23:14.908+0000] {logging_mixin.py:190} INFO - [2024-09-06T14:23:14.908+0000] {dag.py:4156} INFO - Setting next_dagrun for dataset_consumes_unknown_never_scheduled to None, run_after=None
[2024-09-06T14:23:14.911+0000] {logging_mixin.py:190} INFO - [2024-09-06T14:23:14.910+0000] {dag.py:4156} INFO - Setting next_dagrun for dataset_produces_1 to 2024-09-05 00:00:00+00:00, run_after=2024-09-06 00:00:00+00:00
[2024-09-06T14:23:14.912+0000] {logging_mixin.py:190} INFO - [2024-09-06T14:23:14.912+0000] {dag.py:4156} INFO - Setting next_dagrun for dataset_produces_2 to None, run_after=None
[2024-09-06T14:23:14.943+0000] {processor.py:208} INFO - Processing /home/airflow/.local/lib/python3.12/site-packages/airflow/example_dags/example_datasets.py took 0.263 seconds
[2024-09-06T14:23:45.222+0000] {processor.py:186} INFO - Started process (PID=270) to work on /home/airflow/.local/lib/python3.12/site-packages/airflow/example_dags/example_datasets.py
[2024-09-06T14:23:45.223+0000] {processor.py:914} INFO - Processing file /home/airflow/.local/lib/python3.12/site-packages/airflow/example_dags/example_datasets.py for tasks to queue
[2024-09-06T14:23:45.225+0000] {logging_mixin.py:190} INFO - [2024-09-06T14:23:45.225+0000] {dagbag.py:587} INFO - Filling up the DagBag from /home/airflow/.local/lib/python3.12/site-packages/airflow/example_dags/example_datasets.py
[2024-09-06T14:23:45.366+0000] {processor.py:925} INFO - DAG(s) 'consume_1_or_both_2_and_3_with_dataset_expressions', 'consume_1_and_2_with_dataset_expressions', 'dataset_produces_1', 'consume_1_or_2_with_dataset_expressions', 'dataset_consumes_unknown_never_scheduled', 'dataset_produces_2', 'conditional_dataset_and_time_based_timetable', 'dataset_consumes_1_and_2', 'dataset_consumes_1_never_scheduled', 'dataset_consumes_1' retrieved from /home/airflow/.local/lib/python3.12/site-packages/airflow/example_dags/example_datasets.py
[2024-09-06T14:23:45.407+0000] {logging_mixin.py:190} INFO - [2024-09-06T14:23:45.407+0000] {dag.py:3229} INFO - Sync 10 DAGs
[2024-09-06T14:23:45.431+0000] {logging_mixin.py:190} INFO - [2024-09-06T14:23:45.431+0000] {dag.py:4156} INFO - Setting next_dagrun for conditional_dataset_and_time_based_timetable to 2024-09-04 01:00:00+00:00, run_after=2024-09-04 01:00:00+00:00
[2024-09-06T14:23:45.434+0000] {logging_mixin.py:190} INFO - [2024-09-06T14:23:45.434+0000] {dag.py:4156} INFO - Setting next_dagrun for consume_1_and_2_with_dataset_expressions to None, run_after=None
[2024-09-06T14:23:45.435+0000] {logging_mixin.py:190} INFO - [2024-09-06T14:23:45.435+0000] {dag.py:4156} INFO - Setting next_dagrun for consume_1_or_2_with_dataset_expressions to None, run_after=None
[2024-09-06T14:23:45.437+0000] {logging_mixin.py:190} INFO - [2024-09-06T14:23:45.436+0000] {dag.py:4156} INFO - Setting next_dagrun for consume_1_or_both_2_and_3_with_dataset_expressions to None, run_after=None
[2024-09-06T14:23:45.438+0000] {logging_mixin.py:190} INFO - [2024-09-06T14:23:45.437+0000] {dag.py:4156} INFO - Setting next_dagrun for dataset_consumes_1 to None, run_after=None
[2024-09-06T14:23:45.439+0000] {logging_mixin.py:190} INFO - [2024-09-06T14:23:45.439+0000] {dag.py:4156} INFO - Setting next_dagrun for dataset_consumes_1_and_2 to None, run_after=None
[2024-09-06T14:23:45.440+0000] {logging_mixin.py:190} INFO - [2024-09-06T14:23:45.440+0000] {dag.py:4156} INFO - Setting next_dagrun for dataset_consumes_1_never_scheduled to None, run_after=None
[2024-09-06T14:23:45.442+0000] {logging_mixin.py:190} INFO - [2024-09-06T14:23:45.441+0000] {dag.py:4156} INFO - Setting next_dagrun for dataset_consumes_unknown_never_scheduled to None, run_after=None
[2024-09-06T14:23:45.444+0000] {logging_mixin.py:190} INFO - [2024-09-06T14:23:45.443+0000] {dag.py:4156} INFO - Setting next_dagrun for dataset_produces_1 to 2024-09-05 00:00:00+00:00, run_after=2024-09-06 00:00:00+00:00
[2024-09-06T14:23:45.445+0000] {logging_mixin.py:190} INFO - [2024-09-06T14:23:45.444+0000] {dag.py:4156} INFO - Setting next_dagrun for dataset_produces_2 to None, run_after=None
[2024-09-06T14:23:45.472+0000] {processor.py:208} INFO - Processing /home/airflow/.local/lib/python3.12/site-packages/airflow/example_dags/example_datasets.py took 0.257 seconds
[2024-09-06T14:24:15.632+0000] {processor.py:186} INFO - Started process (PID=334) to work on /home/airflow/.local/lib/python3.12/site-packages/airflow/example_dags/example_datasets.py
[2024-09-06T14:24:15.633+0000] {processor.py:914} INFO - Processing file /home/airflow/.local/lib/python3.12/site-packages/airflow/example_dags/example_datasets.py for tasks to queue
[2024-09-06T14:24:15.635+0000] {logging_mixin.py:190} INFO - [2024-09-06T14:24:15.634+0000] {dagbag.py:587} INFO - Filling up the DagBag from /home/airflow/.local/lib/python3.12/site-packages/airflow/example_dags/example_datasets.py
[2024-09-06T14:24:15.800+0000] {processor.py:925} INFO - DAG(s) 'dataset_consumes_1_and_2', 'consume_1_or_both_2_and_3_with_dataset_expressions', 'dataset_consumes_1', 'dataset_produces_2', 'consume_1_and_2_with_dataset_expressions', 'dataset_consumes_1_never_scheduled', 'dataset_produces_1', 'consume_1_or_2_with_dataset_expressions', 'dataset_consumes_unknown_never_scheduled', 'conditional_dataset_and_time_based_timetable' retrieved from /home/airflow/.local/lib/python3.12/site-packages/airflow/example_dags/example_datasets.py
[2024-09-06T14:24:15.848+0000] {logging_mixin.py:190} INFO - [2024-09-06T14:24:15.847+0000] {dag.py:3229} INFO - Sync 10 DAGs
[2024-09-06T14:24:15.885+0000] {logging_mixin.py:190} INFO - [2024-09-06T14:24:15.885+0000] {dag.py:4156} INFO - Setting next_dagrun for conditional_dataset_and_time_based_timetable to 2024-09-04 01:00:00+00:00, run_after=2024-09-04 01:00:00+00:00
[2024-09-06T14:24:15.890+0000] {logging_mixin.py:190} INFO - [2024-09-06T14:24:15.889+0000] {dag.py:4156} INFO - Setting next_dagrun for consume_1_and_2_with_dataset_expressions to None, run_after=None
[2024-09-06T14:24:15.891+0000] {logging_mixin.py:190} INFO - [2024-09-06T14:24:15.891+0000] {dag.py:4156} INFO - Setting next_dagrun for consume_1_or_2_with_dataset_expressions to None, run_after=None
[2024-09-06T14:24:15.893+0000] {logging_mixin.py:190} INFO - [2024-09-06T14:24:15.892+0000] {dag.py:4156} INFO - Setting next_dagrun for consume_1_or_both_2_and_3_with_dataset_expressions to None, run_after=None
[2024-09-06T14:24:15.895+0000] {logging_mixin.py:190} INFO - [2024-09-06T14:24:15.894+0000] {dag.py:4156} INFO - Setting next_dagrun for dataset_consumes_1 to None, run_after=None
[2024-09-06T14:24:15.896+0000] {logging_mixin.py:190} INFO - [2024-09-06T14:24:15.896+0000] {dag.py:4156} INFO - Setting next_dagrun for dataset_consumes_1_and_2 to None, run_after=None
[2024-09-06T14:24:15.898+0000] {logging_mixin.py:190} INFO - [2024-09-06T14:24:15.898+0000] {dag.py:4156} INFO - Setting next_dagrun for dataset_consumes_1_never_scheduled to None, run_after=None
[2024-09-06T14:24:15.900+0000] {logging_mixin.py:190} INFO - [2024-09-06T14:24:15.899+0000] {dag.py:4156} INFO - Setting next_dagrun for dataset_consumes_unknown_never_scheduled to None, run_after=None
[2024-09-06T14:24:15.902+0000] {logging_mixin.py:190} INFO - [2024-09-06T14:24:15.902+0000] {dag.py:4156} INFO - Setting next_dagrun for dataset_produces_1 to 2024-09-05 00:00:00+00:00, run_after=2024-09-06 00:00:00+00:00
[2024-09-06T14:24:15.904+0000] {logging_mixin.py:190} INFO - [2024-09-06T14:24:15.904+0000] {dag.py:4156} INFO - Setting next_dagrun for dataset_produces_2 to None, run_after=None
[2024-09-06T14:24:15.934+0000] {processor.py:208} INFO - Processing /home/airflow/.local/lib/python3.12/site-packages/airflow/example_dags/example_datasets.py took 0.308 seconds
[2024-09-06T14:24:46.013+0000] {processor.py:186} INFO - Started process (PID=397) to work on /home/airflow/.local/lib/python3.12/site-packages/airflow/example_dags/example_datasets.py
[2024-09-06T14:24:46.014+0000] {processor.py:914} INFO - Processing file /home/airflow/.local/lib/python3.12/site-packages/airflow/example_dags/example_datasets.py for tasks to queue
[2024-09-06T14:24:46.016+0000] {logging_mixin.py:190} INFO - [2024-09-06T14:24:46.016+0000] {dagbag.py:587} INFO - Filling up the DagBag from /home/airflow/.local/lib/python3.12/site-packages/airflow/example_dags/example_datasets.py
[2024-09-06T14:24:46.141+0000] {processor.py:925} INFO - DAG(s) 'dataset_produces_2', 'dataset_consumes_1', 'dataset_consumes_unknown_never_scheduled', 'consume_1_or_both_2_and_3_with_dataset_expressions', 'dataset_consumes_1_and_2', 'dataset_produces_1', 'consume_1_and_2_with_dataset_expressions', 'conditional_dataset_and_time_based_timetable', 'dataset_consumes_1_never_scheduled', 'consume_1_or_2_with_dataset_expressions' retrieved from /home/airflow/.local/lib/python3.12/site-packages/airflow/example_dags/example_datasets.py
[2024-09-06T14:24:46.180+0000] {logging_mixin.py:190} INFO - [2024-09-06T14:24:46.180+0000] {dag.py:3229} INFO - Sync 10 DAGs
[2024-09-06T14:24:46.206+0000] {logging_mixin.py:190} INFO - [2024-09-06T14:24:46.205+0000] {dag.py:4156} INFO - Setting next_dagrun for conditional_dataset_and_time_based_timetable to 2024-09-04 01:00:00+00:00, run_after=2024-09-04 01:00:00+00:00
[2024-09-06T14:24:46.209+0000] {logging_mixin.py:190} INFO - [2024-09-06T14:24:46.209+0000] {dag.py:4156} INFO - Setting next_dagrun for consume_1_and_2_with_dataset_expressions to None, run_after=None
[2024-09-06T14:24:46.211+0000] {logging_mixin.py:190} INFO - [2024-09-06T14:24:46.211+0000] {dag.py:4156} INFO - Setting next_dagrun for consume_1_or_2_with_dataset_expressions to None, run_after=None
[2024-09-06T14:24:46.212+0000] {logging_mixin.py:190} INFO - [2024-09-06T14:24:46.212+0000] {dag.py:4156} INFO - Setting next_dagrun for consume_1_or_both_2_and_3_with_dataset_expressions to None, run_after=None
[2024-09-06T14:24:46.213+0000] {logging_mixin.py:190} INFO - [2024-09-06T14:24:46.213+0000] {dag.py:4156} INFO - Setting next_dagrun for dataset_consumes_1 to None, run_after=None
[2024-09-06T14:24:46.215+0000] {logging_mixin.py:190} INFO - [2024-09-06T14:24:46.215+0000] {dag.py:4156} INFO - Setting next_dagrun for dataset_consumes_1_and_2 to None, run_after=None
[2024-09-06T14:24:46.216+0000] {logging_mixin.py:190} INFO - [2024-09-06T14:24:46.216+0000] {dag.py:4156} INFO - Setting next_dagrun for dataset_consumes_1_never_scheduled to None, run_after=None
[2024-09-06T14:24:46.218+0000] {logging_mixin.py:190} INFO - [2024-09-06T14:24:46.218+0000] {dag.py:4156} INFO - Setting next_dagrun for dataset_consumes_unknown_never_scheduled to None, run_after=None
[2024-09-06T14:24:46.221+0000] {logging_mixin.py:190} INFO - [2024-09-06T14:24:46.220+0000] {dag.py:4156} INFO - Setting next_dagrun for dataset_produces_1 to 2024-09-05 00:00:00+00:00, run_after=2024-09-06 00:00:00+00:00
[2024-09-06T14:24:46.222+0000] {logging_mixin.py:190} INFO - [2024-09-06T14:24:46.222+0000] {dag.py:4156} INFO - Setting next_dagrun for dataset_produces_2 to None, run_after=None
[2024-09-06T14:24:46.255+0000] {processor.py:208} INFO - Processing /home/airflow/.local/lib/python3.12/site-packages/airflow/example_dags/example_datasets.py took 0.247 seconds
[2024-09-06T14:25:16.365+0000] {processor.py:186} INFO - Started process (PID=460) to work on /home/airflow/.local/lib/python3.12/site-packages/airflow/example_dags/example_datasets.py
[2024-09-06T14:25:16.366+0000] {processor.py:914} INFO - Processing file /home/airflow/.local/lib/python3.12/site-packages/airflow/example_dags/example_datasets.py for tasks to queue
[2024-09-06T14:25:16.368+0000] {logging_mixin.py:190} INFO - [2024-09-06T14:25:16.367+0000] {dagbag.py:587} INFO - Filling up the DagBag from /home/airflow/.local/lib/python3.12/site-packages/airflow/example_dags/example_datasets.py
[2024-09-06T14:25:16.496+0000] {processor.py:925} INFO - DAG(s) 'consume_1_or_both_2_and_3_with_dataset_expressions', 'consume_1_or_2_with_dataset_expressions', 'conditional_dataset_and_time_based_timetable', 'dataset_consumes_1_never_scheduled', 'dataset_produces_2', 'consume_1_and_2_with_dataset_expressions', 'dataset_consumes_1_and_2', 'dataset_consumes_1', 'dataset_produces_1', 'dataset_consumes_unknown_never_scheduled' retrieved from /home/airflow/.local/lib/python3.12/site-packages/airflow/example_dags/example_datasets.py
[2024-09-06T14:25:16.530+0000] {logging_mixin.py:190} INFO - [2024-09-06T14:25:16.530+0000] {dag.py:3229} INFO - Sync 10 DAGs
[2024-09-06T14:25:16.551+0000] {logging_mixin.py:190} INFO - [2024-09-06T14:25:16.551+0000] {dag.py:4156} INFO - Setting next_dagrun for conditional_dataset_and_time_based_timetable to 2024-09-04 01:00:00+00:00, run_after=2024-09-04 01:00:00+00:00
[2024-09-06T14:25:16.554+0000] {logging_mixin.py:190} INFO - [2024-09-06T14:25:16.554+0000] {dag.py:4156} INFO - Setting next_dagrun for consume_1_and_2_with_dataset_expressions to None, run_after=None
[2024-09-06T14:25:16.555+0000] {logging_mixin.py:190} INFO - [2024-09-06T14:25:16.555+0000] {dag.py:4156} INFO - Setting next_dagrun for consume_1_or_2_with_dataset_expressions to None, run_after=None
[2024-09-06T14:25:16.556+0000] {logging_mixin.py:190} INFO - [2024-09-06T14:25:16.556+0000] {dag.py:4156} INFO - Setting next_dagrun for consume_1_or_both_2_and_3_with_dataset_expressions to None, run_after=None
[2024-09-06T14:25:16.558+0000] {logging_mixin.py:190} INFO - [2024-09-06T14:25:16.557+0000] {dag.py:4156} INFO - Setting next_dagrun for dataset_consumes_1 to None, run_after=None
[2024-09-06T14:25:16.559+0000] {logging_mixin.py:190} INFO - [2024-09-06T14:25:16.559+0000] {dag.py:4156} INFO - Setting next_dagrun for dataset_consumes_1_and_2 to None, run_after=None
[2024-09-06T14:25:16.560+0000] {logging_mixin.py:190} INFO - [2024-09-06T14:25:16.560+0000] {dag.py:4156} INFO - Setting next_dagrun for dataset_consumes_1_never_scheduled to None, run_after=None
[2024-09-06T14:25:16.561+0000] {logging_mixin.py:190} INFO - [2024-09-06T14:25:16.561+0000] {dag.py:4156} INFO - Setting next_dagrun for dataset_consumes_unknown_never_scheduled to None, run_after=None
[2024-09-06T14:25:16.563+0000] {logging_mixin.py:190} INFO - [2024-09-06T14:25:16.563+0000] {dag.py:4156} INFO - Setting next_dagrun for dataset_produces_1 to 2024-09-05 00:00:00+00:00, run_after=2024-09-06 00:00:00+00:00
[2024-09-06T14:25:16.565+0000] {logging_mixin.py:190} INFO - [2024-09-06T14:25:16.564+0000] {dag.py:4156} INFO - Setting next_dagrun for dataset_produces_2 to None, run_after=None
[2024-09-06T14:25:16.593+0000] {processor.py:208} INFO - Processing /home/airflow/.local/lib/python3.12/site-packages/airflow/example_dags/example_datasets.py took 0.234 seconds
[2024-09-06T14:25:46.822+0000] {processor.py:186} INFO - Started process (PID=522) to work on /home/airflow/.local/lib/python3.12/site-packages/airflow/example_dags/example_datasets.py
[2024-09-06T14:25:46.823+0000] {processor.py:914} INFO - Processing file /home/airflow/.local/lib/python3.12/site-packages/airflow/example_dags/example_datasets.py for tasks to queue
[2024-09-06T14:25:46.826+0000] {logging_mixin.py:190} INFO - [2024-09-06T14:25:46.825+0000] {dagbag.py:587} INFO - Filling up the DagBag from /home/airflow/.local/lib/python3.12/site-packages/airflow/example_dags/example_datasets.py
[2024-09-06T14:25:46.956+0000] {processor.py:925} INFO - DAG(s) 'dataset_consumes_1_and_2', 'dataset_consumes_1_never_scheduled', 'dataset_produces_1', 'conditional_dataset_and_time_based_timetable', 'dataset_consumes_1', 'consume_1_or_2_with_dataset_expressions', 'dataset_consumes_unknown_never_scheduled', 'consume_1_or_both_2_and_3_with_dataset_expressions', 'consume_1_and_2_with_dataset_expressions', 'dataset_produces_2' retrieved from /home/airflow/.local/lib/python3.12/site-packages/airflow/example_dags/example_datasets.py
[2024-09-06T14:25:46.993+0000] {logging_mixin.py:190} INFO - [2024-09-06T14:25:46.992+0000] {dag.py:3229} INFO - Sync 10 DAGs
[2024-09-06T14:25:47.013+0000] {logging_mixin.py:190} INFO - [2024-09-06T14:25:47.013+0000] {dag.py:4156} INFO - Setting next_dagrun for conditional_dataset_and_time_based_timetable to 2024-09-04 01:00:00+00:00, run_after=2024-09-04 01:00:00+00:00
[2024-09-06T14:25:47.016+0000] {logging_mixin.py:190} INFO - [2024-09-06T14:25:47.016+0000] {dag.py:4156} INFO - Setting next_dagrun for consume_1_and_2_with_dataset_expressions to None, run_after=None
[2024-09-06T14:25:47.018+0000] {logging_mixin.py:190} INFO - [2024-09-06T14:25:47.017+0000] {dag.py:4156} INFO - Setting next_dagrun for consume_1_or_2_with_dataset_expressions to None, run_after=None
[2024-09-06T14:25:47.019+0000] {logging_mixin.py:190} INFO - [2024-09-06T14:25:47.019+0000] {dag.py:4156} INFO - Setting next_dagrun for consume_1_or_both_2_and_3_with_dataset_expressions to None, run_after=None
[2024-09-06T14:25:47.020+0000] {logging_mixin.py:190} INFO - [2024-09-06T14:25:47.020+0000] {dag.py:4156} INFO - Setting next_dagrun for dataset_consumes_1 to None, run_after=None
[2024-09-06T14:25:47.022+0000] {logging_mixin.py:190} INFO - [2024-09-06T14:25:47.022+0000] {dag.py:4156} INFO - Setting next_dagrun for dataset_consumes_1_and_2 to None, run_after=None
[2024-09-06T14:25:47.023+0000] {logging_mixin.py:190} INFO - [2024-09-06T14:25:47.023+0000] {dag.py:4156} INFO - Setting next_dagrun for dataset_consumes_1_never_scheduled to None, run_after=None
[2024-09-06T14:25:47.024+0000] {logging_mixin.py:190} INFO - [2024-09-06T14:25:47.024+0000] {dag.py:4156} INFO - Setting next_dagrun for dataset_consumes_unknown_never_scheduled to None, run_after=None
[2024-09-06T14:25:47.026+0000] {logging_mixin.py:190} INFO - [2024-09-06T14:25:47.026+0000] {dag.py:4156} INFO - Setting next_dagrun for dataset_produces_1 to 2024-09-05 00:00:00+00:00, run_after=2024-09-06 00:00:00+00:00
[2024-09-06T14:25:47.027+0000] {logging_mixin.py:190} INFO - [2024-09-06T14:25:47.027+0000] {dag.py:4156} INFO - Setting next_dagrun for dataset_produces_2 to None, run_after=None
[2024-09-06T14:25:47.057+0000] {processor.py:208} INFO - Processing /home/airflow/.local/lib/python3.12/site-packages/airflow/example_dags/example_datasets.py took 0.244 seconds
[2024-09-06T14:26:17.138+0000] {processor.py:186} INFO - Started process (PID=585) to work on /home/airflow/.local/lib/python3.12/site-packages/airflow/example_dags/example_datasets.py
[2024-09-06T14:26:17.139+0000] {processor.py:914} INFO - Processing file /home/airflow/.local/lib/python3.12/site-packages/airflow/example_dags/example_datasets.py for tasks to queue
[2024-09-06T14:26:17.141+0000] {logging_mixin.py:190} INFO - [2024-09-06T14:26:17.140+0000] {dagbag.py:587} INFO - Filling up the DagBag from /home/airflow/.local/lib/python3.12/site-packages/airflow/example_dags/example_datasets.py
[2024-09-06T14:26:17.267+0000] {processor.py:925} INFO - DAG(s) 'consume_1_or_both_2_and_3_with_dataset_expressions', 'dataset_consumes_1_never_scheduled', 'conditional_dataset_and_time_based_timetable', 'dataset_produces_2', 'consume_1_and_2_with_dataset_expressions', 'dataset_consumes_1', 'consume_1_or_2_with_dataset_expressions', 'dataset_consumes_1_and_2', 'dataset_consumes_unknown_never_scheduled', 'dataset_produces_1' retrieved from /home/airflow/.local/lib/python3.12/site-packages/airflow/example_dags/example_datasets.py
[2024-09-06T14:26:17.301+0000] {logging_mixin.py:190} INFO - [2024-09-06T14:26:17.301+0000] {dag.py:3229} INFO - Sync 10 DAGs
[2024-09-06T14:26:17.323+0000] {logging_mixin.py:190} INFO - [2024-09-06T14:26:17.323+0000] {dag.py:4156} INFO - Setting next_dagrun for conditional_dataset_and_time_based_timetable to 2024-09-04 01:00:00+00:00, run_after=2024-09-04 01:00:00+00:00
[2024-09-06T14:26:17.327+0000] {logging_mixin.py:190} INFO - [2024-09-06T14:26:17.326+0000] {dag.py:4156} INFO - Setting next_dagrun for consume_1_and_2_with_dataset_expressions to None, run_after=None
[2024-09-06T14:26:17.328+0000] {logging_mixin.py:190} INFO - [2024-09-06T14:26:17.328+0000] {dag.py:4156} INFO - Setting next_dagrun for consume_1_or_2_with_dataset_expressions to None, run_after=None
[2024-09-06T14:26:17.329+0000] {logging_mixin.py:190} INFO - [2024-09-06T14:26:17.329+0000] {dag.py:4156} INFO - Setting next_dagrun for consume_1_or_both_2_and_3_with_dataset_expressions to None, run_after=None
[2024-09-06T14:26:17.330+0000] {logging_mixin.py:190} INFO - [2024-09-06T14:26:17.330+0000] {dag.py:4156} INFO - Setting next_dagrun for dataset_consumes_1 to None, run_after=None
[2024-09-06T14:26:17.331+0000] {logging_mixin.py:190} INFO - [2024-09-06T14:26:17.331+0000] {dag.py:4156} INFO - Setting next_dagrun for dataset_consumes_1_and_2 to None, run_after=None
[2024-09-06T14:26:17.332+0000] {logging_mixin.py:190} INFO - [2024-09-06T14:26:17.332+0000] {dag.py:4156} INFO - Setting next_dagrun for dataset_consumes_1_never_scheduled to None, run_after=None
[2024-09-06T14:26:17.333+0000] {logging_mixin.py:190} INFO - [2024-09-06T14:26:17.333+0000] {dag.py:4156} INFO - Setting next_dagrun for dataset_consumes_unknown_never_scheduled to None, run_after=None
[2024-09-06T14:26:17.334+0000] {logging_mixin.py:190} INFO - [2024-09-06T14:26:17.334+0000] {dag.py:4156} INFO - Setting next_dagrun for dataset_produces_1 to 2024-09-05 00:00:00+00:00, run_after=2024-09-06 00:00:00+00:00
[2024-09-06T14:26:17.335+0000] {logging_mixin.py:190} INFO - [2024-09-06T14:26:17.335+0000] {dag.py:4156} INFO - Setting next_dagrun for dataset_produces_2 to None, run_after=None
[2024-09-06T14:26:17.368+0000] {processor.py:208} INFO - Processing /home/airflow/.local/lib/python3.12/site-packages/airflow/example_dags/example_datasets.py took 0.235 seconds
[2024-09-06T14:26:47.424+0000] {processor.py:186} INFO - Started process (PID=647) to work on /home/airflow/.local/lib/python3.12/site-packages/airflow/example_dags/example_datasets.py
[2024-09-06T14:26:47.425+0000] {processor.py:914} INFO - Processing file /home/airflow/.local/lib/python3.12/site-packages/airflow/example_dags/example_datasets.py for tasks to queue
[2024-09-06T14:26:47.427+0000] {logging_mixin.py:190} INFO - [2024-09-06T14:26:47.427+0000] {dagbag.py:587} INFO - Filling up the DagBag from /home/airflow/.local/lib/python3.12/site-packages/airflow/example_dags/example_datasets.py
[2024-09-06T14:26:47.554+0000] {processor.py:925} INFO - DAG(s) 'dataset_consumes_1_and_2', 'dataset_produces_1', 'consume_1_or_both_2_and_3_with_dataset_expressions', 'dataset_consumes_unknown_never_scheduled', 'consume_1_and_2_with_dataset_expressions', 'consume_1_or_2_with_dataset_expressions', 'conditional_dataset_and_time_based_timetable', 'dataset_produces_2', 'dataset_consumes_1_never_scheduled', 'dataset_consumes_1' retrieved from /home/airflow/.local/lib/python3.12/site-packages/airflow/example_dags/example_datasets.py
[2024-09-06T14:26:47.593+0000] {logging_mixin.py:190} INFO - [2024-09-06T14:26:47.593+0000] {dag.py:3229} INFO - Sync 10 DAGs
[2024-09-06T14:26:47.614+0000] {logging_mixin.py:190} INFO - [2024-09-06T14:26:47.614+0000] {dag.py:4156} INFO - Setting next_dagrun for conditional_dataset_and_time_based_timetable to 2024-09-04 01:00:00+00:00, run_after=2024-09-04 01:00:00+00:00
[2024-09-06T14:26:47.617+0000] {logging_mixin.py:190} INFO - [2024-09-06T14:26:47.617+0000] {dag.py:4156} INFO - Setting next_dagrun for consume_1_and_2_with_dataset_expressions to None, run_after=None
[2024-09-06T14:26:47.618+0000] {logging_mixin.py:190} INFO - [2024-09-06T14:26:47.618+0000] {dag.py:4156} INFO - Setting next_dagrun for consume_1_or_2_with_dataset_expressions to None, run_after=None
[2024-09-06T14:26:47.620+0000] {logging_mixin.py:190} INFO - [2024-09-06T14:26:47.619+0000] {dag.py:4156} INFO - Setting next_dagrun for consume_1_or_both_2_and_3_with_dataset_expressions to None, run_after=None
[2024-09-06T14:26:47.621+0000] {logging_mixin.py:190} INFO - [2024-09-06T14:26:47.621+0000] {dag.py:4156} INFO - Setting next_dagrun for dataset_consumes_1 to None, run_after=None
[2024-09-06T14:26:47.622+0000] {logging_mixin.py:190} INFO - [2024-09-06T14:26:47.622+0000] {dag.py:4156} INFO - Setting next_dagrun for dataset_consumes_1_and_2 to None, run_after=None
[2024-09-06T14:26:47.623+0000] {logging_mixin.py:190} INFO - [2024-09-06T14:26:47.623+0000] {dag.py:4156} INFO - Setting next_dagrun for dataset_consumes_1_never_scheduled to None, run_after=None
[2024-09-06T14:26:47.624+0000] {logging_mixin.py:190} INFO - [2024-09-06T14:26:47.624+0000] {dag.py:4156} INFO - Setting next_dagrun for dataset_consumes_unknown_never_scheduled to None, run_after=None
[2024-09-06T14:26:47.626+0000] {logging_mixin.py:190} INFO - [2024-09-06T14:26:47.626+0000] {dag.py:4156} INFO - Setting next_dagrun for dataset_produces_1 to 2024-09-05 00:00:00+00:00, run_after=2024-09-06 00:00:00+00:00
[2024-09-06T14:26:47.628+0000] {logging_mixin.py:190} INFO - [2024-09-06T14:26:47.627+0000] {dag.py:4156} INFO - Setting next_dagrun for dataset_produces_2 to None, run_after=None
[2024-09-06T14:26:47.660+0000] {processor.py:208} INFO - Processing /home/airflow/.local/lib/python3.12/site-packages/airflow/example_dags/example_datasets.py took 0.241 seconds
[2024-09-06T14:27:18.631+0000] {processor.py:186} INFO - Started process (PID=709) to work on /home/airflow/.local/lib/python3.12/site-packages/airflow/example_dags/example_datasets.py
[2024-09-06T14:27:18.632+0000] {processor.py:914} INFO - Processing file /home/airflow/.local/lib/python3.12/site-packages/airflow/example_dags/example_datasets.py for tasks to queue
[2024-09-06T14:27:18.634+0000] {logging_mixin.py:190} INFO - [2024-09-06T14:27:18.633+0000] {dagbag.py:587} INFO - Filling up the DagBag from /home/airflow/.local/lib/python3.12/site-packages/airflow/example_dags/example_datasets.py
[2024-09-06T14:27:18.764+0000] {processor.py:925} INFO - DAG(s) 'consume_1_or_2_with_dataset_expressions', 'dataset_produces_1', 'conditional_dataset_and_time_based_timetable', 'dataset_consumes_1_never_scheduled', 'dataset_consumes_unknown_never_scheduled', 'dataset_produces_2', 'dataset_consumes_1', 'consume_1_or_both_2_and_3_with_dataset_expressions', 'consume_1_and_2_with_dataset_expressions', 'dataset_consumes_1_and_2' retrieved from /home/airflow/.local/lib/python3.12/site-packages/airflow/example_dags/example_datasets.py
[2024-09-06T14:27:18.807+0000] {logging_mixin.py:190} INFO - [2024-09-06T14:27:18.807+0000] {dag.py:3229} INFO - Sync 10 DAGs
[2024-09-06T14:27:18.829+0000] {logging_mixin.py:190} INFO - [2024-09-06T14:27:18.829+0000] {dag.py:4156} INFO - Setting next_dagrun for conditional_dataset_and_time_based_timetable to 2024-09-04 01:00:00+00:00, run_after=2024-09-04 01:00:00+00:00
[2024-09-06T14:27:18.833+0000] {logging_mixin.py:190} INFO - [2024-09-06T14:27:18.833+0000] {dag.py:4156} INFO - Setting next_dagrun for consume_1_and_2_with_dataset_expressions to None, run_after=None
[2024-09-06T14:27:18.835+0000] {logging_mixin.py:190} INFO - [2024-09-06T14:27:18.834+0000] {dag.py:4156} INFO - Setting next_dagrun for consume_1_or_2_with_dataset_expressions to None, run_after=None
[2024-09-06T14:27:18.836+0000] {logging_mixin.py:190} INFO - [2024-09-06T14:27:18.836+0000] {dag.py:4156} INFO - Setting next_dagrun for consume_1_or_both_2_and_3_with_dataset_expressions to None, run_after=None
[2024-09-06T14:27:18.838+0000] {logging_mixin.py:190} INFO - [2024-09-06T14:27:18.837+0000] {dag.py:4156} INFO - Setting next_dagrun for dataset_consumes_1 to None, run_after=None
[2024-09-06T14:27:18.839+0000] {logging_mixin.py:190} INFO - [2024-09-06T14:27:18.839+0000] {dag.py:4156} INFO - Setting next_dagrun for dataset_consumes_1_and_2 to None, run_after=None
[2024-09-06T14:27:18.840+0000] {logging_mixin.py:190} INFO - [2024-09-06T14:27:18.840+0000] {dag.py:4156} INFO - Setting next_dagrun for dataset_consumes_1_never_scheduled to None, run_after=None
[2024-09-06T14:27:18.842+0000] {logging_mixin.py:190} INFO - [2024-09-06T14:27:18.842+0000] {dag.py:4156} INFO - Setting next_dagrun for dataset_consumes_unknown_never_scheduled to None, run_after=None
[2024-09-06T14:27:18.844+0000] {logging_mixin.py:190} INFO - [2024-09-06T14:27:18.844+0000] {dag.py:4156} INFO - Setting next_dagrun for dataset_produces_1 to 2024-09-05 00:00:00+00:00, run_after=2024-09-06 00:00:00+00:00
[2024-09-06T14:27:18.845+0000] {logging_mixin.py:190} INFO - [2024-09-06T14:27:18.845+0000] {dag.py:4156} INFO - Setting next_dagrun for dataset_produces_2 to None, run_after=None
[2024-09-06T14:27:18.877+0000] {processor.py:208} INFO - Processing /home/airflow/.local/lib/python3.12/site-packages/airflow/example_dags/example_datasets.py took 0.252 seconds
[2024-09-06T14:27:48.991+0000] {processor.py:186} INFO - Started process (PID=773) to work on /home/airflow/.local/lib/python3.12/site-packages/airflow/example_dags/example_datasets.py
[2024-09-06T14:27:48.992+0000] {processor.py:914} INFO - Processing file /home/airflow/.local/lib/python3.12/site-packages/airflow/example_dags/example_datasets.py for tasks to queue
[2024-09-06T14:27:48.994+0000] {logging_mixin.py:190} INFO - [2024-09-06T14:27:48.994+0000] {dagbag.py:587} INFO - Filling up the DagBag from /home/airflow/.local/lib/python3.12/site-packages/airflow/example_dags/example_datasets.py
[2024-09-06T14:27:49.119+0000] {processor.py:925} INFO - DAG(s) 'dataset_consumes_1', 'dataset_consumes_1_never_scheduled', 'consume_1_or_2_with_dataset_expressions', 'consume_1_and_2_with_dataset_expressions', 'dataset_produces_2', 'dataset_produces_1', 'consume_1_or_both_2_and_3_with_dataset_expressions', 'dataset_consumes_unknown_never_scheduled', 'dataset_consumes_1_and_2', 'conditional_dataset_and_time_based_timetable' retrieved from /home/airflow/.local/lib/python3.12/site-packages/airflow/example_dags/example_datasets.py
[2024-09-06T14:27:49.164+0000] {logging_mixin.py:190} INFO - [2024-09-06T14:27:49.164+0000] {dag.py:3229} INFO - Sync 10 DAGs
[2024-09-06T14:27:49.185+0000] {logging_mixin.py:190} INFO - [2024-09-06T14:27:49.185+0000] {dag.py:4156} INFO - Setting next_dagrun for conditional_dataset_and_time_based_timetable to 2024-09-04 01:00:00+00:00, run_after=2024-09-04 01:00:00+00:00
[2024-09-06T14:27:49.188+0000] {logging_mixin.py:190} INFO - [2024-09-06T14:27:49.188+0000] {dag.py:4156} INFO - Setting next_dagrun for consume_1_and_2_with_dataset_expressions to None, run_after=None
[2024-09-06T14:27:49.190+0000] {logging_mixin.py:190} INFO - [2024-09-06T14:27:49.189+0000] {dag.py:4156} INFO - Setting next_dagrun for consume_1_or_2_with_dataset_expressions to None, run_after=None
[2024-09-06T14:27:49.191+0000] {logging_mixin.py:190} INFO - [2024-09-06T14:27:49.191+0000] {dag.py:4156} INFO - Setting next_dagrun for consume_1_or_both_2_and_3_with_dataset_expressions to None, run_after=None
[2024-09-06T14:27:49.192+0000] {logging_mixin.py:190} INFO - [2024-09-06T14:27:49.192+0000] {dag.py:4156} INFO - Setting next_dagrun for dataset_consumes_1 to None, run_after=None
[2024-09-06T14:27:49.194+0000] {logging_mixin.py:190} INFO - [2024-09-06T14:27:49.194+0000] {dag.py:4156} INFO - Setting next_dagrun for dataset_consumes_1_and_2 to None, run_after=None
[2024-09-06T14:27:49.195+0000] {logging_mixin.py:190} INFO - [2024-09-06T14:27:49.195+0000] {dag.py:4156} INFO - Setting next_dagrun for dataset_consumes_1_never_scheduled to None, run_after=None
[2024-09-06T14:27:49.197+0000] {logging_mixin.py:190} INFO - [2024-09-06T14:27:49.197+0000] {dag.py:4156} INFO - Setting next_dagrun for dataset_consumes_unknown_never_scheduled to None, run_after=None
[2024-09-06T14:27:49.199+0000] {logging_mixin.py:190} INFO - [2024-09-06T14:27:49.199+0000] {dag.py:4156} INFO - Setting next_dagrun for dataset_produces_1 to 2024-09-05 00:00:00+00:00, run_after=2024-09-06 00:00:00+00:00
[2024-09-06T14:27:49.201+0000] {logging_mixin.py:190} INFO - [2024-09-06T14:27:49.201+0000] {dag.py:4156} INFO - Setting next_dagrun for dataset_produces_2 to None, run_after=None
[2024-09-06T14:27:49.235+0000] {processor.py:208} INFO - Processing /home/airflow/.local/lib/python3.12/site-packages/airflow/example_dags/example_datasets.py took 0.249 seconds
[2024-09-06T14:28:19.279+0000] {processor.py:186} INFO - Started process (PID=836) to work on /home/airflow/.local/lib/python3.12/site-packages/airflow/example_dags/example_datasets.py
[2024-09-06T14:28:19.280+0000] {processor.py:914} INFO - Processing file /home/airflow/.local/lib/python3.12/site-packages/airflow/example_dags/example_datasets.py for tasks to queue
[2024-09-06T14:28:19.283+0000] {logging_mixin.py:190} INFO - [2024-09-06T14:28:19.282+0000] {dagbag.py:587} INFO - Filling up the DagBag from /home/airflow/.local/lib/python3.12/site-packages/airflow/example_dags/example_datasets.py
[2024-09-06T14:28:19.424+0000] {processor.py:925} INFO - DAG(s) 'dataset_consumes_1', 'dataset_consumes_1_never_scheduled', 'consume_1_or_2_with_dataset_expressions', 'dataset_produces_2', 'dataset_produces_1', 'conditional_dataset_and_time_based_timetable', 'consume_1_and_2_with_dataset_expressions', 'consume_1_or_both_2_and_3_with_dataset_expressions', 'dataset_consumes_unknown_never_scheduled', 'dataset_consumes_1_and_2' retrieved from /home/airflow/.local/lib/python3.12/site-packages/airflow/example_dags/example_datasets.py
[2024-09-06T14:28:19.465+0000] {logging_mixin.py:190} INFO - [2024-09-06T14:28:19.465+0000] {dag.py:3229} INFO - Sync 10 DAGs
[2024-09-06T14:28:19.487+0000] {logging_mixin.py:190} INFO - [2024-09-06T14:28:19.487+0000] {dag.py:4156} INFO - Setting next_dagrun for conditional_dataset_and_time_based_timetable to 2024-09-04 01:00:00+00:00, run_after=2024-09-04 01:00:00+00:00
[2024-09-06T14:28:19.491+0000] {logging_mixin.py:190} INFO - [2024-09-06T14:28:19.491+0000] {dag.py:4156} INFO - Setting next_dagrun for consume_1_and_2_with_dataset_expressions to None, run_after=None
[2024-09-06T14:28:19.492+0000] {logging_mixin.py:190} INFO - [2024-09-06T14:28:19.492+0000] {dag.py:4156} INFO - Setting next_dagrun for consume_1_or_2_with_dataset_expressions to None, run_after=None
[2024-09-06T14:28:19.493+0000] {logging_mixin.py:190} INFO - [2024-09-06T14:28:19.493+0000] {dag.py:4156} INFO - Setting next_dagrun for consume_1_or_both_2_and_3_with_dataset_expressions to None, run_after=None
[2024-09-06T14:28:19.494+0000] {logging_mixin.py:190} INFO - [2024-09-06T14:28:19.494+0000] {dag.py:4156} INFO - Setting next_dagrun for dataset_consumes_1 to None, run_after=None
[2024-09-06T14:28:19.496+0000] {logging_mixin.py:190} INFO - [2024-09-06T14:28:19.495+0000] {dag.py:4156} INFO - Setting next_dagrun for dataset_consumes_1_and_2 to None, run_after=None
[2024-09-06T14:28:19.497+0000] {logging_mixin.py:190} INFO - [2024-09-06T14:28:19.497+0000] {dag.py:4156} INFO - Setting next_dagrun for dataset_consumes_1_never_scheduled to None, run_after=None
[2024-09-06T14:28:19.499+0000] {logging_mixin.py:190} INFO - [2024-09-06T14:28:19.498+0000] {dag.py:4156} INFO - Setting next_dagrun for dataset_consumes_unknown_never_scheduled to None, run_after=None
[2024-09-06T14:28:19.501+0000] {logging_mixin.py:190} INFO - [2024-09-06T14:28:19.501+0000] {dag.py:4156} INFO - Setting next_dagrun for dataset_produces_1 to 2024-09-05 00:00:00+00:00, run_after=2024-09-06 00:00:00+00:00
[2024-09-06T14:28:19.502+0000] {logging_mixin.py:190} INFO - [2024-09-06T14:28:19.502+0000] {dag.py:4156} INFO - Setting next_dagrun for dataset_produces_2 to None, run_after=None
[2024-09-06T14:28:19.531+0000] {processor.py:208} INFO - Processing /home/airflow/.local/lib/python3.12/site-packages/airflow/example_dags/example_datasets.py took 0.259 seconds
[2024-09-06T14:28:49.657+0000] {processor.py:186} INFO - Started process (PID=900) to work on /home/airflow/.local/lib/python3.12/site-packages/airflow/example_dags/example_datasets.py
[2024-09-06T14:28:49.657+0000] {processor.py:914} INFO - Processing file /home/airflow/.local/lib/python3.12/site-packages/airflow/example_dags/example_datasets.py for tasks to queue
[2024-09-06T14:28:49.659+0000] {logging_mixin.py:190} INFO - [2024-09-06T14:28:49.659+0000] {dagbag.py:587} INFO - Filling up the DagBag from /home/airflow/.local/lib/python3.12/site-packages/airflow/example_dags/example_datasets.py
[2024-09-06T14:28:49.779+0000] {processor.py:925} INFO - DAG(s) 'consume_1_or_both_2_and_3_with_dataset_expressions', 'dataset_consumes_1_and_2', 'dataset_consumes_unknown_never_scheduled', 'dataset_produces_1', 'dataset_consumes_1_never_scheduled', 'dataset_produces_2', 'consume_1_or_2_with_dataset_expressions', 'conditional_dataset_and_time_based_timetable', 'dataset_consumes_1', 'consume_1_and_2_with_dataset_expressions' retrieved from /home/airflow/.local/lib/python3.12/site-packages/airflow/example_dags/example_datasets.py
[2024-09-06T14:28:49.812+0000] {logging_mixin.py:190} INFO - [2024-09-06T14:28:49.812+0000] {dag.py:3229} INFO - Sync 10 DAGs
[2024-09-06T14:28:49.831+0000] {logging_mixin.py:190} INFO - [2024-09-06T14:28:49.831+0000] {dag.py:4156} INFO - Setting next_dagrun for conditional_dataset_and_time_based_timetable to 2024-09-04 01:00:00+00:00, run_after=2024-09-04 01:00:00+00:00
[2024-09-06T14:28:49.834+0000] {logging_mixin.py:190} INFO - [2024-09-06T14:28:49.834+0000] {dag.py:4156} INFO - Setting next_dagrun for consume_1_and_2_with_dataset_expressions to None, run_after=None
[2024-09-06T14:28:49.835+0000] {logging_mixin.py:190} INFO - [2024-09-06T14:28:49.835+0000] {dag.py:4156} INFO - Setting next_dagrun for consume_1_or_2_with_dataset_expressions to None, run_after=None
[2024-09-06T14:28:49.837+0000] {logging_mixin.py:190} INFO - [2024-09-06T14:28:49.837+0000] {dag.py:4156} INFO - Setting next_dagrun for consume_1_or_both_2_and_3_with_dataset_expressions to None, run_after=None
[2024-09-06T14:28:49.838+0000] {logging_mixin.py:190} INFO - [2024-09-06T14:28:49.838+0000] {dag.py:4156} INFO - Setting next_dagrun for dataset_consumes_1 to None, run_after=None
[2024-09-06T14:28:49.840+0000] {logging_mixin.py:190} INFO - [2024-09-06T14:28:49.840+0000] {dag.py:4156} INFO - Setting next_dagrun for dataset_consumes_1_and_2 to None, run_after=None
[2024-09-06T14:28:49.841+0000] {logging_mixin.py:190} INFO - [2024-09-06T14:28:49.841+0000] {dag.py:4156} INFO - Setting next_dagrun for dataset_consumes_1_never_scheduled to None, run_after=None
[2024-09-06T14:28:49.842+0000] {logging_mixin.py:190} INFO - [2024-09-06T14:28:49.842+0000] {dag.py:4156} INFO - Setting next_dagrun for dataset_consumes_unknown_never_scheduled to None, run_after=None
[2024-09-06T14:28:49.844+0000] {logging_mixin.py:190} INFO - [2024-09-06T14:28:49.844+0000] {dag.py:4156} INFO - Setting next_dagrun for dataset_produces_1 to 2024-09-05 00:00:00+00:00, run_after=2024-09-06 00:00:00+00:00
[2024-09-06T14:28:49.845+0000] {logging_mixin.py:190} INFO - [2024-09-06T14:28:49.845+0000] {dag.py:4156} INFO - Setting next_dagrun for dataset_produces_2 to None, run_after=None
[2024-09-06T14:28:49.875+0000] {processor.py:208} INFO - Processing /home/airflow/.local/lib/python3.12/site-packages/airflow/example_dags/example_datasets.py took 0.223 seconds
[2024-09-06T14:29:20.740+0000] {processor.py:186} INFO - Started process (PID=962) to work on /home/airflow/.local/lib/python3.12/site-packages/airflow/example_dags/example_datasets.py
[2024-09-06T14:29:20.741+0000] {processor.py:914} INFO - Processing file /home/airflow/.local/lib/python3.12/site-packages/airflow/example_dags/example_datasets.py for tasks to queue
[2024-09-06T14:29:20.744+0000] {logging_mixin.py:190} INFO - [2024-09-06T14:29:20.743+0000] {dagbag.py:587} INFO - Filling up the DagBag from /home/airflow/.local/lib/python3.12/site-packages/airflow/example_dags/example_datasets.py
[2024-09-06T14:29:20.872+0000] {processor.py:925} INFO - DAG(s) 'dataset_produces_2', 'dataset_consumes_1_never_scheduled', 'consume_1_or_both_2_and_3_with_dataset_expressions', 'dataset_produces_1', 'consume_1_and_2_with_dataset_expressions', 'consume_1_or_2_with_dataset_expressions', 'dataset_consumes_1', 'dataset_consumes_unknown_never_scheduled', 'dataset_consumes_1_and_2', 'conditional_dataset_and_time_based_timetable' retrieved from /home/airflow/.local/lib/python3.12/site-packages/airflow/example_dags/example_datasets.py
[2024-09-06T14:29:20.912+0000] {logging_mixin.py:190} INFO - [2024-09-06T14:29:20.912+0000] {dag.py:3229} INFO - Sync 10 DAGs
[2024-09-06T14:29:20.938+0000] {logging_mixin.py:190} INFO - [2024-09-06T14:29:20.937+0000] {dag.py:4156} INFO - Setting next_dagrun for conditional_dataset_and_time_based_timetable to 2024-09-04 01:00:00+00:00, run_after=2024-09-04 01:00:00+00:00
[2024-09-06T14:29:20.941+0000] {logging_mixin.py:190} INFO - [2024-09-06T14:29:20.941+0000] {dag.py:4156} INFO - Setting next_dagrun for consume_1_and_2_with_dataset_expressions to None, run_after=None
[2024-09-06T14:29:20.943+0000] {logging_mixin.py:190} INFO - [2024-09-06T14:29:20.943+0000] {dag.py:4156} INFO - Setting next_dagrun for consume_1_or_2_with_dataset_expressions to None, run_after=None
[2024-09-06T14:29:20.944+0000] {logging_mixin.py:190} INFO - [2024-09-06T14:29:20.944+0000] {dag.py:4156} INFO - Setting next_dagrun for consume_1_or_both_2_and_3_with_dataset_expressions to None, run_after=None
[2024-09-06T14:29:20.945+0000] {logging_mixin.py:190} INFO - [2024-09-06T14:29:20.945+0000] {dag.py:4156} INFO - Setting next_dagrun for dataset_consumes_1 to None, run_after=None
[2024-09-06T14:29:20.947+0000] {logging_mixin.py:190} INFO - [2024-09-06T14:29:20.946+0000] {dag.py:4156} INFO - Setting next_dagrun for dataset_consumes_1_and_2 to None, run_after=None
[2024-09-06T14:29:20.948+0000] {logging_mixin.py:190} INFO - [2024-09-06T14:29:20.948+0000] {dag.py:4156} INFO - Setting next_dagrun for dataset_consumes_1_never_scheduled to None, run_after=None
[2024-09-06T14:29:20.950+0000] {logging_mixin.py:190} INFO - [2024-09-06T14:29:20.950+0000] {dag.py:4156} INFO - Setting next_dagrun for dataset_consumes_unknown_never_scheduled to None, run_after=None
[2024-09-06T14:29:20.952+0000] {logging_mixin.py:190} INFO - [2024-09-06T14:29:20.952+0000] {dag.py:4156} INFO - Setting next_dagrun for dataset_produces_1 to 2024-09-05 00:00:00+00:00, run_after=2024-09-06 00:00:00+00:00
[2024-09-06T14:29:20.953+0000] {logging_mixin.py:190} INFO - [2024-09-06T14:29:20.953+0000] {dag.py:4156} INFO - Setting next_dagrun for dataset_produces_2 to None, run_after=None
[2024-09-06T14:29:20.986+0000] {processor.py:208} INFO - Processing /home/airflow/.local/lib/python3.12/site-packages/airflow/example_dags/example_datasets.py took 0.251 seconds
[2024-09-06T14:29:51.684+0000] {processor.py:186} INFO - Started process (PID=1024) to work on /home/airflow/.local/lib/python3.12/site-packages/airflow/example_dags/example_datasets.py
[2024-09-06T14:29:51.685+0000] {processor.py:914} INFO - Processing file /home/airflow/.local/lib/python3.12/site-packages/airflow/example_dags/example_datasets.py for tasks to queue
[2024-09-06T14:29:51.687+0000] {logging_mixin.py:190} INFO - [2024-09-06T14:29:51.687+0000] {dagbag.py:587} INFO - Filling up the DagBag from /home/airflow/.local/lib/python3.12/site-packages/airflow/example_dags/example_datasets.py
[2024-09-06T14:29:51.817+0000] {processor.py:925} INFO - DAG(s) 'dataset_consumes_1_and_2', 'dataset_produces_2', 'dataset_produces_1', 'dataset_consumes_1_never_scheduled', 'dataset_consumes_unknown_never_scheduled', 'conditional_dataset_and_time_based_timetable', 'dataset_consumes_1', 'consume_1_or_both_2_and_3_with_dataset_expressions', 'consume_1_and_2_with_dataset_expressions', 'consume_1_or_2_with_dataset_expressions' retrieved from /home/airflow/.local/lib/python3.12/site-packages/airflow/example_dags/example_datasets.py
[2024-09-06T14:29:51.858+0000] {logging_mixin.py:190} INFO - [2024-09-06T14:29:51.858+0000] {dag.py:3229} INFO - Sync 10 DAGs
[2024-09-06T14:29:51.882+0000] {logging_mixin.py:190} INFO - [2024-09-06T14:29:51.882+0000] {dag.py:4156} INFO - Setting next_dagrun for conditional_dataset_and_time_based_timetable to 2024-09-04 01:00:00+00:00, run_after=2024-09-04 01:00:00+00:00
[2024-09-06T14:29:51.886+0000] {logging_mixin.py:190} INFO - [2024-09-06T14:29:51.886+0000] {dag.py:4156} INFO - Setting next_dagrun for consume_1_and_2_with_dataset_expressions to None, run_after=None
[2024-09-06T14:29:51.887+0000] {logging_mixin.py:190} INFO - [2024-09-06T14:29:51.887+0000] {dag.py:4156} INFO - Setting next_dagrun for consume_1_or_2_with_dataset_expressions to None, run_after=None
[2024-09-06T14:29:51.888+0000] {logging_mixin.py:190} INFO - [2024-09-06T14:29:51.888+0000] {dag.py:4156} INFO - Setting next_dagrun for consume_1_or_both_2_and_3_with_dataset_expressions to None, run_after=None
[2024-09-06T14:29:51.889+0000] {logging_mixin.py:190} INFO - [2024-09-06T14:29:51.889+0000] {dag.py:4156} INFO - Setting next_dagrun for dataset_consumes_1 to None, run_after=None
[2024-09-06T14:29:51.890+0000] {logging_mixin.py:190} INFO - [2024-09-06T14:29:51.890+0000] {dag.py:4156} INFO - Setting next_dagrun for dataset_consumes_1_and_2 to None, run_after=None
[2024-09-06T14:29:51.891+0000] {logging_mixin.py:190} INFO - [2024-09-06T14:29:51.891+0000] {dag.py:4156} INFO - Setting next_dagrun for dataset_consumes_1_never_scheduled to None, run_after=None
[2024-09-06T14:29:51.892+0000] {logging_mixin.py:190} INFO - [2024-09-06T14:29:51.892+0000] {dag.py:4156} INFO - Setting next_dagrun for dataset_consumes_unknown_never_scheduled to None, run_after=None
[2024-09-06T14:29:51.894+0000] {logging_mixin.py:190} INFO - [2024-09-06T14:29:51.894+0000] {dag.py:4156} INFO - Setting next_dagrun for dataset_produces_1 to 2024-09-05 00:00:00+00:00, run_after=2024-09-06 00:00:00+00:00
[2024-09-06T14:29:51.895+0000] {logging_mixin.py:190} INFO - [2024-09-06T14:29:51.895+0000] {dag.py:4156} INFO - Setting next_dagrun for dataset_produces_2 to None, run_after=None
[2024-09-06T14:29:51.924+0000] {processor.py:208} INFO - Processing /home/airflow/.local/lib/python3.12/site-packages/airflow/example_dags/example_datasets.py took 0.245 seconds
[2024-09-06T14:30:22.016+0000] {processor.py:186} INFO - Started process (PID=1088) to work on /home/airflow/.local/lib/python3.12/site-packages/airflow/example_dags/example_datasets.py
[2024-09-06T14:30:22.017+0000] {processor.py:914} INFO - Processing file /home/airflow/.local/lib/python3.12/site-packages/airflow/example_dags/example_datasets.py for tasks to queue
[2024-09-06T14:30:22.019+0000] {logging_mixin.py:190} INFO - [2024-09-06T14:30:22.018+0000] {dagbag.py:587} INFO - Filling up the DagBag from /home/airflow/.local/lib/python3.12/site-packages/airflow/example_dags/example_datasets.py
[2024-09-06T14:30:22.160+0000] {processor.py:925} INFO - DAG(s) 'conditional_dataset_and_time_based_timetable', 'dataset_consumes_1_never_scheduled', 'dataset_consumes_1_and_2', 'dataset_produces_1', 'consume_1_or_both_2_and_3_with_dataset_expressions', 'dataset_produces_2', 'consume_1_and_2_with_dataset_expressions', 'dataset_consumes_1', 'consume_1_or_2_with_dataset_expressions', 'dataset_consumes_unknown_never_scheduled' retrieved from /home/airflow/.local/lib/python3.12/site-packages/airflow/example_dags/example_datasets.py
[2024-09-06T14:30:22.197+0000] {logging_mixin.py:190} INFO - [2024-09-06T14:30:22.197+0000] {dag.py:3229} INFO - Sync 10 DAGs
[2024-09-06T14:30:22.220+0000] {logging_mixin.py:190} INFO - [2024-09-06T14:30:22.219+0000] {dag.py:4156} INFO - Setting next_dagrun for conditional_dataset_and_time_based_timetable to 2024-09-04 01:00:00+00:00, run_after=2024-09-04 01:00:00+00:00
[2024-09-06T14:30:22.223+0000] {logging_mixin.py:190} INFO - [2024-09-06T14:30:22.222+0000] {dag.py:4156} INFO - Setting next_dagrun for consume_1_and_2_with_dataset_expressions to None, run_after=None
[2024-09-06T14:30:22.224+0000] {logging_mixin.py:190} INFO - [2024-09-06T14:30:22.224+0000] {dag.py:4156} INFO - Setting next_dagrun for consume_1_or_2_with_dataset_expressions to None, run_after=None
[2024-09-06T14:30:22.225+0000] {logging_mixin.py:190} INFO - [2024-09-06T14:30:22.225+0000] {dag.py:4156} INFO - Setting next_dagrun for consume_1_or_both_2_and_3_with_dataset_expressions to None, run_after=None
[2024-09-06T14:30:22.227+0000] {logging_mixin.py:190} INFO - [2024-09-06T14:30:22.226+0000] {dag.py:4156} INFO - Setting next_dagrun for dataset_consumes_1 to None, run_after=None
[2024-09-06T14:30:22.228+0000] {logging_mixin.py:190} INFO - [2024-09-06T14:30:22.228+0000] {dag.py:4156} INFO - Setting next_dagrun for dataset_consumes_1_and_2 to None, run_after=None
[2024-09-06T14:30:22.229+0000] {logging_mixin.py:190} INFO - [2024-09-06T14:30:22.229+0000] {dag.py:4156} INFO - Setting next_dagrun for dataset_consumes_1_never_scheduled to None, run_after=None
[2024-09-06T14:30:22.230+0000] {logging_mixin.py:190} INFO - [2024-09-06T14:30:22.229+0000] {dag.py:4156} INFO - Setting next_dagrun for dataset_consumes_unknown_never_scheduled to None, run_after=None
[2024-09-06T14:30:22.231+0000] {logging_mixin.py:190} INFO - [2024-09-06T14:30:22.231+0000] {dag.py:4156} INFO - Setting next_dagrun for dataset_produces_1 to 2024-09-05 00:00:00+00:00, run_after=2024-09-06 00:00:00+00:00
[2024-09-06T14:30:22.233+0000] {logging_mixin.py:190} INFO - [2024-09-06T14:30:22.232+0000] {dag.py:4156} INFO - Setting next_dagrun for dataset_produces_2 to None, run_after=None
[2024-09-06T14:30:22.262+0000] {processor.py:208} INFO - Processing /home/airflow/.local/lib/python3.12/site-packages/airflow/example_dags/example_datasets.py took 0.252 seconds
[2024-09-06T14:30:52.367+0000] {processor.py:186} INFO - Started process (PID=1152) to work on /home/airflow/.local/lib/python3.12/site-packages/airflow/example_dags/example_datasets.py
[2024-09-06T14:30:52.367+0000] {processor.py:914} INFO - Processing file /home/airflow/.local/lib/python3.12/site-packages/airflow/example_dags/example_datasets.py for tasks to queue
[2024-09-06T14:30:52.370+0000] {logging_mixin.py:190} INFO - [2024-09-06T14:30:52.369+0000] {dagbag.py:587} INFO - Filling up the DagBag from /home/airflow/.local/lib/python3.12/site-packages/airflow/example_dags/example_datasets.py
[2024-09-06T14:30:52.494+0000] {processor.py:925} INFO - DAG(s) 'dataset_consumes_1', 'consume_1_or_2_with_dataset_expressions', 'dataset_consumes_unknown_never_scheduled', 'consume_1_and_2_with_dataset_expressions', 'dataset_consumes_1_never_scheduled', 'dataset_produces_2', 'conditional_dataset_and_time_based_timetable', 'dataset_produces_1', 'consume_1_or_both_2_and_3_with_dataset_expressions', 'dataset_consumes_1_and_2' retrieved from /home/airflow/.local/lib/python3.12/site-packages/airflow/example_dags/example_datasets.py
[2024-09-06T14:30:52.531+0000] {logging_mixin.py:190} INFO - [2024-09-06T14:30:52.531+0000] {dag.py:3229} INFO - Sync 10 DAGs
[2024-09-06T14:30:52.554+0000] {logging_mixin.py:190} INFO - [2024-09-06T14:30:52.554+0000] {dag.py:4156} INFO - Setting next_dagrun for conditional_dataset_and_time_based_timetable to 2024-09-04 01:00:00+00:00, run_after=2024-09-04 01:00:00+00:00
[2024-09-06T14:30:52.557+0000] {logging_mixin.py:190} INFO - [2024-09-06T14:30:52.557+0000] {dag.py:4156} INFO - Setting next_dagrun for consume_1_and_2_with_dataset_expressions to None, run_after=None
[2024-09-06T14:30:52.558+0000] {logging_mixin.py:190} INFO - [2024-09-06T14:30:52.558+0000] {dag.py:4156} INFO - Setting next_dagrun for consume_1_or_2_with_dataset_expressions to None, run_after=None
[2024-09-06T14:30:52.559+0000] {logging_mixin.py:190} INFO - [2024-09-06T14:30:52.559+0000] {dag.py:4156} INFO - Setting next_dagrun for consume_1_or_both_2_and_3_with_dataset_expressions to None, run_after=None
[2024-09-06T14:30:52.560+0000] {logging_mixin.py:190} INFO - [2024-09-06T14:30:52.560+0000] {dag.py:4156} INFO - Setting next_dagrun for dataset_consumes_1 to None, run_after=None
[2024-09-06T14:30:52.562+0000] {logging_mixin.py:190} INFO - [2024-09-06T14:30:52.561+0000] {dag.py:4156} INFO - Setting next_dagrun for dataset_consumes_1_and_2 to None, run_after=None
[2024-09-06T14:30:52.563+0000] {logging_mixin.py:190} INFO - [2024-09-06T14:30:52.563+0000] {dag.py:4156} INFO - Setting next_dagrun for dataset_consumes_1_never_scheduled to None, run_after=None
[2024-09-06T14:30:52.564+0000] {logging_mixin.py:190} INFO - [2024-09-06T14:30:52.564+0000] {dag.py:4156} INFO - Setting next_dagrun for dataset_consumes_unknown_never_scheduled to None, run_after=None
[2024-09-06T14:30:52.565+0000] {logging_mixin.py:190} INFO - [2024-09-06T14:30:52.565+0000] {dag.py:4156} INFO - Setting next_dagrun for dataset_produces_1 to 2024-09-05 00:00:00+00:00, run_after=2024-09-06 00:00:00+00:00
[2024-09-06T14:30:52.566+0000] {logging_mixin.py:190} INFO - [2024-09-06T14:30:52.566+0000] {dag.py:4156} INFO - Setting next_dagrun for dataset_produces_2 to None, run_after=None
[2024-09-06T14:30:52.594+0000] {processor.py:208} INFO - Processing /home/airflow/.local/lib/python3.12/site-packages/airflow/example_dags/example_datasets.py took 0.232 seconds
[2024-09-06T14:31:22.737+0000] {processor.py:186} INFO - Started process (PID=1210) to work on /home/airflow/.local/lib/python3.12/site-packages/airflow/example_dags/example_datasets.py
[2024-09-06T14:31:22.738+0000] {processor.py:914} INFO - Processing file /home/airflow/.local/lib/python3.12/site-packages/airflow/example_dags/example_datasets.py for tasks to queue
[2024-09-06T14:31:22.740+0000] {logging_mixin.py:190} INFO - [2024-09-06T14:31:22.739+0000] {dagbag.py:587} INFO - Filling up the DagBag from /home/airflow/.local/lib/python3.12/site-packages/airflow/example_dags/example_datasets.py
[2024-09-06T14:31:22.897+0000] {processor.py:925} INFO - DAG(s) 'dataset_consumes_1', 'dataset_consumes_unknown_never_scheduled', 'consume_1_or_both_2_and_3_with_dataset_expressions', 'conditional_dataset_and_time_based_timetable', 'dataset_produces_2', 'dataset_consumes_1_and_2', 'dataset_consumes_1_never_scheduled', 'consume_1_or_2_with_dataset_expressions', 'consume_1_and_2_with_dataset_expressions', 'dataset_produces_1' retrieved from /home/airflow/.local/lib/python3.12/site-packages/airflow/example_dags/example_datasets.py
[2024-09-06T14:31:22.940+0000] {logging_mixin.py:190} INFO - [2024-09-06T14:31:22.940+0000] {dag.py:3229} INFO - Sync 10 DAGs
[2024-09-06T14:31:22.977+0000] {logging_mixin.py:190} INFO - [2024-09-06T14:31:22.976+0000] {dag.py:4156} INFO - Setting next_dagrun for conditional_dataset_and_time_based_timetable to 2024-09-04 01:00:00+00:00, run_after=2024-09-04 01:00:00+00:00
[2024-09-06T14:31:22.980+0000] {logging_mixin.py:190} INFO - [2024-09-06T14:31:22.980+0000] {dag.py:4156} INFO - Setting next_dagrun for consume_1_and_2_with_dataset_expressions to None, run_after=None
[2024-09-06T14:31:22.981+0000] {logging_mixin.py:190} INFO - [2024-09-06T14:31:22.981+0000] {dag.py:4156} INFO - Setting next_dagrun for consume_1_or_2_with_dataset_expressions to None, run_after=None
[2024-09-06T14:31:22.985+0000] {logging_mixin.py:190} INFO - [2024-09-06T14:31:22.985+0000] {dag.py:4156} INFO - Setting next_dagrun for consume_1_or_both_2_and_3_with_dataset_expressions to None, run_after=None
[2024-09-06T14:31:22.987+0000] {logging_mixin.py:190} INFO - [2024-09-06T14:31:22.987+0000] {dag.py:4156} INFO - Setting next_dagrun for dataset_consumes_1 to None, run_after=None
[2024-09-06T14:31:22.989+0000] {logging_mixin.py:190} INFO - [2024-09-06T14:31:22.989+0000] {dag.py:4156} INFO - Setting next_dagrun for dataset_consumes_1_and_2 to None, run_after=None
[2024-09-06T14:31:22.990+0000] {logging_mixin.py:190} INFO - [2024-09-06T14:31:22.990+0000] {dag.py:4156} INFO - Setting next_dagrun for dataset_consumes_1_never_scheduled to None, run_after=None
[2024-09-06T14:31:22.991+0000] {logging_mixin.py:190} INFO - [2024-09-06T14:31:22.991+0000] {dag.py:4156} INFO - Setting next_dagrun for dataset_consumes_unknown_never_scheduled to None, run_after=None
[2024-09-06T14:31:22.993+0000] {logging_mixin.py:190} INFO - [2024-09-06T14:31:22.993+0000] {dag.py:4156} INFO - Setting next_dagrun for dataset_produces_1 to 2024-09-05 00:00:00+00:00, run_after=2024-09-06 00:00:00+00:00
[2024-09-06T14:31:22.994+0000] {logging_mixin.py:190} INFO - [2024-09-06T14:31:22.994+0000] {dag.py:4156} INFO - Setting next_dagrun for dataset_produces_2 to None, run_after=None
[2024-09-06T14:31:23.028+0000] {processor.py:208} INFO - Processing /home/airflow/.local/lib/python3.12/site-packages/airflow/example_dags/example_datasets.py took 0.299 seconds
[2024-09-06T14:31:53.438+0000] {processor.py:186} INFO - Started process (PID=1272) to work on /home/airflow/.local/lib/python3.12/site-packages/airflow/example_dags/example_datasets.py
[2024-09-06T14:31:53.439+0000] {processor.py:914} INFO - Processing file /home/airflow/.local/lib/python3.12/site-packages/airflow/example_dags/example_datasets.py for tasks to queue
[2024-09-06T14:31:53.441+0000] {logging_mixin.py:190} INFO - [2024-09-06T14:31:53.441+0000] {dagbag.py:587} INFO - Filling up the DagBag from /home/airflow/.local/lib/python3.12/site-packages/airflow/example_dags/example_datasets.py
[2024-09-06T14:31:53.563+0000] {processor.py:925} INFO - DAG(s) 'consume_1_or_both_2_and_3_with_dataset_expressions', 'dataset_consumes_unknown_never_scheduled', 'dataset_produces_2', 'dataset_consumes_1', 'consume_1_or_2_with_dataset_expressions', 'consume_1_and_2_with_dataset_expressions', 'dataset_produces_1', 'dataset_consumes_1_never_scheduled', 'dataset_consumes_1_and_2', 'conditional_dataset_and_time_based_timetable' retrieved from /home/airflow/.local/lib/python3.12/site-packages/airflow/example_dags/example_datasets.py
[2024-09-06T14:31:53.601+0000] {logging_mixin.py:190} INFO - [2024-09-06T14:31:53.600+0000] {dag.py:3229} INFO - Sync 10 DAGs
[2024-09-06T14:31:53.628+0000] {logging_mixin.py:190} INFO - [2024-09-06T14:31:53.628+0000] {dag.py:4156} INFO - Setting next_dagrun for conditional_dataset_and_time_based_timetable to 2024-09-04 01:00:00+00:00, run_after=2024-09-04 01:00:00+00:00
[2024-09-06T14:31:53.632+0000] {logging_mixin.py:190} INFO - [2024-09-06T14:31:53.632+0000] {dag.py:4156} INFO - Setting next_dagrun for consume_1_and_2_with_dataset_expressions to None, run_after=None
[2024-09-06T14:31:53.634+0000] {logging_mixin.py:190} INFO - [2024-09-06T14:31:53.634+0000] {dag.py:4156} INFO - Setting next_dagrun for consume_1_or_2_with_dataset_expressions to None, run_after=None
[2024-09-06T14:31:53.635+0000] {logging_mixin.py:190} INFO - [2024-09-06T14:31:53.635+0000] {dag.py:4156} INFO - Setting next_dagrun for consume_1_or_both_2_and_3_with_dataset_expressions to None, run_after=None
[2024-09-06T14:31:53.636+0000] {logging_mixin.py:190} INFO - [2024-09-06T14:31:53.636+0000] {dag.py:4156} INFO - Setting next_dagrun for dataset_consumes_1 to None, run_after=None
[2024-09-06T14:31:53.637+0000] {logging_mixin.py:190} INFO - [2024-09-06T14:31:53.637+0000] {dag.py:4156} INFO - Setting next_dagrun for dataset_consumes_1_and_2 to None, run_after=None
[2024-09-06T14:31:53.638+0000] {logging_mixin.py:190} INFO - [2024-09-06T14:31:53.638+0000] {dag.py:4156} INFO - Setting next_dagrun for dataset_consumes_1_never_scheduled to None, run_after=None
[2024-09-06T14:31:53.640+0000] {logging_mixin.py:190} INFO - [2024-09-06T14:31:53.639+0000] {dag.py:4156} INFO - Setting next_dagrun for dataset_consumes_unknown_never_scheduled to None, run_after=None
[2024-09-06T14:31:53.642+0000] {logging_mixin.py:190} INFO - [2024-09-06T14:31:53.642+0000] {dag.py:4156} INFO - Setting next_dagrun for dataset_produces_1 to 2024-09-05 00:00:00+00:00, run_after=2024-09-06 00:00:00+00:00
[2024-09-06T14:31:53.643+0000] {logging_mixin.py:190} INFO - [2024-09-06T14:31:53.643+0000] {dag.py:4156} INFO - Setting next_dagrun for dataset_produces_2 to None, run_after=None
[2024-09-06T14:31:53.678+0000] {processor.py:208} INFO - Processing /home/airflow/.local/lib/python3.12/site-packages/airflow/example_dags/example_datasets.py took 0.244 seconds
[2024-09-06T14:32:23.970+0000] {processor.py:186} INFO - Started process (PID=1334) to work on /home/airflow/.local/lib/python3.12/site-packages/airflow/example_dags/example_datasets.py
[2024-09-06T14:32:23.971+0000] {processor.py:914} INFO - Processing file /home/airflow/.local/lib/python3.12/site-packages/airflow/example_dags/example_datasets.py for tasks to queue
[2024-09-06T14:32:23.973+0000] {logging_mixin.py:190} INFO - [2024-09-06T14:32:23.972+0000] {dagbag.py:587} INFO - Filling up the DagBag from /home/airflow/.local/lib/python3.12/site-packages/airflow/example_dags/example_datasets.py
[2024-09-06T14:32:24.096+0000] {processor.py:925} INFO - DAG(s) 'consume_1_or_both_2_and_3_with_dataset_expressions', 'dataset_consumes_1_and_2', 'consume_1_and_2_with_dataset_expressions', 'dataset_consumes_1', 'dataset_produces_2', 'conditional_dataset_and_time_based_timetable', 'dataset_consumes_unknown_never_scheduled', 'dataset_consumes_1_never_scheduled', 'dataset_produces_1', 'consume_1_or_2_with_dataset_expressions' retrieved from /home/airflow/.local/lib/python3.12/site-packages/airflow/example_dags/example_datasets.py
[2024-09-06T14:32:24.148+0000] {logging_mixin.py:190} INFO - [2024-09-06T14:32:24.148+0000] {dag.py:3229} INFO - Sync 10 DAGs
[2024-09-06T14:32:24.179+0000] {logging_mixin.py:190} INFO - [2024-09-06T14:32:24.179+0000] {dag.py:4156} INFO - Setting next_dagrun for conditional_dataset_and_time_based_timetable to 2024-09-04 01:00:00+00:00, run_after=2024-09-04 01:00:00+00:00
[2024-09-06T14:32:24.183+0000] {logging_mixin.py:190} INFO - [2024-09-06T14:32:24.183+0000] {dag.py:4156} INFO - Setting next_dagrun for consume_1_and_2_with_dataset_expressions to None, run_after=None
[2024-09-06T14:32:24.184+0000] {logging_mixin.py:190} INFO - [2024-09-06T14:32:24.184+0000] {dag.py:4156} INFO - Setting next_dagrun for consume_1_or_2_with_dataset_expressions to None, run_after=None
[2024-09-06T14:32:24.185+0000] {logging_mixin.py:190} INFO - [2024-09-06T14:32:24.185+0000] {dag.py:4156} INFO - Setting next_dagrun for consume_1_or_both_2_and_3_with_dataset_expressions to None, run_after=None
[2024-09-06T14:32:24.186+0000] {logging_mixin.py:190} INFO - [2024-09-06T14:32:24.186+0000] {dag.py:4156} INFO - Setting next_dagrun for dataset_consumes_1 to None, run_after=None
[2024-09-06T14:32:24.188+0000] {logging_mixin.py:190} INFO - [2024-09-06T14:32:24.188+0000] {dag.py:4156} INFO - Setting next_dagrun for dataset_consumes_1_and_2 to None, run_after=None
[2024-09-06T14:32:24.189+0000] {logging_mixin.py:190} INFO - [2024-09-06T14:32:24.189+0000] {dag.py:4156} INFO - Setting next_dagrun for dataset_consumes_1_never_scheduled to None, run_after=None
[2024-09-06T14:32:24.191+0000] {logging_mixin.py:190} INFO - [2024-09-06T14:32:24.190+0000] {dag.py:4156} INFO - Setting next_dagrun for dataset_consumes_unknown_never_scheduled to None, run_after=None
[2024-09-06T14:32:24.193+0000] {logging_mixin.py:190} INFO - [2024-09-06T14:32:24.193+0000] {dag.py:4156} INFO - Setting next_dagrun for dataset_produces_1 to 2024-09-05 00:00:00+00:00, run_after=2024-09-06 00:00:00+00:00
[2024-09-06T14:32:24.194+0000] {logging_mixin.py:190} INFO - [2024-09-06T14:32:24.194+0000] {dag.py:4156} INFO - Setting next_dagrun for dataset_produces_2 to None, run_after=None
[2024-09-06T14:32:24.224+0000] {processor.py:208} INFO - Processing /home/airflow/.local/lib/python3.12/site-packages/airflow/example_dags/example_datasets.py took 0.259 seconds
[2024-09-06T14:32:54.426+0000] {processor.py:186} INFO - Started process (PID=1396) to work on /home/airflow/.local/lib/python3.12/site-packages/airflow/example_dags/example_datasets.py
[2024-09-06T14:32:54.428+0000] {processor.py:914} INFO - Processing file /home/airflow/.local/lib/python3.12/site-packages/airflow/example_dags/example_datasets.py for tasks to queue
[2024-09-06T14:32:54.430+0000] {logging_mixin.py:190} INFO - [2024-09-06T14:32:54.430+0000] {dagbag.py:587} INFO - Filling up the DagBag from /home/airflow/.local/lib/python3.12/site-packages/airflow/example_dags/example_datasets.py
[2024-09-06T14:32:54.612+0000] {processor.py:925} INFO - DAG(s) 'conditional_dataset_and_time_based_timetable', 'consume_1_and_2_with_dataset_expressions', 'dataset_consumes_1', 'dataset_produces_1', 'consume_1_or_both_2_and_3_with_dataset_expressions', 'dataset_consumes_unknown_never_scheduled', 'dataset_consumes_1_never_scheduled', 'dataset_produces_2', 'consume_1_or_2_with_dataset_expressions', 'dataset_consumes_1_and_2' retrieved from /home/airflow/.local/lib/python3.12/site-packages/airflow/example_dags/example_datasets.py
[2024-09-06T14:32:54.667+0000] {logging_mixin.py:190} INFO - [2024-09-06T14:32:54.667+0000] {dag.py:3229} INFO - Sync 10 DAGs
[2024-09-06T14:32:54.696+0000] {logging_mixin.py:190} INFO - [2024-09-06T14:32:54.695+0000] {dag.py:4156} INFO - Setting next_dagrun for conditional_dataset_and_time_based_timetable to 2024-09-04 01:00:00+00:00, run_after=2024-09-04 01:00:00+00:00
[2024-09-06T14:32:54.699+0000] {logging_mixin.py:190} INFO - [2024-09-06T14:32:54.699+0000] {dag.py:4156} INFO - Setting next_dagrun for consume_1_and_2_with_dataset_expressions to None, run_after=None
[2024-09-06T14:32:54.700+0000] {logging_mixin.py:190} INFO - [2024-09-06T14:32:54.700+0000] {dag.py:4156} INFO - Setting next_dagrun for consume_1_or_2_with_dataset_expressions to None, run_after=None
[2024-09-06T14:32:54.702+0000] {logging_mixin.py:190} INFO - [2024-09-06T14:32:54.701+0000] {dag.py:4156} INFO - Setting next_dagrun for consume_1_or_both_2_and_3_with_dataset_expressions to None, run_after=None
[2024-09-06T14:32:54.703+0000] {logging_mixin.py:190} INFO - [2024-09-06T14:32:54.703+0000] {dag.py:4156} INFO - Setting next_dagrun for dataset_consumes_1 to None, run_after=None
[2024-09-06T14:32:54.704+0000] {logging_mixin.py:190} INFO - [2024-09-06T14:32:54.704+0000] {dag.py:4156} INFO - Setting next_dagrun for dataset_consumes_1_and_2 to None, run_after=None
[2024-09-06T14:32:54.705+0000] {logging_mixin.py:190} INFO - [2024-09-06T14:32:54.705+0000] {dag.py:4156} INFO - Setting next_dagrun for dataset_consumes_1_never_scheduled to None, run_after=None
[2024-09-06T14:32:54.706+0000] {logging_mixin.py:190} INFO - [2024-09-06T14:32:54.706+0000] {dag.py:4156} INFO - Setting next_dagrun for dataset_consumes_unknown_never_scheduled to None, run_after=None
[2024-09-06T14:32:54.708+0000] {logging_mixin.py:190} INFO - [2024-09-06T14:32:54.708+0000] {dag.py:4156} INFO - Setting next_dagrun for dataset_produces_1 to 2024-09-05 00:00:00+00:00, run_after=2024-09-06 00:00:00+00:00
[2024-09-06T14:32:54.709+0000] {logging_mixin.py:190} INFO - [2024-09-06T14:32:54.709+0000] {dag.py:4156} INFO - Setting next_dagrun for dataset_produces_2 to None, run_after=None
[2024-09-06T14:32:54.737+0000] {processor.py:208} INFO - Processing /home/airflow/.local/lib/python3.12/site-packages/airflow/example_dags/example_datasets.py took 0.316 seconds
[2024-09-06T14:33:24.970+0000] {processor.py:186} INFO - Started process (PID=1458) to work on /home/airflow/.local/lib/python3.12/site-packages/airflow/example_dags/example_datasets.py
[2024-09-06T14:33:24.971+0000] {processor.py:914} INFO - Processing file /home/airflow/.local/lib/python3.12/site-packages/airflow/example_dags/example_datasets.py for tasks to queue
[2024-09-06T14:33:24.974+0000] {logging_mixin.py:190} INFO - [2024-09-06T14:33:24.974+0000] {dagbag.py:587} INFO - Filling up the DagBag from /home/airflow/.local/lib/python3.12/site-packages/airflow/example_dags/example_datasets.py
[2024-09-06T14:33:25.161+0000] {processor.py:925} INFO - DAG(s) 'consume_1_or_both_2_and_3_with_dataset_expressions', 'dataset_produces_1', 'consume_1_and_2_with_dataset_expressions', 'dataset_consumes_1', 'dataset_produces_2', 'conditional_dataset_and_time_based_timetable', 'consume_1_or_2_with_dataset_expressions', 'dataset_consumes_unknown_never_scheduled', 'dataset_consumes_1_and_2', 'dataset_consumes_1_never_scheduled' retrieved from /home/airflow/.local/lib/python3.12/site-packages/airflow/example_dags/example_datasets.py
[2024-09-06T14:33:25.218+0000] {logging_mixin.py:190} INFO - [2024-09-06T14:33:25.218+0000] {dag.py:3229} INFO - Sync 10 DAGs
[2024-09-06T14:33:25.242+0000] {logging_mixin.py:190} INFO - [2024-09-06T14:33:25.242+0000] {dag.py:4156} INFO - Setting next_dagrun for conditional_dataset_and_time_based_timetable to 2024-09-04 01:00:00+00:00, run_after=2024-09-04 01:00:00+00:00
[2024-09-06T14:33:25.245+0000] {logging_mixin.py:190} INFO - [2024-09-06T14:33:25.245+0000] {dag.py:4156} INFO - Setting next_dagrun for consume_1_and_2_with_dataset_expressions to None, run_after=None
[2024-09-06T14:33:25.247+0000] {logging_mixin.py:190} INFO - [2024-09-06T14:33:25.246+0000] {dag.py:4156} INFO - Setting next_dagrun for consume_1_or_2_with_dataset_expressions to None, run_after=None
[2024-09-06T14:33:25.248+0000] {logging_mixin.py:190} INFO - [2024-09-06T14:33:25.248+0000] {dag.py:4156} INFO - Setting next_dagrun for consume_1_or_both_2_and_3_with_dataset_expressions to None, run_after=None
[2024-09-06T14:33:25.250+0000] {logging_mixin.py:190} INFO - [2024-09-06T14:33:25.249+0000] {dag.py:4156} INFO - Setting next_dagrun for dataset_consumes_1 to None, run_after=None
[2024-09-06T14:33:25.254+0000] {logging_mixin.py:190} INFO - [2024-09-06T14:33:25.253+0000] {dag.py:4156} INFO - Setting next_dagrun for dataset_consumes_1_and_2 to None, run_after=None
[2024-09-06T14:33:25.255+0000] {logging_mixin.py:190} INFO - [2024-09-06T14:33:25.255+0000] {dag.py:4156} INFO - Setting next_dagrun for dataset_consumes_1_never_scheduled to None, run_after=None
[2024-09-06T14:33:25.257+0000] {logging_mixin.py:190} INFO - [2024-09-06T14:33:25.257+0000] {dag.py:4156} INFO - Setting next_dagrun for dataset_consumes_unknown_never_scheduled to None, run_after=None
[2024-09-06T14:33:25.259+0000] {logging_mixin.py:190} INFO - [2024-09-06T14:33:25.259+0000] {dag.py:4156} INFO - Setting next_dagrun for dataset_produces_1 to 2024-09-05 00:00:00+00:00, run_after=2024-09-06 00:00:00+00:00
[2024-09-06T14:33:25.261+0000] {logging_mixin.py:190} INFO - [2024-09-06T14:33:25.261+0000] {dag.py:4156} INFO - Setting next_dagrun for dataset_produces_2 to None, run_after=None
[2024-09-06T14:33:25.296+0000] {processor.py:208} INFO - Processing /home/airflow/.local/lib/python3.12/site-packages/airflow/example_dags/example_datasets.py took 0.333 seconds
