[2024-09-06T14:22:17.577+0000] {processor.py:186} INFO - Started process (PID=107) to work on /home/airflow/.local/lib/python3.12/site-packages/airflow/example_dags/example_inlet_event_extra.py
[2024-09-06T14:22:17.579+0000] {processor.py:914} INFO - Processing file /home/airflow/.local/lib/python3.12/site-packages/airflow/example_dags/example_inlet_event_extra.py for tasks to queue
[2024-09-06T14:22:17.581+0000] {logging_mixin.py:190} INFO - [2024-09-06T14:22:17.581+0000] {dagbag.py:587} INFO - Filling up the DagBag from /home/airflow/.local/lib/python3.12/site-packages/airflow/example_dags/example_inlet_event_extra.py
[2024-09-06T14:22:17.826+0000] {processor.py:925} INFO - DAG(s) 'read_dataset_event_from_classic', 'read_dataset_event' retrieved from /home/airflow/.local/lib/python3.12/site-packages/airflow/example_dags/example_inlet_event_extra.py
[2024-09-06T14:22:17.942+0000] {logging_mixin.py:190} INFO - [2024-09-06T14:22:17.941+0000] {override.py:1900} INFO - Created Permission View: can read on DAG:read_dataset_event_from_classic
[2024-09-06T14:22:17.953+0000] {logging_mixin.py:190} INFO - [2024-09-06T14:22:17.952+0000] {override.py:1900} INFO - Created Permission View: can delete on DAG:read_dataset_event_from_classic
[2024-09-06T14:22:17.960+0000] {logging_mixin.py:190} INFO - [2024-09-06T14:22:17.960+0000] {override.py:1900} INFO - Created Permission View: can edit on DAG:read_dataset_event_from_classic
[2024-09-06T14:22:17.969+0000] {logging_mixin.py:190} INFO - [2024-09-06T14:22:17.968+0000] {override.py:1900} INFO - Created Permission View: can read on DAG Run:read_dataset_event_from_classic
[2024-09-06T14:22:17.976+0000] {logging_mixin.py:190} INFO - [2024-09-06T14:22:17.976+0000] {override.py:1900} INFO - Created Permission View: can delete on DAG Run:read_dataset_event_from_classic
[2024-09-06T14:22:17.983+0000] {logging_mixin.py:190} INFO - [2024-09-06T14:22:17.982+0000] {override.py:1900} INFO - Created Permission View: menu access on DAG Run:read_dataset_event_from_classic
[2024-09-06T14:22:17.990+0000] {logging_mixin.py:190} INFO - [2024-09-06T14:22:17.990+0000] {override.py:1900} INFO - Created Permission View: can create on DAG Run:read_dataset_event_from_classic
[2024-09-06T14:22:18.004+0000] {logging_mixin.py:190} INFO - [2024-09-06T14:22:18.004+0000] {override.py:1900} INFO - Created Permission View: can read on DAG:read_dataset_event
[2024-09-06T14:22:18.012+0000] {logging_mixin.py:190} INFO - [2024-09-06T14:22:18.011+0000] {override.py:1900} INFO - Created Permission View: can delete on DAG:read_dataset_event
[2024-09-06T14:22:18.018+0000] {logging_mixin.py:190} INFO - [2024-09-06T14:22:18.018+0000] {override.py:1900} INFO - Created Permission View: can edit on DAG:read_dataset_event
[2024-09-06T14:22:18.027+0000] {logging_mixin.py:190} INFO - [2024-09-06T14:22:18.027+0000] {override.py:1900} INFO - Created Permission View: can read on DAG Run:read_dataset_event
[2024-09-06T14:22:18.036+0000] {logging_mixin.py:190} INFO - [2024-09-06T14:22:18.035+0000] {override.py:1900} INFO - Created Permission View: can delete on DAG Run:read_dataset_event
[2024-09-06T14:22:18.042+0000] {logging_mixin.py:190} INFO - [2024-09-06T14:22:18.042+0000] {override.py:1900} INFO - Created Permission View: menu access on DAG Run:read_dataset_event
[2024-09-06T14:22:18.050+0000] {logging_mixin.py:190} INFO - [2024-09-06T14:22:18.050+0000] {override.py:1900} INFO - Created Permission View: can create on DAG Run:read_dataset_event
[2024-09-06T14:22:18.051+0000] {logging_mixin.py:190} INFO - [2024-09-06T14:22:18.051+0000] {dag.py:3229} INFO - Sync 2 DAGs
[2024-09-06T14:22:18.071+0000] {logging_mixin.py:190} INFO - [2024-09-06T14:22:18.070+0000] {dag.py:3252} INFO - Creating ORM DAG for read_dataset_event_from_classic
[2024-09-06T14:22:18.072+0000] {logging_mixin.py:190} INFO - [2024-09-06T14:22:18.072+0000] {dag.py:3252} INFO - Creating ORM DAG for read_dataset_event
[2024-09-06T14:22:18.087+0000] {logging_mixin.py:190} INFO - [2024-09-06T14:22:18.086+0000] {dag.py:4156} INFO - Setting next_dagrun for read_dataset_event to 2024-09-05 00:00:00+00:00, run_after=2024-09-06 00:00:00+00:00
[2024-09-06T14:22:18.090+0000] {logging_mixin.py:190} INFO - [2024-09-06T14:22:18.090+0000] {dag.py:4156} INFO - Setting next_dagrun for read_dataset_event_from_classic to 2024-09-05 00:00:00+00:00, run_after=2024-09-06 00:00:00+00:00
[2024-09-06T14:22:18.112+0000] {processor.py:208} INFO - Processing /home/airflow/.local/lib/python3.12/site-packages/airflow/example_dags/example_inlet_event_extra.py took 0.541 seconds
[2024-09-06T14:22:48.824+0000] {processor.py:186} INFO - Started process (PID=169) to work on /home/airflow/.local/lib/python3.12/site-packages/airflow/example_dags/example_inlet_event_extra.py
[2024-09-06T14:22:48.825+0000] {processor.py:914} INFO - Processing file /home/airflow/.local/lib/python3.12/site-packages/airflow/example_dags/example_inlet_event_extra.py for tasks to queue
[2024-09-06T14:22:48.827+0000] {logging_mixin.py:190} INFO - [2024-09-06T14:22:48.826+0000] {dagbag.py:587} INFO - Filling up the DagBag from /home/airflow/.local/lib/python3.12/site-packages/airflow/example_dags/example_inlet_event_extra.py
[2024-09-06T14:22:48.943+0000] {processor.py:925} INFO - DAG(s) 'read_dataset_event', 'read_dataset_event_from_classic' retrieved from /home/airflow/.local/lib/python3.12/site-packages/airflow/example_dags/example_inlet_event_extra.py
[2024-09-06T14:22:48.961+0000] {logging_mixin.py:190} INFO - [2024-09-06T14:22:48.961+0000] {dag.py:3229} INFO - Sync 2 DAGs
[2024-09-06T14:22:48.982+0000] {logging_mixin.py:190} INFO - [2024-09-06T14:22:48.982+0000] {dag.py:4156} INFO - Setting next_dagrun for read_dataset_event to 2024-09-05 00:00:00+00:00, run_after=2024-09-06 00:00:00+00:00
[2024-09-06T14:22:48.988+0000] {logging_mixin.py:190} INFO - [2024-09-06T14:22:48.988+0000] {dag.py:4156} INFO - Setting next_dagrun for read_dataset_event_from_classic to 2024-09-05 00:00:00+00:00, run_after=2024-09-06 00:00:00+00:00
[2024-09-06T14:22:49.004+0000] {processor.py:208} INFO - Processing /home/airflow/.local/lib/python3.12/site-packages/airflow/example_dags/example_inlet_event_extra.py took 0.185 seconds
[2024-09-06T14:23:19.139+0000] {processor.py:186} INFO - Started process (PID=231) to work on /home/airflow/.local/lib/python3.12/site-packages/airflow/example_dags/example_inlet_event_extra.py
[2024-09-06T14:23:19.140+0000] {processor.py:914} INFO - Processing file /home/airflow/.local/lib/python3.12/site-packages/airflow/example_dags/example_inlet_event_extra.py for tasks to queue
[2024-09-06T14:23:19.143+0000] {logging_mixin.py:190} INFO - [2024-09-06T14:23:19.142+0000] {dagbag.py:587} INFO - Filling up the DagBag from /home/airflow/.local/lib/python3.12/site-packages/airflow/example_dags/example_inlet_event_extra.py
[2024-09-06T14:23:19.282+0000] {processor.py:925} INFO - DAG(s) 'read_dataset_event', 'read_dataset_event_from_classic' retrieved from /home/airflow/.local/lib/python3.12/site-packages/airflow/example_dags/example_inlet_event_extra.py
[2024-09-06T14:23:19.300+0000] {logging_mixin.py:190} INFO - [2024-09-06T14:23:19.300+0000] {dag.py:3229} INFO - Sync 2 DAGs
[2024-09-06T14:23:19.322+0000] {logging_mixin.py:190} INFO - [2024-09-06T14:23:19.322+0000] {dag.py:4156} INFO - Setting next_dagrun for read_dataset_event to 2024-09-05 00:00:00+00:00, run_after=2024-09-06 00:00:00+00:00
[2024-09-06T14:23:19.327+0000] {logging_mixin.py:190} INFO - [2024-09-06T14:23:19.327+0000] {dag.py:4156} INFO - Setting next_dagrun for read_dataset_event_from_classic to 2024-09-05 00:00:00+00:00, run_after=2024-09-06 00:00:00+00:00
[2024-09-06T14:23:19.343+0000] {processor.py:208} INFO - Processing /home/airflow/.local/lib/python3.12/site-packages/airflow/example_dags/example_inlet_event_extra.py took 0.210 seconds
[2024-09-06T14:23:49.668+0000] {processor.py:186} INFO - Started process (PID=293) to work on /home/airflow/.local/lib/python3.12/site-packages/airflow/example_dags/example_inlet_event_extra.py
[2024-09-06T14:23:49.670+0000] {processor.py:914} INFO - Processing file /home/airflow/.local/lib/python3.12/site-packages/airflow/example_dags/example_inlet_event_extra.py for tasks to queue
[2024-09-06T14:23:49.673+0000] {logging_mixin.py:190} INFO - [2024-09-06T14:23:49.672+0000] {dagbag.py:587} INFO - Filling up the DagBag from /home/airflow/.local/lib/python3.12/site-packages/airflow/example_dags/example_inlet_event_extra.py
[2024-09-06T14:23:49.814+0000] {processor.py:925} INFO - DAG(s) 'read_dataset_event_from_classic', 'read_dataset_event' retrieved from /home/airflow/.local/lib/python3.12/site-packages/airflow/example_dags/example_inlet_event_extra.py
[2024-09-06T14:23:49.831+0000] {logging_mixin.py:190} INFO - [2024-09-06T14:23:49.830+0000] {dag.py:3229} INFO - Sync 2 DAGs
[2024-09-06T14:23:49.858+0000] {logging_mixin.py:190} INFO - [2024-09-06T14:23:49.858+0000] {dag.py:4156} INFO - Setting next_dagrun for read_dataset_event to 2024-09-05 00:00:00+00:00, run_after=2024-09-06 00:00:00+00:00
[2024-09-06T14:23:49.863+0000] {logging_mixin.py:190} INFO - [2024-09-06T14:23:49.863+0000] {dag.py:4156} INFO - Setting next_dagrun for read_dataset_event_from_classic to 2024-09-05 00:00:00+00:00, run_after=2024-09-06 00:00:00+00:00
[2024-09-06T14:23:49.876+0000] {processor.py:208} INFO - Processing /home/airflow/.local/lib/python3.12/site-packages/airflow/example_dags/example_inlet_event_extra.py took 0.215 seconds
[2024-09-06T14:24:19.935+0000] {processor.py:186} INFO - Started process (PID=355) to work on /home/airflow/.local/lib/python3.12/site-packages/airflow/example_dags/example_inlet_event_extra.py
[2024-09-06T14:24:19.936+0000] {processor.py:914} INFO - Processing file /home/airflow/.local/lib/python3.12/site-packages/airflow/example_dags/example_inlet_event_extra.py for tasks to queue
[2024-09-06T14:24:19.938+0000] {logging_mixin.py:190} INFO - [2024-09-06T14:24:19.938+0000] {dagbag.py:587} INFO - Filling up the DagBag from /home/airflow/.local/lib/python3.12/site-packages/airflow/example_dags/example_inlet_event_extra.py
[2024-09-06T14:24:20.071+0000] {processor.py:925} INFO - DAG(s) 'read_dataset_event', 'read_dataset_event_from_classic' retrieved from /home/airflow/.local/lib/python3.12/site-packages/airflow/example_dags/example_inlet_event_extra.py
[2024-09-06T14:24:20.099+0000] {logging_mixin.py:190} INFO - [2024-09-06T14:24:20.098+0000] {dag.py:3229} INFO - Sync 2 DAGs
[2024-09-06T14:24:20.126+0000] {logging_mixin.py:190} INFO - [2024-09-06T14:24:20.125+0000] {dag.py:4156} INFO - Setting next_dagrun for read_dataset_event to 2024-09-05 00:00:00+00:00, run_after=2024-09-06 00:00:00+00:00
[2024-09-06T14:24:20.131+0000] {logging_mixin.py:190} INFO - [2024-09-06T14:24:20.130+0000] {dag.py:4156} INFO - Setting next_dagrun for read_dataset_event_from_classic to 2024-09-05 00:00:00+00:00, run_after=2024-09-06 00:00:00+00:00
[2024-09-06T14:24:20.147+0000] {processor.py:208} INFO - Processing /home/airflow/.local/lib/python3.12/site-packages/airflow/example_dags/example_inlet_event_extra.py took 0.217 seconds
[2024-09-06T14:24:50.284+0000] {processor.py:186} INFO - Started process (PID=417) to work on /home/airflow/.local/lib/python3.12/site-packages/airflow/example_dags/example_inlet_event_extra.py
[2024-09-06T14:24:50.285+0000] {processor.py:914} INFO - Processing file /home/airflow/.local/lib/python3.12/site-packages/airflow/example_dags/example_inlet_event_extra.py for tasks to queue
[2024-09-06T14:24:50.287+0000] {logging_mixin.py:190} INFO - [2024-09-06T14:24:50.287+0000] {dagbag.py:587} INFO - Filling up the DagBag from /home/airflow/.local/lib/python3.12/site-packages/airflow/example_dags/example_inlet_event_extra.py
[2024-09-06T14:24:50.407+0000] {processor.py:925} INFO - DAG(s) 'read_dataset_event_from_classic', 'read_dataset_event' retrieved from /home/airflow/.local/lib/python3.12/site-packages/airflow/example_dags/example_inlet_event_extra.py
[2024-09-06T14:24:50.432+0000] {logging_mixin.py:190} INFO - [2024-09-06T14:24:50.432+0000] {dag.py:3229} INFO - Sync 2 DAGs
[2024-09-06T14:24:50.465+0000] {logging_mixin.py:190} INFO - [2024-09-06T14:24:50.464+0000] {dag.py:4156} INFO - Setting next_dagrun for read_dataset_event to 2024-09-05 00:00:00+00:00, run_after=2024-09-06 00:00:00+00:00
[2024-09-06T14:24:50.471+0000] {logging_mixin.py:190} INFO - [2024-09-06T14:24:50.471+0000] {dag.py:4156} INFO - Setting next_dagrun for read_dataset_event_from_classic to 2024-09-05 00:00:00+00:00, run_after=2024-09-06 00:00:00+00:00
[2024-09-06T14:24:50.493+0000] {processor.py:208} INFO - Processing /home/airflow/.local/lib/python3.12/site-packages/airflow/example_dags/example_inlet_event_extra.py took 0.213 seconds
[2024-09-06T14:25:20.706+0000] {processor.py:186} INFO - Started process (PID=480) to work on /home/airflow/.local/lib/python3.12/site-packages/airflow/example_dags/example_inlet_event_extra.py
[2024-09-06T14:25:20.707+0000] {processor.py:914} INFO - Processing file /home/airflow/.local/lib/python3.12/site-packages/airflow/example_dags/example_inlet_event_extra.py for tasks to queue
[2024-09-06T14:25:20.709+0000] {logging_mixin.py:190} INFO - [2024-09-06T14:25:20.709+0000] {dagbag.py:587} INFO - Filling up the DagBag from /home/airflow/.local/lib/python3.12/site-packages/airflow/example_dags/example_inlet_event_extra.py
[2024-09-06T14:25:20.836+0000] {processor.py:925} INFO - DAG(s) 'read_dataset_event', 'read_dataset_event_from_classic' retrieved from /home/airflow/.local/lib/python3.12/site-packages/airflow/example_dags/example_inlet_event_extra.py
[2024-09-06T14:25:20.858+0000] {logging_mixin.py:190} INFO - [2024-09-06T14:25:20.858+0000] {dag.py:3229} INFO - Sync 2 DAGs
[2024-09-06T14:25:20.880+0000] {logging_mixin.py:190} INFO - [2024-09-06T14:25:20.879+0000] {dag.py:4156} INFO - Setting next_dagrun for read_dataset_event to 2024-09-05 00:00:00+00:00, run_after=2024-09-06 00:00:00+00:00
[2024-09-06T14:25:20.885+0000] {logging_mixin.py:190} INFO - [2024-09-06T14:25:20.885+0000] {dag.py:4156} INFO - Setting next_dagrun for read_dataset_event_from_classic to 2024-09-05 00:00:00+00:00, run_after=2024-09-06 00:00:00+00:00
[2024-09-06T14:25:20.901+0000] {processor.py:208} INFO - Processing /home/airflow/.local/lib/python3.12/site-packages/airflow/example_dags/example_inlet_event_extra.py took 0.200 seconds
[2024-09-06T14:25:50.936+0000] {processor.py:186} INFO - Started process (PID=541) to work on /home/airflow/.local/lib/python3.12/site-packages/airflow/example_dags/example_inlet_event_extra.py
[2024-09-06T14:25:50.937+0000] {processor.py:914} INFO - Processing file /home/airflow/.local/lib/python3.12/site-packages/airflow/example_dags/example_inlet_event_extra.py for tasks to queue
[2024-09-06T14:25:50.939+0000] {logging_mixin.py:190} INFO - [2024-09-06T14:25:50.939+0000] {dagbag.py:587} INFO - Filling up the DagBag from /home/airflow/.local/lib/python3.12/site-packages/airflow/example_dags/example_inlet_event_extra.py
[2024-09-06T14:25:51.052+0000] {processor.py:925} INFO - DAG(s) 'read_dataset_event', 'read_dataset_event_from_classic' retrieved from /home/airflow/.local/lib/python3.12/site-packages/airflow/example_dags/example_inlet_event_extra.py
[2024-09-06T14:25:51.071+0000] {logging_mixin.py:190} INFO - [2024-09-06T14:25:51.071+0000] {dag.py:3229} INFO - Sync 2 DAGs
[2024-09-06T14:25:51.093+0000] {logging_mixin.py:190} INFO - [2024-09-06T14:25:51.093+0000] {dag.py:4156} INFO - Setting next_dagrun for read_dataset_event to 2024-09-05 00:00:00+00:00, run_after=2024-09-06 00:00:00+00:00
[2024-09-06T14:25:51.098+0000] {logging_mixin.py:190} INFO - [2024-09-06T14:25:51.098+0000] {dag.py:4156} INFO - Setting next_dagrun for read_dataset_event_from_classic to 2024-09-05 00:00:00+00:00, run_after=2024-09-06 00:00:00+00:00
[2024-09-06T14:25:51.114+0000] {processor.py:208} INFO - Processing /home/airflow/.local/lib/python3.12/site-packages/airflow/example_dags/example_inlet_event_extra.py took 0.182 seconds
[2024-09-06T14:26:21.198+0000] {processor.py:186} INFO - Started process (PID=603) to work on /home/airflow/.local/lib/python3.12/site-packages/airflow/example_dags/example_inlet_event_extra.py
[2024-09-06T14:26:21.199+0000] {processor.py:914} INFO - Processing file /home/airflow/.local/lib/python3.12/site-packages/airflow/example_dags/example_inlet_event_extra.py for tasks to queue
[2024-09-06T14:26:21.201+0000] {logging_mixin.py:190} INFO - [2024-09-06T14:26:21.200+0000] {dagbag.py:587} INFO - Filling up the DagBag from /home/airflow/.local/lib/python3.12/site-packages/airflow/example_dags/example_inlet_event_extra.py
[2024-09-06T14:26:21.353+0000] {processor.py:925} INFO - DAG(s) 'read_dataset_event_from_classic', 'read_dataset_event' retrieved from /home/airflow/.local/lib/python3.12/site-packages/airflow/example_dags/example_inlet_event_extra.py
[2024-09-06T14:26:21.372+0000] {logging_mixin.py:190} INFO - [2024-09-06T14:26:21.372+0000] {dag.py:3229} INFO - Sync 2 DAGs
[2024-09-06T14:26:21.393+0000] {logging_mixin.py:190} INFO - [2024-09-06T14:26:21.393+0000] {dag.py:4156} INFO - Setting next_dagrun for read_dataset_event to 2024-09-05 00:00:00+00:00, run_after=2024-09-06 00:00:00+00:00
[2024-09-06T14:26:21.400+0000] {logging_mixin.py:190} INFO - [2024-09-06T14:26:21.399+0000] {dag.py:4156} INFO - Setting next_dagrun for read_dataset_event_from_classic to 2024-09-05 00:00:00+00:00, run_after=2024-09-06 00:00:00+00:00
[2024-09-06T14:26:21.414+0000] {processor.py:208} INFO - Processing /home/airflow/.local/lib/python3.12/site-packages/airflow/example_dags/example_inlet_event_extra.py took 0.221 seconds
[2024-09-06T14:26:51.467+0000] {processor.py:186} INFO - Started process (PID=665) to work on /home/airflow/.local/lib/python3.12/site-packages/airflow/example_dags/example_inlet_event_extra.py
[2024-09-06T14:26:51.468+0000] {processor.py:914} INFO - Processing file /home/airflow/.local/lib/python3.12/site-packages/airflow/example_dags/example_inlet_event_extra.py for tasks to queue
[2024-09-06T14:26:51.470+0000] {logging_mixin.py:190} INFO - [2024-09-06T14:26:51.470+0000] {dagbag.py:587} INFO - Filling up the DagBag from /home/airflow/.local/lib/python3.12/site-packages/airflow/example_dags/example_inlet_event_extra.py
[2024-09-06T14:26:51.588+0000] {processor.py:925} INFO - DAG(s) 'read_dataset_event_from_classic', 'read_dataset_event' retrieved from /home/airflow/.local/lib/python3.12/site-packages/airflow/example_dags/example_inlet_event_extra.py
[2024-09-06T14:26:51.607+0000] {logging_mixin.py:190} INFO - [2024-09-06T14:26:51.607+0000] {dag.py:3229} INFO - Sync 2 DAGs
[2024-09-06T14:26:51.631+0000] {logging_mixin.py:190} INFO - [2024-09-06T14:26:51.631+0000] {dag.py:4156} INFO - Setting next_dagrun for read_dataset_event to 2024-09-05 00:00:00+00:00, run_after=2024-09-06 00:00:00+00:00
[2024-09-06T14:26:51.637+0000] {logging_mixin.py:190} INFO - [2024-09-06T14:26:51.637+0000] {dag.py:4156} INFO - Setting next_dagrun for read_dataset_event_from_classic to 2024-09-05 00:00:00+00:00, run_after=2024-09-06 00:00:00+00:00
[2024-09-06T14:26:51.655+0000] {processor.py:208} INFO - Processing /home/airflow/.local/lib/python3.12/site-packages/airflow/example_dags/example_inlet_event_extra.py took 0.193 seconds
[2024-09-06T14:27:21.723+0000] {processor.py:186} INFO - Started process (PID=727) to work on /home/airflow/.local/lib/python3.12/site-packages/airflow/example_dags/example_inlet_event_extra.py
[2024-09-06T14:27:21.724+0000] {processor.py:914} INFO - Processing file /home/airflow/.local/lib/python3.12/site-packages/airflow/example_dags/example_inlet_event_extra.py for tasks to queue
[2024-09-06T14:27:21.726+0000] {logging_mixin.py:190} INFO - [2024-09-06T14:27:21.726+0000] {dagbag.py:587} INFO - Filling up the DagBag from /home/airflow/.local/lib/python3.12/site-packages/airflow/example_dags/example_inlet_event_extra.py
[2024-09-06T14:27:21.872+0000] {processor.py:925} INFO - DAG(s) 'read_dataset_event_from_classic', 'read_dataset_event' retrieved from /home/airflow/.local/lib/python3.12/site-packages/airflow/example_dags/example_inlet_event_extra.py
[2024-09-06T14:27:21.892+0000] {logging_mixin.py:190} INFO - [2024-09-06T14:27:21.892+0000] {dag.py:3229} INFO - Sync 2 DAGs
[2024-09-06T14:27:21.913+0000] {logging_mixin.py:190} INFO - [2024-09-06T14:27:21.913+0000] {dag.py:4156} INFO - Setting next_dagrun for read_dataset_event to 2024-09-05 00:00:00+00:00, run_after=2024-09-06 00:00:00+00:00
[2024-09-06T14:27:21.918+0000] {logging_mixin.py:190} INFO - [2024-09-06T14:27:21.918+0000] {dag.py:4156} INFO - Setting next_dagrun for read_dataset_event_from_classic to 2024-09-05 00:00:00+00:00, run_after=2024-09-06 00:00:00+00:00
[2024-09-06T14:27:21.932+0000] {processor.py:208} INFO - Processing /home/airflow/.local/lib/python3.12/site-packages/airflow/example_dags/example_inlet_event_extra.py took 0.214 seconds
[2024-09-06T14:27:51.963+0000] {processor.py:186} INFO - Started process (PID=789) to work on /home/airflow/.local/lib/python3.12/site-packages/airflow/example_dags/example_inlet_event_extra.py
[2024-09-06T14:27:51.964+0000] {processor.py:914} INFO - Processing file /home/airflow/.local/lib/python3.12/site-packages/airflow/example_dags/example_inlet_event_extra.py for tasks to queue
[2024-09-06T14:27:51.966+0000] {logging_mixin.py:190} INFO - [2024-09-06T14:27:51.966+0000] {dagbag.py:587} INFO - Filling up the DagBag from /home/airflow/.local/lib/python3.12/site-packages/airflow/example_dags/example_inlet_event_extra.py
[2024-09-06T14:27:52.099+0000] {processor.py:925} INFO - DAG(s) 'read_dataset_event', 'read_dataset_event_from_classic' retrieved from /home/airflow/.local/lib/python3.12/site-packages/airflow/example_dags/example_inlet_event_extra.py
[2024-09-06T14:27:52.118+0000] {logging_mixin.py:190} INFO - [2024-09-06T14:27:52.118+0000] {dag.py:3229} INFO - Sync 2 DAGs
[2024-09-06T14:27:52.166+0000] {logging_mixin.py:190} INFO - [2024-09-06T14:27:52.166+0000] {dag.py:4156} INFO - Setting next_dagrun for read_dataset_event to 2024-09-05 00:00:00+00:00, run_after=2024-09-06 00:00:00+00:00
[2024-09-06T14:27:52.176+0000] {logging_mixin.py:190} INFO - [2024-09-06T14:27:52.175+0000] {dag.py:4156} INFO - Setting next_dagrun for read_dataset_event_from_classic to 2024-09-05 00:00:00+00:00, run_after=2024-09-06 00:00:00+00:00
[2024-09-06T14:27:52.200+0000] {processor.py:208} INFO - Processing /home/airflow/.local/lib/python3.12/site-packages/airflow/example_dags/example_inlet_event_extra.py took 0.242 seconds
[2024-09-06T14:28:22.305+0000] {processor.py:186} INFO - Started process (PID=851) to work on /home/airflow/.local/lib/python3.12/site-packages/airflow/example_dags/example_inlet_event_extra.py
[2024-09-06T14:28:22.306+0000] {processor.py:914} INFO - Processing file /home/airflow/.local/lib/python3.12/site-packages/airflow/example_dags/example_inlet_event_extra.py for tasks to queue
[2024-09-06T14:28:22.308+0000] {logging_mixin.py:190} INFO - [2024-09-06T14:28:22.308+0000] {dagbag.py:587} INFO - Filling up the DagBag from /home/airflow/.local/lib/python3.12/site-packages/airflow/example_dags/example_inlet_event_extra.py
[2024-09-06T14:28:22.439+0000] {processor.py:925} INFO - DAG(s) 'read_dataset_event_from_classic', 'read_dataset_event' retrieved from /home/airflow/.local/lib/python3.12/site-packages/airflow/example_dags/example_inlet_event_extra.py
[2024-09-06T14:28:22.455+0000] {logging_mixin.py:190} INFO - [2024-09-06T14:28:22.455+0000] {dag.py:3229} INFO - Sync 2 DAGs
[2024-09-06T14:28:22.477+0000] {logging_mixin.py:190} INFO - [2024-09-06T14:28:22.477+0000] {dag.py:4156} INFO - Setting next_dagrun for read_dataset_event to 2024-09-05 00:00:00+00:00, run_after=2024-09-06 00:00:00+00:00
[2024-09-06T14:28:22.482+0000] {logging_mixin.py:190} INFO - [2024-09-06T14:28:22.482+0000] {dag.py:4156} INFO - Setting next_dagrun for read_dataset_event_from_classic to 2024-09-05 00:00:00+00:00, run_after=2024-09-06 00:00:00+00:00
[2024-09-06T14:28:22.496+0000] {processor.py:208} INFO - Processing /home/airflow/.local/lib/python3.12/site-packages/airflow/example_dags/example_inlet_event_extra.py took 0.196 seconds
[2024-09-06T14:28:52.599+0000] {processor.py:186} INFO - Started process (PID=913) to work on /home/airflow/.local/lib/python3.12/site-packages/airflow/example_dags/example_inlet_event_extra.py
[2024-09-06T14:28:52.600+0000] {processor.py:914} INFO - Processing file /home/airflow/.local/lib/python3.12/site-packages/airflow/example_dags/example_inlet_event_extra.py for tasks to queue
[2024-09-06T14:28:52.602+0000] {logging_mixin.py:190} INFO - [2024-09-06T14:28:52.602+0000] {dagbag.py:587} INFO - Filling up the DagBag from /home/airflow/.local/lib/python3.12/site-packages/airflow/example_dags/example_inlet_event_extra.py
[2024-09-06T14:28:52.736+0000] {processor.py:925} INFO - DAG(s) 'read_dataset_event_from_classic', 'read_dataset_event' retrieved from /home/airflow/.local/lib/python3.12/site-packages/airflow/example_dags/example_inlet_event_extra.py
[2024-09-06T14:28:52.756+0000] {logging_mixin.py:190} INFO - [2024-09-06T14:28:52.755+0000] {dag.py:3229} INFO - Sync 2 DAGs
[2024-09-06T14:28:52.778+0000] {logging_mixin.py:190} INFO - [2024-09-06T14:28:52.778+0000] {dag.py:4156} INFO - Setting next_dagrun for read_dataset_event to 2024-09-05 00:00:00+00:00, run_after=2024-09-06 00:00:00+00:00
[2024-09-06T14:28:52.783+0000] {logging_mixin.py:190} INFO - [2024-09-06T14:28:52.782+0000] {dag.py:4156} INFO - Setting next_dagrun for read_dataset_event_from_classic to 2024-09-05 00:00:00+00:00, run_after=2024-09-06 00:00:00+00:00
[2024-09-06T14:28:52.797+0000] {processor.py:208} INFO - Processing /home/airflow/.local/lib/python3.12/site-packages/airflow/example_dags/example_inlet_event_extra.py took 0.202 seconds
[2024-09-06T14:29:23.452+0000] {processor.py:186} INFO - Started process (PID=975) to work on /home/airflow/.local/lib/python3.12/site-packages/airflow/example_dags/example_inlet_event_extra.py
[2024-09-06T14:29:23.453+0000] {processor.py:914} INFO - Processing file /home/airflow/.local/lib/python3.12/site-packages/airflow/example_dags/example_inlet_event_extra.py for tasks to queue
[2024-09-06T14:29:23.455+0000] {logging_mixin.py:190} INFO - [2024-09-06T14:29:23.455+0000] {dagbag.py:587} INFO - Filling up the DagBag from /home/airflow/.local/lib/python3.12/site-packages/airflow/example_dags/example_inlet_event_extra.py
[2024-09-06T14:29:23.570+0000] {processor.py:925} INFO - DAG(s) 'read_dataset_event', 'read_dataset_event_from_classic' retrieved from /home/airflow/.local/lib/python3.12/site-packages/airflow/example_dags/example_inlet_event_extra.py
[2024-09-06T14:29:23.587+0000] {logging_mixin.py:190} INFO - [2024-09-06T14:29:23.587+0000] {dag.py:3229} INFO - Sync 2 DAGs
[2024-09-06T14:29:23.612+0000] {logging_mixin.py:190} INFO - [2024-09-06T14:29:23.612+0000] {dag.py:4156} INFO - Setting next_dagrun for read_dataset_event to 2024-09-05 00:00:00+00:00, run_after=2024-09-06 00:00:00+00:00
[2024-09-06T14:29:23.618+0000] {logging_mixin.py:190} INFO - [2024-09-06T14:29:23.618+0000] {dag.py:4156} INFO - Setting next_dagrun for read_dataset_event_from_classic to 2024-09-05 00:00:00+00:00, run_after=2024-09-06 00:00:00+00:00
[2024-09-06T14:29:23.633+0000] {processor.py:208} INFO - Processing /home/airflow/.local/lib/python3.12/site-packages/airflow/example_dags/example_inlet_event_extra.py took 0.186 seconds
[2024-09-06T14:29:54.380+0000] {processor.py:186} INFO - Started process (PID=1037) to work on /home/airflow/.local/lib/python3.12/site-packages/airflow/example_dags/example_inlet_event_extra.py
[2024-09-06T14:29:54.381+0000] {processor.py:914} INFO - Processing file /home/airflow/.local/lib/python3.12/site-packages/airflow/example_dags/example_inlet_event_extra.py for tasks to queue
[2024-09-06T14:29:54.383+0000] {logging_mixin.py:190} INFO - [2024-09-06T14:29:54.383+0000] {dagbag.py:587} INFO - Filling up the DagBag from /home/airflow/.local/lib/python3.12/site-packages/airflow/example_dags/example_inlet_event_extra.py
[2024-09-06T14:29:54.494+0000] {processor.py:925} INFO - DAG(s) 'read_dataset_event_from_classic', 'read_dataset_event' retrieved from /home/airflow/.local/lib/python3.12/site-packages/airflow/example_dags/example_inlet_event_extra.py
[2024-09-06T14:29:54.514+0000] {logging_mixin.py:190} INFO - [2024-09-06T14:29:54.514+0000] {dag.py:3229} INFO - Sync 2 DAGs
[2024-09-06T14:29:54.533+0000] {logging_mixin.py:190} INFO - [2024-09-06T14:29:54.533+0000] {dag.py:4156} INFO - Setting next_dagrun for read_dataset_event to 2024-09-05 00:00:00+00:00, run_after=2024-09-06 00:00:00+00:00
[2024-09-06T14:29:54.539+0000] {logging_mixin.py:190} INFO - [2024-09-06T14:29:54.538+0000] {dag.py:4156} INFO - Setting next_dagrun for read_dataset_event_from_classic to 2024-09-05 00:00:00+00:00, run_after=2024-09-06 00:00:00+00:00
[2024-09-06T14:29:54.555+0000] {processor.py:208} INFO - Processing /home/airflow/.local/lib/python3.12/site-packages/airflow/example_dags/example_inlet_event_extra.py took 0.180 seconds
[2024-09-06T14:30:24.716+0000] {processor.py:186} INFO - Started process (PID=1099) to work on /home/airflow/.local/lib/python3.12/site-packages/airflow/example_dags/example_inlet_event_extra.py
[2024-09-06T14:30:24.717+0000] {processor.py:914} INFO - Processing file /home/airflow/.local/lib/python3.12/site-packages/airflow/example_dags/example_inlet_event_extra.py for tasks to queue
[2024-09-06T14:30:24.719+0000] {logging_mixin.py:190} INFO - [2024-09-06T14:30:24.718+0000] {dagbag.py:587} INFO - Filling up the DagBag from /home/airflow/.local/lib/python3.12/site-packages/airflow/example_dags/example_inlet_event_extra.py
[2024-09-06T14:30:24.834+0000] {processor.py:925} INFO - DAG(s) 'read_dataset_event', 'read_dataset_event_from_classic' retrieved from /home/airflow/.local/lib/python3.12/site-packages/airflow/example_dags/example_inlet_event_extra.py
[2024-09-06T14:30:24.857+0000] {logging_mixin.py:190} INFO - [2024-09-06T14:30:24.857+0000] {dag.py:3229} INFO - Sync 2 DAGs
[2024-09-06T14:30:24.881+0000] {logging_mixin.py:190} INFO - [2024-09-06T14:30:24.881+0000] {dag.py:4156} INFO - Setting next_dagrun for read_dataset_event to 2024-09-05 00:00:00+00:00, run_after=2024-09-06 00:00:00+00:00
[2024-09-06T14:30:24.888+0000] {logging_mixin.py:190} INFO - [2024-09-06T14:30:24.888+0000] {dag.py:4156} INFO - Setting next_dagrun for read_dataset_event_from_classic to 2024-09-05 00:00:00+00:00, run_after=2024-09-06 00:00:00+00:00
[2024-09-06T14:30:24.905+0000] {processor.py:208} INFO - Processing /home/airflow/.local/lib/python3.12/site-packages/airflow/example_dags/example_inlet_event_extra.py took 0.194 seconds
[2024-09-06T14:30:55.042+0000] {processor.py:186} INFO - Started process (PID=1161) to work on /home/airflow/.local/lib/python3.12/site-packages/airflow/example_dags/example_inlet_event_extra.py
[2024-09-06T14:30:55.043+0000] {processor.py:914} INFO - Processing file /home/airflow/.local/lib/python3.12/site-packages/airflow/example_dags/example_inlet_event_extra.py for tasks to queue
[2024-09-06T14:30:55.045+0000] {logging_mixin.py:190} INFO - [2024-09-06T14:30:55.044+0000] {dagbag.py:587} INFO - Filling up the DagBag from /home/airflow/.local/lib/python3.12/site-packages/airflow/example_dags/example_inlet_event_extra.py
[2024-09-06T14:30:55.172+0000] {processor.py:925} INFO - DAG(s) 'read_dataset_event_from_classic', 'read_dataset_event' retrieved from /home/airflow/.local/lib/python3.12/site-packages/airflow/example_dags/example_inlet_event_extra.py
[2024-09-06T14:30:55.188+0000] {logging_mixin.py:190} INFO - [2024-09-06T14:30:55.188+0000] {dag.py:3229} INFO - Sync 2 DAGs
[2024-09-06T14:30:55.219+0000] {logging_mixin.py:190} INFO - [2024-09-06T14:30:55.218+0000] {dag.py:4156} INFO - Setting next_dagrun for read_dataset_event to 2024-09-05 00:00:00+00:00, run_after=2024-09-06 00:00:00+00:00
[2024-09-06T14:30:55.225+0000] {logging_mixin.py:190} INFO - [2024-09-06T14:30:55.225+0000] {dag.py:4156} INFO - Setting next_dagrun for read_dataset_event_from_classic to 2024-09-05 00:00:00+00:00, run_after=2024-09-06 00:00:00+00:00
[2024-09-06T14:30:55.244+0000] {processor.py:208} INFO - Processing /home/airflow/.local/lib/python3.12/site-packages/airflow/example_dags/example_inlet_event_extra.py took 0.207 seconds
[2024-09-06T14:31:25.737+0000] {processor.py:186} INFO - Started process (PID=1223) to work on /home/airflow/.local/lib/python3.12/site-packages/airflow/example_dags/example_inlet_event_extra.py
[2024-09-06T14:31:25.738+0000] {processor.py:914} INFO - Processing file /home/airflow/.local/lib/python3.12/site-packages/airflow/example_dags/example_inlet_event_extra.py for tasks to queue
[2024-09-06T14:31:25.741+0000] {logging_mixin.py:190} INFO - [2024-09-06T14:31:25.740+0000] {dagbag.py:587} INFO - Filling up the DagBag from /home/airflow/.local/lib/python3.12/site-packages/airflow/example_dags/example_inlet_event_extra.py
[2024-09-06T14:31:25.877+0000] {processor.py:925} INFO - DAG(s) 'read_dataset_event', 'read_dataset_event_from_classic' retrieved from /home/airflow/.local/lib/python3.12/site-packages/airflow/example_dags/example_inlet_event_extra.py
[2024-09-06T14:31:25.897+0000] {logging_mixin.py:190} INFO - [2024-09-06T14:31:25.897+0000] {dag.py:3229} INFO - Sync 2 DAGs
[2024-09-06T14:31:25.923+0000] {logging_mixin.py:190} INFO - [2024-09-06T14:31:25.923+0000] {dag.py:4156} INFO - Setting next_dagrun for read_dataset_event to 2024-09-05 00:00:00+00:00, run_after=2024-09-06 00:00:00+00:00
[2024-09-06T14:31:25.928+0000] {logging_mixin.py:190} INFO - [2024-09-06T14:31:25.928+0000] {dag.py:4156} INFO - Setting next_dagrun for read_dataset_event_from_classic to 2024-09-05 00:00:00+00:00, run_after=2024-09-06 00:00:00+00:00
[2024-09-06T14:31:25.945+0000] {processor.py:208} INFO - Processing /home/airflow/.local/lib/python3.12/site-packages/airflow/example_dags/example_inlet_event_extra.py took 0.216 seconds
[2024-09-06T14:31:56.230+0000] {processor.py:186} INFO - Started process (PID=1285) to work on /home/airflow/.local/lib/python3.12/site-packages/airflow/example_dags/example_inlet_event_extra.py
[2024-09-06T14:31:56.231+0000] {processor.py:914} INFO - Processing file /home/airflow/.local/lib/python3.12/site-packages/airflow/example_dags/example_inlet_event_extra.py for tasks to queue
[2024-09-06T14:31:56.233+0000] {logging_mixin.py:190} INFO - [2024-09-06T14:31:56.233+0000] {dagbag.py:587} INFO - Filling up the DagBag from /home/airflow/.local/lib/python3.12/site-packages/airflow/example_dags/example_inlet_event_extra.py
[2024-09-06T14:31:56.366+0000] {processor.py:925} INFO - DAG(s) 'read_dataset_event', 'read_dataset_event_from_classic' retrieved from /home/airflow/.local/lib/python3.12/site-packages/airflow/example_dags/example_inlet_event_extra.py
[2024-09-06T14:31:56.386+0000] {logging_mixin.py:190} INFO - [2024-09-06T14:31:56.386+0000] {dag.py:3229} INFO - Sync 2 DAGs
[2024-09-06T14:31:56.407+0000] {logging_mixin.py:190} INFO - [2024-09-06T14:31:56.407+0000] {dag.py:4156} INFO - Setting next_dagrun for read_dataset_event to 2024-09-05 00:00:00+00:00, run_after=2024-09-06 00:00:00+00:00
[2024-09-06T14:31:56.412+0000] {logging_mixin.py:190} INFO - [2024-09-06T14:31:56.412+0000] {dag.py:4156} INFO - Setting next_dagrun for read_dataset_event_from_classic to 2024-09-05 00:00:00+00:00, run_after=2024-09-06 00:00:00+00:00
[2024-09-06T14:31:56.431+0000] {processor.py:208} INFO - Processing /home/airflow/.local/lib/python3.12/site-packages/airflow/example_dags/example_inlet_event_extra.py took 0.206 seconds
[2024-09-06T14:32:26.831+0000] {processor.py:186} INFO - Started process (PID=1347) to work on /home/airflow/.local/lib/python3.12/site-packages/airflow/example_dags/example_inlet_event_extra.py
[2024-09-06T14:32:26.832+0000] {processor.py:914} INFO - Processing file /home/airflow/.local/lib/python3.12/site-packages/airflow/example_dags/example_inlet_event_extra.py for tasks to queue
[2024-09-06T14:32:26.834+0000] {logging_mixin.py:190} INFO - [2024-09-06T14:32:26.834+0000] {dagbag.py:587} INFO - Filling up the DagBag from /home/airflow/.local/lib/python3.12/site-packages/airflow/example_dags/example_inlet_event_extra.py
[2024-09-06T14:32:26.969+0000] {processor.py:925} INFO - DAG(s) 'read_dataset_event_from_classic', 'read_dataset_event' retrieved from /home/airflow/.local/lib/python3.12/site-packages/airflow/example_dags/example_inlet_event_extra.py
[2024-09-06T14:32:26.988+0000] {logging_mixin.py:190} INFO - [2024-09-06T14:32:26.988+0000] {dag.py:3229} INFO - Sync 2 DAGs
[2024-09-06T14:32:27.010+0000] {logging_mixin.py:190} INFO - [2024-09-06T14:32:27.010+0000] {dag.py:4156} INFO - Setting next_dagrun for read_dataset_event to 2024-09-05 00:00:00+00:00, run_after=2024-09-06 00:00:00+00:00
[2024-09-06T14:32:27.016+0000] {logging_mixin.py:190} INFO - [2024-09-06T14:32:27.016+0000] {dag.py:4156} INFO - Setting next_dagrun for read_dataset_event_from_classic to 2024-09-05 00:00:00+00:00, run_after=2024-09-06 00:00:00+00:00
[2024-09-06T14:32:27.030+0000] {processor.py:208} INFO - Processing /home/airflow/.local/lib/python3.12/site-packages/airflow/example_dags/example_inlet_event_extra.py took 0.206 seconds
[2024-09-06T14:32:57.326+0000] {processor.py:186} INFO - Started process (PID=1409) to work on /home/airflow/.local/lib/python3.12/site-packages/airflow/example_dags/example_inlet_event_extra.py
[2024-09-06T14:32:57.327+0000] {processor.py:914} INFO - Processing file /home/airflow/.local/lib/python3.12/site-packages/airflow/example_dags/example_inlet_event_extra.py for tasks to queue
[2024-09-06T14:32:57.329+0000] {logging_mixin.py:190} INFO - [2024-09-06T14:32:57.328+0000] {dagbag.py:587} INFO - Filling up the DagBag from /home/airflow/.local/lib/python3.12/site-packages/airflow/example_dags/example_inlet_event_extra.py
[2024-09-06T14:32:57.470+0000] {processor.py:925} INFO - DAG(s) 'read_dataset_event', 'read_dataset_event_from_classic' retrieved from /home/airflow/.local/lib/python3.12/site-packages/airflow/example_dags/example_inlet_event_extra.py
[2024-09-06T14:32:57.490+0000] {logging_mixin.py:190} INFO - [2024-09-06T14:32:57.489+0000] {dag.py:3229} INFO - Sync 2 DAGs
[2024-09-06T14:32:57.518+0000] {logging_mixin.py:190} INFO - [2024-09-06T14:32:57.518+0000] {dag.py:4156} INFO - Setting next_dagrun for read_dataset_event to 2024-09-05 00:00:00+00:00, run_after=2024-09-06 00:00:00+00:00
[2024-09-06T14:32:57.525+0000] {logging_mixin.py:190} INFO - [2024-09-06T14:32:57.525+0000] {dag.py:4156} INFO - Setting next_dagrun for read_dataset_event_from_classic to 2024-09-05 00:00:00+00:00, run_after=2024-09-06 00:00:00+00:00
[2024-09-06T14:32:57.541+0000] {processor.py:208} INFO - Processing /home/airflow/.local/lib/python3.12/site-packages/airflow/example_dags/example_inlet_event_extra.py took 0.221 seconds
[2024-09-06T14:33:27.924+0000] {processor.py:186} INFO - Started process (PID=1471) to work on /home/airflow/.local/lib/python3.12/site-packages/airflow/example_dags/example_inlet_event_extra.py
[2024-09-06T14:33:27.925+0000] {processor.py:914} INFO - Processing file /home/airflow/.local/lib/python3.12/site-packages/airflow/example_dags/example_inlet_event_extra.py for tasks to queue
[2024-09-06T14:33:27.928+0000] {logging_mixin.py:190} INFO - [2024-09-06T14:33:27.928+0000] {dagbag.py:587} INFO - Filling up the DagBag from /home/airflow/.local/lib/python3.12/site-packages/airflow/example_dags/example_inlet_event_extra.py
[2024-09-06T14:33:28.097+0000] {processor.py:925} INFO - DAG(s) 'read_dataset_event', 'read_dataset_event_from_classic' retrieved from /home/airflow/.local/lib/python3.12/site-packages/airflow/example_dags/example_inlet_event_extra.py
[2024-09-06T14:33:28.121+0000] {logging_mixin.py:190} INFO - [2024-09-06T14:33:28.120+0000] {dag.py:3229} INFO - Sync 2 DAGs
[2024-09-06T14:33:28.141+0000] {logging_mixin.py:190} INFO - [2024-09-06T14:33:28.140+0000] {dag.py:4156} INFO - Setting next_dagrun for read_dataset_event to 2024-09-05 00:00:00+00:00, run_after=2024-09-06 00:00:00+00:00
[2024-09-06T14:33:28.146+0000] {logging_mixin.py:190} INFO - [2024-09-06T14:33:28.146+0000] {dag.py:4156} INFO - Setting next_dagrun for read_dataset_event_from_classic to 2024-09-05 00:00:00+00:00, run_after=2024-09-06 00:00:00+00:00
[2024-09-06T14:33:28.162+0000] {processor.py:208} INFO - Processing /home/airflow/.local/lib/python3.12/site-packages/airflow/example_dags/example_inlet_event_extra.py took 0.245 seconds
