[2024-09-06T14:22:17.729+0000] {processor.py:186} INFO - Started process (PID=108) to work on /home/airflow/.local/lib/python3.12/site-packages/airflow/example_dags/example_setup_teardown_taskflow.py
[2024-09-06T14:22:17.731+0000] {processor.py:914} INFO - Processing file /home/airflow/.local/lib/python3.12/site-packages/airflow/example_dags/example_setup_teardown_taskflow.py for tasks to queue
[2024-09-06T14:22:17.736+0000] {logging_mixin.py:190} INFO - [2024-09-06T14:22:17.735+0000] {dagbag.py:587} INFO - Filling up the DagBag from /home/airflow/.local/lib/python3.12/site-packages/airflow/example_dags/example_setup_teardown_taskflow.py
[2024-09-06T14:22:17.755+0000] {processor.py:925} INFO - DAG(s) 'example_setup_teardown_taskflow' retrieved from /home/airflow/.local/lib/python3.12/site-packages/airflow/example_dags/example_setup_teardown_taskflow.py
[2024-09-06T14:22:17.902+0000] {logging_mixin.py:190} INFO - [2024-09-06T14:22:17.902+0000] {override.py:1900} INFO - Created Permission View: can read on DAG:example_setup_teardown_taskflow
[2024-09-06T14:22:17.912+0000] {logging_mixin.py:190} INFO - [2024-09-06T14:22:17.912+0000] {override.py:1900} INFO - Created Permission View: can delete on DAG:example_setup_teardown_taskflow
[2024-09-06T14:22:17.920+0000] {logging_mixin.py:190} INFO - [2024-09-06T14:22:17.920+0000] {override.py:1900} INFO - Created Permission View: can edit on DAG:example_setup_teardown_taskflow
[2024-09-06T14:22:17.928+0000] {logging_mixin.py:190} INFO - [2024-09-06T14:22:17.928+0000] {override.py:1900} INFO - Created Permission View: can read on DAG Run:example_setup_teardown_taskflow
[2024-09-06T14:22:17.935+0000] {logging_mixin.py:190} INFO - [2024-09-06T14:22:17.935+0000] {override.py:1900} INFO - Created Permission View: can delete on DAG Run:example_setup_teardown_taskflow
[2024-09-06T14:22:17.943+0000] {logging_mixin.py:190} INFO - [2024-09-06T14:22:17.942+0000] {override.py:1900} INFO - Created Permission View: menu access on DAG Run:example_setup_teardown_taskflow
[2024-09-06T14:22:17.950+0000] {logging_mixin.py:190} INFO - [2024-09-06T14:22:17.949+0000] {override.py:1900} INFO - Created Permission View: can create on DAG Run:example_setup_teardown_taskflow
[2024-09-06T14:22:17.951+0000] {logging_mixin.py:190} INFO - [2024-09-06T14:22:17.950+0000] {dag.py:3229} INFO - Sync 1 DAGs
[2024-09-06T14:22:17.964+0000] {logging_mixin.py:190} INFO - [2024-09-06T14:22:17.964+0000] {dag.py:3252} INFO - Creating ORM DAG for example_setup_teardown_taskflow
[2024-09-06T14:22:17.965+0000] {logging_mixin.py:190} INFO - [2024-09-06T14:22:17.965+0000] {dag.py:4156} INFO - Setting next_dagrun for example_setup_teardown_taskflow to None, run_after=None
[2024-09-06T14:22:17.983+0000] {processor.py:208} INFO - Processing /home/airflow/.local/lib/python3.12/site-packages/airflow/example_dags/example_setup_teardown_taskflow.py took 0.263 seconds
[2024-09-06T14:22:48.824+0000] {processor.py:186} INFO - Started process (PID=170) to work on /home/airflow/.local/lib/python3.12/site-packages/airflow/example_dags/example_setup_teardown_taskflow.py
[2024-09-06T14:22:48.824+0000] {processor.py:914} INFO - Processing file /home/airflow/.local/lib/python3.12/site-packages/airflow/example_dags/example_setup_teardown_taskflow.py for tasks to queue
[2024-09-06T14:22:48.827+0000] {logging_mixin.py:190} INFO - [2024-09-06T14:22:48.826+0000] {dagbag.py:587} INFO - Filling up the DagBag from /home/airflow/.local/lib/python3.12/site-packages/airflow/example_dags/example_setup_teardown_taskflow.py
[2024-09-06T14:22:48.835+0000] {processor.py:925} INFO - DAG(s) 'example_setup_teardown_taskflow' retrieved from /home/airflow/.local/lib/python3.12/site-packages/airflow/example_dags/example_setup_teardown_taskflow.py
[2024-09-06T14:22:48.854+0000] {logging_mixin.py:190} INFO - [2024-09-06T14:22:48.854+0000] {dag.py:3229} INFO - Sync 1 DAGs
[2024-09-06T14:22:48.866+0000] {logging_mixin.py:190} INFO - [2024-09-06T14:22:48.866+0000] {dag.py:4156} INFO - Setting next_dagrun for example_setup_teardown_taskflow to None, run_after=None
[2024-09-06T14:22:48.885+0000] {processor.py:208} INFO - Processing /home/airflow/.local/lib/python3.12/site-packages/airflow/example_dags/example_setup_teardown_taskflow.py took 0.066 seconds
[2024-09-06T14:23:19.140+0000] {processor.py:186} INFO - Started process (PID=232) to work on /home/airflow/.local/lib/python3.12/site-packages/airflow/example_dags/example_setup_teardown_taskflow.py
[2024-09-06T14:23:19.141+0000] {processor.py:914} INFO - Processing file /home/airflow/.local/lib/python3.12/site-packages/airflow/example_dags/example_setup_teardown_taskflow.py for tasks to queue
[2024-09-06T14:23:19.144+0000] {logging_mixin.py:190} INFO - [2024-09-06T14:23:19.143+0000] {dagbag.py:587} INFO - Filling up the DagBag from /home/airflow/.local/lib/python3.12/site-packages/airflow/example_dags/example_setup_teardown_taskflow.py
[2024-09-06T14:23:19.154+0000] {processor.py:925} INFO - DAG(s) 'example_setup_teardown_taskflow' retrieved from /home/airflow/.local/lib/python3.12/site-packages/airflow/example_dags/example_setup_teardown_taskflow.py
[2024-09-06T14:23:19.179+0000] {logging_mixin.py:190} INFO - [2024-09-06T14:23:19.179+0000] {dag.py:3229} INFO - Sync 1 DAGs
[2024-09-06T14:23:19.197+0000] {logging_mixin.py:190} INFO - [2024-09-06T14:23:19.197+0000] {dag.py:4156} INFO - Setting next_dagrun for example_setup_teardown_taskflow to None, run_after=None
[2024-09-06T14:23:19.214+0000] {processor.py:208} INFO - Processing /home/airflow/.local/lib/python3.12/site-packages/airflow/example_dags/example_setup_teardown_taskflow.py took 0.079 seconds
[2024-09-06T14:23:49.669+0000] {processor.py:186} INFO - Started process (PID=294) to work on /home/airflow/.local/lib/python3.12/site-packages/airflow/example_dags/example_setup_teardown_taskflow.py
[2024-09-06T14:23:49.670+0000] {processor.py:914} INFO - Processing file /home/airflow/.local/lib/python3.12/site-packages/airflow/example_dags/example_setup_teardown_taskflow.py for tasks to queue
[2024-09-06T14:23:49.674+0000] {logging_mixin.py:190} INFO - [2024-09-06T14:23:49.673+0000] {dagbag.py:587} INFO - Filling up the DagBag from /home/airflow/.local/lib/python3.12/site-packages/airflow/example_dags/example_setup_teardown_taskflow.py
[2024-09-06T14:23:49.685+0000] {processor.py:925} INFO - DAG(s) 'example_setup_teardown_taskflow' retrieved from /home/airflow/.local/lib/python3.12/site-packages/airflow/example_dags/example_setup_teardown_taskflow.py
[2024-09-06T14:23:49.716+0000] {logging_mixin.py:190} INFO - [2024-09-06T14:23:49.716+0000] {dag.py:3229} INFO - Sync 1 DAGs
[2024-09-06T14:23:49.730+0000] {logging_mixin.py:190} INFO - [2024-09-06T14:23:49.730+0000] {dag.py:4156} INFO - Setting next_dagrun for example_setup_teardown_taskflow to None, run_after=None
[2024-09-06T14:23:49.748+0000] {processor.py:208} INFO - Processing /home/airflow/.local/lib/python3.12/site-packages/airflow/example_dags/example_setup_teardown_taskflow.py took 0.084 seconds
[2024-09-06T14:24:19.935+0000] {processor.py:186} INFO - Started process (PID=356) to work on /home/airflow/.local/lib/python3.12/site-packages/airflow/example_dags/example_setup_teardown_taskflow.py
[2024-09-06T14:24:19.936+0000] {processor.py:914} INFO - Processing file /home/airflow/.local/lib/python3.12/site-packages/airflow/example_dags/example_setup_teardown_taskflow.py for tasks to queue
[2024-09-06T14:24:19.938+0000] {logging_mixin.py:190} INFO - [2024-09-06T14:24:19.938+0000] {dagbag.py:587} INFO - Filling up the DagBag from /home/airflow/.local/lib/python3.12/site-packages/airflow/example_dags/example_setup_teardown_taskflow.py
[2024-09-06T14:24:19.947+0000] {processor.py:925} INFO - DAG(s) 'example_setup_teardown_taskflow' retrieved from /home/airflow/.local/lib/python3.12/site-packages/airflow/example_dags/example_setup_teardown_taskflow.py
[2024-09-06T14:24:19.966+0000] {logging_mixin.py:190} INFO - [2024-09-06T14:24:19.966+0000] {dag.py:3229} INFO - Sync 1 DAGs
[2024-09-06T14:24:19.978+0000] {logging_mixin.py:190} INFO - [2024-09-06T14:24:19.977+0000] {dag.py:4156} INFO - Setting next_dagrun for example_setup_teardown_taskflow to None, run_after=None
[2024-09-06T14:24:19.997+0000] {processor.py:208} INFO - Processing /home/airflow/.local/lib/python3.12/site-packages/airflow/example_dags/example_setup_teardown_taskflow.py took 0.066 seconds
[2024-09-06T14:24:50.284+0000] {processor.py:186} INFO - Started process (PID=418) to work on /home/airflow/.local/lib/python3.12/site-packages/airflow/example_dags/example_setup_teardown_taskflow.py
[2024-09-06T14:24:50.285+0000] {processor.py:914} INFO - Processing file /home/airflow/.local/lib/python3.12/site-packages/airflow/example_dags/example_setup_teardown_taskflow.py for tasks to queue
[2024-09-06T14:24:50.287+0000] {logging_mixin.py:190} INFO - [2024-09-06T14:24:50.287+0000] {dagbag.py:587} INFO - Filling up the DagBag from /home/airflow/.local/lib/python3.12/site-packages/airflow/example_dags/example_setup_teardown_taskflow.py
[2024-09-06T14:24:50.295+0000] {processor.py:925} INFO - DAG(s) 'example_setup_teardown_taskflow' retrieved from /home/airflow/.local/lib/python3.12/site-packages/airflow/example_dags/example_setup_teardown_taskflow.py
[2024-09-06T14:24:50.315+0000] {logging_mixin.py:190} INFO - [2024-09-06T14:24:50.314+0000] {dag.py:3229} INFO - Sync 1 DAGs
[2024-09-06T14:24:50.326+0000] {logging_mixin.py:190} INFO - [2024-09-06T14:24:50.326+0000] {dag.py:4156} INFO - Setting next_dagrun for example_setup_teardown_taskflow to None, run_after=None
[2024-09-06T14:24:50.348+0000] {processor.py:208} INFO - Processing /home/airflow/.local/lib/python3.12/site-packages/airflow/example_dags/example_setup_teardown_taskflow.py took 0.069 seconds
[2024-09-06T14:25:20.707+0000] {processor.py:186} INFO - Started process (PID=481) to work on /home/airflow/.local/lib/python3.12/site-packages/airflow/example_dags/example_setup_teardown_taskflow.py
[2024-09-06T14:25:20.708+0000] {processor.py:914} INFO - Processing file /home/airflow/.local/lib/python3.12/site-packages/airflow/example_dags/example_setup_teardown_taskflow.py for tasks to queue
[2024-09-06T14:25:20.710+0000] {logging_mixin.py:190} INFO - [2024-09-06T14:25:20.710+0000] {dagbag.py:587} INFO - Filling up the DagBag from /home/airflow/.local/lib/python3.12/site-packages/airflow/example_dags/example_setup_teardown_taskflow.py
[2024-09-06T14:25:20.720+0000] {processor.py:925} INFO - DAG(s) 'example_setup_teardown_taskflow' retrieved from /home/airflow/.local/lib/python3.12/site-packages/airflow/example_dags/example_setup_teardown_taskflow.py
[2024-09-06T14:25:20.740+0000] {logging_mixin.py:190} INFO - [2024-09-06T14:25:20.740+0000] {dag.py:3229} INFO - Sync 1 DAGs
[2024-09-06T14:25:20.754+0000] {logging_mixin.py:190} INFO - [2024-09-06T14:25:20.753+0000] {dag.py:4156} INFO - Setting next_dagrun for example_setup_teardown_taskflow to None, run_after=None
[2024-09-06T14:25:20.772+0000] {processor.py:208} INFO - Processing /home/airflow/.local/lib/python3.12/site-packages/airflow/example_dags/example_setup_teardown_taskflow.py took 0.070 seconds
[2024-09-06T14:25:50.936+0000] {processor.py:186} INFO - Started process (PID=542) to work on /home/airflow/.local/lib/python3.12/site-packages/airflow/example_dags/example_setup_teardown_taskflow.py
[2024-09-06T14:25:50.937+0000] {processor.py:914} INFO - Processing file /home/airflow/.local/lib/python3.12/site-packages/airflow/example_dags/example_setup_teardown_taskflow.py for tasks to queue
[2024-09-06T14:25:50.939+0000] {logging_mixin.py:190} INFO - [2024-09-06T14:25:50.939+0000] {dagbag.py:587} INFO - Filling up the DagBag from /home/airflow/.local/lib/python3.12/site-packages/airflow/example_dags/example_setup_teardown_taskflow.py
[2024-09-06T14:25:50.947+0000] {processor.py:925} INFO - DAG(s) 'example_setup_teardown_taskflow' retrieved from /home/airflow/.local/lib/python3.12/site-packages/airflow/example_dags/example_setup_teardown_taskflow.py
[2024-09-06T14:25:50.966+0000] {logging_mixin.py:190} INFO - [2024-09-06T14:25:50.966+0000] {dag.py:3229} INFO - Sync 1 DAGs
[2024-09-06T14:25:50.978+0000] {logging_mixin.py:190} INFO - [2024-09-06T14:25:50.978+0000] {dag.py:4156} INFO - Setting next_dagrun for example_setup_teardown_taskflow to None, run_after=None
[2024-09-06T14:25:50.998+0000] {processor.py:208} INFO - Processing /home/airflow/.local/lib/python3.12/site-packages/airflow/example_dags/example_setup_teardown_taskflow.py took 0.066 seconds
[2024-09-06T14:26:21.198+0000] {processor.py:186} INFO - Started process (PID=604) to work on /home/airflow/.local/lib/python3.12/site-packages/airflow/example_dags/example_setup_teardown_taskflow.py
[2024-09-06T14:26:21.199+0000] {processor.py:914} INFO - Processing file /home/airflow/.local/lib/python3.12/site-packages/airflow/example_dags/example_setup_teardown_taskflow.py for tasks to queue
[2024-09-06T14:26:21.201+0000] {logging_mixin.py:190} INFO - [2024-09-06T14:26:21.200+0000] {dagbag.py:587} INFO - Filling up the DagBag from /home/airflow/.local/lib/python3.12/site-packages/airflow/example_dags/example_setup_teardown_taskflow.py
[2024-09-06T14:26:21.210+0000] {processor.py:925} INFO - DAG(s) 'example_setup_teardown_taskflow' retrieved from /home/airflow/.local/lib/python3.12/site-packages/airflow/example_dags/example_setup_teardown_taskflow.py
[2024-09-06T14:26:21.229+0000] {logging_mixin.py:190} INFO - [2024-09-06T14:26:21.229+0000] {dag.py:3229} INFO - Sync 1 DAGs
[2024-09-06T14:26:21.241+0000] {logging_mixin.py:190} INFO - [2024-09-06T14:26:21.241+0000] {dag.py:4156} INFO - Setting next_dagrun for example_setup_teardown_taskflow to None, run_after=None
[2024-09-06T14:26:21.278+0000] {processor.py:208} INFO - Processing /home/airflow/.local/lib/python3.12/site-packages/airflow/example_dags/example_setup_teardown_taskflow.py took 0.085 seconds
[2024-09-06T14:26:51.467+0000] {processor.py:186} INFO - Started process (PID=666) to work on /home/airflow/.local/lib/python3.12/site-packages/airflow/example_dags/example_setup_teardown_taskflow.py
[2024-09-06T14:26:51.468+0000] {processor.py:914} INFO - Processing file /home/airflow/.local/lib/python3.12/site-packages/airflow/example_dags/example_setup_teardown_taskflow.py for tasks to queue
[2024-09-06T14:26:51.470+0000] {logging_mixin.py:190} INFO - [2024-09-06T14:26:51.470+0000] {dagbag.py:587} INFO - Filling up the DagBag from /home/airflow/.local/lib/python3.12/site-packages/airflow/example_dags/example_setup_teardown_taskflow.py
[2024-09-06T14:26:51.479+0000] {processor.py:925} INFO - DAG(s) 'example_setup_teardown_taskflow' retrieved from /home/airflow/.local/lib/python3.12/site-packages/airflow/example_dags/example_setup_teardown_taskflow.py
[2024-09-06T14:26:51.499+0000] {logging_mixin.py:190} INFO - [2024-09-06T14:26:51.499+0000] {dag.py:3229} INFO - Sync 1 DAGs
[2024-09-06T14:26:51.512+0000] {logging_mixin.py:190} INFO - [2024-09-06T14:26:51.512+0000] {dag.py:4156} INFO - Setting next_dagrun for example_setup_teardown_taskflow to None, run_after=None
[2024-09-06T14:26:51.533+0000] {processor.py:208} INFO - Processing /home/airflow/.local/lib/python3.12/site-packages/airflow/example_dags/example_setup_teardown_taskflow.py took 0.070 seconds
[2024-09-06T14:27:21.722+0000] {processor.py:186} INFO - Started process (PID=728) to work on /home/airflow/.local/lib/python3.12/site-packages/airflow/example_dags/example_setup_teardown_taskflow.py
[2024-09-06T14:27:21.724+0000] {processor.py:914} INFO - Processing file /home/airflow/.local/lib/python3.12/site-packages/airflow/example_dags/example_setup_teardown_taskflow.py for tasks to queue
[2024-09-06T14:27:21.726+0000] {logging_mixin.py:190} INFO - [2024-09-06T14:27:21.726+0000] {dagbag.py:587} INFO - Filling up the DagBag from /home/airflow/.local/lib/python3.12/site-packages/airflow/example_dags/example_setup_teardown_taskflow.py
[2024-09-06T14:27:21.734+0000] {processor.py:925} INFO - DAG(s) 'example_setup_teardown_taskflow' retrieved from /home/airflow/.local/lib/python3.12/site-packages/airflow/example_dags/example_setup_teardown_taskflow.py
[2024-09-06T14:27:21.757+0000] {logging_mixin.py:190} INFO - [2024-09-06T14:27:21.757+0000] {dag.py:3229} INFO - Sync 1 DAGs
[2024-09-06T14:27:21.772+0000] {logging_mixin.py:190} INFO - [2024-09-06T14:27:21.772+0000] {dag.py:4156} INFO - Setting next_dagrun for example_setup_teardown_taskflow to None, run_after=None
[2024-09-06T14:27:21.794+0000] {processor.py:208} INFO - Processing /home/airflow/.local/lib/python3.12/site-packages/airflow/example_dags/example_setup_teardown_taskflow.py took 0.077 seconds
[2024-09-06T14:27:51.963+0000] {processor.py:186} INFO - Started process (PID=790) to work on /home/airflow/.local/lib/python3.12/site-packages/airflow/example_dags/example_setup_teardown_taskflow.py
[2024-09-06T14:27:51.964+0000] {processor.py:914} INFO - Processing file /home/airflow/.local/lib/python3.12/site-packages/airflow/example_dags/example_setup_teardown_taskflow.py for tasks to queue
[2024-09-06T14:27:51.966+0000] {logging_mixin.py:190} INFO - [2024-09-06T14:27:51.966+0000] {dagbag.py:587} INFO - Filling up the DagBag from /home/airflow/.local/lib/python3.12/site-packages/airflow/example_dags/example_setup_teardown_taskflow.py
[2024-09-06T14:27:51.978+0000] {processor.py:925} INFO - DAG(s) 'example_setup_teardown_taskflow' retrieved from /home/airflow/.local/lib/python3.12/site-packages/airflow/example_dags/example_setup_teardown_taskflow.py
[2024-09-06T14:27:51.997+0000] {logging_mixin.py:190} INFO - [2024-09-06T14:27:51.997+0000] {dag.py:3229} INFO - Sync 1 DAGs
[2024-09-06T14:27:52.012+0000] {logging_mixin.py:190} INFO - [2024-09-06T14:27:52.012+0000] {dag.py:4156} INFO - Setting next_dagrun for example_setup_teardown_taskflow to None, run_after=None
[2024-09-06T14:27:52.033+0000] {processor.py:208} INFO - Processing /home/airflow/.local/lib/python3.12/site-packages/airflow/example_dags/example_setup_teardown_taskflow.py took 0.075 seconds
[2024-09-06T14:28:22.308+0000] {processor.py:186} INFO - Started process (PID=852) to work on /home/airflow/.local/lib/python3.12/site-packages/airflow/example_dags/example_setup_teardown_taskflow.py
[2024-09-06T14:28:22.309+0000] {processor.py:914} INFO - Processing file /home/airflow/.local/lib/python3.12/site-packages/airflow/example_dags/example_setup_teardown_taskflow.py for tasks to queue
[2024-09-06T14:28:22.312+0000] {logging_mixin.py:190} INFO - [2024-09-06T14:28:22.311+0000] {dagbag.py:587} INFO - Filling up the DagBag from /home/airflow/.local/lib/python3.12/site-packages/airflow/example_dags/example_setup_teardown_taskflow.py
[2024-09-06T14:28:22.321+0000] {processor.py:925} INFO - DAG(s) 'example_setup_teardown_taskflow' retrieved from /home/airflow/.local/lib/python3.12/site-packages/airflow/example_dags/example_setup_teardown_taskflow.py
[2024-09-06T14:28:22.340+0000] {logging_mixin.py:190} INFO - [2024-09-06T14:28:22.340+0000] {dag.py:3229} INFO - Sync 1 DAGs
[2024-09-06T14:28:22.353+0000] {logging_mixin.py:190} INFO - [2024-09-06T14:28:22.353+0000] {dag.py:4156} INFO - Setting next_dagrun for example_setup_teardown_taskflow to None, run_after=None
[2024-09-06T14:28:22.369+0000] {processor.py:208} INFO - Processing /home/airflow/.local/lib/python3.12/site-packages/airflow/example_dags/example_setup_teardown_taskflow.py took 0.067 seconds
[2024-09-06T14:28:52.600+0000] {processor.py:186} INFO - Started process (PID=914) to work on /home/airflow/.local/lib/python3.12/site-packages/airflow/example_dags/example_setup_teardown_taskflow.py
[2024-09-06T14:28:52.600+0000] {processor.py:914} INFO - Processing file /home/airflow/.local/lib/python3.12/site-packages/airflow/example_dags/example_setup_teardown_taskflow.py for tasks to queue
[2024-09-06T14:28:52.602+0000] {logging_mixin.py:190} INFO - [2024-09-06T14:28:52.602+0000] {dagbag.py:587} INFO - Filling up the DagBag from /home/airflow/.local/lib/python3.12/site-packages/airflow/example_dags/example_setup_teardown_taskflow.py
[2024-09-06T14:28:52.611+0000] {processor.py:925} INFO - DAG(s) 'example_setup_teardown_taskflow' retrieved from /home/airflow/.local/lib/python3.12/site-packages/airflow/example_dags/example_setup_teardown_taskflow.py
[2024-09-06T14:28:52.631+0000] {logging_mixin.py:190} INFO - [2024-09-06T14:28:52.630+0000] {dag.py:3229} INFO - Sync 1 DAGs
[2024-09-06T14:28:52.643+0000] {logging_mixin.py:190} INFO - [2024-09-06T14:28:52.643+0000] {dag.py:4156} INFO - Setting next_dagrun for example_setup_teardown_taskflow to None, run_after=None
[2024-09-06T14:28:52.661+0000] {processor.py:208} INFO - Processing /home/airflow/.local/lib/python3.12/site-packages/airflow/example_dags/example_setup_teardown_taskflow.py took 0.067 seconds
[2024-09-06T14:29:23.454+0000] {processor.py:186} INFO - Started process (PID=976) to work on /home/airflow/.local/lib/python3.12/site-packages/airflow/example_dags/example_setup_teardown_taskflow.py
[2024-09-06T14:29:23.455+0000] {processor.py:914} INFO - Processing file /home/airflow/.local/lib/python3.12/site-packages/airflow/example_dags/example_setup_teardown_taskflow.py for tasks to queue
[2024-09-06T14:29:23.457+0000] {logging_mixin.py:190} INFO - [2024-09-06T14:29:23.456+0000] {dagbag.py:587} INFO - Filling up the DagBag from /home/airflow/.local/lib/python3.12/site-packages/airflow/example_dags/example_setup_teardown_taskflow.py
[2024-09-06T14:29:23.465+0000] {processor.py:925} INFO - DAG(s) 'example_setup_teardown_taskflow' retrieved from /home/airflow/.local/lib/python3.12/site-packages/airflow/example_dags/example_setup_teardown_taskflow.py
[2024-09-06T14:29:23.485+0000] {logging_mixin.py:190} INFO - [2024-09-06T14:29:23.484+0000] {dag.py:3229} INFO - Sync 1 DAGs
[2024-09-06T14:29:23.496+0000] {logging_mixin.py:190} INFO - [2024-09-06T14:29:23.496+0000] {dag.py:4156} INFO - Setting next_dagrun for example_setup_teardown_taskflow to None, run_after=None
[2024-09-06T14:29:23.515+0000] {processor.py:208} INFO - Processing /home/airflow/.local/lib/python3.12/site-packages/airflow/example_dags/example_setup_teardown_taskflow.py took 0.067 seconds
[2024-09-06T14:29:54.380+0000] {processor.py:186} INFO - Started process (PID=1038) to work on /home/airflow/.local/lib/python3.12/site-packages/airflow/example_dags/example_setup_teardown_taskflow.py
[2024-09-06T14:29:54.381+0000] {processor.py:914} INFO - Processing file /home/airflow/.local/lib/python3.12/site-packages/airflow/example_dags/example_setup_teardown_taskflow.py for tasks to queue
[2024-09-06T14:29:54.383+0000] {logging_mixin.py:190} INFO - [2024-09-06T14:29:54.383+0000] {dagbag.py:587} INFO - Filling up the DagBag from /home/airflow/.local/lib/python3.12/site-packages/airflow/example_dags/example_setup_teardown_taskflow.py
[2024-09-06T14:29:54.391+0000] {processor.py:925} INFO - DAG(s) 'example_setup_teardown_taskflow' retrieved from /home/airflow/.local/lib/python3.12/site-packages/airflow/example_dags/example_setup_teardown_taskflow.py
[2024-09-06T14:29:54.411+0000] {logging_mixin.py:190} INFO - [2024-09-06T14:29:54.411+0000] {dag.py:3229} INFO - Sync 1 DAGs
[2024-09-06T14:29:54.422+0000] {logging_mixin.py:190} INFO - [2024-09-06T14:29:54.422+0000] {dag.py:4156} INFO - Setting next_dagrun for example_setup_teardown_taskflow to None, run_after=None
[2024-09-06T14:29:54.441+0000] {processor.py:208} INFO - Processing /home/airflow/.local/lib/python3.12/site-packages/airflow/example_dags/example_setup_teardown_taskflow.py took 0.066 seconds
[2024-09-06T14:30:24.717+0000] {processor.py:186} INFO - Started process (PID=1100) to work on /home/airflow/.local/lib/python3.12/site-packages/airflow/example_dags/example_setup_teardown_taskflow.py
[2024-09-06T14:30:24.718+0000] {processor.py:914} INFO - Processing file /home/airflow/.local/lib/python3.12/site-packages/airflow/example_dags/example_setup_teardown_taskflow.py for tasks to queue
[2024-09-06T14:30:24.720+0000] {logging_mixin.py:190} INFO - [2024-09-06T14:30:24.720+0000] {dagbag.py:587} INFO - Filling up the DagBag from /home/airflow/.local/lib/python3.12/site-packages/airflow/example_dags/example_setup_teardown_taskflow.py
[2024-09-06T14:30:24.729+0000] {processor.py:925} INFO - DAG(s) 'example_setup_teardown_taskflow' retrieved from /home/airflow/.local/lib/python3.12/site-packages/airflow/example_dags/example_setup_teardown_taskflow.py
[2024-09-06T14:30:24.748+0000] {logging_mixin.py:190} INFO - [2024-09-06T14:30:24.748+0000] {dag.py:3229} INFO - Sync 1 DAGs
[2024-09-06T14:30:24.760+0000] {logging_mixin.py:190} INFO - [2024-09-06T14:30:24.760+0000] {dag.py:4156} INFO - Setting next_dagrun for example_setup_teardown_taskflow to None, run_after=None
[2024-09-06T14:30:24.780+0000] {processor.py:208} INFO - Processing /home/airflow/.local/lib/python3.12/site-packages/airflow/example_dags/example_setup_teardown_taskflow.py took 0.067 seconds
[2024-09-06T14:30:55.044+0000] {processor.py:186} INFO - Started process (PID=1162) to work on /home/airflow/.local/lib/python3.12/site-packages/airflow/example_dags/example_setup_teardown_taskflow.py
[2024-09-06T14:30:55.045+0000] {processor.py:914} INFO - Processing file /home/airflow/.local/lib/python3.12/site-packages/airflow/example_dags/example_setup_teardown_taskflow.py for tasks to queue
[2024-09-06T14:30:55.046+0000] {logging_mixin.py:190} INFO - [2024-09-06T14:30:55.046+0000] {dagbag.py:587} INFO - Filling up the DagBag from /home/airflow/.local/lib/python3.12/site-packages/airflow/example_dags/example_setup_teardown_taskflow.py
[2024-09-06T14:30:55.055+0000] {processor.py:925} INFO - DAG(s) 'example_setup_teardown_taskflow' retrieved from /home/airflow/.local/lib/python3.12/site-packages/airflow/example_dags/example_setup_teardown_taskflow.py
[2024-09-06T14:30:55.077+0000] {logging_mixin.py:190} INFO - [2024-09-06T14:30:55.077+0000] {dag.py:3229} INFO - Sync 1 DAGs
[2024-09-06T14:30:55.090+0000] {logging_mixin.py:190} INFO - [2024-09-06T14:30:55.090+0000] {dag.py:4156} INFO - Setting next_dagrun for example_setup_teardown_taskflow to None, run_after=None
[2024-09-06T14:30:55.108+0000] {processor.py:208} INFO - Processing /home/airflow/.local/lib/python3.12/site-packages/airflow/example_dags/example_setup_teardown_taskflow.py took 0.070 seconds
[2024-09-06T14:31:25.738+0000] {processor.py:186} INFO - Started process (PID=1224) to work on /home/airflow/.local/lib/python3.12/site-packages/airflow/example_dags/example_setup_teardown_taskflow.py
[2024-09-06T14:31:25.739+0000] {processor.py:914} INFO - Processing file /home/airflow/.local/lib/python3.12/site-packages/airflow/example_dags/example_setup_teardown_taskflow.py for tasks to queue
[2024-09-06T14:31:25.741+0000] {logging_mixin.py:190} INFO - [2024-09-06T14:31:25.741+0000] {dagbag.py:587} INFO - Filling up the DagBag from /home/airflow/.local/lib/python3.12/site-packages/airflow/example_dags/example_setup_teardown_taskflow.py
[2024-09-06T14:31:25.754+0000] {processor.py:925} INFO - DAG(s) 'example_setup_teardown_taskflow' retrieved from /home/airflow/.local/lib/python3.12/site-packages/airflow/example_dags/example_setup_teardown_taskflow.py
[2024-09-06T14:31:25.776+0000] {logging_mixin.py:190} INFO - [2024-09-06T14:31:25.776+0000] {dag.py:3229} INFO - Sync 1 DAGs
[2024-09-06T14:31:25.793+0000] {logging_mixin.py:190} INFO - [2024-09-06T14:31:25.793+0000] {dag.py:4156} INFO - Setting next_dagrun for example_setup_teardown_taskflow to None, run_after=None
[2024-09-06T14:31:25.811+0000] {processor.py:208} INFO - Processing /home/airflow/.local/lib/python3.12/site-packages/airflow/example_dags/example_setup_teardown_taskflow.py took 0.080 seconds
[2024-09-06T14:31:56.231+0000] {processor.py:186} INFO - Started process (PID=1286) to work on /home/airflow/.local/lib/python3.12/site-packages/airflow/example_dags/example_setup_teardown_taskflow.py
[2024-09-06T14:31:56.232+0000] {processor.py:914} INFO - Processing file /home/airflow/.local/lib/python3.12/site-packages/airflow/example_dags/example_setup_teardown_taskflow.py for tasks to queue
[2024-09-06T14:31:56.234+0000] {logging_mixin.py:190} INFO - [2024-09-06T14:31:56.233+0000] {dagbag.py:587} INFO - Filling up the DagBag from /home/airflow/.local/lib/python3.12/site-packages/airflow/example_dags/example_setup_teardown_taskflow.py
[2024-09-06T14:31:56.242+0000] {processor.py:925} INFO - DAG(s) 'example_setup_teardown_taskflow' retrieved from /home/airflow/.local/lib/python3.12/site-packages/airflow/example_dags/example_setup_teardown_taskflow.py
[2024-09-06T14:31:56.265+0000] {logging_mixin.py:190} INFO - [2024-09-06T14:31:56.265+0000] {dag.py:3229} INFO - Sync 1 DAGs
[2024-09-06T14:31:56.282+0000] {logging_mixin.py:190} INFO - [2024-09-06T14:31:56.282+0000] {dag.py:4156} INFO - Setting next_dagrun for example_setup_teardown_taskflow to None, run_after=None
[2024-09-06T14:31:56.303+0000] {processor.py:208} INFO - Processing /home/airflow/.local/lib/python3.12/site-packages/airflow/example_dags/example_setup_teardown_taskflow.py took 0.077 seconds
[2024-09-06T14:32:26.832+0000] {processor.py:186} INFO - Started process (PID=1348) to work on /home/airflow/.local/lib/python3.12/site-packages/airflow/example_dags/example_setup_teardown_taskflow.py
[2024-09-06T14:32:26.833+0000] {processor.py:914} INFO - Processing file /home/airflow/.local/lib/python3.12/site-packages/airflow/example_dags/example_setup_teardown_taskflow.py for tasks to queue
[2024-09-06T14:32:26.836+0000] {logging_mixin.py:190} INFO - [2024-09-06T14:32:26.836+0000] {dagbag.py:587} INFO - Filling up the DagBag from /home/airflow/.local/lib/python3.12/site-packages/airflow/example_dags/example_setup_teardown_taskflow.py
[2024-09-06T14:32:26.845+0000] {processor.py:925} INFO - DAG(s) 'example_setup_teardown_taskflow' retrieved from /home/airflow/.local/lib/python3.12/site-packages/airflow/example_dags/example_setup_teardown_taskflow.py
[2024-09-06T14:32:26.868+0000] {logging_mixin.py:190} INFO - [2024-09-06T14:32:26.868+0000] {dag.py:3229} INFO - Sync 1 DAGs
[2024-09-06T14:32:26.882+0000] {logging_mixin.py:190} INFO - [2024-09-06T14:32:26.882+0000] {dag.py:4156} INFO - Setting next_dagrun for example_setup_teardown_taskflow to None, run_after=None
[2024-09-06T14:32:26.903+0000] {processor.py:208} INFO - Processing /home/airflow/.local/lib/python3.12/site-packages/airflow/example_dags/example_setup_teardown_taskflow.py took 0.077 seconds
[2024-09-06T14:32:57.326+0000] {processor.py:186} INFO - Started process (PID=1410) to work on /home/airflow/.local/lib/python3.12/site-packages/airflow/example_dags/example_setup_teardown_taskflow.py
[2024-09-06T14:32:57.327+0000] {processor.py:914} INFO - Processing file /home/airflow/.local/lib/python3.12/site-packages/airflow/example_dags/example_setup_teardown_taskflow.py for tasks to queue
[2024-09-06T14:32:57.329+0000] {logging_mixin.py:190} INFO - [2024-09-06T14:32:57.329+0000] {dagbag.py:587} INFO - Filling up the DagBag from /home/airflow/.local/lib/python3.12/site-packages/airflow/example_dags/example_setup_teardown_taskflow.py
[2024-09-06T14:32:57.338+0000] {processor.py:925} INFO - DAG(s) 'example_setup_teardown_taskflow' retrieved from /home/airflow/.local/lib/python3.12/site-packages/airflow/example_dags/example_setup_teardown_taskflow.py
[2024-09-06T14:32:57.358+0000] {logging_mixin.py:190} INFO - [2024-09-06T14:32:57.358+0000] {dag.py:3229} INFO - Sync 1 DAGs
[2024-09-06T14:32:57.371+0000] {logging_mixin.py:190} INFO - [2024-09-06T14:32:57.371+0000] {dag.py:4156} INFO - Setting next_dagrun for example_setup_teardown_taskflow to None, run_after=None
[2024-09-06T14:32:57.393+0000] {processor.py:208} INFO - Processing /home/airflow/.local/lib/python3.12/site-packages/airflow/example_dags/example_setup_teardown_taskflow.py took 0.072 seconds
[2024-09-06T14:33:27.928+0000] {processor.py:186} INFO - Started process (PID=1472) to work on /home/airflow/.local/lib/python3.12/site-packages/airflow/example_dags/example_setup_teardown_taskflow.py
[2024-09-06T14:33:27.929+0000] {processor.py:914} INFO - Processing file /home/airflow/.local/lib/python3.12/site-packages/airflow/example_dags/example_setup_teardown_taskflow.py for tasks to queue
[2024-09-06T14:33:27.932+0000] {logging_mixin.py:190} INFO - [2024-09-06T14:33:27.931+0000] {dagbag.py:587} INFO - Filling up the DagBag from /home/airflow/.local/lib/python3.12/site-packages/airflow/example_dags/example_setup_teardown_taskflow.py
[2024-09-06T14:33:27.946+0000] {processor.py:925} INFO - DAG(s) 'example_setup_teardown_taskflow' retrieved from /home/airflow/.local/lib/python3.12/site-packages/airflow/example_dags/example_setup_teardown_taskflow.py
[2024-09-06T14:33:27.974+0000] {logging_mixin.py:190} INFO - [2024-09-06T14:33:27.974+0000] {dag.py:3229} INFO - Sync 1 DAGs
[2024-09-06T14:33:27.992+0000] {logging_mixin.py:190} INFO - [2024-09-06T14:33:27.991+0000] {dag.py:4156} INFO - Setting next_dagrun for example_setup_teardown_taskflow to None, run_after=None
[2024-09-06T14:33:28.013+0000] {processor.py:208} INFO - Processing /home/airflow/.local/lib/python3.12/site-packages/airflow/example_dags/example_setup_teardown_taskflow.py took 0.091 seconds
