[2024-09-06T14:22:17.255+0000] {processor.py:186} INFO - Started process (PID=105) to work on /home/airflow/.local/lib/python3.12/site-packages/airflow/example_dags/example_branch_operator.py
[2024-09-06T14:22:17.257+0000] {processor.py:914} INFO - Processing file /home/airflow/.local/lib/python3.12/site-packages/airflow/example_dags/example_branch_operator.py for tasks to queue
[2024-09-06T14:22:17.260+0000] {logging_mixin.py:190} INFO - [2024-09-06T14:22:17.260+0000] {dagbag.py:587} INFO - Filling up the DagBag from /home/airflow/.local/lib/python3.12/site-packages/airflow/example_dags/example_branch_operator.py
[2024-09-06T14:22:17.285+0000] {processor.py:925} INFO - DAG(s) 'example_branch_operator' retrieved from /home/airflow/.local/lib/python3.12/site-packages/airflow/example_dags/example_branch_operator.py
[2024-09-06T14:22:17.420+0000] {logging_mixin.py:190} INFO - [2024-09-06T14:22:17.420+0000] {override.py:1900} INFO - Created Permission View: can read on DAG:example_branch_operator
[2024-09-06T14:22:17.431+0000] {logging_mixin.py:190} INFO - [2024-09-06T14:22:17.430+0000] {override.py:1900} INFO - Created Permission View: can delete on DAG:example_branch_operator
[2024-09-06T14:22:17.439+0000] {logging_mixin.py:190} INFO - [2024-09-06T14:22:17.439+0000] {override.py:1900} INFO - Created Permission View: can edit on DAG:example_branch_operator
[2024-09-06T14:22:17.447+0000] {logging_mixin.py:190} INFO - [2024-09-06T14:22:17.447+0000] {override.py:1900} INFO - Created Permission View: can read on DAG Run:example_branch_operator
[2024-09-06T14:22:17.456+0000] {logging_mixin.py:190} INFO - [2024-09-06T14:22:17.456+0000] {override.py:1900} INFO - Created Permission View: can delete on DAG Run:example_branch_operator
[2024-09-06T14:22:17.463+0000] {logging_mixin.py:190} INFO - [2024-09-06T14:22:17.462+0000] {override.py:1900} INFO - Created Permission View: menu access on DAG Run:example_branch_operator
[2024-09-06T14:22:17.472+0000] {logging_mixin.py:190} INFO - [2024-09-06T14:22:17.472+0000] {override.py:1900} INFO - Created Permission View: can create on DAG Run:example_branch_operator
[2024-09-06T14:22:17.473+0000] {logging_mixin.py:190} INFO - [2024-09-06T14:22:17.473+0000] {dag.py:3229} INFO - Sync 1 DAGs
[2024-09-06T14:22:17.491+0000] {logging_mixin.py:190} INFO - [2024-09-06T14:22:17.490+0000] {dag.py:3252} INFO - Creating ORM DAG for example_branch_operator
[2024-09-06T14:22:17.510+0000] {logging_mixin.py:190} INFO - [2024-09-06T14:22:17.509+0000] {dag.py:4156} INFO - Setting next_dagrun for example_branch_operator to 2024-09-05 00:00:00+00:00, run_after=2024-09-06 00:00:00+00:00
[2024-09-06T14:22:17.535+0000] {processor.py:208} INFO - Processing /home/airflow/.local/lib/python3.12/site-packages/airflow/example_dags/example_branch_operator.py took 0.290 seconds
[2024-09-06T14:22:47.779+0000] {processor.py:186} INFO - Started process (PID=167) to work on /home/airflow/.local/lib/python3.12/site-packages/airflow/example_dags/example_branch_operator.py
[2024-09-06T14:22:47.780+0000] {processor.py:914} INFO - Processing file /home/airflow/.local/lib/python3.12/site-packages/airflow/example_dags/example_branch_operator.py for tasks to queue
[2024-09-06T14:22:47.783+0000] {logging_mixin.py:190} INFO - [2024-09-06T14:22:47.782+0000] {dagbag.py:587} INFO - Filling up the DagBag from /home/airflow/.local/lib/python3.12/site-packages/airflow/example_dags/example_branch_operator.py
[2024-09-06T14:22:47.803+0000] {processor.py:925} INFO - DAG(s) 'example_branch_operator' retrieved from /home/airflow/.local/lib/python3.12/site-packages/airflow/example_dags/example_branch_operator.py
[2024-09-06T14:22:47.842+0000] {logging_mixin.py:190} INFO - [2024-09-06T14:22:47.842+0000] {dag.py:3229} INFO - Sync 1 DAGs
[2024-09-06T14:22:47.861+0000] {logging_mixin.py:190} INFO - [2024-09-06T14:22:47.861+0000] {dag.py:4156} INFO - Setting next_dagrun for example_branch_operator to 2024-09-05 00:00:00+00:00, run_after=2024-09-06 00:00:00+00:00
[2024-09-06T14:22:47.878+0000] {processor.py:208} INFO - Processing /home/airflow/.local/lib/python3.12/site-packages/airflow/example_dags/example_branch_operator.py took 0.105 seconds
[2024-09-06T14:23:18.103+0000] {processor.py:186} INFO - Started process (PID=229) to work on /home/airflow/.local/lib/python3.12/site-packages/airflow/example_dags/example_branch_operator.py
[2024-09-06T14:23:18.104+0000] {processor.py:914} INFO - Processing file /home/airflow/.local/lib/python3.12/site-packages/airflow/example_dags/example_branch_operator.py for tasks to queue
[2024-09-06T14:23:18.107+0000] {logging_mixin.py:190} INFO - [2024-09-06T14:23:18.107+0000] {dagbag.py:587} INFO - Filling up the DagBag from /home/airflow/.local/lib/python3.12/site-packages/airflow/example_dags/example_branch_operator.py
[2024-09-06T14:23:18.129+0000] {processor.py:925} INFO - DAG(s) 'example_branch_operator' retrieved from /home/airflow/.local/lib/python3.12/site-packages/airflow/example_dags/example_branch_operator.py
[2024-09-06T14:23:18.155+0000] {logging_mixin.py:190} INFO - [2024-09-06T14:23:18.155+0000] {dag.py:3229} INFO - Sync 1 DAGs
[2024-09-06T14:23:18.181+0000] {logging_mixin.py:190} INFO - [2024-09-06T14:23:18.181+0000] {dag.py:4156} INFO - Setting next_dagrun for example_branch_operator to 2024-09-05 00:00:00+00:00, run_after=2024-09-06 00:00:00+00:00
[2024-09-06T14:23:18.198+0000] {processor.py:208} INFO - Processing /home/airflow/.local/lib/python3.12/site-packages/airflow/example_dags/example_branch_operator.py took 0.102 seconds
[2024-09-06T14:23:48.546+0000] {processor.py:186} INFO - Started process (PID=291) to work on /home/airflow/.local/lib/python3.12/site-packages/airflow/example_dags/example_branch_operator.py
[2024-09-06T14:23:48.547+0000] {processor.py:914} INFO - Processing file /home/airflow/.local/lib/python3.12/site-packages/airflow/example_dags/example_branch_operator.py for tasks to queue
[2024-09-06T14:23:48.549+0000] {logging_mixin.py:190} INFO - [2024-09-06T14:23:48.549+0000] {dagbag.py:587} INFO - Filling up the DagBag from /home/airflow/.local/lib/python3.12/site-packages/airflow/example_dags/example_branch_operator.py
[2024-09-06T14:23:48.567+0000] {processor.py:925} INFO - DAG(s) 'example_branch_operator' retrieved from /home/airflow/.local/lib/python3.12/site-packages/airflow/example_dags/example_branch_operator.py
[2024-09-06T14:23:48.592+0000] {logging_mixin.py:190} INFO - [2024-09-06T14:23:48.592+0000] {dag.py:3229} INFO - Sync 1 DAGs
[2024-09-06T14:23:48.612+0000] {logging_mixin.py:190} INFO - [2024-09-06T14:23:48.611+0000] {dag.py:4156} INFO - Setting next_dagrun for example_branch_operator to 2024-09-05 00:00:00+00:00, run_after=2024-09-06 00:00:00+00:00
[2024-09-06T14:23:48.629+0000] {processor.py:208} INFO - Processing /home/airflow/.local/lib/python3.12/site-packages/airflow/example_dags/example_branch_operator.py took 0.088 seconds
[2024-09-06T14:24:18.899+0000] {processor.py:186} INFO - Started process (PID=353) to work on /home/airflow/.local/lib/python3.12/site-packages/airflow/example_dags/example_branch_operator.py
[2024-09-06T14:24:18.900+0000] {processor.py:914} INFO - Processing file /home/airflow/.local/lib/python3.12/site-packages/airflow/example_dags/example_branch_operator.py for tasks to queue
[2024-09-06T14:24:18.903+0000] {logging_mixin.py:190} INFO - [2024-09-06T14:24:18.902+0000] {dagbag.py:587} INFO - Filling up the DagBag from /home/airflow/.local/lib/python3.12/site-packages/airflow/example_dags/example_branch_operator.py
[2024-09-06T14:24:18.923+0000] {processor.py:925} INFO - DAG(s) 'example_branch_operator' retrieved from /home/airflow/.local/lib/python3.12/site-packages/airflow/example_dags/example_branch_operator.py
[2024-09-06T14:24:18.949+0000] {logging_mixin.py:190} INFO - [2024-09-06T14:24:18.949+0000] {dag.py:3229} INFO - Sync 1 DAGs
[2024-09-06T14:24:18.972+0000] {logging_mixin.py:190} INFO - [2024-09-06T14:24:18.972+0000] {dag.py:4156} INFO - Setting next_dagrun for example_branch_operator to 2024-09-05 00:00:00+00:00, run_after=2024-09-06 00:00:00+00:00
[2024-09-06T14:24:18.991+0000] {processor.py:208} INFO - Processing /home/airflow/.local/lib/python3.12/site-packages/airflow/example_dags/example_branch_operator.py took 0.099 seconds
[2024-09-06T14:24:49.250+0000] {processor.py:186} INFO - Started process (PID=415) to work on /home/airflow/.local/lib/python3.12/site-packages/airflow/example_dags/example_branch_operator.py
[2024-09-06T14:24:49.251+0000] {processor.py:914} INFO - Processing file /home/airflow/.local/lib/python3.12/site-packages/airflow/example_dags/example_branch_operator.py for tasks to queue
[2024-09-06T14:24:49.253+0000] {logging_mixin.py:190} INFO - [2024-09-06T14:24:49.253+0000] {dagbag.py:587} INFO - Filling up the DagBag from /home/airflow/.local/lib/python3.12/site-packages/airflow/example_dags/example_branch_operator.py
[2024-09-06T14:24:49.269+0000] {processor.py:925} INFO - DAG(s) 'example_branch_operator' retrieved from /home/airflow/.local/lib/python3.12/site-packages/airflow/example_dags/example_branch_operator.py
[2024-09-06T14:24:49.293+0000] {logging_mixin.py:190} INFO - [2024-09-06T14:24:49.292+0000] {dag.py:3229} INFO - Sync 1 DAGs
[2024-09-06T14:24:49.314+0000] {logging_mixin.py:190} INFO - [2024-09-06T14:24:49.314+0000] {dag.py:4156} INFO - Setting next_dagrun for example_branch_operator to 2024-09-05 00:00:00+00:00, run_after=2024-09-06 00:00:00+00:00
[2024-09-06T14:24:49.330+0000] {processor.py:208} INFO - Processing /home/airflow/.local/lib/python3.12/site-packages/airflow/example_dags/example_branch_operator.py took 0.085 seconds
[2024-09-06T14:25:19.534+0000] {processor.py:186} INFO - Started process (PID=478) to work on /home/airflow/.local/lib/python3.12/site-packages/airflow/example_dags/example_branch_operator.py
[2024-09-06T14:25:19.535+0000] {processor.py:914} INFO - Processing file /home/airflow/.local/lib/python3.12/site-packages/airflow/example_dags/example_branch_operator.py for tasks to queue
[2024-09-06T14:25:19.538+0000] {logging_mixin.py:190} INFO - [2024-09-06T14:25:19.537+0000] {dagbag.py:587} INFO - Filling up the DagBag from /home/airflow/.local/lib/python3.12/site-packages/airflow/example_dags/example_branch_operator.py
[2024-09-06T14:25:19.553+0000] {processor.py:925} INFO - DAG(s) 'example_branch_operator' retrieved from /home/airflow/.local/lib/python3.12/site-packages/airflow/example_dags/example_branch_operator.py
[2024-09-06T14:25:19.601+0000] {logging_mixin.py:190} INFO - [2024-09-06T14:25:19.601+0000] {dag.py:3229} INFO - Sync 1 DAGs
[2024-09-06T14:25:19.629+0000] {logging_mixin.py:190} INFO - [2024-09-06T14:25:19.629+0000] {dag.py:4156} INFO - Setting next_dagrun for example_branch_operator to 2024-09-05 00:00:00+00:00, run_after=2024-09-06 00:00:00+00:00
[2024-09-06T14:25:19.653+0000] {processor.py:208} INFO - Processing /home/airflow/.local/lib/python3.12/site-packages/airflow/example_dags/example_branch_operator.py took 0.123 seconds
[2024-09-06T14:25:49.809+0000] {processor.py:186} INFO - Started process (PID=539) to work on /home/airflow/.local/lib/python3.12/site-packages/airflow/example_dags/example_branch_operator.py
[2024-09-06T14:25:49.810+0000] {processor.py:914} INFO - Processing file /home/airflow/.local/lib/python3.12/site-packages/airflow/example_dags/example_branch_operator.py for tasks to queue
[2024-09-06T14:25:49.813+0000] {logging_mixin.py:190} INFO - [2024-09-06T14:25:49.812+0000] {dagbag.py:587} INFO - Filling up the DagBag from /home/airflow/.local/lib/python3.12/site-packages/airflow/example_dags/example_branch_operator.py
[2024-09-06T14:25:49.830+0000] {processor.py:925} INFO - DAG(s) 'example_branch_operator' retrieved from /home/airflow/.local/lib/python3.12/site-packages/airflow/example_dags/example_branch_operator.py
[2024-09-06T14:25:49.856+0000] {logging_mixin.py:190} INFO - [2024-09-06T14:25:49.856+0000] {dag.py:3229} INFO - Sync 1 DAGs
[2024-09-06T14:25:49.877+0000] {logging_mixin.py:190} INFO - [2024-09-06T14:25:49.877+0000] {dag.py:4156} INFO - Setting next_dagrun for example_branch_operator to 2024-09-05 00:00:00+00:00, run_after=2024-09-06 00:00:00+00:00
[2024-09-06T14:25:49.894+0000] {processor.py:208} INFO - Processing /home/airflow/.local/lib/python3.12/site-packages/airflow/example_dags/example_branch_operator.py took 0.090 seconds
[2024-09-06T14:26:20.073+0000] {processor.py:186} INFO - Started process (PID=601) to work on /home/airflow/.local/lib/python3.12/site-packages/airflow/example_dags/example_branch_operator.py
[2024-09-06T14:26:20.074+0000] {processor.py:914} INFO - Processing file /home/airflow/.local/lib/python3.12/site-packages/airflow/example_dags/example_branch_operator.py for tasks to queue
[2024-09-06T14:26:20.077+0000] {logging_mixin.py:190} INFO - [2024-09-06T14:26:20.076+0000] {dagbag.py:587} INFO - Filling up the DagBag from /home/airflow/.local/lib/python3.12/site-packages/airflow/example_dags/example_branch_operator.py
[2024-09-06T14:26:20.095+0000] {processor.py:925} INFO - DAG(s) 'example_branch_operator' retrieved from /home/airflow/.local/lib/python3.12/site-packages/airflow/example_dags/example_branch_operator.py
[2024-09-06T14:26:20.120+0000] {logging_mixin.py:190} INFO - [2024-09-06T14:26:20.119+0000] {dag.py:3229} INFO - Sync 1 DAGs
[2024-09-06T14:26:20.138+0000] {logging_mixin.py:190} INFO - [2024-09-06T14:26:20.138+0000] {dag.py:4156} INFO - Setting next_dagrun for example_branch_operator to 2024-09-05 00:00:00+00:00, run_after=2024-09-06 00:00:00+00:00
[2024-09-06T14:26:20.154+0000] {processor.py:208} INFO - Processing /home/airflow/.local/lib/python3.12/site-packages/airflow/example_dags/example_branch_operator.py took 0.086 seconds
[2024-09-06T14:26:50.339+0000] {processor.py:186} INFO - Started process (PID=663) to work on /home/airflow/.local/lib/python3.12/site-packages/airflow/example_dags/example_branch_operator.py
[2024-09-06T14:26:50.340+0000] {processor.py:914} INFO - Processing file /home/airflow/.local/lib/python3.12/site-packages/airflow/example_dags/example_branch_operator.py for tasks to queue
[2024-09-06T14:26:50.342+0000] {logging_mixin.py:190} INFO - [2024-09-06T14:26:50.342+0000] {dagbag.py:587} INFO - Filling up the DagBag from /home/airflow/.local/lib/python3.12/site-packages/airflow/example_dags/example_branch_operator.py
[2024-09-06T14:26:50.359+0000] {processor.py:925} INFO - DAG(s) 'example_branch_operator' retrieved from /home/airflow/.local/lib/python3.12/site-packages/airflow/example_dags/example_branch_operator.py
[2024-09-06T14:26:50.384+0000] {logging_mixin.py:190} INFO - [2024-09-06T14:26:50.384+0000] {dag.py:3229} INFO - Sync 1 DAGs
[2024-09-06T14:26:50.403+0000] {logging_mixin.py:190} INFO - [2024-09-06T14:26:50.403+0000] {dag.py:4156} INFO - Setting next_dagrun for example_branch_operator to 2024-09-05 00:00:00+00:00, run_after=2024-09-06 00:00:00+00:00
[2024-09-06T14:26:50.424+0000] {processor.py:208} INFO - Processing /home/airflow/.local/lib/python3.12/site-packages/airflow/example_dags/example_branch_operator.py took 0.090 seconds
[2024-09-06T14:27:20.601+0000] {processor.py:186} INFO - Started process (PID=725) to work on /home/airflow/.local/lib/python3.12/site-packages/airflow/example_dags/example_branch_operator.py
[2024-09-06T14:27:20.602+0000] {processor.py:914} INFO - Processing file /home/airflow/.local/lib/python3.12/site-packages/airflow/example_dags/example_branch_operator.py for tasks to queue
[2024-09-06T14:27:20.604+0000] {logging_mixin.py:190} INFO - [2024-09-06T14:27:20.604+0000] {dagbag.py:587} INFO - Filling up the DagBag from /home/airflow/.local/lib/python3.12/site-packages/airflow/example_dags/example_branch_operator.py
[2024-09-06T14:27:20.620+0000] {processor.py:925} INFO - DAG(s) 'example_branch_operator' retrieved from /home/airflow/.local/lib/python3.12/site-packages/airflow/example_dags/example_branch_operator.py
[2024-09-06T14:27:20.643+0000] {logging_mixin.py:190} INFO - [2024-09-06T14:27:20.643+0000] {dag.py:3229} INFO - Sync 1 DAGs
[2024-09-06T14:27:20.663+0000] {logging_mixin.py:190} INFO - [2024-09-06T14:27:20.663+0000] {dag.py:4156} INFO - Setting next_dagrun for example_branch_operator to 2024-09-05 00:00:00+00:00, run_after=2024-09-06 00:00:00+00:00
[2024-09-06T14:27:20.680+0000] {processor.py:208} INFO - Processing /home/airflow/.local/lib/python3.12/site-packages/airflow/example_dags/example_branch_operator.py took 0.083 seconds
[2024-09-06T14:27:50.838+0000] {processor.py:186} INFO - Started process (PID=787) to work on /home/airflow/.local/lib/python3.12/site-packages/airflow/example_dags/example_branch_operator.py
[2024-09-06T14:27:50.840+0000] {processor.py:914} INFO - Processing file /home/airflow/.local/lib/python3.12/site-packages/airflow/example_dags/example_branch_operator.py for tasks to queue
[2024-09-06T14:27:50.842+0000] {logging_mixin.py:190} INFO - [2024-09-06T14:27:50.842+0000] {dagbag.py:587} INFO - Filling up the DagBag from /home/airflow/.local/lib/python3.12/site-packages/airflow/example_dags/example_branch_operator.py
[2024-09-06T14:27:50.858+0000] {processor.py:925} INFO - DAG(s) 'example_branch_operator' retrieved from /home/airflow/.local/lib/python3.12/site-packages/airflow/example_dags/example_branch_operator.py
[2024-09-06T14:27:50.884+0000] {logging_mixin.py:190} INFO - [2024-09-06T14:27:50.884+0000] {dag.py:3229} INFO - Sync 1 DAGs
[2024-09-06T14:27:50.904+0000] {logging_mixin.py:190} INFO - [2024-09-06T14:27:50.903+0000] {dag.py:4156} INFO - Setting next_dagrun for example_branch_operator to 2024-09-05 00:00:00+00:00, run_after=2024-09-06 00:00:00+00:00
[2024-09-06T14:27:50.923+0000] {processor.py:208} INFO - Processing /home/airflow/.local/lib/python3.12/site-packages/airflow/example_dags/example_branch_operator.py took 0.090 seconds
[2024-09-06T14:28:21.174+0000] {processor.py:186} INFO - Started process (PID=849) to work on /home/airflow/.local/lib/python3.12/site-packages/airflow/example_dags/example_branch_operator.py
[2024-09-06T14:28:21.174+0000] {processor.py:914} INFO - Processing file /home/airflow/.local/lib/python3.12/site-packages/airflow/example_dags/example_branch_operator.py for tasks to queue
[2024-09-06T14:28:21.176+0000] {logging_mixin.py:190} INFO - [2024-09-06T14:28:21.176+0000] {dagbag.py:587} INFO - Filling up the DagBag from /home/airflow/.local/lib/python3.12/site-packages/airflow/example_dags/example_branch_operator.py
[2024-09-06T14:28:21.192+0000] {processor.py:925} INFO - DAG(s) 'example_branch_operator' retrieved from /home/airflow/.local/lib/python3.12/site-packages/airflow/example_dags/example_branch_operator.py
[2024-09-06T14:28:21.219+0000] {logging_mixin.py:190} INFO - [2024-09-06T14:28:21.219+0000] {dag.py:3229} INFO - Sync 1 DAGs
[2024-09-06T14:28:21.244+0000] {logging_mixin.py:190} INFO - [2024-09-06T14:28:21.244+0000] {dag.py:4156} INFO - Setting next_dagrun for example_branch_operator to 2024-09-05 00:00:00+00:00, run_after=2024-09-06 00:00:00+00:00
[2024-09-06T14:28:21.267+0000] {processor.py:208} INFO - Processing /home/airflow/.local/lib/python3.12/site-packages/airflow/example_dags/example_branch_operator.py took 0.098 seconds
[2024-09-06T14:28:51.472+0000] {processor.py:186} INFO - Started process (PID=911) to work on /home/airflow/.local/lib/python3.12/site-packages/airflow/example_dags/example_branch_operator.py
[2024-09-06T14:28:51.473+0000] {processor.py:914} INFO - Processing file /home/airflow/.local/lib/python3.12/site-packages/airflow/example_dags/example_branch_operator.py for tasks to queue
[2024-09-06T14:28:51.476+0000] {logging_mixin.py:190} INFO - [2024-09-06T14:28:51.476+0000] {dagbag.py:587} INFO - Filling up the DagBag from /home/airflow/.local/lib/python3.12/site-packages/airflow/example_dags/example_branch_operator.py
[2024-09-06T14:28:51.493+0000] {processor.py:925} INFO - DAG(s) 'example_branch_operator' retrieved from /home/airflow/.local/lib/python3.12/site-packages/airflow/example_dags/example_branch_operator.py
[2024-09-06T14:28:51.521+0000] {logging_mixin.py:190} INFO - [2024-09-06T14:28:51.521+0000] {dag.py:3229} INFO - Sync 1 DAGs
[2024-09-06T14:28:51.544+0000] {logging_mixin.py:190} INFO - [2024-09-06T14:28:51.544+0000] {dag.py:4156} INFO - Setting next_dagrun for example_branch_operator to 2024-09-05 00:00:00+00:00, run_after=2024-09-06 00:00:00+00:00
[2024-09-06T14:28:51.561+0000] {processor.py:208} INFO - Processing /home/airflow/.local/lib/python3.12/site-packages/airflow/example_dags/example_branch_operator.py took 0.095 seconds
[2024-09-06T14:29:22.419+0000] {processor.py:186} INFO - Started process (PID=973) to work on /home/airflow/.local/lib/python3.12/site-packages/airflow/example_dags/example_branch_operator.py
[2024-09-06T14:29:22.420+0000] {processor.py:914} INFO - Processing file /home/airflow/.local/lib/python3.12/site-packages/airflow/example_dags/example_branch_operator.py for tasks to queue
[2024-09-06T14:29:22.422+0000] {logging_mixin.py:190} INFO - [2024-09-06T14:29:22.422+0000] {dagbag.py:587} INFO - Filling up the DagBag from /home/airflow/.local/lib/python3.12/site-packages/airflow/example_dags/example_branch_operator.py
[2024-09-06T14:29:22.437+0000] {processor.py:925} INFO - DAG(s) 'example_branch_operator' retrieved from /home/airflow/.local/lib/python3.12/site-packages/airflow/example_dags/example_branch_operator.py
[2024-09-06T14:29:22.464+0000] {logging_mixin.py:190} INFO - [2024-09-06T14:29:22.463+0000] {dag.py:3229} INFO - Sync 1 DAGs
[2024-09-06T14:29:22.488+0000] {logging_mixin.py:190} INFO - [2024-09-06T14:29:22.488+0000] {dag.py:4156} INFO - Setting next_dagrun for example_branch_operator to 2024-09-05 00:00:00+00:00, run_after=2024-09-06 00:00:00+00:00
[2024-09-06T14:29:22.508+0000] {processor.py:208} INFO - Processing /home/airflow/.local/lib/python3.12/site-packages/airflow/example_dags/example_branch_operator.py took 0.094 seconds
[2024-09-06T14:29:53.348+0000] {processor.py:186} INFO - Started process (PID=1035) to work on /home/airflow/.local/lib/python3.12/site-packages/airflow/example_dags/example_branch_operator.py
[2024-09-06T14:29:53.349+0000] {processor.py:914} INFO - Processing file /home/airflow/.local/lib/python3.12/site-packages/airflow/example_dags/example_branch_operator.py for tasks to queue
[2024-09-06T14:29:53.351+0000] {logging_mixin.py:190} INFO - [2024-09-06T14:29:53.351+0000] {dagbag.py:587} INFO - Filling up the DagBag from /home/airflow/.local/lib/python3.12/site-packages/airflow/example_dags/example_branch_operator.py
[2024-09-06T14:29:53.367+0000] {processor.py:925} INFO - DAG(s) 'example_branch_operator' retrieved from /home/airflow/.local/lib/python3.12/site-packages/airflow/example_dags/example_branch_operator.py
[2024-09-06T14:29:53.390+0000] {logging_mixin.py:190} INFO - [2024-09-06T14:29:53.390+0000] {dag.py:3229} INFO - Sync 1 DAGs
[2024-09-06T14:29:53.409+0000] {logging_mixin.py:190} INFO - [2024-09-06T14:29:53.409+0000] {dag.py:4156} INFO - Setting next_dagrun for example_branch_operator to 2024-09-05 00:00:00+00:00, run_after=2024-09-06 00:00:00+00:00
[2024-09-06T14:29:53.429+0000] {processor.py:208} INFO - Processing /home/airflow/.local/lib/python3.12/site-packages/airflow/example_dags/example_branch_operator.py took 0.086 seconds
[2024-09-06T14:30:23.597+0000] {processor.py:186} INFO - Started process (PID=1097) to work on /home/airflow/.local/lib/python3.12/site-packages/airflow/example_dags/example_branch_operator.py
[2024-09-06T14:30:23.598+0000] {processor.py:914} INFO - Processing file /home/airflow/.local/lib/python3.12/site-packages/airflow/example_dags/example_branch_operator.py for tasks to queue
[2024-09-06T14:30:23.600+0000] {logging_mixin.py:190} INFO - [2024-09-06T14:30:23.600+0000] {dagbag.py:587} INFO - Filling up the DagBag from /home/airflow/.local/lib/python3.12/site-packages/airflow/example_dags/example_branch_operator.py
[2024-09-06T14:30:23.619+0000] {processor.py:925} INFO - DAG(s) 'example_branch_operator' retrieved from /home/airflow/.local/lib/python3.12/site-packages/airflow/example_dags/example_branch_operator.py
[2024-09-06T14:30:23.642+0000] {logging_mixin.py:190} INFO - [2024-09-06T14:30:23.642+0000] {dag.py:3229} INFO - Sync 1 DAGs
[2024-09-06T14:30:23.661+0000] {logging_mixin.py:190} INFO - [2024-09-06T14:30:23.661+0000] {dag.py:4156} INFO - Setting next_dagrun for example_branch_operator to 2024-09-05 00:00:00+00:00, run_after=2024-09-06 00:00:00+00:00
[2024-09-06T14:30:23.676+0000] {processor.py:208} INFO - Processing /home/airflow/.local/lib/python3.12/site-packages/airflow/example_dags/example_branch_operator.py took 0.084 seconds
[2024-09-06T14:30:53.908+0000] {processor.py:186} INFO - Started process (PID=1159) to work on /home/airflow/.local/lib/python3.12/site-packages/airflow/example_dags/example_branch_operator.py
[2024-09-06T14:30:53.909+0000] {processor.py:914} INFO - Processing file /home/airflow/.local/lib/python3.12/site-packages/airflow/example_dags/example_branch_operator.py for tasks to queue
[2024-09-06T14:30:53.911+0000] {logging_mixin.py:190} INFO - [2024-09-06T14:30:53.911+0000] {dagbag.py:587} INFO - Filling up the DagBag from /home/airflow/.local/lib/python3.12/site-packages/airflow/example_dags/example_branch_operator.py
[2024-09-06T14:30:53.928+0000] {processor.py:925} INFO - DAG(s) 'example_branch_operator' retrieved from /home/airflow/.local/lib/python3.12/site-packages/airflow/example_dags/example_branch_operator.py
[2024-09-06T14:30:53.958+0000] {logging_mixin.py:190} INFO - [2024-09-06T14:30:53.958+0000] {dag.py:3229} INFO - Sync 1 DAGs
[2024-09-06T14:30:53.982+0000] {logging_mixin.py:190} INFO - [2024-09-06T14:30:53.981+0000] {dag.py:4156} INFO - Setting next_dagrun for example_branch_operator to 2024-09-05 00:00:00+00:00, run_after=2024-09-06 00:00:00+00:00
[2024-09-06T14:30:54.002+0000] {processor.py:208} INFO - Processing /home/airflow/.local/lib/python3.12/site-packages/airflow/example_dags/example_branch_operator.py took 0.102 seconds
[2024-09-06T14:31:24.535+0000] {processor.py:186} INFO - Started process (PID=1221) to work on /home/airflow/.local/lib/python3.12/site-packages/airflow/example_dags/example_branch_operator.py
[2024-09-06T14:31:24.537+0000] {processor.py:914} INFO - Processing file /home/airflow/.local/lib/python3.12/site-packages/airflow/example_dags/example_branch_operator.py for tasks to queue
[2024-09-06T14:31:24.540+0000] {logging_mixin.py:190} INFO - [2024-09-06T14:31:24.539+0000] {dagbag.py:587} INFO - Filling up the DagBag from /home/airflow/.local/lib/python3.12/site-packages/airflow/example_dags/example_branch_operator.py
[2024-09-06T14:31:24.593+0000] {processor.py:925} INFO - DAG(s) 'example_branch_operator' retrieved from /home/airflow/.local/lib/python3.12/site-packages/airflow/example_dags/example_branch_operator.py
[2024-09-06T14:31:24.640+0000] {logging_mixin.py:190} INFO - [2024-09-06T14:31:24.640+0000] {dag.py:3229} INFO - Sync 1 DAGs
[2024-09-06T14:31:24.672+0000] {logging_mixin.py:190} INFO - [2024-09-06T14:31:24.672+0000] {dag.py:4156} INFO - Setting next_dagrun for example_branch_operator to 2024-09-05 00:00:00+00:00, run_after=2024-09-06 00:00:00+00:00
[2024-09-06T14:31:24.690+0000] {processor.py:208} INFO - Processing /home/airflow/.local/lib/python3.12/site-packages/airflow/example_dags/example_branch_operator.py took 0.172 seconds
[2024-09-06T14:31:55.102+0000] {processor.py:186} INFO - Started process (PID=1283) to work on /home/airflow/.local/lib/python3.12/site-packages/airflow/example_dags/example_branch_operator.py
[2024-09-06T14:31:55.103+0000] {processor.py:914} INFO - Processing file /home/airflow/.local/lib/python3.12/site-packages/airflow/example_dags/example_branch_operator.py for tasks to queue
[2024-09-06T14:31:55.106+0000] {logging_mixin.py:190} INFO - [2024-09-06T14:31:55.106+0000] {dagbag.py:587} INFO - Filling up the DagBag from /home/airflow/.local/lib/python3.12/site-packages/airflow/example_dags/example_branch_operator.py
[2024-09-06T14:31:55.122+0000] {processor.py:925} INFO - DAG(s) 'example_branch_operator' retrieved from /home/airflow/.local/lib/python3.12/site-packages/airflow/example_dags/example_branch_operator.py
[2024-09-06T14:31:55.152+0000] {logging_mixin.py:190} INFO - [2024-09-06T14:31:55.152+0000] {dag.py:3229} INFO - Sync 1 DAGs
[2024-09-06T14:31:55.173+0000] {logging_mixin.py:190} INFO - [2024-09-06T14:31:55.172+0000] {dag.py:4156} INFO - Setting next_dagrun for example_branch_operator to 2024-09-05 00:00:00+00:00, run_after=2024-09-06 00:00:00+00:00
[2024-09-06T14:31:55.188+0000] {processor.py:208} INFO - Processing /home/airflow/.local/lib/python3.12/site-packages/airflow/example_dags/example_branch_operator.py took 0.092 seconds
[2024-09-06T14:32:25.700+0000] {processor.py:186} INFO - Started process (PID=1345) to work on /home/airflow/.local/lib/python3.12/site-packages/airflow/example_dags/example_branch_operator.py
[2024-09-06T14:32:25.701+0000] {processor.py:914} INFO - Processing file /home/airflow/.local/lib/python3.12/site-packages/airflow/example_dags/example_branch_operator.py for tasks to queue
[2024-09-06T14:32:25.703+0000] {logging_mixin.py:190} INFO - [2024-09-06T14:32:25.703+0000] {dagbag.py:587} INFO - Filling up the DagBag from /home/airflow/.local/lib/python3.12/site-packages/airflow/example_dags/example_branch_operator.py
[2024-09-06T14:32:25.721+0000] {processor.py:925} INFO - DAG(s) 'example_branch_operator' retrieved from /home/airflow/.local/lib/python3.12/site-packages/airflow/example_dags/example_branch_operator.py
[2024-09-06T14:32:25.753+0000] {logging_mixin.py:190} INFO - [2024-09-06T14:32:25.752+0000] {dag.py:3229} INFO - Sync 1 DAGs
[2024-09-06T14:32:25.776+0000] {logging_mixin.py:190} INFO - [2024-09-06T14:32:25.776+0000] {dag.py:4156} INFO - Setting next_dagrun for example_branch_operator to 2024-09-05 00:00:00+00:00, run_after=2024-09-06 00:00:00+00:00
[2024-09-06T14:32:25.792+0000] {processor.py:208} INFO - Processing /home/airflow/.local/lib/python3.12/site-packages/airflow/example_dags/example_branch_operator.py took 0.098 seconds
[2024-09-06T14:32:56.192+0000] {processor.py:186} INFO - Started process (PID=1407) to work on /home/airflow/.local/lib/python3.12/site-packages/airflow/example_dags/example_branch_operator.py
[2024-09-06T14:32:56.193+0000] {processor.py:914} INFO - Processing file /home/airflow/.local/lib/python3.12/site-packages/airflow/example_dags/example_branch_operator.py for tasks to queue
[2024-09-06T14:32:56.196+0000] {logging_mixin.py:190} INFO - [2024-09-06T14:32:56.196+0000] {dagbag.py:587} INFO - Filling up the DagBag from /home/airflow/.local/lib/python3.12/site-packages/airflow/example_dags/example_branch_operator.py
[2024-09-06T14:32:56.218+0000] {processor.py:925} INFO - DAG(s) 'example_branch_operator' retrieved from /home/airflow/.local/lib/python3.12/site-packages/airflow/example_dags/example_branch_operator.py
[2024-09-06T14:32:56.246+0000] {logging_mixin.py:190} INFO - [2024-09-06T14:32:56.246+0000] {dag.py:3229} INFO - Sync 1 DAGs
[2024-09-06T14:32:56.270+0000] {logging_mixin.py:190} INFO - [2024-09-06T14:32:56.270+0000] {dag.py:4156} INFO - Setting next_dagrun for example_branch_operator to 2024-09-05 00:00:00+00:00, run_after=2024-09-06 00:00:00+00:00
[2024-09-06T14:32:56.287+0000] {processor.py:208} INFO - Processing /home/airflow/.local/lib/python3.12/site-packages/airflow/example_dags/example_branch_operator.py took 0.102 seconds
[2024-09-06T14:33:26.769+0000] {processor.py:186} INFO - Started process (PID=1469) to work on /home/airflow/.local/lib/python3.12/site-packages/airflow/example_dags/example_branch_operator.py
[2024-09-06T14:33:26.770+0000] {processor.py:914} INFO - Processing file /home/airflow/.local/lib/python3.12/site-packages/airflow/example_dags/example_branch_operator.py for tasks to queue
[2024-09-06T14:33:26.773+0000] {logging_mixin.py:190} INFO - [2024-09-06T14:33:26.772+0000] {dagbag.py:587} INFO - Filling up the DagBag from /home/airflow/.local/lib/python3.12/site-packages/airflow/example_dags/example_branch_operator.py
[2024-09-06T14:33:26.804+0000] {processor.py:925} INFO - DAG(s) 'example_branch_operator' retrieved from /home/airflow/.local/lib/python3.12/site-packages/airflow/example_dags/example_branch_operator.py
[2024-09-06T14:33:26.833+0000] {logging_mixin.py:190} INFO - [2024-09-06T14:33:26.833+0000] {dag.py:3229} INFO - Sync 1 DAGs
[2024-09-06T14:33:26.857+0000] {logging_mixin.py:190} INFO - [2024-09-06T14:33:26.856+0000] {dag.py:4156} INFO - Setting next_dagrun for example_branch_operator to 2024-09-05 00:00:00+00:00, run_after=2024-09-06 00:00:00+00:00
[2024-09-06T14:33:26.874+0000] {processor.py:208} INFO - Processing /home/airflow/.local/lib/python3.12/site-packages/airflow/example_dags/example_branch_operator.py took 0.114 seconds
