[2024-09-06T14:22:10.821+0000] {processor.py:186} INFO - Started process (PID=74) to work on /home/airflow/.local/lib/python3.12/site-packages/airflow/example_dags/example_xcom.py
[2024-09-06T14:22:10.824+0000] {processor.py:914} INFO - Processing file /home/airflow/.local/lib/python3.12/site-packages/airflow/example_dags/example_xcom.py for tasks to queue
[2024-09-06T14:22:10.827+0000] {logging_mixin.py:190} INFO - [2024-09-06T14:22:10.827+0000] {dagbag.py:587} INFO - Filling up the DagBag from /home/airflow/.local/lib/python3.12/site-packages/airflow/example_dags/example_xcom.py
[2024-09-06T14:22:10.853+0000] {processor.py:925} INFO - DAG(s) 'example_xcom' retrieved from /home/airflow/.local/lib/python3.12/site-packages/airflow/example_dags/example_xcom.py
[2024-09-06T14:22:11.057+0000] {logging_mixin.py:190} INFO - [2024-09-06T14:22:11.056+0000] {override.py:1900} INFO - Created Permission View: can read on DAG:example_xcom
[2024-09-06T14:22:11.072+0000] {logging_mixin.py:190} INFO - [2024-09-06T14:22:11.072+0000] {override.py:1900} INFO - Created Permission View: can delete on DAG:example_xcom
[2024-09-06T14:22:11.087+0000] {logging_mixin.py:190} INFO - [2024-09-06T14:22:11.086+0000] {override.py:1900} INFO - Created Permission View: can edit on DAG:example_xcom
[2024-09-06T14:22:11.106+0000] {logging_mixin.py:190} INFO - [2024-09-06T14:22:11.106+0000] {override.py:1900} INFO - Created Permission View: can read on DAG Run:example_xcom
[2024-09-06T14:22:11.116+0000] {logging_mixin.py:190} INFO - [2024-09-06T14:22:11.116+0000] {override.py:1900} INFO - Created Permission View: can delete on DAG Run:example_xcom
[2024-09-06T14:22:11.126+0000] {logging_mixin.py:190} INFO - [2024-09-06T14:22:11.126+0000] {override.py:1900} INFO - Created Permission View: menu access on DAG Run:example_xcom
[2024-09-06T14:22:11.135+0000] {logging_mixin.py:190} INFO - [2024-09-06T14:22:11.135+0000] {override.py:1900} INFO - Created Permission View: can create on DAG Run:example_xcom
[2024-09-06T14:22:11.137+0000] {logging_mixin.py:190} INFO - [2024-09-06T14:22:11.136+0000] {dag.py:3229} INFO - Sync 1 DAGs
[2024-09-06T14:22:11.158+0000] {logging_mixin.py:190} INFO - [2024-09-06T14:22:11.158+0000] {dag.py:3252} INFO - Creating ORM DAG for example_xcom
[2024-09-06T14:22:11.172+0000] {logging_mixin.py:190} INFO - [2024-09-06T14:22:11.172+0000] {dag.py:4156} INFO - Setting next_dagrun for example_xcom to 2021-01-01 00:00:00+00:00, run_after=2021-01-01 00:00:00+00:00
[2024-09-06T14:22:11.203+0000] {processor.py:208} INFO - Processing /home/airflow/.local/lib/python3.12/site-packages/airflow/example_dags/example_xcom.py took 0.394 seconds
[2024-09-06T14:22:41.583+0000] {processor.py:186} INFO - Started process (PID=136) to work on /home/airflow/.local/lib/python3.12/site-packages/airflow/example_dags/example_xcom.py
[2024-09-06T14:22:41.583+0000] {processor.py:914} INFO - Processing file /home/airflow/.local/lib/python3.12/site-packages/airflow/example_dags/example_xcom.py for tasks to queue
[2024-09-06T14:22:41.585+0000] {logging_mixin.py:190} INFO - [2024-09-06T14:22:41.585+0000] {dagbag.py:587} INFO - Filling up the DagBag from /home/airflow/.local/lib/python3.12/site-packages/airflow/example_dags/example_xcom.py
[2024-09-06T14:22:41.593+0000] {processor.py:925} INFO - DAG(s) 'example_xcom' retrieved from /home/airflow/.local/lib/python3.12/site-packages/airflow/example_dags/example_xcom.py
[2024-09-06T14:22:41.610+0000] {logging_mixin.py:190} INFO - [2024-09-06T14:22:41.610+0000] {dag.py:3229} INFO - Sync 1 DAGs
[2024-09-06T14:22:41.628+0000] {logging_mixin.py:190} INFO - [2024-09-06T14:22:41.628+0000] {dag.py:4156} INFO - Setting next_dagrun for example_xcom to 2021-01-01 00:00:00+00:00, run_after=2021-01-01 00:00:00+00:00
[2024-09-06T14:22:41.650+0000] {processor.py:208} INFO - Processing /home/airflow/.local/lib/python3.12/site-packages/airflow/example_dags/example_xcom.py took 0.072 seconds
[2024-09-06T14:23:12.217+0000] {processor.py:186} INFO - Started process (PID=198) to work on /home/airflow/.local/lib/python3.12/site-packages/airflow/example_dags/example_xcom.py
[2024-09-06T14:23:12.218+0000] {processor.py:914} INFO - Processing file /home/airflow/.local/lib/python3.12/site-packages/airflow/example_dags/example_xcom.py for tasks to queue
[2024-09-06T14:23:12.220+0000] {logging_mixin.py:190} INFO - [2024-09-06T14:23:12.220+0000] {dagbag.py:587} INFO - Filling up the DagBag from /home/airflow/.local/lib/python3.12/site-packages/airflow/example_dags/example_xcom.py
[2024-09-06T14:23:12.228+0000] {processor.py:925} INFO - DAG(s) 'example_xcom' retrieved from /home/airflow/.local/lib/python3.12/site-packages/airflow/example_dags/example_xcom.py
[2024-09-06T14:23:12.250+0000] {logging_mixin.py:190} INFO - [2024-09-06T14:23:12.250+0000] {dag.py:3229} INFO - Sync 1 DAGs
[2024-09-06T14:23:12.273+0000] {logging_mixin.py:190} INFO - [2024-09-06T14:23:12.273+0000] {dag.py:4156} INFO - Setting next_dagrun for example_xcom to 2021-01-01 00:00:00+00:00, run_after=2021-01-01 00:00:00+00:00
[2024-09-06T14:23:12.292+0000] {processor.py:208} INFO - Processing /home/airflow/.local/lib/python3.12/site-packages/airflow/example_dags/example_xcom.py took 0.080 seconds
[2024-09-06T14:23:42.379+0000] {processor.py:186} INFO - Started process (PID=260) to work on /home/airflow/.local/lib/python3.12/site-packages/airflow/example_dags/example_xcom.py
[2024-09-06T14:23:42.380+0000] {processor.py:914} INFO - Processing file /home/airflow/.local/lib/python3.12/site-packages/airflow/example_dags/example_xcom.py for tasks to queue
[2024-09-06T14:23:42.382+0000] {logging_mixin.py:190} INFO - [2024-09-06T14:23:42.382+0000] {dagbag.py:587} INFO - Filling up the DagBag from /home/airflow/.local/lib/python3.12/site-packages/airflow/example_dags/example_xcom.py
[2024-09-06T14:23:42.389+0000] {processor.py:925} INFO - DAG(s) 'example_xcom' retrieved from /home/airflow/.local/lib/python3.12/site-packages/airflow/example_dags/example_xcom.py
[2024-09-06T14:23:42.407+0000] {logging_mixin.py:190} INFO - [2024-09-06T14:23:42.407+0000] {dag.py:3229} INFO - Sync 1 DAGs
[2024-09-06T14:23:42.424+0000] {logging_mixin.py:190} INFO - [2024-09-06T14:23:42.424+0000] {dag.py:4156} INFO - Setting next_dagrun for example_xcom to 2021-01-01 00:00:00+00:00, run_after=2021-01-01 00:00:00+00:00
[2024-09-06T14:23:42.444+0000] {processor.py:208} INFO - Processing /home/airflow/.local/lib/python3.12/site-packages/airflow/example_dags/example_xcom.py took 0.069 seconds
[2024-09-06T14:24:12.874+0000] {processor.py:186} INFO - Started process (PID=322) to work on /home/airflow/.local/lib/python3.12/site-packages/airflow/example_dags/example_xcom.py
[2024-09-06T14:24:12.875+0000] {processor.py:914} INFO - Processing file /home/airflow/.local/lib/python3.12/site-packages/airflow/example_dags/example_xcom.py for tasks to queue
[2024-09-06T14:24:12.877+0000] {logging_mixin.py:190} INFO - [2024-09-06T14:24:12.877+0000] {dagbag.py:587} INFO - Filling up the DagBag from /home/airflow/.local/lib/python3.12/site-packages/airflow/example_dags/example_xcom.py
[2024-09-06T14:24:12.884+0000] {processor.py:925} INFO - DAG(s) 'example_xcom' retrieved from /home/airflow/.local/lib/python3.12/site-packages/airflow/example_dags/example_xcom.py
[2024-09-06T14:24:12.902+0000] {logging_mixin.py:190} INFO - [2024-09-06T14:24:12.902+0000] {dag.py:3229} INFO - Sync 1 DAGs
[2024-09-06T14:24:12.920+0000] {logging_mixin.py:190} INFO - [2024-09-06T14:24:12.920+0000] {dag.py:4156} INFO - Setting next_dagrun for example_xcom to 2021-01-01 00:00:00+00:00, run_after=2021-01-01 00:00:00+00:00
[2024-09-06T14:24:12.939+0000] {processor.py:208} INFO - Processing /home/airflow/.local/lib/python3.12/site-packages/airflow/example_dags/example_xcom.py took 0.070 seconds
[2024-09-06T14:24:43.267+0000] {processor.py:186} INFO - Started process (PID=384) to work on /home/airflow/.local/lib/python3.12/site-packages/airflow/example_dags/example_xcom.py
[2024-09-06T14:24:43.268+0000] {processor.py:914} INFO - Processing file /home/airflow/.local/lib/python3.12/site-packages/airflow/example_dags/example_xcom.py for tasks to queue
[2024-09-06T14:24:43.270+0000] {logging_mixin.py:190} INFO - [2024-09-06T14:24:43.270+0000] {dagbag.py:587} INFO - Filling up the DagBag from /home/airflow/.local/lib/python3.12/site-packages/airflow/example_dags/example_xcom.py
[2024-09-06T14:24:43.278+0000] {processor.py:925} INFO - DAG(s) 'example_xcom' retrieved from /home/airflow/.local/lib/python3.12/site-packages/airflow/example_dags/example_xcom.py
[2024-09-06T14:24:43.295+0000] {logging_mixin.py:190} INFO - [2024-09-06T14:24:43.295+0000] {dag.py:3229} INFO - Sync 1 DAGs
[2024-09-06T14:24:43.313+0000] {logging_mixin.py:190} INFO - [2024-09-06T14:24:43.313+0000] {dag.py:4156} INFO - Setting next_dagrun for example_xcom to 2021-01-01 00:00:00+00:00, run_after=2021-01-01 00:00:00+00:00
[2024-09-06T14:24:43.333+0000] {processor.py:208} INFO - Processing /home/airflow/.local/lib/python3.12/site-packages/airflow/example_dags/example_xcom.py took 0.070 seconds
[2024-09-06T14:25:13.625+0000] {processor.py:186} INFO - Started process (PID=447) to work on /home/airflow/.local/lib/python3.12/site-packages/airflow/example_dags/example_xcom.py
[2024-09-06T14:25:13.626+0000] {processor.py:914} INFO - Processing file /home/airflow/.local/lib/python3.12/site-packages/airflow/example_dags/example_xcom.py for tasks to queue
[2024-09-06T14:25:13.628+0000] {logging_mixin.py:190} INFO - [2024-09-06T14:25:13.628+0000] {dagbag.py:587} INFO - Filling up the DagBag from /home/airflow/.local/lib/python3.12/site-packages/airflow/example_dags/example_xcom.py
[2024-09-06T14:25:13.636+0000] {processor.py:925} INFO - DAG(s) 'example_xcom' retrieved from /home/airflow/.local/lib/python3.12/site-packages/airflow/example_dags/example_xcom.py
[2024-09-06T14:25:13.654+0000] {logging_mixin.py:190} INFO - [2024-09-06T14:25:13.654+0000] {dag.py:3229} INFO - Sync 1 DAGs
[2024-09-06T14:25:13.673+0000] {logging_mixin.py:190} INFO - [2024-09-06T14:25:13.673+0000] {dag.py:4156} INFO - Setting next_dagrun for example_xcom to 2021-01-01 00:00:00+00:00, run_after=2021-01-01 00:00:00+00:00
[2024-09-06T14:25:13.691+0000] {processor.py:208} INFO - Processing /home/airflow/.local/lib/python3.12/site-packages/airflow/example_dags/example_xcom.py took 0.071 seconds
[2024-09-06T14:25:44.024+0000] {processor.py:186} INFO - Started process (PID=508) to work on /home/airflow/.local/lib/python3.12/site-packages/airflow/example_dags/example_xcom.py
[2024-09-06T14:25:44.025+0000] {processor.py:914} INFO - Processing file /home/airflow/.local/lib/python3.12/site-packages/airflow/example_dags/example_xcom.py for tasks to queue
[2024-09-06T14:25:44.027+0000] {logging_mixin.py:190} INFO - [2024-09-06T14:25:44.027+0000] {dagbag.py:587} INFO - Filling up the DagBag from /home/airflow/.local/lib/python3.12/site-packages/airflow/example_dags/example_xcom.py
[2024-09-06T14:25:44.035+0000] {processor.py:925} INFO - DAG(s) 'example_xcom' retrieved from /home/airflow/.local/lib/python3.12/site-packages/airflow/example_dags/example_xcom.py
[2024-09-06T14:25:44.055+0000] {logging_mixin.py:190} INFO - [2024-09-06T14:25:44.055+0000] {dag.py:3229} INFO - Sync 1 DAGs
[2024-09-06T14:25:44.075+0000] {logging_mixin.py:190} INFO - [2024-09-06T14:25:44.074+0000] {dag.py:4156} INFO - Setting next_dagrun for example_xcom to 2021-01-01 00:00:00+00:00, run_after=2021-01-01 00:00:00+00:00
[2024-09-06T14:25:44.093+0000] {processor.py:208} INFO - Processing /home/airflow/.local/lib/python3.12/site-packages/airflow/example_dags/example_xcom.py took 0.074 seconds
[2024-09-06T14:26:14.263+0000] {processor.py:186} INFO - Started process (PID=570) to work on /home/airflow/.local/lib/python3.12/site-packages/airflow/example_dags/example_xcom.py
[2024-09-06T14:26:14.264+0000] {processor.py:914} INFO - Processing file /home/airflow/.local/lib/python3.12/site-packages/airflow/example_dags/example_xcom.py for tasks to queue
[2024-09-06T14:26:14.266+0000] {logging_mixin.py:190} INFO - [2024-09-06T14:26:14.266+0000] {dagbag.py:587} INFO - Filling up the DagBag from /home/airflow/.local/lib/python3.12/site-packages/airflow/example_dags/example_xcom.py
[2024-09-06T14:26:14.275+0000] {processor.py:925} INFO - DAG(s) 'example_xcom' retrieved from /home/airflow/.local/lib/python3.12/site-packages/airflow/example_dags/example_xcom.py
[2024-09-06T14:26:14.294+0000] {logging_mixin.py:190} INFO - [2024-09-06T14:26:14.294+0000] {dag.py:3229} INFO - Sync 1 DAGs
[2024-09-06T14:26:14.313+0000] {logging_mixin.py:190} INFO - [2024-09-06T14:26:14.313+0000] {dag.py:4156} INFO - Setting next_dagrun for example_xcom to 2021-01-01 00:00:00+00:00, run_after=2021-01-01 00:00:00+00:00
[2024-09-06T14:26:14.330+0000] {processor.py:208} INFO - Processing /home/airflow/.local/lib/python3.12/site-packages/airflow/example_dags/example_xcom.py took 0.073 seconds
[2024-09-06T14:26:44.474+0000] {processor.py:186} INFO - Started process (PID=632) to work on /home/airflow/.local/lib/python3.12/site-packages/airflow/example_dags/example_xcom.py
[2024-09-06T14:26:44.475+0000] {processor.py:914} INFO - Processing file /home/airflow/.local/lib/python3.12/site-packages/airflow/example_dags/example_xcom.py for tasks to queue
[2024-09-06T14:26:44.476+0000] {logging_mixin.py:190} INFO - [2024-09-06T14:26:44.476+0000] {dagbag.py:587} INFO - Filling up the DagBag from /home/airflow/.local/lib/python3.12/site-packages/airflow/example_dags/example_xcom.py
[2024-09-06T14:26:44.484+0000] {processor.py:925} INFO - DAG(s) 'example_xcom' retrieved from /home/airflow/.local/lib/python3.12/site-packages/airflow/example_dags/example_xcom.py
[2024-09-06T14:26:44.502+0000] {logging_mixin.py:190} INFO - [2024-09-06T14:26:44.501+0000] {dag.py:3229} INFO - Sync 1 DAGs
[2024-09-06T14:26:44.520+0000] {logging_mixin.py:190} INFO - [2024-09-06T14:26:44.520+0000] {dag.py:4156} INFO - Setting next_dagrun for example_xcom to 2021-01-01 00:00:00+00:00, run_after=2021-01-01 00:00:00+00:00
[2024-09-06T14:26:44.538+0000] {processor.py:208} INFO - Processing /home/airflow/.local/lib/python3.12/site-packages/airflow/example_dags/example_xcom.py took 0.069 seconds
[2024-09-06T14:27:14.606+0000] {processor.py:186} INFO - Started process (PID=694) to work on /home/airflow/.local/lib/python3.12/site-packages/airflow/example_dags/example_xcom.py
[2024-09-06T14:27:14.607+0000] {processor.py:914} INFO - Processing file /home/airflow/.local/lib/python3.12/site-packages/airflow/example_dags/example_xcom.py for tasks to queue
[2024-09-06T14:27:14.609+0000] {logging_mixin.py:190} INFO - [2024-09-06T14:27:14.609+0000] {dagbag.py:587} INFO - Filling up the DagBag from /home/airflow/.local/lib/python3.12/site-packages/airflow/example_dags/example_xcom.py
[2024-09-06T14:27:14.617+0000] {processor.py:925} INFO - DAG(s) 'example_xcom' retrieved from /home/airflow/.local/lib/python3.12/site-packages/airflow/example_dags/example_xcom.py
[2024-09-06T14:27:14.634+0000] {logging_mixin.py:190} INFO - [2024-09-06T14:27:14.634+0000] {dag.py:3229} INFO - Sync 1 DAGs
[2024-09-06T14:27:14.652+0000] {logging_mixin.py:190} INFO - [2024-09-06T14:27:14.652+0000] {dag.py:4156} INFO - Setting next_dagrun for example_xcom to 2021-01-01 00:00:00+00:00, run_after=2021-01-01 00:00:00+00:00
[2024-09-06T14:27:14.669+0000] {processor.py:208} INFO - Processing /home/airflow/.local/lib/python3.12/site-packages/airflow/example_dags/example_xcom.py took 0.069 seconds
[2024-09-06T14:27:44.829+0000] {processor.py:186} INFO - Started process (PID=756) to work on /home/airflow/.local/lib/python3.12/site-packages/airflow/example_dags/example_xcom.py
[2024-09-06T14:27:44.829+0000] {processor.py:914} INFO - Processing file /home/airflow/.local/lib/python3.12/site-packages/airflow/example_dags/example_xcom.py for tasks to queue
[2024-09-06T14:27:44.832+0000] {logging_mixin.py:190} INFO - [2024-09-06T14:27:44.831+0000] {dagbag.py:587} INFO - Filling up the DagBag from /home/airflow/.local/lib/python3.12/site-packages/airflow/example_dags/example_xcom.py
[2024-09-06T14:27:44.839+0000] {processor.py:925} INFO - DAG(s) 'example_xcom' retrieved from /home/airflow/.local/lib/python3.12/site-packages/airflow/example_dags/example_xcom.py
[2024-09-06T14:27:44.857+0000] {logging_mixin.py:190} INFO - [2024-09-06T14:27:44.857+0000] {dag.py:3229} INFO - Sync 1 DAGs
[2024-09-06T14:27:44.874+0000] {logging_mixin.py:190} INFO - [2024-09-06T14:27:44.874+0000] {dag.py:4156} INFO - Setting next_dagrun for example_xcom to 2021-01-01 00:00:00+00:00, run_after=2021-01-01 00:00:00+00:00
[2024-09-06T14:27:44.894+0000] {processor.py:208} INFO - Processing /home/airflow/.local/lib/python3.12/site-packages/airflow/example_dags/example_xcom.py took 0.072 seconds
[2024-09-06T14:28:15.152+0000] {processor.py:186} INFO - Started process (PID=818) to work on /home/airflow/.local/lib/python3.12/site-packages/airflow/example_dags/example_xcom.py
[2024-09-06T14:28:15.153+0000] {processor.py:914} INFO - Processing file /home/airflow/.local/lib/python3.12/site-packages/airflow/example_dags/example_xcom.py for tasks to queue
[2024-09-06T14:28:15.155+0000] {logging_mixin.py:190} INFO - [2024-09-06T14:28:15.155+0000] {dagbag.py:587} INFO - Filling up the DagBag from /home/airflow/.local/lib/python3.12/site-packages/airflow/example_dags/example_xcom.py
[2024-09-06T14:28:15.163+0000] {processor.py:925} INFO - DAG(s) 'example_xcom' retrieved from /home/airflow/.local/lib/python3.12/site-packages/airflow/example_dags/example_xcom.py
[2024-09-06T14:28:15.182+0000] {logging_mixin.py:190} INFO - [2024-09-06T14:28:15.182+0000] {dag.py:3229} INFO - Sync 1 DAGs
[2024-09-06T14:28:15.202+0000] {logging_mixin.py:190} INFO - [2024-09-06T14:28:15.202+0000] {dag.py:4156} INFO - Setting next_dagrun for example_xcom to 2021-01-01 00:00:00+00:00, run_after=2021-01-01 00:00:00+00:00
[2024-09-06T14:28:15.218+0000] {processor.py:208} INFO - Processing /home/airflow/.local/lib/python3.12/site-packages/airflow/example_dags/example_xcom.py took 0.071 seconds
[2024-09-06T14:28:45.511+0000] {processor.py:186} INFO - Started process (PID=880) to work on /home/airflow/.local/lib/python3.12/site-packages/airflow/example_dags/example_xcom.py
[2024-09-06T14:28:45.512+0000] {processor.py:914} INFO - Processing file /home/airflow/.local/lib/python3.12/site-packages/airflow/example_dags/example_xcom.py for tasks to queue
[2024-09-06T14:28:45.514+0000] {logging_mixin.py:190} INFO - [2024-09-06T14:28:45.514+0000] {dagbag.py:587} INFO - Filling up the DagBag from /home/airflow/.local/lib/python3.12/site-packages/airflow/example_dags/example_xcom.py
[2024-09-06T14:28:45.522+0000] {processor.py:925} INFO - DAG(s) 'example_xcom' retrieved from /home/airflow/.local/lib/python3.12/site-packages/airflow/example_dags/example_xcom.py
[2024-09-06T14:28:45.541+0000] {logging_mixin.py:190} INFO - [2024-09-06T14:28:45.541+0000] {dag.py:3229} INFO - Sync 1 DAGs
[2024-09-06T14:28:45.562+0000] {logging_mixin.py:190} INFO - [2024-09-06T14:28:45.561+0000] {dag.py:4156} INFO - Setting next_dagrun for example_xcom to 2021-01-01 00:00:00+00:00, run_after=2021-01-01 00:00:00+00:00
[2024-09-06T14:28:45.576+0000] {processor.py:208} INFO - Processing /home/airflow/.local/lib/python3.12/site-packages/airflow/example_dags/example_xcom.py took 0.070 seconds
[2024-09-06T14:29:15.692+0000] {processor.py:186} INFO - Started process (PID=942) to work on /home/airflow/.local/lib/python3.12/site-packages/airflow/example_dags/example_xcom.py
[2024-09-06T14:29:15.693+0000] {processor.py:914} INFO - Processing file /home/airflow/.local/lib/python3.12/site-packages/airflow/example_dags/example_xcom.py for tasks to queue
[2024-09-06T14:29:15.695+0000] {logging_mixin.py:190} INFO - [2024-09-06T14:29:15.695+0000] {dagbag.py:587} INFO - Filling up the DagBag from /home/airflow/.local/lib/python3.12/site-packages/airflow/example_dags/example_xcom.py
[2024-09-06T14:29:15.702+0000] {processor.py:925} INFO - DAG(s) 'example_xcom' retrieved from /home/airflow/.local/lib/python3.12/site-packages/airflow/example_dags/example_xcom.py
[2024-09-06T14:29:15.721+0000] {logging_mixin.py:190} INFO - [2024-09-06T14:29:15.721+0000] {dag.py:3229} INFO - Sync 1 DAGs
[2024-09-06T14:29:15.739+0000] {logging_mixin.py:190} INFO - [2024-09-06T14:29:15.738+0000] {dag.py:4156} INFO - Setting next_dagrun for example_xcom to 2021-01-01 00:00:00+00:00, run_after=2021-01-01 00:00:00+00:00
[2024-09-06T14:29:15.755+0000] {processor.py:208} INFO - Processing /home/airflow/.local/lib/python3.12/site-packages/airflow/example_dags/example_xcom.py took 0.068 seconds
[2024-09-06T14:29:46.521+0000] {processor.py:186} INFO - Started process (PID=1004) to work on /home/airflow/.local/lib/python3.12/site-packages/airflow/example_dags/example_xcom.py
[2024-09-06T14:29:46.522+0000] {processor.py:914} INFO - Processing file /home/airflow/.local/lib/python3.12/site-packages/airflow/example_dags/example_xcom.py for tasks to queue
[2024-09-06T14:29:46.524+0000] {logging_mixin.py:190} INFO - [2024-09-06T14:29:46.524+0000] {dagbag.py:587} INFO - Filling up the DagBag from /home/airflow/.local/lib/python3.12/site-packages/airflow/example_dags/example_xcom.py
[2024-09-06T14:29:46.532+0000] {processor.py:925} INFO - DAG(s) 'example_xcom' retrieved from /home/airflow/.local/lib/python3.12/site-packages/airflow/example_dags/example_xcom.py
[2024-09-06T14:29:46.550+0000] {logging_mixin.py:190} INFO - [2024-09-06T14:29:46.550+0000] {dag.py:3229} INFO - Sync 1 DAGs
[2024-09-06T14:29:46.569+0000] {logging_mixin.py:190} INFO - [2024-09-06T14:29:46.569+0000] {dag.py:4156} INFO - Setting next_dagrun for example_xcom to 2021-01-01 00:00:00+00:00, run_after=2021-01-01 00:00:00+00:00
[2024-09-06T14:29:46.592+0000] {processor.py:208} INFO - Processing /home/airflow/.local/lib/python3.12/site-packages/airflow/example_dags/example_xcom.py took 0.076 seconds
[2024-09-06T14:30:16.662+0000] {processor.py:186} INFO - Started process (PID=1066) to work on /home/airflow/.local/lib/python3.12/site-packages/airflow/example_dags/example_xcom.py
[2024-09-06T14:30:16.663+0000] {processor.py:914} INFO - Processing file /home/airflow/.local/lib/python3.12/site-packages/airflow/example_dags/example_xcom.py for tasks to queue
[2024-09-06T14:30:16.666+0000] {logging_mixin.py:190} INFO - [2024-09-06T14:30:16.665+0000] {dagbag.py:587} INFO - Filling up the DagBag from /home/airflow/.local/lib/python3.12/site-packages/airflow/example_dags/example_xcom.py
[2024-09-06T14:30:16.675+0000] {processor.py:925} INFO - DAG(s) 'example_xcom' retrieved from /home/airflow/.local/lib/python3.12/site-packages/airflow/example_dags/example_xcom.py
[2024-09-06T14:30:16.693+0000] {logging_mixin.py:190} INFO - [2024-09-06T14:30:16.693+0000] {dag.py:3229} INFO - Sync 1 DAGs
[2024-09-06T14:30:16.715+0000] {logging_mixin.py:190} INFO - [2024-09-06T14:30:16.715+0000] {dag.py:4156} INFO - Setting next_dagrun for example_xcom to 2021-01-01 00:00:00+00:00, run_after=2021-01-01 00:00:00+00:00
[2024-09-06T14:30:16.730+0000] {processor.py:208} INFO - Processing /home/airflow/.local/lib/python3.12/site-packages/airflow/example_dags/example_xcom.py took 0.075 seconds
[2024-09-06T14:30:46.823+0000] {processor.py:186} INFO - Started process (PID=1128) to work on /home/airflow/.local/lib/python3.12/site-packages/airflow/example_dags/example_xcom.py
[2024-09-06T14:30:46.824+0000] {processor.py:914} INFO - Processing file /home/airflow/.local/lib/python3.12/site-packages/airflow/example_dags/example_xcom.py for tasks to queue
[2024-09-06T14:30:46.826+0000] {logging_mixin.py:190} INFO - [2024-09-06T14:30:46.826+0000] {dagbag.py:587} INFO - Filling up the DagBag from /home/airflow/.local/lib/python3.12/site-packages/airflow/example_dags/example_xcom.py
[2024-09-06T14:30:46.834+0000] {processor.py:925} INFO - DAG(s) 'example_xcom' retrieved from /home/airflow/.local/lib/python3.12/site-packages/airflow/example_dags/example_xcom.py
[2024-09-06T14:30:46.853+0000] {logging_mixin.py:190} INFO - [2024-09-06T14:30:46.853+0000] {dag.py:3229} INFO - Sync 1 DAGs
[2024-09-06T14:30:46.871+0000] {logging_mixin.py:190} INFO - [2024-09-06T14:30:46.871+0000] {dag.py:4156} INFO - Setting next_dagrun for example_xcom to 2021-01-01 00:00:00+00:00, run_after=2021-01-01 00:00:00+00:00
[2024-09-06T14:30:46.889+0000] {processor.py:208} INFO - Processing /home/airflow/.local/lib/python3.12/site-packages/airflow/example_dags/example_xcom.py took 0.070 seconds
[2024-09-06T14:31:17.494+0000] {processor.py:186} INFO - Started process (PID=1190) to work on /home/airflow/.local/lib/python3.12/site-packages/airflow/example_dags/example_xcom.py
[2024-09-06T14:31:17.495+0000] {processor.py:914} INFO - Processing file /home/airflow/.local/lib/python3.12/site-packages/airflow/example_dags/example_xcom.py for tasks to queue
[2024-09-06T14:31:17.497+0000] {logging_mixin.py:190} INFO - [2024-09-06T14:31:17.497+0000] {dagbag.py:587} INFO - Filling up the DagBag from /home/airflow/.local/lib/python3.12/site-packages/airflow/example_dags/example_xcom.py
[2024-09-06T14:31:17.508+0000] {processor.py:925} INFO - DAG(s) 'example_xcom' retrieved from /home/airflow/.local/lib/python3.12/site-packages/airflow/example_dags/example_xcom.py
[2024-09-06T14:31:17.530+0000] {logging_mixin.py:190} INFO - [2024-09-06T14:31:17.530+0000] {dag.py:3229} INFO - Sync 1 DAGs
[2024-09-06T14:31:17.557+0000] {logging_mixin.py:190} INFO - [2024-09-06T14:31:17.556+0000] {dag.py:4156} INFO - Setting next_dagrun for example_xcom to 2021-01-01 00:00:00+00:00, run_after=2021-01-01 00:00:00+00:00
[2024-09-06T14:31:17.574+0000] {processor.py:208} INFO - Processing /home/airflow/.local/lib/python3.12/site-packages/airflow/example_dags/example_xcom.py took 0.086 seconds
[2024-09-06T14:31:47.961+0000] {processor.py:186} INFO - Started process (PID=1252) to work on /home/airflow/.local/lib/python3.12/site-packages/airflow/example_dags/example_xcom.py
[2024-09-06T14:31:47.962+0000] {processor.py:914} INFO - Processing file /home/airflow/.local/lib/python3.12/site-packages/airflow/example_dags/example_xcom.py for tasks to queue
[2024-09-06T14:31:47.964+0000] {logging_mixin.py:190} INFO - [2024-09-06T14:31:47.964+0000] {dagbag.py:587} INFO - Filling up the DagBag from /home/airflow/.local/lib/python3.12/site-packages/airflow/example_dags/example_xcom.py
[2024-09-06T14:31:47.972+0000] {processor.py:925} INFO - DAG(s) 'example_xcom' retrieved from /home/airflow/.local/lib/python3.12/site-packages/airflow/example_dags/example_xcom.py
[2024-09-06T14:31:47.989+0000] {logging_mixin.py:190} INFO - [2024-09-06T14:31:47.989+0000] {dag.py:3229} INFO - Sync 1 DAGs
[2024-09-06T14:31:48.007+0000] {logging_mixin.py:190} INFO - [2024-09-06T14:31:48.007+0000] {dag.py:4156} INFO - Setting next_dagrun for example_xcom to 2021-01-01 00:00:00+00:00, run_after=2021-01-01 00:00:00+00:00
[2024-09-06T14:31:48.027+0000] {processor.py:208} INFO - Processing /home/airflow/.local/lib/python3.12/site-packages/airflow/example_dags/example_xcom.py took 0.071 seconds
[2024-09-06T14:32:18.731+0000] {processor.py:186} INFO - Started process (PID=1314) to work on /home/airflow/.local/lib/python3.12/site-packages/airflow/example_dags/example_xcom.py
[2024-09-06T14:32:18.732+0000] {processor.py:914} INFO - Processing file /home/airflow/.local/lib/python3.12/site-packages/airflow/example_dags/example_xcom.py for tasks to queue
[2024-09-06T14:32:18.734+0000] {logging_mixin.py:190} INFO - [2024-09-06T14:32:18.733+0000] {dagbag.py:587} INFO - Filling up the DagBag from /home/airflow/.local/lib/python3.12/site-packages/airflow/example_dags/example_xcom.py
[2024-09-06T14:32:18.741+0000] {processor.py:925} INFO - DAG(s) 'example_xcom' retrieved from /home/airflow/.local/lib/python3.12/site-packages/airflow/example_dags/example_xcom.py
[2024-09-06T14:32:18.759+0000] {logging_mixin.py:190} INFO - [2024-09-06T14:32:18.758+0000] {dag.py:3229} INFO - Sync 1 DAGs
[2024-09-06T14:32:18.775+0000] {logging_mixin.py:190} INFO - [2024-09-06T14:32:18.775+0000] {dag.py:4156} INFO - Setting next_dagrun for example_xcom to 2021-01-01 00:00:00+00:00, run_after=2021-01-01 00:00:00+00:00
[2024-09-06T14:32:18.792+0000] {processor.py:208} INFO - Processing /home/airflow/.local/lib/python3.12/site-packages/airflow/example_dags/example_xcom.py took 0.066 seconds
[2024-09-06T14:32:49.250+0000] {processor.py:186} INFO - Started process (PID=1376) to work on /home/airflow/.local/lib/python3.12/site-packages/airflow/example_dags/example_xcom.py
[2024-09-06T14:32:49.251+0000] {processor.py:914} INFO - Processing file /home/airflow/.local/lib/python3.12/site-packages/airflow/example_dags/example_xcom.py for tasks to queue
[2024-09-06T14:32:49.254+0000] {logging_mixin.py:190} INFO - [2024-09-06T14:32:49.254+0000] {dagbag.py:587} INFO - Filling up the DagBag from /home/airflow/.local/lib/python3.12/site-packages/airflow/example_dags/example_xcom.py
[2024-09-06T14:32:49.262+0000] {processor.py:925} INFO - DAG(s) 'example_xcom' retrieved from /home/airflow/.local/lib/python3.12/site-packages/airflow/example_dags/example_xcom.py
[2024-09-06T14:32:49.284+0000] {logging_mixin.py:190} INFO - [2024-09-06T14:32:49.284+0000] {dag.py:3229} INFO - Sync 1 DAGs
[2024-09-06T14:32:49.304+0000] {logging_mixin.py:190} INFO - [2024-09-06T14:32:49.304+0000] {dag.py:4156} INFO - Setting next_dagrun for example_xcom to 2021-01-01 00:00:00+00:00, run_after=2021-01-01 00:00:00+00:00
[2024-09-06T14:32:49.326+0000] {processor.py:208} INFO - Processing /home/airflow/.local/lib/python3.12/site-packages/airflow/example_dags/example_xcom.py took 0.082 seconds
[2024-09-06T14:33:19.688+0000] {processor.py:186} INFO - Started process (PID=1438) to work on /home/airflow/.local/lib/python3.12/site-packages/airflow/example_dags/example_xcom.py
[2024-09-06T14:33:19.689+0000] {processor.py:914} INFO - Processing file /home/airflow/.local/lib/python3.12/site-packages/airflow/example_dags/example_xcom.py for tasks to queue
[2024-09-06T14:33:19.691+0000] {logging_mixin.py:190} INFO - [2024-09-06T14:33:19.691+0000] {dagbag.py:587} INFO - Filling up the DagBag from /home/airflow/.local/lib/python3.12/site-packages/airflow/example_dags/example_xcom.py
[2024-09-06T14:33:19.699+0000] {processor.py:925} INFO - DAG(s) 'example_xcom' retrieved from /home/airflow/.local/lib/python3.12/site-packages/airflow/example_dags/example_xcom.py
[2024-09-06T14:33:19.720+0000] {logging_mixin.py:190} INFO - [2024-09-06T14:33:19.720+0000] {dag.py:3229} INFO - Sync 1 DAGs
[2024-09-06T14:33:19.744+0000] {logging_mixin.py:190} INFO - [2024-09-06T14:33:19.744+0000] {dag.py:4156} INFO - Setting next_dagrun for example_xcom to 2021-01-01 00:00:00+00:00, run_after=2021-01-01 00:00:00+00:00
[2024-09-06T14:33:19.762+0000] {processor.py:208} INFO - Processing /home/airflow/.local/lib/python3.12/site-packages/airflow/example_dags/example_xcom.py took 0.082 seconds
[2024-09-06T14:33:50.111+0000] {processor.py:186} INFO - Started process (PID=1500) to work on /home/airflow/.local/lib/python3.12/site-packages/airflow/example_dags/example_xcom.py
[2024-09-06T14:33:50.113+0000] {processor.py:914} INFO - Processing file /home/airflow/.local/lib/python3.12/site-packages/airflow/example_dags/example_xcom.py for tasks to queue
[2024-09-06T14:33:50.115+0000] {logging_mixin.py:190} INFO - [2024-09-06T14:33:50.114+0000] {dagbag.py:587} INFO - Filling up the DagBag from /home/airflow/.local/lib/python3.12/site-packages/airflow/example_dags/example_xcom.py
[2024-09-06T14:33:50.123+0000] {processor.py:925} INFO - DAG(s) 'example_xcom' retrieved from /home/airflow/.local/lib/python3.12/site-packages/airflow/example_dags/example_xcom.py
[2024-09-06T14:33:50.142+0000] {logging_mixin.py:190} INFO - [2024-09-06T14:33:50.142+0000] {dag.py:3229} INFO - Sync 1 DAGs
[2024-09-06T14:33:50.161+0000] {logging_mixin.py:190} INFO - [2024-09-06T14:33:50.160+0000] {dag.py:4156} INFO - Setting next_dagrun for example_xcom to 2021-01-01 00:00:00+00:00, run_after=2021-01-01 00:00:00+00:00
[2024-09-06T14:33:50.180+0000] {processor.py:208} INFO - Processing /home/airflow/.local/lib/python3.12/site-packages/airflow/example_dags/example_xcom.py took 0.074 seconds
