[2024-09-06T14:22:15.415+0000] {processor.py:186} INFO - Started process (PID=95) to work on /home/airflow/.local/lib/python3.12/site-packages/airflow/example_dags/example_sensor_decorator.py
[2024-09-06T14:22:15.417+0000] {processor.py:914} INFO - Processing file /home/airflow/.local/lib/python3.12/site-packages/airflow/example_dags/example_sensor_decorator.py for tasks to queue
[2024-09-06T14:22:15.420+0000] {logging_mixin.py:190} INFO - [2024-09-06T14:22:15.420+0000] {dagbag.py:587} INFO - Filling up the DagBag from /home/airflow/.local/lib/python3.12/site-packages/airflow/example_dags/example_sensor_decorator.py
[2024-09-06T14:22:15.431+0000] {processor.py:925} INFO - DAG(s) 'example_sensor_decorator' retrieved from /home/airflow/.local/lib/python3.12/site-packages/airflow/example_dags/example_sensor_decorator.py
[2024-09-06T14:22:15.561+0000] {logging_mixin.py:190} INFO - [2024-09-06T14:22:15.560+0000] {override.py:1900} INFO - Created Permission View: can read on DAG:example_sensor_decorator
[2024-09-06T14:22:15.576+0000] {logging_mixin.py:190} INFO - [2024-09-06T14:22:15.575+0000] {override.py:1900} INFO - Created Permission View: can delete on DAG:example_sensor_decorator
[2024-09-06T14:22:15.585+0000] {logging_mixin.py:190} INFO - [2024-09-06T14:22:15.584+0000] {override.py:1900} INFO - Created Permission View: can edit on DAG:example_sensor_decorator
[2024-09-06T14:22:15.597+0000] {logging_mixin.py:190} INFO - [2024-09-06T14:22:15.597+0000] {override.py:1900} INFO - Created Permission View: can read on DAG Run:example_sensor_decorator
[2024-09-06T14:22:15.611+0000] {logging_mixin.py:190} INFO - [2024-09-06T14:22:15.610+0000] {override.py:1900} INFO - Created Permission View: can delete on DAG Run:example_sensor_decorator
[2024-09-06T14:22:15.622+0000] {logging_mixin.py:190} INFO - [2024-09-06T14:22:15.621+0000] {override.py:1900} INFO - Created Permission View: menu access on DAG Run:example_sensor_decorator
[2024-09-06T14:22:15.629+0000] {logging_mixin.py:190} INFO - [2024-09-06T14:22:15.629+0000] {override.py:1900} INFO - Created Permission View: can create on DAG Run:example_sensor_decorator
[2024-09-06T14:22:15.630+0000] {logging_mixin.py:190} INFO - [2024-09-06T14:22:15.630+0000] {dag.py:3229} INFO - Sync 1 DAGs
[2024-09-06T14:22:15.649+0000] {logging_mixin.py:190} INFO - [2024-09-06T14:22:15.648+0000] {dag.py:3252} INFO - Creating ORM DAG for example_sensor_decorator
[2024-09-06T14:22:15.651+0000] {logging_mixin.py:190} INFO - [2024-09-06T14:22:15.650+0000] {dag.py:4156} INFO - Setting next_dagrun for example_sensor_decorator to None, run_after=None
[2024-09-06T14:22:15.671+0000] {processor.py:208} INFO - Processing /home/airflow/.local/lib/python3.12/site-packages/airflow/example_dags/example_sensor_decorator.py took 0.262 seconds
[2024-09-06T14:22:46.150+0000] {processor.py:186} INFO - Started process (PID=157) to work on /home/airflow/.local/lib/python3.12/site-packages/airflow/example_dags/example_sensor_decorator.py
[2024-09-06T14:22:46.151+0000] {processor.py:914} INFO - Processing file /home/airflow/.local/lib/python3.12/site-packages/airflow/example_dags/example_sensor_decorator.py for tasks to queue
[2024-09-06T14:22:46.154+0000] {logging_mixin.py:190} INFO - [2024-09-06T14:22:46.154+0000] {dagbag.py:587} INFO - Filling up the DagBag from /home/airflow/.local/lib/python3.12/site-packages/airflow/example_dags/example_sensor_decorator.py
[2024-09-06T14:22:46.165+0000] {processor.py:925} INFO - DAG(s) 'example_sensor_decorator' retrieved from /home/airflow/.local/lib/python3.12/site-packages/airflow/example_dags/example_sensor_decorator.py
[2024-09-06T14:22:46.182+0000] {logging_mixin.py:190} INFO - [2024-09-06T14:22:46.182+0000] {dag.py:3229} INFO - Sync 1 DAGs
[2024-09-06T14:22:46.195+0000] {logging_mixin.py:190} INFO - [2024-09-06T14:22:46.195+0000] {dag.py:4156} INFO - Setting next_dagrun for example_sensor_decorator to None, run_after=None
[2024-09-06T14:22:46.211+0000] {processor.py:208} INFO - Processing /home/airflow/.local/lib/python3.12/site-packages/airflow/example_dags/example_sensor_decorator.py took 0.067 seconds
[2024-09-06T14:23:16.522+0000] {processor.py:186} INFO - Started process (PID=219) to work on /home/airflow/.local/lib/python3.12/site-packages/airflow/example_dags/example_sensor_decorator.py
[2024-09-06T14:23:16.523+0000] {processor.py:914} INFO - Processing file /home/airflow/.local/lib/python3.12/site-packages/airflow/example_dags/example_sensor_decorator.py for tasks to queue
[2024-09-06T14:23:16.525+0000] {logging_mixin.py:190} INFO - [2024-09-06T14:23:16.525+0000] {dagbag.py:587} INFO - Filling up the DagBag from /home/airflow/.local/lib/python3.12/site-packages/airflow/example_dags/example_sensor_decorator.py
[2024-09-06T14:23:16.531+0000] {processor.py:925} INFO - DAG(s) 'example_sensor_decorator' retrieved from /home/airflow/.local/lib/python3.12/site-packages/airflow/example_dags/example_sensor_decorator.py
[2024-09-06T14:23:16.548+0000] {logging_mixin.py:190} INFO - [2024-09-06T14:23:16.548+0000] {dag.py:3229} INFO - Sync 1 DAGs
[2024-09-06T14:23:16.561+0000] {logging_mixin.py:190} INFO - [2024-09-06T14:23:16.561+0000] {dag.py:4156} INFO - Setting next_dagrun for example_sensor_decorator to None, run_after=None
[2024-09-06T14:23:16.577+0000] {processor.py:208} INFO - Processing /home/airflow/.local/lib/python3.12/site-packages/airflow/example_dags/example_sensor_decorator.py took 0.060 seconds
[2024-09-06T14:23:46.933+0000] {processor.py:186} INFO - Started process (PID=281) to work on /home/airflow/.local/lib/python3.12/site-packages/airflow/example_dags/example_sensor_decorator.py
[2024-09-06T14:23:46.934+0000] {processor.py:914} INFO - Processing file /home/airflow/.local/lib/python3.12/site-packages/airflow/example_dags/example_sensor_decorator.py for tasks to queue
[2024-09-06T14:23:46.936+0000] {logging_mixin.py:190} INFO - [2024-09-06T14:23:46.936+0000] {dagbag.py:587} INFO - Filling up the DagBag from /home/airflow/.local/lib/python3.12/site-packages/airflow/example_dags/example_sensor_decorator.py
[2024-09-06T14:23:46.943+0000] {processor.py:925} INFO - DAG(s) 'example_sensor_decorator' retrieved from /home/airflow/.local/lib/python3.12/site-packages/airflow/example_dags/example_sensor_decorator.py
[2024-09-06T14:23:46.961+0000] {logging_mixin.py:190} INFO - [2024-09-06T14:23:46.960+0000] {dag.py:3229} INFO - Sync 1 DAGs
[2024-09-06T14:23:46.972+0000] {logging_mixin.py:190} INFO - [2024-09-06T14:23:46.972+0000] {dag.py:4156} INFO - Setting next_dagrun for example_sensor_decorator to None, run_after=None
[2024-09-06T14:23:46.991+0000] {processor.py:208} INFO - Processing /home/airflow/.local/lib/python3.12/site-packages/airflow/example_dags/example_sensor_decorator.py took 0.062 seconds
[2024-09-06T14:24:17.316+0000] {processor.py:186} INFO - Started process (PID=343) to work on /home/airflow/.local/lib/python3.12/site-packages/airflow/example_dags/example_sensor_decorator.py
[2024-09-06T14:24:17.317+0000] {processor.py:914} INFO - Processing file /home/airflow/.local/lib/python3.12/site-packages/airflow/example_dags/example_sensor_decorator.py for tasks to queue
[2024-09-06T14:24:17.319+0000] {logging_mixin.py:190} INFO - [2024-09-06T14:24:17.319+0000] {dagbag.py:587} INFO - Filling up the DagBag from /home/airflow/.local/lib/python3.12/site-packages/airflow/example_dags/example_sensor_decorator.py
[2024-09-06T14:24:17.327+0000] {processor.py:925} INFO - DAG(s) 'example_sensor_decorator' retrieved from /home/airflow/.local/lib/python3.12/site-packages/airflow/example_dags/example_sensor_decorator.py
[2024-09-06T14:24:17.352+0000] {logging_mixin.py:190} INFO - [2024-09-06T14:24:17.352+0000] {dag.py:3229} INFO - Sync 1 DAGs
[2024-09-06T14:24:17.365+0000] {logging_mixin.py:190} INFO - [2024-09-06T14:24:17.365+0000] {dag.py:4156} INFO - Setting next_dagrun for example_sensor_decorator to None, run_after=None
[2024-09-06T14:24:17.386+0000] {processor.py:208} INFO - Processing /home/airflow/.local/lib/python3.12/site-packages/airflow/example_dags/example_sensor_decorator.py took 0.075 seconds
[2024-09-06T14:24:47.662+0000] {processor.py:186} INFO - Started process (PID=405) to work on /home/airflow/.local/lib/python3.12/site-packages/airflow/example_dags/example_sensor_decorator.py
[2024-09-06T14:24:47.662+0000] {processor.py:914} INFO - Processing file /home/airflow/.local/lib/python3.12/site-packages/airflow/example_dags/example_sensor_decorator.py for tasks to queue
[2024-09-06T14:24:47.664+0000] {logging_mixin.py:190} INFO - [2024-09-06T14:24:47.664+0000] {dagbag.py:587} INFO - Filling up the DagBag from /home/airflow/.local/lib/python3.12/site-packages/airflow/example_dags/example_sensor_decorator.py
[2024-09-06T14:24:47.671+0000] {processor.py:925} INFO - DAG(s) 'example_sensor_decorator' retrieved from /home/airflow/.local/lib/python3.12/site-packages/airflow/example_dags/example_sensor_decorator.py
[2024-09-06T14:24:47.686+0000] {logging_mixin.py:190} INFO - [2024-09-06T14:24:47.686+0000] {dag.py:3229} INFO - Sync 1 DAGs
[2024-09-06T14:24:47.698+0000] {logging_mixin.py:190} INFO - [2024-09-06T14:24:47.698+0000] {dag.py:4156} INFO - Setting next_dagrun for example_sensor_decorator to None, run_after=None
[2024-09-06T14:24:47.715+0000] {processor.py:208} INFO - Processing /home/airflow/.local/lib/python3.12/site-packages/airflow/example_dags/example_sensor_decorator.py took 0.058 seconds
[2024-09-06T14:25:17.927+0000] {processor.py:186} INFO - Started process (PID=468) to work on /home/airflow/.local/lib/python3.12/site-packages/airflow/example_dags/example_sensor_decorator.py
[2024-09-06T14:25:17.928+0000] {processor.py:914} INFO - Processing file /home/airflow/.local/lib/python3.12/site-packages/airflow/example_dags/example_sensor_decorator.py for tasks to queue
[2024-09-06T14:25:17.930+0000] {logging_mixin.py:190} INFO - [2024-09-06T14:25:17.930+0000] {dagbag.py:587} INFO - Filling up the DagBag from /home/airflow/.local/lib/python3.12/site-packages/airflow/example_dags/example_sensor_decorator.py
[2024-09-06T14:25:17.937+0000] {processor.py:925} INFO - DAG(s) 'example_sensor_decorator' retrieved from /home/airflow/.local/lib/python3.12/site-packages/airflow/example_dags/example_sensor_decorator.py
[2024-09-06T14:25:17.953+0000] {logging_mixin.py:190} INFO - [2024-09-06T14:25:17.953+0000] {dag.py:3229} INFO - Sync 1 DAGs
[2024-09-06T14:25:17.965+0000] {logging_mixin.py:190} INFO - [2024-09-06T14:25:17.965+0000] {dag.py:4156} INFO - Setting next_dagrun for example_sensor_decorator to None, run_after=None
[2024-09-06T14:25:17.984+0000] {processor.py:208} INFO - Processing /home/airflow/.local/lib/python3.12/site-packages/airflow/example_dags/example_sensor_decorator.py took 0.062 seconds
[2024-09-06T14:25:48.297+0000] {processor.py:186} INFO - Started process (PID=529) to work on /home/airflow/.local/lib/python3.12/site-packages/airflow/example_dags/example_sensor_decorator.py
[2024-09-06T14:25:48.298+0000] {processor.py:914} INFO - Processing file /home/airflow/.local/lib/python3.12/site-packages/airflow/example_dags/example_sensor_decorator.py for tasks to queue
[2024-09-06T14:25:48.302+0000] {logging_mixin.py:190} INFO - [2024-09-06T14:25:48.302+0000] {dagbag.py:587} INFO - Filling up the DagBag from /home/airflow/.local/lib/python3.12/site-packages/airflow/example_dags/example_sensor_decorator.py
[2024-09-06T14:25:48.312+0000] {processor.py:925} INFO - DAG(s) 'example_sensor_decorator' retrieved from /home/airflow/.local/lib/python3.12/site-packages/airflow/example_dags/example_sensor_decorator.py
[2024-09-06T14:25:48.328+0000] {logging_mixin.py:190} INFO - [2024-09-06T14:25:48.328+0000] {dag.py:3229} INFO - Sync 1 DAGs
[2024-09-06T14:25:48.343+0000] {logging_mixin.py:190} INFO - [2024-09-06T14:25:48.343+0000] {dag.py:4156} INFO - Setting next_dagrun for example_sensor_decorator to None, run_after=None
[2024-09-06T14:25:48.362+0000] {processor.py:208} INFO - Processing /home/airflow/.local/lib/python3.12/site-packages/airflow/example_dags/example_sensor_decorator.py took 0.070 seconds
[2024-09-06T14:26:18.498+0000] {processor.py:186} INFO - Started process (PID=591) to work on /home/airflow/.local/lib/python3.12/site-packages/airflow/example_dags/example_sensor_decorator.py
[2024-09-06T14:26:18.499+0000] {processor.py:914} INFO - Processing file /home/airflow/.local/lib/python3.12/site-packages/airflow/example_dags/example_sensor_decorator.py for tasks to queue
[2024-09-06T14:26:18.501+0000] {logging_mixin.py:190} INFO - [2024-09-06T14:26:18.500+0000] {dagbag.py:587} INFO - Filling up the DagBag from /home/airflow/.local/lib/python3.12/site-packages/airflow/example_dags/example_sensor_decorator.py
[2024-09-06T14:26:18.507+0000] {processor.py:925} INFO - DAG(s) 'example_sensor_decorator' retrieved from /home/airflow/.local/lib/python3.12/site-packages/airflow/example_dags/example_sensor_decorator.py
[2024-09-06T14:26:18.525+0000] {logging_mixin.py:190} INFO - [2024-09-06T14:26:18.524+0000] {dag.py:3229} INFO - Sync 1 DAGs
[2024-09-06T14:26:18.536+0000] {logging_mixin.py:190} INFO - [2024-09-06T14:26:18.536+0000] {dag.py:4156} INFO - Setting next_dagrun for example_sensor_decorator to None, run_after=None
[2024-09-06T14:26:18.552+0000] {processor.py:208} INFO - Processing /home/airflow/.local/lib/python3.12/site-packages/airflow/example_dags/example_sensor_decorator.py took 0.059 seconds
[2024-09-06T14:26:48.773+0000] {processor.py:186} INFO - Started process (PID=653) to work on /home/airflow/.local/lib/python3.12/site-packages/airflow/example_dags/example_sensor_decorator.py
[2024-09-06T14:26:48.774+0000] {processor.py:914} INFO - Processing file /home/airflow/.local/lib/python3.12/site-packages/airflow/example_dags/example_sensor_decorator.py for tasks to queue
[2024-09-06T14:26:48.776+0000] {logging_mixin.py:190} INFO - [2024-09-06T14:26:48.776+0000] {dagbag.py:587} INFO - Filling up the DagBag from /home/airflow/.local/lib/python3.12/site-packages/airflow/example_dags/example_sensor_decorator.py
[2024-09-06T14:26:48.782+0000] {processor.py:925} INFO - DAG(s) 'example_sensor_decorator' retrieved from /home/airflow/.local/lib/python3.12/site-packages/airflow/example_dags/example_sensor_decorator.py
[2024-09-06T14:26:48.801+0000] {logging_mixin.py:190} INFO - [2024-09-06T14:26:48.800+0000] {dag.py:3229} INFO - Sync 1 DAGs
[2024-09-06T14:26:48.813+0000] {logging_mixin.py:190} INFO - [2024-09-06T14:26:48.812+0000] {dag.py:4156} INFO - Setting next_dagrun for example_sensor_decorator to None, run_after=None
[2024-09-06T14:26:48.827+0000] {processor.py:208} INFO - Processing /home/airflow/.local/lib/python3.12/site-packages/airflow/example_dags/example_sensor_decorator.py took 0.060 seconds
[2024-09-06T14:27:19.013+0000] {processor.py:186} INFO - Started process (PID=715) to work on /home/airflow/.local/lib/python3.12/site-packages/airflow/example_dags/example_sensor_decorator.py
[2024-09-06T14:27:19.014+0000] {processor.py:914} INFO - Processing file /home/airflow/.local/lib/python3.12/site-packages/airflow/example_dags/example_sensor_decorator.py for tasks to queue
[2024-09-06T14:27:19.016+0000] {logging_mixin.py:190} INFO - [2024-09-06T14:27:19.016+0000] {dagbag.py:587} INFO - Filling up the DagBag from /home/airflow/.local/lib/python3.12/site-packages/airflow/example_dags/example_sensor_decorator.py
[2024-09-06T14:27:19.023+0000] {processor.py:925} INFO - DAG(s) 'example_sensor_decorator' retrieved from /home/airflow/.local/lib/python3.12/site-packages/airflow/example_dags/example_sensor_decorator.py
[2024-09-06T14:27:19.039+0000] {logging_mixin.py:190} INFO - [2024-09-06T14:27:19.039+0000] {dag.py:3229} INFO - Sync 1 DAGs
[2024-09-06T14:27:19.056+0000] {logging_mixin.py:190} INFO - [2024-09-06T14:27:19.056+0000] {dag.py:4156} INFO - Setting next_dagrun for example_sensor_decorator to None, run_after=None
[2024-09-06T14:27:19.072+0000] {processor.py:208} INFO - Processing /home/airflow/.local/lib/python3.12/site-packages/airflow/example_dags/example_sensor_decorator.py took 0.063 seconds
[2024-09-06T14:27:49.274+0000] {processor.py:186} INFO - Started process (PID=777) to work on /home/airflow/.local/lib/python3.12/site-packages/airflow/example_dags/example_sensor_decorator.py
[2024-09-06T14:27:49.275+0000] {processor.py:914} INFO - Processing file /home/airflow/.local/lib/python3.12/site-packages/airflow/example_dags/example_sensor_decorator.py for tasks to queue
[2024-09-06T14:27:49.277+0000] {logging_mixin.py:190} INFO - [2024-09-06T14:27:49.277+0000] {dagbag.py:587} INFO - Filling up the DagBag from /home/airflow/.local/lib/python3.12/site-packages/airflow/example_dags/example_sensor_decorator.py
[2024-09-06T14:27:49.283+0000] {processor.py:925} INFO - DAG(s) 'example_sensor_decorator' retrieved from /home/airflow/.local/lib/python3.12/site-packages/airflow/example_dags/example_sensor_decorator.py
[2024-09-06T14:27:49.300+0000] {logging_mixin.py:190} INFO - [2024-09-06T14:27:49.299+0000] {dag.py:3229} INFO - Sync 1 DAGs
[2024-09-06T14:27:49.313+0000] {logging_mixin.py:190} INFO - [2024-09-06T14:27:49.312+0000] {dag.py:4156} INFO - Setting next_dagrun for example_sensor_decorator to None, run_after=None
[2024-09-06T14:27:49.330+0000] {processor.py:208} INFO - Processing /home/airflow/.local/lib/python3.12/site-packages/airflow/example_dags/example_sensor_decorator.py took 0.061 seconds
[2024-09-06T14:28:19.470+0000] {processor.py:186} INFO - Started process (PID=839) to work on /home/airflow/.local/lib/python3.12/site-packages/airflow/example_dags/example_sensor_decorator.py
[2024-09-06T14:28:19.471+0000] {processor.py:914} INFO - Processing file /home/airflow/.local/lib/python3.12/site-packages/airflow/example_dags/example_sensor_decorator.py for tasks to queue
[2024-09-06T14:28:19.473+0000] {logging_mixin.py:190} INFO - [2024-09-06T14:28:19.473+0000] {dagbag.py:587} INFO - Filling up the DagBag from /home/airflow/.local/lib/python3.12/site-packages/airflow/example_dags/example_sensor_decorator.py
[2024-09-06T14:28:19.480+0000] {processor.py:925} INFO - DAG(s) 'example_sensor_decorator' retrieved from /home/airflow/.local/lib/python3.12/site-packages/airflow/example_dags/example_sensor_decorator.py
[2024-09-06T14:28:19.496+0000] {logging_mixin.py:190} INFO - [2024-09-06T14:28:19.496+0000] {dag.py:3229} INFO - Sync 1 DAGs
[2024-09-06T14:28:19.511+0000] {logging_mixin.py:190} INFO - [2024-09-06T14:28:19.510+0000] {dag.py:4156} INFO - Setting next_dagrun for example_sensor_decorator to None, run_after=None
[2024-09-06T14:28:19.531+0000] {processor.py:208} INFO - Processing /home/airflow/.local/lib/python3.12/site-packages/airflow/example_dags/example_sensor_decorator.py took 0.066 seconds
[2024-09-06T14:28:49.905+0000] {processor.py:186} INFO - Started process (PID=901) to work on /home/airflow/.local/lib/python3.12/site-packages/airflow/example_dags/example_sensor_decorator.py
[2024-09-06T14:28:49.906+0000] {processor.py:914} INFO - Processing file /home/airflow/.local/lib/python3.12/site-packages/airflow/example_dags/example_sensor_decorator.py for tasks to queue
[2024-09-06T14:28:49.908+0000] {logging_mixin.py:190} INFO - [2024-09-06T14:28:49.908+0000] {dagbag.py:587} INFO - Filling up the DagBag from /home/airflow/.local/lib/python3.12/site-packages/airflow/example_dags/example_sensor_decorator.py
[2024-09-06T14:28:49.914+0000] {processor.py:925} INFO - DAG(s) 'example_sensor_decorator' retrieved from /home/airflow/.local/lib/python3.12/site-packages/airflow/example_dags/example_sensor_decorator.py
[2024-09-06T14:28:49.931+0000] {logging_mixin.py:190} INFO - [2024-09-06T14:28:49.931+0000] {dag.py:3229} INFO - Sync 1 DAGs
[2024-09-06T14:28:49.942+0000] {logging_mixin.py:190} INFO - [2024-09-06T14:28:49.942+0000] {dag.py:4156} INFO - Setting next_dagrun for example_sensor_decorator to None, run_after=None
[2024-09-06T14:28:49.959+0000] {processor.py:208} INFO - Processing /home/airflow/.local/lib/python3.12/site-packages/airflow/example_dags/example_sensor_decorator.py took 0.059 seconds
[2024-09-06T14:29:20.741+0000] {processor.py:186} INFO - Started process (PID=963) to work on /home/airflow/.local/lib/python3.12/site-packages/airflow/example_dags/example_sensor_decorator.py
[2024-09-06T14:29:20.742+0000] {processor.py:914} INFO - Processing file /home/airflow/.local/lib/python3.12/site-packages/airflow/example_dags/example_sensor_decorator.py for tasks to queue
[2024-09-06T14:29:20.744+0000] {logging_mixin.py:190} INFO - [2024-09-06T14:29:20.743+0000] {dagbag.py:587} INFO - Filling up the DagBag from /home/airflow/.local/lib/python3.12/site-packages/airflow/example_dags/example_sensor_decorator.py
[2024-09-06T14:29:20.751+0000] {processor.py:925} INFO - DAG(s) 'example_sensor_decorator' retrieved from /home/airflow/.local/lib/python3.12/site-packages/airflow/example_dags/example_sensor_decorator.py
[2024-09-06T14:29:20.768+0000] {logging_mixin.py:190} INFO - [2024-09-06T14:29:20.768+0000] {dag.py:3229} INFO - Sync 1 DAGs
[2024-09-06T14:29:20.782+0000] {logging_mixin.py:190} INFO - [2024-09-06T14:29:20.782+0000] {dag.py:4156} INFO - Setting next_dagrun for example_sensor_decorator to None, run_after=None
[2024-09-06T14:29:20.801+0000] {processor.py:208} INFO - Processing /home/airflow/.local/lib/python3.12/site-packages/airflow/example_dags/example_sensor_decorator.py took 0.064 seconds
[2024-09-06T14:29:51.684+0000] {processor.py:186} INFO - Started process (PID=1025) to work on /home/airflow/.local/lib/python3.12/site-packages/airflow/example_dags/example_sensor_decorator.py
[2024-09-06T14:29:51.685+0000] {processor.py:914} INFO - Processing file /home/airflow/.local/lib/python3.12/site-packages/airflow/example_dags/example_sensor_decorator.py for tasks to queue
[2024-09-06T14:29:51.687+0000] {logging_mixin.py:190} INFO - [2024-09-06T14:29:51.687+0000] {dagbag.py:587} INFO - Filling up the DagBag from /home/airflow/.local/lib/python3.12/site-packages/airflow/example_dags/example_sensor_decorator.py
[2024-09-06T14:29:51.693+0000] {processor.py:925} INFO - DAG(s) 'example_sensor_decorator' retrieved from /home/airflow/.local/lib/python3.12/site-packages/airflow/example_dags/example_sensor_decorator.py
[2024-09-06T14:29:51.711+0000] {logging_mixin.py:190} INFO - [2024-09-06T14:29:51.711+0000] {dag.py:3229} INFO - Sync 1 DAGs
[2024-09-06T14:29:51.724+0000] {logging_mixin.py:190} INFO - [2024-09-06T14:29:51.724+0000] {dag.py:4156} INFO - Setting next_dagrun for example_sensor_decorator to None, run_after=None
[2024-09-06T14:29:51.743+0000] {processor.py:208} INFO - Processing /home/airflow/.local/lib/python3.12/site-packages/airflow/example_dags/example_sensor_decorator.py took 0.063 seconds
[2024-09-06T14:30:21.810+0000] {processor.py:186} INFO - Started process (PID=1086) to work on /home/airflow/.local/lib/python3.12/site-packages/airflow/example_dags/example_sensor_decorator.py
[2024-09-06T14:30:21.811+0000] {processor.py:914} INFO - Processing file /home/airflow/.local/lib/python3.12/site-packages/airflow/example_dags/example_sensor_decorator.py for tasks to queue
[2024-09-06T14:30:21.813+0000] {logging_mixin.py:190} INFO - [2024-09-06T14:30:21.813+0000] {dagbag.py:587} INFO - Filling up the DagBag from /home/airflow/.local/lib/python3.12/site-packages/airflow/example_dags/example_sensor_decorator.py
[2024-09-06T14:30:21.820+0000] {processor.py:925} INFO - DAG(s) 'example_sensor_decorator' retrieved from /home/airflow/.local/lib/python3.12/site-packages/airflow/example_dags/example_sensor_decorator.py
[2024-09-06T14:30:21.838+0000] {logging_mixin.py:190} INFO - [2024-09-06T14:30:21.837+0000] {dag.py:3229} INFO - Sync 1 DAGs
[2024-09-06T14:30:21.851+0000] {logging_mixin.py:190} INFO - [2024-09-06T14:30:21.851+0000] {dag.py:4156} INFO - Setting next_dagrun for example_sensor_decorator to None, run_after=None
[2024-09-06T14:30:21.871+0000] {processor.py:208} INFO - Processing /home/airflow/.local/lib/python3.12/site-packages/airflow/example_dags/example_sensor_decorator.py took 0.066 seconds
[2024-09-06T14:30:51.997+0000] {processor.py:186} INFO - Started process (PID=1148) to work on /home/airflow/.local/lib/python3.12/site-packages/airflow/example_dags/example_sensor_decorator.py
[2024-09-06T14:30:51.998+0000] {processor.py:914} INFO - Processing file /home/airflow/.local/lib/python3.12/site-packages/airflow/example_dags/example_sensor_decorator.py for tasks to queue
[2024-09-06T14:30:52.000+0000] {logging_mixin.py:190} INFO - [2024-09-06T14:30:51.999+0000] {dagbag.py:587} INFO - Filling up the DagBag from /home/airflow/.local/lib/python3.12/site-packages/airflow/example_dags/example_sensor_decorator.py
[2024-09-06T14:30:52.007+0000] {processor.py:925} INFO - DAG(s) 'example_sensor_decorator' retrieved from /home/airflow/.local/lib/python3.12/site-packages/airflow/example_dags/example_sensor_decorator.py
[2024-09-06T14:30:52.023+0000] {logging_mixin.py:190} INFO - [2024-09-06T14:30:52.022+0000] {dag.py:3229} INFO - Sync 1 DAGs
[2024-09-06T14:30:52.034+0000] {logging_mixin.py:190} INFO - [2024-09-06T14:30:52.034+0000] {dag.py:4156} INFO - Setting next_dagrun for example_sensor_decorator to None, run_after=None
[2024-09-06T14:30:52.053+0000] {processor.py:208} INFO - Processing /home/airflow/.local/lib/python3.12/site-packages/airflow/example_dags/example_sensor_decorator.py took 0.061 seconds
[2024-09-06T14:31:22.739+0000] {processor.py:186} INFO - Started process (PID=1211) to work on /home/airflow/.local/lib/python3.12/site-packages/airflow/example_dags/example_sensor_decorator.py
[2024-09-06T14:31:22.739+0000] {processor.py:914} INFO - Processing file /home/airflow/.local/lib/python3.12/site-packages/airflow/example_dags/example_sensor_decorator.py for tasks to queue
[2024-09-06T14:31:22.741+0000] {logging_mixin.py:190} INFO - [2024-09-06T14:31:22.741+0000] {dagbag.py:587} INFO - Filling up the DagBag from /home/airflow/.local/lib/python3.12/site-packages/airflow/example_dags/example_sensor_decorator.py
[2024-09-06T14:31:22.748+0000] {processor.py:925} INFO - DAG(s) 'example_sensor_decorator' retrieved from /home/airflow/.local/lib/python3.12/site-packages/airflow/example_dags/example_sensor_decorator.py
[2024-09-06T14:31:22.770+0000] {logging_mixin.py:190} INFO - [2024-09-06T14:31:22.769+0000] {dag.py:3229} INFO - Sync 1 DAGs
[2024-09-06T14:31:22.786+0000] {logging_mixin.py:190} INFO - [2024-09-06T14:31:22.786+0000] {dag.py:4156} INFO - Setting next_dagrun for example_sensor_decorator to None, run_after=None
[2024-09-06T14:31:22.805+0000] {processor.py:208} INFO - Processing /home/airflow/.local/lib/python3.12/site-packages/airflow/example_dags/example_sensor_decorator.py took 0.074 seconds
[2024-09-06T14:31:53.438+0000] {processor.py:186} INFO - Started process (PID=1273) to work on /home/airflow/.local/lib/python3.12/site-packages/airflow/example_dags/example_sensor_decorator.py
[2024-09-06T14:31:53.439+0000] {processor.py:914} INFO - Processing file /home/airflow/.local/lib/python3.12/site-packages/airflow/example_dags/example_sensor_decorator.py for tasks to queue
[2024-09-06T14:31:53.441+0000] {logging_mixin.py:190} INFO - [2024-09-06T14:31:53.441+0000] {dagbag.py:587} INFO - Filling up the DagBag from /home/airflow/.local/lib/python3.12/site-packages/airflow/example_dags/example_sensor_decorator.py
[2024-09-06T14:31:53.448+0000] {processor.py:925} INFO - DAG(s) 'example_sensor_decorator' retrieved from /home/airflow/.local/lib/python3.12/site-packages/airflow/example_dags/example_sensor_decorator.py
[2024-09-06T14:31:53.466+0000] {logging_mixin.py:190} INFO - [2024-09-06T14:31:53.465+0000] {dag.py:3229} INFO - Sync 1 DAGs
[2024-09-06T14:31:53.478+0000] {logging_mixin.py:190} INFO - [2024-09-06T14:31:53.477+0000] {dag.py:4156} INFO - Setting next_dagrun for example_sensor_decorator to None, run_after=None
[2024-09-06T14:31:53.495+0000] {processor.py:208} INFO - Processing /home/airflow/.local/lib/python3.12/site-packages/airflow/example_dags/example_sensor_decorator.py took 0.061 seconds
[2024-09-06T14:32:23.970+0000] {processor.py:186} INFO - Started process (PID=1335) to work on /home/airflow/.local/lib/python3.12/site-packages/airflow/example_dags/example_sensor_decorator.py
[2024-09-06T14:32:23.971+0000] {processor.py:914} INFO - Processing file /home/airflow/.local/lib/python3.12/site-packages/airflow/example_dags/example_sensor_decorator.py for tasks to queue
[2024-09-06T14:32:23.973+0000] {logging_mixin.py:190} INFO - [2024-09-06T14:32:23.973+0000] {dagbag.py:587} INFO - Filling up the DagBag from /home/airflow/.local/lib/python3.12/site-packages/airflow/example_dags/example_sensor_decorator.py
[2024-09-06T14:32:23.979+0000] {processor.py:925} INFO - DAG(s) 'example_sensor_decorator' retrieved from /home/airflow/.local/lib/python3.12/site-packages/airflow/example_dags/example_sensor_decorator.py
[2024-09-06T14:32:23.997+0000] {logging_mixin.py:190} INFO - [2024-09-06T14:32:23.997+0000] {dag.py:3229} INFO - Sync 1 DAGs
[2024-09-06T14:32:24.009+0000] {logging_mixin.py:190} INFO - [2024-09-06T14:32:24.009+0000] {dag.py:4156} INFO - Setting next_dagrun for example_sensor_decorator to None, run_after=None
[2024-09-06T14:32:24.028+0000] {processor.py:208} INFO - Processing /home/airflow/.local/lib/python3.12/site-packages/airflow/example_dags/example_sensor_decorator.py took 0.063 seconds
[2024-09-06T14:32:54.426+0000] {processor.py:186} INFO - Started process (PID=1397) to work on /home/airflow/.local/lib/python3.12/site-packages/airflow/example_dags/example_sensor_decorator.py
[2024-09-06T14:32:54.427+0000] {processor.py:914} INFO - Processing file /home/airflow/.local/lib/python3.12/site-packages/airflow/example_dags/example_sensor_decorator.py for tasks to queue
[2024-09-06T14:32:54.430+0000] {logging_mixin.py:190} INFO - [2024-09-06T14:32:54.429+0000] {dagbag.py:587} INFO - Filling up the DagBag from /home/airflow/.local/lib/python3.12/site-packages/airflow/example_dags/example_sensor_decorator.py
[2024-09-06T14:32:54.443+0000] {processor.py:925} INFO - DAG(s) 'example_sensor_decorator' retrieved from /home/airflow/.local/lib/python3.12/site-packages/airflow/example_dags/example_sensor_decorator.py
[2024-09-06T14:32:54.462+0000] {logging_mixin.py:190} INFO - [2024-09-06T14:32:54.462+0000] {dag.py:3229} INFO - Sync 1 DAGs
[2024-09-06T14:32:54.474+0000] {logging_mixin.py:190} INFO - [2024-09-06T14:32:54.474+0000] {dag.py:4156} INFO - Setting next_dagrun for example_sensor_decorator to None, run_after=None
[2024-09-06T14:32:54.495+0000] {processor.py:208} INFO - Processing /home/airflow/.local/lib/python3.12/site-packages/airflow/example_dags/example_sensor_decorator.py took 0.074 seconds
[2024-09-06T14:33:24.972+0000] {processor.py:186} INFO - Started process (PID=1459) to work on /home/airflow/.local/lib/python3.12/site-packages/airflow/example_dags/example_sensor_decorator.py
[2024-09-06T14:33:24.973+0000] {processor.py:914} INFO - Processing file /home/airflow/.local/lib/python3.12/site-packages/airflow/example_dags/example_sensor_decorator.py for tasks to queue
[2024-09-06T14:33:24.975+0000] {logging_mixin.py:190} INFO - [2024-09-06T14:33:24.975+0000] {dagbag.py:587} INFO - Filling up the DagBag from /home/airflow/.local/lib/python3.12/site-packages/airflow/example_dags/example_sensor_decorator.py
[2024-09-06T14:33:24.983+0000] {processor.py:925} INFO - DAG(s) 'example_sensor_decorator' retrieved from /home/airflow/.local/lib/python3.12/site-packages/airflow/example_dags/example_sensor_decorator.py
[2024-09-06T14:33:25.006+0000] {logging_mixin.py:190} INFO - [2024-09-06T14:33:25.005+0000] {dag.py:3229} INFO - Sync 1 DAGs
[2024-09-06T14:33:25.022+0000] {logging_mixin.py:190} INFO - [2024-09-06T14:33:25.021+0000] {dag.py:4156} INFO - Setting next_dagrun for example_sensor_decorator to None, run_after=None
[2024-09-06T14:33:25.040+0000] {processor.py:208} INFO - Processing /home/airflow/.local/lib/python3.12/site-packages/airflow/example_dags/example_sensor_decorator.py took 0.075 seconds
