[2024-09-06T14:22:18.901+0000] {processor.py:186} INFO - Started process (PID=115) to work on /home/airflow/.local/lib/python3.12/site-packages/airflow/example_dags/example_branch_day_of_week_operator.py
[2024-09-06T14:22:18.902+0000] {processor.py:914} INFO - Processing file /home/airflow/.local/lib/python3.12/site-packages/airflow/example_dags/example_branch_day_of_week_operator.py for tasks to queue
[2024-09-06T14:22:18.904+0000] {logging_mixin.py:190} INFO - [2024-09-06T14:22:18.904+0000] {dagbag.py:587} INFO - Filling up the DagBag from /home/airflow/.local/lib/python3.12/site-packages/airflow/example_dags/example_branch_day_of_week_operator.py
[2024-09-06T14:22:18.917+0000] {processor.py:925} INFO - DAG(s) 'example_weekday_branch_operator' retrieved from /home/airflow/.local/lib/python3.12/site-packages/airflow/example_dags/example_branch_day_of_week_operator.py
[2024-09-06T14:22:19.059+0000] {logging_mixin.py:190} INFO - [2024-09-06T14:22:19.057+0000] {override.py:1900} INFO - Created Permission View: can read on DAG:example_weekday_branch_operator
[2024-09-06T14:22:19.077+0000] {logging_mixin.py:190} INFO - [2024-09-06T14:22:19.077+0000] {override.py:1900} INFO - Created Permission View: can delete on DAG:example_weekday_branch_operator
[2024-09-06T14:22:19.086+0000] {logging_mixin.py:190} INFO - [2024-09-06T14:22:19.086+0000] {override.py:1900} INFO - Created Permission View: can edit on DAG:example_weekday_branch_operator
[2024-09-06T14:22:19.099+0000] {logging_mixin.py:190} INFO - [2024-09-06T14:22:19.098+0000] {override.py:1900} INFO - Created Permission View: can read on DAG Run:example_weekday_branch_operator
[2024-09-06T14:22:19.108+0000] {logging_mixin.py:190} INFO - [2024-09-06T14:22:19.108+0000] {override.py:1900} INFO - Created Permission View: can delete on DAG Run:example_weekday_branch_operator
[2024-09-06T14:22:19.121+0000] {logging_mixin.py:190} INFO - [2024-09-06T14:22:19.121+0000] {override.py:1900} INFO - Created Permission View: menu access on DAG Run:example_weekday_branch_operator
[2024-09-06T14:22:19.130+0000] {logging_mixin.py:190} INFO - [2024-09-06T14:22:19.130+0000] {override.py:1900} INFO - Created Permission View: can create on DAG Run:example_weekday_branch_operator
[2024-09-06T14:22:19.131+0000] {logging_mixin.py:190} INFO - [2024-09-06T14:22:19.131+0000] {dag.py:3229} INFO - Sync 1 DAGs
[2024-09-06T14:22:19.151+0000] {logging_mixin.py:190} INFO - [2024-09-06T14:22:19.150+0000] {dag.py:3252} INFO - Creating ORM DAG for example_weekday_branch_operator
[2024-09-06T14:22:19.175+0000] {logging_mixin.py:190} INFO - [2024-09-06T14:22:19.174+0000] {dag.py:4156} INFO - Setting next_dagrun for example_weekday_branch_operator to 2024-09-05 00:00:00+00:00, run_after=2024-09-06 00:00:00+00:00
[2024-09-06T14:22:19.195+0000] {processor.py:208} INFO - Processing /home/airflow/.local/lib/python3.12/site-packages/airflow/example_dags/example_branch_day_of_week_operator.py took 0.301 seconds
[2024-09-06T14:22:49.332+0000] {processor.py:186} INFO - Started process (PID=177) to work on /home/airflow/.local/lib/python3.12/site-packages/airflow/example_dags/example_branch_day_of_week_operator.py
[2024-09-06T14:22:49.333+0000] {processor.py:914} INFO - Processing file /home/airflow/.local/lib/python3.12/site-packages/airflow/example_dags/example_branch_day_of_week_operator.py for tasks to queue
[2024-09-06T14:22:49.335+0000] {logging_mixin.py:190} INFO - [2024-09-06T14:22:49.334+0000] {dagbag.py:587} INFO - Filling up the DagBag from /home/airflow/.local/lib/python3.12/site-packages/airflow/example_dags/example_branch_day_of_week_operator.py
[2024-09-06T14:22:49.343+0000] {processor.py:925} INFO - DAG(s) 'example_weekday_branch_operator' retrieved from /home/airflow/.local/lib/python3.12/site-packages/airflow/example_dags/example_branch_day_of_week_operator.py
[2024-09-06T14:22:49.361+0000] {logging_mixin.py:190} INFO - [2024-09-06T14:22:49.361+0000] {dag.py:3229} INFO - Sync 1 DAGs
[2024-09-06T14:22:49.381+0000] {logging_mixin.py:190} INFO - [2024-09-06T14:22:49.380+0000] {dag.py:4156} INFO - Setting next_dagrun for example_weekday_branch_operator to 2024-09-05 00:00:00+00:00, run_after=2024-09-06 00:00:00+00:00
[2024-09-06T14:22:49.397+0000] {processor.py:208} INFO - Processing /home/airflow/.local/lib/python3.12/site-packages/airflow/example_dags/example_branch_day_of_week_operator.py took 0.070 seconds
[2024-09-06T14:23:19.596+0000] {processor.py:186} INFO - Started process (PID=239) to work on /home/airflow/.local/lib/python3.12/site-packages/airflow/example_dags/example_branch_day_of_week_operator.py
[2024-09-06T14:23:19.597+0000] {processor.py:914} INFO - Processing file /home/airflow/.local/lib/python3.12/site-packages/airflow/example_dags/example_branch_day_of_week_operator.py for tasks to queue
[2024-09-06T14:23:19.599+0000] {logging_mixin.py:190} INFO - [2024-09-06T14:23:19.599+0000] {dagbag.py:587} INFO - Filling up the DagBag from /home/airflow/.local/lib/python3.12/site-packages/airflow/example_dags/example_branch_day_of_week_operator.py
[2024-09-06T14:23:19.609+0000] {processor.py:925} INFO - DAG(s) 'example_weekday_branch_operator' retrieved from /home/airflow/.local/lib/python3.12/site-packages/airflow/example_dags/example_branch_day_of_week_operator.py
[2024-09-06T14:23:19.628+0000] {logging_mixin.py:190} INFO - [2024-09-06T14:23:19.628+0000] {dag.py:3229} INFO - Sync 1 DAGs
[2024-09-06T14:23:19.658+0000] {logging_mixin.py:190} INFO - [2024-09-06T14:23:19.658+0000] {dag.py:4156} INFO - Setting next_dagrun for example_weekday_branch_operator to 2024-09-05 00:00:00+00:00, run_after=2024-09-06 00:00:00+00:00
[2024-09-06T14:23:19.681+0000] {processor.py:208} INFO - Processing /home/airflow/.local/lib/python3.12/site-packages/airflow/example_dags/example_branch_day_of_week_operator.py took 0.092 seconds
[2024-09-06T14:23:50.098+0000] {processor.py:186} INFO - Started process (PID=301) to work on /home/airflow/.local/lib/python3.12/site-packages/airflow/example_dags/example_branch_day_of_week_operator.py
[2024-09-06T14:23:50.099+0000] {processor.py:914} INFO - Processing file /home/airflow/.local/lib/python3.12/site-packages/airflow/example_dags/example_branch_day_of_week_operator.py for tasks to queue
[2024-09-06T14:23:50.101+0000] {logging_mixin.py:190} INFO - [2024-09-06T14:23:50.101+0000] {dagbag.py:587} INFO - Filling up the DagBag from /home/airflow/.local/lib/python3.12/site-packages/airflow/example_dags/example_branch_day_of_week_operator.py
[2024-09-06T14:23:50.110+0000] {processor.py:925} INFO - DAG(s) 'example_weekday_branch_operator' retrieved from /home/airflow/.local/lib/python3.12/site-packages/airflow/example_dags/example_branch_day_of_week_operator.py
[2024-09-06T14:23:50.127+0000] {logging_mixin.py:190} INFO - [2024-09-06T14:23:50.127+0000] {dag.py:3229} INFO - Sync 1 DAGs
[2024-09-06T14:23:50.148+0000] {logging_mixin.py:190} INFO - [2024-09-06T14:23:50.147+0000] {dag.py:4156} INFO - Setting next_dagrun for example_weekday_branch_operator to 2024-09-05 00:00:00+00:00, run_after=2024-09-06 00:00:00+00:00
[2024-09-06T14:23:50.166+0000] {processor.py:208} INFO - Processing /home/airflow/.local/lib/python3.12/site-packages/airflow/example_dags/example_branch_day_of_week_operator.py took 0.073 seconds
[2024-09-06T14:24:20.487+0000] {processor.py:186} INFO - Started process (PID=363) to work on /home/airflow/.local/lib/python3.12/site-packages/airflow/example_dags/example_branch_day_of_week_operator.py
[2024-09-06T14:24:20.488+0000] {processor.py:914} INFO - Processing file /home/airflow/.local/lib/python3.12/site-packages/airflow/example_dags/example_branch_day_of_week_operator.py for tasks to queue
[2024-09-06T14:24:20.490+0000] {logging_mixin.py:190} INFO - [2024-09-06T14:24:20.490+0000] {dagbag.py:587} INFO - Filling up the DagBag from /home/airflow/.local/lib/python3.12/site-packages/airflow/example_dags/example_branch_day_of_week_operator.py
[2024-09-06T14:24:20.498+0000] {processor.py:925} INFO - DAG(s) 'example_weekday_branch_operator' retrieved from /home/airflow/.local/lib/python3.12/site-packages/airflow/example_dags/example_branch_day_of_week_operator.py
[2024-09-06T14:24:20.515+0000] {logging_mixin.py:190} INFO - [2024-09-06T14:24:20.515+0000] {dag.py:3229} INFO - Sync 1 DAGs
[2024-09-06T14:24:20.535+0000] {logging_mixin.py:190} INFO - [2024-09-06T14:24:20.535+0000] {dag.py:4156} INFO - Setting next_dagrun for example_weekday_branch_operator to 2024-09-05 00:00:00+00:00, run_after=2024-09-06 00:00:00+00:00
[2024-09-06T14:24:20.549+0000] {processor.py:208} INFO - Processing /home/airflow/.local/lib/python3.12/site-packages/airflow/example_dags/example_branch_day_of_week_operator.py took 0.068 seconds
[2024-09-06T14:24:50.823+0000] {processor.py:186} INFO - Started process (PID=425) to work on /home/airflow/.local/lib/python3.12/site-packages/airflow/example_dags/example_branch_day_of_week_operator.py
[2024-09-06T14:24:50.824+0000] {processor.py:914} INFO - Processing file /home/airflow/.local/lib/python3.12/site-packages/airflow/example_dags/example_branch_day_of_week_operator.py for tasks to queue
[2024-09-06T14:24:50.826+0000] {logging_mixin.py:190} INFO - [2024-09-06T14:24:50.826+0000] {dagbag.py:587} INFO - Filling up the DagBag from /home/airflow/.local/lib/python3.12/site-packages/airflow/example_dags/example_branch_day_of_week_operator.py
[2024-09-06T14:24:50.834+0000] {processor.py:925} INFO - DAG(s) 'example_weekday_branch_operator' retrieved from /home/airflow/.local/lib/python3.12/site-packages/airflow/example_dags/example_branch_day_of_week_operator.py
[2024-09-06T14:24:50.852+0000] {logging_mixin.py:190} INFO - [2024-09-06T14:24:50.851+0000] {dag.py:3229} INFO - Sync 1 DAGs
[2024-09-06T14:24:50.870+0000] {logging_mixin.py:190} INFO - [2024-09-06T14:24:50.869+0000] {dag.py:4156} INFO - Setting next_dagrun for example_weekday_branch_operator to 2024-09-05 00:00:00+00:00, run_after=2024-09-06 00:00:00+00:00
[2024-09-06T14:24:50.887+0000] {processor.py:208} INFO - Processing /home/airflow/.local/lib/python3.12/site-packages/airflow/example_dags/example_branch_day_of_week_operator.py took 0.069 seconds
[2024-09-06T14:25:21.227+0000] {processor.py:186} INFO - Started process (PID=488) to work on /home/airflow/.local/lib/python3.12/site-packages/airflow/example_dags/example_branch_day_of_week_operator.py
[2024-09-06T14:25:21.228+0000] {processor.py:914} INFO - Processing file /home/airflow/.local/lib/python3.12/site-packages/airflow/example_dags/example_branch_day_of_week_operator.py for tasks to queue
[2024-09-06T14:25:21.231+0000] {logging_mixin.py:190} INFO - [2024-09-06T14:25:21.230+0000] {dagbag.py:587} INFO - Filling up the DagBag from /home/airflow/.local/lib/python3.12/site-packages/airflow/example_dags/example_branch_day_of_week_operator.py
[2024-09-06T14:25:21.241+0000] {processor.py:925} INFO - DAG(s) 'example_weekday_branch_operator' retrieved from /home/airflow/.local/lib/python3.12/site-packages/airflow/example_dags/example_branch_day_of_week_operator.py
[2024-09-06T14:25:21.258+0000] {logging_mixin.py:190} INFO - [2024-09-06T14:25:21.258+0000] {dag.py:3229} INFO - Sync 1 DAGs
[2024-09-06T14:25:21.277+0000] {logging_mixin.py:190} INFO - [2024-09-06T14:25:21.277+0000] {dag.py:4156} INFO - Setting next_dagrun for example_weekday_branch_operator to 2024-09-05 00:00:00+00:00, run_after=2024-09-06 00:00:00+00:00
[2024-09-06T14:25:21.293+0000] {processor.py:208} INFO - Processing /home/airflow/.local/lib/python3.12/site-packages/airflow/example_dags/example_branch_day_of_week_operator.py took 0.071 seconds
[2024-09-06T14:25:51.437+0000] {processor.py:186} INFO - Started process (PID=549) to work on /home/airflow/.local/lib/python3.12/site-packages/airflow/example_dags/example_branch_day_of_week_operator.py
[2024-09-06T14:25:51.438+0000] {processor.py:914} INFO - Processing file /home/airflow/.local/lib/python3.12/site-packages/airflow/example_dags/example_branch_day_of_week_operator.py for tasks to queue
[2024-09-06T14:25:51.440+0000] {logging_mixin.py:190} INFO - [2024-09-06T14:25:51.440+0000] {dagbag.py:587} INFO - Filling up the DagBag from /home/airflow/.local/lib/python3.12/site-packages/airflow/example_dags/example_branch_day_of_week_operator.py
[2024-09-06T14:25:51.448+0000] {processor.py:925} INFO - DAG(s) 'example_weekday_branch_operator' retrieved from /home/airflow/.local/lib/python3.12/site-packages/airflow/example_dags/example_branch_day_of_week_operator.py
[2024-09-06T14:25:51.464+0000] {logging_mixin.py:190} INFO - [2024-09-06T14:25:51.464+0000] {dag.py:3229} INFO - Sync 1 DAGs
[2024-09-06T14:25:51.483+0000] {logging_mixin.py:190} INFO - [2024-09-06T14:25:51.483+0000] {dag.py:4156} INFO - Setting next_dagrun for example_weekday_branch_operator to 2024-09-05 00:00:00+00:00, run_after=2024-09-06 00:00:00+00:00
[2024-09-06T14:25:51.501+0000] {processor.py:208} INFO - Processing /home/airflow/.local/lib/python3.12/site-packages/airflow/example_dags/example_branch_day_of_week_operator.py took 0.069 seconds
[2024-09-06T14:26:21.727+0000] {processor.py:186} INFO - Started process (PID=611) to work on /home/airflow/.local/lib/python3.12/site-packages/airflow/example_dags/example_branch_day_of_week_operator.py
[2024-09-06T14:26:21.728+0000] {processor.py:914} INFO - Processing file /home/airflow/.local/lib/python3.12/site-packages/airflow/example_dags/example_branch_day_of_week_operator.py for tasks to queue
[2024-09-06T14:26:21.730+0000] {logging_mixin.py:190} INFO - [2024-09-06T14:26:21.730+0000] {dagbag.py:587} INFO - Filling up the DagBag from /home/airflow/.local/lib/python3.12/site-packages/airflow/example_dags/example_branch_day_of_week_operator.py
[2024-09-06T14:26:21.738+0000] {processor.py:925} INFO - DAG(s) 'example_weekday_branch_operator' retrieved from /home/airflow/.local/lib/python3.12/site-packages/airflow/example_dags/example_branch_day_of_week_operator.py
[2024-09-06T14:26:21.756+0000] {logging_mixin.py:190} INFO - [2024-09-06T14:26:21.756+0000] {dag.py:3229} INFO - Sync 1 DAGs
[2024-09-06T14:26:21.777+0000] {logging_mixin.py:190} INFO - [2024-09-06T14:26:21.777+0000] {dag.py:4156} INFO - Setting next_dagrun for example_weekday_branch_operator to 2024-09-05 00:00:00+00:00, run_after=2024-09-06 00:00:00+00:00
[2024-09-06T14:26:21.795+0000] {processor.py:208} INFO - Processing /home/airflow/.local/lib/python3.12/site-packages/airflow/example_dags/example_branch_day_of_week_operator.py took 0.073 seconds
[2024-09-06T14:26:51.954+0000] {processor.py:186} INFO - Started process (PID=673) to work on /home/airflow/.local/lib/python3.12/site-packages/airflow/example_dags/example_branch_day_of_week_operator.py
[2024-09-06T14:26:51.955+0000] {processor.py:914} INFO - Processing file /home/airflow/.local/lib/python3.12/site-packages/airflow/example_dags/example_branch_day_of_week_operator.py for tasks to queue
[2024-09-06T14:26:51.958+0000] {logging_mixin.py:190} INFO - [2024-09-06T14:26:51.957+0000] {dagbag.py:587} INFO - Filling up the DagBag from /home/airflow/.local/lib/python3.12/site-packages/airflow/example_dags/example_branch_day_of_week_operator.py
[2024-09-06T14:26:51.967+0000] {processor.py:925} INFO - DAG(s) 'example_weekday_branch_operator' retrieved from /home/airflow/.local/lib/python3.12/site-packages/airflow/example_dags/example_branch_day_of_week_operator.py
[2024-09-06T14:26:51.986+0000] {logging_mixin.py:190} INFO - [2024-09-06T14:26:51.986+0000] {dag.py:3229} INFO - Sync 1 DAGs
[2024-09-06T14:26:52.007+0000] {logging_mixin.py:190} INFO - [2024-09-06T14:26:52.007+0000] {dag.py:4156} INFO - Setting next_dagrun for example_weekday_branch_operator to 2024-09-05 00:00:00+00:00, run_after=2024-09-06 00:00:00+00:00
[2024-09-06T14:26:52.023+0000] {processor.py:208} INFO - Processing /home/airflow/.local/lib/python3.12/site-packages/airflow/example_dags/example_branch_day_of_week_operator.py took 0.075 seconds
[2024-09-06T14:27:22.224+0000] {processor.py:186} INFO - Started process (PID=735) to work on /home/airflow/.local/lib/python3.12/site-packages/airflow/example_dags/example_branch_day_of_week_operator.py
[2024-09-06T14:27:22.225+0000] {processor.py:914} INFO - Processing file /home/airflow/.local/lib/python3.12/site-packages/airflow/example_dags/example_branch_day_of_week_operator.py for tasks to queue
[2024-09-06T14:27:22.228+0000] {logging_mixin.py:190} INFO - [2024-09-06T14:27:22.227+0000] {dagbag.py:587} INFO - Filling up the DagBag from /home/airflow/.local/lib/python3.12/site-packages/airflow/example_dags/example_branch_day_of_week_operator.py
[2024-09-06T14:27:22.236+0000] {processor.py:925} INFO - DAG(s) 'example_weekday_branch_operator' retrieved from /home/airflow/.local/lib/python3.12/site-packages/airflow/example_dags/example_branch_day_of_week_operator.py
[2024-09-06T14:27:22.253+0000] {logging_mixin.py:190} INFO - [2024-09-06T14:27:22.253+0000] {dag.py:3229} INFO - Sync 1 DAGs
[2024-09-06T14:27:22.276+0000] {logging_mixin.py:190} INFO - [2024-09-06T14:27:22.276+0000] {dag.py:4156} INFO - Setting next_dagrun for example_weekday_branch_operator to 2024-09-05 00:00:00+00:00, run_after=2024-09-06 00:00:00+00:00
[2024-09-06T14:27:22.291+0000] {processor.py:208} INFO - Processing /home/airflow/.local/lib/python3.12/site-packages/airflow/example_dags/example_branch_day_of_week_operator.py took 0.072 seconds
[2024-09-06T14:27:52.497+0000] {processor.py:186} INFO - Started process (PID=797) to work on /home/airflow/.local/lib/python3.12/site-packages/airflow/example_dags/example_branch_day_of_week_operator.py
[2024-09-06T14:27:52.498+0000] {processor.py:914} INFO - Processing file /home/airflow/.local/lib/python3.12/site-packages/airflow/example_dags/example_branch_day_of_week_operator.py for tasks to queue
[2024-09-06T14:27:52.501+0000] {logging_mixin.py:190} INFO - [2024-09-06T14:27:52.500+0000] {dagbag.py:587} INFO - Filling up the DagBag from /home/airflow/.local/lib/python3.12/site-packages/airflow/example_dags/example_branch_day_of_week_operator.py
[2024-09-06T14:27:52.509+0000] {processor.py:925} INFO - DAG(s) 'example_weekday_branch_operator' retrieved from /home/airflow/.local/lib/python3.12/site-packages/airflow/example_dags/example_branch_day_of_week_operator.py
[2024-09-06T14:27:52.526+0000] {logging_mixin.py:190} INFO - [2024-09-06T14:27:52.526+0000] {dag.py:3229} INFO - Sync 1 DAGs
[2024-09-06T14:27:52.547+0000] {logging_mixin.py:190} INFO - [2024-09-06T14:27:52.547+0000] {dag.py:4156} INFO - Setting next_dagrun for example_weekday_branch_operator to 2024-09-05 00:00:00+00:00, run_after=2024-09-06 00:00:00+00:00
[2024-09-06T14:27:52.565+0000] {processor.py:208} INFO - Processing /home/airflow/.local/lib/python3.12/site-packages/airflow/example_dags/example_branch_day_of_week_operator.py took 0.074 seconds
[2024-09-06T14:28:22.808+0000] {processor.py:186} INFO - Started process (PID=859) to work on /home/airflow/.local/lib/python3.12/site-packages/airflow/example_dags/example_branch_day_of_week_operator.py
[2024-09-06T14:28:22.809+0000] {processor.py:914} INFO - Processing file /home/airflow/.local/lib/python3.12/site-packages/airflow/example_dags/example_branch_day_of_week_operator.py for tasks to queue
[2024-09-06T14:28:22.811+0000] {logging_mixin.py:190} INFO - [2024-09-06T14:28:22.811+0000] {dagbag.py:587} INFO - Filling up the DagBag from /home/airflow/.local/lib/python3.12/site-packages/airflow/example_dags/example_branch_day_of_week_operator.py
[2024-09-06T14:28:22.819+0000] {processor.py:925} INFO - DAG(s) 'example_weekday_branch_operator' retrieved from /home/airflow/.local/lib/python3.12/site-packages/airflow/example_dags/example_branch_day_of_week_operator.py
[2024-09-06T14:28:22.840+0000] {logging_mixin.py:190} INFO - [2024-09-06T14:28:22.840+0000] {dag.py:3229} INFO - Sync 1 DAGs
[2024-09-06T14:28:22.858+0000] {logging_mixin.py:190} INFO - [2024-09-06T14:28:22.858+0000] {dag.py:4156} INFO - Setting next_dagrun for example_weekday_branch_operator to 2024-09-05 00:00:00+00:00, run_after=2024-09-06 00:00:00+00:00
[2024-09-06T14:28:22.875+0000] {processor.py:208} INFO - Processing /home/airflow/.local/lib/python3.12/site-packages/airflow/example_dags/example_branch_day_of_week_operator.py took 0.072 seconds
[2024-09-06T14:28:53.023+0000] {processor.py:186} INFO - Started process (PID=921) to work on /home/airflow/.local/lib/python3.12/site-packages/airflow/example_dags/example_branch_day_of_week_operator.py
[2024-09-06T14:28:53.024+0000] {processor.py:914} INFO - Processing file /home/airflow/.local/lib/python3.12/site-packages/airflow/example_dags/example_branch_day_of_week_operator.py for tasks to queue
[2024-09-06T14:28:53.026+0000] {logging_mixin.py:190} INFO - [2024-09-06T14:28:53.025+0000] {dagbag.py:587} INFO - Filling up the DagBag from /home/airflow/.local/lib/python3.12/site-packages/airflow/example_dags/example_branch_day_of_week_operator.py
[2024-09-06T14:28:53.034+0000] {processor.py:925} INFO - DAG(s) 'example_weekday_branch_operator' retrieved from /home/airflow/.local/lib/python3.12/site-packages/airflow/example_dags/example_branch_day_of_week_operator.py
[2024-09-06T14:28:53.053+0000] {logging_mixin.py:190} INFO - [2024-09-06T14:28:53.053+0000] {dag.py:3229} INFO - Sync 1 DAGs
[2024-09-06T14:28:53.073+0000] {logging_mixin.py:190} INFO - [2024-09-06T14:28:53.073+0000] {dag.py:4156} INFO - Setting next_dagrun for example_weekday_branch_operator to 2024-09-05 00:00:00+00:00, run_after=2024-09-06 00:00:00+00:00
[2024-09-06T14:28:53.093+0000] {processor.py:208} INFO - Processing /home/airflow/.local/lib/python3.12/site-packages/airflow/example_dags/example_branch_day_of_week_operator.py took 0.076 seconds
[2024-09-06T14:29:23.950+0000] {processor.py:186} INFO - Started process (PID=983) to work on /home/airflow/.local/lib/python3.12/site-packages/airflow/example_dags/example_branch_day_of_week_operator.py
[2024-09-06T14:29:23.950+0000] {processor.py:914} INFO - Processing file /home/airflow/.local/lib/python3.12/site-packages/airflow/example_dags/example_branch_day_of_week_operator.py for tasks to queue
[2024-09-06T14:29:23.952+0000] {logging_mixin.py:190} INFO - [2024-09-06T14:29:23.952+0000] {dagbag.py:587} INFO - Filling up the DagBag from /home/airflow/.local/lib/python3.12/site-packages/airflow/example_dags/example_branch_day_of_week_operator.py
[2024-09-06T14:29:23.961+0000] {processor.py:925} INFO - DAG(s) 'example_weekday_branch_operator' retrieved from /home/airflow/.local/lib/python3.12/site-packages/airflow/example_dags/example_branch_day_of_week_operator.py
[2024-09-06T14:29:23.978+0000] {logging_mixin.py:190} INFO - [2024-09-06T14:29:23.978+0000] {dag.py:3229} INFO - Sync 1 DAGs
[2024-09-06T14:29:24.001+0000] {logging_mixin.py:190} INFO - [2024-09-06T14:29:24.000+0000] {dag.py:4156} INFO - Setting next_dagrun for example_weekday_branch_operator to 2024-09-05 00:00:00+00:00, run_after=2024-09-06 00:00:00+00:00
[2024-09-06T14:29:24.016+0000] {processor.py:208} INFO - Processing /home/airflow/.local/lib/python3.12/site-packages/airflow/example_dags/example_branch_day_of_week_operator.py took 0.073 seconds
[2024-09-06T14:29:54.866+0000] {processor.py:186} INFO - Started process (PID=1045) to work on /home/airflow/.local/lib/python3.12/site-packages/airflow/example_dags/example_branch_day_of_week_operator.py
[2024-09-06T14:29:54.868+0000] {processor.py:914} INFO - Processing file /home/airflow/.local/lib/python3.12/site-packages/airflow/example_dags/example_branch_day_of_week_operator.py for tasks to queue
[2024-09-06T14:29:54.870+0000] {logging_mixin.py:190} INFO - [2024-09-06T14:29:54.870+0000] {dagbag.py:587} INFO - Filling up the DagBag from /home/airflow/.local/lib/python3.12/site-packages/airflow/example_dags/example_branch_day_of_week_operator.py
[2024-09-06T14:29:54.882+0000] {processor.py:925} INFO - DAG(s) 'example_weekday_branch_operator' retrieved from /home/airflow/.local/lib/python3.12/site-packages/airflow/example_dags/example_branch_day_of_week_operator.py
[2024-09-06T14:29:54.900+0000] {logging_mixin.py:190} INFO - [2024-09-06T14:29:54.900+0000] {dag.py:3229} INFO - Sync 1 DAGs
[2024-09-06T14:29:54.926+0000] {logging_mixin.py:190} INFO - [2024-09-06T14:29:54.926+0000] {dag.py:4156} INFO - Setting next_dagrun for example_weekday_branch_operator to 2024-09-05 00:00:00+00:00, run_after=2024-09-06 00:00:00+00:00
[2024-09-06T14:29:54.945+0000] {processor.py:208} INFO - Processing /home/airflow/.local/lib/python3.12/site-packages/airflow/example_dags/example_branch_day_of_week_operator.py took 0.084 seconds
[2024-09-06T14:30:25.139+0000] {processor.py:186} INFO - Started process (PID=1107) to work on /home/airflow/.local/lib/python3.12/site-packages/airflow/example_dags/example_branch_day_of_week_operator.py
[2024-09-06T14:30:25.140+0000] {processor.py:914} INFO - Processing file /home/airflow/.local/lib/python3.12/site-packages/airflow/example_dags/example_branch_day_of_week_operator.py for tasks to queue
[2024-09-06T14:30:25.142+0000] {logging_mixin.py:190} INFO - [2024-09-06T14:30:25.141+0000] {dagbag.py:587} INFO - Filling up the DagBag from /home/airflow/.local/lib/python3.12/site-packages/airflow/example_dags/example_branch_day_of_week_operator.py
[2024-09-06T14:30:25.149+0000] {processor.py:925} INFO - DAG(s) 'example_weekday_branch_operator' retrieved from /home/airflow/.local/lib/python3.12/site-packages/airflow/example_dags/example_branch_day_of_week_operator.py
[2024-09-06T14:30:25.166+0000] {logging_mixin.py:190} INFO - [2024-09-06T14:30:25.165+0000] {dag.py:3229} INFO - Sync 1 DAGs
[2024-09-06T14:30:25.185+0000] {logging_mixin.py:190} INFO - [2024-09-06T14:30:25.185+0000] {dag.py:4156} INFO - Setting next_dagrun for example_weekday_branch_operator to 2024-09-05 00:00:00+00:00, run_after=2024-09-06 00:00:00+00:00
[2024-09-06T14:30:25.202+0000] {processor.py:208} INFO - Processing /home/airflow/.local/lib/python3.12/site-packages/airflow/example_dags/example_branch_day_of_week_operator.py took 0.068 seconds
[2024-09-06T14:30:55.610+0000] {processor.py:186} INFO - Started process (PID=1169) to work on /home/airflow/.local/lib/python3.12/site-packages/airflow/example_dags/example_branch_day_of_week_operator.py
[2024-09-06T14:30:55.611+0000] {processor.py:914} INFO - Processing file /home/airflow/.local/lib/python3.12/site-packages/airflow/example_dags/example_branch_day_of_week_operator.py for tasks to queue
[2024-09-06T14:30:55.612+0000] {logging_mixin.py:190} INFO - [2024-09-06T14:30:55.612+0000] {dagbag.py:587} INFO - Filling up the DagBag from /home/airflow/.local/lib/python3.12/site-packages/airflow/example_dags/example_branch_day_of_week_operator.py
[2024-09-06T14:30:55.620+0000] {processor.py:925} INFO - DAG(s) 'example_weekday_branch_operator' retrieved from /home/airflow/.local/lib/python3.12/site-packages/airflow/example_dags/example_branch_day_of_week_operator.py
[2024-09-06T14:30:55.636+0000] {logging_mixin.py:190} INFO - [2024-09-06T14:30:55.636+0000] {dag.py:3229} INFO - Sync 1 DAGs
[2024-09-06T14:30:55.654+0000] {logging_mixin.py:190} INFO - [2024-09-06T14:30:55.653+0000] {dag.py:4156} INFO - Setting next_dagrun for example_weekday_branch_operator to 2024-09-05 00:00:00+00:00, run_after=2024-09-06 00:00:00+00:00
[2024-09-06T14:30:55.672+0000] {processor.py:208} INFO - Processing /home/airflow/.local/lib/python3.12/site-packages/airflow/example_dags/example_branch_day_of_week_operator.py took 0.067 seconds
[2024-09-06T14:31:26.327+0000] {processor.py:186} INFO - Started process (PID=1231) to work on /home/airflow/.local/lib/python3.12/site-packages/airflow/example_dags/example_branch_day_of_week_operator.py
[2024-09-06T14:31:26.328+0000] {processor.py:914} INFO - Processing file /home/airflow/.local/lib/python3.12/site-packages/airflow/example_dags/example_branch_day_of_week_operator.py for tasks to queue
[2024-09-06T14:31:26.332+0000] {logging_mixin.py:190} INFO - [2024-09-06T14:31:26.332+0000] {dagbag.py:587} INFO - Filling up the DagBag from /home/airflow/.local/lib/python3.12/site-packages/airflow/example_dags/example_branch_day_of_week_operator.py
[2024-09-06T14:31:26.342+0000] {processor.py:925} INFO - DAG(s) 'example_weekday_branch_operator' retrieved from /home/airflow/.local/lib/python3.12/site-packages/airflow/example_dags/example_branch_day_of_week_operator.py
[2024-09-06T14:31:26.365+0000] {logging_mixin.py:190} INFO - [2024-09-06T14:31:26.365+0000] {dag.py:3229} INFO - Sync 1 DAGs
[2024-09-06T14:31:26.393+0000] {logging_mixin.py:190} INFO - [2024-09-06T14:31:26.392+0000] {dag.py:4156} INFO - Setting next_dagrun for example_weekday_branch_operator to 2024-09-05 00:00:00+00:00, run_after=2024-09-06 00:00:00+00:00
[2024-09-06T14:31:26.411+0000] {processor.py:208} INFO - Processing /home/airflow/.local/lib/python3.12/site-packages/airflow/example_dags/example_branch_day_of_week_operator.py took 0.091 seconds
[2024-09-06T14:31:56.761+0000] {processor.py:186} INFO - Started process (PID=1293) to work on /home/airflow/.local/lib/python3.12/site-packages/airflow/example_dags/example_branch_day_of_week_operator.py
[2024-09-06T14:31:56.762+0000] {processor.py:914} INFO - Processing file /home/airflow/.local/lib/python3.12/site-packages/airflow/example_dags/example_branch_day_of_week_operator.py for tasks to queue
[2024-09-06T14:31:56.764+0000] {logging_mixin.py:190} INFO - [2024-09-06T14:31:56.764+0000] {dagbag.py:587} INFO - Filling up the DagBag from /home/airflow/.local/lib/python3.12/site-packages/airflow/example_dags/example_branch_day_of_week_operator.py
[2024-09-06T14:31:56.772+0000] {processor.py:925} INFO - DAG(s) 'example_weekday_branch_operator' retrieved from /home/airflow/.local/lib/python3.12/site-packages/airflow/example_dags/example_branch_day_of_week_operator.py
[2024-09-06T14:31:56.794+0000] {logging_mixin.py:190} INFO - [2024-09-06T14:31:56.793+0000] {dag.py:3229} INFO - Sync 1 DAGs
[2024-09-06T14:31:56.817+0000] {logging_mixin.py:190} INFO - [2024-09-06T14:31:56.817+0000] {dag.py:4156} INFO - Setting next_dagrun for example_weekday_branch_operator to 2024-09-05 00:00:00+00:00, run_after=2024-09-06 00:00:00+00:00
[2024-09-06T14:31:56.833+0000] {processor.py:208} INFO - Processing /home/airflow/.local/lib/python3.12/site-packages/airflow/example_dags/example_branch_day_of_week_operator.py took 0.079 seconds
[2024-09-06T14:32:27.348+0000] {processor.py:186} INFO - Started process (PID=1355) to work on /home/airflow/.local/lib/python3.12/site-packages/airflow/example_dags/example_branch_day_of_week_operator.py
[2024-09-06T14:32:27.349+0000] {processor.py:914} INFO - Processing file /home/airflow/.local/lib/python3.12/site-packages/airflow/example_dags/example_branch_day_of_week_operator.py for tasks to queue
[2024-09-06T14:32:27.351+0000] {logging_mixin.py:190} INFO - [2024-09-06T14:32:27.350+0000] {dagbag.py:587} INFO - Filling up the DagBag from /home/airflow/.local/lib/python3.12/site-packages/airflow/example_dags/example_branch_day_of_week_operator.py
[2024-09-06T14:32:27.359+0000] {processor.py:925} INFO - DAG(s) 'example_weekday_branch_operator' retrieved from /home/airflow/.local/lib/python3.12/site-packages/airflow/example_dags/example_branch_day_of_week_operator.py
[2024-09-06T14:32:27.377+0000] {logging_mixin.py:190} INFO - [2024-09-06T14:32:27.377+0000] {dag.py:3229} INFO - Sync 1 DAGs
[2024-09-06T14:32:27.396+0000] {logging_mixin.py:190} INFO - [2024-09-06T14:32:27.396+0000] {dag.py:4156} INFO - Setting next_dagrun for example_weekday_branch_operator to 2024-09-05 00:00:00+00:00, run_after=2024-09-06 00:00:00+00:00
[2024-09-06T14:32:27.415+0000] {processor.py:208} INFO - Processing /home/airflow/.local/lib/python3.12/site-packages/airflow/example_dags/example_branch_day_of_week_operator.py took 0.071 seconds
[2024-09-06T14:32:57.862+0000] {processor.py:186} INFO - Started process (PID=1417) to work on /home/airflow/.local/lib/python3.12/site-packages/airflow/example_dags/example_branch_day_of_week_operator.py
[2024-09-06T14:32:57.862+0000] {processor.py:914} INFO - Processing file /home/airflow/.local/lib/python3.12/site-packages/airflow/example_dags/example_branch_day_of_week_operator.py for tasks to queue
[2024-09-06T14:32:57.864+0000] {logging_mixin.py:190} INFO - [2024-09-06T14:32:57.864+0000] {dagbag.py:587} INFO - Filling up the DagBag from /home/airflow/.local/lib/python3.12/site-packages/airflow/example_dags/example_branch_day_of_week_operator.py
[2024-09-06T14:32:57.874+0000] {processor.py:925} INFO - DAG(s) 'example_weekday_branch_operator' retrieved from /home/airflow/.local/lib/python3.12/site-packages/airflow/example_dags/example_branch_day_of_week_operator.py
[2024-09-06T14:32:57.892+0000] {logging_mixin.py:190} INFO - [2024-09-06T14:32:57.892+0000] {dag.py:3229} INFO - Sync 1 DAGs
[2024-09-06T14:32:57.912+0000] {logging_mixin.py:190} INFO - [2024-09-06T14:32:57.912+0000] {dag.py:4156} INFO - Setting next_dagrun for example_weekday_branch_operator to 2024-09-05 00:00:00+00:00, run_after=2024-09-06 00:00:00+00:00
[2024-09-06T14:32:57.932+0000] {processor.py:208} INFO - Processing /home/airflow/.local/lib/python3.12/site-packages/airflow/example_dags/example_branch_day_of_week_operator.py took 0.076 seconds
[2024-09-06T14:33:28.480+0000] {processor.py:186} INFO - Started process (PID=1479) to work on /home/airflow/.local/lib/python3.12/site-packages/airflow/example_dags/example_branch_day_of_week_operator.py
[2024-09-06T14:33:28.481+0000] {processor.py:914} INFO - Processing file /home/airflow/.local/lib/python3.12/site-packages/airflow/example_dags/example_branch_day_of_week_operator.py for tasks to queue
[2024-09-06T14:33:28.484+0000] {logging_mixin.py:190} INFO - [2024-09-06T14:33:28.484+0000] {dagbag.py:587} INFO - Filling up the DagBag from /home/airflow/.local/lib/python3.12/site-packages/airflow/example_dags/example_branch_day_of_week_operator.py
[2024-09-06T14:33:28.495+0000] {processor.py:925} INFO - DAG(s) 'example_weekday_branch_operator' retrieved from /home/airflow/.local/lib/python3.12/site-packages/airflow/example_dags/example_branch_day_of_week_operator.py
[2024-09-06T14:33:28.514+0000] {logging_mixin.py:190} INFO - [2024-09-06T14:33:28.514+0000] {dag.py:3229} INFO - Sync 1 DAGs
[2024-09-06T14:33:28.538+0000] {logging_mixin.py:190} INFO - [2024-09-06T14:33:28.538+0000] {dag.py:4156} INFO - Setting next_dagrun for example_weekday_branch_operator to 2024-09-05 00:00:00+00:00, run_after=2024-09-06 00:00:00+00:00
[2024-09-06T14:33:28.556+0000] {processor.py:208} INFO - Processing /home/airflow/.local/lib/python3.12/site-packages/airflow/example_dags/example_branch_day_of_week_operator.py took 0.083 seconds
