[2024-09-06T14:22:15.197+0000] {processor.py:186} INFO - Started process (PID=94) to work on /home/airflow/.local/lib/python3.12/site-packages/airflow/example_dags/example_trigger_target_dag.py
[2024-09-06T14:22:15.198+0000] {processor.py:914} INFO - Processing file /home/airflow/.local/lib/python3.12/site-packages/airflow/example_dags/example_trigger_target_dag.py for tasks to queue
[2024-09-06T14:22:15.202+0000] {logging_mixin.py:190} INFO - [2024-09-06T14:22:15.202+0000] {dagbag.py:587} INFO - Filling up the DagBag from /home/airflow/.local/lib/python3.12/site-packages/airflow/example_dags/example_trigger_target_dag.py
[2024-09-06T14:22:15.211+0000] {processor.py:925} INFO - DAG(s) 'example_trigger_target_dag' retrieved from /home/airflow/.local/lib/python3.12/site-packages/airflow/example_dags/example_trigger_target_dag.py
[2024-09-06T14:22:15.344+0000] {logging_mixin.py:190} INFO - [2024-09-06T14:22:15.344+0000] {override.py:1900} INFO - Created Permission View: can read on DAG:example_trigger_target_dag
[2024-09-06T14:22:15.358+0000] {logging_mixin.py:190} INFO - [2024-09-06T14:22:15.358+0000] {override.py:1900} INFO - Created Permission View: can delete on DAG:example_trigger_target_dag
[2024-09-06T14:22:15.368+0000] {logging_mixin.py:190} INFO - [2024-09-06T14:22:15.367+0000] {override.py:1900} INFO - Created Permission View: can edit on DAG:example_trigger_target_dag
[2024-09-06T14:22:15.377+0000] {logging_mixin.py:190} INFO - [2024-09-06T14:22:15.377+0000] {override.py:1900} INFO - Created Permission View: can read on DAG Run:example_trigger_target_dag
[2024-09-06T14:22:15.388+0000] {logging_mixin.py:190} INFO - [2024-09-06T14:22:15.387+0000] {override.py:1900} INFO - Created Permission View: can delete on DAG Run:example_trigger_target_dag
[2024-09-06T14:22:15.396+0000] {logging_mixin.py:190} INFO - [2024-09-06T14:22:15.396+0000] {override.py:1900} INFO - Created Permission View: menu access on DAG Run:example_trigger_target_dag
[2024-09-06T14:22:15.407+0000] {logging_mixin.py:190} INFO - [2024-09-06T14:22:15.406+0000] {override.py:1900} INFO - Created Permission View: can create on DAG Run:example_trigger_target_dag
[2024-09-06T14:22:15.408+0000] {logging_mixin.py:190} INFO - [2024-09-06T14:22:15.407+0000] {dag.py:3229} INFO - Sync 1 DAGs
[2024-09-06T14:22:15.425+0000] {logging_mixin.py:190} INFO - [2024-09-06T14:22:15.425+0000] {dag.py:3252} INFO - Creating ORM DAG for example_trigger_target_dag
[2024-09-06T14:22:15.426+0000] {logging_mixin.py:190} INFO - [2024-09-06T14:22:15.426+0000] {dag.py:4156} INFO - Setting next_dagrun for example_trigger_target_dag to None, run_after=None
[2024-09-06T14:22:15.446+0000] {processor.py:208} INFO - Processing /home/airflow/.local/lib/python3.12/site-packages/airflow/example_dags/example_trigger_target_dag.py took 0.257 seconds
[2024-09-06T14:22:45.995+0000] {processor.py:186} INFO - Started process (PID=156) to work on /home/airflow/.local/lib/python3.12/site-packages/airflow/example_dags/example_trigger_target_dag.py
[2024-09-06T14:22:45.996+0000] {processor.py:914} INFO - Processing file /home/airflow/.local/lib/python3.12/site-packages/airflow/example_dags/example_trigger_target_dag.py for tasks to queue
[2024-09-06T14:22:46.002+0000] {logging_mixin.py:190} INFO - [2024-09-06T14:22:46.001+0000] {dagbag.py:587} INFO - Filling up the DagBag from /home/airflow/.local/lib/python3.12/site-packages/airflow/example_dags/example_trigger_target_dag.py
[2024-09-06T14:22:46.012+0000] {processor.py:925} INFO - DAG(s) 'example_trigger_target_dag' retrieved from /home/airflow/.local/lib/python3.12/site-packages/airflow/example_dags/example_trigger_target_dag.py
[2024-09-06T14:22:46.042+0000] {logging_mixin.py:190} INFO - [2024-09-06T14:22:46.041+0000] {dag.py:3229} INFO - Sync 1 DAGs
[2024-09-06T14:22:46.063+0000] {logging_mixin.py:190} INFO - [2024-09-06T14:22:46.063+0000] {dag.py:4156} INFO - Setting next_dagrun for example_trigger_target_dag to None, run_after=None
[2024-09-06T14:22:46.089+0000] {processor.py:208} INFO - Processing /home/airflow/.local/lib/python3.12/site-packages/airflow/example_dags/example_trigger_target_dag.py took 0.101 seconds
[2024-09-06T14:23:16.496+0000] {processor.py:186} INFO - Started process (PID=218) to work on /home/airflow/.local/lib/python3.12/site-packages/airflow/example_dags/example_trigger_target_dag.py
[2024-09-06T14:23:16.497+0000] {processor.py:914} INFO - Processing file /home/airflow/.local/lib/python3.12/site-packages/airflow/example_dags/example_trigger_target_dag.py for tasks to queue
[2024-09-06T14:23:16.499+0000] {logging_mixin.py:190} INFO - [2024-09-06T14:23:16.499+0000] {dagbag.py:587} INFO - Filling up the DagBag from /home/airflow/.local/lib/python3.12/site-packages/airflow/example_dags/example_trigger_target_dag.py
[2024-09-06T14:23:16.506+0000] {processor.py:925} INFO - DAG(s) 'example_trigger_target_dag' retrieved from /home/airflow/.local/lib/python3.12/site-packages/airflow/example_dags/example_trigger_target_dag.py
[2024-09-06T14:23:16.522+0000] {logging_mixin.py:190} INFO - [2024-09-06T14:23:16.522+0000] {dag.py:3229} INFO - Sync 1 DAGs
[2024-09-06T14:23:16.534+0000] {logging_mixin.py:190} INFO - [2024-09-06T14:23:16.534+0000] {dag.py:4156} INFO - Setting next_dagrun for example_trigger_target_dag to None, run_after=None
[2024-09-06T14:23:16.551+0000] {processor.py:208} INFO - Processing /home/airflow/.local/lib/python3.12/site-packages/airflow/example_dags/example_trigger_target_dag.py took 0.059 seconds
[2024-09-06T14:23:46.841+0000] {processor.py:186} INFO - Started process (PID=280) to work on /home/airflow/.local/lib/python3.12/site-packages/airflow/example_dags/example_trigger_target_dag.py
[2024-09-06T14:23:46.842+0000] {processor.py:914} INFO - Processing file /home/airflow/.local/lib/python3.12/site-packages/airflow/example_dags/example_trigger_target_dag.py for tasks to queue
[2024-09-06T14:23:46.844+0000] {logging_mixin.py:190} INFO - [2024-09-06T14:23:46.843+0000] {dagbag.py:587} INFO - Filling up the DagBag from /home/airflow/.local/lib/python3.12/site-packages/airflow/example_dags/example_trigger_target_dag.py
[2024-09-06T14:23:46.850+0000] {processor.py:925} INFO - DAG(s) 'example_trigger_target_dag' retrieved from /home/airflow/.local/lib/python3.12/site-packages/airflow/example_dags/example_trigger_target_dag.py
[2024-09-06T14:23:46.867+0000] {logging_mixin.py:190} INFO - [2024-09-06T14:23:46.867+0000] {dag.py:3229} INFO - Sync 1 DAGs
[2024-09-06T14:23:46.879+0000] {logging_mixin.py:190} INFO - [2024-09-06T14:23:46.878+0000] {dag.py:4156} INFO - Setting next_dagrun for example_trigger_target_dag to None, run_after=None
[2024-09-06T14:23:46.899+0000] {processor.py:208} INFO - Processing /home/airflow/.local/lib/python3.12/site-packages/airflow/example_dags/example_trigger_target_dag.py took 0.063 seconds
[2024-09-06T14:24:17.207+0000] {processor.py:186} INFO - Started process (PID=342) to work on /home/airflow/.local/lib/python3.12/site-packages/airflow/example_dags/example_trigger_target_dag.py
[2024-09-06T14:24:17.208+0000] {processor.py:914} INFO - Processing file /home/airflow/.local/lib/python3.12/site-packages/airflow/example_dags/example_trigger_target_dag.py for tasks to queue
[2024-09-06T14:24:17.212+0000] {logging_mixin.py:190} INFO - [2024-09-06T14:24:17.211+0000] {dagbag.py:587} INFO - Filling up the DagBag from /home/airflow/.local/lib/python3.12/site-packages/airflow/example_dags/example_trigger_target_dag.py
[2024-09-06T14:24:17.221+0000] {processor.py:925} INFO - DAG(s) 'example_trigger_target_dag' retrieved from /home/airflow/.local/lib/python3.12/site-packages/airflow/example_dags/example_trigger_target_dag.py
[2024-09-06T14:24:17.241+0000] {logging_mixin.py:190} INFO - [2024-09-06T14:24:17.240+0000] {dag.py:3229} INFO - Sync 1 DAGs
[2024-09-06T14:24:17.258+0000] {logging_mixin.py:190} INFO - [2024-09-06T14:24:17.257+0000] {dag.py:4156} INFO - Setting next_dagrun for example_trigger_target_dag to None, run_after=None
[2024-09-06T14:24:17.283+0000] {processor.py:208} INFO - Processing /home/airflow/.local/lib/python3.12/site-packages/airflow/example_dags/example_trigger_target_dag.py took 0.081 seconds
[2024-09-06T14:24:47.559+0000] {processor.py:186} INFO - Started process (PID=404) to work on /home/airflow/.local/lib/python3.12/site-packages/airflow/example_dags/example_trigger_target_dag.py
[2024-09-06T14:24:47.560+0000] {processor.py:914} INFO - Processing file /home/airflow/.local/lib/python3.12/site-packages/airflow/example_dags/example_trigger_target_dag.py for tasks to queue
[2024-09-06T14:24:47.563+0000] {logging_mixin.py:190} INFO - [2024-09-06T14:24:47.563+0000] {dagbag.py:587} INFO - Filling up the DagBag from /home/airflow/.local/lib/python3.12/site-packages/airflow/example_dags/example_trigger_target_dag.py
[2024-09-06T14:24:47.576+0000] {processor.py:925} INFO - DAG(s) 'example_trigger_target_dag' retrieved from /home/airflow/.local/lib/python3.12/site-packages/airflow/example_dags/example_trigger_target_dag.py
[2024-09-06T14:24:47.596+0000] {logging_mixin.py:190} INFO - [2024-09-06T14:24:47.595+0000] {dag.py:3229} INFO - Sync 1 DAGs
[2024-09-06T14:24:47.614+0000] {logging_mixin.py:190} INFO - [2024-09-06T14:24:47.614+0000] {dag.py:4156} INFO - Setting next_dagrun for example_trigger_target_dag to None, run_after=None
[2024-09-06T14:24:47.631+0000] {processor.py:208} INFO - Processing /home/airflow/.local/lib/python3.12/site-packages/airflow/example_dags/example_trigger_target_dag.py took 0.092 seconds
[2024-09-06T14:25:17.836+0000] {processor.py:186} INFO - Started process (PID=467) to work on /home/airflow/.local/lib/python3.12/site-packages/airflow/example_dags/example_trigger_target_dag.py
[2024-09-06T14:25:17.837+0000] {processor.py:914} INFO - Processing file /home/airflow/.local/lib/python3.12/site-packages/airflow/example_dags/example_trigger_target_dag.py for tasks to queue
[2024-09-06T14:25:17.839+0000] {logging_mixin.py:190} INFO - [2024-09-06T14:25:17.839+0000] {dagbag.py:587} INFO - Filling up the DagBag from /home/airflow/.local/lib/python3.12/site-packages/airflow/example_dags/example_trigger_target_dag.py
[2024-09-06T14:25:17.845+0000] {processor.py:925} INFO - DAG(s) 'example_trigger_target_dag' retrieved from /home/airflow/.local/lib/python3.12/site-packages/airflow/example_dags/example_trigger_target_dag.py
[2024-09-06T14:25:17.861+0000] {logging_mixin.py:190} INFO - [2024-09-06T14:25:17.861+0000] {dag.py:3229} INFO - Sync 1 DAGs
[2024-09-06T14:25:17.873+0000] {logging_mixin.py:190} INFO - [2024-09-06T14:25:17.873+0000] {dag.py:4156} INFO - Setting next_dagrun for example_trigger_target_dag to None, run_after=None
[2024-09-06T14:25:17.892+0000] {processor.py:208} INFO - Processing /home/airflow/.local/lib/python3.12/site-packages/airflow/example_dags/example_trigger_target_dag.py took 0.062 seconds
[2024-09-06T14:25:48.192+0000] {processor.py:186} INFO - Started process (PID=528) to work on /home/airflow/.local/lib/python3.12/site-packages/airflow/example_dags/example_trigger_target_dag.py
[2024-09-06T14:25:48.193+0000] {processor.py:914} INFO - Processing file /home/airflow/.local/lib/python3.12/site-packages/airflow/example_dags/example_trigger_target_dag.py for tasks to queue
[2024-09-06T14:25:48.195+0000] {logging_mixin.py:190} INFO - [2024-09-06T14:25:48.195+0000] {dagbag.py:587} INFO - Filling up the DagBag from /home/airflow/.local/lib/python3.12/site-packages/airflow/example_dags/example_trigger_target_dag.py
[2024-09-06T14:25:48.202+0000] {processor.py:925} INFO - DAG(s) 'example_trigger_target_dag' retrieved from /home/airflow/.local/lib/python3.12/site-packages/airflow/example_dags/example_trigger_target_dag.py
[2024-09-06T14:25:48.222+0000] {logging_mixin.py:190} INFO - [2024-09-06T14:25:48.221+0000] {dag.py:3229} INFO - Sync 1 DAGs
[2024-09-06T14:25:48.238+0000] {logging_mixin.py:190} INFO - [2024-09-06T14:25:48.238+0000] {dag.py:4156} INFO - Setting next_dagrun for example_trigger_target_dag to None, run_after=None
[2024-09-06T14:25:48.261+0000] {processor.py:208} INFO - Processing /home/airflow/.local/lib/python3.12/site-packages/airflow/example_dags/example_trigger_target_dag.py took 0.074 seconds
[2024-09-06T14:26:18.410+0000] {processor.py:186} INFO - Started process (PID=590) to work on /home/airflow/.local/lib/python3.12/site-packages/airflow/example_dags/example_trigger_target_dag.py
[2024-09-06T14:26:18.411+0000] {processor.py:914} INFO - Processing file /home/airflow/.local/lib/python3.12/site-packages/airflow/example_dags/example_trigger_target_dag.py for tasks to queue
[2024-09-06T14:26:18.413+0000] {logging_mixin.py:190} INFO - [2024-09-06T14:26:18.413+0000] {dagbag.py:587} INFO - Filling up the DagBag from /home/airflow/.local/lib/python3.12/site-packages/airflow/example_dags/example_trigger_target_dag.py
[2024-09-06T14:26:18.419+0000] {processor.py:925} INFO - DAG(s) 'example_trigger_target_dag' retrieved from /home/airflow/.local/lib/python3.12/site-packages/airflow/example_dags/example_trigger_target_dag.py
[2024-09-06T14:26:18.436+0000] {logging_mixin.py:190} INFO - [2024-09-06T14:26:18.436+0000] {dag.py:3229} INFO - Sync 1 DAGs
[2024-09-06T14:26:18.448+0000] {logging_mixin.py:190} INFO - [2024-09-06T14:26:18.447+0000] {dag.py:4156} INFO - Setting next_dagrun for example_trigger_target_dag to None, run_after=None
[2024-09-06T14:26:18.465+0000] {processor.py:208} INFO - Processing /home/airflow/.local/lib/python3.12/site-packages/airflow/example_dags/example_trigger_target_dag.py took 0.060 seconds
[2024-09-06T14:26:48.673+0000] {processor.py:186} INFO - Started process (PID=652) to work on /home/airflow/.local/lib/python3.12/site-packages/airflow/example_dags/example_trigger_target_dag.py
[2024-09-06T14:26:48.674+0000] {processor.py:914} INFO - Processing file /home/airflow/.local/lib/python3.12/site-packages/airflow/example_dags/example_trigger_target_dag.py for tasks to queue
[2024-09-06T14:26:48.676+0000] {logging_mixin.py:190} INFO - [2024-09-06T14:26:48.676+0000] {dagbag.py:587} INFO - Filling up the DagBag from /home/airflow/.local/lib/python3.12/site-packages/airflow/example_dags/example_trigger_target_dag.py
[2024-09-06T14:26:48.683+0000] {processor.py:925} INFO - DAG(s) 'example_trigger_target_dag' retrieved from /home/airflow/.local/lib/python3.12/site-packages/airflow/example_dags/example_trigger_target_dag.py
[2024-09-06T14:26:48.700+0000] {logging_mixin.py:190} INFO - [2024-09-06T14:26:48.700+0000] {dag.py:3229} INFO - Sync 1 DAGs
[2024-09-06T14:26:48.714+0000] {logging_mixin.py:190} INFO - [2024-09-06T14:26:48.714+0000] {dag.py:4156} INFO - Setting next_dagrun for example_trigger_target_dag to None, run_after=None
[2024-09-06T14:26:48.735+0000] {processor.py:208} INFO - Processing /home/airflow/.local/lib/python3.12/site-packages/airflow/example_dags/example_trigger_target_dag.py took 0.067 seconds
[2024-09-06T14:27:18.977+0000] {processor.py:186} INFO - Started process (PID=714) to work on /home/airflow/.local/lib/python3.12/site-packages/airflow/example_dags/example_trigger_target_dag.py
[2024-09-06T14:27:18.978+0000] {processor.py:914} INFO - Processing file /home/airflow/.local/lib/python3.12/site-packages/airflow/example_dags/example_trigger_target_dag.py for tasks to queue
[2024-09-06T14:27:18.981+0000] {logging_mixin.py:190} INFO - [2024-09-06T14:27:18.981+0000] {dagbag.py:587} INFO - Filling up the DagBag from /home/airflow/.local/lib/python3.12/site-packages/airflow/example_dags/example_trigger_target_dag.py
[2024-09-06T14:27:18.989+0000] {processor.py:925} INFO - DAG(s) 'example_trigger_target_dag' retrieved from /home/airflow/.local/lib/python3.12/site-packages/airflow/example_dags/example_trigger_target_dag.py
[2024-09-06T14:27:19.008+0000] {logging_mixin.py:190} INFO - [2024-09-06T14:27:19.008+0000] {dag.py:3229} INFO - Sync 1 DAGs
[2024-09-06T14:27:19.021+0000] {logging_mixin.py:190} INFO - [2024-09-06T14:27:19.021+0000] {dag.py:4156} INFO - Setting next_dagrun for example_trigger_target_dag to None, run_after=None
[2024-09-06T14:27:19.037+0000] {processor.py:208} INFO - Processing /home/airflow/.local/lib/python3.12/site-packages/airflow/example_dags/example_trigger_target_dag.py took 0.066 seconds
[2024-09-06T14:27:49.184+0000] {processor.py:186} INFO - Started process (PID=776) to work on /home/airflow/.local/lib/python3.12/site-packages/airflow/example_dags/example_trigger_target_dag.py
[2024-09-06T14:27:49.185+0000] {processor.py:914} INFO - Processing file /home/airflow/.local/lib/python3.12/site-packages/airflow/example_dags/example_trigger_target_dag.py for tasks to queue
[2024-09-06T14:27:49.187+0000] {logging_mixin.py:190} INFO - [2024-09-06T14:27:49.187+0000] {dagbag.py:587} INFO - Filling up the DagBag from /home/airflow/.local/lib/python3.12/site-packages/airflow/example_dags/example_trigger_target_dag.py
[2024-09-06T14:27:49.194+0000] {processor.py:925} INFO - DAG(s) 'example_trigger_target_dag' retrieved from /home/airflow/.local/lib/python3.12/site-packages/airflow/example_dags/example_trigger_target_dag.py
[2024-09-06T14:27:49.211+0000] {logging_mixin.py:190} INFO - [2024-09-06T14:27:49.211+0000] {dag.py:3229} INFO - Sync 1 DAGs
[2024-09-06T14:27:49.223+0000] {logging_mixin.py:190} INFO - [2024-09-06T14:27:49.223+0000] {dag.py:4156} INFO - Setting next_dagrun for example_trigger_target_dag to None, run_after=None
[2024-09-06T14:27:49.242+0000] {processor.py:208} INFO - Processing /home/airflow/.local/lib/python3.12/site-packages/airflow/example_dags/example_trigger_target_dag.py took 0.063 seconds
[2024-09-06T14:28:19.378+0000] {processor.py:186} INFO - Started process (PID=838) to work on /home/airflow/.local/lib/python3.12/site-packages/airflow/example_dags/example_trigger_target_dag.py
[2024-09-06T14:28:19.379+0000] {processor.py:914} INFO - Processing file /home/airflow/.local/lib/python3.12/site-packages/airflow/example_dags/example_trigger_target_dag.py for tasks to queue
[2024-09-06T14:28:19.381+0000] {logging_mixin.py:190} INFO - [2024-09-06T14:28:19.380+0000] {dagbag.py:587} INFO - Filling up the DagBag from /home/airflow/.local/lib/python3.12/site-packages/airflow/example_dags/example_trigger_target_dag.py
[2024-09-06T14:28:19.387+0000] {processor.py:925} INFO - DAG(s) 'example_trigger_target_dag' retrieved from /home/airflow/.local/lib/python3.12/site-packages/airflow/example_dags/example_trigger_target_dag.py
[2024-09-06T14:28:19.404+0000] {logging_mixin.py:190} INFO - [2024-09-06T14:28:19.404+0000] {dag.py:3229} INFO - Sync 1 DAGs
[2024-09-06T14:28:19.420+0000] {logging_mixin.py:190} INFO - [2024-09-06T14:28:19.420+0000] {dag.py:4156} INFO - Setting next_dagrun for example_trigger_target_dag to None, run_after=None
[2024-09-06T14:28:19.441+0000] {processor.py:208} INFO - Processing /home/airflow/.local/lib/python3.12/site-packages/airflow/example_dags/example_trigger_target_dag.py took 0.068 seconds
[2024-09-06T14:28:49.564+0000] {processor.py:186} INFO - Started process (PID=899) to work on /home/airflow/.local/lib/python3.12/site-packages/airflow/example_dags/example_trigger_target_dag.py
[2024-09-06T14:28:49.565+0000] {processor.py:914} INFO - Processing file /home/airflow/.local/lib/python3.12/site-packages/airflow/example_dags/example_trigger_target_dag.py for tasks to queue
[2024-09-06T14:28:49.568+0000] {logging_mixin.py:190} INFO - [2024-09-06T14:28:49.567+0000] {dagbag.py:587} INFO - Filling up the DagBag from /home/airflow/.local/lib/python3.12/site-packages/airflow/example_dags/example_trigger_target_dag.py
[2024-09-06T14:28:49.577+0000] {processor.py:925} INFO - DAG(s) 'example_trigger_target_dag' retrieved from /home/airflow/.local/lib/python3.12/site-packages/airflow/example_dags/example_trigger_target_dag.py
[2024-09-06T14:28:49.596+0000] {logging_mixin.py:190} INFO - [2024-09-06T14:28:49.596+0000] {dag.py:3229} INFO - Sync 1 DAGs
[2024-09-06T14:28:49.608+0000] {logging_mixin.py:190} INFO - [2024-09-06T14:28:49.608+0000] {dag.py:4156} INFO - Setting next_dagrun for example_trigger_target_dag to None, run_after=None
[2024-09-06T14:28:49.625+0000] {processor.py:208} INFO - Processing /home/airflow/.local/lib/python3.12/site-packages/airflow/example_dags/example_trigger_target_dag.py took 0.068 seconds
[2024-09-06T14:29:19.726+0000] {processor.py:186} INFO - Started process (PID=961) to work on /home/airflow/.local/lib/python3.12/site-packages/airflow/example_dags/example_trigger_target_dag.py
[2024-09-06T14:29:19.727+0000] {processor.py:914} INFO - Processing file /home/airflow/.local/lib/python3.12/site-packages/airflow/example_dags/example_trigger_target_dag.py for tasks to queue
[2024-09-06T14:29:19.729+0000] {logging_mixin.py:190} INFO - [2024-09-06T14:29:19.729+0000] {dagbag.py:587} INFO - Filling up the DagBag from /home/airflow/.local/lib/python3.12/site-packages/airflow/example_dags/example_trigger_target_dag.py
[2024-09-06T14:29:19.736+0000] {processor.py:925} INFO - DAG(s) 'example_trigger_target_dag' retrieved from /home/airflow/.local/lib/python3.12/site-packages/airflow/example_dags/example_trigger_target_dag.py
[2024-09-06T14:29:19.753+0000] {logging_mixin.py:190} INFO - [2024-09-06T14:29:19.753+0000] {dag.py:3229} INFO - Sync 1 DAGs
[2024-09-06T14:29:19.768+0000] {logging_mixin.py:190} INFO - [2024-09-06T14:29:19.768+0000] {dag.py:4156} INFO - Setting next_dagrun for example_trigger_target_dag to None, run_after=None
[2024-09-06T14:29:19.784+0000] {processor.py:208} INFO - Processing /home/airflow/.local/lib/python3.12/site-packages/airflow/example_dags/example_trigger_target_dag.py took 0.064 seconds
[2024-09-06T14:29:50.588+0000] {processor.py:186} INFO - Started process (PID=1023) to work on /home/airflow/.local/lib/python3.12/site-packages/airflow/example_dags/example_trigger_target_dag.py
[2024-09-06T14:29:50.589+0000] {processor.py:914} INFO - Processing file /home/airflow/.local/lib/python3.12/site-packages/airflow/example_dags/example_trigger_target_dag.py for tasks to queue
[2024-09-06T14:29:50.591+0000] {logging_mixin.py:190} INFO - [2024-09-06T14:29:50.591+0000] {dagbag.py:587} INFO - Filling up the DagBag from /home/airflow/.local/lib/python3.12/site-packages/airflow/example_dags/example_trigger_target_dag.py
[2024-09-06T14:29:50.597+0000] {processor.py:925} INFO - DAG(s) 'example_trigger_target_dag' retrieved from /home/airflow/.local/lib/python3.12/site-packages/airflow/example_dags/example_trigger_target_dag.py
[2024-09-06T14:29:50.613+0000] {logging_mixin.py:190} INFO - [2024-09-06T14:29:50.613+0000] {dag.py:3229} INFO - Sync 1 DAGs
[2024-09-06T14:29:50.626+0000] {logging_mixin.py:190} INFO - [2024-09-06T14:29:50.626+0000] {dag.py:4156} INFO - Setting next_dagrun for example_trigger_target_dag to None, run_after=None
[2024-09-06T14:29:50.643+0000] {processor.py:208} INFO - Processing /home/airflow/.local/lib/python3.12/site-packages/airflow/example_dags/example_trigger_target_dag.py took 0.059 seconds
[2024-09-06T14:30:20.794+0000] {processor.py:186} INFO - Started process (PID=1085) to work on /home/airflow/.local/lib/python3.12/site-packages/airflow/example_dags/example_trigger_target_dag.py
[2024-09-06T14:30:20.795+0000] {processor.py:914} INFO - Processing file /home/airflow/.local/lib/python3.12/site-packages/airflow/example_dags/example_trigger_target_dag.py for tasks to queue
[2024-09-06T14:30:20.797+0000] {logging_mixin.py:190} INFO - [2024-09-06T14:30:20.797+0000] {dagbag.py:587} INFO - Filling up the DagBag from /home/airflow/.local/lib/python3.12/site-packages/airflow/example_dags/example_trigger_target_dag.py
[2024-09-06T14:30:20.803+0000] {processor.py:925} INFO - DAG(s) 'example_trigger_target_dag' retrieved from /home/airflow/.local/lib/python3.12/site-packages/airflow/example_dags/example_trigger_target_dag.py
[2024-09-06T14:30:20.819+0000] {logging_mixin.py:190} INFO - [2024-09-06T14:30:20.819+0000] {dag.py:3229} INFO - Sync 1 DAGs
[2024-09-06T14:30:20.835+0000] {logging_mixin.py:190} INFO - [2024-09-06T14:30:20.834+0000] {dag.py:4156} INFO - Setting next_dagrun for example_trigger_target_dag to None, run_after=None
[2024-09-06T14:30:20.850+0000] {processor.py:208} INFO - Processing /home/airflow/.local/lib/python3.12/site-packages/airflow/example_dags/example_trigger_target_dag.py took 0.061 seconds
[2024-09-06T14:30:50.979+0000] {processor.py:186} INFO - Started process (PID=1147) to work on /home/airflow/.local/lib/python3.12/site-packages/airflow/example_dags/example_trigger_target_dag.py
[2024-09-06T14:30:50.980+0000] {processor.py:914} INFO - Processing file /home/airflow/.local/lib/python3.12/site-packages/airflow/example_dags/example_trigger_target_dag.py for tasks to queue
[2024-09-06T14:30:50.982+0000] {logging_mixin.py:190} INFO - [2024-09-06T14:30:50.982+0000] {dagbag.py:587} INFO - Filling up the DagBag from /home/airflow/.local/lib/python3.12/site-packages/airflow/example_dags/example_trigger_target_dag.py
[2024-09-06T14:30:50.989+0000] {processor.py:925} INFO - DAG(s) 'example_trigger_target_dag' retrieved from /home/airflow/.local/lib/python3.12/site-packages/airflow/example_dags/example_trigger_target_dag.py
[2024-09-06T14:30:51.006+0000] {logging_mixin.py:190} INFO - [2024-09-06T14:30:51.006+0000] {dag.py:3229} INFO - Sync 1 DAGs
[2024-09-06T14:30:51.019+0000] {logging_mixin.py:190} INFO - [2024-09-06T14:30:51.018+0000] {dag.py:4156} INFO - Setting next_dagrun for example_trigger_target_dag to None, run_after=None
[2024-09-06T14:30:51.036+0000] {processor.py:208} INFO - Processing /home/airflow/.local/lib/python3.12/site-packages/airflow/example_dags/example_trigger_target_dag.py took 0.063 seconds
[2024-09-06T14:31:21.722+0000] {processor.py:186} INFO - Started process (PID=1209) to work on /home/airflow/.local/lib/python3.12/site-packages/airflow/example_dags/example_trigger_target_dag.py
[2024-09-06T14:31:21.723+0000] {processor.py:914} INFO - Processing file /home/airflow/.local/lib/python3.12/site-packages/airflow/example_dags/example_trigger_target_dag.py for tasks to queue
[2024-09-06T14:31:21.727+0000] {logging_mixin.py:190} INFO - [2024-09-06T14:31:21.726+0000] {dagbag.py:587} INFO - Filling up the DagBag from /home/airflow/.local/lib/python3.12/site-packages/airflow/example_dags/example_trigger_target_dag.py
[2024-09-06T14:31:21.736+0000] {processor.py:925} INFO - DAG(s) 'example_trigger_target_dag' retrieved from /home/airflow/.local/lib/python3.12/site-packages/airflow/example_dags/example_trigger_target_dag.py
[2024-09-06T14:31:21.761+0000] {logging_mixin.py:190} INFO - [2024-09-06T14:31:21.761+0000] {dag.py:3229} INFO - Sync 1 DAGs
[2024-09-06T14:31:21.778+0000] {logging_mixin.py:190} INFO - [2024-09-06T14:31:21.778+0000] {dag.py:4156} INFO - Setting next_dagrun for example_trigger_target_dag to None, run_after=None
[2024-09-06T14:31:21.802+0000] {processor.py:208} INFO - Processing /home/airflow/.local/lib/python3.12/site-packages/airflow/example_dags/example_trigger_target_dag.py took 0.087 seconds
[2024-09-06T14:31:52.326+0000] {processor.py:186} INFO - Started process (PID=1271) to work on /home/airflow/.local/lib/python3.12/site-packages/airflow/example_dags/example_trigger_target_dag.py
[2024-09-06T14:31:52.327+0000] {processor.py:914} INFO - Processing file /home/airflow/.local/lib/python3.12/site-packages/airflow/example_dags/example_trigger_target_dag.py for tasks to queue
[2024-09-06T14:31:52.330+0000] {logging_mixin.py:190} INFO - [2024-09-06T14:31:52.329+0000] {dagbag.py:587} INFO - Filling up the DagBag from /home/airflow/.local/lib/python3.12/site-packages/airflow/example_dags/example_trigger_target_dag.py
[2024-09-06T14:31:52.339+0000] {processor.py:925} INFO - DAG(s) 'example_trigger_target_dag' retrieved from /home/airflow/.local/lib/python3.12/site-packages/airflow/example_dags/example_trigger_target_dag.py
[2024-09-06T14:31:52.360+0000] {logging_mixin.py:190} INFO - [2024-09-06T14:31:52.360+0000] {dag.py:3229} INFO - Sync 1 DAGs
[2024-09-06T14:31:52.376+0000] {logging_mixin.py:190} INFO - [2024-09-06T14:31:52.376+0000] {dag.py:4156} INFO - Setting next_dagrun for example_trigger_target_dag to None, run_after=None
[2024-09-06T14:31:52.397+0000] {processor.py:208} INFO - Processing /home/airflow/.local/lib/python3.12/site-packages/airflow/example_dags/example_trigger_target_dag.py took 0.076 seconds
[2024-09-06T14:32:22.854+0000] {processor.py:186} INFO - Started process (PID=1333) to work on /home/airflow/.local/lib/python3.12/site-packages/airflow/example_dags/example_trigger_target_dag.py
[2024-09-06T14:32:22.855+0000] {processor.py:914} INFO - Processing file /home/airflow/.local/lib/python3.12/site-packages/airflow/example_dags/example_trigger_target_dag.py for tasks to queue
[2024-09-06T14:32:22.857+0000] {logging_mixin.py:190} INFO - [2024-09-06T14:32:22.857+0000] {dagbag.py:587} INFO - Filling up the DagBag from /home/airflow/.local/lib/python3.12/site-packages/airflow/example_dags/example_trigger_target_dag.py
[2024-09-06T14:32:22.864+0000] {processor.py:925} INFO - DAG(s) 'example_trigger_target_dag' retrieved from /home/airflow/.local/lib/python3.12/site-packages/airflow/example_dags/example_trigger_target_dag.py
[2024-09-06T14:32:22.885+0000] {logging_mixin.py:190} INFO - [2024-09-06T14:32:22.885+0000] {dag.py:3229} INFO - Sync 1 DAGs
[2024-09-06T14:32:22.899+0000] {logging_mixin.py:190} INFO - [2024-09-06T14:32:22.899+0000] {dag.py:4156} INFO - Setting next_dagrun for example_trigger_target_dag to None, run_after=None
[2024-09-06T14:32:22.921+0000] {processor.py:208} INFO - Processing /home/airflow/.local/lib/python3.12/site-packages/airflow/example_dags/example_trigger_target_dag.py took 0.072 seconds
[2024-09-06T14:32:53.406+0000] {processor.py:186} INFO - Started process (PID=1395) to work on /home/airflow/.local/lib/python3.12/site-packages/airflow/example_dags/example_trigger_target_dag.py
[2024-09-06T14:32:53.407+0000] {processor.py:914} INFO - Processing file /home/airflow/.local/lib/python3.12/site-packages/airflow/example_dags/example_trigger_target_dag.py for tasks to queue
[2024-09-06T14:32:53.409+0000] {logging_mixin.py:190} INFO - [2024-09-06T14:32:53.409+0000] {dagbag.py:587} INFO - Filling up the DagBag from /home/airflow/.local/lib/python3.12/site-packages/airflow/example_dags/example_trigger_target_dag.py
[2024-09-06T14:32:53.419+0000] {processor.py:925} INFO - DAG(s) 'example_trigger_target_dag' retrieved from /home/airflow/.local/lib/python3.12/site-packages/airflow/example_dags/example_trigger_target_dag.py
[2024-09-06T14:32:53.439+0000] {logging_mixin.py:190} INFO - [2024-09-06T14:32:53.439+0000] {dag.py:3229} INFO - Sync 1 DAGs
[2024-09-06T14:32:53.453+0000] {logging_mixin.py:190} INFO - [2024-09-06T14:32:53.453+0000] {dag.py:4156} INFO - Setting next_dagrun for example_trigger_target_dag to None, run_after=None
[2024-09-06T14:32:53.468+0000] {processor.py:208} INFO - Processing /home/airflow/.local/lib/python3.12/site-packages/airflow/example_dags/example_trigger_target_dag.py took 0.068 seconds
[2024-09-06T14:33:23.943+0000] {processor.py:186} INFO - Started process (PID=1457) to work on /home/airflow/.local/lib/python3.12/site-packages/airflow/example_dags/example_trigger_target_dag.py
[2024-09-06T14:33:23.944+0000] {processor.py:914} INFO - Processing file /home/airflow/.local/lib/python3.12/site-packages/airflow/example_dags/example_trigger_target_dag.py for tasks to queue
[2024-09-06T14:33:23.946+0000] {logging_mixin.py:190} INFO - [2024-09-06T14:33:23.945+0000] {dagbag.py:587} INFO - Filling up the DagBag from /home/airflow/.local/lib/python3.12/site-packages/airflow/example_dags/example_trigger_target_dag.py
[2024-09-06T14:33:23.953+0000] {processor.py:925} INFO - DAG(s) 'example_trigger_target_dag' retrieved from /home/airflow/.local/lib/python3.12/site-packages/airflow/example_dags/example_trigger_target_dag.py
[2024-09-06T14:33:23.969+0000] {logging_mixin.py:190} INFO - [2024-09-06T14:33:23.969+0000] {dag.py:3229} INFO - Sync 1 DAGs
[2024-09-06T14:33:23.983+0000] {logging_mixin.py:190} INFO - [2024-09-06T14:33:23.982+0000] {dag.py:4156} INFO - Setting next_dagrun for example_trigger_target_dag to None, run_after=None
[2024-09-06T14:33:23.999+0000] {processor.py:208} INFO - Processing /home/airflow/.local/lib/python3.12/site-packages/airflow/example_dags/example_trigger_target_dag.py took 0.061 seconds
