[2024-09-06T14:22:15.054+0000] {processor.py:186} INFO - Started process (PID=93) to work on /home/airflow/.local/lib/python3.12/site-packages/airflow/example_dags/example_external_task_marker_dag.py
[2024-09-06T14:22:15.055+0000] {processor.py:914} INFO - Processing file /home/airflow/.local/lib/python3.12/site-packages/airflow/example_dags/example_external_task_marker_dag.py for tasks to queue
[2024-09-06T14:22:15.057+0000] {logging_mixin.py:190} INFO - [2024-09-06T14:22:15.057+0000] {dagbag.py:587} INFO - Filling up the DagBag from /home/airflow/.local/lib/python3.12/site-packages/airflow/example_dags/example_external_task_marker_dag.py
[2024-09-06T14:22:15.067+0000] {processor.py:925} INFO - DAG(s) 'example_external_task_marker_parent', 'example_external_task_marker_child' retrieved from /home/airflow/.local/lib/python3.12/site-packages/airflow/example_dags/example_external_task_marker_dag.py
[2024-09-06T14:22:15.188+0000] {logging_mixin.py:190} INFO - [2024-09-06T14:22:15.188+0000] {override.py:1900} INFO - Created Permission View: can read on DAG:example_external_task_marker_parent
[2024-09-06T14:22:15.199+0000] {logging_mixin.py:190} INFO - [2024-09-06T14:22:15.198+0000] {override.py:1900} INFO - Created Permission View: can delete on DAG:example_external_task_marker_parent
[2024-09-06T14:22:15.208+0000] {logging_mixin.py:190} INFO - [2024-09-06T14:22:15.207+0000] {override.py:1900} INFO - Created Permission View: can edit on DAG:example_external_task_marker_parent
[2024-09-06T14:22:15.216+0000] {logging_mixin.py:190} INFO - [2024-09-06T14:22:15.216+0000] {override.py:1900} INFO - Created Permission View: can read on DAG Run:example_external_task_marker_parent
[2024-09-06T14:22:15.225+0000] {logging_mixin.py:190} INFO - [2024-09-06T14:22:15.225+0000] {override.py:1900} INFO - Created Permission View: can delete on DAG Run:example_external_task_marker_parent
[2024-09-06T14:22:15.236+0000] {logging_mixin.py:190} INFO - [2024-09-06T14:22:15.235+0000] {override.py:1900} INFO - Created Permission View: menu access on DAG Run:example_external_task_marker_parent
[2024-09-06T14:22:15.250+0000] {logging_mixin.py:190} INFO - [2024-09-06T14:22:15.249+0000] {override.py:1900} INFO - Created Permission View: can create on DAG Run:example_external_task_marker_parent
[2024-09-06T14:22:15.271+0000] {logging_mixin.py:190} INFO - [2024-09-06T14:22:15.271+0000] {override.py:1900} INFO - Created Permission View: can read on DAG:example_external_task_marker_child
[2024-09-06T14:22:15.283+0000] {logging_mixin.py:190} INFO - [2024-09-06T14:22:15.283+0000] {override.py:1900} INFO - Created Permission View: can delete on DAG:example_external_task_marker_child
[2024-09-06T14:22:15.291+0000] {logging_mixin.py:190} INFO - [2024-09-06T14:22:15.291+0000] {override.py:1900} INFO - Created Permission View: can edit on DAG:example_external_task_marker_child
[2024-09-06T14:22:15.303+0000] {logging_mixin.py:190} INFO - [2024-09-06T14:22:15.302+0000] {override.py:1900} INFO - Created Permission View: can read on DAG Run:example_external_task_marker_child
[2024-09-06T14:22:15.312+0000] {logging_mixin.py:190} INFO - [2024-09-06T14:22:15.311+0000] {override.py:1900} INFO - Created Permission View: can delete on DAG Run:example_external_task_marker_child
[2024-09-06T14:22:15.322+0000] {logging_mixin.py:190} INFO - [2024-09-06T14:22:15.321+0000] {override.py:1900} INFO - Created Permission View: menu access on DAG Run:example_external_task_marker_child
[2024-09-06T14:22:15.331+0000] {logging_mixin.py:190} INFO - [2024-09-06T14:22:15.331+0000] {override.py:1900} INFO - Created Permission View: can create on DAG Run:example_external_task_marker_child
[2024-09-06T14:22:15.332+0000] {logging_mixin.py:190} INFO - [2024-09-06T14:22:15.332+0000] {dag.py:3229} INFO - Sync 2 DAGs
[2024-09-06T14:22:15.348+0000] {logging_mixin.py:190} INFO - [2024-09-06T14:22:15.348+0000] {dag.py:3252} INFO - Creating ORM DAG for example_external_task_marker_parent
[2024-09-06T14:22:15.350+0000] {logging_mixin.py:190} INFO - [2024-09-06T14:22:15.349+0000] {dag.py:3252} INFO - Creating ORM DAG for example_external_task_marker_child
[2024-09-06T14:22:15.351+0000] {logging_mixin.py:190} INFO - [2024-09-06T14:22:15.351+0000] {dag.py:4156} INFO - Setting next_dagrun for example_external_task_marker_child to None, run_after=None
[2024-09-06T14:22:15.352+0000] {logging_mixin.py:190} INFO - [2024-09-06T14:22:15.352+0000] {dag.py:4156} INFO - Setting next_dagrun for example_external_task_marker_parent to None, run_after=None
[2024-09-06T14:22:15.375+0000] {processor.py:208} INFO - Processing /home/airflow/.local/lib/python3.12/site-packages/airflow/example_dags/example_external_task_marker_dag.py took 0.329 seconds
[2024-09-06T14:22:45.991+0000] {processor.py:186} INFO - Started process (PID=155) to work on /home/airflow/.local/lib/python3.12/site-packages/airflow/example_dags/example_external_task_marker_dag.py
[2024-09-06T14:22:45.992+0000] {processor.py:914} INFO - Processing file /home/airflow/.local/lib/python3.12/site-packages/airflow/example_dags/example_external_task_marker_dag.py for tasks to queue
[2024-09-06T14:22:45.995+0000] {logging_mixin.py:190} INFO - [2024-09-06T14:22:45.994+0000] {dagbag.py:587} INFO - Filling up the DagBag from /home/airflow/.local/lib/python3.12/site-packages/airflow/example_dags/example_external_task_marker_dag.py
[2024-09-06T14:22:46.008+0000] {processor.py:925} INFO - DAG(s) 'example_external_task_marker_parent', 'example_external_task_marker_child' retrieved from /home/airflow/.local/lib/python3.12/site-packages/airflow/example_dags/example_external_task_marker_dag.py
[2024-09-06T14:22:46.043+0000] {logging_mixin.py:190} INFO - [2024-09-06T14:22:46.042+0000] {dag.py:3229} INFO - Sync 2 DAGs
[2024-09-06T14:22:46.064+0000] {logging_mixin.py:190} INFO - [2024-09-06T14:22:46.064+0000] {dag.py:4156} INFO - Setting next_dagrun for example_external_task_marker_child to None, run_after=None
[2024-09-06T14:22:46.069+0000] {logging_mixin.py:190} INFO - [2024-09-06T14:22:46.069+0000] {dag.py:4156} INFO - Setting next_dagrun for example_external_task_marker_parent to None, run_after=None
[2024-09-06T14:22:46.092+0000] {processor.py:208} INFO - Processing /home/airflow/.local/lib/python3.12/site-packages/airflow/example_dags/example_external_task_marker_dag.py took 0.106 seconds
[2024-09-06T14:23:16.436+0000] {processor.py:186} INFO - Started process (PID=217) to work on /home/airflow/.local/lib/python3.12/site-packages/airflow/example_dags/example_external_task_marker_dag.py
[2024-09-06T14:23:16.437+0000] {processor.py:914} INFO - Processing file /home/airflow/.local/lib/python3.12/site-packages/airflow/example_dags/example_external_task_marker_dag.py for tasks to queue
[2024-09-06T14:23:16.439+0000] {logging_mixin.py:190} INFO - [2024-09-06T14:23:16.438+0000] {dagbag.py:587} INFO - Filling up the DagBag from /home/airflow/.local/lib/python3.12/site-packages/airflow/example_dags/example_external_task_marker_dag.py
[2024-09-06T14:23:16.445+0000] {processor.py:925} INFO - DAG(s) 'example_external_task_marker_child', 'example_external_task_marker_parent' retrieved from /home/airflow/.local/lib/python3.12/site-packages/airflow/example_dags/example_external_task_marker_dag.py
[2024-09-06T14:23:16.463+0000] {logging_mixin.py:190} INFO - [2024-09-06T14:23:16.463+0000] {dag.py:3229} INFO - Sync 2 DAGs
[2024-09-06T14:23:16.475+0000] {logging_mixin.py:190} INFO - [2024-09-06T14:23:16.475+0000] {dag.py:4156} INFO - Setting next_dagrun for example_external_task_marker_child to None, run_after=None
[2024-09-06T14:23:16.480+0000] {logging_mixin.py:190} INFO - [2024-09-06T14:23:16.480+0000] {dag.py:4156} INFO - Setting next_dagrun for example_external_task_marker_parent to None, run_after=None
[2024-09-06T14:23:16.495+0000] {processor.py:208} INFO - Processing /home/airflow/.local/lib/python3.12/site-packages/airflow/example_dags/example_external_task_marker_dag.py took 0.064 seconds
[2024-09-06T14:23:46.841+0000] {processor.py:186} INFO - Started process (PID=279) to work on /home/airflow/.local/lib/python3.12/site-packages/airflow/example_dags/example_external_task_marker_dag.py
[2024-09-06T14:23:46.842+0000] {processor.py:914} INFO - Processing file /home/airflow/.local/lib/python3.12/site-packages/airflow/example_dags/example_external_task_marker_dag.py for tasks to queue
[2024-09-06T14:23:46.844+0000] {logging_mixin.py:190} INFO - [2024-09-06T14:23:46.843+0000] {dagbag.py:587} INFO - Filling up the DagBag from /home/airflow/.local/lib/python3.12/site-packages/airflow/example_dags/example_external_task_marker_dag.py
[2024-09-06T14:23:46.850+0000] {processor.py:925} INFO - DAG(s) 'example_external_task_marker_child', 'example_external_task_marker_parent' retrieved from /home/airflow/.local/lib/python3.12/site-packages/airflow/example_dags/example_external_task_marker_dag.py
[2024-09-06T14:23:46.870+0000] {logging_mixin.py:190} INFO - [2024-09-06T14:23:46.869+0000] {dag.py:3229} INFO - Sync 2 DAGs
[2024-09-06T14:23:46.882+0000] {logging_mixin.py:190} INFO - [2024-09-06T14:23:46.882+0000] {dag.py:4156} INFO - Setting next_dagrun for example_external_task_marker_child to None, run_after=None
[2024-09-06T14:23:46.885+0000] {logging_mixin.py:190} INFO - [2024-09-06T14:23:46.885+0000] {dag.py:4156} INFO - Setting next_dagrun for example_external_task_marker_parent to None, run_after=None
[2024-09-06T14:23:46.900+0000] {processor.py:208} INFO - Processing /home/airflow/.local/lib/python3.12/site-packages/airflow/example_dags/example_external_task_marker_dag.py took 0.064 seconds
[2024-09-06T14:24:17.205+0000] {processor.py:186} INFO - Started process (PID=341) to work on /home/airflow/.local/lib/python3.12/site-packages/airflow/example_dags/example_external_task_marker_dag.py
[2024-09-06T14:24:17.206+0000] {processor.py:914} INFO - Processing file /home/airflow/.local/lib/python3.12/site-packages/airflow/example_dags/example_external_task_marker_dag.py for tasks to queue
[2024-09-06T14:24:17.208+0000] {logging_mixin.py:190} INFO - [2024-09-06T14:24:17.208+0000] {dagbag.py:587} INFO - Filling up the DagBag from /home/airflow/.local/lib/python3.12/site-packages/airflow/example_dags/example_external_task_marker_dag.py
[2024-09-06T14:24:17.219+0000] {processor.py:925} INFO - DAG(s) 'example_external_task_marker_child', 'example_external_task_marker_parent' retrieved from /home/airflow/.local/lib/python3.12/site-packages/airflow/example_dags/example_external_task_marker_dag.py
[2024-09-06T14:24:17.246+0000] {logging_mixin.py:190} INFO - [2024-09-06T14:24:17.245+0000] {dag.py:3229} INFO - Sync 2 DAGs
[2024-09-06T14:24:17.262+0000] {logging_mixin.py:190} INFO - [2024-09-06T14:24:17.262+0000] {dag.py:4156} INFO - Setting next_dagrun for example_external_task_marker_child to None, run_after=None
[2024-09-06T14:24:17.268+0000] {logging_mixin.py:190} INFO - [2024-09-06T14:24:17.268+0000] {dag.py:4156} INFO - Setting next_dagrun for example_external_task_marker_parent to None, run_after=None
[2024-09-06T14:24:17.286+0000] {processor.py:208} INFO - Processing /home/airflow/.local/lib/python3.12/site-packages/airflow/example_dags/example_external_task_marker_dag.py took 0.089 seconds
[2024-09-06T14:24:47.565+0000] {processor.py:186} INFO - Started process (PID=403) to work on /home/airflow/.local/lib/python3.12/site-packages/airflow/example_dags/example_external_task_marker_dag.py
[2024-09-06T14:24:47.567+0000] {processor.py:914} INFO - Processing file /home/airflow/.local/lib/python3.12/site-packages/airflow/example_dags/example_external_task_marker_dag.py for tasks to queue
[2024-09-06T14:24:47.570+0000] {logging_mixin.py:190} INFO - [2024-09-06T14:24:47.569+0000] {dagbag.py:587} INFO - Filling up the DagBag from /home/airflow/.local/lib/python3.12/site-packages/airflow/example_dags/example_external_task_marker_dag.py
[2024-09-06T14:24:47.579+0000] {processor.py:925} INFO - DAG(s) 'example_external_task_marker_parent', 'example_external_task_marker_child' retrieved from /home/airflow/.local/lib/python3.12/site-packages/airflow/example_dags/example_external_task_marker_dag.py
[2024-09-06T14:24:47.606+0000] {logging_mixin.py:190} INFO - [2024-09-06T14:24:47.606+0000] {dag.py:3229} INFO - Sync 2 DAGs
[2024-09-06T14:24:47.622+0000] {logging_mixin.py:190} INFO - [2024-09-06T14:24:47.621+0000] {dag.py:4156} INFO - Setting next_dagrun for example_external_task_marker_child to None, run_after=None
[2024-09-06T14:24:47.626+0000] {logging_mixin.py:190} INFO - [2024-09-06T14:24:47.625+0000] {dag.py:4156} INFO - Setting next_dagrun for example_external_task_marker_parent to None, run_after=None
[2024-09-06T14:24:47.641+0000] {processor.py:208} INFO - Processing /home/airflow/.local/lib/python3.12/site-packages/airflow/example_dags/example_external_task_marker_dag.py took 0.101 seconds
[2024-09-06T14:25:17.836+0000] {processor.py:186} INFO - Started process (PID=466) to work on /home/airflow/.local/lib/python3.12/site-packages/airflow/example_dags/example_external_task_marker_dag.py
[2024-09-06T14:25:17.837+0000] {processor.py:914} INFO - Processing file /home/airflow/.local/lib/python3.12/site-packages/airflow/example_dags/example_external_task_marker_dag.py for tasks to queue
[2024-09-06T14:25:17.839+0000] {logging_mixin.py:190} INFO - [2024-09-06T14:25:17.839+0000] {dagbag.py:587} INFO - Filling up the DagBag from /home/airflow/.local/lib/python3.12/site-packages/airflow/example_dags/example_external_task_marker_dag.py
[2024-09-06T14:25:17.845+0000] {processor.py:925} INFO - DAG(s) 'example_external_task_marker_parent', 'example_external_task_marker_child' retrieved from /home/airflow/.local/lib/python3.12/site-packages/airflow/example_dags/example_external_task_marker_dag.py
[2024-09-06T14:25:17.865+0000] {logging_mixin.py:190} INFO - [2024-09-06T14:25:17.865+0000] {dag.py:3229} INFO - Sync 2 DAGs
[2024-09-06T14:25:17.877+0000] {logging_mixin.py:190} INFO - [2024-09-06T14:25:17.876+0000] {dag.py:4156} INFO - Setting next_dagrun for example_external_task_marker_child to None, run_after=None
[2024-09-06T14:25:17.880+0000] {logging_mixin.py:190} INFO - [2024-09-06T14:25:17.880+0000] {dag.py:4156} INFO - Setting next_dagrun for example_external_task_marker_parent to None, run_after=None
[2024-09-06T14:25:17.897+0000] {processor.py:208} INFO - Processing /home/airflow/.local/lib/python3.12/site-packages/airflow/example_dags/example_external_task_marker_dag.py took 0.067 seconds
[2024-09-06T14:25:48.192+0000] {processor.py:186} INFO - Started process (PID=527) to work on /home/airflow/.local/lib/python3.12/site-packages/airflow/example_dags/example_external_task_marker_dag.py
[2024-09-06T14:25:48.193+0000] {processor.py:914} INFO - Processing file /home/airflow/.local/lib/python3.12/site-packages/airflow/example_dags/example_external_task_marker_dag.py for tasks to queue
[2024-09-06T14:25:48.196+0000] {logging_mixin.py:190} INFO - [2024-09-06T14:25:48.195+0000] {dagbag.py:587} INFO - Filling up the DagBag from /home/airflow/.local/lib/python3.12/site-packages/airflow/example_dags/example_external_task_marker_dag.py
[2024-09-06T14:25:48.204+0000] {processor.py:925} INFO - DAG(s) 'example_external_task_marker_child', 'example_external_task_marker_parent' retrieved from /home/airflow/.local/lib/python3.12/site-packages/airflow/example_dags/example_external_task_marker_dag.py
[2024-09-06T14:25:48.227+0000] {logging_mixin.py:190} INFO - [2024-09-06T14:25:48.226+0000] {dag.py:3229} INFO - Sync 2 DAGs
[2024-09-06T14:25:48.243+0000] {logging_mixin.py:190} INFO - [2024-09-06T14:25:48.243+0000] {dag.py:4156} INFO - Setting next_dagrun for example_external_task_marker_child to None, run_after=None
[2024-09-06T14:25:48.247+0000] {logging_mixin.py:190} INFO - [2024-09-06T14:25:48.247+0000] {dag.py:4156} INFO - Setting next_dagrun for example_external_task_marker_parent to None, run_after=None
[2024-09-06T14:25:48.272+0000] {processor.py:208} INFO - Processing /home/airflow/.local/lib/python3.12/site-packages/airflow/example_dags/example_external_task_marker_dag.py took 0.086 seconds
[2024-09-06T14:26:18.410+0000] {processor.py:186} INFO - Started process (PID=589) to work on /home/airflow/.local/lib/python3.12/site-packages/airflow/example_dags/example_external_task_marker_dag.py
[2024-09-06T14:26:18.411+0000] {processor.py:914} INFO - Processing file /home/airflow/.local/lib/python3.12/site-packages/airflow/example_dags/example_external_task_marker_dag.py for tasks to queue
[2024-09-06T14:26:18.413+0000] {logging_mixin.py:190} INFO - [2024-09-06T14:26:18.413+0000] {dagbag.py:587} INFO - Filling up the DagBag from /home/airflow/.local/lib/python3.12/site-packages/airflow/example_dags/example_external_task_marker_dag.py
[2024-09-06T14:26:18.419+0000] {processor.py:925} INFO - DAG(s) 'example_external_task_marker_parent', 'example_external_task_marker_child' retrieved from /home/airflow/.local/lib/python3.12/site-packages/airflow/example_dags/example_external_task_marker_dag.py
[2024-09-06T14:26:18.440+0000] {logging_mixin.py:190} INFO - [2024-09-06T14:26:18.440+0000] {dag.py:3229} INFO - Sync 2 DAGs
[2024-09-06T14:26:18.451+0000] {logging_mixin.py:190} INFO - [2024-09-06T14:26:18.451+0000] {dag.py:4156} INFO - Setting next_dagrun for example_external_task_marker_child to None, run_after=None
[2024-09-06T14:26:18.455+0000] {logging_mixin.py:190} INFO - [2024-09-06T14:26:18.455+0000] {dag.py:4156} INFO - Setting next_dagrun for example_external_task_marker_parent to None, run_after=None
[2024-09-06T14:26:18.470+0000] {processor.py:208} INFO - Processing /home/airflow/.local/lib/python3.12/site-packages/airflow/example_dags/example_external_task_marker_dag.py took 0.065 seconds
[2024-09-06T14:26:48.671+0000] {processor.py:186} INFO - Started process (PID=651) to work on /home/airflow/.local/lib/python3.12/site-packages/airflow/example_dags/example_external_task_marker_dag.py
[2024-09-06T14:26:48.672+0000] {processor.py:914} INFO - Processing file /home/airflow/.local/lib/python3.12/site-packages/airflow/example_dags/example_external_task_marker_dag.py for tasks to queue
[2024-09-06T14:26:48.674+0000] {logging_mixin.py:190} INFO - [2024-09-06T14:26:48.674+0000] {dagbag.py:587} INFO - Filling up the DagBag from /home/airflow/.local/lib/python3.12/site-packages/airflow/example_dags/example_external_task_marker_dag.py
[2024-09-06T14:26:48.682+0000] {processor.py:925} INFO - DAG(s) 'example_external_task_marker_parent', 'example_external_task_marker_child' retrieved from /home/airflow/.local/lib/python3.12/site-packages/airflow/example_dags/example_external_task_marker_dag.py
[2024-09-06T14:26:48.703+0000] {logging_mixin.py:190} INFO - [2024-09-06T14:26:48.703+0000] {dag.py:3229} INFO - Sync 2 DAGs
[2024-09-06T14:26:48.720+0000] {logging_mixin.py:190} INFO - [2024-09-06T14:26:48.720+0000] {dag.py:4156} INFO - Setting next_dagrun for example_external_task_marker_child to None, run_after=None
[2024-09-06T14:26:48.725+0000] {logging_mixin.py:190} INFO - [2024-09-06T14:26:48.724+0000] {dag.py:4156} INFO - Setting next_dagrun for example_external_task_marker_parent to None, run_after=None
[2024-09-06T14:26:48.743+0000] {processor.py:208} INFO - Processing /home/airflow/.local/lib/python3.12/site-packages/airflow/example_dags/example_external_task_marker_dag.py took 0.077 seconds
[2024-09-06T14:27:18.906+0000] {processor.py:186} INFO - Started process (PID=713) to work on /home/airflow/.local/lib/python3.12/site-packages/airflow/example_dags/example_external_task_marker_dag.py
[2024-09-06T14:27:18.907+0000] {processor.py:914} INFO - Processing file /home/airflow/.local/lib/python3.12/site-packages/airflow/example_dags/example_external_task_marker_dag.py for tasks to queue
[2024-09-06T14:27:18.909+0000] {logging_mixin.py:190} INFO - [2024-09-06T14:27:18.909+0000] {dagbag.py:587} INFO - Filling up the DagBag from /home/airflow/.local/lib/python3.12/site-packages/airflow/example_dags/example_external_task_marker_dag.py
[2024-09-06T14:27:18.916+0000] {processor.py:925} INFO - DAG(s) 'example_external_task_marker_parent', 'example_external_task_marker_child' retrieved from /home/airflow/.local/lib/python3.12/site-packages/airflow/example_dags/example_external_task_marker_dag.py
[2024-09-06T14:27:18.940+0000] {logging_mixin.py:190} INFO - [2024-09-06T14:27:18.940+0000] {dag.py:3229} INFO - Sync 2 DAGs
[2024-09-06T14:27:18.957+0000] {logging_mixin.py:190} INFO - [2024-09-06T14:27:18.956+0000] {dag.py:4156} INFO - Setting next_dagrun for example_external_task_marker_child to None, run_after=None
[2024-09-06T14:27:18.962+0000] {logging_mixin.py:190} INFO - [2024-09-06T14:27:18.962+0000] {dag.py:4156} INFO - Setting next_dagrun for example_external_task_marker_parent to None, run_after=None
[2024-09-06T14:27:18.982+0000] {processor.py:208} INFO - Processing /home/airflow/.local/lib/python3.12/site-packages/airflow/example_dags/example_external_task_marker_dag.py took 0.082 seconds
[2024-09-06T14:27:49.085+0000] {processor.py:186} INFO - Started process (PID=775) to work on /home/airflow/.local/lib/python3.12/site-packages/airflow/example_dags/example_external_task_marker_dag.py
[2024-09-06T14:27:49.086+0000] {processor.py:914} INFO - Processing file /home/airflow/.local/lib/python3.12/site-packages/airflow/example_dags/example_external_task_marker_dag.py for tasks to queue
[2024-09-06T14:27:49.088+0000] {logging_mixin.py:190} INFO - [2024-09-06T14:27:49.088+0000] {dagbag.py:587} INFO - Filling up the DagBag from /home/airflow/.local/lib/python3.12/site-packages/airflow/example_dags/example_external_task_marker_dag.py
[2024-09-06T14:27:49.094+0000] {processor.py:925} INFO - DAG(s) 'example_external_task_marker_child', 'example_external_task_marker_parent' retrieved from /home/airflow/.local/lib/python3.12/site-packages/airflow/example_dags/example_external_task_marker_dag.py
[2024-09-06T14:27:49.115+0000] {logging_mixin.py:190} INFO - [2024-09-06T14:27:49.115+0000] {dag.py:3229} INFO - Sync 2 DAGs
[2024-09-06T14:27:49.128+0000] {logging_mixin.py:190} INFO - [2024-09-06T14:27:49.128+0000] {dag.py:4156} INFO - Setting next_dagrun for example_external_task_marker_child to None, run_after=None
[2024-09-06T14:27:49.132+0000] {logging_mixin.py:190} INFO - [2024-09-06T14:27:49.132+0000] {dag.py:4156} INFO - Setting next_dagrun for example_external_task_marker_parent to None, run_after=None
[2024-09-06T14:27:49.152+0000] {processor.py:208} INFO - Processing /home/airflow/.local/lib/python3.12/site-packages/airflow/example_dags/example_external_task_marker_dag.py took 0.072 seconds
[2024-09-06T14:28:19.283+0000] {processor.py:186} INFO - Started process (PID=837) to work on /home/airflow/.local/lib/python3.12/site-packages/airflow/example_dags/example_external_task_marker_dag.py
[2024-09-06T14:28:19.284+0000] {processor.py:914} INFO - Processing file /home/airflow/.local/lib/python3.12/site-packages/airflow/example_dags/example_external_task_marker_dag.py for tasks to queue
[2024-09-06T14:28:19.287+0000] {logging_mixin.py:190} INFO - [2024-09-06T14:28:19.286+0000] {dagbag.py:587} INFO - Filling up the DagBag from /home/airflow/.local/lib/python3.12/site-packages/airflow/example_dags/example_external_task_marker_dag.py
[2024-09-06T14:28:19.296+0000] {processor.py:925} INFO - DAG(s) 'example_external_task_marker_parent', 'example_external_task_marker_child' retrieved from /home/airflow/.local/lib/python3.12/site-packages/airflow/example_dags/example_external_task_marker_dag.py
[2024-09-06T14:28:19.319+0000] {logging_mixin.py:190} INFO - [2024-09-06T14:28:19.319+0000] {dag.py:3229} INFO - Sync 2 DAGs
[2024-09-06T14:28:19.331+0000] {logging_mixin.py:190} INFO - [2024-09-06T14:28:19.331+0000] {dag.py:4156} INFO - Setting next_dagrun for example_external_task_marker_child to None, run_after=None
[2024-09-06T14:28:19.335+0000] {logging_mixin.py:190} INFO - [2024-09-06T14:28:19.334+0000] {dag.py:4156} INFO - Setting next_dagrun for example_external_task_marker_parent to None, run_after=None
[2024-09-06T14:28:19.350+0000] {processor.py:208} INFO - Processing /home/airflow/.local/lib/python3.12/site-packages/airflow/example_dags/example_external_task_marker_dag.py took 0.073 seconds
[2024-09-06T14:28:49.562+0000] {processor.py:186} INFO - Started process (PID=898) to work on /home/airflow/.local/lib/python3.12/site-packages/airflow/example_dags/example_external_task_marker_dag.py
[2024-09-06T14:28:49.563+0000] {processor.py:914} INFO - Processing file /home/airflow/.local/lib/python3.12/site-packages/airflow/example_dags/example_external_task_marker_dag.py for tasks to queue
[2024-09-06T14:28:49.565+0000] {logging_mixin.py:190} INFO - [2024-09-06T14:28:49.565+0000] {dagbag.py:587} INFO - Filling up the DagBag from /home/airflow/.local/lib/python3.12/site-packages/airflow/example_dags/example_external_task_marker_dag.py
[2024-09-06T14:28:49.572+0000] {processor.py:925} INFO - DAG(s) 'example_external_task_marker_child', 'example_external_task_marker_parent' retrieved from /home/airflow/.local/lib/python3.12/site-packages/airflow/example_dags/example_external_task_marker_dag.py
[2024-09-06T14:28:49.596+0000] {logging_mixin.py:190} INFO - [2024-09-06T14:28:49.596+0000] {dag.py:3229} INFO - Sync 2 DAGs
[2024-09-06T14:28:49.609+0000] {logging_mixin.py:190} INFO - [2024-09-06T14:28:49.608+0000] {dag.py:4156} INFO - Setting next_dagrun for example_external_task_marker_child to None, run_after=None
[2024-09-06T14:28:49.612+0000] {logging_mixin.py:190} INFO - [2024-09-06T14:28:49.612+0000] {dag.py:4156} INFO - Setting next_dagrun for example_external_task_marker_parent to None, run_after=None
[2024-09-06T14:28:49.626+0000] {processor.py:208} INFO - Processing /home/airflow/.local/lib/python3.12/site-packages/airflow/example_dags/example_external_task_marker_dag.py took 0.070 seconds
[2024-09-06T14:29:19.725+0000] {processor.py:186} INFO - Started process (PID=960) to work on /home/airflow/.local/lib/python3.12/site-packages/airflow/example_dags/example_external_task_marker_dag.py
[2024-09-06T14:29:19.726+0000] {processor.py:914} INFO - Processing file /home/airflow/.local/lib/python3.12/site-packages/airflow/example_dags/example_external_task_marker_dag.py for tasks to queue
[2024-09-06T14:29:19.728+0000] {logging_mixin.py:190} INFO - [2024-09-06T14:29:19.728+0000] {dagbag.py:587} INFO - Filling up the DagBag from /home/airflow/.local/lib/python3.12/site-packages/airflow/example_dags/example_external_task_marker_dag.py
[2024-09-06T14:29:19.735+0000] {processor.py:925} INFO - DAG(s) 'example_external_task_marker_child', 'example_external_task_marker_parent' retrieved from /home/airflow/.local/lib/python3.12/site-packages/airflow/example_dags/example_external_task_marker_dag.py
[2024-09-06T14:29:19.758+0000] {logging_mixin.py:190} INFO - [2024-09-06T14:29:19.757+0000] {dag.py:3229} INFO - Sync 2 DAGs
[2024-09-06T14:29:19.771+0000] {logging_mixin.py:190} INFO - [2024-09-06T14:29:19.771+0000] {dag.py:4156} INFO - Setting next_dagrun for example_external_task_marker_child to None, run_after=None
[2024-09-06T14:29:19.774+0000] {logging_mixin.py:190} INFO - [2024-09-06T14:29:19.774+0000] {dag.py:4156} INFO - Setting next_dagrun for example_external_task_marker_parent to None, run_after=None
[2024-09-06T14:29:19.787+0000] {processor.py:208} INFO - Processing /home/airflow/.local/lib/python3.12/site-packages/airflow/example_dags/example_external_task_marker_dag.py took 0.069 seconds
[2024-09-06T14:29:50.587+0000] {processor.py:186} INFO - Started process (PID=1022) to work on /home/airflow/.local/lib/python3.12/site-packages/airflow/example_dags/example_external_task_marker_dag.py
[2024-09-06T14:29:50.588+0000] {processor.py:914} INFO - Processing file /home/airflow/.local/lib/python3.12/site-packages/airflow/example_dags/example_external_task_marker_dag.py for tasks to queue
[2024-09-06T14:29:50.590+0000] {logging_mixin.py:190} INFO - [2024-09-06T14:29:50.590+0000] {dagbag.py:587} INFO - Filling up the DagBag from /home/airflow/.local/lib/python3.12/site-packages/airflow/example_dags/example_external_task_marker_dag.py
[2024-09-06T14:29:50.597+0000] {processor.py:925} INFO - DAG(s) 'example_external_task_marker_child', 'example_external_task_marker_parent' retrieved from /home/airflow/.local/lib/python3.12/site-packages/airflow/example_dags/example_external_task_marker_dag.py
[2024-09-06T14:29:50.618+0000] {logging_mixin.py:190} INFO - [2024-09-06T14:29:50.618+0000] {dag.py:3229} INFO - Sync 2 DAGs
[2024-09-06T14:29:50.632+0000] {logging_mixin.py:190} INFO - [2024-09-06T14:29:50.631+0000] {dag.py:4156} INFO - Setting next_dagrun for example_external_task_marker_child to None, run_after=None
[2024-09-06T14:29:50.635+0000] {logging_mixin.py:190} INFO - [2024-09-06T14:29:50.635+0000] {dag.py:4156} INFO - Setting next_dagrun for example_external_task_marker_parent to None, run_after=None
[2024-09-06T14:29:50.649+0000] {processor.py:208} INFO - Processing /home/airflow/.local/lib/python3.12/site-packages/airflow/example_dags/example_external_task_marker_dag.py took 0.068 seconds
[2024-09-06T14:30:20.791+0000] {processor.py:186} INFO - Started process (PID=1084) to work on /home/airflow/.local/lib/python3.12/site-packages/airflow/example_dags/example_external_task_marker_dag.py
[2024-09-06T14:30:20.792+0000] {processor.py:914} INFO - Processing file /home/airflow/.local/lib/python3.12/site-packages/airflow/example_dags/example_external_task_marker_dag.py for tasks to queue
[2024-09-06T14:30:20.795+0000] {logging_mixin.py:190} INFO - [2024-09-06T14:30:20.794+0000] {dagbag.py:587} INFO - Filling up the DagBag from /home/airflow/.local/lib/python3.12/site-packages/airflow/example_dags/example_external_task_marker_dag.py
[2024-09-06T14:30:20.802+0000] {processor.py:925} INFO - DAG(s) 'example_external_task_marker_child', 'example_external_task_marker_parent' retrieved from /home/airflow/.local/lib/python3.12/site-packages/airflow/example_dags/example_external_task_marker_dag.py
[2024-09-06T14:30:20.821+0000] {logging_mixin.py:190} INFO - [2024-09-06T14:30:20.821+0000] {dag.py:3229} INFO - Sync 2 DAGs
[2024-09-06T14:30:20.836+0000] {logging_mixin.py:190} INFO - [2024-09-06T14:30:20.835+0000] {dag.py:4156} INFO - Setting next_dagrun for example_external_task_marker_child to None, run_after=None
[2024-09-06T14:30:20.839+0000] {logging_mixin.py:190} INFO - [2024-09-06T14:30:20.839+0000] {dag.py:4156} INFO - Setting next_dagrun for example_external_task_marker_parent to None, run_after=None
[2024-09-06T14:30:20.852+0000] {processor.py:208} INFO - Processing /home/airflow/.local/lib/python3.12/site-packages/airflow/example_dags/example_external_task_marker_dag.py took 0.067 seconds
[2024-09-06T14:30:50.979+0000] {processor.py:186} INFO - Started process (PID=1146) to work on /home/airflow/.local/lib/python3.12/site-packages/airflow/example_dags/example_external_task_marker_dag.py
[2024-09-06T14:30:50.980+0000] {processor.py:914} INFO - Processing file /home/airflow/.local/lib/python3.12/site-packages/airflow/example_dags/example_external_task_marker_dag.py for tasks to queue
[2024-09-06T14:30:50.982+0000] {logging_mixin.py:190} INFO - [2024-09-06T14:30:50.982+0000] {dagbag.py:587} INFO - Filling up the DagBag from /home/airflow/.local/lib/python3.12/site-packages/airflow/example_dags/example_external_task_marker_dag.py
[2024-09-06T14:30:50.989+0000] {processor.py:925} INFO - DAG(s) 'example_external_task_marker_child', 'example_external_task_marker_parent' retrieved from /home/airflow/.local/lib/python3.12/site-packages/airflow/example_dags/example_external_task_marker_dag.py
[2024-09-06T14:30:51.009+0000] {logging_mixin.py:190} INFO - [2024-09-06T14:30:51.009+0000] {dag.py:3229} INFO - Sync 2 DAGs
[2024-09-06T14:30:51.021+0000] {logging_mixin.py:190} INFO - [2024-09-06T14:30:51.021+0000] {dag.py:4156} INFO - Setting next_dagrun for example_external_task_marker_child to None, run_after=None
[2024-09-06T14:30:51.025+0000] {logging_mixin.py:190} INFO - [2024-09-06T14:30:51.024+0000] {dag.py:4156} INFO - Setting next_dagrun for example_external_task_marker_parent to None, run_after=None
[2024-09-06T14:30:51.040+0000] {processor.py:208} INFO - Processing /home/airflow/.local/lib/python3.12/site-packages/airflow/example_dags/example_external_task_marker_dag.py took 0.068 seconds
[2024-09-06T14:31:21.722+0000] {processor.py:186} INFO - Started process (PID=1208) to work on /home/airflow/.local/lib/python3.12/site-packages/airflow/example_dags/example_external_task_marker_dag.py
[2024-09-06T14:31:21.724+0000] {processor.py:914} INFO - Processing file /home/airflow/.local/lib/python3.12/site-packages/airflow/example_dags/example_external_task_marker_dag.py for tasks to queue
[2024-09-06T14:31:21.727+0000] {logging_mixin.py:190} INFO - [2024-09-06T14:31:21.726+0000] {dagbag.py:587} INFO - Filling up the DagBag from /home/airflow/.local/lib/python3.12/site-packages/airflow/example_dags/example_external_task_marker_dag.py
[2024-09-06T14:31:21.737+0000] {processor.py:925} INFO - DAG(s) 'example_external_task_marker_child', 'example_external_task_marker_parent' retrieved from /home/airflow/.local/lib/python3.12/site-packages/airflow/example_dags/example_external_task_marker_dag.py
[2024-09-06T14:31:21.765+0000] {logging_mixin.py:190} INFO - [2024-09-06T14:31:21.765+0000] {dag.py:3229} INFO - Sync 2 DAGs
[2024-09-06T14:31:21.780+0000] {logging_mixin.py:190} INFO - [2024-09-06T14:31:21.780+0000] {dag.py:4156} INFO - Setting next_dagrun for example_external_task_marker_child to None, run_after=None
[2024-09-06T14:31:21.786+0000] {logging_mixin.py:190} INFO - [2024-09-06T14:31:21.786+0000] {dag.py:4156} INFO - Setting next_dagrun for example_external_task_marker_parent to None, run_after=None
[2024-09-06T14:31:21.805+0000] {processor.py:208} INFO - Processing /home/airflow/.local/lib/python3.12/site-packages/airflow/example_dags/example_external_task_marker_dag.py took 0.091 seconds
[2024-09-06T14:31:52.326+0000] {processor.py:186} INFO - Started process (PID=1270) to work on /home/airflow/.local/lib/python3.12/site-packages/airflow/example_dags/example_external_task_marker_dag.py
[2024-09-06T14:31:52.327+0000] {processor.py:914} INFO - Processing file /home/airflow/.local/lib/python3.12/site-packages/airflow/example_dags/example_external_task_marker_dag.py for tasks to queue
[2024-09-06T14:31:52.329+0000] {logging_mixin.py:190} INFO - [2024-09-06T14:31:52.329+0000] {dagbag.py:587} INFO - Filling up the DagBag from /home/airflow/.local/lib/python3.12/site-packages/airflow/example_dags/example_external_task_marker_dag.py
[2024-09-06T14:31:52.339+0000] {processor.py:925} INFO - DAG(s) 'example_external_task_marker_child', 'example_external_task_marker_parent' retrieved from /home/airflow/.local/lib/python3.12/site-packages/airflow/example_dags/example_external_task_marker_dag.py
[2024-09-06T14:31:52.364+0000] {logging_mixin.py:190} INFO - [2024-09-06T14:31:52.363+0000] {dag.py:3229} INFO - Sync 2 DAGs
[2024-09-06T14:31:52.380+0000] {logging_mixin.py:190} INFO - [2024-09-06T14:31:52.380+0000] {dag.py:4156} INFO - Setting next_dagrun for example_external_task_marker_child to None, run_after=None
[2024-09-06T14:31:52.384+0000] {logging_mixin.py:190} INFO - [2024-09-06T14:31:52.384+0000] {dag.py:4156} INFO - Setting next_dagrun for example_external_task_marker_parent to None, run_after=None
[2024-09-06T14:31:52.403+0000] {processor.py:208} INFO - Processing /home/airflow/.local/lib/python3.12/site-packages/airflow/example_dags/example_external_task_marker_dag.py took 0.083 seconds
[2024-09-06T14:32:22.854+0000] {processor.py:186} INFO - Started process (PID=1332) to work on /home/airflow/.local/lib/python3.12/site-packages/airflow/example_dags/example_external_task_marker_dag.py
[2024-09-06T14:32:22.855+0000] {processor.py:914} INFO - Processing file /home/airflow/.local/lib/python3.12/site-packages/airflow/example_dags/example_external_task_marker_dag.py for tasks to queue
[2024-09-06T14:32:22.857+0000] {logging_mixin.py:190} INFO - [2024-09-06T14:32:22.856+0000] {dagbag.py:587} INFO - Filling up the DagBag from /home/airflow/.local/lib/python3.12/site-packages/airflow/example_dags/example_external_task_marker_dag.py
[2024-09-06T14:32:22.865+0000] {processor.py:925} INFO - DAG(s) 'example_external_task_marker_child', 'example_external_task_marker_parent' retrieved from /home/airflow/.local/lib/python3.12/site-packages/airflow/example_dags/example_external_task_marker_dag.py
[2024-09-06T14:32:22.889+0000] {logging_mixin.py:190} INFO - [2024-09-06T14:32:22.889+0000] {dag.py:3229} INFO - Sync 2 DAGs
[2024-09-06T14:32:22.903+0000] {logging_mixin.py:190} INFO - [2024-09-06T14:32:22.903+0000] {dag.py:4156} INFO - Setting next_dagrun for example_external_task_marker_child to None, run_after=None
[2024-09-06T14:32:22.907+0000] {logging_mixin.py:190} INFO - [2024-09-06T14:32:22.907+0000] {dag.py:4156} INFO - Setting next_dagrun for example_external_task_marker_parent to None, run_after=None
[2024-09-06T14:32:22.929+0000] {processor.py:208} INFO - Processing /home/airflow/.local/lib/python3.12/site-packages/airflow/example_dags/example_external_task_marker_dag.py took 0.080 seconds
[2024-09-06T14:32:53.403+0000] {processor.py:186} INFO - Started process (PID=1394) to work on /home/airflow/.local/lib/python3.12/site-packages/airflow/example_dags/example_external_task_marker_dag.py
[2024-09-06T14:32:53.404+0000] {processor.py:914} INFO - Processing file /home/airflow/.local/lib/python3.12/site-packages/airflow/example_dags/example_external_task_marker_dag.py for tasks to queue
[2024-09-06T14:32:53.407+0000] {logging_mixin.py:190} INFO - [2024-09-06T14:32:53.406+0000] {dagbag.py:587} INFO - Filling up the DagBag from /home/airflow/.local/lib/python3.12/site-packages/airflow/example_dags/example_external_task_marker_dag.py
[2024-09-06T14:32:53.415+0000] {processor.py:925} INFO - DAG(s) 'example_external_task_marker_parent', 'example_external_task_marker_child' retrieved from /home/airflow/.local/lib/python3.12/site-packages/airflow/example_dags/example_external_task_marker_dag.py
[2024-09-06T14:32:53.439+0000] {logging_mixin.py:190} INFO - [2024-09-06T14:32:53.438+0000] {dag.py:3229} INFO - Sync 2 DAGs
[2024-09-06T14:32:53.453+0000] {logging_mixin.py:190} INFO - [2024-09-06T14:32:53.453+0000] {dag.py:4156} INFO - Setting next_dagrun for example_external_task_marker_child to None, run_after=None
[2024-09-06T14:32:53.456+0000] {logging_mixin.py:190} INFO - [2024-09-06T14:32:53.456+0000] {dag.py:4156} INFO - Setting next_dagrun for example_external_task_marker_parent to None, run_after=None
[2024-09-06T14:32:53.469+0000] {processor.py:208} INFO - Processing /home/airflow/.local/lib/python3.12/site-packages/airflow/example_dags/example_external_task_marker_dag.py took 0.074 seconds
[2024-09-06T14:33:23.851+0000] {processor.py:186} INFO - Started process (PID=1456) to work on /home/airflow/.local/lib/python3.12/site-packages/airflow/example_dags/example_external_task_marker_dag.py
[2024-09-06T14:33:23.852+0000] {processor.py:914} INFO - Processing file /home/airflow/.local/lib/python3.12/site-packages/airflow/example_dags/example_external_task_marker_dag.py for tasks to queue
[2024-09-06T14:33:23.855+0000] {logging_mixin.py:190} INFO - [2024-09-06T14:33:23.855+0000] {dagbag.py:587} INFO - Filling up the DagBag from /home/airflow/.local/lib/python3.12/site-packages/airflow/example_dags/example_external_task_marker_dag.py
[2024-09-06T14:33:23.863+0000] {processor.py:925} INFO - DAG(s) 'example_external_task_marker_child', 'example_external_task_marker_parent' retrieved from /home/airflow/.local/lib/python3.12/site-packages/airflow/example_dags/example_external_task_marker_dag.py
[2024-09-06T14:33:23.889+0000] {logging_mixin.py:190} INFO - [2024-09-06T14:33:23.888+0000] {dag.py:3229} INFO - Sync 2 DAGs
[2024-09-06T14:33:23.903+0000] {logging_mixin.py:190} INFO - [2024-09-06T14:33:23.903+0000] {dag.py:4156} INFO - Setting next_dagrun for example_external_task_marker_child to None, run_after=None
[2024-09-06T14:33:23.907+0000] {logging_mixin.py:190} INFO - [2024-09-06T14:33:23.906+0000] {dag.py:4156} INFO - Setting next_dagrun for example_external_task_marker_parent to None, run_after=None
[2024-09-06T14:33:23.922+0000] {processor.py:208} INFO - Processing /home/airflow/.local/lib/python3.12/site-packages/airflow/example_dags/example_external_task_marker_dag.py took 0.077 seconds
