[2024-09-06T14:22:09.426+0000] {processor.py:186} INFO - Started process (PID=70) to work on /home/airflow/.local/lib/python3.12/site-packages/airflow/example_dags/example_latest_only.py
[2024-09-06T14:22:09.428+0000] {processor.py:914} INFO - Processing file /home/airflow/.local/lib/python3.12/site-packages/airflow/example_dags/example_latest_only.py for tasks to queue
[2024-09-06T14:22:09.435+0000] {logging_mixin.py:190} INFO - [2024-09-06T14:22:09.435+0000] {dagbag.py:587} INFO - Filling up the DagBag from /home/airflow/.local/lib/python3.12/site-packages/airflow/example_dags/example_latest_only.py
[2024-09-06T14:22:09.466+0000] {processor.py:925} INFO - DAG(s) 'latest_only' retrieved from /home/airflow/.local/lib/python3.12/site-packages/airflow/example_dags/example_latest_only.py
[2024-09-06T14:22:10.119+0000] {logging_mixin.py:190} INFO - [2024-09-06T14:22:10.118+0000] {override.py:1900} INFO - Created Permission View: can read on DAG:latest_only
[2024-09-06T14:22:10.157+0000] {logging_mixin.py:190} INFO - [2024-09-06T14:22:10.156+0000] {override.py:1900} INFO - Created Permission View: can delete on DAG:latest_only
[2024-09-06T14:22:10.169+0000] {logging_mixin.py:190} INFO - [2024-09-06T14:22:10.168+0000] {override.py:1900} INFO - Created Permission View: can edit on DAG:latest_only
[2024-09-06T14:22:10.201+0000] {logging_mixin.py:190} INFO - [2024-09-06T14:22:10.200+0000] {override.py:1900} INFO - Created Permission View: can read on DAG Run:latest_only
[2024-09-06T14:22:10.228+0000] {logging_mixin.py:190} INFO - [2024-09-06T14:22:10.227+0000] {override.py:1900} INFO - Created Permission View: can delete on DAG Run:latest_only
[2024-09-06T14:22:10.249+0000] {logging_mixin.py:190} INFO - [2024-09-06T14:22:10.249+0000] {override.py:1900} INFO - Created Permission View: menu access on DAG Run:latest_only
[2024-09-06T14:22:10.259+0000] {logging_mixin.py:190} INFO - [2024-09-06T14:22:10.258+0000] {override.py:1900} INFO - Created Permission View: can create on DAG Run:latest_only
[2024-09-06T14:22:10.260+0000] {logging_mixin.py:190} INFO - [2024-09-06T14:22:10.260+0000] {dag.py:3229} INFO - Sync 1 DAGs
[2024-09-06T14:22:10.287+0000] {logging_mixin.py:190} INFO - [2024-09-06T14:22:10.287+0000] {dag.py:3252} INFO - Creating ORM DAG for latest_only
[2024-09-06T14:22:10.310+0000] {logging_mixin.py:190} INFO - [2024-09-06T14:22:10.309+0000] {dag.py:4156} INFO - Setting next_dagrun for latest_only to 2024-09-06 08:00:00+00:00, run_after=2024-09-06 12:00:00+00:00
[2024-09-06T14:22:10.346+0000] {processor.py:208} INFO - Processing /home/airflow/.local/lib/python3.12/site-packages/airflow/example_dags/example_latest_only.py took 0.931 seconds
[2024-09-06T14:22:40.467+0000] {processor.py:186} INFO - Started process (PID=132) to work on /home/airflow/.local/lib/python3.12/site-packages/airflow/example_dags/example_latest_only.py
[2024-09-06T14:22:40.470+0000] {processor.py:914} INFO - Processing file /home/airflow/.local/lib/python3.12/site-packages/airflow/example_dags/example_latest_only.py for tasks to queue
[2024-09-06T14:22:40.472+0000] {logging_mixin.py:190} INFO - [2024-09-06T14:22:40.471+0000] {dagbag.py:587} INFO - Filling up the DagBag from /home/airflow/.local/lib/python3.12/site-packages/airflow/example_dags/example_latest_only.py
[2024-09-06T14:22:40.477+0000] {processor.py:925} INFO - DAG(s) 'latest_only' retrieved from /home/airflow/.local/lib/python3.12/site-packages/airflow/example_dags/example_latest_only.py
[2024-09-06T14:22:40.493+0000] {logging_mixin.py:190} INFO - [2024-09-06T14:22:40.493+0000] {dag.py:3229} INFO - Sync 1 DAGs
[2024-09-06T14:22:40.513+0000] {logging_mixin.py:190} INFO - [2024-09-06T14:22:40.513+0000] {dag.py:4156} INFO - Setting next_dagrun for latest_only to 2024-09-06 08:00:00+00:00, run_after=2024-09-06 12:00:00+00:00
[2024-09-06T14:22:40.530+0000] {processor.py:208} INFO - Processing /home/airflow/.local/lib/python3.12/site-packages/airflow/example_dags/example_latest_only.py took 0.069 seconds
[2024-09-06T14:23:11.002+0000] {processor.py:186} INFO - Started process (PID=194) to work on /home/airflow/.local/lib/python3.12/site-packages/airflow/example_dags/example_latest_only.py
[2024-09-06T14:23:11.003+0000] {processor.py:914} INFO - Processing file /home/airflow/.local/lib/python3.12/site-packages/airflow/example_dags/example_latest_only.py for tasks to queue
[2024-09-06T14:23:11.005+0000] {logging_mixin.py:190} INFO - [2024-09-06T14:23:11.005+0000] {dagbag.py:587} INFO - Filling up the DagBag from /home/airflow/.local/lib/python3.12/site-packages/airflow/example_dags/example_latest_only.py
[2024-09-06T14:23:11.012+0000] {processor.py:925} INFO - DAG(s) 'latest_only' retrieved from /home/airflow/.local/lib/python3.12/site-packages/airflow/example_dags/example_latest_only.py
[2024-09-06T14:23:11.031+0000] {logging_mixin.py:190} INFO - [2024-09-06T14:23:11.030+0000] {dag.py:3229} INFO - Sync 1 DAGs
[2024-09-06T14:23:11.053+0000] {logging_mixin.py:190} INFO - [2024-09-06T14:23:11.053+0000] {dag.py:4156} INFO - Setting next_dagrun for latest_only to 2024-09-06 08:00:00+00:00, run_after=2024-09-06 12:00:00+00:00
[2024-09-06T14:23:11.071+0000] {processor.py:208} INFO - Processing /home/airflow/.local/lib/python3.12/site-packages/airflow/example_dags/example_latest_only.py took 0.074 seconds
[2024-09-06T14:23:41.220+0000] {processor.py:186} INFO - Started process (PID=256) to work on /home/airflow/.local/lib/python3.12/site-packages/airflow/example_dags/example_latest_only.py
[2024-09-06T14:23:41.221+0000] {processor.py:914} INFO - Processing file /home/airflow/.local/lib/python3.12/site-packages/airflow/example_dags/example_latest_only.py for tasks to queue
[2024-09-06T14:23:41.223+0000] {logging_mixin.py:190} INFO - [2024-09-06T14:23:41.223+0000] {dagbag.py:587} INFO - Filling up the DagBag from /home/airflow/.local/lib/python3.12/site-packages/airflow/example_dags/example_latest_only.py
[2024-09-06T14:23:41.228+0000] {processor.py:925} INFO - DAG(s) 'latest_only' retrieved from /home/airflow/.local/lib/python3.12/site-packages/airflow/example_dags/example_latest_only.py
[2024-09-06T14:23:41.247+0000] {logging_mixin.py:190} INFO - [2024-09-06T14:23:41.247+0000] {dag.py:3229} INFO - Sync 1 DAGs
[2024-09-06T14:23:41.267+0000] {logging_mixin.py:190} INFO - [2024-09-06T14:23:41.267+0000] {dag.py:4156} INFO - Setting next_dagrun for latest_only to 2024-09-06 08:00:00+00:00, run_after=2024-09-06 12:00:00+00:00
[2024-09-06T14:23:41.285+0000] {processor.py:208} INFO - Processing /home/airflow/.local/lib/python3.12/site-packages/airflow/example_dags/example_latest_only.py took 0.069 seconds
[2024-09-06T14:24:11.747+0000] {processor.py:186} INFO - Started process (PID=318) to work on /home/airflow/.local/lib/python3.12/site-packages/airflow/example_dags/example_latest_only.py
[2024-09-06T14:24:11.748+0000] {processor.py:914} INFO - Processing file /home/airflow/.local/lib/python3.12/site-packages/airflow/example_dags/example_latest_only.py for tasks to queue
[2024-09-06T14:24:11.751+0000] {logging_mixin.py:190} INFO - [2024-09-06T14:24:11.751+0000] {dagbag.py:587} INFO - Filling up the DagBag from /home/airflow/.local/lib/python3.12/site-packages/airflow/example_dags/example_latest_only.py
[2024-09-06T14:24:11.758+0000] {processor.py:925} INFO - DAG(s) 'latest_only' retrieved from /home/airflow/.local/lib/python3.12/site-packages/airflow/example_dags/example_latest_only.py
[2024-09-06T14:24:11.778+0000] {logging_mixin.py:190} INFO - [2024-09-06T14:24:11.777+0000] {dag.py:3229} INFO - Sync 1 DAGs
[2024-09-06T14:24:11.800+0000] {logging_mixin.py:190} INFO - [2024-09-06T14:24:11.800+0000] {dag.py:4156} INFO - Setting next_dagrun for latest_only to 2024-09-06 08:00:00+00:00, run_after=2024-09-06 12:00:00+00:00
[2024-09-06T14:24:11.819+0000] {processor.py:208} INFO - Processing /home/airflow/.local/lib/python3.12/site-packages/airflow/example_dags/example_latest_only.py took 0.077 seconds
[2024-09-06T14:24:42.139+0000] {processor.py:186} INFO - Started process (PID=380) to work on /home/airflow/.local/lib/python3.12/site-packages/airflow/example_dags/example_latest_only.py
[2024-09-06T14:24:42.140+0000] {processor.py:914} INFO - Processing file /home/airflow/.local/lib/python3.12/site-packages/airflow/example_dags/example_latest_only.py for tasks to queue
[2024-09-06T14:24:42.143+0000] {logging_mixin.py:190} INFO - [2024-09-06T14:24:42.142+0000] {dagbag.py:587} INFO - Filling up the DagBag from /home/airflow/.local/lib/python3.12/site-packages/airflow/example_dags/example_latest_only.py
[2024-09-06T14:24:42.148+0000] {processor.py:925} INFO - DAG(s) 'latest_only' retrieved from /home/airflow/.local/lib/python3.12/site-packages/airflow/example_dags/example_latest_only.py
[2024-09-06T14:24:42.165+0000] {logging_mixin.py:190} INFO - [2024-09-06T14:24:42.165+0000] {dag.py:3229} INFO - Sync 1 DAGs
[2024-09-06T14:24:42.184+0000] {logging_mixin.py:190} INFO - [2024-09-06T14:24:42.184+0000] {dag.py:4156} INFO - Setting next_dagrun for latest_only to 2024-09-06 08:00:00+00:00, run_after=2024-09-06 12:00:00+00:00
[2024-09-06T14:24:42.204+0000] {processor.py:208} INFO - Processing /home/airflow/.local/lib/python3.12/site-packages/airflow/example_dags/example_latest_only.py took 0.070 seconds
[2024-09-06T14:25:12.492+0000] {processor.py:186} INFO - Started process (PID=443) to work on /home/airflow/.local/lib/python3.12/site-packages/airflow/example_dags/example_latest_only.py
[2024-09-06T14:25:12.493+0000] {processor.py:914} INFO - Processing file /home/airflow/.local/lib/python3.12/site-packages/airflow/example_dags/example_latest_only.py for tasks to queue
[2024-09-06T14:25:12.496+0000] {logging_mixin.py:190} INFO - [2024-09-06T14:25:12.495+0000] {dagbag.py:587} INFO - Filling up the DagBag from /home/airflow/.local/lib/python3.12/site-packages/airflow/example_dags/example_latest_only.py
[2024-09-06T14:25:12.501+0000] {processor.py:925} INFO - DAG(s) 'latest_only' retrieved from /home/airflow/.local/lib/python3.12/site-packages/airflow/example_dags/example_latest_only.py
[2024-09-06T14:25:12.518+0000] {logging_mixin.py:190} INFO - [2024-09-06T14:25:12.518+0000] {dag.py:3229} INFO - Sync 1 DAGs
[2024-09-06T14:25:12.537+0000] {logging_mixin.py:190} INFO - [2024-09-06T14:25:12.537+0000] {dag.py:4156} INFO - Setting next_dagrun for latest_only to 2024-09-06 08:00:00+00:00, run_after=2024-09-06 12:00:00+00:00
[2024-09-06T14:25:12.558+0000] {processor.py:208} INFO - Processing /home/airflow/.local/lib/python3.12/site-packages/airflow/example_dags/example_latest_only.py took 0.071 seconds
[2024-09-06T14:25:42.891+0000] {processor.py:186} INFO - Started process (PID=504) to work on /home/airflow/.local/lib/python3.12/site-packages/airflow/example_dags/example_latest_only.py
[2024-09-06T14:25:42.892+0000] {processor.py:914} INFO - Processing file /home/airflow/.local/lib/python3.12/site-packages/airflow/example_dags/example_latest_only.py for tasks to queue
[2024-09-06T14:25:42.894+0000] {logging_mixin.py:190} INFO - [2024-09-06T14:25:42.894+0000] {dagbag.py:587} INFO - Filling up the DagBag from /home/airflow/.local/lib/python3.12/site-packages/airflow/example_dags/example_latest_only.py
[2024-09-06T14:25:42.900+0000] {processor.py:925} INFO - DAG(s) 'latest_only' retrieved from /home/airflow/.local/lib/python3.12/site-packages/airflow/example_dags/example_latest_only.py
[2024-09-06T14:25:42.921+0000] {logging_mixin.py:190} INFO - [2024-09-06T14:25:42.920+0000] {dag.py:3229} INFO - Sync 1 DAGs
[2024-09-06T14:25:42.941+0000] {logging_mixin.py:190} INFO - [2024-09-06T14:25:42.941+0000] {dag.py:4156} INFO - Setting next_dagrun for latest_only to 2024-09-06 08:00:00+00:00, run_after=2024-09-06 12:00:00+00:00
[2024-09-06T14:25:42.962+0000] {processor.py:208} INFO - Processing /home/airflow/.local/lib/python3.12/site-packages/airflow/example_dags/example_latest_only.py took 0.075 seconds
[2024-09-06T14:26:13.132+0000] {processor.py:186} INFO - Started process (PID=566) to work on /home/airflow/.local/lib/python3.12/site-packages/airflow/example_dags/example_latest_only.py
[2024-09-06T14:26:13.133+0000] {processor.py:914} INFO - Processing file /home/airflow/.local/lib/python3.12/site-packages/airflow/example_dags/example_latest_only.py for tasks to queue
[2024-09-06T14:26:13.135+0000] {logging_mixin.py:190} INFO - [2024-09-06T14:26:13.135+0000] {dagbag.py:587} INFO - Filling up the DagBag from /home/airflow/.local/lib/python3.12/site-packages/airflow/example_dags/example_latest_only.py
[2024-09-06T14:26:13.141+0000] {processor.py:925} INFO - DAG(s) 'latest_only' retrieved from /home/airflow/.local/lib/python3.12/site-packages/airflow/example_dags/example_latest_only.py
[2024-09-06T14:26:13.159+0000] {logging_mixin.py:190} INFO - [2024-09-06T14:26:13.159+0000] {dag.py:3229} INFO - Sync 1 DAGs
[2024-09-06T14:26:13.186+0000] {logging_mixin.py:190} INFO - [2024-09-06T14:26:13.185+0000] {dag.py:4156} INFO - Setting next_dagrun for latest_only to 2024-09-06 08:00:00+00:00, run_after=2024-09-06 12:00:00+00:00
[2024-09-06T14:26:13.205+0000] {processor.py:208} INFO - Processing /home/airflow/.local/lib/python3.12/site-packages/airflow/example_dags/example_latest_only.py took 0.078 seconds
[2024-09-06T14:26:43.349+0000] {processor.py:186} INFO - Started process (PID=628) to work on /home/airflow/.local/lib/python3.12/site-packages/airflow/example_dags/example_latest_only.py
[2024-09-06T14:26:43.350+0000] {processor.py:914} INFO - Processing file /home/airflow/.local/lib/python3.12/site-packages/airflow/example_dags/example_latest_only.py for tasks to queue
[2024-09-06T14:26:43.352+0000] {logging_mixin.py:190} INFO - [2024-09-06T14:26:43.352+0000] {dagbag.py:587} INFO - Filling up the DagBag from /home/airflow/.local/lib/python3.12/site-packages/airflow/example_dags/example_latest_only.py
[2024-09-06T14:26:43.358+0000] {processor.py:925} INFO - DAG(s) 'latest_only' retrieved from /home/airflow/.local/lib/python3.12/site-packages/airflow/example_dags/example_latest_only.py
[2024-09-06T14:26:43.375+0000] {logging_mixin.py:190} INFO - [2024-09-06T14:26:43.375+0000] {dag.py:3229} INFO - Sync 1 DAGs
[2024-09-06T14:26:43.394+0000] {logging_mixin.py:190} INFO - [2024-09-06T14:26:43.393+0000] {dag.py:4156} INFO - Setting next_dagrun for latest_only to 2024-09-06 08:00:00+00:00, run_after=2024-09-06 12:00:00+00:00
[2024-09-06T14:26:43.411+0000] {processor.py:208} INFO - Processing /home/airflow/.local/lib/python3.12/site-packages/airflow/example_dags/example_latest_only.py took 0.067 seconds
[2024-09-06T14:27:13.486+0000] {processor.py:186} INFO - Started process (PID=690) to work on /home/airflow/.local/lib/python3.12/site-packages/airflow/example_dags/example_latest_only.py
[2024-09-06T14:27:13.487+0000] {processor.py:914} INFO - Processing file /home/airflow/.local/lib/python3.12/site-packages/airflow/example_dags/example_latest_only.py for tasks to queue
[2024-09-06T14:27:13.489+0000] {logging_mixin.py:190} INFO - [2024-09-06T14:27:13.489+0000] {dagbag.py:587} INFO - Filling up the DagBag from /home/airflow/.local/lib/python3.12/site-packages/airflow/example_dags/example_latest_only.py
[2024-09-06T14:27:13.495+0000] {processor.py:925} INFO - DAG(s) 'latest_only' retrieved from /home/airflow/.local/lib/python3.12/site-packages/airflow/example_dags/example_latest_only.py
[2024-09-06T14:27:13.515+0000] {logging_mixin.py:190} INFO - [2024-09-06T14:27:13.515+0000] {dag.py:3229} INFO - Sync 1 DAGs
[2024-09-06T14:27:13.539+0000] {logging_mixin.py:190} INFO - [2024-09-06T14:27:13.539+0000] {dag.py:4156} INFO - Setting next_dagrun for latest_only to 2024-09-06 08:00:00+00:00, run_after=2024-09-06 12:00:00+00:00
[2024-09-06T14:27:13.559+0000] {processor.py:208} INFO - Processing /home/airflow/.local/lib/python3.12/site-packages/airflow/example_dags/example_latest_only.py took 0.077 seconds
[2024-09-06T14:27:43.707+0000] {processor.py:186} INFO - Started process (PID=752) to work on /home/airflow/.local/lib/python3.12/site-packages/airflow/example_dags/example_latest_only.py
[2024-09-06T14:27:43.709+0000] {processor.py:914} INFO - Processing file /home/airflow/.local/lib/python3.12/site-packages/airflow/example_dags/example_latest_only.py for tasks to queue
[2024-09-06T14:27:43.711+0000] {logging_mixin.py:190} INFO - [2024-09-06T14:27:43.711+0000] {dagbag.py:587} INFO - Filling up the DagBag from /home/airflow/.local/lib/python3.12/site-packages/airflow/example_dags/example_latest_only.py
[2024-09-06T14:27:43.716+0000] {processor.py:925} INFO - DAG(s) 'latest_only' retrieved from /home/airflow/.local/lib/python3.12/site-packages/airflow/example_dags/example_latest_only.py
[2024-09-06T14:27:43.733+0000] {logging_mixin.py:190} INFO - [2024-09-06T14:27:43.732+0000] {dag.py:3229} INFO - Sync 1 DAGs
[2024-09-06T14:27:43.750+0000] {logging_mixin.py:190} INFO - [2024-09-06T14:27:43.750+0000] {dag.py:4156} INFO - Setting next_dagrun for latest_only to 2024-09-06 08:00:00+00:00, run_after=2024-09-06 12:00:00+00:00
[2024-09-06T14:27:43.770+0000] {processor.py:208} INFO - Processing /home/airflow/.local/lib/python3.12/site-packages/airflow/example_dags/example_latest_only.py took 0.067 seconds
[2024-09-06T14:28:14.020+0000] {processor.py:186} INFO - Started process (PID=814) to work on /home/airflow/.local/lib/python3.12/site-packages/airflow/example_dags/example_latest_only.py
[2024-09-06T14:28:14.021+0000] {processor.py:914} INFO - Processing file /home/airflow/.local/lib/python3.12/site-packages/airflow/example_dags/example_latest_only.py for tasks to queue
[2024-09-06T14:28:14.023+0000] {logging_mixin.py:190} INFO - [2024-09-06T14:28:14.023+0000] {dagbag.py:587} INFO - Filling up the DagBag from /home/airflow/.local/lib/python3.12/site-packages/airflow/example_dags/example_latest_only.py
[2024-09-06T14:28:14.029+0000] {processor.py:925} INFO - DAG(s) 'latest_only' retrieved from /home/airflow/.local/lib/python3.12/site-packages/airflow/example_dags/example_latest_only.py
[2024-09-06T14:28:14.047+0000] {logging_mixin.py:190} INFO - [2024-09-06T14:28:14.047+0000] {dag.py:3229} INFO - Sync 1 DAGs
[2024-09-06T14:28:14.066+0000] {logging_mixin.py:190} INFO - [2024-09-06T14:28:14.066+0000] {dag.py:4156} INFO - Setting next_dagrun for latest_only to 2024-09-06 08:00:00+00:00, run_after=2024-09-06 12:00:00+00:00
[2024-09-06T14:28:14.086+0000] {processor.py:208} INFO - Processing /home/airflow/.local/lib/python3.12/site-packages/airflow/example_dags/example_latest_only.py took 0.070 seconds
[2024-09-06T14:28:44.388+0000] {processor.py:186} INFO - Started process (PID=876) to work on /home/airflow/.local/lib/python3.12/site-packages/airflow/example_dags/example_latest_only.py
[2024-09-06T14:28:44.389+0000] {processor.py:914} INFO - Processing file /home/airflow/.local/lib/python3.12/site-packages/airflow/example_dags/example_latest_only.py for tasks to queue
[2024-09-06T14:28:44.391+0000] {logging_mixin.py:190} INFO - [2024-09-06T14:28:44.391+0000] {dagbag.py:587} INFO - Filling up the DagBag from /home/airflow/.local/lib/python3.12/site-packages/airflow/example_dags/example_latest_only.py
[2024-09-06T14:28:44.397+0000] {processor.py:925} INFO - DAG(s) 'latest_only' retrieved from /home/airflow/.local/lib/python3.12/site-packages/airflow/example_dags/example_latest_only.py
[2024-09-06T14:28:44.415+0000] {logging_mixin.py:190} INFO - [2024-09-06T14:28:44.415+0000] {dag.py:3229} INFO - Sync 1 DAGs
[2024-09-06T14:28:44.433+0000] {logging_mixin.py:190} INFO - [2024-09-06T14:28:44.433+0000] {dag.py:4156} INFO - Setting next_dagrun for latest_only to 2024-09-06 08:00:00+00:00, run_after=2024-09-06 12:00:00+00:00
[2024-09-06T14:28:44.452+0000] {processor.py:208} INFO - Processing /home/airflow/.local/lib/python3.12/site-packages/airflow/example_dags/example_latest_only.py took 0.069 seconds
[2024-09-06T14:29:14.569+0000] {processor.py:186} INFO - Started process (PID=938) to work on /home/airflow/.local/lib/python3.12/site-packages/airflow/example_dags/example_latest_only.py
[2024-09-06T14:29:14.570+0000] {processor.py:914} INFO - Processing file /home/airflow/.local/lib/python3.12/site-packages/airflow/example_dags/example_latest_only.py for tasks to queue
[2024-09-06T14:29:14.573+0000] {logging_mixin.py:190} INFO - [2024-09-06T14:29:14.572+0000] {dagbag.py:587} INFO - Filling up the DagBag from /home/airflow/.local/lib/python3.12/site-packages/airflow/example_dags/example_latest_only.py
[2024-09-06T14:29:14.578+0000] {processor.py:925} INFO - DAG(s) 'latest_only' retrieved from /home/airflow/.local/lib/python3.12/site-packages/airflow/example_dags/example_latest_only.py
[2024-09-06T14:29:14.597+0000] {logging_mixin.py:190} INFO - [2024-09-06T14:29:14.597+0000] {dag.py:3229} INFO - Sync 1 DAGs
[2024-09-06T14:29:14.620+0000] {logging_mixin.py:190} INFO - [2024-09-06T14:29:14.620+0000] {dag.py:4156} INFO - Setting next_dagrun for latest_only to 2024-09-06 08:00:00+00:00, run_after=2024-09-06 12:00:00+00:00
[2024-09-06T14:29:14.638+0000] {processor.py:208} INFO - Processing /home/airflow/.local/lib/python3.12/site-packages/airflow/example_dags/example_latest_only.py took 0.074 seconds
[2024-09-06T14:29:45.406+0000] {processor.py:186} INFO - Started process (PID=1000) to work on /home/airflow/.local/lib/python3.12/site-packages/airflow/example_dags/example_latest_only.py
[2024-09-06T14:29:45.407+0000] {processor.py:914} INFO - Processing file /home/airflow/.local/lib/python3.12/site-packages/airflow/example_dags/example_latest_only.py for tasks to queue
[2024-09-06T14:29:45.410+0000] {logging_mixin.py:190} INFO - [2024-09-06T14:29:45.409+0000] {dagbag.py:587} INFO - Filling up the DagBag from /home/airflow/.local/lib/python3.12/site-packages/airflow/example_dags/example_latest_only.py
[2024-09-06T14:29:45.416+0000] {processor.py:925} INFO - DAG(s) 'latest_only' retrieved from /home/airflow/.local/lib/python3.12/site-packages/airflow/example_dags/example_latest_only.py
[2024-09-06T14:29:45.438+0000] {logging_mixin.py:190} INFO - [2024-09-06T14:29:45.438+0000] {dag.py:3229} INFO - Sync 1 DAGs
[2024-09-06T14:29:45.461+0000] {logging_mixin.py:190} INFO - [2024-09-06T14:29:45.460+0000] {dag.py:4156} INFO - Setting next_dagrun for latest_only to 2024-09-06 08:00:00+00:00, run_after=2024-09-06 12:00:00+00:00
[2024-09-06T14:29:45.485+0000] {processor.py:208} INFO - Processing /home/airflow/.local/lib/python3.12/site-packages/airflow/example_dags/example_latest_only.py took 0.085 seconds
[2024-09-06T14:30:15.550+0000] {processor.py:186} INFO - Started process (PID=1062) to work on /home/airflow/.local/lib/python3.12/site-packages/airflow/example_dags/example_latest_only.py
[2024-09-06T14:30:15.551+0000] {processor.py:914} INFO - Processing file /home/airflow/.local/lib/python3.12/site-packages/airflow/example_dags/example_latest_only.py for tasks to queue
[2024-09-06T14:30:15.553+0000] {logging_mixin.py:190} INFO - [2024-09-06T14:30:15.553+0000] {dagbag.py:587} INFO - Filling up the DagBag from /home/airflow/.local/lib/python3.12/site-packages/airflow/example_dags/example_latest_only.py
[2024-09-06T14:30:15.561+0000] {processor.py:925} INFO - DAG(s) 'latest_only' retrieved from /home/airflow/.local/lib/python3.12/site-packages/airflow/example_dags/example_latest_only.py
[2024-09-06T14:30:15.582+0000] {logging_mixin.py:190} INFO - [2024-09-06T14:30:15.582+0000] {dag.py:3229} INFO - Sync 1 DAGs
[2024-09-06T14:30:15.609+0000] {logging_mixin.py:190} INFO - [2024-09-06T14:30:15.609+0000] {dag.py:4156} INFO - Setting next_dagrun for latest_only to 2024-09-06 08:00:00+00:00, run_after=2024-09-06 12:00:00+00:00
[2024-09-06T14:30:15.630+0000] {processor.py:208} INFO - Processing /home/airflow/.local/lib/python3.12/site-packages/airflow/example_dags/example_latest_only.py took 0.086 seconds
[2024-09-06T14:30:45.691+0000] {processor.py:186} INFO - Started process (PID=1124) to work on /home/airflow/.local/lib/python3.12/site-packages/airflow/example_dags/example_latest_only.py
[2024-09-06T14:30:45.692+0000] {processor.py:914} INFO - Processing file /home/airflow/.local/lib/python3.12/site-packages/airflow/example_dags/example_latest_only.py for tasks to queue
[2024-09-06T14:30:45.694+0000] {logging_mixin.py:190} INFO - [2024-09-06T14:30:45.693+0000] {dagbag.py:587} INFO - Filling up the DagBag from /home/airflow/.local/lib/python3.12/site-packages/airflow/example_dags/example_latest_only.py
[2024-09-06T14:30:45.699+0000] {processor.py:925} INFO - DAG(s) 'latest_only' retrieved from /home/airflow/.local/lib/python3.12/site-packages/airflow/example_dags/example_latest_only.py
[2024-09-06T14:30:45.717+0000] {logging_mixin.py:190} INFO - [2024-09-06T14:30:45.717+0000] {dag.py:3229} INFO - Sync 1 DAGs
[2024-09-06T14:30:45.736+0000] {logging_mixin.py:190} INFO - [2024-09-06T14:30:45.736+0000] {dag.py:4156} INFO - Setting next_dagrun for latest_only to 2024-09-06 08:00:00+00:00, run_after=2024-09-06 12:00:00+00:00
[2024-09-06T14:30:45.753+0000] {processor.py:208} INFO - Processing /home/airflow/.local/lib/python3.12/site-packages/airflow/example_dags/example_latest_only.py took 0.068 seconds
[2024-09-06T14:31:16.195+0000] {processor.py:186} INFO - Started process (PID=1186) to work on /home/airflow/.local/lib/python3.12/site-packages/airflow/example_dags/example_latest_only.py
[2024-09-06T14:31:16.196+0000] {processor.py:914} INFO - Processing file /home/airflow/.local/lib/python3.12/site-packages/airflow/example_dags/example_latest_only.py for tasks to queue
[2024-09-06T14:31:16.201+0000] {logging_mixin.py:190} INFO - [2024-09-06T14:31:16.201+0000] {dagbag.py:587} INFO - Filling up the DagBag from /home/airflow/.local/lib/python3.12/site-packages/airflow/example_dags/example_latest_only.py
[2024-09-06T14:31:16.210+0000] {processor.py:925} INFO - DAG(s) 'latest_only' retrieved from /home/airflow/.local/lib/python3.12/site-packages/airflow/example_dags/example_latest_only.py
[2024-09-06T14:31:16.241+0000] {logging_mixin.py:190} INFO - [2024-09-06T14:31:16.240+0000] {dag.py:3229} INFO - Sync 1 DAGs
[2024-09-06T14:31:16.277+0000] {logging_mixin.py:190} INFO - [2024-09-06T14:31:16.277+0000] {dag.py:4156} INFO - Setting next_dagrun for latest_only to 2024-09-06 08:00:00+00:00, run_after=2024-09-06 12:00:00+00:00
[2024-09-06T14:31:16.328+0000] {processor.py:208} INFO - Processing /home/airflow/.local/lib/python3.12/site-packages/airflow/example_dags/example_latest_only.py took 0.142 seconds
[2024-09-06T14:31:46.838+0000] {processor.py:186} INFO - Started process (PID=1248) to work on /home/airflow/.local/lib/python3.12/site-packages/airflow/example_dags/example_latest_only.py
[2024-09-06T14:31:46.840+0000] {processor.py:914} INFO - Processing file /home/airflow/.local/lib/python3.12/site-packages/airflow/example_dags/example_latest_only.py for tasks to queue
[2024-09-06T14:31:46.843+0000] {logging_mixin.py:190} INFO - [2024-09-06T14:31:46.842+0000] {dagbag.py:587} INFO - Filling up the DagBag from /home/airflow/.local/lib/python3.12/site-packages/airflow/example_dags/example_latest_only.py
[2024-09-06T14:31:46.849+0000] {processor.py:925} INFO - DAG(s) 'latest_only' retrieved from /home/airflow/.local/lib/python3.12/site-packages/airflow/example_dags/example_latest_only.py
[2024-09-06T14:31:46.872+0000] {logging_mixin.py:190} INFO - [2024-09-06T14:31:46.872+0000] {dag.py:3229} INFO - Sync 1 DAGs
[2024-09-06T14:31:46.900+0000] {logging_mixin.py:190} INFO - [2024-09-06T14:31:46.900+0000] {dag.py:4156} INFO - Setting next_dagrun for latest_only to 2024-09-06 08:00:00+00:00, run_after=2024-09-06 12:00:00+00:00
[2024-09-06T14:31:46.927+0000] {processor.py:208} INFO - Processing /home/airflow/.local/lib/python3.12/site-packages/airflow/example_dags/example_latest_only.py took 0.096 seconds
[2024-09-06T14:32:17.612+0000] {processor.py:186} INFO - Started process (PID=1310) to work on /home/airflow/.local/lib/python3.12/site-packages/airflow/example_dags/example_latest_only.py
[2024-09-06T14:32:17.614+0000] {processor.py:914} INFO - Processing file /home/airflow/.local/lib/python3.12/site-packages/airflow/example_dags/example_latest_only.py for tasks to queue
[2024-09-06T14:32:17.616+0000] {logging_mixin.py:190} INFO - [2024-09-06T14:32:17.616+0000] {dagbag.py:587} INFO - Filling up the DagBag from /home/airflow/.local/lib/python3.12/site-packages/airflow/example_dags/example_latest_only.py
[2024-09-06T14:32:17.621+0000] {processor.py:925} INFO - DAG(s) 'latest_only' retrieved from /home/airflow/.local/lib/python3.12/site-packages/airflow/example_dags/example_latest_only.py
[2024-09-06T14:32:17.639+0000] {logging_mixin.py:190} INFO - [2024-09-06T14:32:17.638+0000] {dag.py:3229} INFO - Sync 1 DAGs
[2024-09-06T14:32:17.657+0000] {logging_mixin.py:190} INFO - [2024-09-06T14:32:17.657+0000] {dag.py:4156} INFO - Setting next_dagrun for latest_only to 2024-09-06 08:00:00+00:00, run_after=2024-09-06 12:00:00+00:00
[2024-09-06T14:32:17.676+0000] {processor.py:208} INFO - Processing /home/airflow/.local/lib/python3.12/site-packages/airflow/example_dags/example_latest_only.py took 0.071 seconds
[2024-09-06T14:32:48.113+0000] {processor.py:186} INFO - Started process (PID=1372) to work on /home/airflow/.local/lib/python3.12/site-packages/airflow/example_dags/example_latest_only.py
[2024-09-06T14:32:48.114+0000] {processor.py:914} INFO - Processing file /home/airflow/.local/lib/python3.12/site-packages/airflow/example_dags/example_latest_only.py for tasks to queue
[2024-09-06T14:32:48.118+0000] {logging_mixin.py:190} INFO - [2024-09-06T14:32:48.117+0000] {dagbag.py:587} INFO - Filling up the DagBag from /home/airflow/.local/lib/python3.12/site-packages/airflow/example_dags/example_latest_only.py
[2024-09-06T14:32:48.126+0000] {processor.py:925} INFO - DAG(s) 'latest_only' retrieved from /home/airflow/.local/lib/python3.12/site-packages/airflow/example_dags/example_latest_only.py
[2024-09-06T14:32:48.147+0000] {logging_mixin.py:190} INFO - [2024-09-06T14:32:48.147+0000] {dag.py:3229} INFO - Sync 1 DAGs
[2024-09-06T14:32:48.170+0000] {logging_mixin.py:190} INFO - [2024-09-06T14:32:48.170+0000] {dag.py:4156} INFO - Setting next_dagrun for latest_only to 2024-09-06 08:00:00+00:00, run_after=2024-09-06 12:00:00+00:00
[2024-09-06T14:32:48.191+0000] {processor.py:208} INFO - Processing /home/airflow/.local/lib/python3.12/site-packages/airflow/example_dags/example_latest_only.py took 0.083 seconds
[2024-09-06T14:33:18.519+0000] {processor.py:186} INFO - Started process (PID=1434) to work on /home/airflow/.local/lib/python3.12/site-packages/airflow/example_dags/example_latest_only.py
[2024-09-06T14:33:18.520+0000] {processor.py:914} INFO - Processing file /home/airflow/.local/lib/python3.12/site-packages/airflow/example_dags/example_latest_only.py for tasks to queue
[2024-09-06T14:33:18.523+0000] {logging_mixin.py:190} INFO - [2024-09-06T14:33:18.523+0000] {dagbag.py:587} INFO - Filling up the DagBag from /home/airflow/.local/lib/python3.12/site-packages/airflow/example_dags/example_latest_only.py
[2024-09-06T14:33:18.530+0000] {processor.py:925} INFO - DAG(s) 'latest_only' retrieved from /home/airflow/.local/lib/python3.12/site-packages/airflow/example_dags/example_latest_only.py
[2024-09-06T14:33:18.551+0000] {logging_mixin.py:190} INFO - [2024-09-06T14:33:18.551+0000] {dag.py:3229} INFO - Sync 1 DAGs
[2024-09-06T14:33:18.574+0000] {logging_mixin.py:190} INFO - [2024-09-06T14:33:18.574+0000] {dag.py:4156} INFO - Setting next_dagrun for latest_only to 2024-09-06 08:00:00+00:00, run_after=2024-09-06 12:00:00+00:00
[2024-09-06T14:33:18.593+0000] {processor.py:208} INFO - Processing /home/airflow/.local/lib/python3.12/site-packages/airflow/example_dags/example_latest_only.py took 0.083 seconds
[2024-09-06T14:33:48.982+0000] {processor.py:186} INFO - Started process (PID=1496) to work on /home/airflow/.local/lib/python3.12/site-packages/airflow/example_dags/example_latest_only.py
[2024-09-06T14:33:48.983+0000] {processor.py:914} INFO - Processing file /home/airflow/.local/lib/python3.12/site-packages/airflow/example_dags/example_latest_only.py for tasks to queue
[2024-09-06T14:33:48.985+0000] {logging_mixin.py:190} INFO - [2024-09-06T14:33:48.985+0000] {dagbag.py:587} INFO - Filling up the DagBag from /home/airflow/.local/lib/python3.12/site-packages/airflow/example_dags/example_latest_only.py
[2024-09-06T14:33:48.991+0000] {processor.py:925} INFO - DAG(s) 'latest_only' retrieved from /home/airflow/.local/lib/python3.12/site-packages/airflow/example_dags/example_latest_only.py
[2024-09-06T14:33:49.010+0000] {logging_mixin.py:190} INFO - [2024-09-06T14:33:49.009+0000] {dag.py:3229} INFO - Sync 1 DAGs
[2024-09-06T14:33:49.034+0000] {logging_mixin.py:190} INFO - [2024-09-06T14:33:49.033+0000] {dag.py:4156} INFO - Setting next_dagrun for latest_only to 2024-09-06 08:00:00+00:00, run_after=2024-09-06 12:00:00+00:00
[2024-09-06T14:33:49.053+0000] {processor.py:208} INFO - Processing /home/airflow/.local/lib/python3.12/site-packages/airflow/example_dags/example_latest_only.py took 0.077 seconds
