[2024-09-06T14:22:12.248+0000] {processor.py:186} INFO - Started process (PID=81) to work on /home/airflow/.local/lib/python3.12/site-packages/airflow/example_dags/example_complex.py
[2024-09-06T14:22:12.249+0000] {processor.py:914} INFO - Processing file /home/airflow/.local/lib/python3.12/site-packages/airflow/example_dags/example_complex.py for tasks to queue
[2024-09-06T14:22:12.252+0000] {logging_mixin.py:190} INFO - [2024-09-06T14:22:12.252+0000] {dagbag.py:587} INFO - Filling up the DagBag from /home/airflow/.local/lib/python3.12/site-packages/airflow/example_dags/example_complex.py
[2024-09-06T14:22:12.268+0000] {processor.py:925} INFO - DAG(s) 'example_complex' retrieved from /home/airflow/.local/lib/python3.12/site-packages/airflow/example_dags/example_complex.py
[2024-09-06T14:22:12.396+0000] {logging_mixin.py:190} INFO - [2024-09-06T14:22:12.395+0000] {override.py:1900} INFO - Created Permission View: can read on DAG:example_complex
[2024-09-06T14:22:12.407+0000] {logging_mixin.py:190} INFO - [2024-09-06T14:22:12.407+0000] {override.py:1900} INFO - Created Permission View: can delete on DAG:example_complex
[2024-09-06T14:22:12.415+0000] {logging_mixin.py:190} INFO - [2024-09-06T14:22:12.415+0000] {override.py:1900} INFO - Created Permission View: can edit on DAG:example_complex
[2024-09-06T14:22:12.424+0000] {logging_mixin.py:190} INFO - [2024-09-06T14:22:12.424+0000] {override.py:1900} INFO - Created Permission View: can read on DAG Run:example_complex
[2024-09-06T14:22:12.431+0000] {logging_mixin.py:190} INFO - [2024-09-06T14:22:12.431+0000] {override.py:1900} INFO - Created Permission View: can delete on DAG Run:example_complex
[2024-09-06T14:22:12.439+0000] {logging_mixin.py:190} INFO - [2024-09-06T14:22:12.439+0000] {override.py:1900} INFO - Created Permission View: menu access on DAG Run:example_complex
[2024-09-06T14:22:12.447+0000] {logging_mixin.py:190} INFO - [2024-09-06T14:22:12.446+0000] {override.py:1900} INFO - Created Permission View: can create on DAG Run:example_complex
[2024-09-06T14:22:12.448+0000] {logging_mixin.py:190} INFO - [2024-09-06T14:22:12.447+0000] {dag.py:3229} INFO - Sync 1 DAGs
[2024-09-06T14:22:12.465+0000] {logging_mixin.py:190} INFO - [2024-09-06T14:22:12.465+0000] {dag.py:3252} INFO - Creating ORM DAG for example_complex
[2024-09-06T14:22:12.466+0000] {logging_mixin.py:190} INFO - [2024-09-06T14:22:12.466+0000] {dag.py:4156} INFO - Setting next_dagrun for example_complex to None, run_after=None
[2024-09-06T14:22:12.487+0000] {processor.py:208} INFO - Processing /home/airflow/.local/lib/python3.12/site-packages/airflow/example_dags/example_complex.py took 0.246 seconds
[2024-09-06T14:22:43.041+0000] {processor.py:186} INFO - Started process (PID=143) to work on /home/airflow/.local/lib/python3.12/site-packages/airflow/example_dags/example_complex.py
[2024-09-06T14:22:43.047+0000] {processor.py:914} INFO - Processing file /home/airflow/.local/lib/python3.12/site-packages/airflow/example_dags/example_complex.py for tasks to queue
[2024-09-06T14:22:43.050+0000] {logging_mixin.py:190} INFO - [2024-09-06T14:22:43.049+0000] {dagbag.py:587} INFO - Filling up the DagBag from /home/airflow/.local/lib/python3.12/site-packages/airflow/example_dags/example_complex.py
[2024-09-06T14:22:43.063+0000] {processor.py:925} INFO - DAG(s) 'example_complex' retrieved from /home/airflow/.local/lib/python3.12/site-packages/airflow/example_dags/example_complex.py
[2024-09-06T14:22:43.093+0000] {logging_mixin.py:190} INFO - [2024-09-06T14:22:43.093+0000] {dag.py:3229} INFO - Sync 1 DAGs
[2024-09-06T14:22:43.105+0000] {logging_mixin.py:190} INFO - [2024-09-06T14:22:43.105+0000] {dag.py:4156} INFO - Setting next_dagrun for example_complex to None, run_after=None
[2024-09-06T14:22:43.122+0000] {processor.py:208} INFO - Processing /home/airflow/.local/lib/python3.12/site-packages/airflow/example_dags/example_complex.py took 0.088 seconds
[2024-09-06T14:23:13.646+0000] {processor.py:186} INFO - Started process (PID=205) to work on /home/airflow/.local/lib/python3.12/site-packages/airflow/example_dags/example_complex.py
[2024-09-06T14:23:13.648+0000] {processor.py:914} INFO - Processing file /home/airflow/.local/lib/python3.12/site-packages/airflow/example_dags/example_complex.py for tasks to queue
[2024-09-06T14:23:13.650+0000] {logging_mixin.py:190} INFO - [2024-09-06T14:23:13.650+0000] {dagbag.py:587} INFO - Filling up the DagBag from /home/airflow/.local/lib/python3.12/site-packages/airflow/example_dags/example_complex.py
[2024-09-06T14:23:13.665+0000] {processor.py:925} INFO - DAG(s) 'example_complex' retrieved from /home/airflow/.local/lib/python3.12/site-packages/airflow/example_dags/example_complex.py
[2024-09-06T14:23:13.695+0000] {logging_mixin.py:190} INFO - [2024-09-06T14:23:13.695+0000] {dag.py:3229} INFO - Sync 1 DAGs
[2024-09-06T14:23:13.707+0000] {logging_mixin.py:190} INFO - [2024-09-06T14:23:13.707+0000] {dag.py:4156} INFO - Setting next_dagrun for example_complex to None, run_after=None
[2024-09-06T14:23:13.722+0000] {processor.py:208} INFO - Processing /home/airflow/.local/lib/python3.12/site-packages/airflow/example_dags/example_complex.py took 0.083 seconds
[2024-09-06T14:23:43.806+0000] {processor.py:186} INFO - Started process (PID=267) to work on /home/airflow/.local/lib/python3.12/site-packages/airflow/example_dags/example_complex.py
[2024-09-06T14:23:43.807+0000] {processor.py:914} INFO - Processing file /home/airflow/.local/lib/python3.12/site-packages/airflow/example_dags/example_complex.py for tasks to queue
[2024-09-06T14:23:43.810+0000] {logging_mixin.py:190} INFO - [2024-09-06T14:23:43.809+0000] {dagbag.py:587} INFO - Filling up the DagBag from /home/airflow/.local/lib/python3.12/site-packages/airflow/example_dags/example_complex.py
[2024-09-06T14:23:43.826+0000] {processor.py:925} INFO - DAG(s) 'example_complex' retrieved from /home/airflow/.local/lib/python3.12/site-packages/airflow/example_dags/example_complex.py
[2024-09-06T14:23:43.861+0000] {logging_mixin.py:190} INFO - [2024-09-06T14:23:43.861+0000] {dag.py:3229} INFO - Sync 1 DAGs
[2024-09-06T14:23:43.878+0000] {logging_mixin.py:190} INFO - [2024-09-06T14:23:43.877+0000] {dag.py:4156} INFO - Setting next_dagrun for example_complex to None, run_after=None
[2024-09-06T14:23:43.898+0000] {processor.py:208} INFO - Processing /home/airflow/.local/lib/python3.12/site-packages/airflow/example_dags/example_complex.py took 0.101 seconds
[2024-09-06T14:24:14.276+0000] {processor.py:186} INFO - Started process (PID=329) to work on /home/airflow/.local/lib/python3.12/site-packages/airflow/example_dags/example_complex.py
[2024-09-06T14:24:14.277+0000] {processor.py:914} INFO - Processing file /home/airflow/.local/lib/python3.12/site-packages/airflow/example_dags/example_complex.py for tasks to queue
[2024-09-06T14:24:14.283+0000] {logging_mixin.py:190} INFO - [2024-09-06T14:24:14.282+0000] {dagbag.py:587} INFO - Filling up the DagBag from /home/airflow/.local/lib/python3.12/site-packages/airflow/example_dags/example_complex.py
[2024-09-06T14:24:14.296+0000] {processor.py:925} INFO - DAG(s) 'example_complex' retrieved from /home/airflow/.local/lib/python3.12/site-packages/airflow/example_dags/example_complex.py
[2024-09-06T14:24:14.329+0000] {logging_mixin.py:190} INFO - [2024-09-06T14:24:14.329+0000] {dag.py:3229} INFO - Sync 1 DAGs
[2024-09-06T14:24:14.341+0000] {logging_mixin.py:190} INFO - [2024-09-06T14:24:14.341+0000] {dag.py:4156} INFO - Setting next_dagrun for example_complex to None, run_after=None
[2024-09-06T14:24:14.359+0000] {processor.py:208} INFO - Processing /home/airflow/.local/lib/python3.12/site-packages/airflow/example_dags/example_complex.py took 0.090 seconds
[2024-09-06T14:24:44.674+0000] {processor.py:186} INFO - Started process (PID=391) to work on /home/airflow/.local/lib/python3.12/site-packages/airflow/example_dags/example_complex.py
[2024-09-06T14:24:44.675+0000] {processor.py:914} INFO - Processing file /home/airflow/.local/lib/python3.12/site-packages/airflow/example_dags/example_complex.py for tasks to queue
[2024-09-06T14:24:44.678+0000] {logging_mixin.py:190} INFO - [2024-09-06T14:24:44.678+0000] {dagbag.py:587} INFO - Filling up the DagBag from /home/airflow/.local/lib/python3.12/site-packages/airflow/example_dags/example_complex.py
[2024-09-06T14:24:44.689+0000] {processor.py:925} INFO - DAG(s) 'example_complex' retrieved from /home/airflow/.local/lib/python3.12/site-packages/airflow/example_dags/example_complex.py
[2024-09-06T14:24:44.721+0000] {logging_mixin.py:190} INFO - [2024-09-06T14:24:44.720+0000] {dag.py:3229} INFO - Sync 1 DAGs
[2024-09-06T14:24:44.734+0000] {logging_mixin.py:190} INFO - [2024-09-06T14:24:44.734+0000] {dag.py:4156} INFO - Setting next_dagrun for example_complex to None, run_after=None
[2024-09-06T14:24:44.752+0000] {processor.py:208} INFO - Processing /home/airflow/.local/lib/python3.12/site-packages/airflow/example_dags/example_complex.py took 0.084 seconds
[2024-09-06T14:25:14.974+0000] {processor.py:186} INFO - Started process (PID=454) to work on /home/airflow/.local/lib/python3.12/site-packages/airflow/example_dags/example_complex.py
[2024-09-06T14:25:14.975+0000] {processor.py:914} INFO - Processing file /home/airflow/.local/lib/python3.12/site-packages/airflow/example_dags/example_complex.py for tasks to queue
[2024-09-06T14:25:14.978+0000] {logging_mixin.py:190} INFO - [2024-09-06T14:25:14.978+0000] {dagbag.py:587} INFO - Filling up the DagBag from /home/airflow/.local/lib/python3.12/site-packages/airflow/example_dags/example_complex.py
[2024-09-06T14:25:14.996+0000] {processor.py:925} INFO - DAG(s) 'example_complex' retrieved from /home/airflow/.local/lib/python3.12/site-packages/airflow/example_dags/example_complex.py
[2024-09-06T14:25:15.033+0000] {logging_mixin.py:190} INFO - [2024-09-06T14:25:15.033+0000] {dag.py:3229} INFO - Sync 1 DAGs
[2024-09-06T14:25:15.049+0000] {logging_mixin.py:190} INFO - [2024-09-06T14:25:15.049+0000] {dag.py:4156} INFO - Setting next_dagrun for example_complex to None, run_after=None
[2024-09-06T14:25:15.070+0000] {processor.py:208} INFO - Processing /home/airflow/.local/lib/python3.12/site-packages/airflow/example_dags/example_complex.py took 0.106 seconds
[2024-09-06T14:25:45.412+0000] {processor.py:186} INFO - Started process (PID=515) to work on /home/airflow/.local/lib/python3.12/site-packages/airflow/example_dags/example_complex.py
[2024-09-06T14:25:45.413+0000] {processor.py:914} INFO - Processing file /home/airflow/.local/lib/python3.12/site-packages/airflow/example_dags/example_complex.py for tasks to queue
[2024-09-06T14:25:45.416+0000] {logging_mixin.py:190} INFO - [2024-09-06T14:25:45.415+0000] {dagbag.py:587} INFO - Filling up the DagBag from /home/airflow/.local/lib/python3.12/site-packages/airflow/example_dags/example_complex.py
[2024-09-06T14:25:45.428+0000] {processor.py:925} INFO - DAG(s) 'example_complex' retrieved from /home/airflow/.local/lib/python3.12/site-packages/airflow/example_dags/example_complex.py
[2024-09-06T14:25:45.455+0000] {logging_mixin.py:190} INFO - [2024-09-06T14:25:45.455+0000] {dag.py:3229} INFO - Sync 1 DAGs
[2024-09-06T14:25:45.467+0000] {logging_mixin.py:190} INFO - [2024-09-06T14:25:45.467+0000] {dag.py:4156} INFO - Setting next_dagrun for example_complex to None, run_after=None
[2024-09-06T14:25:45.485+0000] {processor.py:208} INFO - Processing /home/airflow/.local/lib/python3.12/site-packages/airflow/example_dags/example_complex.py took 0.078 seconds
[2024-09-06T14:26:15.664+0000] {processor.py:186} INFO - Started process (PID=577) to work on /home/airflow/.local/lib/python3.12/site-packages/airflow/example_dags/example_complex.py
[2024-09-06T14:26:15.665+0000] {processor.py:914} INFO - Processing file /home/airflow/.local/lib/python3.12/site-packages/airflow/example_dags/example_complex.py for tasks to queue
[2024-09-06T14:26:15.667+0000] {logging_mixin.py:190} INFO - [2024-09-06T14:26:15.667+0000] {dagbag.py:587} INFO - Filling up the DagBag from /home/airflow/.local/lib/python3.12/site-packages/airflow/example_dags/example_complex.py
[2024-09-06T14:26:15.678+0000] {processor.py:925} INFO - DAG(s) 'example_complex' retrieved from /home/airflow/.local/lib/python3.12/site-packages/airflow/example_dags/example_complex.py
[2024-09-06T14:26:15.710+0000] {logging_mixin.py:190} INFO - [2024-09-06T14:26:15.709+0000] {dag.py:3229} INFO - Sync 1 DAGs
[2024-09-06T14:26:15.723+0000] {logging_mixin.py:190} INFO - [2024-09-06T14:26:15.723+0000] {dag.py:4156} INFO - Setting next_dagrun for example_complex to None, run_after=None
[2024-09-06T14:26:15.741+0000] {processor.py:208} INFO - Processing /home/airflow/.local/lib/python3.12/site-packages/airflow/example_dags/example_complex.py took 0.082 seconds
[2024-09-06T14:26:45.856+0000] {processor.py:186} INFO - Started process (PID=639) to work on /home/airflow/.local/lib/python3.12/site-packages/airflow/example_dags/example_complex.py
[2024-09-06T14:26:45.857+0000] {processor.py:914} INFO - Processing file /home/airflow/.local/lib/python3.12/site-packages/airflow/example_dags/example_complex.py for tasks to queue
[2024-09-06T14:26:45.859+0000] {logging_mixin.py:190} INFO - [2024-09-06T14:26:45.859+0000] {dagbag.py:587} INFO - Filling up the DagBag from /home/airflow/.local/lib/python3.12/site-packages/airflow/example_dags/example_complex.py
[2024-09-06T14:26:45.870+0000] {processor.py:925} INFO - DAG(s) 'example_complex' retrieved from /home/airflow/.local/lib/python3.12/site-packages/airflow/example_dags/example_complex.py
[2024-09-06T14:26:45.896+0000] {logging_mixin.py:190} INFO - [2024-09-06T14:26:45.896+0000] {dag.py:3229} INFO - Sync 1 DAGs
[2024-09-06T14:26:45.909+0000] {logging_mixin.py:190} INFO - [2024-09-06T14:26:45.909+0000] {dag.py:4156} INFO - Setting next_dagrun for example_complex to None, run_after=None
[2024-09-06T14:26:45.926+0000] {processor.py:208} INFO - Processing /home/airflow/.local/lib/python3.12/site-packages/airflow/example_dags/example_complex.py took 0.075 seconds
[2024-09-06T14:27:16.006+0000] {processor.py:186} INFO - Started process (PID=701) to work on /home/airflow/.local/lib/python3.12/site-packages/airflow/example_dags/example_complex.py
[2024-09-06T14:27:16.007+0000] {processor.py:914} INFO - Processing file /home/airflow/.local/lib/python3.12/site-packages/airflow/example_dags/example_complex.py for tasks to queue
[2024-09-06T14:27:16.010+0000] {logging_mixin.py:190} INFO - [2024-09-06T14:27:16.010+0000] {dagbag.py:587} INFO - Filling up the DagBag from /home/airflow/.local/lib/python3.12/site-packages/airflow/example_dags/example_complex.py
[2024-09-06T14:27:16.021+0000] {processor.py:925} INFO - DAG(s) 'example_complex' retrieved from /home/airflow/.local/lib/python3.12/site-packages/airflow/example_dags/example_complex.py
[2024-09-06T14:27:16.048+0000] {logging_mixin.py:190} INFO - [2024-09-06T14:27:16.048+0000] {dag.py:3229} INFO - Sync 1 DAGs
[2024-09-06T14:27:16.062+0000] {logging_mixin.py:190} INFO - [2024-09-06T14:27:16.061+0000] {dag.py:4156} INFO - Setting next_dagrun for example_complex to None, run_after=None
[2024-09-06T14:27:16.080+0000] {processor.py:208} INFO - Processing /home/airflow/.local/lib/python3.12/site-packages/airflow/example_dags/example_complex.py took 0.080 seconds
[2024-09-06T14:27:46.215+0000] {processor.py:186} INFO - Started process (PID=763) to work on /home/airflow/.local/lib/python3.12/site-packages/airflow/example_dags/example_complex.py
[2024-09-06T14:27:46.217+0000] {processor.py:914} INFO - Processing file /home/airflow/.local/lib/python3.12/site-packages/airflow/example_dags/example_complex.py for tasks to queue
[2024-09-06T14:27:46.219+0000] {logging_mixin.py:190} INFO - [2024-09-06T14:27:46.219+0000] {dagbag.py:587} INFO - Filling up the DagBag from /home/airflow/.local/lib/python3.12/site-packages/airflow/example_dags/example_complex.py
[2024-09-06T14:27:46.232+0000] {processor.py:925} INFO - DAG(s) 'example_complex' retrieved from /home/airflow/.local/lib/python3.12/site-packages/airflow/example_dags/example_complex.py
[2024-09-06T14:27:46.263+0000] {logging_mixin.py:190} INFO - [2024-09-06T14:27:46.263+0000] {dag.py:3229} INFO - Sync 1 DAGs
[2024-09-06T14:27:46.276+0000] {logging_mixin.py:190} INFO - [2024-09-06T14:27:46.275+0000] {dag.py:4156} INFO - Setting next_dagrun for example_complex to None, run_after=None
[2024-09-06T14:27:46.293+0000] {processor.py:208} INFO - Processing /home/airflow/.local/lib/python3.12/site-packages/airflow/example_dags/example_complex.py took 0.083 seconds
[2024-09-06T14:28:16.531+0000] {processor.py:186} INFO - Started process (PID=825) to work on /home/airflow/.local/lib/python3.12/site-packages/airflow/example_dags/example_complex.py
[2024-09-06T14:28:16.532+0000] {processor.py:914} INFO - Processing file /home/airflow/.local/lib/python3.12/site-packages/airflow/example_dags/example_complex.py for tasks to queue
[2024-09-06T14:28:16.535+0000] {logging_mixin.py:190} INFO - [2024-09-06T14:28:16.534+0000] {dagbag.py:587} INFO - Filling up the DagBag from /home/airflow/.local/lib/python3.12/site-packages/airflow/example_dags/example_complex.py
[2024-09-06T14:28:16.546+0000] {processor.py:925} INFO - DAG(s) 'example_complex' retrieved from /home/airflow/.local/lib/python3.12/site-packages/airflow/example_dags/example_complex.py
[2024-09-06T14:28:16.573+0000] {logging_mixin.py:190} INFO - [2024-09-06T14:28:16.573+0000] {dag.py:3229} INFO - Sync 1 DAGs
[2024-09-06T14:28:16.585+0000] {logging_mixin.py:190} INFO - [2024-09-06T14:28:16.585+0000] {dag.py:4156} INFO - Setting next_dagrun for example_complex to None, run_after=None
[2024-09-06T14:28:16.602+0000] {processor.py:208} INFO - Processing /home/airflow/.local/lib/python3.12/site-packages/airflow/example_dags/example_complex.py took 0.076 seconds
[2024-09-06T14:28:46.903+0000] {processor.py:186} INFO - Started process (PID=887) to work on /home/airflow/.local/lib/python3.12/site-packages/airflow/example_dags/example_complex.py
[2024-09-06T14:28:46.904+0000] {processor.py:914} INFO - Processing file /home/airflow/.local/lib/python3.12/site-packages/airflow/example_dags/example_complex.py for tasks to queue
[2024-09-06T14:28:46.906+0000] {logging_mixin.py:190} INFO - [2024-09-06T14:28:46.906+0000] {dagbag.py:587} INFO - Filling up the DagBag from /home/airflow/.local/lib/python3.12/site-packages/airflow/example_dags/example_complex.py
[2024-09-06T14:28:46.919+0000] {processor.py:925} INFO - DAG(s) 'example_complex' retrieved from /home/airflow/.local/lib/python3.12/site-packages/airflow/example_dags/example_complex.py
[2024-09-06T14:28:46.945+0000] {logging_mixin.py:190} INFO - [2024-09-06T14:28:46.945+0000] {dag.py:3229} INFO - Sync 1 DAGs
[2024-09-06T14:28:46.957+0000] {logging_mixin.py:190} INFO - [2024-09-06T14:28:46.956+0000] {dag.py:4156} INFO - Setting next_dagrun for example_complex to None, run_after=None
[2024-09-06T14:28:46.976+0000] {processor.py:208} INFO - Processing /home/airflow/.local/lib/python3.12/site-packages/airflow/example_dags/example_complex.py took 0.079 seconds
[2024-09-06T14:29:17.081+0000] {processor.py:186} INFO - Started process (PID=949) to work on /home/airflow/.local/lib/python3.12/site-packages/airflow/example_dags/example_complex.py
[2024-09-06T14:29:17.082+0000] {processor.py:914} INFO - Processing file /home/airflow/.local/lib/python3.12/site-packages/airflow/example_dags/example_complex.py for tasks to queue
[2024-09-06T14:29:17.084+0000] {logging_mixin.py:190} INFO - [2024-09-06T14:29:17.084+0000] {dagbag.py:587} INFO - Filling up the DagBag from /home/airflow/.local/lib/python3.12/site-packages/airflow/example_dags/example_complex.py
[2024-09-06T14:29:17.094+0000] {processor.py:925} INFO - DAG(s) 'example_complex' retrieved from /home/airflow/.local/lib/python3.12/site-packages/airflow/example_dags/example_complex.py
[2024-09-06T14:29:17.124+0000] {logging_mixin.py:190} INFO - [2024-09-06T14:29:17.124+0000] {dag.py:3229} INFO - Sync 1 DAGs
[2024-09-06T14:29:17.139+0000] {logging_mixin.py:190} INFO - [2024-09-06T14:29:17.139+0000] {dag.py:4156} INFO - Setting next_dagrun for example_complex to None, run_after=None
[2024-09-06T14:29:17.160+0000] {processor.py:208} INFO - Processing /home/airflow/.local/lib/python3.12/site-packages/airflow/example_dags/example_complex.py took 0.086 seconds
[2024-09-06T14:29:47.913+0000] {processor.py:186} INFO - Started process (PID=1011) to work on /home/airflow/.local/lib/python3.12/site-packages/airflow/example_dags/example_complex.py
[2024-09-06T14:29:47.914+0000] {processor.py:914} INFO - Processing file /home/airflow/.local/lib/python3.12/site-packages/airflow/example_dags/example_complex.py for tasks to queue
[2024-09-06T14:29:47.917+0000] {logging_mixin.py:190} INFO - [2024-09-06T14:29:47.916+0000] {dagbag.py:587} INFO - Filling up the DagBag from /home/airflow/.local/lib/python3.12/site-packages/airflow/example_dags/example_complex.py
[2024-09-06T14:29:47.927+0000] {processor.py:925} INFO - DAG(s) 'example_complex' retrieved from /home/airflow/.local/lib/python3.12/site-packages/airflow/example_dags/example_complex.py
[2024-09-06T14:29:47.954+0000] {logging_mixin.py:190} INFO - [2024-09-06T14:29:47.954+0000] {dag.py:3229} INFO - Sync 1 DAGs
[2024-09-06T14:29:47.967+0000] {logging_mixin.py:190} INFO - [2024-09-06T14:29:47.967+0000] {dag.py:4156} INFO - Setting next_dagrun for example_complex to None, run_after=None
[2024-09-06T14:29:47.987+0000] {processor.py:208} INFO - Processing /home/airflow/.local/lib/python3.12/site-packages/airflow/example_dags/example_complex.py took 0.079 seconds
[2024-09-06T14:30:18.055+0000] {processor.py:186} INFO - Started process (PID=1073) to work on /home/airflow/.local/lib/python3.12/site-packages/airflow/example_dags/example_complex.py
[2024-09-06T14:30:18.056+0000] {processor.py:914} INFO - Processing file /home/airflow/.local/lib/python3.12/site-packages/airflow/example_dags/example_complex.py for tasks to queue
[2024-09-06T14:30:18.059+0000] {logging_mixin.py:190} INFO - [2024-09-06T14:30:18.059+0000] {dagbag.py:587} INFO - Filling up the DagBag from /home/airflow/.local/lib/python3.12/site-packages/airflow/example_dags/example_complex.py
[2024-09-06T14:30:18.070+0000] {processor.py:925} INFO - DAG(s) 'example_complex' retrieved from /home/airflow/.local/lib/python3.12/site-packages/airflow/example_dags/example_complex.py
[2024-09-06T14:30:18.102+0000] {logging_mixin.py:190} INFO - [2024-09-06T14:30:18.102+0000] {dag.py:3229} INFO - Sync 1 DAGs
[2024-09-06T14:30:18.115+0000] {logging_mixin.py:190} INFO - [2024-09-06T14:30:18.115+0000] {dag.py:4156} INFO - Setting next_dagrun for example_complex to None, run_after=None
[2024-09-06T14:30:18.132+0000] {processor.py:208} INFO - Processing /home/airflow/.local/lib/python3.12/site-packages/airflow/example_dags/example_complex.py took 0.082 seconds
[2024-09-06T14:30:48.219+0000] {processor.py:186} INFO - Started process (PID=1135) to work on /home/airflow/.local/lib/python3.12/site-packages/airflow/example_dags/example_complex.py
[2024-09-06T14:30:48.220+0000] {processor.py:914} INFO - Processing file /home/airflow/.local/lib/python3.12/site-packages/airflow/example_dags/example_complex.py for tasks to queue
[2024-09-06T14:30:48.222+0000] {logging_mixin.py:190} INFO - [2024-09-06T14:30:48.222+0000] {dagbag.py:587} INFO - Filling up the DagBag from /home/airflow/.local/lib/python3.12/site-packages/airflow/example_dags/example_complex.py
[2024-09-06T14:30:48.235+0000] {processor.py:925} INFO - DAG(s) 'example_complex' retrieved from /home/airflow/.local/lib/python3.12/site-packages/airflow/example_dags/example_complex.py
[2024-09-06T14:30:48.268+0000] {logging_mixin.py:190} INFO - [2024-09-06T14:30:48.268+0000] {dag.py:3229} INFO - Sync 1 DAGs
[2024-09-06T14:30:48.281+0000] {logging_mixin.py:190} INFO - [2024-09-06T14:30:48.281+0000] {dag.py:4156} INFO - Setting next_dagrun for example_complex to None, run_after=None
[2024-09-06T14:30:48.299+0000] {processor.py:208} INFO - Processing /home/airflow/.local/lib/python3.12/site-packages/airflow/example_dags/example_complex.py took 0.087 seconds
[2024-09-06T14:31:18.884+0000] {processor.py:186} INFO - Started process (PID=1197) to work on /home/airflow/.local/lib/python3.12/site-packages/airflow/example_dags/example_complex.py
[2024-09-06T14:31:18.885+0000] {processor.py:914} INFO - Processing file /home/airflow/.local/lib/python3.12/site-packages/airflow/example_dags/example_complex.py for tasks to queue
[2024-09-06T14:31:18.888+0000] {logging_mixin.py:190} INFO - [2024-09-06T14:31:18.888+0000] {dagbag.py:587} INFO - Filling up the DagBag from /home/airflow/.local/lib/python3.12/site-packages/airflow/example_dags/example_complex.py
[2024-09-06T14:31:18.901+0000] {processor.py:925} INFO - DAG(s) 'example_complex' retrieved from /home/airflow/.local/lib/python3.12/site-packages/airflow/example_dags/example_complex.py
[2024-09-06T14:31:18.934+0000] {logging_mixin.py:190} INFO - [2024-09-06T14:31:18.933+0000] {dag.py:3229} INFO - Sync 1 DAGs
[2024-09-06T14:31:18.949+0000] {logging_mixin.py:190} INFO - [2024-09-06T14:31:18.948+0000] {dag.py:4156} INFO - Setting next_dagrun for example_complex to None, run_after=None
[2024-09-06T14:31:18.974+0000] {processor.py:208} INFO - Processing /home/airflow/.local/lib/python3.12/site-packages/airflow/example_dags/example_complex.py took 0.097 seconds
[2024-09-06T14:31:49.366+0000] {processor.py:186} INFO - Started process (PID=1259) to work on /home/airflow/.local/lib/python3.12/site-packages/airflow/example_dags/example_complex.py
[2024-09-06T14:31:49.367+0000] {processor.py:914} INFO - Processing file /home/airflow/.local/lib/python3.12/site-packages/airflow/example_dags/example_complex.py for tasks to queue
[2024-09-06T14:31:49.370+0000] {logging_mixin.py:190} INFO - [2024-09-06T14:31:49.370+0000] {dagbag.py:587} INFO - Filling up the DagBag from /home/airflow/.local/lib/python3.12/site-packages/airflow/example_dags/example_complex.py
[2024-09-06T14:31:49.380+0000] {processor.py:925} INFO - DAG(s) 'example_complex' retrieved from /home/airflow/.local/lib/python3.12/site-packages/airflow/example_dags/example_complex.py
[2024-09-06T14:31:49.409+0000] {logging_mixin.py:190} INFO - [2024-09-06T14:31:49.409+0000] {dag.py:3229} INFO - Sync 1 DAGs
[2024-09-06T14:31:49.422+0000] {logging_mixin.py:190} INFO - [2024-09-06T14:31:49.422+0000] {dag.py:4156} INFO - Setting next_dagrun for example_complex to None, run_after=None
[2024-09-06T14:31:49.442+0000] {processor.py:208} INFO - Processing /home/airflow/.local/lib/python3.12/site-packages/airflow/example_dags/example_complex.py took 0.081 seconds
[2024-09-06T14:32:20.162+0000] {processor.py:186} INFO - Started process (PID=1321) to work on /home/airflow/.local/lib/python3.12/site-packages/airflow/example_dags/example_complex.py
[2024-09-06T14:32:20.163+0000] {processor.py:914} INFO - Processing file /home/airflow/.local/lib/python3.12/site-packages/airflow/example_dags/example_complex.py for tasks to queue
[2024-09-06T14:32:20.166+0000] {logging_mixin.py:190} INFO - [2024-09-06T14:32:20.166+0000] {dagbag.py:587} INFO - Filling up the DagBag from /home/airflow/.local/lib/python3.12/site-packages/airflow/example_dags/example_complex.py
[2024-09-06T14:32:20.185+0000] {processor.py:925} INFO - DAG(s) 'example_complex' retrieved from /home/airflow/.local/lib/python3.12/site-packages/airflow/example_dags/example_complex.py
[2024-09-06T14:32:20.219+0000] {logging_mixin.py:190} INFO - [2024-09-06T14:32:20.219+0000] {dag.py:3229} INFO - Sync 1 DAGs
[2024-09-06T14:32:20.236+0000] {logging_mixin.py:190} INFO - [2024-09-06T14:32:20.236+0000] {dag.py:4156} INFO - Setting next_dagrun for example_complex to None, run_after=None
[2024-09-06T14:32:20.261+0000] {processor.py:208} INFO - Processing /home/airflow/.local/lib/python3.12/site-packages/airflow/example_dags/example_complex.py took 0.109 seconds
[2024-09-06T14:32:50.593+0000] {processor.py:186} INFO - Started process (PID=1383) to work on /home/airflow/.local/lib/python3.12/site-packages/airflow/example_dags/example_complex.py
[2024-09-06T14:32:50.594+0000] {processor.py:914} INFO - Processing file /home/airflow/.local/lib/python3.12/site-packages/airflow/example_dags/example_complex.py for tasks to queue
[2024-09-06T14:32:50.596+0000] {logging_mixin.py:190} INFO - [2024-09-06T14:32:50.596+0000] {dagbag.py:587} INFO - Filling up the DagBag from /home/airflow/.local/lib/python3.12/site-packages/airflow/example_dags/example_complex.py
[2024-09-06T14:32:50.614+0000] {processor.py:925} INFO - DAG(s) 'example_complex' retrieved from /home/airflow/.local/lib/python3.12/site-packages/airflow/example_dags/example_complex.py
[2024-09-06T14:32:50.656+0000] {logging_mixin.py:190} INFO - [2024-09-06T14:32:50.656+0000] {dag.py:3229} INFO - Sync 1 DAGs
[2024-09-06T14:32:50.672+0000] {logging_mixin.py:190} INFO - [2024-09-06T14:32:50.671+0000] {dag.py:4156} INFO - Setting next_dagrun for example_complex to None, run_after=None
[2024-09-06T14:32:50.690+0000] {processor.py:208} INFO - Processing /home/airflow/.local/lib/python3.12/site-packages/airflow/example_dags/example_complex.py took 0.103 seconds
[2024-09-06T14:33:21.173+0000] {processor.py:186} INFO - Started process (PID=1445) to work on /home/airflow/.local/lib/python3.12/site-packages/airflow/example_dags/example_complex.py
[2024-09-06T14:33:21.174+0000] {processor.py:914} INFO - Processing file /home/airflow/.local/lib/python3.12/site-packages/airflow/example_dags/example_complex.py for tasks to queue
[2024-09-06T14:33:21.177+0000] {logging_mixin.py:190} INFO - [2024-09-06T14:33:21.176+0000] {dagbag.py:587} INFO - Filling up the DagBag from /home/airflow/.local/lib/python3.12/site-packages/airflow/example_dags/example_complex.py
[2024-09-06T14:33:21.193+0000] {processor.py:925} INFO - DAG(s) 'example_complex' retrieved from /home/airflow/.local/lib/python3.12/site-packages/airflow/example_dags/example_complex.py
[2024-09-06T14:33:21.223+0000] {logging_mixin.py:190} INFO - [2024-09-06T14:33:21.223+0000] {dag.py:3229} INFO - Sync 1 DAGs
[2024-09-06T14:33:21.237+0000] {logging_mixin.py:190} INFO - [2024-09-06T14:33:21.236+0000] {dag.py:4156} INFO - Setting next_dagrun for example_complex to None, run_after=None
[2024-09-06T14:33:21.255+0000] {processor.py:208} INFO - Processing /home/airflow/.local/lib/python3.12/site-packages/airflow/example_dags/example_complex.py took 0.090 seconds
[2024-09-06T14:33:51.608+0000] {processor.py:186} INFO - Started process (PID=1507) to work on /home/airflow/.local/lib/python3.12/site-packages/airflow/example_dags/example_complex.py
[2024-09-06T14:33:51.610+0000] {processor.py:914} INFO - Processing file /home/airflow/.local/lib/python3.12/site-packages/airflow/example_dags/example_complex.py for tasks to queue
[2024-09-06T14:33:51.613+0000] {logging_mixin.py:190} INFO - [2024-09-06T14:33:51.613+0000] {dagbag.py:587} INFO - Filling up the DagBag from /home/airflow/.local/lib/python3.12/site-packages/airflow/example_dags/example_complex.py
[2024-09-06T14:33:51.625+0000] {processor.py:925} INFO - DAG(s) 'example_complex' retrieved from /home/airflow/.local/lib/python3.12/site-packages/airflow/example_dags/example_complex.py
[2024-09-06T14:33:51.654+0000] {logging_mixin.py:190} INFO - [2024-09-06T14:33:51.654+0000] {dag.py:3229} INFO - Sync 1 DAGs
[2024-09-06T14:33:51.668+0000] {logging_mixin.py:190} INFO - [2024-09-06T14:33:51.668+0000] {dag.py:4156} INFO - Setting next_dagrun for example_complex to None, run_after=None
[2024-09-06T14:33:51.684+0000] {processor.py:208} INFO - Processing /home/airflow/.local/lib/python3.12/site-packages/airflow/example_dags/example_complex.py took 0.083 seconds
