[2024-09-06T14:22:09.548+0000] {processor.py:186} INFO - Started process (PID=71) to work on /home/airflow/.local/lib/python3.12/site-packages/airflow/example_dags/example_sensors.py
[2024-09-06T14:22:09.555+0000] {processor.py:914} INFO - Processing file /home/airflow/.local/lib/python3.12/site-packages/airflow/example_dags/example_sensors.py for tasks to queue
[2024-09-06T14:22:09.572+0000] {logging_mixin.py:190} INFO - [2024-09-06T14:22:09.572+0000] {dagbag.py:587} INFO - Filling up the DagBag from /home/airflow/.local/lib/python3.12/site-packages/airflow/example_dags/example_sensors.py
[2024-09-06T14:22:09.643+0000] {processor.py:925} INFO - DAG(s) 'example_sensors' retrieved from /home/airflow/.local/lib/python3.12/site-packages/airflow/example_dags/example_sensors.py
[2024-09-06T14:22:10.124+0000] {logging_mixin.py:190} INFO - [2024-09-06T14:22:10.122+0000] {override.py:1900} INFO - Created Permission View: can read on DAG:example_sensors
[2024-09-06T14:22:10.182+0000] {logging_mixin.py:190} INFO - [2024-09-06T14:22:10.182+0000] {override.py:1900} INFO - Created Permission View: can delete on DAG:example_sensors
[2024-09-06T14:22:10.192+0000] {logging_mixin.py:190} INFO - [2024-09-06T14:22:10.192+0000] {override.py:1900} INFO - Created Permission View: can edit on DAG:example_sensors
[2024-09-06T14:22:10.232+0000] {logging_mixin.py:190} INFO - [2024-09-06T14:22:10.231+0000] {override.py:1900} INFO - Created Permission View: can read on DAG Run:example_sensors
[2024-09-06T14:22:10.247+0000] {logging_mixin.py:190} INFO - [2024-09-06T14:22:10.246+0000] {override.py:1900} INFO - Created Permission View: can delete on DAG Run:example_sensors
[2024-09-06T14:22:10.263+0000] {logging_mixin.py:190} INFO - [2024-09-06T14:22:10.263+0000] {override.py:1900} INFO - Created Permission View: menu access on DAG Run:example_sensors
[2024-09-06T14:22:10.276+0000] {logging_mixin.py:190} INFO - [2024-09-06T14:22:10.276+0000] {override.py:1900} INFO - Created Permission View: can create on DAG Run:example_sensors
[2024-09-06T14:22:10.279+0000] {logging_mixin.py:190} INFO - [2024-09-06T14:22:10.278+0000] {dag.py:3229} INFO - Sync 1 DAGs
[2024-09-06T14:22:10.310+0000] {logging_mixin.py:190} INFO - [2024-09-06T14:22:10.310+0000] {dag.py:3252} INFO - Creating ORM DAG for example_sensors
[2024-09-06T14:22:10.311+0000] {logging_mixin.py:190} INFO - [2024-09-06T14:22:10.311+0000] {dag.py:4156} INFO - Setting next_dagrun for example_sensors to None, run_after=None
[2024-09-06T14:22:10.337+0000] {processor.py:208} INFO - Processing /home/airflow/.local/lib/python3.12/site-packages/airflow/example_dags/example_sensors.py took 0.836 seconds
[2024-09-06T14:22:40.469+0000] {processor.py:186} INFO - Started process (PID=133) to work on /home/airflow/.local/lib/python3.12/site-packages/airflow/example_dags/example_sensors.py
[2024-09-06T14:22:40.470+0000] {processor.py:914} INFO - Processing file /home/airflow/.local/lib/python3.12/site-packages/airflow/example_dags/example_sensors.py for tasks to queue
[2024-09-06T14:22:40.472+0000] {logging_mixin.py:190} INFO - [2024-09-06T14:22:40.471+0000] {dagbag.py:587} INFO - Filling up the DagBag from /home/airflow/.local/lib/python3.12/site-packages/airflow/example_dags/example_sensors.py
[2024-09-06T14:22:40.481+0000] {processor.py:925} INFO - DAG(s) 'example_sensors' retrieved from /home/airflow/.local/lib/python3.12/site-packages/airflow/example_dags/example_sensors.py
[2024-09-06T14:22:40.502+0000] {logging_mixin.py:190} INFO - [2024-09-06T14:22:40.502+0000] {dag.py:3229} INFO - Sync 1 DAGs
[2024-09-06T14:22:40.513+0000] {logging_mixin.py:190} INFO - [2024-09-06T14:22:40.513+0000] {dag.py:4156} INFO - Setting next_dagrun for example_sensors to None, run_after=None
[2024-09-06T14:22:40.531+0000] {processor.py:208} INFO - Processing /home/airflow/.local/lib/python3.12/site-packages/airflow/example_dags/example_sensors.py took 0.067 seconds
[2024-09-06T14:23:11.005+0000] {processor.py:186} INFO - Started process (PID=195) to work on /home/airflow/.local/lib/python3.12/site-packages/airflow/example_dags/example_sensors.py
[2024-09-06T14:23:11.006+0000] {processor.py:914} INFO - Processing file /home/airflow/.local/lib/python3.12/site-packages/airflow/example_dags/example_sensors.py for tasks to queue
[2024-09-06T14:23:11.008+0000] {logging_mixin.py:190} INFO - [2024-09-06T14:23:11.008+0000] {dagbag.py:587} INFO - Filling up the DagBag from /home/airflow/.local/lib/python3.12/site-packages/airflow/example_dags/example_sensors.py
[2024-09-06T14:23:11.017+0000] {processor.py:925} INFO - DAG(s) 'example_sensors' retrieved from /home/airflow/.local/lib/python3.12/site-packages/airflow/example_dags/example_sensors.py
[2024-09-06T14:23:11.043+0000] {logging_mixin.py:190} INFO - [2024-09-06T14:23:11.043+0000] {dag.py:3229} INFO - Sync 1 DAGs
[2024-09-06T14:23:11.057+0000] {logging_mixin.py:190} INFO - [2024-09-06T14:23:11.057+0000] {dag.py:4156} INFO - Setting next_dagrun for example_sensors to None, run_after=None
[2024-09-06T14:23:11.076+0000] {processor.py:208} INFO - Processing /home/airflow/.local/lib/python3.12/site-packages/airflow/example_dags/example_sensors.py took 0.077 seconds
[2024-09-06T14:23:41.222+0000] {processor.py:186} INFO - Started process (PID=257) to work on /home/airflow/.local/lib/python3.12/site-packages/airflow/example_dags/example_sensors.py
[2024-09-06T14:23:41.223+0000] {processor.py:914} INFO - Processing file /home/airflow/.local/lib/python3.12/site-packages/airflow/example_dags/example_sensors.py for tasks to queue
[2024-09-06T14:23:41.225+0000] {logging_mixin.py:190} INFO - [2024-09-06T14:23:41.225+0000] {dagbag.py:587} INFO - Filling up the DagBag from /home/airflow/.local/lib/python3.12/site-packages/airflow/example_dags/example_sensors.py
[2024-09-06T14:23:41.234+0000] {processor.py:925} INFO - DAG(s) 'example_sensors' retrieved from /home/airflow/.local/lib/python3.12/site-packages/airflow/example_dags/example_sensors.py
[2024-09-06T14:23:41.257+0000] {logging_mixin.py:190} INFO - [2024-09-06T14:23:41.257+0000] {dag.py:3229} INFO - Sync 1 DAGs
[2024-09-06T14:23:41.269+0000] {logging_mixin.py:190} INFO - [2024-09-06T14:23:41.269+0000] {dag.py:4156} INFO - Setting next_dagrun for example_sensors to None, run_after=None
[2024-09-06T14:23:41.285+0000] {processor.py:208} INFO - Processing /home/airflow/.local/lib/python3.12/site-packages/airflow/example_dags/example_sensors.py took 0.068 seconds
[2024-09-06T14:24:11.749+0000] {processor.py:186} INFO - Started process (PID=319) to work on /home/airflow/.local/lib/python3.12/site-packages/airflow/example_dags/example_sensors.py
[2024-09-06T14:24:11.750+0000] {processor.py:914} INFO - Processing file /home/airflow/.local/lib/python3.12/site-packages/airflow/example_dags/example_sensors.py for tasks to queue
[2024-09-06T14:24:11.753+0000] {logging_mixin.py:190} INFO - [2024-09-06T14:24:11.752+0000] {dagbag.py:587} INFO - Filling up the DagBag from /home/airflow/.local/lib/python3.12/site-packages/airflow/example_dags/example_sensors.py
[2024-09-06T14:24:11.764+0000] {processor.py:925} INFO - DAG(s) 'example_sensors' retrieved from /home/airflow/.local/lib/python3.12/site-packages/airflow/example_dags/example_sensors.py
[2024-09-06T14:24:11.790+0000] {logging_mixin.py:190} INFO - [2024-09-06T14:24:11.790+0000] {dag.py:3229} INFO - Sync 1 DAGs
[2024-09-06T14:24:11.804+0000] {logging_mixin.py:190} INFO - [2024-09-06T14:24:11.804+0000] {dag.py:4156} INFO - Setting next_dagrun for example_sensors to None, run_after=None
[2024-09-06T14:24:11.821+0000] {processor.py:208} INFO - Processing /home/airflow/.local/lib/python3.12/site-packages/airflow/example_dags/example_sensors.py took 0.077 seconds
[2024-09-06T14:24:42.139+0000] {processor.py:186} INFO - Started process (PID=381) to work on /home/airflow/.local/lib/python3.12/site-packages/airflow/example_dags/example_sensors.py
[2024-09-06T14:24:42.140+0000] {processor.py:914} INFO - Processing file /home/airflow/.local/lib/python3.12/site-packages/airflow/example_dags/example_sensors.py for tasks to queue
[2024-09-06T14:24:42.142+0000] {logging_mixin.py:190} INFO - [2024-09-06T14:24:42.142+0000] {dagbag.py:587} INFO - Filling up the DagBag from /home/airflow/.local/lib/python3.12/site-packages/airflow/example_dags/example_sensors.py
[2024-09-06T14:24:42.151+0000] {processor.py:925} INFO - DAG(s) 'example_sensors' retrieved from /home/airflow/.local/lib/python3.12/site-packages/airflow/example_dags/example_sensors.py
[2024-09-06T14:24:42.172+0000] {logging_mixin.py:190} INFO - [2024-09-06T14:24:42.172+0000] {dag.py:3229} INFO - Sync 1 DAGs
[2024-09-06T14:24:42.183+0000] {logging_mixin.py:190} INFO - [2024-09-06T14:24:42.183+0000] {dag.py:4156} INFO - Setting next_dagrun for example_sensors to None, run_after=None
[2024-09-06T14:24:42.203+0000] {processor.py:208} INFO - Processing /home/airflow/.local/lib/python3.12/site-packages/airflow/example_dags/example_sensors.py took 0.068 seconds
[2024-09-06T14:25:12.494+0000] {processor.py:186} INFO - Started process (PID=444) to work on /home/airflow/.local/lib/python3.12/site-packages/airflow/example_dags/example_sensors.py
[2024-09-06T14:25:12.494+0000] {processor.py:914} INFO - Processing file /home/airflow/.local/lib/python3.12/site-packages/airflow/example_dags/example_sensors.py for tasks to queue
[2024-09-06T14:25:12.496+0000] {logging_mixin.py:190} INFO - [2024-09-06T14:25:12.496+0000] {dagbag.py:587} INFO - Filling up the DagBag from /home/airflow/.local/lib/python3.12/site-packages/airflow/example_dags/example_sensors.py
[2024-09-06T14:25:12.505+0000] {processor.py:925} INFO - DAG(s) 'example_sensors' retrieved from /home/airflow/.local/lib/python3.12/site-packages/airflow/example_dags/example_sensors.py
[2024-09-06T14:25:12.525+0000] {logging_mixin.py:190} INFO - [2024-09-06T14:25:12.525+0000] {dag.py:3229} INFO - Sync 1 DAGs
[2024-09-06T14:25:12.537+0000] {logging_mixin.py:190} INFO - [2024-09-06T14:25:12.536+0000] {dag.py:4156} INFO - Setting next_dagrun for example_sensors to None, run_after=None
[2024-09-06T14:25:12.556+0000] {processor.py:208} INFO - Processing /home/airflow/.local/lib/python3.12/site-packages/airflow/example_dags/example_sensors.py took 0.067 seconds
[2024-09-06T14:25:42.893+0000] {processor.py:186} INFO - Started process (PID=505) to work on /home/airflow/.local/lib/python3.12/site-packages/airflow/example_dags/example_sensors.py
[2024-09-06T14:25:42.894+0000] {processor.py:914} INFO - Processing file /home/airflow/.local/lib/python3.12/site-packages/airflow/example_dags/example_sensors.py for tasks to queue
[2024-09-06T14:25:42.897+0000] {logging_mixin.py:190} INFO - [2024-09-06T14:25:42.896+0000] {dagbag.py:587} INFO - Filling up the DagBag from /home/airflow/.local/lib/python3.12/site-packages/airflow/example_dags/example_sensors.py
[2024-09-06T14:25:42.905+0000] {processor.py:925} INFO - DAG(s) 'example_sensors' retrieved from /home/airflow/.local/lib/python3.12/site-packages/airflow/example_dags/example_sensors.py
[2024-09-06T14:25:42.929+0000] {logging_mixin.py:190} INFO - [2024-09-06T14:25:42.929+0000] {dag.py:3229} INFO - Sync 1 DAGs
[2024-09-06T14:25:42.943+0000] {logging_mixin.py:190} INFO - [2024-09-06T14:25:42.942+0000] {dag.py:4156} INFO - Setting next_dagrun for example_sensors to None, run_after=None
[2024-09-06T14:25:42.962+0000] {processor.py:208} INFO - Processing /home/airflow/.local/lib/python3.12/site-packages/airflow/example_dags/example_sensors.py took 0.074 seconds
[2024-09-06T14:26:13.132+0000] {processor.py:186} INFO - Started process (PID=567) to work on /home/airflow/.local/lib/python3.12/site-packages/airflow/example_dags/example_sensors.py
[2024-09-06T14:26:13.133+0000] {processor.py:914} INFO - Processing file /home/airflow/.local/lib/python3.12/site-packages/airflow/example_dags/example_sensors.py for tasks to queue
[2024-09-06T14:26:13.135+0000] {logging_mixin.py:190} INFO - [2024-09-06T14:26:13.135+0000] {dagbag.py:587} INFO - Filling up the DagBag from /home/airflow/.local/lib/python3.12/site-packages/airflow/example_dags/example_sensors.py
[2024-09-06T14:26:13.143+0000] {processor.py:925} INFO - DAG(s) 'example_sensors' retrieved from /home/airflow/.local/lib/python3.12/site-packages/airflow/example_dags/example_sensors.py
[2024-09-06T14:26:13.167+0000] {logging_mixin.py:190} INFO - [2024-09-06T14:26:13.166+0000] {dag.py:3229} INFO - Sync 1 DAGs
[2024-09-06T14:26:13.183+0000] {logging_mixin.py:190} INFO - [2024-09-06T14:26:13.183+0000] {dag.py:4156} INFO - Setting next_dagrun for example_sensors to None, run_after=None
[2024-09-06T14:26:13.205+0000] {processor.py:208} INFO - Processing /home/airflow/.local/lib/python3.12/site-packages/airflow/example_dags/example_sensors.py took 0.077 seconds
[2024-09-06T14:26:43.349+0000] {processor.py:186} INFO - Started process (PID=629) to work on /home/airflow/.local/lib/python3.12/site-packages/airflow/example_dags/example_sensors.py
[2024-09-06T14:26:43.350+0000] {processor.py:914} INFO - Processing file /home/airflow/.local/lib/python3.12/site-packages/airflow/example_dags/example_sensors.py for tasks to queue
[2024-09-06T14:26:43.352+0000] {logging_mixin.py:190} INFO - [2024-09-06T14:26:43.352+0000] {dagbag.py:587} INFO - Filling up the DagBag from /home/airflow/.local/lib/python3.12/site-packages/airflow/example_dags/example_sensors.py
[2024-09-06T14:26:43.361+0000] {processor.py:925} INFO - DAG(s) 'example_sensors' retrieved from /home/airflow/.local/lib/python3.12/site-packages/airflow/example_dags/example_sensors.py
[2024-09-06T14:26:43.383+0000] {logging_mixin.py:190} INFO - [2024-09-06T14:26:43.383+0000] {dag.py:3229} INFO - Sync 1 DAGs
[2024-09-06T14:26:43.395+0000] {logging_mixin.py:190} INFO - [2024-09-06T14:26:43.395+0000] {dag.py:4156} INFO - Setting next_dagrun for example_sensors to None, run_after=None
[2024-09-06T14:26:43.411+0000] {processor.py:208} INFO - Processing /home/airflow/.local/lib/python3.12/site-packages/airflow/example_dags/example_sensors.py took 0.067 seconds
[2024-09-06T14:27:13.488+0000] {processor.py:186} INFO - Started process (PID=691) to work on /home/airflow/.local/lib/python3.12/site-packages/airflow/example_dags/example_sensors.py
[2024-09-06T14:27:13.489+0000] {processor.py:914} INFO - Processing file /home/airflow/.local/lib/python3.12/site-packages/airflow/example_dags/example_sensors.py for tasks to queue
[2024-09-06T14:27:13.491+0000] {logging_mixin.py:190} INFO - [2024-09-06T14:27:13.491+0000] {dagbag.py:587} INFO - Filling up the DagBag from /home/airflow/.local/lib/python3.12/site-packages/airflow/example_dags/example_sensors.py
[2024-09-06T14:27:13.501+0000] {processor.py:925} INFO - DAG(s) 'example_sensors' retrieved from /home/airflow/.local/lib/python3.12/site-packages/airflow/example_dags/example_sensors.py
[2024-09-06T14:27:13.527+0000] {logging_mixin.py:190} INFO - [2024-09-06T14:27:13.527+0000] {dag.py:3229} INFO - Sync 1 DAGs
[2024-09-06T14:27:13.542+0000] {logging_mixin.py:190} INFO - [2024-09-06T14:27:13.542+0000] {dag.py:4156} INFO - Setting next_dagrun for example_sensors to None, run_after=None
[2024-09-06T14:27:13.561+0000] {processor.py:208} INFO - Processing /home/airflow/.local/lib/python3.12/site-packages/airflow/example_dags/example_sensors.py took 0.078 seconds
[2024-09-06T14:27:43.707+0000] {processor.py:186} INFO - Started process (PID=753) to work on /home/airflow/.local/lib/python3.12/site-packages/airflow/example_dags/example_sensors.py
[2024-09-06T14:27:43.709+0000] {processor.py:914} INFO - Processing file /home/airflow/.local/lib/python3.12/site-packages/airflow/example_dags/example_sensors.py for tasks to queue
[2024-09-06T14:27:43.711+0000] {logging_mixin.py:190} INFO - [2024-09-06T14:27:43.710+0000] {dagbag.py:587} INFO - Filling up the DagBag from /home/airflow/.local/lib/python3.12/site-packages/airflow/example_dags/example_sensors.py
[2024-09-06T14:27:43.720+0000] {processor.py:925} INFO - DAG(s) 'example_sensors' retrieved from /home/airflow/.local/lib/python3.12/site-packages/airflow/example_dags/example_sensors.py
[2024-09-06T14:27:43.741+0000] {logging_mixin.py:190} INFO - [2024-09-06T14:27:43.741+0000] {dag.py:3229} INFO - Sync 1 DAGs
[2024-09-06T14:27:43.752+0000] {logging_mixin.py:190} INFO - [2024-09-06T14:27:43.752+0000] {dag.py:4156} INFO - Setting next_dagrun for example_sensors to None, run_after=None
[2024-09-06T14:27:43.771+0000] {processor.py:208} INFO - Processing /home/airflow/.local/lib/python3.12/site-packages/airflow/example_dags/example_sensors.py took 0.068 seconds
[2024-09-06T14:28:14.021+0000] {processor.py:186} INFO - Started process (PID=815) to work on /home/airflow/.local/lib/python3.12/site-packages/airflow/example_dags/example_sensors.py
[2024-09-06T14:28:14.021+0000] {processor.py:914} INFO - Processing file /home/airflow/.local/lib/python3.12/site-packages/airflow/example_dags/example_sensors.py for tasks to queue
[2024-09-06T14:28:14.023+0000] {logging_mixin.py:190} INFO - [2024-09-06T14:28:14.023+0000] {dagbag.py:587} INFO - Filling up the DagBag from /home/airflow/.local/lib/python3.12/site-packages/airflow/example_dags/example_sensors.py
[2024-09-06T14:28:14.033+0000] {processor.py:925} INFO - DAG(s) 'example_sensors' retrieved from /home/airflow/.local/lib/python3.12/site-packages/airflow/example_dags/example_sensors.py
[2024-09-06T14:28:14.054+0000] {logging_mixin.py:190} INFO - [2024-09-06T14:28:14.054+0000] {dag.py:3229} INFO - Sync 1 DAGs
[2024-09-06T14:28:14.066+0000] {logging_mixin.py:190} INFO - [2024-09-06T14:28:14.066+0000] {dag.py:4156} INFO - Setting next_dagrun for example_sensors to None, run_after=None
[2024-09-06T14:28:14.086+0000] {processor.py:208} INFO - Processing /home/airflow/.local/lib/python3.12/site-packages/airflow/example_dags/example_sensors.py took 0.070 seconds
[2024-09-06T14:28:44.389+0000] {processor.py:186} INFO - Started process (PID=877) to work on /home/airflow/.local/lib/python3.12/site-packages/airflow/example_dags/example_sensors.py
[2024-09-06T14:28:44.390+0000] {processor.py:914} INFO - Processing file /home/airflow/.local/lib/python3.12/site-packages/airflow/example_dags/example_sensors.py for tasks to queue
[2024-09-06T14:28:44.391+0000] {logging_mixin.py:190} INFO - [2024-09-06T14:28:44.391+0000] {dagbag.py:587} INFO - Filling up the DagBag from /home/airflow/.local/lib/python3.12/site-packages/airflow/example_dags/example_sensors.py
[2024-09-06T14:28:44.401+0000] {processor.py:925} INFO - DAG(s) 'example_sensors' retrieved from /home/airflow/.local/lib/python3.12/site-packages/airflow/example_dags/example_sensors.py
[2024-09-06T14:28:44.421+0000] {logging_mixin.py:190} INFO - [2024-09-06T14:28:44.421+0000] {dag.py:3229} INFO - Sync 1 DAGs
[2024-09-06T14:28:44.433+0000] {logging_mixin.py:190} INFO - [2024-09-06T14:28:44.433+0000] {dag.py:4156} INFO - Setting next_dagrun for example_sensors to None, run_after=None
[2024-09-06T14:28:44.453+0000] {processor.py:208} INFO - Processing /home/airflow/.local/lib/python3.12/site-packages/airflow/example_dags/example_sensors.py took 0.069 seconds
[2024-09-06T14:29:14.571+0000] {processor.py:186} INFO - Started process (PID=939) to work on /home/airflow/.local/lib/python3.12/site-packages/airflow/example_dags/example_sensors.py
[2024-09-06T14:29:14.572+0000] {processor.py:914} INFO - Processing file /home/airflow/.local/lib/python3.12/site-packages/airflow/example_dags/example_sensors.py for tasks to queue
[2024-09-06T14:29:14.575+0000] {logging_mixin.py:190} INFO - [2024-09-06T14:29:14.574+0000] {dagbag.py:587} INFO - Filling up the DagBag from /home/airflow/.local/lib/python3.12/site-packages/airflow/example_dags/example_sensors.py
[2024-09-06T14:29:14.583+0000] {processor.py:925} INFO - DAG(s) 'example_sensors' retrieved from /home/airflow/.local/lib/python3.12/site-packages/airflow/example_dags/example_sensors.py
[2024-09-06T14:29:14.606+0000] {logging_mixin.py:190} INFO - [2024-09-06T14:29:14.605+0000] {dag.py:3229} INFO - Sync 1 DAGs
[2024-09-06T14:29:14.620+0000] {logging_mixin.py:190} INFO - [2024-09-06T14:29:14.619+0000] {dag.py:4156} INFO - Setting next_dagrun for example_sensors to None, run_after=None
[2024-09-06T14:29:14.638+0000] {processor.py:208} INFO - Processing /home/airflow/.local/lib/python3.12/site-packages/airflow/example_dags/example_sensors.py took 0.073 seconds
[2024-09-06T14:29:45.407+0000] {processor.py:186} INFO - Started process (PID=1001) to work on /home/airflow/.local/lib/python3.12/site-packages/airflow/example_dags/example_sensors.py
[2024-09-06T14:29:45.408+0000] {processor.py:914} INFO - Processing file /home/airflow/.local/lib/python3.12/site-packages/airflow/example_dags/example_sensors.py for tasks to queue
[2024-09-06T14:29:45.411+0000] {logging_mixin.py:190} INFO - [2024-09-06T14:29:45.410+0000] {dagbag.py:587} INFO - Filling up the DagBag from /home/airflow/.local/lib/python3.12/site-packages/airflow/example_dags/example_sensors.py
[2024-09-06T14:29:45.421+0000] {processor.py:925} INFO - DAG(s) 'example_sensors' retrieved from /home/airflow/.local/lib/python3.12/site-packages/airflow/example_dags/example_sensors.py
[2024-09-06T14:29:45.450+0000] {logging_mixin.py:190} INFO - [2024-09-06T14:29:45.450+0000] {dag.py:3229} INFO - Sync 1 DAGs
[2024-09-06T14:29:45.463+0000] {logging_mixin.py:190} INFO - [2024-09-06T14:29:45.463+0000] {dag.py:4156} INFO - Setting next_dagrun for example_sensors to None, run_after=None
[2024-09-06T14:29:45.489+0000] {processor.py:208} INFO - Processing /home/airflow/.local/lib/python3.12/site-packages/airflow/example_dags/example_sensors.py took 0.087 seconds
[2024-09-06T14:30:15.552+0000] {processor.py:186} INFO - Started process (PID=1063) to work on /home/airflow/.local/lib/python3.12/site-packages/airflow/example_dags/example_sensors.py
[2024-09-06T14:30:15.553+0000] {processor.py:914} INFO - Processing file /home/airflow/.local/lib/python3.12/site-packages/airflow/example_dags/example_sensors.py for tasks to queue
[2024-09-06T14:30:15.555+0000] {logging_mixin.py:190} INFO - [2024-09-06T14:30:15.555+0000] {dagbag.py:587} INFO - Filling up the DagBag from /home/airflow/.local/lib/python3.12/site-packages/airflow/example_dags/example_sensors.py
[2024-09-06T14:30:15.568+0000] {processor.py:925} INFO - DAG(s) 'example_sensors' retrieved from /home/airflow/.local/lib/python3.12/site-packages/airflow/example_dags/example_sensors.py
[2024-09-06T14:30:15.595+0000] {logging_mixin.py:190} INFO - [2024-09-06T14:30:15.595+0000] {dag.py:3229} INFO - Sync 1 DAGs
[2024-09-06T14:30:15.610+0000] {logging_mixin.py:190} INFO - [2024-09-06T14:30:15.610+0000] {dag.py:4156} INFO - Setting next_dagrun for example_sensors to None, run_after=None
[2024-09-06T14:30:15.630+0000] {processor.py:208} INFO - Processing /home/airflow/.local/lib/python3.12/site-packages/airflow/example_dags/example_sensors.py took 0.084 seconds
[2024-09-06T14:30:45.695+0000] {processor.py:186} INFO - Started process (PID=1125) to work on /home/airflow/.local/lib/python3.12/site-packages/airflow/example_dags/example_sensors.py
[2024-09-06T14:30:45.695+0000] {processor.py:914} INFO - Processing file /home/airflow/.local/lib/python3.12/site-packages/airflow/example_dags/example_sensors.py for tasks to queue
[2024-09-06T14:30:45.697+0000] {logging_mixin.py:190} INFO - [2024-09-06T14:30:45.697+0000] {dagbag.py:587} INFO - Filling up the DagBag from /home/airflow/.local/lib/python3.12/site-packages/airflow/example_dags/example_sensors.py
[2024-09-06T14:30:45.706+0000] {processor.py:925} INFO - DAG(s) 'example_sensors' retrieved from /home/airflow/.local/lib/python3.12/site-packages/airflow/example_dags/example_sensors.py
[2024-09-06T14:30:45.729+0000] {logging_mixin.py:190} INFO - [2024-09-06T14:30:45.728+0000] {dag.py:3229} INFO - Sync 1 DAGs
[2024-09-06T14:30:45.740+0000] {logging_mixin.py:190} INFO - [2024-09-06T14:30:45.740+0000] {dag.py:4156} INFO - Setting next_dagrun for example_sensors to None, run_after=None
[2024-09-06T14:30:45.757+0000] {processor.py:208} INFO - Processing /home/airflow/.local/lib/python3.12/site-packages/airflow/example_dags/example_sensors.py took 0.067 seconds
[2024-09-06T14:31:16.198+0000] {processor.py:186} INFO - Started process (PID=1187) to work on /home/airflow/.local/lib/python3.12/site-packages/airflow/example_dags/example_sensors.py
[2024-09-06T14:31:16.200+0000] {processor.py:914} INFO - Processing file /home/airflow/.local/lib/python3.12/site-packages/airflow/example_dags/example_sensors.py for tasks to queue
[2024-09-06T14:31:16.203+0000] {logging_mixin.py:190} INFO - [2024-09-06T14:31:16.203+0000] {dagbag.py:587} INFO - Filling up the DagBag from /home/airflow/.local/lib/python3.12/site-packages/airflow/example_dags/example_sensors.py
[2024-09-06T14:31:16.217+0000] {processor.py:925} INFO - DAG(s) 'example_sensors' retrieved from /home/airflow/.local/lib/python3.12/site-packages/airflow/example_dags/example_sensors.py
[2024-09-06T14:31:16.262+0000] {logging_mixin.py:190} INFO - [2024-09-06T14:31:16.262+0000] {dag.py:3229} INFO - Sync 1 DAGs
[2024-09-06T14:31:16.284+0000] {logging_mixin.py:190} INFO - [2024-09-06T14:31:16.283+0000] {dag.py:4156} INFO - Setting next_dagrun for example_sensors to None, run_after=None
[2024-09-06T14:31:16.330+0000] {processor.py:208} INFO - Processing /home/airflow/.local/lib/python3.12/site-packages/airflow/example_dags/example_sensors.py took 0.139 seconds
[2024-09-06T14:31:46.841+0000] {processor.py:186} INFO - Started process (PID=1249) to work on /home/airflow/.local/lib/python3.12/site-packages/airflow/example_dags/example_sensors.py
[2024-09-06T14:31:46.842+0000] {processor.py:914} INFO - Processing file /home/airflow/.local/lib/python3.12/site-packages/airflow/example_dags/example_sensors.py for tasks to queue
[2024-09-06T14:31:46.844+0000] {logging_mixin.py:190} INFO - [2024-09-06T14:31:46.844+0000] {dagbag.py:587} INFO - Filling up the DagBag from /home/airflow/.local/lib/python3.12/site-packages/airflow/example_dags/example_sensors.py
[2024-09-06T14:31:46.855+0000] {processor.py:925} INFO - DAG(s) 'example_sensors' retrieved from /home/airflow/.local/lib/python3.12/site-packages/airflow/example_dags/example_sensors.py
[2024-09-06T14:31:46.885+0000] {logging_mixin.py:190} INFO - [2024-09-06T14:31:46.884+0000] {dag.py:3229} INFO - Sync 1 DAGs
[2024-09-06T14:31:46.901+0000] {logging_mixin.py:190} INFO - [2024-09-06T14:31:46.901+0000] {dag.py:4156} INFO - Setting next_dagrun for example_sensors to None, run_after=None
[2024-09-06T14:31:46.927+0000] {processor.py:208} INFO - Processing /home/airflow/.local/lib/python3.12/site-packages/airflow/example_dags/example_sensors.py took 0.093 seconds
[2024-09-06T14:32:17.614+0000] {processor.py:186} INFO - Started process (PID=1311) to work on /home/airflow/.local/lib/python3.12/site-packages/airflow/example_dags/example_sensors.py
[2024-09-06T14:32:17.614+0000] {processor.py:914} INFO - Processing file /home/airflow/.local/lib/python3.12/site-packages/airflow/example_dags/example_sensors.py for tasks to queue
[2024-09-06T14:32:17.616+0000] {logging_mixin.py:190} INFO - [2024-09-06T14:32:17.616+0000] {dagbag.py:587} INFO - Filling up the DagBag from /home/airflow/.local/lib/python3.12/site-packages/airflow/example_dags/example_sensors.py
[2024-09-06T14:32:17.625+0000] {processor.py:925} INFO - DAG(s) 'example_sensors' retrieved from /home/airflow/.local/lib/python3.12/site-packages/airflow/example_dags/example_sensors.py
[2024-09-06T14:32:17.647+0000] {logging_mixin.py:190} INFO - [2024-09-06T14:32:17.647+0000] {dag.py:3229} INFO - Sync 1 DAGs
[2024-09-06T14:32:17.659+0000] {logging_mixin.py:190} INFO - [2024-09-06T14:32:17.658+0000] {dag.py:4156} INFO - Setting next_dagrun for example_sensors to None, run_after=None
[2024-09-06T14:32:17.676+0000] {processor.py:208} INFO - Processing /home/airflow/.local/lib/python3.12/site-packages/airflow/example_dags/example_sensors.py took 0.069 seconds
[2024-09-06T14:32:48.113+0000] {processor.py:186} INFO - Started process (PID=1373) to work on /home/airflow/.local/lib/python3.12/site-packages/airflow/example_dags/example_sensors.py
[2024-09-06T14:32:48.114+0000] {processor.py:914} INFO - Processing file /home/airflow/.local/lib/python3.12/site-packages/airflow/example_dags/example_sensors.py for tasks to queue
[2024-09-06T14:32:48.118+0000] {logging_mixin.py:190} INFO - [2024-09-06T14:32:48.117+0000] {dagbag.py:587} INFO - Filling up the DagBag from /home/airflow/.local/lib/python3.12/site-packages/airflow/example_dags/example_sensors.py
[2024-09-06T14:32:48.130+0000] {processor.py:925} INFO - DAG(s) 'example_sensors' retrieved from /home/airflow/.local/lib/python3.12/site-packages/airflow/example_dags/example_sensors.py
[2024-09-06T14:32:48.158+0000] {logging_mixin.py:190} INFO - [2024-09-06T14:32:48.158+0000] {dag.py:3229} INFO - Sync 1 DAGs
[2024-09-06T14:32:48.173+0000] {logging_mixin.py:190} INFO - [2024-09-06T14:32:48.173+0000] {dag.py:4156} INFO - Setting next_dagrun for example_sensors to None, run_after=None
[2024-09-06T14:32:48.191+0000] {processor.py:208} INFO - Processing /home/airflow/.local/lib/python3.12/site-packages/airflow/example_dags/example_sensors.py took 0.083 seconds
[2024-09-06T14:33:18.523+0000] {processor.py:186} INFO - Started process (PID=1435) to work on /home/airflow/.local/lib/python3.12/site-packages/airflow/example_dags/example_sensors.py
[2024-09-06T14:33:18.524+0000] {processor.py:914} INFO - Processing file /home/airflow/.local/lib/python3.12/site-packages/airflow/example_dags/example_sensors.py for tasks to queue
[2024-09-06T14:33:18.526+0000] {logging_mixin.py:190} INFO - [2024-09-06T14:33:18.526+0000] {dagbag.py:587} INFO - Filling up the DagBag from /home/airflow/.local/lib/python3.12/site-packages/airflow/example_dags/example_sensors.py
[2024-09-06T14:33:18.536+0000] {processor.py:925} INFO - DAG(s) 'example_sensors' retrieved from /home/airflow/.local/lib/python3.12/site-packages/airflow/example_dags/example_sensors.py
[2024-09-06T14:33:18.561+0000] {logging_mixin.py:190} INFO - [2024-09-06T14:33:18.561+0000] {dag.py:3229} INFO - Sync 1 DAGs
[2024-09-06T14:33:18.575+0000] {logging_mixin.py:190} INFO - [2024-09-06T14:33:18.575+0000] {dag.py:4156} INFO - Setting next_dagrun for example_sensors to None, run_after=None
[2024-09-06T14:33:18.594+0000] {processor.py:208} INFO - Processing /home/airflow/.local/lib/python3.12/site-packages/airflow/example_dags/example_sensors.py took 0.077 seconds
[2024-09-06T14:33:48.982+0000] {processor.py:186} INFO - Started process (PID=1497) to work on /home/airflow/.local/lib/python3.12/site-packages/airflow/example_dags/example_sensors.py
[2024-09-06T14:33:48.983+0000] {processor.py:914} INFO - Processing file /home/airflow/.local/lib/python3.12/site-packages/airflow/example_dags/example_sensors.py for tasks to queue
[2024-09-06T14:33:48.985+0000] {logging_mixin.py:190} INFO - [2024-09-06T14:33:48.985+0000] {dagbag.py:587} INFO - Filling up the DagBag from /home/airflow/.local/lib/python3.12/site-packages/airflow/example_dags/example_sensors.py
[2024-09-06T14:33:48.994+0000] {processor.py:925} INFO - DAG(s) 'example_sensors' retrieved from /home/airflow/.local/lib/python3.12/site-packages/airflow/example_dags/example_sensors.py
[2024-09-06T14:33:49.021+0000] {logging_mixin.py:190} INFO - [2024-09-06T14:33:49.021+0000] {dag.py:3229} INFO - Sync 1 DAGs
[2024-09-06T14:33:49.037+0000] {logging_mixin.py:190} INFO - [2024-09-06T14:33:49.036+0000] {dag.py:4156} INFO - Setting next_dagrun for example_sensors to None, run_after=None
[2024-09-06T14:33:49.055+0000] {processor.py:208} INFO - Processing /home/airflow/.local/lib/python3.12/site-packages/airflow/example_dags/example_sensors.py took 0.078 seconds
