[2024-09-06T14:22:15.488+0000] {processor.py:186} INFO - Started process (PID=96) to work on /home/airflow/.local/lib/python3.12/site-packages/airflow/example_dags/example_branch_datetime_operator.py
[2024-09-06T14:22:15.489+0000] {processor.py:914} INFO - Processing file /home/airflow/.local/lib/python3.12/site-packages/airflow/example_dags/example_branch_datetime_operator.py for tasks to queue
[2024-09-06T14:22:15.492+0000] {logging_mixin.py:190} INFO - [2024-09-06T14:22:15.492+0000] {dagbag.py:587} INFO - Filling up the DagBag from /home/airflow/.local/lib/python3.12/site-packages/airflow/example_dags/example_branch_datetime_operator.py
[2024-09-06T14:22:15.514+0000] {processor.py:925} INFO - DAG(s) 'example_branch_datetime_operator_3', 'example_branch_datetime_operator_2', 'example_branch_datetime_operator' retrieved from /home/airflow/.local/lib/python3.12/site-packages/airflow/example_dags/example_branch_datetime_operator.py
[2024-09-06T14:22:15.652+0000] {logging_mixin.py:190} INFO - [2024-09-06T14:22:15.652+0000] {override.py:1900} INFO - Created Permission View: can read on DAG:example_branch_datetime_operator_3
[2024-09-06T14:22:15.664+0000] {logging_mixin.py:190} INFO - [2024-09-06T14:22:15.663+0000] {override.py:1900} INFO - Created Permission View: can delete on DAG:example_branch_datetime_operator_3
[2024-09-06T14:22:15.673+0000] {logging_mixin.py:190} INFO - [2024-09-06T14:22:15.673+0000] {override.py:1900} INFO - Created Permission View: can edit on DAG:example_branch_datetime_operator_3
[2024-09-06T14:22:15.686+0000] {logging_mixin.py:190} INFO - [2024-09-06T14:22:15.685+0000] {override.py:1900} INFO - Created Permission View: can read on DAG Run:example_branch_datetime_operator_3
[2024-09-06T14:22:15.693+0000] {logging_mixin.py:190} INFO - [2024-09-06T14:22:15.693+0000] {override.py:1900} INFO - Created Permission View: can delete on DAG Run:example_branch_datetime_operator_3
[2024-09-06T14:22:15.706+0000] {logging_mixin.py:190} INFO - [2024-09-06T14:22:15.705+0000] {override.py:1900} INFO - Created Permission View: menu access on DAG Run:example_branch_datetime_operator_3
[2024-09-06T14:22:15.713+0000] {logging_mixin.py:190} INFO - [2024-09-06T14:22:15.713+0000] {override.py:1900} INFO - Created Permission View: can create on DAG Run:example_branch_datetime_operator_3
[2024-09-06T14:22:15.732+0000] {logging_mixin.py:190} INFO - [2024-09-06T14:22:15.732+0000] {override.py:1900} INFO - Created Permission View: can read on DAG:example_branch_datetime_operator_2
[2024-09-06T14:22:15.742+0000] {logging_mixin.py:190} INFO - [2024-09-06T14:22:15.741+0000] {override.py:1900} INFO - Created Permission View: can delete on DAG:example_branch_datetime_operator_2
[2024-09-06T14:22:15.751+0000] {logging_mixin.py:190} INFO - [2024-09-06T14:22:15.751+0000] {override.py:1900} INFO - Created Permission View: can edit on DAG:example_branch_datetime_operator_2
[2024-09-06T14:22:15.760+0000] {logging_mixin.py:190} INFO - [2024-09-06T14:22:15.760+0000] {override.py:1900} INFO - Created Permission View: can read on DAG Run:example_branch_datetime_operator_2
[2024-09-06T14:22:15.769+0000] {logging_mixin.py:190} INFO - [2024-09-06T14:22:15.768+0000] {override.py:1900} INFO - Created Permission View: can delete on DAG Run:example_branch_datetime_operator_2
[2024-09-06T14:22:15.777+0000] {logging_mixin.py:190} INFO - [2024-09-06T14:22:15.776+0000] {override.py:1900} INFO - Created Permission View: menu access on DAG Run:example_branch_datetime_operator_2
[2024-09-06T14:22:15.785+0000] {logging_mixin.py:190} INFO - [2024-09-06T14:22:15.785+0000] {override.py:1900} INFO - Created Permission View: can create on DAG Run:example_branch_datetime_operator_2
[2024-09-06T14:22:15.801+0000] {logging_mixin.py:190} INFO - [2024-09-06T14:22:15.800+0000] {override.py:1900} INFO - Created Permission View: can read on DAG:example_branch_datetime_operator
[2024-09-06T14:22:15.808+0000] {logging_mixin.py:190} INFO - [2024-09-06T14:22:15.808+0000] {override.py:1900} INFO - Created Permission View: can delete on DAG:example_branch_datetime_operator
[2024-09-06T14:22:15.818+0000] {logging_mixin.py:190} INFO - [2024-09-06T14:22:15.818+0000] {override.py:1900} INFO - Created Permission View: can edit on DAG:example_branch_datetime_operator
[2024-09-06T14:22:15.827+0000] {logging_mixin.py:190} INFO - [2024-09-06T14:22:15.827+0000] {override.py:1900} INFO - Created Permission View: can read on DAG Run:example_branch_datetime_operator
[2024-09-06T14:22:15.838+0000] {logging_mixin.py:190} INFO - [2024-09-06T14:22:15.837+0000] {override.py:1900} INFO - Created Permission View: can delete on DAG Run:example_branch_datetime_operator
[2024-09-06T14:22:15.845+0000] {logging_mixin.py:190} INFO - [2024-09-06T14:22:15.845+0000] {override.py:1900} INFO - Created Permission View: menu access on DAG Run:example_branch_datetime_operator
[2024-09-06T14:22:15.853+0000] {logging_mixin.py:190} INFO - [2024-09-06T14:22:15.853+0000] {override.py:1900} INFO - Created Permission View: can create on DAG Run:example_branch_datetime_operator
[2024-09-06T14:22:15.854+0000] {logging_mixin.py:190} INFO - [2024-09-06T14:22:15.854+0000] {dag.py:3229} INFO - Sync 3 DAGs
[2024-09-06T14:22:15.869+0000] {logging_mixin.py:190} INFO - [2024-09-06T14:22:15.869+0000] {dag.py:3252} INFO - Creating ORM DAG for example_branch_datetime_operator
[2024-09-06T14:22:15.870+0000] {logging_mixin.py:190} INFO - [2024-09-06T14:22:15.870+0000] {dag.py:3252} INFO - Creating ORM DAG for example_branch_datetime_operator_2
[2024-09-06T14:22:15.871+0000] {logging_mixin.py:190} INFO - [2024-09-06T14:22:15.871+0000] {dag.py:3252} INFO - Creating ORM DAG for example_branch_datetime_operator_3
[2024-09-06T14:22:15.881+0000] {logging_mixin.py:190} INFO - [2024-09-06T14:22:15.881+0000] {dag.py:4156} INFO - Setting next_dagrun for example_branch_datetime_operator to 2024-09-05 00:00:00+00:00, run_after=2024-09-06 00:00:00+00:00
[2024-09-06T14:22:15.884+0000] {logging_mixin.py:190} INFO - [2024-09-06T14:22:15.884+0000] {dag.py:4156} INFO - Setting next_dagrun for example_branch_datetime_operator_2 to 2024-09-05 00:00:00+00:00, run_after=2024-09-06 00:00:00+00:00
[2024-09-06T14:22:15.887+0000] {logging_mixin.py:190} INFO - [2024-09-06T14:22:15.886+0000] {dag.py:4156} INFO - Setting next_dagrun for example_branch_datetime_operator_3 to 2024-09-05 00:00:00+00:00, run_after=2024-09-06 00:00:00+00:00
[2024-09-06T14:22:15.908+0000] {processor.py:208} INFO - Processing /home/airflow/.local/lib/python3.12/site-packages/airflow/example_dags/example_branch_datetime_operator.py took 0.428 seconds
[2024-09-06T14:22:46.256+0000] {processor.py:186} INFO - Started process (PID=158) to work on /home/airflow/.local/lib/python3.12/site-packages/airflow/example_dags/example_branch_datetime_operator.py
[2024-09-06T14:22:46.257+0000] {processor.py:914} INFO - Processing file /home/airflow/.local/lib/python3.12/site-packages/airflow/example_dags/example_branch_datetime_operator.py for tasks to queue
[2024-09-06T14:22:46.261+0000] {logging_mixin.py:190} INFO - [2024-09-06T14:22:46.260+0000] {dagbag.py:587} INFO - Filling up the DagBag from /home/airflow/.local/lib/python3.12/site-packages/airflow/example_dags/example_branch_datetime_operator.py
[2024-09-06T14:22:46.272+0000] {processor.py:925} INFO - DAG(s) 'example_branch_datetime_operator_2', 'example_branch_datetime_operator_3', 'example_branch_datetime_operator' retrieved from /home/airflow/.local/lib/python3.12/site-packages/airflow/example_dags/example_branch_datetime_operator.py
[2024-09-06T14:22:46.300+0000] {logging_mixin.py:190} INFO - [2024-09-06T14:22:46.300+0000] {dag.py:3229} INFO - Sync 3 DAGs
[2024-09-06T14:22:46.327+0000] {logging_mixin.py:190} INFO - [2024-09-06T14:22:46.327+0000] {dag.py:4156} INFO - Setting next_dagrun for example_branch_datetime_operator to 2024-09-05 00:00:00+00:00, run_after=2024-09-06 00:00:00+00:00
[2024-09-06T14:22:46.333+0000] {logging_mixin.py:190} INFO - [2024-09-06T14:22:46.333+0000] {dag.py:4156} INFO - Setting next_dagrun for example_branch_datetime_operator_2 to 2024-09-05 00:00:00+00:00, run_after=2024-09-06 00:00:00+00:00
[2024-09-06T14:22:46.337+0000] {logging_mixin.py:190} INFO - [2024-09-06T14:22:46.336+0000] {dag.py:4156} INFO - Setting next_dagrun for example_branch_datetime_operator_3 to 2024-09-05 00:00:00+00:00, run_after=2024-09-06 00:00:00+00:00
[2024-09-06T14:22:46.354+0000] {processor.py:208} INFO - Processing /home/airflow/.local/lib/python3.12/site-packages/airflow/example_dags/example_branch_datetime_operator.py took 0.106 seconds
[2024-09-06T14:23:16.578+0000] {processor.py:186} INFO - Started process (PID=220) to work on /home/airflow/.local/lib/python3.12/site-packages/airflow/example_dags/example_branch_datetime_operator.py
[2024-09-06T14:23:16.579+0000] {processor.py:914} INFO - Processing file /home/airflow/.local/lib/python3.12/site-packages/airflow/example_dags/example_branch_datetime_operator.py for tasks to queue
[2024-09-06T14:23:16.581+0000] {logging_mixin.py:190} INFO - [2024-09-06T14:23:16.581+0000] {dagbag.py:587} INFO - Filling up the DagBag from /home/airflow/.local/lib/python3.12/site-packages/airflow/example_dags/example_branch_datetime_operator.py
[2024-09-06T14:23:16.593+0000] {processor.py:925} INFO - DAG(s) 'example_branch_datetime_operator_2', 'example_branch_datetime_operator', 'example_branch_datetime_operator_3' retrieved from /home/airflow/.local/lib/python3.12/site-packages/airflow/example_dags/example_branch_datetime_operator.py
[2024-09-06T14:23:16.616+0000] {logging_mixin.py:190} INFO - [2024-09-06T14:23:16.616+0000] {dag.py:3229} INFO - Sync 3 DAGs
[2024-09-06T14:23:16.639+0000] {logging_mixin.py:190} INFO - [2024-09-06T14:23:16.639+0000] {dag.py:4156} INFO - Setting next_dagrun for example_branch_datetime_operator to 2024-09-05 00:00:00+00:00, run_after=2024-09-06 00:00:00+00:00
[2024-09-06T14:23:16.645+0000] {logging_mixin.py:190} INFO - [2024-09-06T14:23:16.645+0000] {dag.py:4156} INFO - Setting next_dagrun for example_branch_datetime_operator_2 to 2024-09-05 00:00:00+00:00, run_after=2024-09-06 00:00:00+00:00
[2024-09-06T14:23:16.647+0000] {logging_mixin.py:190} INFO - [2024-09-06T14:23:16.647+0000] {dag.py:4156} INFO - Setting next_dagrun for example_branch_datetime_operator_3 to 2024-09-05 00:00:00+00:00, run_after=2024-09-06 00:00:00+00:00
[2024-09-06T14:23:16.664+0000] {processor.py:208} INFO - Processing /home/airflow/.local/lib/python3.12/site-packages/airflow/example_dags/example_branch_datetime_operator.py took 0.091 seconds
[2024-09-06T14:23:47.025+0000] {processor.py:186} INFO - Started process (PID=282) to work on /home/airflow/.local/lib/python3.12/site-packages/airflow/example_dags/example_branch_datetime_operator.py
[2024-09-06T14:23:47.026+0000] {processor.py:914} INFO - Processing file /home/airflow/.local/lib/python3.12/site-packages/airflow/example_dags/example_branch_datetime_operator.py for tasks to queue
[2024-09-06T14:23:47.028+0000] {logging_mixin.py:190} INFO - [2024-09-06T14:23:47.028+0000] {dagbag.py:587} INFO - Filling up the DagBag from /home/airflow/.local/lib/python3.12/site-packages/airflow/example_dags/example_branch_datetime_operator.py
[2024-09-06T14:23:47.038+0000] {processor.py:925} INFO - DAG(s) 'example_branch_datetime_operator_3', 'example_branch_datetime_operator_2', 'example_branch_datetime_operator' retrieved from /home/airflow/.local/lib/python3.12/site-packages/airflow/example_dags/example_branch_datetime_operator.py
[2024-09-06T14:23:47.061+0000] {logging_mixin.py:190} INFO - [2024-09-06T14:23:47.061+0000] {dag.py:3229} INFO - Sync 3 DAGs
[2024-09-06T14:23:47.082+0000] {logging_mixin.py:190} INFO - [2024-09-06T14:23:47.081+0000] {dag.py:4156} INFO - Setting next_dagrun for example_branch_datetime_operator to 2024-09-05 00:00:00+00:00, run_after=2024-09-06 00:00:00+00:00
[2024-09-06T14:23:47.086+0000] {logging_mixin.py:190} INFO - [2024-09-06T14:23:47.086+0000] {dag.py:4156} INFO - Setting next_dagrun for example_branch_datetime_operator_2 to 2024-09-05 00:00:00+00:00, run_after=2024-09-06 00:00:00+00:00
[2024-09-06T14:23:47.089+0000] {logging_mixin.py:190} INFO - [2024-09-06T14:23:47.089+0000] {dag.py:4156} INFO - Setting next_dagrun for example_branch_datetime_operator_3 to 2024-09-05 00:00:00+00:00, run_after=2024-09-06 00:00:00+00:00
[2024-09-06T14:23:47.112+0000] {processor.py:208} INFO - Processing /home/airflow/.local/lib/python3.12/site-packages/airflow/example_dags/example_branch_datetime_operator.py took 0.091 seconds
[2024-09-06T14:24:17.415+0000] {processor.py:186} INFO - Started process (PID=344) to work on /home/airflow/.local/lib/python3.12/site-packages/airflow/example_dags/example_branch_datetime_operator.py
[2024-09-06T14:24:17.416+0000] {processor.py:914} INFO - Processing file /home/airflow/.local/lib/python3.12/site-packages/airflow/example_dags/example_branch_datetime_operator.py for tasks to queue
[2024-09-06T14:24:17.418+0000] {logging_mixin.py:190} INFO - [2024-09-06T14:24:17.418+0000] {dagbag.py:587} INFO - Filling up the DagBag from /home/airflow/.local/lib/python3.12/site-packages/airflow/example_dags/example_branch_datetime_operator.py
[2024-09-06T14:24:17.434+0000] {processor.py:925} INFO - DAG(s) 'example_branch_datetime_operator_3', 'example_branch_datetime_operator_2', 'example_branch_datetime_operator' retrieved from /home/airflow/.local/lib/python3.12/site-packages/airflow/example_dags/example_branch_datetime_operator.py
[2024-09-06T14:24:17.455+0000] {logging_mixin.py:190} INFO - [2024-09-06T14:24:17.455+0000] {dag.py:3229} INFO - Sync 3 DAGs
[2024-09-06T14:24:17.475+0000] {logging_mixin.py:190} INFO - [2024-09-06T14:24:17.475+0000] {dag.py:4156} INFO - Setting next_dagrun for example_branch_datetime_operator to 2024-09-05 00:00:00+00:00, run_after=2024-09-06 00:00:00+00:00
[2024-09-06T14:24:17.479+0000] {logging_mixin.py:190} INFO - [2024-09-06T14:24:17.479+0000] {dag.py:4156} INFO - Setting next_dagrun for example_branch_datetime_operator_2 to 2024-09-05 00:00:00+00:00, run_after=2024-09-06 00:00:00+00:00
[2024-09-06T14:24:17.482+0000] {logging_mixin.py:190} INFO - [2024-09-06T14:24:17.482+0000] {dag.py:4156} INFO - Setting next_dagrun for example_branch_datetime_operator_3 to 2024-09-05 00:00:00+00:00, run_after=2024-09-06 00:00:00+00:00
[2024-09-06T14:24:17.496+0000] {processor.py:208} INFO - Processing /home/airflow/.local/lib/python3.12/site-packages/airflow/example_dags/example_branch_datetime_operator.py took 0.087 seconds
[2024-09-06T14:24:47.749+0000] {processor.py:186} INFO - Started process (PID=407) to work on /home/airflow/.local/lib/python3.12/site-packages/airflow/example_dags/example_branch_datetime_operator.py
[2024-09-06T14:24:47.750+0000] {processor.py:914} INFO - Processing file /home/airflow/.local/lib/python3.12/site-packages/airflow/example_dags/example_branch_datetime_operator.py for tasks to queue
[2024-09-06T14:24:47.753+0000] {logging_mixin.py:190} INFO - [2024-09-06T14:24:47.752+0000] {dagbag.py:587} INFO - Filling up the DagBag from /home/airflow/.local/lib/python3.12/site-packages/airflow/example_dags/example_branch_datetime_operator.py
[2024-09-06T14:24:47.772+0000] {processor.py:925} INFO - DAG(s) 'example_branch_datetime_operator_3', 'example_branch_datetime_operator', 'example_branch_datetime_operator_2' retrieved from /home/airflow/.local/lib/python3.12/site-packages/airflow/example_dags/example_branch_datetime_operator.py
[2024-09-06T14:24:47.810+0000] {logging_mixin.py:190} INFO - [2024-09-06T14:24:47.809+0000] {dag.py:3229} INFO - Sync 3 DAGs
[2024-09-06T14:24:47.847+0000] {logging_mixin.py:190} INFO - [2024-09-06T14:24:47.846+0000] {dag.py:4156} INFO - Setting next_dagrun for example_branch_datetime_operator to 2024-09-05 00:00:00+00:00, run_after=2024-09-06 00:00:00+00:00
[2024-09-06T14:24:47.853+0000] {logging_mixin.py:190} INFO - [2024-09-06T14:24:47.853+0000] {dag.py:4156} INFO - Setting next_dagrun for example_branch_datetime_operator_2 to 2024-09-05 00:00:00+00:00, run_after=2024-09-06 00:00:00+00:00
[2024-09-06T14:24:47.856+0000] {logging_mixin.py:190} INFO - [2024-09-06T14:24:47.856+0000] {dag.py:4156} INFO - Setting next_dagrun for example_branch_datetime_operator_3 to 2024-09-05 00:00:00+00:00, run_after=2024-09-06 00:00:00+00:00
[2024-09-06T14:24:47.893+0000] {processor.py:208} INFO - Processing /home/airflow/.local/lib/python3.12/site-packages/airflow/example_dags/example_branch_datetime_operator.py took 0.152 seconds
[2024-09-06T14:25:18.103+0000] {processor.py:186} INFO - Started process (PID=470) to work on /home/airflow/.local/lib/python3.12/site-packages/airflow/example_dags/example_branch_datetime_operator.py
[2024-09-06T14:25:18.104+0000] {processor.py:914} INFO - Processing file /home/airflow/.local/lib/python3.12/site-packages/airflow/example_dags/example_branch_datetime_operator.py for tasks to queue
[2024-09-06T14:25:18.106+0000] {logging_mixin.py:190} INFO - [2024-09-06T14:25:18.106+0000] {dagbag.py:587} INFO - Filling up the DagBag from /home/airflow/.local/lib/python3.12/site-packages/airflow/example_dags/example_branch_datetime_operator.py
[2024-09-06T14:25:18.118+0000] {processor.py:925} INFO - DAG(s) 'example_branch_datetime_operator_3', 'example_branch_datetime_operator', 'example_branch_datetime_operator_2' retrieved from /home/airflow/.local/lib/python3.12/site-packages/airflow/example_dags/example_branch_datetime_operator.py
[2024-09-06T14:25:18.141+0000] {logging_mixin.py:190} INFO - [2024-09-06T14:25:18.141+0000] {dag.py:3229} INFO - Sync 3 DAGs
[2024-09-06T14:25:18.162+0000] {logging_mixin.py:190} INFO - [2024-09-06T14:25:18.162+0000] {dag.py:4156} INFO - Setting next_dagrun for example_branch_datetime_operator to 2024-09-05 00:00:00+00:00, run_after=2024-09-06 00:00:00+00:00
[2024-09-06T14:25:18.167+0000] {logging_mixin.py:190} INFO - [2024-09-06T14:25:18.166+0000] {dag.py:4156} INFO - Setting next_dagrun for example_branch_datetime_operator_2 to 2024-09-05 00:00:00+00:00, run_after=2024-09-06 00:00:00+00:00
[2024-09-06T14:25:18.169+0000] {logging_mixin.py:190} INFO - [2024-09-06T14:25:18.169+0000] {dag.py:4156} INFO - Setting next_dagrun for example_branch_datetime_operator_3 to 2024-09-05 00:00:00+00:00, run_after=2024-09-06 00:00:00+00:00
[2024-09-06T14:25:18.184+0000] {processor.py:208} INFO - Processing /home/airflow/.local/lib/python3.12/site-packages/airflow/example_dags/example_branch_datetime_operator.py took 0.087 seconds
[2024-09-06T14:25:48.310+0000] {processor.py:186} INFO - Started process (PID=530) to work on /home/airflow/.local/lib/python3.12/site-packages/airflow/example_dags/example_branch_datetime_operator.py
[2024-09-06T14:25:48.311+0000] {processor.py:914} INFO - Processing file /home/airflow/.local/lib/python3.12/site-packages/airflow/example_dags/example_branch_datetime_operator.py for tasks to queue
[2024-09-06T14:25:48.313+0000] {logging_mixin.py:190} INFO - [2024-09-06T14:25:48.313+0000] {dagbag.py:587} INFO - Filling up the DagBag from /home/airflow/.local/lib/python3.12/site-packages/airflow/example_dags/example_branch_datetime_operator.py
[2024-09-06T14:25:48.326+0000] {processor.py:925} INFO - DAG(s) 'example_branch_datetime_operator_2', 'example_branch_datetime_operator', 'example_branch_datetime_operator_3' retrieved from /home/airflow/.local/lib/python3.12/site-packages/airflow/example_dags/example_branch_datetime_operator.py
[2024-09-06T14:25:48.350+0000] {logging_mixin.py:190} INFO - [2024-09-06T14:25:48.349+0000] {dag.py:3229} INFO - Sync 3 DAGs
[2024-09-06T14:25:48.375+0000] {logging_mixin.py:190} INFO - [2024-09-06T14:25:48.374+0000] {dag.py:4156} INFO - Setting next_dagrun for example_branch_datetime_operator to 2024-09-05 00:00:00+00:00, run_after=2024-09-06 00:00:00+00:00
[2024-09-06T14:25:48.380+0000] {logging_mixin.py:190} INFO - [2024-09-06T14:25:48.380+0000] {dag.py:4156} INFO - Setting next_dagrun for example_branch_datetime_operator_2 to 2024-09-05 00:00:00+00:00, run_after=2024-09-06 00:00:00+00:00
[2024-09-06T14:25:48.383+0000] {logging_mixin.py:190} INFO - [2024-09-06T14:25:48.383+0000] {dag.py:4156} INFO - Setting next_dagrun for example_branch_datetime_operator_3 to 2024-09-05 00:00:00+00:00, run_after=2024-09-06 00:00:00+00:00
[2024-09-06T14:25:48.401+0000] {processor.py:208} INFO - Processing /home/airflow/.local/lib/python3.12/site-packages/airflow/example_dags/example_branch_datetime_operator.py took 0.095 seconds
[2024-09-06T14:26:18.584+0000] {processor.py:186} INFO - Started process (PID=592) to work on /home/airflow/.local/lib/python3.12/site-packages/airflow/example_dags/example_branch_datetime_operator.py
[2024-09-06T14:26:18.585+0000] {processor.py:914} INFO - Processing file /home/airflow/.local/lib/python3.12/site-packages/airflow/example_dags/example_branch_datetime_operator.py for tasks to queue
[2024-09-06T14:26:18.587+0000] {logging_mixin.py:190} INFO - [2024-09-06T14:26:18.587+0000] {dagbag.py:587} INFO - Filling up the DagBag from /home/airflow/.local/lib/python3.12/site-packages/airflow/example_dags/example_branch_datetime_operator.py
[2024-09-06T14:26:18.598+0000] {processor.py:925} INFO - DAG(s) 'example_branch_datetime_operator_3', 'example_branch_datetime_operator_2', 'example_branch_datetime_operator' retrieved from /home/airflow/.local/lib/python3.12/site-packages/airflow/example_dags/example_branch_datetime_operator.py
[2024-09-06T14:26:18.625+0000] {logging_mixin.py:190} INFO - [2024-09-06T14:26:18.625+0000] {dag.py:3229} INFO - Sync 3 DAGs
[2024-09-06T14:26:18.651+0000] {logging_mixin.py:190} INFO - [2024-09-06T14:26:18.650+0000] {dag.py:4156} INFO - Setting next_dagrun for example_branch_datetime_operator to 2024-09-05 00:00:00+00:00, run_after=2024-09-06 00:00:00+00:00
[2024-09-06T14:26:18.657+0000] {logging_mixin.py:190} INFO - [2024-09-06T14:26:18.656+0000] {dag.py:4156} INFO - Setting next_dagrun for example_branch_datetime_operator_2 to 2024-09-05 00:00:00+00:00, run_after=2024-09-06 00:00:00+00:00
[2024-09-06T14:26:18.660+0000] {logging_mixin.py:190} INFO - [2024-09-06T14:26:18.660+0000] {dag.py:4156} INFO - Setting next_dagrun for example_branch_datetime_operator_3 to 2024-09-05 00:00:00+00:00, run_after=2024-09-06 00:00:00+00:00
[2024-09-06T14:26:18.679+0000] {processor.py:208} INFO - Processing /home/airflow/.local/lib/python3.12/site-packages/airflow/example_dags/example_branch_datetime_operator.py took 0.099 seconds
[2024-09-06T14:26:48.860+0000] {processor.py:186} INFO - Started process (PID=654) to work on /home/airflow/.local/lib/python3.12/site-packages/airflow/example_dags/example_branch_datetime_operator.py
[2024-09-06T14:26:48.861+0000] {processor.py:914} INFO - Processing file /home/airflow/.local/lib/python3.12/site-packages/airflow/example_dags/example_branch_datetime_operator.py for tasks to queue
[2024-09-06T14:26:48.863+0000] {logging_mixin.py:190} INFO - [2024-09-06T14:26:48.863+0000] {dagbag.py:587} INFO - Filling up the DagBag from /home/airflow/.local/lib/python3.12/site-packages/airflow/example_dags/example_branch_datetime_operator.py
[2024-09-06T14:26:48.874+0000] {processor.py:925} INFO - DAG(s) 'example_branch_datetime_operator_2', 'example_branch_datetime_operator_3', 'example_branch_datetime_operator' retrieved from /home/airflow/.local/lib/python3.12/site-packages/airflow/example_dags/example_branch_datetime_operator.py
[2024-09-06T14:26:48.901+0000] {logging_mixin.py:190} INFO - [2024-09-06T14:26:48.901+0000] {dag.py:3229} INFO - Sync 3 DAGs
[2024-09-06T14:26:48.925+0000] {logging_mixin.py:190} INFO - [2024-09-06T14:26:48.925+0000] {dag.py:4156} INFO - Setting next_dagrun for example_branch_datetime_operator to 2024-09-05 00:00:00+00:00, run_after=2024-09-06 00:00:00+00:00
[2024-09-06T14:26:48.930+0000] {logging_mixin.py:190} INFO - [2024-09-06T14:26:48.930+0000] {dag.py:4156} INFO - Setting next_dagrun for example_branch_datetime_operator_2 to 2024-09-05 00:00:00+00:00, run_after=2024-09-06 00:00:00+00:00
[2024-09-06T14:26:48.933+0000] {logging_mixin.py:190} INFO - [2024-09-06T14:26:48.933+0000] {dag.py:4156} INFO - Setting next_dagrun for example_branch_datetime_operator_3 to 2024-09-05 00:00:00+00:00, run_after=2024-09-06 00:00:00+00:00
[2024-09-06T14:26:48.951+0000] {processor.py:208} INFO - Processing /home/airflow/.local/lib/python3.12/site-packages/airflow/example_dags/example_branch_datetime_operator.py took 0.096 seconds
[2024-09-06T14:27:19.067+0000] {processor.py:186} INFO - Started process (PID=716) to work on /home/airflow/.local/lib/python3.12/site-packages/airflow/example_dags/example_branch_datetime_operator.py
[2024-09-06T14:27:19.068+0000] {processor.py:914} INFO - Processing file /home/airflow/.local/lib/python3.12/site-packages/airflow/example_dags/example_branch_datetime_operator.py for tasks to queue
[2024-09-06T14:27:19.071+0000] {logging_mixin.py:190} INFO - [2024-09-06T14:27:19.070+0000] {dagbag.py:587} INFO - Filling up the DagBag from /home/airflow/.local/lib/python3.12/site-packages/airflow/example_dags/example_branch_datetime_operator.py
[2024-09-06T14:27:19.084+0000] {processor.py:925} INFO - DAG(s) 'example_branch_datetime_operator_2', 'example_branch_datetime_operator_3', 'example_branch_datetime_operator' retrieved from /home/airflow/.local/lib/python3.12/site-packages/airflow/example_dags/example_branch_datetime_operator.py
[2024-09-06T14:27:19.108+0000] {logging_mixin.py:190} INFO - [2024-09-06T14:27:19.107+0000] {dag.py:3229} INFO - Sync 3 DAGs
[2024-09-06T14:27:19.130+0000] {logging_mixin.py:190} INFO - [2024-09-06T14:27:19.130+0000] {dag.py:4156} INFO - Setting next_dagrun for example_branch_datetime_operator to 2024-09-05 00:00:00+00:00, run_after=2024-09-06 00:00:00+00:00
[2024-09-06T14:27:19.134+0000] {logging_mixin.py:190} INFO - [2024-09-06T14:27:19.134+0000] {dag.py:4156} INFO - Setting next_dagrun for example_branch_datetime_operator_2 to 2024-09-05 00:00:00+00:00, run_after=2024-09-06 00:00:00+00:00
[2024-09-06T14:27:19.136+0000] {logging_mixin.py:190} INFO - [2024-09-06T14:27:19.136+0000] {dag.py:4156} INFO - Setting next_dagrun for example_branch_datetime_operator_3 to 2024-09-05 00:00:00+00:00, run_after=2024-09-06 00:00:00+00:00
[2024-09-06T14:27:19.151+0000] {processor.py:208} INFO - Processing /home/airflow/.local/lib/python3.12/site-packages/airflow/example_dags/example_branch_datetime_operator.py took 0.089 seconds
[2024-09-06T14:27:49.361+0000] {processor.py:186} INFO - Started process (PID=778) to work on /home/airflow/.local/lib/python3.12/site-packages/airflow/example_dags/example_branch_datetime_operator.py
[2024-09-06T14:27:49.362+0000] {processor.py:914} INFO - Processing file /home/airflow/.local/lib/python3.12/site-packages/airflow/example_dags/example_branch_datetime_operator.py for tasks to queue
[2024-09-06T14:27:49.364+0000] {logging_mixin.py:190} INFO - [2024-09-06T14:27:49.364+0000] {dagbag.py:587} INFO - Filling up the DagBag from /home/airflow/.local/lib/python3.12/site-packages/airflow/example_dags/example_branch_datetime_operator.py
[2024-09-06T14:27:49.374+0000] {processor.py:925} INFO - DAG(s) 'example_branch_datetime_operator', 'example_branch_datetime_operator_3', 'example_branch_datetime_operator_2' retrieved from /home/airflow/.local/lib/python3.12/site-packages/airflow/example_dags/example_branch_datetime_operator.py
[2024-09-06T14:27:49.398+0000] {logging_mixin.py:190} INFO - [2024-09-06T14:27:49.398+0000] {dag.py:3229} INFO - Sync 3 DAGs
[2024-09-06T14:27:49.420+0000] {logging_mixin.py:190} INFO - [2024-09-06T14:27:49.420+0000] {dag.py:4156} INFO - Setting next_dagrun for example_branch_datetime_operator to 2024-09-05 00:00:00+00:00, run_after=2024-09-06 00:00:00+00:00
[2024-09-06T14:27:49.426+0000] {logging_mixin.py:190} INFO - [2024-09-06T14:27:49.426+0000] {dag.py:4156} INFO - Setting next_dagrun for example_branch_datetime_operator_2 to 2024-09-05 00:00:00+00:00, run_after=2024-09-06 00:00:00+00:00
[2024-09-06T14:27:49.429+0000] {logging_mixin.py:190} INFO - [2024-09-06T14:27:49.429+0000] {dag.py:4156} INFO - Setting next_dagrun for example_branch_datetime_operator_3 to 2024-09-05 00:00:00+00:00, run_after=2024-09-06 00:00:00+00:00
[2024-09-06T14:27:49.449+0000] {processor.py:208} INFO - Processing /home/airflow/.local/lib/python3.12/site-packages/airflow/example_dags/example_branch_datetime_operator.py took 0.093 seconds
[2024-09-06T14:28:19.561+0000] {processor.py:186} INFO - Started process (PID=840) to work on /home/airflow/.local/lib/python3.12/site-packages/airflow/example_dags/example_branch_datetime_operator.py
[2024-09-06T14:28:19.562+0000] {processor.py:914} INFO - Processing file /home/airflow/.local/lib/python3.12/site-packages/airflow/example_dags/example_branch_datetime_operator.py for tasks to queue
[2024-09-06T14:28:19.564+0000] {logging_mixin.py:190} INFO - [2024-09-06T14:28:19.563+0000] {dagbag.py:587} INFO - Filling up the DagBag from /home/airflow/.local/lib/python3.12/site-packages/airflow/example_dags/example_branch_datetime_operator.py
[2024-09-06T14:28:19.574+0000] {processor.py:925} INFO - DAG(s) 'example_branch_datetime_operator_2', 'example_branch_datetime_operator_3', 'example_branch_datetime_operator' retrieved from /home/airflow/.local/lib/python3.12/site-packages/airflow/example_dags/example_branch_datetime_operator.py
[2024-09-06T14:28:19.596+0000] {logging_mixin.py:190} INFO - [2024-09-06T14:28:19.596+0000] {dag.py:3229} INFO - Sync 3 DAGs
[2024-09-06T14:28:19.618+0000] {logging_mixin.py:190} INFO - [2024-09-06T14:28:19.617+0000] {dag.py:4156} INFO - Setting next_dagrun for example_branch_datetime_operator to 2024-09-05 00:00:00+00:00, run_after=2024-09-06 00:00:00+00:00
[2024-09-06T14:28:19.622+0000] {logging_mixin.py:190} INFO - [2024-09-06T14:28:19.622+0000] {dag.py:4156} INFO - Setting next_dagrun for example_branch_datetime_operator_2 to 2024-09-05 00:00:00+00:00, run_after=2024-09-06 00:00:00+00:00
[2024-09-06T14:28:19.624+0000] {logging_mixin.py:190} INFO - [2024-09-06T14:28:19.624+0000] {dag.py:4156} INFO - Setting next_dagrun for example_branch_datetime_operator_3 to 2024-09-05 00:00:00+00:00, run_after=2024-09-06 00:00:00+00:00
[2024-09-06T14:28:19.637+0000] {processor.py:208} INFO - Processing /home/airflow/.local/lib/python3.12/site-packages/airflow/example_dags/example_branch_datetime_operator.py took 0.082 seconds
[2024-09-06T14:28:49.990+0000] {processor.py:186} INFO - Started process (PID=902) to work on /home/airflow/.local/lib/python3.12/site-packages/airflow/example_dags/example_branch_datetime_operator.py
[2024-09-06T14:28:49.991+0000] {processor.py:914} INFO - Processing file /home/airflow/.local/lib/python3.12/site-packages/airflow/example_dags/example_branch_datetime_operator.py for tasks to queue
[2024-09-06T14:28:49.993+0000] {logging_mixin.py:190} INFO - [2024-09-06T14:28:49.992+0000] {dagbag.py:587} INFO - Filling up the DagBag from /home/airflow/.local/lib/python3.12/site-packages/airflow/example_dags/example_branch_datetime_operator.py
[2024-09-06T14:28:50.003+0000] {processor.py:925} INFO - DAG(s) 'example_branch_datetime_operator_2', 'example_branch_datetime_operator', 'example_branch_datetime_operator_3' retrieved from /home/airflow/.local/lib/python3.12/site-packages/airflow/example_dags/example_branch_datetime_operator.py
[2024-09-06T14:28:50.025+0000] {logging_mixin.py:190} INFO - [2024-09-06T14:28:50.025+0000] {dag.py:3229} INFO - Sync 3 DAGs
[2024-09-06T14:28:50.045+0000] {logging_mixin.py:190} INFO - [2024-09-06T14:28:50.045+0000] {dag.py:4156} INFO - Setting next_dagrun for example_branch_datetime_operator to 2024-09-05 00:00:00+00:00, run_after=2024-09-06 00:00:00+00:00
[2024-09-06T14:28:50.049+0000] {logging_mixin.py:190} INFO - [2024-09-06T14:28:50.049+0000] {dag.py:4156} INFO - Setting next_dagrun for example_branch_datetime_operator_2 to 2024-09-05 00:00:00+00:00, run_after=2024-09-06 00:00:00+00:00
[2024-09-06T14:28:50.052+0000] {logging_mixin.py:190} INFO - [2024-09-06T14:28:50.051+0000] {dag.py:4156} INFO - Setting next_dagrun for example_branch_datetime_operator_3 to 2024-09-05 00:00:00+00:00, run_after=2024-09-06 00:00:00+00:00
[2024-09-06T14:28:50.069+0000] {processor.py:208} INFO - Processing /home/airflow/.local/lib/python3.12/site-packages/airflow/example_dags/example_branch_datetime_operator.py took 0.085 seconds
[2024-09-06T14:29:20.829+0000] {processor.py:186} INFO - Started process (PID=964) to work on /home/airflow/.local/lib/python3.12/site-packages/airflow/example_dags/example_branch_datetime_operator.py
[2024-09-06T14:29:20.830+0000] {processor.py:914} INFO - Processing file /home/airflow/.local/lib/python3.12/site-packages/airflow/example_dags/example_branch_datetime_operator.py for tasks to queue
[2024-09-06T14:29:20.832+0000] {logging_mixin.py:190} INFO - [2024-09-06T14:29:20.832+0000] {dagbag.py:587} INFO - Filling up the DagBag from /home/airflow/.local/lib/python3.12/site-packages/airflow/example_dags/example_branch_datetime_operator.py
[2024-09-06T14:29:20.842+0000] {processor.py:925} INFO - DAG(s) 'example_branch_datetime_operator_2', 'example_branch_datetime_operator_3', 'example_branch_datetime_operator' retrieved from /home/airflow/.local/lib/python3.12/site-packages/airflow/example_dags/example_branch_datetime_operator.py
[2024-09-06T14:29:20.865+0000] {logging_mixin.py:190} INFO - [2024-09-06T14:29:20.865+0000] {dag.py:3229} INFO - Sync 3 DAGs
[2024-09-06T14:29:20.886+0000] {logging_mixin.py:190} INFO - [2024-09-06T14:29:20.885+0000] {dag.py:4156} INFO - Setting next_dagrun for example_branch_datetime_operator to 2024-09-05 00:00:00+00:00, run_after=2024-09-06 00:00:00+00:00
[2024-09-06T14:29:20.890+0000] {logging_mixin.py:190} INFO - [2024-09-06T14:29:20.890+0000] {dag.py:4156} INFO - Setting next_dagrun for example_branch_datetime_operator_2 to 2024-09-05 00:00:00+00:00, run_after=2024-09-06 00:00:00+00:00
[2024-09-06T14:29:20.892+0000] {logging_mixin.py:190} INFO - [2024-09-06T14:29:20.892+0000] {dag.py:4156} INFO - Setting next_dagrun for example_branch_datetime_operator_3 to 2024-09-05 00:00:00+00:00, run_after=2024-09-06 00:00:00+00:00
[2024-09-06T14:29:20.908+0000] {processor.py:208} INFO - Processing /home/airflow/.local/lib/python3.12/site-packages/airflow/example_dags/example_branch_datetime_operator.py took 0.084 seconds
[2024-09-06T14:29:51.775+0000] {processor.py:186} INFO - Started process (PID=1026) to work on /home/airflow/.local/lib/python3.12/site-packages/airflow/example_dags/example_branch_datetime_operator.py
[2024-09-06T14:29:51.777+0000] {processor.py:914} INFO - Processing file /home/airflow/.local/lib/python3.12/site-packages/airflow/example_dags/example_branch_datetime_operator.py for tasks to queue
[2024-09-06T14:29:51.779+0000] {logging_mixin.py:190} INFO - [2024-09-06T14:29:51.779+0000] {dagbag.py:587} INFO - Filling up the DagBag from /home/airflow/.local/lib/python3.12/site-packages/airflow/example_dags/example_branch_datetime_operator.py
[2024-09-06T14:29:51.791+0000] {processor.py:925} INFO - DAG(s) 'example_branch_datetime_operator', 'example_branch_datetime_operator_2', 'example_branch_datetime_operator_3' retrieved from /home/airflow/.local/lib/python3.12/site-packages/airflow/example_dags/example_branch_datetime_operator.py
[2024-09-06T14:29:51.815+0000] {logging_mixin.py:190} INFO - [2024-09-06T14:29:51.814+0000] {dag.py:3229} INFO - Sync 3 DAGs
[2024-09-06T14:29:51.836+0000] {logging_mixin.py:190} INFO - [2024-09-06T14:29:51.836+0000] {dag.py:4156} INFO - Setting next_dagrun for example_branch_datetime_operator to 2024-09-05 00:00:00+00:00, run_after=2024-09-06 00:00:00+00:00
[2024-09-06T14:29:51.841+0000] {logging_mixin.py:190} INFO - [2024-09-06T14:29:51.841+0000] {dag.py:4156} INFO - Setting next_dagrun for example_branch_datetime_operator_2 to 2024-09-05 00:00:00+00:00, run_after=2024-09-06 00:00:00+00:00
[2024-09-06T14:29:51.844+0000] {logging_mixin.py:190} INFO - [2024-09-06T14:29:51.844+0000] {dag.py:4156} INFO - Setting next_dagrun for example_branch_datetime_operator_3 to 2024-09-05 00:00:00+00:00, run_after=2024-09-06 00:00:00+00:00
[2024-09-06T14:29:51.862+0000] {processor.py:208} INFO - Processing /home/airflow/.local/lib/python3.12/site-packages/airflow/example_dags/example_branch_datetime_operator.py took 0.092 seconds
[2024-09-06T14:30:21.904+0000] {processor.py:186} INFO - Started process (PID=1087) to work on /home/airflow/.local/lib/python3.12/site-packages/airflow/example_dags/example_branch_datetime_operator.py
[2024-09-06T14:30:21.905+0000] {processor.py:914} INFO - Processing file /home/airflow/.local/lib/python3.12/site-packages/airflow/example_dags/example_branch_datetime_operator.py for tasks to queue
[2024-09-06T14:30:21.907+0000] {logging_mixin.py:190} INFO - [2024-09-06T14:30:21.906+0000] {dagbag.py:587} INFO - Filling up the DagBag from /home/airflow/.local/lib/python3.12/site-packages/airflow/example_dags/example_branch_datetime_operator.py
[2024-09-06T14:30:21.916+0000] {processor.py:925} INFO - DAG(s) 'example_branch_datetime_operator', 'example_branch_datetime_operator_2', 'example_branch_datetime_operator_3' retrieved from /home/airflow/.local/lib/python3.12/site-packages/airflow/example_dags/example_branch_datetime_operator.py
[2024-09-06T14:30:21.938+0000] {logging_mixin.py:190} INFO - [2024-09-06T14:30:21.938+0000] {dag.py:3229} INFO - Sync 3 DAGs
[2024-09-06T14:30:21.960+0000] {logging_mixin.py:190} INFO - [2024-09-06T14:30:21.959+0000] {dag.py:4156} INFO - Setting next_dagrun for example_branch_datetime_operator to 2024-09-05 00:00:00+00:00, run_after=2024-09-06 00:00:00+00:00
[2024-09-06T14:30:21.964+0000] {logging_mixin.py:190} INFO - [2024-09-06T14:30:21.964+0000] {dag.py:4156} INFO - Setting next_dagrun for example_branch_datetime_operator_2 to 2024-09-05 00:00:00+00:00, run_after=2024-09-06 00:00:00+00:00
[2024-09-06T14:30:21.966+0000] {logging_mixin.py:190} INFO - [2024-09-06T14:30:21.966+0000] {dag.py:4156} INFO - Setting next_dagrun for example_branch_datetime_operator_3 to 2024-09-05 00:00:00+00:00, run_after=2024-09-06 00:00:00+00:00
[2024-09-06T14:30:21.984+0000] {processor.py:208} INFO - Processing /home/airflow/.local/lib/python3.12/site-packages/airflow/example_dags/example_branch_datetime_operator.py took 0.085 seconds
[2024-09-06T14:30:52.076+0000] {processor.py:186} INFO - Started process (PID=1149) to work on /home/airflow/.local/lib/python3.12/site-packages/airflow/example_dags/example_branch_datetime_operator.py
[2024-09-06T14:30:52.077+0000] {processor.py:914} INFO - Processing file /home/airflow/.local/lib/python3.12/site-packages/airflow/example_dags/example_branch_datetime_operator.py for tasks to queue
[2024-09-06T14:30:52.079+0000] {logging_mixin.py:190} INFO - [2024-09-06T14:30:52.079+0000] {dagbag.py:587} INFO - Filling up the DagBag from /home/airflow/.local/lib/python3.12/site-packages/airflow/example_dags/example_branch_datetime_operator.py
[2024-09-06T14:30:52.090+0000] {processor.py:925} INFO - DAG(s) 'example_branch_datetime_operator_3', 'example_branch_datetime_operator_2', 'example_branch_datetime_operator' retrieved from /home/airflow/.local/lib/python3.12/site-packages/airflow/example_dags/example_branch_datetime_operator.py
[2024-09-06T14:30:52.113+0000] {logging_mixin.py:190} INFO - [2024-09-06T14:30:52.112+0000] {dag.py:3229} INFO - Sync 3 DAGs
[2024-09-06T14:30:52.131+0000] {logging_mixin.py:190} INFO - [2024-09-06T14:30:52.131+0000] {dag.py:4156} INFO - Setting next_dagrun for example_branch_datetime_operator to 2024-09-05 00:00:00+00:00, run_after=2024-09-06 00:00:00+00:00
[2024-09-06T14:30:52.136+0000] {logging_mixin.py:190} INFO - [2024-09-06T14:30:52.135+0000] {dag.py:4156} INFO - Setting next_dagrun for example_branch_datetime_operator_2 to 2024-09-05 00:00:00+00:00, run_after=2024-09-06 00:00:00+00:00
[2024-09-06T14:30:52.139+0000] {logging_mixin.py:190} INFO - [2024-09-06T14:30:52.139+0000] {dag.py:4156} INFO - Setting next_dagrun for example_branch_datetime_operator_3 to 2024-09-05 00:00:00+00:00, run_after=2024-09-06 00:00:00+00:00
[2024-09-06T14:30:52.156+0000] {processor.py:208} INFO - Processing /home/airflow/.local/lib/python3.12/site-packages/airflow/example_dags/example_branch_datetime_operator.py took 0.086 seconds
[2024-09-06T14:31:22.836+0000] {processor.py:186} INFO - Started process (PID=1212) to work on /home/airflow/.local/lib/python3.12/site-packages/airflow/example_dags/example_branch_datetime_operator.py
[2024-09-06T14:31:22.837+0000] {processor.py:914} INFO - Processing file /home/airflow/.local/lib/python3.12/site-packages/airflow/example_dags/example_branch_datetime_operator.py for tasks to queue
[2024-09-06T14:31:22.839+0000] {logging_mixin.py:190} INFO - [2024-09-06T14:31:22.839+0000] {dagbag.py:587} INFO - Filling up the DagBag from /home/airflow/.local/lib/python3.12/site-packages/airflow/example_dags/example_branch_datetime_operator.py
[2024-09-06T14:31:22.850+0000] {processor.py:925} INFO - DAG(s) 'example_branch_datetime_operator_3', 'example_branch_datetime_operator_2', 'example_branch_datetime_operator' retrieved from /home/airflow/.local/lib/python3.12/site-packages/airflow/example_dags/example_branch_datetime_operator.py
[2024-09-06T14:31:22.879+0000] {logging_mixin.py:190} INFO - [2024-09-06T14:31:22.878+0000] {dag.py:3229} INFO - Sync 3 DAGs
[2024-09-06T14:31:22.909+0000] {logging_mixin.py:190} INFO - [2024-09-06T14:31:22.909+0000] {dag.py:4156} INFO - Setting next_dagrun for example_branch_datetime_operator to 2024-09-05 00:00:00+00:00, run_after=2024-09-06 00:00:00+00:00
[2024-09-06T14:31:22.914+0000] {logging_mixin.py:190} INFO - [2024-09-06T14:31:22.914+0000] {dag.py:4156} INFO - Setting next_dagrun for example_branch_datetime_operator_2 to 2024-09-05 00:00:00+00:00, run_after=2024-09-06 00:00:00+00:00
[2024-09-06T14:31:22.919+0000] {logging_mixin.py:190} INFO - [2024-09-06T14:31:22.918+0000] {dag.py:4156} INFO - Setting next_dagrun for example_branch_datetime_operator_3 to 2024-09-05 00:00:00+00:00, run_after=2024-09-06 00:00:00+00:00
[2024-09-06T14:31:22.936+0000] {processor.py:208} INFO - Processing /home/airflow/.local/lib/python3.12/site-packages/airflow/example_dags/example_branch_datetime_operator.py took 0.107 seconds
[2024-09-06T14:31:53.525+0000] {processor.py:186} INFO - Started process (PID=1274) to work on /home/airflow/.local/lib/python3.12/site-packages/airflow/example_dags/example_branch_datetime_operator.py
[2024-09-06T14:31:53.526+0000] {processor.py:914} INFO - Processing file /home/airflow/.local/lib/python3.12/site-packages/airflow/example_dags/example_branch_datetime_operator.py for tasks to queue
[2024-09-06T14:31:53.529+0000] {logging_mixin.py:190} INFO - [2024-09-06T14:31:53.528+0000] {dagbag.py:587} INFO - Filling up the DagBag from /home/airflow/.local/lib/python3.12/site-packages/airflow/example_dags/example_branch_datetime_operator.py
[2024-09-06T14:31:53.538+0000] {processor.py:925} INFO - DAG(s) 'example_branch_datetime_operator', 'example_branch_datetime_operator_2', 'example_branch_datetime_operator_3' retrieved from /home/airflow/.local/lib/python3.12/site-packages/airflow/example_dags/example_branch_datetime_operator.py
[2024-09-06T14:31:53.562+0000] {logging_mixin.py:190} INFO - [2024-09-06T14:31:53.562+0000] {dag.py:3229} INFO - Sync 3 DAGs
[2024-09-06T14:31:53.583+0000] {logging_mixin.py:190} INFO - [2024-09-06T14:31:53.582+0000] {dag.py:4156} INFO - Setting next_dagrun for example_branch_datetime_operator to 2024-09-05 00:00:00+00:00, run_after=2024-09-06 00:00:00+00:00
[2024-09-06T14:31:53.587+0000] {logging_mixin.py:190} INFO - [2024-09-06T14:31:53.587+0000] {dag.py:4156} INFO - Setting next_dagrun for example_branch_datetime_operator_2 to 2024-09-05 00:00:00+00:00, run_after=2024-09-06 00:00:00+00:00
[2024-09-06T14:31:53.589+0000] {logging_mixin.py:190} INFO - [2024-09-06T14:31:53.589+0000] {dag.py:4156} INFO - Setting next_dagrun for example_branch_datetime_operator_3 to 2024-09-05 00:00:00+00:00, run_after=2024-09-06 00:00:00+00:00
[2024-09-06T14:31:53.607+0000] {processor.py:208} INFO - Processing /home/airflow/.local/lib/python3.12/site-packages/airflow/example_dags/example_branch_datetime_operator.py took 0.087 seconds
[2024-09-06T14:32:24.059+0000] {processor.py:186} INFO - Started process (PID=1336) to work on /home/airflow/.local/lib/python3.12/site-packages/airflow/example_dags/example_branch_datetime_operator.py
[2024-09-06T14:32:24.060+0000] {processor.py:914} INFO - Processing file /home/airflow/.local/lib/python3.12/site-packages/airflow/example_dags/example_branch_datetime_operator.py for tasks to queue
[2024-09-06T14:32:24.062+0000] {logging_mixin.py:190} INFO - [2024-09-06T14:32:24.061+0000] {dagbag.py:587} INFO - Filling up the DagBag from /home/airflow/.local/lib/python3.12/site-packages/airflow/example_dags/example_branch_datetime_operator.py
[2024-09-06T14:32:24.073+0000] {processor.py:925} INFO - DAG(s) 'example_branch_datetime_operator_2', 'example_branch_datetime_operator', 'example_branch_datetime_operator_3' retrieved from /home/airflow/.local/lib/python3.12/site-packages/airflow/example_dags/example_branch_datetime_operator.py
[2024-09-06T14:32:24.097+0000] {logging_mixin.py:190} INFO - [2024-09-06T14:32:24.097+0000] {dag.py:3229} INFO - Sync 3 DAGs
[2024-09-06T14:32:24.125+0000] {logging_mixin.py:190} INFO - [2024-09-06T14:32:24.125+0000] {dag.py:4156} INFO - Setting next_dagrun for example_branch_datetime_operator to 2024-09-05 00:00:00+00:00, run_after=2024-09-06 00:00:00+00:00
[2024-09-06T14:32:24.133+0000] {logging_mixin.py:190} INFO - [2024-09-06T14:32:24.133+0000] {dag.py:4156} INFO - Setting next_dagrun for example_branch_datetime_operator_2 to 2024-09-05 00:00:00+00:00, run_after=2024-09-06 00:00:00+00:00
[2024-09-06T14:32:24.136+0000] {logging_mixin.py:190} INFO - [2024-09-06T14:32:24.136+0000] {dag.py:4156} INFO - Setting next_dagrun for example_branch_datetime_operator_3 to 2024-09-05 00:00:00+00:00, run_after=2024-09-06 00:00:00+00:00
[2024-09-06T14:32:24.152+0000] {processor.py:208} INFO - Processing /home/airflow/.local/lib/python3.12/site-packages/airflow/example_dags/example_branch_datetime_operator.py took 0.099 seconds
[2024-09-06T14:32:54.527+0000] {processor.py:186} INFO - Started process (PID=1398) to work on /home/airflow/.local/lib/python3.12/site-packages/airflow/example_dags/example_branch_datetime_operator.py
[2024-09-06T14:32:54.529+0000] {processor.py:914} INFO - Processing file /home/airflow/.local/lib/python3.12/site-packages/airflow/example_dags/example_branch_datetime_operator.py for tasks to queue
[2024-09-06T14:32:54.531+0000] {logging_mixin.py:190} INFO - [2024-09-06T14:32:54.531+0000] {dagbag.py:587} INFO - Filling up the DagBag from /home/airflow/.local/lib/python3.12/site-packages/airflow/example_dags/example_branch_datetime_operator.py
[2024-09-06T14:32:54.547+0000] {processor.py:925} INFO - DAG(s) 'example_branch_datetime_operator', 'example_branch_datetime_operator_3', 'example_branch_datetime_operator_2' retrieved from /home/airflow/.local/lib/python3.12/site-packages/airflow/example_dags/example_branch_datetime_operator.py
[2024-09-06T14:32:54.591+0000] {logging_mixin.py:190} INFO - [2024-09-06T14:32:54.591+0000] {dag.py:3229} INFO - Sync 3 DAGs
[2024-09-06T14:32:54.626+0000] {logging_mixin.py:190} INFO - [2024-09-06T14:32:54.626+0000] {dag.py:4156} INFO - Setting next_dagrun for example_branch_datetime_operator to 2024-09-05 00:00:00+00:00, run_after=2024-09-06 00:00:00+00:00
[2024-09-06T14:32:54.632+0000] {logging_mixin.py:190} INFO - [2024-09-06T14:32:54.631+0000] {dag.py:4156} INFO - Setting next_dagrun for example_branch_datetime_operator_2 to 2024-09-05 00:00:00+00:00, run_after=2024-09-06 00:00:00+00:00
[2024-09-06T14:32:54.638+0000] {logging_mixin.py:190} INFO - [2024-09-06T14:32:54.637+0000] {dag.py:4156} INFO - Setting next_dagrun for example_branch_datetime_operator_3 to 2024-09-05 00:00:00+00:00, run_after=2024-09-06 00:00:00+00:00
[2024-09-06T14:32:54.657+0000] {processor.py:208} INFO - Processing /home/airflow/.local/lib/python3.12/site-packages/airflow/example_dags/example_branch_datetime_operator.py took 0.137 seconds
[2024-09-06T14:33:25.077+0000] {processor.py:186} INFO - Started process (PID=1460) to work on /home/airflow/.local/lib/python3.12/site-packages/airflow/example_dags/example_branch_datetime_operator.py
[2024-09-06T14:33:25.078+0000] {processor.py:914} INFO - Processing file /home/airflow/.local/lib/python3.12/site-packages/airflow/example_dags/example_branch_datetime_operator.py for tasks to queue
[2024-09-06T14:33:25.081+0000] {logging_mixin.py:190} INFO - [2024-09-06T14:33:25.080+0000] {dagbag.py:587} INFO - Filling up the DagBag from /home/airflow/.local/lib/python3.12/site-packages/airflow/example_dags/example_branch_datetime_operator.py
[2024-09-06T14:33:25.097+0000] {processor.py:925} INFO - DAG(s) 'example_branch_datetime_operator_2', 'example_branch_datetime_operator_3', 'example_branch_datetime_operator' retrieved from /home/airflow/.local/lib/python3.12/site-packages/airflow/example_dags/example_branch_datetime_operator.py
[2024-09-06T14:33:25.129+0000] {logging_mixin.py:190} INFO - [2024-09-06T14:33:25.129+0000] {dag.py:3229} INFO - Sync 3 DAGs
[2024-09-06T14:33:25.162+0000] {logging_mixin.py:190} INFO - [2024-09-06T14:33:25.162+0000] {dag.py:4156} INFO - Setting next_dagrun for example_branch_datetime_operator to 2024-09-05 00:00:00+00:00, run_after=2024-09-06 00:00:00+00:00
[2024-09-06T14:33:25.168+0000] {logging_mixin.py:190} INFO - [2024-09-06T14:33:25.168+0000] {dag.py:4156} INFO - Setting next_dagrun for example_branch_datetime_operator_2 to 2024-09-05 00:00:00+00:00, run_after=2024-09-06 00:00:00+00:00
[2024-09-06T14:33:25.173+0000] {logging_mixin.py:190} INFO - [2024-09-06T14:33:25.173+0000] {dag.py:4156} INFO - Setting next_dagrun for example_branch_datetime_operator_3 to 2024-09-05 00:00:00+00:00, run_after=2024-09-06 00:00:00+00:00
[2024-09-06T14:33:25.192+0000] {processor.py:208} INFO - Processing /home/airflow/.local/lib/python3.12/site-packages/airflow/example_dags/example_branch_datetime_operator.py took 0.123 seconds
