[2024-09-06T14:22:12.001+0000] {processor.py:186} INFO - Started process (PID=80) to work on /home/airflow/.local/lib/python3.12/site-packages/airflow/example_dags/example_xcomargs.py
[2024-09-06T14:22:12.002+0000] {processor.py:914} INFO - Processing file /home/airflow/.local/lib/python3.12/site-packages/airflow/example_dags/example_xcomargs.py for tasks to queue
[2024-09-06T14:22:12.005+0000] {logging_mixin.py:190} INFO - [2024-09-06T14:22:12.005+0000] {dagbag.py:587} INFO - Filling up the DagBag from /home/airflow/.local/lib/python3.12/site-packages/airflow/example_dags/example_xcomargs.py
[2024-09-06T14:22:12.028+0000] {processor.py:925} INFO - DAG(s) 'example_xcom_args_with_operators', 'example_xcom_args' retrieved from /home/airflow/.local/lib/python3.12/site-packages/airflow/example_dags/example_xcomargs.py
[2024-09-06T14:22:12.173+0000] {logging_mixin.py:190} INFO - [2024-09-06T14:22:12.172+0000] {override.py:1900} INFO - Created Permission View: can read on DAG:example_xcom_args_with_operators
[2024-09-06T14:22:12.185+0000] {logging_mixin.py:190} INFO - [2024-09-06T14:22:12.184+0000] {override.py:1900} INFO - Created Permission View: can delete on DAG:example_xcom_args_with_operators
[2024-09-06T14:22:12.192+0000] {logging_mixin.py:190} INFO - [2024-09-06T14:22:12.191+0000] {override.py:1900} INFO - Created Permission View: can edit on DAG:example_xcom_args_with_operators
[2024-09-06T14:22:12.199+0000] {logging_mixin.py:190} INFO - [2024-09-06T14:22:12.199+0000] {override.py:1900} INFO - Created Permission View: can read on DAG Run:example_xcom_args_with_operators
[2024-09-06T14:22:12.205+0000] {logging_mixin.py:190} INFO - [2024-09-06T14:22:12.205+0000] {override.py:1900} INFO - Created Permission View: can delete on DAG Run:example_xcom_args_with_operators
[2024-09-06T14:22:12.211+0000] {logging_mixin.py:190} INFO - [2024-09-06T14:22:12.211+0000] {override.py:1900} INFO - Created Permission View: menu access on DAG Run:example_xcom_args_with_operators
[2024-09-06T14:22:12.218+0000] {logging_mixin.py:190} INFO - [2024-09-06T14:22:12.218+0000] {override.py:1900} INFO - Created Permission View: can create on DAG Run:example_xcom_args_with_operators
[2024-09-06T14:22:12.233+0000] {logging_mixin.py:190} INFO - [2024-09-06T14:22:12.233+0000] {override.py:1900} INFO - Created Permission View: can read on DAG:example_xcom_args
[2024-09-06T14:22:12.241+0000] {logging_mixin.py:190} INFO - [2024-09-06T14:22:12.241+0000] {override.py:1900} INFO - Created Permission View: can delete on DAG:example_xcom_args
[2024-09-06T14:22:12.247+0000] {logging_mixin.py:190} INFO - [2024-09-06T14:22:12.247+0000] {override.py:1900} INFO - Created Permission View: can edit on DAG:example_xcom_args
[2024-09-06T14:22:12.255+0000] {logging_mixin.py:190} INFO - [2024-09-06T14:22:12.255+0000] {override.py:1900} INFO - Created Permission View: can read on DAG Run:example_xcom_args
[2024-09-06T14:22:12.261+0000] {logging_mixin.py:190} INFO - [2024-09-06T14:22:12.261+0000] {override.py:1900} INFO - Created Permission View: can delete on DAG Run:example_xcom_args
[2024-09-06T14:22:12.268+0000] {logging_mixin.py:190} INFO - [2024-09-06T14:22:12.268+0000] {override.py:1900} INFO - Created Permission View: menu access on DAG Run:example_xcom_args
[2024-09-06T14:22:12.275+0000] {logging_mixin.py:190} INFO - [2024-09-06T14:22:12.275+0000] {override.py:1900} INFO - Created Permission View: can create on DAG Run:example_xcom_args
[2024-09-06T14:22:12.276+0000] {logging_mixin.py:190} INFO - [2024-09-06T14:22:12.275+0000] {dag.py:3229} INFO - Sync 2 DAGs
[2024-09-06T14:22:12.291+0000] {logging_mixin.py:190} INFO - [2024-09-06T14:22:12.291+0000] {dag.py:3252} INFO - Creating ORM DAG for example_xcom_args
[2024-09-06T14:22:12.292+0000] {logging_mixin.py:190} INFO - [2024-09-06T14:22:12.291+0000] {dag.py:3252} INFO - Creating ORM DAG for example_xcom_args_with_operators
[2024-09-06T14:22:12.293+0000] {logging_mixin.py:190} INFO - [2024-09-06T14:22:12.292+0000] {dag.py:4156} INFO - Setting next_dagrun for example_xcom_args to None, run_after=None
[2024-09-06T14:22:12.293+0000] {logging_mixin.py:190} INFO - [2024-09-06T14:22:12.293+0000] {dag.py:4156} INFO - Setting next_dagrun for example_xcom_args_with_operators to None, run_after=None
[2024-09-06T14:22:12.312+0000] {processor.py:208} INFO - Processing /home/airflow/.local/lib/python3.12/site-packages/airflow/example_dags/example_xcomargs.py took 0.319 seconds
[2024-09-06T14:22:42.937+0000] {processor.py:186} INFO - Started process (PID=142) to work on /home/airflow/.local/lib/python3.12/site-packages/airflow/example_dags/example_xcomargs.py
[2024-09-06T14:22:42.938+0000] {processor.py:914} INFO - Processing file /home/airflow/.local/lib/python3.12/site-packages/airflow/example_dags/example_xcomargs.py for tasks to queue
[2024-09-06T14:22:42.941+0000] {logging_mixin.py:190} INFO - [2024-09-06T14:22:42.940+0000] {dagbag.py:587} INFO - Filling up the DagBag from /home/airflow/.local/lib/python3.12/site-packages/airflow/example_dags/example_xcomargs.py
[2024-09-06T14:22:42.953+0000] {processor.py:925} INFO - DAG(s) 'example_xcom_args', 'example_xcom_args_with_operators' retrieved from /home/airflow/.local/lib/python3.12/site-packages/airflow/example_dags/example_xcomargs.py
[2024-09-06T14:22:42.990+0000] {logging_mixin.py:190} INFO - [2024-09-06T14:22:42.990+0000] {dag.py:3229} INFO - Sync 2 DAGs
[2024-09-06T14:22:43.010+0000] {logging_mixin.py:190} INFO - [2024-09-06T14:22:43.010+0000] {dag.py:4156} INFO - Setting next_dagrun for example_xcom_args to None, run_after=None
[2024-09-06T14:22:43.015+0000] {logging_mixin.py:190} INFO - [2024-09-06T14:22:43.014+0000] {dag.py:4156} INFO - Setting next_dagrun for example_xcom_args_with_operators to None, run_after=None
[2024-09-06T14:22:43.036+0000] {processor.py:208} INFO - Processing /home/airflow/.local/lib/python3.12/site-packages/airflow/example_dags/example_xcomargs.py took 0.108 seconds
[2024-09-06T14:23:13.568+0000] {processor.py:186} INFO - Started process (PID=204) to work on /home/airflow/.local/lib/python3.12/site-packages/airflow/example_dags/example_xcomargs.py
[2024-09-06T14:23:13.569+0000] {processor.py:914} INFO - Processing file /home/airflow/.local/lib/python3.12/site-packages/airflow/example_dags/example_xcomargs.py for tasks to queue
[2024-09-06T14:23:13.571+0000] {logging_mixin.py:190} INFO - [2024-09-06T14:23:13.571+0000] {dagbag.py:587} INFO - Filling up the DagBag from /home/airflow/.local/lib/python3.12/site-packages/airflow/example_dags/example_xcomargs.py
[2024-09-06T14:23:13.582+0000] {processor.py:925} INFO - DAG(s) 'example_xcom_args_with_operators', 'example_xcom_args' retrieved from /home/airflow/.local/lib/python3.12/site-packages/airflow/example_dags/example_xcomargs.py
[2024-09-06T14:23:13.605+0000] {logging_mixin.py:190} INFO - [2024-09-06T14:23:13.605+0000] {dag.py:3229} INFO - Sync 2 DAGs
[2024-09-06T14:23:13.620+0000] {logging_mixin.py:190} INFO - [2024-09-06T14:23:13.620+0000] {dag.py:4156} INFO - Setting next_dagrun for example_xcom_args to None, run_after=None
[2024-09-06T14:23:13.625+0000] {logging_mixin.py:190} INFO - [2024-09-06T14:23:13.624+0000] {dag.py:4156} INFO - Setting next_dagrun for example_xcom_args_with_operators to None, run_after=None
[2024-09-06T14:23:13.642+0000] {processor.py:208} INFO - Processing /home/airflow/.local/lib/python3.12/site-packages/airflow/example_dags/example_xcomargs.py took 0.080 seconds
[2024-09-06T14:23:43.715+0000] {processor.py:186} INFO - Started process (PID=266) to work on /home/airflow/.local/lib/python3.12/site-packages/airflow/example_dags/example_xcomargs.py
[2024-09-06T14:23:43.716+0000] {processor.py:914} INFO - Processing file /home/airflow/.local/lib/python3.12/site-packages/airflow/example_dags/example_xcomargs.py for tasks to queue
[2024-09-06T14:23:43.718+0000] {logging_mixin.py:190} INFO - [2024-09-06T14:23:43.718+0000] {dagbag.py:587} INFO - Filling up the DagBag from /home/airflow/.local/lib/python3.12/site-packages/airflow/example_dags/example_xcomargs.py
[2024-09-06T14:23:43.727+0000] {processor.py:925} INFO - DAG(s) 'example_xcom_args_with_operators', 'example_xcom_args' retrieved from /home/airflow/.local/lib/python3.12/site-packages/airflow/example_dags/example_xcomargs.py
[2024-09-06T14:23:43.755+0000] {logging_mixin.py:190} INFO - [2024-09-06T14:23:43.755+0000] {dag.py:3229} INFO - Sync 2 DAGs
[2024-09-06T14:23:43.776+0000] {logging_mixin.py:190} INFO - [2024-09-06T14:23:43.776+0000] {dag.py:4156} INFO - Setting next_dagrun for example_xcom_args to None, run_after=None
[2024-09-06T14:23:43.781+0000] {logging_mixin.py:190} INFO - [2024-09-06T14:23:43.781+0000] {dag.py:4156} INFO - Setting next_dagrun for example_xcom_args_with_operators to None, run_after=None
[2024-09-06T14:23:43.803+0000] {processor.py:208} INFO - Processing /home/airflow/.local/lib/python3.12/site-packages/airflow/example_dags/example_xcomargs.py took 0.094 seconds
[2024-09-06T14:24:14.192+0000] {processor.py:186} INFO - Started process (PID=328) to work on /home/airflow/.local/lib/python3.12/site-packages/airflow/example_dags/example_xcomargs.py
[2024-09-06T14:24:14.193+0000] {processor.py:914} INFO - Processing file /home/airflow/.local/lib/python3.12/site-packages/airflow/example_dags/example_xcomargs.py for tasks to queue
[2024-09-06T14:24:14.196+0000] {logging_mixin.py:190} INFO - [2024-09-06T14:24:14.196+0000] {dagbag.py:587} INFO - Filling up the DagBag from /home/airflow/.local/lib/python3.12/site-packages/airflow/example_dags/example_xcomargs.py
[2024-09-06T14:24:14.206+0000] {processor.py:925} INFO - DAG(s) 'example_xcom_args', 'example_xcom_args_with_operators' retrieved from /home/airflow/.local/lib/python3.12/site-packages/airflow/example_dags/example_xcomargs.py
[2024-09-06T14:24:14.229+0000] {logging_mixin.py:190} INFO - [2024-09-06T14:24:14.229+0000] {dag.py:3229} INFO - Sync 2 DAGs
[2024-09-06T14:24:14.245+0000] {logging_mixin.py:190} INFO - [2024-09-06T14:24:14.245+0000] {dag.py:4156} INFO - Setting next_dagrun for example_xcom_args to None, run_after=None
[2024-09-06T14:24:14.249+0000] {logging_mixin.py:190} INFO - [2024-09-06T14:24:14.249+0000] {dag.py:4156} INFO - Setting next_dagrun for example_xcom_args_with_operators to None, run_after=None
[2024-09-06T14:24:14.271+0000] {processor.py:208} INFO - Processing /home/airflow/.local/lib/python3.12/site-packages/airflow/example_dags/example_xcomargs.py took 0.085 seconds
[2024-09-06T14:24:44.578+0000] {processor.py:186} INFO - Started process (PID=390) to work on /home/airflow/.local/lib/python3.12/site-packages/airflow/example_dags/example_xcomargs.py
[2024-09-06T14:24:44.579+0000] {processor.py:914} INFO - Processing file /home/airflow/.local/lib/python3.12/site-packages/airflow/example_dags/example_xcomargs.py for tasks to queue
[2024-09-06T14:24:44.581+0000] {logging_mixin.py:190} INFO - [2024-09-06T14:24:44.581+0000] {dagbag.py:587} INFO - Filling up the DagBag from /home/airflow/.local/lib/python3.12/site-packages/airflow/example_dags/example_xcomargs.py
[2024-09-06T14:24:44.591+0000] {processor.py:925} INFO - DAG(s) 'example_xcom_args_with_operators', 'example_xcom_args' retrieved from /home/airflow/.local/lib/python3.12/site-packages/airflow/example_dags/example_xcomargs.py
[2024-09-06T14:24:44.618+0000] {logging_mixin.py:190} INFO - [2024-09-06T14:24:44.617+0000] {dag.py:3229} INFO - Sync 2 DAGs
[2024-09-06T14:24:44.633+0000] {logging_mixin.py:190} INFO - [2024-09-06T14:24:44.632+0000] {dag.py:4156} INFO - Setting next_dagrun for example_xcom_args to None, run_after=None
[2024-09-06T14:24:44.637+0000] {logging_mixin.py:190} INFO - [2024-09-06T14:24:44.637+0000] {dag.py:4156} INFO - Setting next_dagrun for example_xcom_args_with_operators to None, run_after=None
[2024-09-06T14:24:44.653+0000] {processor.py:208} INFO - Processing /home/airflow/.local/lib/python3.12/site-packages/airflow/example_dags/example_xcomargs.py took 0.080 seconds
[2024-09-06T14:25:14.885+0000] {processor.py:186} INFO - Started process (PID=453) to work on /home/airflow/.local/lib/python3.12/site-packages/airflow/example_dags/example_xcomargs.py
[2024-09-06T14:25:14.886+0000] {processor.py:914} INFO - Processing file /home/airflow/.local/lib/python3.12/site-packages/airflow/example_dags/example_xcomargs.py for tasks to queue
[2024-09-06T14:25:14.889+0000] {logging_mixin.py:190} INFO - [2024-09-06T14:25:14.888+0000] {dagbag.py:587} INFO - Filling up the DagBag from /home/airflow/.local/lib/python3.12/site-packages/airflow/example_dags/example_xcomargs.py
[2024-09-06T14:25:14.899+0000] {processor.py:925} INFO - DAG(s) 'example_xcom_args', 'example_xcom_args_with_operators' retrieved from /home/airflow/.local/lib/python3.12/site-packages/airflow/example_dags/example_xcomargs.py
[2024-09-06T14:25:14.922+0000] {logging_mixin.py:190} INFO - [2024-09-06T14:25:14.922+0000] {dag.py:3229} INFO - Sync 2 DAGs
[2024-09-06T14:25:14.938+0000] {logging_mixin.py:190} INFO - [2024-09-06T14:25:14.937+0000] {dag.py:4156} INFO - Setting next_dagrun for example_xcom_args to None, run_after=None
[2024-09-06T14:25:14.943+0000] {logging_mixin.py:190} INFO - [2024-09-06T14:25:14.942+0000] {dag.py:4156} INFO - Setting next_dagrun for example_xcom_args_with_operators to None, run_after=None
[2024-09-06T14:25:14.969+0000] {processor.py:208} INFO - Processing /home/airflow/.local/lib/python3.12/site-packages/airflow/example_dags/example_xcomargs.py took 0.089 seconds
[2024-09-06T14:25:45.339+0000] {processor.py:186} INFO - Started process (PID=514) to work on /home/airflow/.local/lib/python3.12/site-packages/airflow/example_dags/example_xcomargs.py
[2024-09-06T14:25:45.340+0000] {processor.py:914} INFO - Processing file /home/airflow/.local/lib/python3.12/site-packages/airflow/example_dags/example_xcomargs.py for tasks to queue
[2024-09-06T14:25:45.342+0000] {logging_mixin.py:190} INFO - [2024-09-06T14:25:45.342+0000] {dagbag.py:587} INFO - Filling up the DagBag from /home/airflow/.local/lib/python3.12/site-packages/airflow/example_dags/example_xcomargs.py
[2024-09-06T14:25:45.352+0000] {processor.py:925} INFO - DAG(s) 'example_xcom_args', 'example_xcom_args_with_operators' retrieved from /home/airflow/.local/lib/python3.12/site-packages/airflow/example_dags/example_xcomargs.py
[2024-09-06T14:25:45.375+0000] {logging_mixin.py:190} INFO - [2024-09-06T14:25:45.375+0000] {dag.py:3229} INFO - Sync 2 DAGs
[2024-09-06T14:25:45.388+0000] {logging_mixin.py:190} INFO - [2024-09-06T14:25:45.388+0000] {dag.py:4156} INFO - Setting next_dagrun for example_xcom_args to None, run_after=None
[2024-09-06T14:25:45.392+0000] {logging_mixin.py:190} INFO - [2024-09-06T14:25:45.392+0000] {dag.py:4156} INFO - Setting next_dagrun for example_xcom_args_with_operators to None, run_after=None
[2024-09-06T14:25:45.408+0000] {processor.py:208} INFO - Processing /home/airflow/.local/lib/python3.12/site-packages/airflow/example_dags/example_xcomargs.py took 0.075 seconds
[2024-09-06T14:26:15.595+0000] {processor.py:186} INFO - Started process (PID=576) to work on /home/airflow/.local/lib/python3.12/site-packages/airflow/example_dags/example_xcomargs.py
[2024-09-06T14:26:15.596+0000] {processor.py:914} INFO - Processing file /home/airflow/.local/lib/python3.12/site-packages/airflow/example_dags/example_xcomargs.py for tasks to queue
[2024-09-06T14:26:15.599+0000] {logging_mixin.py:190} INFO - [2024-09-06T14:26:15.598+0000] {dagbag.py:587} INFO - Filling up the DagBag from /home/airflow/.local/lib/python3.12/site-packages/airflow/example_dags/example_xcomargs.py
[2024-09-06T14:26:15.607+0000] {processor.py:925} INFO - DAG(s) 'example_xcom_args_with_operators', 'example_xcom_args' retrieved from /home/airflow/.local/lib/python3.12/site-packages/airflow/example_dags/example_xcomargs.py
[2024-09-06T14:26:15.628+0000] {logging_mixin.py:190} INFO - [2024-09-06T14:26:15.628+0000] {dag.py:3229} INFO - Sync 2 DAGs
[2024-09-06T14:26:15.643+0000] {logging_mixin.py:190} INFO - [2024-09-06T14:26:15.643+0000] {dag.py:4156} INFO - Setting next_dagrun for example_xcom_args to None, run_after=None
[2024-09-06T14:26:15.647+0000] {logging_mixin.py:190} INFO - [2024-09-06T14:26:15.647+0000] {dag.py:4156} INFO - Setting next_dagrun for example_xcom_args_with_operators to None, run_after=None
[2024-09-06T14:26:15.664+0000] {processor.py:208} INFO - Processing /home/airflow/.local/lib/python3.12/site-packages/airflow/example_dags/example_xcomargs.py took 0.074 seconds
[2024-09-06T14:26:45.785+0000] {processor.py:186} INFO - Started process (PID=638) to work on /home/airflow/.local/lib/python3.12/site-packages/airflow/example_dags/example_xcomargs.py
[2024-09-06T14:26:45.787+0000] {processor.py:914} INFO - Processing file /home/airflow/.local/lib/python3.12/site-packages/airflow/example_dags/example_xcomargs.py for tasks to queue
[2024-09-06T14:26:45.789+0000] {logging_mixin.py:190} INFO - [2024-09-06T14:26:45.789+0000] {dagbag.py:587} INFO - Filling up the DagBag from /home/airflow/.local/lib/python3.12/site-packages/airflow/example_dags/example_xcomargs.py
[2024-09-06T14:26:45.797+0000] {processor.py:925} INFO - DAG(s) 'example_xcom_args', 'example_xcom_args_with_operators' retrieved from /home/airflow/.local/lib/python3.12/site-packages/airflow/example_dags/example_xcomargs.py
[2024-09-06T14:26:45.818+0000] {logging_mixin.py:190} INFO - [2024-09-06T14:26:45.818+0000] {dag.py:3229} INFO - Sync 2 DAGs
[2024-09-06T14:26:45.831+0000] {logging_mixin.py:190} INFO - [2024-09-06T14:26:45.831+0000] {dag.py:4156} INFO - Setting next_dagrun for example_xcom_args to None, run_after=None
[2024-09-06T14:26:45.835+0000] {logging_mixin.py:190} INFO - [2024-09-06T14:26:45.834+0000] {dag.py:4156} INFO - Setting next_dagrun for example_xcom_args_with_operators to None, run_after=None
[2024-09-06T14:26:45.851+0000] {processor.py:208} INFO - Processing /home/airflow/.local/lib/python3.12/site-packages/airflow/example_dags/example_xcomargs.py took 0.071 seconds
[2024-09-06T14:27:15.928+0000] {processor.py:186} INFO - Started process (PID=700) to work on /home/airflow/.local/lib/python3.12/site-packages/airflow/example_dags/example_xcomargs.py
[2024-09-06T14:27:15.929+0000] {processor.py:914} INFO - Processing file /home/airflow/.local/lib/python3.12/site-packages/airflow/example_dags/example_xcomargs.py for tasks to queue
[2024-09-06T14:27:15.931+0000] {logging_mixin.py:190} INFO - [2024-09-06T14:27:15.931+0000] {dagbag.py:587} INFO - Filling up the DagBag from /home/airflow/.local/lib/python3.12/site-packages/airflow/example_dags/example_xcomargs.py
[2024-09-06T14:27:15.940+0000] {processor.py:925} INFO - DAG(s) 'example_xcom_args_with_operators', 'example_xcom_args' retrieved from /home/airflow/.local/lib/python3.12/site-packages/airflow/example_dags/example_xcomargs.py
[2024-09-06T14:27:15.962+0000] {logging_mixin.py:190} INFO - [2024-09-06T14:27:15.962+0000] {dag.py:3229} INFO - Sync 2 DAGs
[2024-09-06T14:27:15.974+0000] {logging_mixin.py:190} INFO - [2024-09-06T14:27:15.974+0000] {dag.py:4156} INFO - Setting next_dagrun for example_xcom_args to None, run_after=None
[2024-09-06T14:27:15.979+0000] {logging_mixin.py:190} INFO - [2024-09-06T14:27:15.979+0000] {dag.py:4156} INFO - Setting next_dagrun for example_xcom_args_with_operators to None, run_after=None
[2024-09-06T14:27:15.994+0000] {processor.py:208} INFO - Processing /home/airflow/.local/lib/python3.12/site-packages/airflow/example_dags/example_xcomargs.py took 0.071 seconds
[2024-09-06T14:27:46.139+0000] {processor.py:186} INFO - Started process (PID=762) to work on /home/airflow/.local/lib/python3.12/site-packages/airflow/example_dags/example_xcomargs.py
[2024-09-06T14:27:46.140+0000] {processor.py:914} INFO - Processing file /home/airflow/.local/lib/python3.12/site-packages/airflow/example_dags/example_xcomargs.py for tasks to queue
[2024-09-06T14:27:46.142+0000] {logging_mixin.py:190} INFO - [2024-09-06T14:27:46.142+0000] {dagbag.py:587} INFO - Filling up the DagBag from /home/airflow/.local/lib/python3.12/site-packages/airflow/example_dags/example_xcomargs.py
[2024-09-06T14:27:46.151+0000] {processor.py:925} INFO - DAG(s) 'example_xcom_args_with_operators', 'example_xcom_args' retrieved from /home/airflow/.local/lib/python3.12/site-packages/airflow/example_dags/example_xcomargs.py
[2024-09-06T14:27:46.172+0000] {logging_mixin.py:190} INFO - [2024-09-06T14:27:46.171+0000] {dag.py:3229} INFO - Sync 2 DAGs
[2024-09-06T14:27:46.186+0000] {logging_mixin.py:190} INFO - [2024-09-06T14:27:46.185+0000] {dag.py:4156} INFO - Setting next_dagrun for example_xcom_args to None, run_after=None
[2024-09-06T14:27:46.192+0000] {logging_mixin.py:190} INFO - [2024-09-06T14:27:46.191+0000] {dag.py:4156} INFO - Setting next_dagrun for example_xcom_args_with_operators to None, run_after=None
[2024-09-06T14:27:46.209+0000] {processor.py:208} INFO - Processing /home/airflow/.local/lib/python3.12/site-packages/airflow/example_dags/example_xcomargs.py took 0.075 seconds
[2024-09-06T14:28:16.462+0000] {processor.py:186} INFO - Started process (PID=824) to work on /home/airflow/.local/lib/python3.12/site-packages/airflow/example_dags/example_xcomargs.py
[2024-09-06T14:28:16.463+0000] {processor.py:914} INFO - Processing file /home/airflow/.local/lib/python3.12/site-packages/airflow/example_dags/example_xcomargs.py for tasks to queue
[2024-09-06T14:28:16.465+0000] {logging_mixin.py:190} INFO - [2024-09-06T14:28:16.465+0000] {dagbag.py:587} INFO - Filling up the DagBag from /home/airflow/.local/lib/python3.12/site-packages/airflow/example_dags/example_xcomargs.py
[2024-09-06T14:28:16.473+0000] {processor.py:925} INFO - DAG(s) 'example_xcom_args', 'example_xcom_args_with_operators' retrieved from /home/airflow/.local/lib/python3.12/site-packages/airflow/example_dags/example_xcomargs.py
[2024-09-06T14:28:16.495+0000] {logging_mixin.py:190} INFO - [2024-09-06T14:28:16.495+0000] {dag.py:3229} INFO - Sync 2 DAGs
[2024-09-06T14:28:16.507+0000] {logging_mixin.py:190} INFO - [2024-09-06T14:28:16.507+0000] {dag.py:4156} INFO - Setting next_dagrun for example_xcom_args to None, run_after=None
[2024-09-06T14:28:16.512+0000] {logging_mixin.py:190} INFO - [2024-09-06T14:28:16.512+0000] {dag.py:4156} INFO - Setting next_dagrun for example_xcom_args_with_operators to None, run_after=None
[2024-09-06T14:28:16.529+0000] {processor.py:208} INFO - Processing /home/airflow/.local/lib/python3.12/site-packages/airflow/example_dags/example_xcomargs.py took 0.072 seconds
[2024-09-06T14:28:46.826+0000] {processor.py:186} INFO - Started process (PID=886) to work on /home/airflow/.local/lib/python3.12/site-packages/airflow/example_dags/example_xcomargs.py
[2024-09-06T14:28:46.827+0000] {processor.py:914} INFO - Processing file /home/airflow/.local/lib/python3.12/site-packages/airflow/example_dags/example_xcomargs.py for tasks to queue
[2024-09-06T14:28:46.830+0000] {logging_mixin.py:190} INFO - [2024-09-06T14:28:46.830+0000] {dagbag.py:587} INFO - Filling up the DagBag from /home/airflow/.local/lib/python3.12/site-packages/airflow/example_dags/example_xcomargs.py
[2024-09-06T14:28:46.839+0000] {processor.py:925} INFO - DAG(s) 'example_xcom_args', 'example_xcom_args_with_operators' retrieved from /home/airflow/.local/lib/python3.12/site-packages/airflow/example_dags/example_xcomargs.py
[2024-09-06T14:28:46.860+0000] {logging_mixin.py:190} INFO - [2024-09-06T14:28:46.859+0000] {dag.py:3229} INFO - Sync 2 DAGs
[2024-09-06T14:28:46.871+0000] {logging_mixin.py:190} INFO - [2024-09-06T14:28:46.871+0000] {dag.py:4156} INFO - Setting next_dagrun for example_xcom_args to None, run_after=None
[2024-09-06T14:28:46.875+0000] {logging_mixin.py:190} INFO - [2024-09-06T14:28:46.875+0000] {dag.py:4156} INFO - Setting next_dagrun for example_xcom_args_with_operators to None, run_after=None
[2024-09-06T14:28:46.894+0000] {processor.py:208} INFO - Processing /home/airflow/.local/lib/python3.12/site-packages/airflow/example_dags/example_xcomargs.py took 0.072 seconds
[2024-09-06T14:29:16.996+0000] {processor.py:186} INFO - Started process (PID=948) to work on /home/airflow/.local/lib/python3.12/site-packages/airflow/example_dags/example_xcomargs.py
[2024-09-06T14:29:16.997+0000] {processor.py:914} INFO - Processing file /home/airflow/.local/lib/python3.12/site-packages/airflow/example_dags/example_xcomargs.py for tasks to queue
[2024-09-06T14:29:16.999+0000] {logging_mixin.py:190} INFO - [2024-09-06T14:29:16.999+0000] {dagbag.py:587} INFO - Filling up the DagBag from /home/airflow/.local/lib/python3.12/site-packages/airflow/example_dags/example_xcomargs.py
[2024-09-06T14:29:17.007+0000] {processor.py:925} INFO - DAG(s) 'example_xcom_args', 'example_xcom_args_with_operators' retrieved from /home/airflow/.local/lib/python3.12/site-packages/airflow/example_dags/example_xcomargs.py
[2024-09-06T14:29:17.028+0000] {logging_mixin.py:190} INFO - [2024-09-06T14:29:17.028+0000] {dag.py:3229} INFO - Sync 2 DAGs
[2024-09-06T14:29:17.043+0000] {logging_mixin.py:190} INFO - [2024-09-06T14:29:17.042+0000] {dag.py:4156} INFO - Setting next_dagrun for example_xcom_args to None, run_after=None
[2024-09-06T14:29:17.046+0000] {logging_mixin.py:190} INFO - [2024-09-06T14:29:17.046+0000] {dag.py:4156} INFO - Setting next_dagrun for example_xcom_args_with_operators to None, run_after=None
[2024-09-06T14:29:17.064+0000] {processor.py:208} INFO - Processing /home/airflow/.local/lib/python3.12/site-packages/airflow/example_dags/example_xcomargs.py took 0.073 seconds
[2024-09-06T14:29:47.851+0000] {processor.py:186} INFO - Started process (PID=1010) to work on /home/airflow/.local/lib/python3.12/site-packages/airflow/example_dags/example_xcomargs.py
[2024-09-06T14:29:47.852+0000] {processor.py:914} INFO - Processing file /home/airflow/.local/lib/python3.12/site-packages/airflow/example_dags/example_xcomargs.py for tasks to queue
[2024-09-06T14:29:47.854+0000] {logging_mixin.py:190} INFO - [2024-09-06T14:29:47.854+0000] {dagbag.py:587} INFO - Filling up the DagBag from /home/airflow/.local/lib/python3.12/site-packages/airflow/example_dags/example_xcomargs.py
[2024-09-06T14:29:47.862+0000] {processor.py:925} INFO - DAG(s) 'example_xcom_args_with_operators', 'example_xcom_args' retrieved from /home/airflow/.local/lib/python3.12/site-packages/airflow/example_dags/example_xcomargs.py
[2024-09-06T14:29:47.881+0000] {logging_mixin.py:190} INFO - [2024-09-06T14:29:47.881+0000] {dag.py:3229} INFO - Sync 2 DAGs
[2024-09-06T14:29:47.893+0000] {logging_mixin.py:190} INFO - [2024-09-06T14:29:47.893+0000] {dag.py:4156} INFO - Setting next_dagrun for example_xcom_args to None, run_after=None
[2024-09-06T14:29:47.898+0000] {logging_mixin.py:190} INFO - [2024-09-06T14:29:47.898+0000] {dag.py:4156} INFO - Setting next_dagrun for example_xcom_args_with_operators to None, run_after=None
[2024-09-06T14:29:47.913+0000] {processor.py:208} INFO - Processing /home/airflow/.local/lib/python3.12/site-packages/airflow/example_dags/example_xcomargs.py took 0.068 seconds
[2024-09-06T14:30:17.985+0000] {processor.py:186} INFO - Started process (PID=1072) to work on /home/airflow/.local/lib/python3.12/site-packages/airflow/example_dags/example_xcomargs.py
[2024-09-06T14:30:17.986+0000] {processor.py:914} INFO - Processing file /home/airflow/.local/lib/python3.12/site-packages/airflow/example_dags/example_xcomargs.py for tasks to queue
[2024-09-06T14:30:17.989+0000] {logging_mixin.py:190} INFO - [2024-09-06T14:30:17.988+0000] {dagbag.py:587} INFO - Filling up the DagBag from /home/airflow/.local/lib/python3.12/site-packages/airflow/example_dags/example_xcomargs.py
[2024-09-06T14:30:17.997+0000] {processor.py:925} INFO - DAG(s) 'example_xcom_args', 'example_xcom_args_with_operators' retrieved from /home/airflow/.local/lib/python3.12/site-packages/airflow/example_dags/example_xcomargs.py
[2024-09-06T14:30:18.017+0000] {logging_mixin.py:190} INFO - [2024-09-06T14:30:18.017+0000] {dag.py:3229} INFO - Sync 2 DAGs
[2024-09-06T14:30:18.030+0000] {logging_mixin.py:190} INFO - [2024-09-06T14:30:18.030+0000] {dag.py:4156} INFO - Setting next_dagrun for example_xcom_args to None, run_after=None
[2024-09-06T14:30:18.035+0000] {logging_mixin.py:190} INFO - [2024-09-06T14:30:18.034+0000] {dag.py:4156} INFO - Setting next_dagrun for example_xcom_args_with_operators to None, run_after=None
[2024-09-06T14:30:18.051+0000] {processor.py:208} INFO - Processing /home/airflow/.local/lib/python3.12/site-packages/airflow/example_dags/example_xcomargs.py took 0.071 seconds
[2024-09-06T14:30:48.150+0000] {processor.py:186} INFO - Started process (PID=1134) to work on /home/airflow/.local/lib/python3.12/site-packages/airflow/example_dags/example_xcomargs.py
[2024-09-06T14:30:48.151+0000] {processor.py:914} INFO - Processing file /home/airflow/.local/lib/python3.12/site-packages/airflow/example_dags/example_xcomargs.py for tasks to queue
[2024-09-06T14:30:48.153+0000] {logging_mixin.py:190} INFO - [2024-09-06T14:30:48.153+0000] {dagbag.py:587} INFO - Filling up the DagBag from /home/airflow/.local/lib/python3.12/site-packages/airflow/example_dags/example_xcomargs.py
[2024-09-06T14:30:48.162+0000] {processor.py:925} INFO - DAG(s) 'example_xcom_args', 'example_xcom_args_with_operators' retrieved from /home/airflow/.local/lib/python3.12/site-packages/airflow/example_dags/example_xcomargs.py
[2024-09-06T14:30:48.182+0000] {logging_mixin.py:190} INFO - [2024-09-06T14:30:48.181+0000] {dag.py:3229} INFO - Sync 2 DAGs
[2024-09-06T14:30:48.195+0000] {logging_mixin.py:190} INFO - [2024-09-06T14:30:48.195+0000] {dag.py:4156} INFO - Setting next_dagrun for example_xcom_args to None, run_after=None
[2024-09-06T14:30:48.199+0000] {logging_mixin.py:190} INFO - [2024-09-06T14:30:48.199+0000] {dag.py:4156} INFO - Setting next_dagrun for example_xcom_args_with_operators to None, run_after=None
[2024-09-06T14:30:48.216+0000] {processor.py:208} INFO - Processing /home/airflow/.local/lib/python3.12/site-packages/airflow/example_dags/example_xcomargs.py took 0.071 seconds
[2024-09-06T14:31:18.767+0000] {processor.py:186} INFO - Started process (PID=1196) to work on /home/airflow/.local/lib/python3.12/site-packages/airflow/example_dags/example_xcomargs.py
[2024-09-06T14:31:18.768+0000] {processor.py:914} INFO - Processing file /home/airflow/.local/lib/python3.12/site-packages/airflow/example_dags/example_xcomargs.py for tasks to queue
[2024-09-06T14:31:18.770+0000] {logging_mixin.py:190} INFO - [2024-09-06T14:31:18.770+0000] {dagbag.py:587} INFO - Filling up the DagBag from /home/airflow/.local/lib/python3.12/site-packages/airflow/example_dags/example_xcomargs.py
[2024-09-06T14:31:18.779+0000] {processor.py:925} INFO - DAG(s) 'example_xcom_args_with_operators', 'example_xcom_args' retrieved from /home/airflow/.local/lib/python3.12/site-packages/airflow/example_dags/example_xcomargs.py
[2024-09-06T14:31:18.804+0000] {logging_mixin.py:190} INFO - [2024-09-06T14:31:18.803+0000] {dag.py:3229} INFO - Sync 2 DAGs
[2024-09-06T14:31:18.823+0000] {logging_mixin.py:190} INFO - [2024-09-06T14:31:18.823+0000] {dag.py:4156} INFO - Setting next_dagrun for example_xcom_args to None, run_after=None
[2024-09-06T14:31:18.827+0000] {logging_mixin.py:190} INFO - [2024-09-06T14:31:18.827+0000] {dag.py:4156} INFO - Setting next_dagrun for example_xcom_args_with_operators to None, run_after=None
[2024-09-06T14:31:18.846+0000] {processor.py:208} INFO - Processing /home/airflow/.local/lib/python3.12/site-packages/airflow/example_dags/example_xcomargs.py took 0.085 seconds
[2024-09-06T14:31:49.286+0000] {processor.py:186} INFO - Started process (PID=1258) to work on /home/airflow/.local/lib/python3.12/site-packages/airflow/example_dags/example_xcomargs.py
[2024-09-06T14:31:49.287+0000] {processor.py:914} INFO - Processing file /home/airflow/.local/lib/python3.12/site-packages/airflow/example_dags/example_xcomargs.py for tasks to queue
[2024-09-06T14:31:49.290+0000] {logging_mixin.py:190} INFO - [2024-09-06T14:31:49.289+0000] {dagbag.py:587} INFO - Filling up the DagBag from /home/airflow/.local/lib/python3.12/site-packages/airflow/example_dags/example_xcomargs.py
[2024-09-06T14:31:49.298+0000] {processor.py:925} INFO - DAG(s) 'example_xcom_args', 'example_xcom_args_with_operators' retrieved from /home/airflow/.local/lib/python3.12/site-packages/airflow/example_dags/example_xcomargs.py
[2024-09-06T14:31:49.322+0000] {logging_mixin.py:190} INFO - [2024-09-06T14:31:49.322+0000] {dag.py:3229} INFO - Sync 2 DAGs
[2024-09-06T14:31:49.337+0000] {logging_mixin.py:190} INFO - [2024-09-06T14:31:49.337+0000] {dag.py:4156} INFO - Setting next_dagrun for example_xcom_args to None, run_after=None
[2024-09-06T14:31:49.341+0000] {logging_mixin.py:190} INFO - [2024-09-06T14:31:49.341+0000] {dag.py:4156} INFO - Setting next_dagrun for example_xcom_args_with_operators to None, run_after=None
[2024-09-06T14:31:49.359+0000] {processor.py:208} INFO - Processing /home/airflow/.local/lib/python3.12/site-packages/airflow/example_dags/example_xcomargs.py took 0.079 seconds
[2024-09-06T14:32:20.062+0000] {processor.py:186} INFO - Started process (PID=1320) to work on /home/airflow/.local/lib/python3.12/site-packages/airflow/example_dags/example_xcomargs.py
[2024-09-06T14:32:20.063+0000] {processor.py:914} INFO - Processing file /home/airflow/.local/lib/python3.12/site-packages/airflow/example_dags/example_xcomargs.py for tasks to queue
[2024-09-06T14:32:20.069+0000] {logging_mixin.py:190} INFO - [2024-09-06T14:32:20.069+0000] {dagbag.py:587} INFO - Filling up the DagBag from /home/airflow/.local/lib/python3.12/site-packages/airflow/example_dags/example_xcomargs.py
[2024-09-06T14:32:20.081+0000] {processor.py:925} INFO - DAG(s) 'example_xcom_args', 'example_xcom_args_with_operators' retrieved from /home/airflow/.local/lib/python3.12/site-packages/airflow/example_dags/example_xcomargs.py
[2024-09-06T14:32:20.110+0000] {logging_mixin.py:190} INFO - [2024-09-06T14:32:20.110+0000] {dag.py:3229} INFO - Sync 2 DAGs
[2024-09-06T14:32:20.126+0000] {logging_mixin.py:190} INFO - [2024-09-06T14:32:20.126+0000] {dag.py:4156} INFO - Setting next_dagrun for example_xcom_args to None, run_after=None
[2024-09-06T14:32:20.131+0000] {logging_mixin.py:190} INFO - [2024-09-06T14:32:20.131+0000] {dag.py:4156} INFO - Setting next_dagrun for example_xcom_args_with_operators to None, run_after=None
[2024-09-06T14:32:20.155+0000] {processor.py:208} INFO - Processing /home/airflow/.local/lib/python3.12/site-packages/airflow/example_dags/example_xcomargs.py took 0.100 seconds
[2024-09-06T14:32:50.504+0000] {processor.py:186} INFO - Started process (PID=1382) to work on /home/airflow/.local/lib/python3.12/site-packages/airflow/example_dags/example_xcomargs.py
[2024-09-06T14:32:50.505+0000] {processor.py:914} INFO - Processing file /home/airflow/.local/lib/python3.12/site-packages/airflow/example_dags/example_xcomargs.py for tasks to queue
[2024-09-06T14:32:50.507+0000] {logging_mixin.py:190} INFO - [2024-09-06T14:32:50.507+0000] {dagbag.py:587} INFO - Filling up the DagBag from /home/airflow/.local/lib/python3.12/site-packages/airflow/example_dags/example_xcomargs.py
[2024-09-06T14:32:50.517+0000] {processor.py:925} INFO - DAG(s) 'example_xcom_args', 'example_xcom_args_with_operators' retrieved from /home/airflow/.local/lib/python3.12/site-packages/airflow/example_dags/example_xcomargs.py
[2024-09-06T14:32:50.545+0000] {logging_mixin.py:190} INFO - [2024-09-06T14:32:50.545+0000] {dag.py:3229} INFO - Sync 2 DAGs
[2024-09-06T14:32:50.562+0000] {logging_mixin.py:190} INFO - [2024-09-06T14:32:50.562+0000] {dag.py:4156} INFO - Setting next_dagrun for example_xcom_args to None, run_after=None
[2024-09-06T14:32:50.569+0000] {logging_mixin.py:190} INFO - [2024-09-06T14:32:50.569+0000] {dag.py:4156} INFO - Setting next_dagrun for example_xcom_args_with_operators to None, run_after=None
[2024-09-06T14:32:50.592+0000] {processor.py:208} INFO - Processing /home/airflow/.local/lib/python3.12/site-packages/airflow/example_dags/example_xcomargs.py took 0.094 seconds
[2024-09-06T14:33:21.043+0000] {processor.py:186} INFO - Started process (PID=1444) to work on /home/airflow/.local/lib/python3.12/site-packages/airflow/example_dags/example_xcomargs.py
[2024-09-06T14:33:21.044+0000] {processor.py:914} INFO - Processing file /home/airflow/.local/lib/python3.12/site-packages/airflow/example_dags/example_xcomargs.py for tasks to queue
[2024-09-06T14:33:21.046+0000] {logging_mixin.py:190} INFO - [2024-09-06T14:33:21.046+0000] {dagbag.py:587} INFO - Filling up the DagBag from /home/airflow/.local/lib/python3.12/site-packages/airflow/example_dags/example_xcomargs.py
[2024-09-06T14:33:21.069+0000] {processor.py:925} INFO - DAG(s) 'example_xcom_args_with_operators', 'example_xcom_args' retrieved from /home/airflow/.local/lib/python3.12/site-packages/airflow/example_dags/example_xcomargs.py
[2024-09-06T14:33:21.115+0000] {logging_mixin.py:190} INFO - [2024-09-06T14:33:21.115+0000] {dag.py:3229} INFO - Sync 2 DAGs
[2024-09-06T14:33:21.135+0000] {logging_mixin.py:190} INFO - [2024-09-06T14:33:21.134+0000] {dag.py:4156} INFO - Setting next_dagrun for example_xcom_args to None, run_after=None
[2024-09-06T14:33:21.139+0000] {logging_mixin.py:190} INFO - [2024-09-06T14:33:21.139+0000] {dag.py:4156} INFO - Setting next_dagrun for example_xcom_args_with_operators to None, run_after=None
[2024-09-06T14:33:21.161+0000] {processor.py:208} INFO - Processing /home/airflow/.local/lib/python3.12/site-packages/airflow/example_dags/example_xcomargs.py took 0.124 seconds
[2024-09-06T14:33:51.505+0000] {processor.py:186} INFO - Started process (PID=1506) to work on /home/airflow/.local/lib/python3.12/site-packages/airflow/example_dags/example_xcomargs.py
[2024-09-06T14:33:51.506+0000] {processor.py:914} INFO - Processing file /home/airflow/.local/lib/python3.12/site-packages/airflow/example_dags/example_xcomargs.py for tasks to queue
[2024-09-06T14:33:51.509+0000] {logging_mixin.py:190} INFO - [2024-09-06T14:33:51.508+0000] {dagbag.py:587} INFO - Filling up the DagBag from /home/airflow/.local/lib/python3.12/site-packages/airflow/example_dags/example_xcomargs.py
[2024-09-06T14:33:51.526+0000] {processor.py:925} INFO - DAG(s) 'example_xcom_args_with_operators', 'example_xcom_args' retrieved from /home/airflow/.local/lib/python3.12/site-packages/airflow/example_dags/example_xcomargs.py
[2024-09-06T14:33:51.559+0000] {logging_mixin.py:190} INFO - [2024-09-06T14:33:51.558+0000] {dag.py:3229} INFO - Sync 2 DAGs
[2024-09-06T14:33:51.580+0000] {logging_mixin.py:190} INFO - [2024-09-06T14:33:51.579+0000] {dag.py:4156} INFO - Setting next_dagrun for example_xcom_args to None, run_after=None
[2024-09-06T14:33:51.584+0000] {logging_mixin.py:190} INFO - [2024-09-06T14:33:51.584+0000] {dag.py:4156} INFO - Setting next_dagrun for example_xcom_args_with_operators to None, run_after=None
[2024-09-06T14:33:51.606+0000] {processor.py:208} INFO - Processing /home/airflow/.local/lib/python3.12/site-packages/airflow/example_dags/example_xcomargs.py took 0.112 seconds
