[2024-09-06T14:22:14.878+0000] {processor.py:186} INFO - Started process (PID=92) to work on /home/airflow/.local/lib/python3.12/site-packages/airflow/example_dags/tutorial.py
[2024-09-06T14:22:14.879+0000] {processor.py:914} INFO - Processing file /home/airflow/.local/lib/python3.12/site-packages/airflow/example_dags/tutorial.py for tasks to queue
[2024-09-06T14:22:14.882+0000] {logging_mixin.py:190} INFO - [2024-09-06T14:22:14.882+0000] {dagbag.py:587} INFO - Filling up the DagBag from /home/airflow/.local/lib/python3.12/site-packages/airflow/example_dags/tutorial.py
[2024-09-06T14:22:14.899+0000] {processor.py:925} INFO - DAG(s) 'tutorial' retrieved from /home/airflow/.local/lib/python3.12/site-packages/airflow/example_dags/tutorial.py
[2024-09-06T14:22:15.059+0000] {logging_mixin.py:190} INFO - [2024-09-06T14:22:15.059+0000] {override.py:1900} INFO - Created Permission View: can read on DAG:tutorial
[2024-09-06T14:22:15.073+0000] {logging_mixin.py:190} INFO - [2024-09-06T14:22:15.073+0000] {override.py:1900} INFO - Created Permission View: can delete on DAG:tutorial
[2024-09-06T14:22:15.080+0000] {logging_mixin.py:190} INFO - [2024-09-06T14:22:15.079+0000] {override.py:1900} INFO - Created Permission View: can edit on DAG:tutorial
[2024-09-06T14:22:15.090+0000] {logging_mixin.py:190} INFO - [2024-09-06T14:22:15.090+0000] {override.py:1900} INFO - Created Permission View: can read on DAG Run:tutorial
[2024-09-06T14:22:15.097+0000] {logging_mixin.py:190} INFO - [2024-09-06T14:22:15.096+0000] {override.py:1900} INFO - Created Permission View: can delete on DAG Run:tutorial
[2024-09-06T14:22:15.106+0000] {logging_mixin.py:190} INFO - [2024-09-06T14:22:15.106+0000] {override.py:1900} INFO - Created Permission View: menu access on DAG Run:tutorial
[2024-09-06T14:22:15.113+0000] {logging_mixin.py:190} INFO - [2024-09-06T14:22:15.112+0000] {override.py:1900} INFO - Created Permission View: can create on DAG Run:tutorial
[2024-09-06T14:22:15.113+0000] {logging_mixin.py:190} INFO - [2024-09-06T14:22:15.113+0000] {dag.py:3229} INFO - Sync 1 DAGs
[2024-09-06T14:22:15.130+0000] {logging_mixin.py:190} INFO - [2024-09-06T14:22:15.129+0000] {dag.py:3252} INFO - Creating ORM DAG for tutorial
[2024-09-06T14:22:15.141+0000] {logging_mixin.py:190} INFO - [2024-09-06T14:22:15.141+0000] {dag.py:4156} INFO - Setting next_dagrun for tutorial to 2024-09-05 00:00:00+00:00, run_after=2024-09-06 00:00:00+00:00
[2024-09-06T14:22:15.159+0000] {processor.py:208} INFO - Processing /home/airflow/.local/lib/python3.12/site-packages/airflow/example_dags/tutorial.py took 0.291 seconds
[2024-09-06T14:22:45.826+0000] {processor.py:186} INFO - Started process (PID=154) to work on /home/airflow/.local/lib/python3.12/site-packages/airflow/example_dags/tutorial.py
[2024-09-06T14:22:45.827+0000] {processor.py:914} INFO - Processing file /home/airflow/.local/lib/python3.12/site-packages/airflow/example_dags/tutorial.py for tasks to queue
[2024-09-06T14:22:45.830+0000] {logging_mixin.py:190} INFO - [2024-09-06T14:22:45.829+0000] {dagbag.py:587} INFO - Filling up the DagBag from /home/airflow/.local/lib/python3.12/site-packages/airflow/example_dags/tutorial.py
[2024-09-06T14:22:45.837+0000] {processor.py:925} INFO - DAG(s) 'tutorial' retrieved from /home/airflow/.local/lib/python3.12/site-packages/airflow/example_dags/tutorial.py
[2024-09-06T14:22:45.866+0000] {logging_mixin.py:190} INFO - [2024-09-06T14:22:45.865+0000] {dag.py:3229} INFO - Sync 1 DAGs
[2024-09-06T14:22:45.903+0000] {logging_mixin.py:190} INFO - [2024-09-06T14:22:45.903+0000] {dag.py:4156} INFO - Setting next_dagrun for tutorial to 2024-09-05 00:00:00+00:00, run_after=2024-09-06 00:00:00+00:00
[2024-09-06T14:22:45.936+0000] {processor.py:208} INFO - Processing /home/airflow/.local/lib/python3.12/site-packages/airflow/example_dags/tutorial.py took 0.115 seconds
[2024-09-06T14:23:16.401+0000] {processor.py:186} INFO - Started process (PID=216) to work on /home/airflow/.local/lib/python3.12/site-packages/airflow/example_dags/tutorial.py
[2024-09-06T14:23:16.402+0000] {processor.py:914} INFO - Processing file /home/airflow/.local/lib/python3.12/site-packages/airflow/example_dags/tutorial.py for tasks to queue
[2024-09-06T14:23:16.408+0000] {logging_mixin.py:190} INFO - [2024-09-06T14:23:16.407+0000] {dagbag.py:587} INFO - Filling up the DagBag from /home/airflow/.local/lib/python3.12/site-packages/airflow/example_dags/tutorial.py
[2024-09-06T14:23:16.421+0000] {processor.py:925} INFO - DAG(s) 'tutorial' retrieved from /home/airflow/.local/lib/python3.12/site-packages/airflow/example_dags/tutorial.py
[2024-09-06T14:23:16.437+0000] {logging_mixin.py:190} INFO - [2024-09-06T14:23:16.437+0000] {dag.py:3229} INFO - Sync 1 DAGs
[2024-09-06T14:23:16.456+0000] {logging_mixin.py:190} INFO - [2024-09-06T14:23:16.456+0000] {dag.py:4156} INFO - Setting next_dagrun for tutorial to 2024-09-05 00:00:00+00:00, run_after=2024-09-06 00:00:00+00:00
[2024-09-06T14:23:16.470+0000] {processor.py:208} INFO - Processing /home/airflow/.local/lib/python3.12/site-packages/airflow/example_dags/tutorial.py took 0.076 seconds
[2024-09-06T14:23:46.734+0000] {processor.py:186} INFO - Started process (PID=278) to work on /home/airflow/.local/lib/python3.12/site-packages/airflow/example_dags/tutorial.py
[2024-09-06T14:23:46.735+0000] {processor.py:914} INFO - Processing file /home/airflow/.local/lib/python3.12/site-packages/airflow/example_dags/tutorial.py for tasks to queue
[2024-09-06T14:23:46.737+0000] {logging_mixin.py:190} INFO - [2024-09-06T14:23:46.736+0000] {dagbag.py:587} INFO - Filling up the DagBag from /home/airflow/.local/lib/python3.12/site-packages/airflow/example_dags/tutorial.py
[2024-09-06T14:23:46.745+0000] {processor.py:925} INFO - DAG(s) 'tutorial' retrieved from /home/airflow/.local/lib/python3.12/site-packages/airflow/example_dags/tutorial.py
[2024-09-06T14:23:46.764+0000] {logging_mixin.py:190} INFO - [2024-09-06T14:23:46.764+0000] {dag.py:3229} INFO - Sync 1 DAGs
[2024-09-06T14:23:46.788+0000] {logging_mixin.py:190} INFO - [2024-09-06T14:23:46.788+0000] {dag.py:4156} INFO - Setting next_dagrun for tutorial to 2024-09-05 00:00:00+00:00, run_after=2024-09-06 00:00:00+00:00
[2024-09-06T14:23:46.808+0000] {processor.py:208} INFO - Processing /home/airflow/.local/lib/python3.12/site-packages/airflow/example_dags/tutorial.py took 0.079 seconds
[2024-09-06T14:24:17.093+0000] {processor.py:186} INFO - Started process (PID=340) to work on /home/airflow/.local/lib/python3.12/site-packages/airflow/example_dags/tutorial.py
[2024-09-06T14:24:17.094+0000] {processor.py:914} INFO - Processing file /home/airflow/.local/lib/python3.12/site-packages/airflow/example_dags/tutorial.py for tasks to queue
[2024-09-06T14:24:17.096+0000] {logging_mixin.py:190} INFO - [2024-09-06T14:24:17.096+0000] {dagbag.py:587} INFO - Filling up the DagBag from /home/airflow/.local/lib/python3.12/site-packages/airflow/example_dags/tutorial.py
[2024-09-06T14:24:17.103+0000] {processor.py:925} INFO - DAG(s) 'tutorial' retrieved from /home/airflow/.local/lib/python3.12/site-packages/airflow/example_dags/tutorial.py
[2024-09-06T14:24:17.122+0000] {logging_mixin.py:190} INFO - [2024-09-06T14:24:17.121+0000] {dag.py:3229} INFO - Sync 1 DAGs
[2024-09-06T14:24:17.143+0000] {logging_mixin.py:190} INFO - [2024-09-06T14:24:17.142+0000] {dag.py:4156} INFO - Setting next_dagrun for tutorial to 2024-09-05 00:00:00+00:00, run_after=2024-09-06 00:00:00+00:00
[2024-09-06T14:24:17.167+0000] {processor.py:208} INFO - Processing /home/airflow/.local/lib/python3.12/site-packages/airflow/example_dags/tutorial.py took 0.079 seconds
[2024-09-06T14:24:47.383+0000] {processor.py:186} INFO - Started process (PID=402) to work on /home/airflow/.local/lib/python3.12/site-packages/airflow/example_dags/tutorial.py
[2024-09-06T14:24:47.384+0000] {processor.py:914} INFO - Processing file /home/airflow/.local/lib/python3.12/site-packages/airflow/example_dags/tutorial.py for tasks to queue
[2024-09-06T14:24:47.386+0000] {logging_mixin.py:190} INFO - [2024-09-06T14:24:47.386+0000] {dagbag.py:587} INFO - Filling up the DagBag from /home/airflow/.local/lib/python3.12/site-packages/airflow/example_dags/tutorial.py
[2024-09-06T14:24:47.393+0000] {processor.py:925} INFO - DAG(s) 'tutorial' retrieved from /home/airflow/.local/lib/python3.12/site-packages/airflow/example_dags/tutorial.py
[2024-09-06T14:24:47.410+0000] {logging_mixin.py:190} INFO - [2024-09-06T14:24:47.409+0000] {dag.py:3229} INFO - Sync 1 DAGs
[2024-09-06T14:24:47.440+0000] {logging_mixin.py:190} INFO - [2024-09-06T14:24:47.439+0000] {dag.py:4156} INFO - Setting next_dagrun for tutorial to 2024-09-05 00:00:00+00:00, run_after=2024-09-06 00:00:00+00:00
[2024-09-06T14:24:47.469+0000] {processor.py:208} INFO - Processing /home/airflow/.local/lib/python3.12/site-packages/airflow/example_dags/tutorial.py took 0.091 seconds
[2024-09-06T14:25:17.735+0000] {processor.py:186} INFO - Started process (PID=465) to work on /home/airflow/.local/lib/python3.12/site-packages/airflow/example_dags/tutorial.py
[2024-09-06T14:25:17.736+0000] {processor.py:914} INFO - Processing file /home/airflow/.local/lib/python3.12/site-packages/airflow/example_dags/tutorial.py for tasks to queue
[2024-09-06T14:25:17.738+0000] {logging_mixin.py:190} INFO - [2024-09-06T14:25:17.738+0000] {dagbag.py:587} INFO - Filling up the DagBag from /home/airflow/.local/lib/python3.12/site-packages/airflow/example_dags/tutorial.py
[2024-09-06T14:25:17.747+0000] {processor.py:925} INFO - DAG(s) 'tutorial' retrieved from /home/airflow/.local/lib/python3.12/site-packages/airflow/example_dags/tutorial.py
[2024-09-06T14:25:17.765+0000] {logging_mixin.py:190} INFO - [2024-09-06T14:25:17.765+0000] {dag.py:3229} INFO - Sync 1 DAGs
[2024-09-06T14:25:17.784+0000] {logging_mixin.py:190} INFO - [2024-09-06T14:25:17.783+0000] {dag.py:4156} INFO - Setting next_dagrun for tutorial to 2024-09-05 00:00:00+00:00, run_after=2024-09-06 00:00:00+00:00
[2024-09-06T14:25:17.802+0000] {processor.py:208} INFO - Processing /home/airflow/.local/lib/python3.12/site-packages/airflow/example_dags/tutorial.py took 0.072 seconds
[2024-09-06T14:25:48.095+0000] {processor.py:186} INFO - Started process (PID=526) to work on /home/airflow/.local/lib/python3.12/site-packages/airflow/example_dags/tutorial.py
[2024-09-06T14:25:48.095+0000] {processor.py:914} INFO - Processing file /home/airflow/.local/lib/python3.12/site-packages/airflow/example_dags/tutorial.py for tasks to queue
[2024-09-06T14:25:48.097+0000] {logging_mixin.py:190} INFO - [2024-09-06T14:25:48.097+0000] {dagbag.py:587} INFO - Filling up the DagBag from /home/airflow/.local/lib/python3.12/site-packages/airflow/example_dags/tutorial.py
[2024-09-06T14:25:48.104+0000] {processor.py:925} INFO - DAG(s) 'tutorial' retrieved from /home/airflow/.local/lib/python3.12/site-packages/airflow/example_dags/tutorial.py
[2024-09-06T14:25:48.121+0000] {logging_mixin.py:190} INFO - [2024-09-06T14:25:48.121+0000] {dag.py:3229} INFO - Sync 1 DAGs
[2024-09-06T14:25:48.139+0000] {logging_mixin.py:190} INFO - [2024-09-06T14:25:48.139+0000] {dag.py:4156} INFO - Setting next_dagrun for tutorial to 2024-09-05 00:00:00+00:00, run_after=2024-09-06 00:00:00+00:00
[2024-09-06T14:25:48.157+0000] {processor.py:208} INFO - Processing /home/airflow/.local/lib/python3.12/site-packages/airflow/example_dags/tutorial.py took 0.068 seconds
[2024-09-06T14:26:18.315+0000] {processor.py:186} INFO - Started process (PID=588) to work on /home/airflow/.local/lib/python3.12/site-packages/airflow/example_dags/tutorial.py
[2024-09-06T14:26:18.316+0000] {processor.py:914} INFO - Processing file /home/airflow/.local/lib/python3.12/site-packages/airflow/example_dags/tutorial.py for tasks to queue
[2024-09-06T14:26:18.318+0000] {logging_mixin.py:190} INFO - [2024-09-06T14:26:18.318+0000] {dagbag.py:587} INFO - Filling up the DagBag from /home/airflow/.local/lib/python3.12/site-packages/airflow/example_dags/tutorial.py
[2024-09-06T14:26:18.324+0000] {processor.py:925} INFO - DAG(s) 'tutorial' retrieved from /home/airflow/.local/lib/python3.12/site-packages/airflow/example_dags/tutorial.py
[2024-09-06T14:26:18.340+0000] {logging_mixin.py:190} INFO - [2024-09-06T14:26:18.340+0000] {dag.py:3229} INFO - Sync 1 DAGs
[2024-09-06T14:26:18.358+0000] {logging_mixin.py:190} INFO - [2024-09-06T14:26:18.358+0000] {dag.py:4156} INFO - Setting next_dagrun for tutorial to 2024-09-05 00:00:00+00:00, run_after=2024-09-06 00:00:00+00:00
[2024-09-06T14:26:18.377+0000] {processor.py:208} INFO - Processing /home/airflow/.local/lib/python3.12/site-packages/airflow/example_dags/tutorial.py took 0.067 seconds
[2024-09-06T14:26:48.555+0000] {processor.py:186} INFO - Started process (PID=650) to work on /home/airflow/.local/lib/python3.12/site-packages/airflow/example_dags/tutorial.py
[2024-09-06T14:26:48.556+0000] {processor.py:914} INFO - Processing file /home/airflow/.local/lib/python3.12/site-packages/airflow/example_dags/tutorial.py for tasks to queue
[2024-09-06T14:26:48.559+0000] {logging_mixin.py:190} INFO - [2024-09-06T14:26:48.559+0000] {dagbag.py:587} INFO - Filling up the DagBag from /home/airflow/.local/lib/python3.12/site-packages/airflow/example_dags/tutorial.py
[2024-09-06T14:26:48.568+0000] {processor.py:925} INFO - DAG(s) 'tutorial' retrieved from /home/airflow/.local/lib/python3.12/site-packages/airflow/example_dags/tutorial.py
[2024-09-06T14:26:48.591+0000] {logging_mixin.py:190} INFO - [2024-09-06T14:26:48.591+0000] {dag.py:3229} INFO - Sync 1 DAGs
[2024-09-06T14:26:48.616+0000] {logging_mixin.py:190} INFO - [2024-09-06T14:26:48.616+0000] {dag.py:4156} INFO - Setting next_dagrun for tutorial to 2024-09-05 00:00:00+00:00, run_after=2024-09-06 00:00:00+00:00
[2024-09-06T14:26:48.637+0000] {processor.py:208} INFO - Processing /home/airflow/.local/lib/python3.12/site-packages/airflow/example_dags/tutorial.py took 0.088 seconds
[2024-09-06T14:27:18.868+0000] {processor.py:186} INFO - Started process (PID=712) to work on /home/airflow/.local/lib/python3.12/site-packages/airflow/example_dags/tutorial.py
[2024-09-06T14:27:18.869+0000] {processor.py:914} INFO - Processing file /home/airflow/.local/lib/python3.12/site-packages/airflow/example_dags/tutorial.py for tasks to queue
[2024-09-06T14:27:18.871+0000] {logging_mixin.py:190} INFO - [2024-09-06T14:27:18.871+0000] {dagbag.py:587} INFO - Filling up the DagBag from /home/airflow/.local/lib/python3.12/site-packages/airflow/example_dags/tutorial.py
[2024-09-06T14:27:18.877+0000] {processor.py:925} INFO - DAG(s) 'tutorial' retrieved from /home/airflow/.local/lib/python3.12/site-packages/airflow/example_dags/tutorial.py
[2024-09-06T14:27:18.896+0000] {logging_mixin.py:190} INFO - [2024-09-06T14:27:18.896+0000] {dag.py:3229} INFO - Sync 1 DAGs
[2024-09-06T14:27:18.920+0000] {logging_mixin.py:190} INFO - [2024-09-06T14:27:18.920+0000] {dag.py:4156} INFO - Setting next_dagrun for tutorial to 2024-09-05 00:00:00+00:00, run_after=2024-09-06 00:00:00+00:00
[2024-09-06T14:27:18.941+0000] {processor.py:208} INFO - Processing /home/airflow/.local/lib/python3.12/site-packages/airflow/example_dags/tutorial.py took 0.079 seconds
[2024-09-06T14:27:48.991+0000] {processor.py:186} INFO - Started process (PID=774) to work on /home/airflow/.local/lib/python3.12/site-packages/airflow/example_dags/tutorial.py
[2024-09-06T14:27:48.992+0000] {processor.py:914} INFO - Processing file /home/airflow/.local/lib/python3.12/site-packages/airflow/example_dags/tutorial.py for tasks to queue
[2024-09-06T14:27:48.994+0000] {logging_mixin.py:190} INFO - [2024-09-06T14:27:48.994+0000] {dagbag.py:587} INFO - Filling up the DagBag from /home/airflow/.local/lib/python3.12/site-packages/airflow/example_dags/tutorial.py
[2024-09-06T14:27:49.000+0000] {processor.py:925} INFO - DAG(s) 'tutorial' retrieved from /home/airflow/.local/lib/python3.12/site-packages/airflow/example_dags/tutorial.py
[2024-09-06T14:27:49.016+0000] {logging_mixin.py:190} INFO - [2024-09-06T14:27:49.016+0000] {dag.py:3229} INFO - Sync 1 DAGs
[2024-09-06T14:27:49.035+0000] {logging_mixin.py:190} INFO - [2024-09-06T14:27:49.035+0000] {dag.py:4156} INFO - Setting next_dagrun for tutorial to 2024-09-05 00:00:00+00:00, run_after=2024-09-06 00:00:00+00:00
[2024-09-06T14:27:49.053+0000] {processor.py:208} INFO - Processing /home/airflow/.local/lib/python3.12/site-packages/airflow/example_dags/tutorial.py took 0.066 seconds
[2024-09-06T14:28:19.170+0000] {processor.py:186} INFO - Started process (PID=835) to work on /home/airflow/.local/lib/python3.12/site-packages/airflow/example_dags/tutorial.py
[2024-09-06T14:28:19.171+0000] {processor.py:914} INFO - Processing file /home/airflow/.local/lib/python3.12/site-packages/airflow/example_dags/tutorial.py for tasks to queue
[2024-09-06T14:28:19.173+0000] {logging_mixin.py:190} INFO - [2024-09-06T14:28:19.172+0000] {dagbag.py:587} INFO - Filling up the DagBag from /home/airflow/.local/lib/python3.12/site-packages/airflow/example_dags/tutorial.py
[2024-09-06T14:28:19.180+0000] {processor.py:925} INFO - DAG(s) 'tutorial' retrieved from /home/airflow/.local/lib/python3.12/site-packages/airflow/example_dags/tutorial.py
[2024-09-06T14:28:19.198+0000] {logging_mixin.py:190} INFO - [2024-09-06T14:28:19.197+0000] {dag.py:3229} INFO - Sync 1 DAGs
[2024-09-06T14:28:19.219+0000] {logging_mixin.py:190} INFO - [2024-09-06T14:28:19.219+0000] {dag.py:4156} INFO - Setting next_dagrun for tutorial to 2024-09-05 00:00:00+00:00, run_after=2024-09-06 00:00:00+00:00
[2024-09-06T14:28:19.239+0000] {processor.py:208} INFO - Processing /home/airflow/.local/lib/python3.12/site-packages/airflow/example_dags/tutorial.py took 0.074 seconds
[2024-09-06T14:28:49.463+0000] {processor.py:186} INFO - Started process (PID=897) to work on /home/airflow/.local/lib/python3.12/site-packages/airflow/example_dags/tutorial.py
[2024-09-06T14:28:49.464+0000] {processor.py:914} INFO - Processing file /home/airflow/.local/lib/python3.12/site-packages/airflow/example_dags/tutorial.py for tasks to queue
[2024-09-06T14:28:49.466+0000] {logging_mixin.py:190} INFO - [2024-09-06T14:28:49.465+0000] {dagbag.py:587} INFO - Filling up the DagBag from /home/airflow/.local/lib/python3.12/site-packages/airflow/example_dags/tutorial.py
[2024-09-06T14:28:49.473+0000] {processor.py:925} INFO - DAG(s) 'tutorial' retrieved from /home/airflow/.local/lib/python3.12/site-packages/airflow/example_dags/tutorial.py
[2024-09-06T14:28:49.488+0000] {logging_mixin.py:190} INFO - [2024-09-06T14:28:49.488+0000] {dag.py:3229} INFO - Sync 1 DAGs
[2024-09-06T14:28:49.508+0000] {logging_mixin.py:190} INFO - [2024-09-06T14:28:49.508+0000] {dag.py:4156} INFO - Setting next_dagrun for tutorial to 2024-09-05 00:00:00+00:00, run_after=2024-09-06 00:00:00+00:00
[2024-09-06T14:28:49.526+0000] {processor.py:208} INFO - Processing /home/airflow/.local/lib/python3.12/site-packages/airflow/example_dags/tutorial.py took 0.067 seconds
[2024-09-06T14:29:19.629+0000] {processor.py:186} INFO - Started process (PID=959) to work on /home/airflow/.local/lib/python3.12/site-packages/airflow/example_dags/tutorial.py
[2024-09-06T14:29:19.630+0000] {processor.py:914} INFO - Processing file /home/airflow/.local/lib/python3.12/site-packages/airflow/example_dags/tutorial.py for tasks to queue
[2024-09-06T14:29:19.632+0000] {logging_mixin.py:190} INFO - [2024-09-06T14:29:19.631+0000] {dagbag.py:587} INFO - Filling up the DagBag from /home/airflow/.local/lib/python3.12/site-packages/airflow/example_dags/tutorial.py
[2024-09-06T14:29:19.638+0000] {processor.py:925} INFO - DAG(s) 'tutorial' retrieved from /home/airflow/.local/lib/python3.12/site-packages/airflow/example_dags/tutorial.py
[2024-09-06T14:29:19.655+0000] {logging_mixin.py:190} INFO - [2024-09-06T14:29:19.654+0000] {dag.py:3229} INFO - Sync 1 DAGs
[2024-09-06T14:29:19.672+0000] {logging_mixin.py:190} INFO - [2024-09-06T14:29:19.672+0000] {dag.py:4156} INFO - Setting next_dagrun for tutorial to 2024-09-05 00:00:00+00:00, run_after=2024-09-06 00:00:00+00:00
[2024-09-06T14:29:19.690+0000] {processor.py:208} INFO - Processing /home/airflow/.local/lib/python3.12/site-packages/airflow/example_dags/tutorial.py took 0.066 seconds
[2024-09-06T14:29:50.496+0000] {processor.py:186} INFO - Started process (PID=1021) to work on /home/airflow/.local/lib/python3.12/site-packages/airflow/example_dags/tutorial.py
[2024-09-06T14:29:50.497+0000] {processor.py:914} INFO - Processing file /home/airflow/.local/lib/python3.12/site-packages/airflow/example_dags/tutorial.py for tasks to queue
[2024-09-06T14:29:50.499+0000] {logging_mixin.py:190} INFO - [2024-09-06T14:29:50.499+0000] {dagbag.py:587} INFO - Filling up the DagBag from /home/airflow/.local/lib/python3.12/site-packages/airflow/example_dags/tutorial.py
[2024-09-06T14:29:50.505+0000] {processor.py:925} INFO - DAG(s) 'tutorial' retrieved from /home/airflow/.local/lib/python3.12/site-packages/airflow/example_dags/tutorial.py
[2024-09-06T14:29:50.522+0000] {logging_mixin.py:190} INFO - [2024-09-06T14:29:50.521+0000] {dag.py:3229} INFO - Sync 1 DAGs
[2024-09-06T14:29:50.540+0000] {logging_mixin.py:190} INFO - [2024-09-06T14:29:50.540+0000] {dag.py:4156} INFO - Setting next_dagrun for tutorial to 2024-09-05 00:00:00+00:00, run_after=2024-09-06 00:00:00+00:00
[2024-09-06T14:29:50.557+0000] {processor.py:208} INFO - Processing /home/airflow/.local/lib/python3.12/site-packages/airflow/example_dags/tutorial.py took 0.066 seconds
[2024-09-06T14:30:20.694+0000] {processor.py:186} INFO - Started process (PID=1083) to work on /home/airflow/.local/lib/python3.12/site-packages/airflow/example_dags/tutorial.py
[2024-09-06T14:30:20.696+0000] {processor.py:914} INFO - Processing file /home/airflow/.local/lib/python3.12/site-packages/airflow/example_dags/tutorial.py for tasks to queue
[2024-09-06T14:30:20.698+0000] {logging_mixin.py:190} INFO - [2024-09-06T14:30:20.698+0000] {dagbag.py:587} INFO - Filling up the DagBag from /home/airflow/.local/lib/python3.12/site-packages/airflow/example_dags/tutorial.py
[2024-09-06T14:30:20.706+0000] {processor.py:925} INFO - DAG(s) 'tutorial' retrieved from /home/airflow/.local/lib/python3.12/site-packages/airflow/example_dags/tutorial.py
[2024-09-06T14:30:20.725+0000] {logging_mixin.py:190} INFO - [2024-09-06T14:30:20.725+0000] {dag.py:3229} INFO - Sync 1 DAGs
[2024-09-06T14:30:20.745+0000] {logging_mixin.py:190} INFO - [2024-09-06T14:30:20.745+0000] {dag.py:4156} INFO - Setting next_dagrun for tutorial to 2024-09-05 00:00:00+00:00, run_after=2024-09-06 00:00:00+00:00
[2024-09-06T14:30:20.761+0000] {processor.py:208} INFO - Processing /home/airflow/.local/lib/python3.12/site-packages/airflow/example_dags/tutorial.py took 0.072 seconds
[2024-09-06T14:30:50.884+0000] {processor.py:186} INFO - Started process (PID=1145) to work on /home/airflow/.local/lib/python3.12/site-packages/airflow/example_dags/tutorial.py
[2024-09-06T14:30:50.885+0000] {processor.py:914} INFO - Processing file /home/airflow/.local/lib/python3.12/site-packages/airflow/example_dags/tutorial.py for tasks to queue
[2024-09-06T14:30:50.887+0000] {logging_mixin.py:190} INFO - [2024-09-06T14:30:50.887+0000] {dagbag.py:587} INFO - Filling up the DagBag from /home/airflow/.local/lib/python3.12/site-packages/airflow/example_dags/tutorial.py
[2024-09-06T14:30:50.893+0000] {processor.py:925} INFO - DAG(s) 'tutorial' retrieved from /home/airflow/.local/lib/python3.12/site-packages/airflow/example_dags/tutorial.py
[2024-09-06T14:30:50.909+0000] {logging_mixin.py:190} INFO - [2024-09-06T14:30:50.909+0000] {dag.py:3229} INFO - Sync 1 DAGs
[2024-09-06T14:30:50.927+0000] {logging_mixin.py:190} INFO - [2024-09-06T14:30:50.926+0000] {dag.py:4156} INFO - Setting next_dagrun for tutorial to 2024-09-05 00:00:00+00:00, run_after=2024-09-06 00:00:00+00:00
[2024-09-06T14:30:50.945+0000] {processor.py:208} INFO - Processing /home/airflow/.local/lib/python3.12/site-packages/airflow/example_dags/tutorial.py took 0.066 seconds
[2024-09-06T14:31:21.603+0000] {processor.py:186} INFO - Started process (PID=1207) to work on /home/airflow/.local/lib/python3.12/site-packages/airflow/example_dags/tutorial.py
[2024-09-06T14:31:21.604+0000] {processor.py:914} INFO - Processing file /home/airflow/.local/lib/python3.12/site-packages/airflow/example_dags/tutorial.py for tasks to queue
[2024-09-06T14:31:21.606+0000] {logging_mixin.py:190} INFO - [2024-09-06T14:31:21.606+0000] {dagbag.py:587} INFO - Filling up the DagBag from /home/airflow/.local/lib/python3.12/site-packages/airflow/example_dags/tutorial.py
[2024-09-06T14:31:21.613+0000] {processor.py:925} INFO - DAG(s) 'tutorial' retrieved from /home/airflow/.local/lib/python3.12/site-packages/airflow/example_dags/tutorial.py
[2024-09-06T14:31:21.635+0000] {logging_mixin.py:190} INFO - [2024-09-06T14:31:21.635+0000] {dag.py:3229} INFO - Sync 1 DAGs
[2024-09-06T14:31:21.659+0000] {logging_mixin.py:190} INFO - [2024-09-06T14:31:21.659+0000] {dag.py:4156} INFO - Setting next_dagrun for tutorial to 2024-09-05 00:00:00+00:00, run_after=2024-09-06 00:00:00+00:00
[2024-09-06T14:31:21.680+0000] {processor.py:208} INFO - Processing /home/airflow/.local/lib/python3.12/site-packages/airflow/example_dags/tutorial.py took 0.085 seconds
[2024-09-06T14:31:52.226+0000] {processor.py:186} INFO - Started process (PID=1269) to work on /home/airflow/.local/lib/python3.12/site-packages/airflow/example_dags/tutorial.py
[2024-09-06T14:31:52.227+0000] {processor.py:914} INFO - Processing file /home/airflow/.local/lib/python3.12/site-packages/airflow/example_dags/tutorial.py for tasks to queue
[2024-09-06T14:31:52.229+0000] {logging_mixin.py:190} INFO - [2024-09-06T14:31:52.229+0000] {dagbag.py:587} INFO - Filling up the DagBag from /home/airflow/.local/lib/python3.12/site-packages/airflow/example_dags/tutorial.py
[2024-09-06T14:31:52.238+0000] {processor.py:925} INFO - DAG(s) 'tutorial' retrieved from /home/airflow/.local/lib/python3.12/site-packages/airflow/example_dags/tutorial.py
[2024-09-06T14:31:52.255+0000] {logging_mixin.py:190} INFO - [2024-09-06T14:31:52.255+0000] {dag.py:3229} INFO - Sync 1 DAGs
[2024-09-06T14:31:52.275+0000] {logging_mixin.py:190} INFO - [2024-09-06T14:31:52.275+0000] {dag.py:4156} INFO - Setting next_dagrun for tutorial to 2024-09-05 00:00:00+00:00, run_after=2024-09-06 00:00:00+00:00
[2024-09-06T14:31:52.292+0000] {processor.py:208} INFO - Processing /home/airflow/.local/lib/python3.12/site-packages/airflow/example_dags/tutorial.py took 0.071 seconds
[2024-09-06T14:32:22.755+0000] {processor.py:186} INFO - Started process (PID=1331) to work on /home/airflow/.local/lib/python3.12/site-packages/airflow/example_dags/tutorial.py
[2024-09-06T14:32:22.756+0000] {processor.py:914} INFO - Processing file /home/airflow/.local/lib/python3.12/site-packages/airflow/example_dags/tutorial.py for tasks to queue
[2024-09-06T14:32:22.759+0000] {logging_mixin.py:190} INFO - [2024-09-06T14:32:22.758+0000] {dagbag.py:587} INFO - Filling up the DagBag from /home/airflow/.local/lib/python3.12/site-packages/airflow/example_dags/tutorial.py
[2024-09-06T14:32:22.766+0000] {processor.py:925} INFO - DAG(s) 'tutorial' retrieved from /home/airflow/.local/lib/python3.12/site-packages/airflow/example_dags/tutorial.py
[2024-09-06T14:32:22.782+0000] {logging_mixin.py:190} INFO - [2024-09-06T14:32:22.782+0000] {dag.py:3229} INFO - Sync 1 DAGs
[2024-09-06T14:32:22.801+0000] {logging_mixin.py:190} INFO - [2024-09-06T14:32:22.800+0000] {dag.py:4156} INFO - Setting next_dagrun for tutorial to 2024-09-05 00:00:00+00:00, run_after=2024-09-06 00:00:00+00:00
[2024-09-06T14:32:22.820+0000] {processor.py:208} INFO - Processing /home/airflow/.local/lib/python3.12/site-packages/airflow/example_dags/tutorial.py took 0.070 seconds
[2024-09-06T14:32:53.292+0000] {processor.py:186} INFO - Started process (PID=1393) to work on /home/airflow/.local/lib/python3.12/site-packages/airflow/example_dags/tutorial.py
[2024-09-06T14:32:53.293+0000] {processor.py:914} INFO - Processing file /home/airflow/.local/lib/python3.12/site-packages/airflow/example_dags/tutorial.py for tasks to queue
[2024-09-06T14:32:53.295+0000] {logging_mixin.py:190} INFO - [2024-09-06T14:32:53.295+0000] {dagbag.py:587} INFO - Filling up the DagBag from /home/airflow/.local/lib/python3.12/site-packages/airflow/example_dags/tutorial.py
[2024-09-06T14:32:53.303+0000] {processor.py:925} INFO - DAG(s) 'tutorial' retrieved from /home/airflow/.local/lib/python3.12/site-packages/airflow/example_dags/tutorial.py
[2024-09-06T14:32:53.323+0000] {logging_mixin.py:190} INFO - [2024-09-06T14:32:53.323+0000] {dag.py:3229} INFO - Sync 1 DAGs
[2024-09-06T14:32:53.348+0000] {logging_mixin.py:190} INFO - [2024-09-06T14:32:53.347+0000] {dag.py:4156} INFO - Setting next_dagrun for tutorial to 2024-09-05 00:00:00+00:00, run_after=2024-09-06 00:00:00+00:00
[2024-09-06T14:32:53.368+0000] {processor.py:208} INFO - Processing /home/airflow/.local/lib/python3.12/site-packages/airflow/example_dags/tutorial.py took 0.081 seconds
[2024-09-06T14:33:23.839+0000] {processor.py:186} INFO - Started process (PID=1455) to work on /home/airflow/.local/lib/python3.12/site-packages/airflow/example_dags/tutorial.py
[2024-09-06T14:33:23.840+0000] {processor.py:914} INFO - Processing file /home/airflow/.local/lib/python3.12/site-packages/airflow/example_dags/tutorial.py for tasks to queue
[2024-09-06T14:33:23.843+0000] {logging_mixin.py:190} INFO - [2024-09-06T14:33:23.842+0000] {dagbag.py:587} INFO - Filling up the DagBag from /home/airflow/.local/lib/python3.12/site-packages/airflow/example_dags/tutorial.py
[2024-09-06T14:33:23.851+0000] {processor.py:925} INFO - DAG(s) 'tutorial' retrieved from /home/airflow/.local/lib/python3.12/site-packages/airflow/example_dags/tutorial.py
[2024-09-06T14:33:23.870+0000] {logging_mixin.py:190} INFO - [2024-09-06T14:33:23.870+0000] {dag.py:3229} INFO - Sync 1 DAGs
[2024-09-06T14:33:23.894+0000] {logging_mixin.py:190} INFO - [2024-09-06T14:33:23.893+0000] {dag.py:4156} INFO - Setting next_dagrun for tutorial to 2024-09-05 00:00:00+00:00, run_after=2024-09-06 00:00:00+00:00
[2024-09-06T14:33:23.911+0000] {processor.py:208} INFO - Processing /home/airflow/.local/lib/python3.12/site-packages/airflow/example_dags/tutorial.py took 0.081 seconds
