[2024-09-06T14:22:11.924+0000] {processor.py:186} INFO - Started process (PID=79) to work on /home/airflow/.local/lib/python3.12/site-packages/airflow/example_dags/tutorial_objectstorage.py
[2024-09-06T14:22:11.926+0000] {processor.py:914} INFO - Processing file /home/airflow/.local/lib/python3.12/site-packages/airflow/example_dags/tutorial_objectstorage.py for tasks to queue
[2024-09-06T14:22:11.930+0000] {logging_mixin.py:190} INFO - [2024-09-06T14:22:11.929+0000] {dagbag.py:587} INFO - Filling up the DagBag from /home/airflow/.local/lib/python3.12/site-packages/airflow/example_dags/tutorial_objectstorage.py
[2024-09-06T14:22:11.956+0000] {processor.py:925} INFO - DAG(s) 'tutorial_objectstorage' retrieved from /home/airflow/.local/lib/python3.12/site-packages/airflow/example_dags/tutorial_objectstorage.py
[2024-09-06T14:22:12.108+0000] {logging_mixin.py:190} INFO - [2024-09-06T14:22:12.106+0000] {override.py:1900} INFO - Created Permission View: can read on DAG:tutorial_objectstorage
[2024-09-06T14:22:12.127+0000] {logging_mixin.py:190} INFO - [2024-09-06T14:22:12.127+0000] {override.py:1900} INFO - Created Permission View: can delete on DAG:tutorial_objectstorage
[2024-09-06T14:22:12.144+0000] {logging_mixin.py:190} INFO - [2024-09-06T14:22:12.143+0000] {override.py:1900} INFO - Created Permission View: can edit on DAG:tutorial_objectstorage
[2024-09-06T14:22:12.158+0000] {logging_mixin.py:190} INFO - [2024-09-06T14:22:12.157+0000] {override.py:1900} INFO - Created Permission View: can read on DAG Run:tutorial_objectstorage
[2024-09-06T14:22:12.166+0000] {logging_mixin.py:190} INFO - [2024-09-06T14:22:12.165+0000] {override.py:1900} INFO - Created Permission View: can delete on DAG Run:tutorial_objectstorage
[2024-09-06T14:22:12.179+0000] {logging_mixin.py:190} INFO - [2024-09-06T14:22:12.178+0000] {override.py:1900} INFO - Created Permission View: menu access on DAG Run:tutorial_objectstorage
[2024-09-06T14:22:12.186+0000] {logging_mixin.py:190} INFO - [2024-09-06T14:22:12.186+0000] {override.py:1900} INFO - Created Permission View: can create on DAG Run:tutorial_objectstorage
[2024-09-06T14:22:12.187+0000] {logging_mixin.py:190} INFO - [2024-09-06T14:22:12.186+0000] {dag.py:3229} INFO - Sync 1 DAGs
[2024-09-06T14:22:12.198+0000] {logging_mixin.py:190} INFO - [2024-09-06T14:22:12.198+0000] {dag.py:3252} INFO - Creating ORM DAG for tutorial_objectstorage
[2024-09-06T14:22:12.199+0000] {logging_mixin.py:190} INFO - [2024-09-06T14:22:12.199+0000] {dag.py:4156} INFO - Setting next_dagrun for tutorial_objectstorage to None, run_after=None
[2024-09-06T14:22:12.215+0000] {processor.py:208} INFO - Processing /home/airflow/.local/lib/python3.12/site-packages/airflow/example_dags/tutorial_objectstorage.py took 0.301 seconds
[2024-09-06T14:22:42.915+0000] {processor.py:186} INFO - Started process (PID=141) to work on /home/airflow/.local/lib/python3.12/site-packages/airflow/example_dags/tutorial_objectstorage.py
[2024-09-06T14:22:42.916+0000] {processor.py:914} INFO - Processing file /home/airflow/.local/lib/python3.12/site-packages/airflow/example_dags/tutorial_objectstorage.py for tasks to queue
[2024-09-06T14:22:42.921+0000] {logging_mixin.py:190} INFO - [2024-09-06T14:22:42.920+0000] {dagbag.py:587} INFO - Filling up the DagBag from /home/airflow/.local/lib/python3.12/site-packages/airflow/example_dags/tutorial_objectstorage.py
[2024-09-06T14:22:42.933+0000] {processor.py:925} INFO - DAG(s) 'tutorial_objectstorage' retrieved from /home/airflow/.local/lib/python3.12/site-packages/airflow/example_dags/tutorial_objectstorage.py
[2024-09-06T14:22:42.961+0000] {logging_mixin.py:190} INFO - [2024-09-06T14:22:42.961+0000] {dag.py:3229} INFO - Sync 1 DAGs
[2024-09-06T14:22:42.985+0000] {logging_mixin.py:190} INFO - [2024-09-06T14:22:42.984+0000] {dag.py:4156} INFO - Setting next_dagrun for tutorial_objectstorage to None, run_after=None
[2024-09-06T14:22:43.009+0000] {processor.py:208} INFO - Processing /home/airflow/.local/lib/python3.12/site-packages/airflow/example_dags/tutorial_objectstorage.py took 0.100 seconds
[2024-09-06T14:23:13.551+0000] {processor.py:186} INFO - Started process (PID=203) to work on /home/airflow/.local/lib/python3.12/site-packages/airflow/example_dags/tutorial_objectstorage.py
[2024-09-06T14:23:13.552+0000] {processor.py:914} INFO - Processing file /home/airflow/.local/lib/python3.12/site-packages/airflow/example_dags/tutorial_objectstorage.py for tasks to queue
[2024-09-06T14:23:13.555+0000] {logging_mixin.py:190} INFO - [2024-09-06T14:23:13.555+0000] {dagbag.py:587} INFO - Filling up the DagBag from /home/airflow/.local/lib/python3.12/site-packages/airflow/example_dags/tutorial_objectstorage.py
[2024-09-06T14:23:13.565+0000] {processor.py:925} INFO - DAG(s) 'tutorial_objectstorage' retrieved from /home/airflow/.local/lib/python3.12/site-packages/airflow/example_dags/tutorial_objectstorage.py
[2024-09-06T14:23:13.582+0000] {logging_mixin.py:190} INFO - [2024-09-06T14:23:13.581+0000] {dag.py:3229} INFO - Sync 1 DAGs
[2024-09-06T14:23:13.599+0000] {logging_mixin.py:190} INFO - [2024-09-06T14:23:13.598+0000] {dag.py:4156} INFO - Setting next_dagrun for tutorial_objectstorage to None, run_after=None
[2024-09-06T14:23:13.616+0000] {processor.py:208} INFO - Processing /home/airflow/.local/lib/python3.12/site-packages/airflow/example_dags/tutorial_objectstorage.py took 0.072 seconds
[2024-09-06T14:23:43.695+0000] {processor.py:186} INFO - Started process (PID=265) to work on /home/airflow/.local/lib/python3.12/site-packages/airflow/example_dags/tutorial_objectstorage.py
[2024-09-06T14:23:43.697+0000] {processor.py:914} INFO - Processing file /home/airflow/.local/lib/python3.12/site-packages/airflow/example_dags/tutorial_objectstorage.py for tasks to queue
[2024-09-06T14:23:43.699+0000] {logging_mixin.py:190} INFO - [2024-09-06T14:23:43.699+0000] {dagbag.py:587} INFO - Filling up the DagBag from /home/airflow/.local/lib/python3.12/site-packages/airflow/example_dags/tutorial_objectstorage.py
[2024-09-06T14:23:43.708+0000] {processor.py:925} INFO - DAG(s) 'tutorial_objectstorage' retrieved from /home/airflow/.local/lib/python3.12/site-packages/airflow/example_dags/tutorial_objectstorage.py
[2024-09-06T14:23:43.726+0000] {logging_mixin.py:190} INFO - [2024-09-06T14:23:43.725+0000] {dag.py:3229} INFO - Sync 1 DAGs
[2024-09-06T14:23:43.743+0000] {logging_mixin.py:190} INFO - [2024-09-06T14:23:43.742+0000] {dag.py:4156} INFO - Setting next_dagrun for tutorial_objectstorage to None, run_after=None
[2024-09-06T14:23:43.767+0000] {processor.py:208} INFO - Processing /home/airflow/.local/lib/python3.12/site-packages/airflow/example_dags/tutorial_objectstorage.py took 0.079 seconds
[2024-09-06T14:24:14.178+0000] {processor.py:186} INFO - Started process (PID=327) to work on /home/airflow/.local/lib/python3.12/site-packages/airflow/example_dags/tutorial_objectstorage.py
[2024-09-06T14:24:14.179+0000] {processor.py:914} INFO - Processing file /home/airflow/.local/lib/python3.12/site-packages/airflow/example_dags/tutorial_objectstorage.py for tasks to queue
[2024-09-06T14:24:14.182+0000] {logging_mixin.py:190} INFO - [2024-09-06T14:24:14.181+0000] {dagbag.py:587} INFO - Filling up the DagBag from /home/airflow/.local/lib/python3.12/site-packages/airflow/example_dags/tutorial_objectstorage.py
[2024-09-06T14:24:14.193+0000] {processor.py:925} INFO - DAG(s) 'tutorial_objectstorage' retrieved from /home/airflow/.local/lib/python3.12/site-packages/airflow/example_dags/tutorial_objectstorage.py
[2024-09-06T14:24:14.209+0000] {logging_mixin.py:190} INFO - [2024-09-06T14:24:14.209+0000] {dag.py:3229} INFO - Sync 1 DAGs
[2024-09-06T14:24:14.225+0000] {logging_mixin.py:190} INFO - [2024-09-06T14:24:14.225+0000] {dag.py:4156} INFO - Setting next_dagrun for tutorial_objectstorage to None, run_after=None
[2024-09-06T14:24:14.244+0000] {processor.py:208} INFO - Processing /home/airflow/.local/lib/python3.12/site-packages/airflow/example_dags/tutorial_objectstorage.py took 0.073 seconds
[2024-09-06T14:24:44.565+0000] {processor.py:186} INFO - Started process (PID=389) to work on /home/airflow/.local/lib/python3.12/site-packages/airflow/example_dags/tutorial_objectstorage.py
[2024-09-06T14:24:44.566+0000] {processor.py:914} INFO - Processing file /home/airflow/.local/lib/python3.12/site-packages/airflow/example_dags/tutorial_objectstorage.py for tasks to queue
[2024-09-06T14:24:44.569+0000] {logging_mixin.py:190} INFO - [2024-09-06T14:24:44.568+0000] {dagbag.py:587} INFO - Filling up the DagBag from /home/airflow/.local/lib/python3.12/site-packages/airflow/example_dags/tutorial_objectstorage.py
[2024-09-06T14:24:44.578+0000] {processor.py:925} INFO - DAG(s) 'tutorial_objectstorage' retrieved from /home/airflow/.local/lib/python3.12/site-packages/airflow/example_dags/tutorial_objectstorage.py
[2024-09-06T14:24:44.598+0000] {logging_mixin.py:190} INFO - [2024-09-06T14:24:44.598+0000] {dag.py:3229} INFO - Sync 1 DAGs
[2024-09-06T14:24:44.617+0000] {logging_mixin.py:190} INFO - [2024-09-06T14:24:44.617+0000] {dag.py:4156} INFO - Setting next_dagrun for tutorial_objectstorage to None, run_after=None
[2024-09-06T14:24:44.639+0000] {processor.py:208} INFO - Processing /home/airflow/.local/lib/python3.12/site-packages/airflow/example_dags/tutorial_objectstorage.py took 0.080 seconds
[2024-09-06T14:25:14.866+0000] {processor.py:186} INFO - Started process (PID=452) to work on /home/airflow/.local/lib/python3.12/site-packages/airflow/example_dags/tutorial_objectstorage.py
[2024-09-06T14:25:14.867+0000] {processor.py:914} INFO - Processing file /home/airflow/.local/lib/python3.12/site-packages/airflow/example_dags/tutorial_objectstorage.py for tasks to queue
[2024-09-06T14:25:14.869+0000] {logging_mixin.py:190} INFO - [2024-09-06T14:25:14.869+0000] {dagbag.py:587} INFO - Filling up the DagBag from /home/airflow/.local/lib/python3.12/site-packages/airflow/example_dags/tutorial_objectstorage.py
[2024-09-06T14:25:14.878+0000] {processor.py:925} INFO - DAG(s) 'tutorial_objectstorage' retrieved from /home/airflow/.local/lib/python3.12/site-packages/airflow/example_dags/tutorial_objectstorage.py
[2024-09-06T14:25:14.897+0000] {logging_mixin.py:190} INFO - [2024-09-06T14:25:14.896+0000] {dag.py:3229} INFO - Sync 1 DAGs
[2024-09-06T14:25:14.913+0000] {logging_mixin.py:190} INFO - [2024-09-06T14:25:14.913+0000] {dag.py:4156} INFO - Setting next_dagrun for tutorial_objectstorage to None, run_after=None
[2024-09-06T14:25:14.934+0000] {processor.py:208} INFO - Processing /home/airflow/.local/lib/python3.12/site-packages/airflow/example_dags/tutorial_objectstorage.py took 0.075 seconds
[2024-09-06T14:25:45.320+0000] {processor.py:186} INFO - Started process (PID=513) to work on /home/airflow/.local/lib/python3.12/site-packages/airflow/example_dags/tutorial_objectstorage.py
[2024-09-06T14:25:45.321+0000] {processor.py:914} INFO - Processing file /home/airflow/.local/lib/python3.12/site-packages/airflow/example_dags/tutorial_objectstorage.py for tasks to queue
[2024-09-06T14:25:45.324+0000] {logging_mixin.py:190} INFO - [2024-09-06T14:25:45.323+0000] {dagbag.py:587} INFO - Filling up the DagBag from /home/airflow/.local/lib/python3.12/site-packages/airflow/example_dags/tutorial_objectstorage.py
[2024-09-06T14:25:45.333+0000] {processor.py:925} INFO - DAG(s) 'tutorial_objectstorage' retrieved from /home/airflow/.local/lib/python3.12/site-packages/airflow/example_dags/tutorial_objectstorage.py
[2024-09-06T14:25:45.351+0000] {logging_mixin.py:190} INFO - [2024-09-06T14:25:45.351+0000] {dag.py:3229} INFO - Sync 1 DAGs
[2024-09-06T14:25:45.365+0000] {logging_mixin.py:190} INFO - [2024-09-06T14:25:45.365+0000] {dag.py:4156} INFO - Setting next_dagrun for tutorial_objectstorage to None, run_after=None
[2024-09-06T14:25:45.384+0000] {processor.py:208} INFO - Processing /home/airflow/.local/lib/python3.12/site-packages/airflow/example_dags/tutorial_objectstorage.py took 0.069 seconds
[2024-09-06T14:26:15.577+0000] {processor.py:186} INFO - Started process (PID=575) to work on /home/airflow/.local/lib/python3.12/site-packages/airflow/example_dags/tutorial_objectstorage.py
[2024-09-06T14:26:15.578+0000] {processor.py:914} INFO - Processing file /home/airflow/.local/lib/python3.12/site-packages/airflow/example_dags/tutorial_objectstorage.py for tasks to queue
[2024-09-06T14:26:15.580+0000] {logging_mixin.py:190} INFO - [2024-09-06T14:26:15.580+0000] {dagbag.py:587} INFO - Filling up the DagBag from /home/airflow/.local/lib/python3.12/site-packages/airflow/example_dags/tutorial_objectstorage.py
[2024-09-06T14:26:15.588+0000] {processor.py:925} INFO - DAG(s) 'tutorial_objectstorage' retrieved from /home/airflow/.local/lib/python3.12/site-packages/airflow/example_dags/tutorial_objectstorage.py
[2024-09-06T14:26:15.603+0000] {logging_mixin.py:190} INFO - [2024-09-06T14:26:15.603+0000] {dag.py:3229} INFO - Sync 1 DAGs
[2024-09-06T14:26:15.616+0000] {logging_mixin.py:190} INFO - [2024-09-06T14:26:15.616+0000] {dag.py:4156} INFO - Setting next_dagrun for tutorial_objectstorage to None, run_after=None
[2024-09-06T14:26:15.633+0000] {processor.py:208} INFO - Processing /home/airflow/.local/lib/python3.12/site-packages/airflow/example_dags/tutorial_objectstorage.py took 0.062 seconds
[2024-09-06T14:26:45.766+0000] {processor.py:186} INFO - Started process (PID=637) to work on /home/airflow/.local/lib/python3.12/site-packages/airflow/example_dags/tutorial_objectstorage.py
[2024-09-06T14:26:45.767+0000] {processor.py:914} INFO - Processing file /home/airflow/.local/lib/python3.12/site-packages/airflow/example_dags/tutorial_objectstorage.py for tasks to queue
[2024-09-06T14:26:45.770+0000] {logging_mixin.py:190} INFO - [2024-09-06T14:26:45.769+0000] {dagbag.py:587} INFO - Filling up the DagBag from /home/airflow/.local/lib/python3.12/site-packages/airflow/example_dags/tutorial_objectstorage.py
[2024-09-06T14:26:45.777+0000] {processor.py:925} INFO - DAG(s) 'tutorial_objectstorage' retrieved from /home/airflow/.local/lib/python3.12/site-packages/airflow/example_dags/tutorial_objectstorage.py
[2024-09-06T14:26:45.794+0000] {logging_mixin.py:190} INFO - [2024-09-06T14:26:45.794+0000] {dag.py:3229} INFO - Sync 1 DAGs
[2024-09-06T14:26:45.806+0000] {logging_mixin.py:190} INFO - [2024-09-06T14:26:45.806+0000] {dag.py:4156} INFO - Setting next_dagrun for tutorial_objectstorage to None, run_after=None
[2024-09-06T14:26:45.825+0000] {processor.py:208} INFO - Processing /home/airflow/.local/lib/python3.12/site-packages/airflow/example_dags/tutorial_objectstorage.py took 0.064 seconds
[2024-09-06T14:27:15.915+0000] {processor.py:186} INFO - Started process (PID=699) to work on /home/airflow/.local/lib/python3.12/site-packages/airflow/example_dags/tutorial_objectstorage.py
[2024-09-06T14:27:15.917+0000] {processor.py:914} INFO - Processing file /home/airflow/.local/lib/python3.12/site-packages/airflow/example_dags/tutorial_objectstorage.py for tasks to queue
[2024-09-06T14:27:15.920+0000] {logging_mixin.py:190} INFO - [2024-09-06T14:27:15.919+0000] {dagbag.py:587} INFO - Filling up the DagBag from /home/airflow/.local/lib/python3.12/site-packages/airflow/example_dags/tutorial_objectstorage.py
[2024-09-06T14:27:15.928+0000] {processor.py:925} INFO - DAG(s) 'tutorial_objectstorage' retrieved from /home/airflow/.local/lib/python3.12/site-packages/airflow/example_dags/tutorial_objectstorage.py
[2024-09-06T14:27:15.945+0000] {logging_mixin.py:190} INFO - [2024-09-06T14:27:15.944+0000] {dag.py:3229} INFO - Sync 1 DAGs
[2024-09-06T14:27:15.957+0000] {logging_mixin.py:190} INFO - [2024-09-06T14:27:15.957+0000] {dag.py:4156} INFO - Setting next_dagrun for tutorial_objectstorage to None, run_after=None
[2024-09-06T14:27:15.975+0000] {processor.py:208} INFO - Processing /home/airflow/.local/lib/python3.12/site-packages/airflow/example_dags/tutorial_objectstorage.py took 0.065 seconds
[2024-09-06T14:27:46.122+0000] {processor.py:186} INFO - Started process (PID=761) to work on /home/airflow/.local/lib/python3.12/site-packages/airflow/example_dags/tutorial_objectstorage.py
[2024-09-06T14:27:46.124+0000] {processor.py:914} INFO - Processing file /home/airflow/.local/lib/python3.12/site-packages/airflow/example_dags/tutorial_objectstorage.py for tasks to queue
[2024-09-06T14:27:46.126+0000] {logging_mixin.py:190} INFO - [2024-09-06T14:27:46.126+0000] {dagbag.py:587} INFO - Filling up the DagBag from /home/airflow/.local/lib/python3.12/site-packages/airflow/example_dags/tutorial_objectstorage.py
[2024-09-06T14:27:46.134+0000] {processor.py:925} INFO - DAG(s) 'tutorial_objectstorage' retrieved from /home/airflow/.local/lib/python3.12/site-packages/airflow/example_dags/tutorial_objectstorage.py
[2024-09-06T14:27:46.150+0000] {logging_mixin.py:190} INFO - [2024-09-06T14:27:46.149+0000] {dag.py:3229} INFO - Sync 1 DAGs
[2024-09-06T14:27:46.162+0000] {logging_mixin.py:190} INFO - [2024-09-06T14:27:46.162+0000] {dag.py:4156} INFO - Setting next_dagrun for tutorial_objectstorage to None, run_after=None
[2024-09-06T14:27:46.181+0000] {processor.py:208} INFO - Processing /home/airflow/.local/lib/python3.12/site-packages/airflow/example_dags/tutorial_objectstorage.py took 0.064 seconds
[2024-09-06T14:28:16.445+0000] {processor.py:186} INFO - Started process (PID=823) to work on /home/airflow/.local/lib/python3.12/site-packages/airflow/example_dags/tutorial_objectstorage.py
[2024-09-06T14:28:16.446+0000] {processor.py:914} INFO - Processing file /home/airflow/.local/lib/python3.12/site-packages/airflow/example_dags/tutorial_objectstorage.py for tasks to queue
[2024-09-06T14:28:16.448+0000] {logging_mixin.py:190} INFO - [2024-09-06T14:28:16.448+0000] {dagbag.py:587} INFO - Filling up the DagBag from /home/airflow/.local/lib/python3.12/site-packages/airflow/example_dags/tutorial_objectstorage.py
[2024-09-06T14:28:16.456+0000] {processor.py:925} INFO - DAG(s) 'tutorial_objectstorage' retrieved from /home/airflow/.local/lib/python3.12/site-packages/airflow/example_dags/tutorial_objectstorage.py
[2024-09-06T14:28:16.471+0000] {logging_mixin.py:190} INFO - [2024-09-06T14:28:16.471+0000] {dag.py:3229} INFO - Sync 1 DAGs
[2024-09-06T14:28:16.483+0000] {logging_mixin.py:190} INFO - [2024-09-06T14:28:16.483+0000] {dag.py:4156} INFO - Setting next_dagrun for tutorial_objectstorage to None, run_after=None
[2024-09-06T14:28:16.500+0000] {processor.py:208} INFO - Processing /home/airflow/.local/lib/python3.12/site-packages/airflow/example_dags/tutorial_objectstorage.py took 0.061 seconds
[2024-09-06T14:28:46.813+0000] {processor.py:186} INFO - Started process (PID=885) to work on /home/airflow/.local/lib/python3.12/site-packages/airflow/example_dags/tutorial_objectstorage.py
[2024-09-06T14:28:46.814+0000] {processor.py:914} INFO - Processing file /home/airflow/.local/lib/python3.12/site-packages/airflow/example_dags/tutorial_objectstorage.py for tasks to queue
[2024-09-06T14:28:46.816+0000] {logging_mixin.py:190} INFO - [2024-09-06T14:28:46.816+0000] {dagbag.py:587} INFO - Filling up the DagBag from /home/airflow/.local/lib/python3.12/site-packages/airflow/example_dags/tutorial_objectstorage.py
[2024-09-06T14:28:46.823+0000] {processor.py:925} INFO - DAG(s) 'tutorial_objectstorage' retrieved from /home/airflow/.local/lib/python3.12/site-packages/airflow/example_dags/tutorial_objectstorage.py
[2024-09-06T14:28:46.840+0000] {logging_mixin.py:190} INFO - [2024-09-06T14:28:46.839+0000] {dag.py:3229} INFO - Sync 1 DAGs
[2024-09-06T14:28:46.852+0000] {logging_mixin.py:190} INFO - [2024-09-06T14:28:46.851+0000] {dag.py:4156} INFO - Setting next_dagrun for tutorial_objectstorage to None, run_after=None
[2024-09-06T14:28:46.870+0000] {processor.py:208} INFO - Processing /home/airflow/.local/lib/python3.12/site-packages/airflow/example_dags/tutorial_objectstorage.py took 0.063 seconds
[2024-09-06T14:29:16.990+0000] {processor.py:186} INFO - Started process (PID=947) to work on /home/airflow/.local/lib/python3.12/site-packages/airflow/example_dags/tutorial_objectstorage.py
[2024-09-06T14:29:16.991+0000] {processor.py:914} INFO - Processing file /home/airflow/.local/lib/python3.12/site-packages/airflow/example_dags/tutorial_objectstorage.py for tasks to queue
[2024-09-06T14:29:16.993+0000] {logging_mixin.py:190} INFO - [2024-09-06T14:29:16.993+0000] {dagbag.py:587} INFO - Filling up the DagBag from /home/airflow/.local/lib/python3.12/site-packages/airflow/example_dags/tutorial_objectstorage.py
[2024-09-06T14:29:17.000+0000] {processor.py:925} INFO - DAG(s) 'tutorial_objectstorage' retrieved from /home/airflow/.local/lib/python3.12/site-packages/airflow/example_dags/tutorial_objectstorage.py
[2024-09-06T14:29:17.015+0000] {logging_mixin.py:190} INFO - [2024-09-06T14:29:17.015+0000] {dag.py:3229} INFO - Sync 1 DAGs
[2024-09-06T14:29:17.028+0000] {logging_mixin.py:190} INFO - [2024-09-06T14:29:17.028+0000] {dag.py:4156} INFO - Setting next_dagrun for tutorial_objectstorage to None, run_after=None
[2024-09-06T14:29:17.047+0000] {processor.py:208} INFO - Processing /home/airflow/.local/lib/python3.12/site-packages/airflow/example_dags/tutorial_objectstorage.py took 0.062 seconds
[2024-09-06T14:29:47.828+0000] {processor.py:186} INFO - Started process (PID=1009) to work on /home/airflow/.local/lib/python3.12/site-packages/airflow/example_dags/tutorial_objectstorage.py
[2024-09-06T14:29:47.830+0000] {processor.py:914} INFO - Processing file /home/airflow/.local/lib/python3.12/site-packages/airflow/example_dags/tutorial_objectstorage.py for tasks to queue
[2024-09-06T14:29:47.833+0000] {logging_mixin.py:190} INFO - [2024-09-06T14:29:47.832+0000] {dagbag.py:587} INFO - Filling up the DagBag from /home/airflow/.local/lib/python3.12/site-packages/airflow/example_dags/tutorial_objectstorage.py
[2024-09-06T14:29:47.841+0000] {processor.py:925} INFO - DAG(s) 'tutorial_objectstorage' retrieved from /home/airflow/.local/lib/python3.12/site-packages/airflow/example_dags/tutorial_objectstorage.py
[2024-09-06T14:29:47.857+0000] {logging_mixin.py:190} INFO - [2024-09-06T14:29:47.857+0000] {dag.py:3229} INFO - Sync 1 DAGs
[2024-09-06T14:29:47.869+0000] {logging_mixin.py:190} INFO - [2024-09-06T14:29:47.869+0000] {dag.py:4156} INFO - Setting next_dagrun for tutorial_objectstorage to None, run_after=None
[2024-09-06T14:29:47.884+0000] {processor.py:208} INFO - Processing /home/airflow/.local/lib/python3.12/site-packages/airflow/example_dags/tutorial_objectstorage.py took 0.062 seconds
[2024-09-06T14:30:17.965+0000] {processor.py:186} INFO - Started process (PID=1071) to work on /home/airflow/.local/lib/python3.12/site-packages/airflow/example_dags/tutorial_objectstorage.py
[2024-09-06T14:30:17.966+0000] {processor.py:914} INFO - Processing file /home/airflow/.local/lib/python3.12/site-packages/airflow/example_dags/tutorial_objectstorage.py for tasks to queue
[2024-09-06T14:30:17.969+0000] {logging_mixin.py:190} INFO - [2024-09-06T14:30:17.969+0000] {dagbag.py:587} INFO - Filling up the DagBag from /home/airflow/.local/lib/python3.12/site-packages/airflow/example_dags/tutorial_objectstorage.py
[2024-09-06T14:30:17.977+0000] {processor.py:925} INFO - DAG(s) 'tutorial_objectstorage' retrieved from /home/airflow/.local/lib/python3.12/site-packages/airflow/example_dags/tutorial_objectstorage.py
[2024-09-06T14:30:17.994+0000] {logging_mixin.py:190} INFO - [2024-09-06T14:30:17.993+0000] {dag.py:3229} INFO - Sync 1 DAGs
[2024-09-06T14:30:18.006+0000] {logging_mixin.py:190} INFO - [2024-09-06T14:30:18.006+0000] {dag.py:4156} INFO - Setting next_dagrun for tutorial_objectstorage to None, run_after=None
[2024-09-06T14:30:18.023+0000] {processor.py:208} INFO - Processing /home/airflow/.local/lib/python3.12/site-packages/airflow/example_dags/tutorial_objectstorage.py took 0.064 seconds
[2024-09-06T14:30:48.128+0000] {processor.py:186} INFO - Started process (PID=1133) to work on /home/airflow/.local/lib/python3.12/site-packages/airflow/example_dags/tutorial_objectstorage.py
[2024-09-06T14:30:48.129+0000] {processor.py:914} INFO - Processing file /home/airflow/.local/lib/python3.12/site-packages/airflow/example_dags/tutorial_objectstorage.py for tasks to queue
[2024-09-06T14:30:48.131+0000] {logging_mixin.py:190} INFO - [2024-09-06T14:30:48.131+0000] {dagbag.py:587} INFO - Filling up the DagBag from /home/airflow/.local/lib/python3.12/site-packages/airflow/example_dags/tutorial_objectstorage.py
[2024-09-06T14:30:48.140+0000] {processor.py:925} INFO - DAG(s) 'tutorial_objectstorage' retrieved from /home/airflow/.local/lib/python3.12/site-packages/airflow/example_dags/tutorial_objectstorage.py
[2024-09-06T14:30:48.155+0000] {logging_mixin.py:190} INFO - [2024-09-06T14:30:48.155+0000] {dag.py:3229} INFO - Sync 1 DAGs
[2024-09-06T14:30:48.167+0000] {logging_mixin.py:190} INFO - [2024-09-06T14:30:48.167+0000] {dag.py:4156} INFO - Setting next_dagrun for tutorial_objectstorage to None, run_after=None
[2024-09-06T14:30:48.186+0000] {processor.py:208} INFO - Processing /home/airflow/.local/lib/python3.12/site-packages/airflow/example_dags/tutorial_objectstorage.py took 0.064 seconds
[2024-09-06T14:31:18.767+0000] {processor.py:186} INFO - Started process (PID=1195) to work on /home/airflow/.local/lib/python3.12/site-packages/airflow/example_dags/tutorial_objectstorage.py
[2024-09-06T14:31:18.768+0000] {processor.py:914} INFO - Processing file /home/airflow/.local/lib/python3.12/site-packages/airflow/example_dags/tutorial_objectstorage.py for tasks to queue
[2024-09-06T14:31:18.770+0000] {logging_mixin.py:190} INFO - [2024-09-06T14:31:18.770+0000] {dagbag.py:587} INFO - Filling up the DagBag from /home/airflow/.local/lib/python3.12/site-packages/airflow/example_dags/tutorial_objectstorage.py
[2024-09-06T14:31:18.778+0000] {processor.py:925} INFO - DAG(s) 'tutorial_objectstorage' retrieved from /home/airflow/.local/lib/python3.12/site-packages/airflow/example_dags/tutorial_objectstorage.py
[2024-09-06T14:31:18.797+0000] {logging_mixin.py:190} INFO - [2024-09-06T14:31:18.797+0000] {dag.py:3229} INFO - Sync 1 DAGs
[2024-09-06T14:31:18.814+0000] {logging_mixin.py:190} INFO - [2024-09-06T14:31:18.814+0000] {dag.py:4156} INFO - Setting next_dagrun for tutorial_objectstorage to None, run_after=None
[2024-09-06T14:31:18.840+0000] {processor.py:208} INFO - Processing /home/airflow/.local/lib/python3.12/site-packages/airflow/example_dags/tutorial_objectstorage.py took 0.079 seconds
[2024-09-06T14:31:49.269+0000] {processor.py:186} INFO - Started process (PID=1257) to work on /home/airflow/.local/lib/python3.12/site-packages/airflow/example_dags/tutorial_objectstorage.py
[2024-09-06T14:31:49.270+0000] {processor.py:914} INFO - Processing file /home/airflow/.local/lib/python3.12/site-packages/airflow/example_dags/tutorial_objectstorage.py for tasks to queue
[2024-09-06T14:31:49.272+0000] {logging_mixin.py:190} INFO - [2024-09-06T14:31:49.272+0000] {dagbag.py:587} INFO - Filling up the DagBag from /home/airflow/.local/lib/python3.12/site-packages/airflow/example_dags/tutorial_objectstorage.py
[2024-09-06T14:31:49.282+0000] {processor.py:925} INFO - DAG(s) 'tutorial_objectstorage' retrieved from /home/airflow/.local/lib/python3.12/site-packages/airflow/example_dags/tutorial_objectstorage.py
[2024-09-06T14:31:49.299+0000] {logging_mixin.py:190} INFO - [2024-09-06T14:31:49.299+0000] {dag.py:3229} INFO - Sync 1 DAGs
[2024-09-06T14:31:49.315+0000] {logging_mixin.py:190} INFO - [2024-09-06T14:31:49.314+0000] {dag.py:4156} INFO - Setting next_dagrun for tutorial_objectstorage to None, run_after=None
[2024-09-06T14:31:49.335+0000] {processor.py:208} INFO - Processing /home/airflow/.local/lib/python3.12/site-packages/airflow/example_dags/tutorial_objectstorage.py took 0.072 seconds
[2024-09-06T14:32:20.037+0000] {processor.py:186} INFO - Started process (PID=1319) to work on /home/airflow/.local/lib/python3.12/site-packages/airflow/example_dags/tutorial_objectstorage.py
[2024-09-06T14:32:20.038+0000] {processor.py:914} INFO - Processing file /home/airflow/.local/lib/python3.12/site-packages/airflow/example_dags/tutorial_objectstorage.py for tasks to queue
[2024-09-06T14:32:20.042+0000] {logging_mixin.py:190} INFO - [2024-09-06T14:32:20.041+0000] {dagbag.py:587} INFO - Filling up the DagBag from /home/airflow/.local/lib/python3.12/site-packages/airflow/example_dags/tutorial_objectstorage.py
[2024-09-06T14:32:20.054+0000] {processor.py:925} INFO - DAG(s) 'tutorial_objectstorage' retrieved from /home/airflow/.local/lib/python3.12/site-packages/airflow/example_dags/tutorial_objectstorage.py
[2024-09-06T14:32:20.079+0000] {logging_mixin.py:190} INFO - [2024-09-06T14:32:20.079+0000] {dag.py:3229} INFO - Sync 1 DAGs
[2024-09-06T14:32:20.100+0000] {logging_mixin.py:190} INFO - [2024-09-06T14:32:20.100+0000] {dag.py:4156} INFO - Setting next_dagrun for tutorial_objectstorage to None, run_after=None
[2024-09-06T14:32:20.121+0000] {processor.py:208} INFO - Processing /home/airflow/.local/lib/python3.12/site-packages/airflow/example_dags/tutorial_objectstorage.py took 0.091 seconds
[2024-09-06T14:32:50.485+0000] {processor.py:186} INFO - Started process (PID=1381) to work on /home/airflow/.local/lib/python3.12/site-packages/airflow/example_dags/tutorial_objectstorage.py
[2024-09-06T14:32:50.487+0000] {processor.py:914} INFO - Processing file /home/airflow/.local/lib/python3.12/site-packages/airflow/example_dags/tutorial_objectstorage.py for tasks to queue
[2024-09-06T14:32:50.489+0000] {logging_mixin.py:190} INFO - [2024-09-06T14:32:50.489+0000] {dagbag.py:587} INFO - Filling up the DagBag from /home/airflow/.local/lib/python3.12/site-packages/airflow/example_dags/tutorial_objectstorage.py
[2024-09-06T14:32:50.498+0000] {processor.py:925} INFO - DAG(s) 'tutorial_objectstorage' retrieved from /home/airflow/.local/lib/python3.12/site-packages/airflow/example_dags/tutorial_objectstorage.py
[2024-09-06T14:32:50.516+0000] {logging_mixin.py:190} INFO - [2024-09-06T14:32:50.516+0000] {dag.py:3229} INFO - Sync 1 DAGs
[2024-09-06T14:32:50.534+0000] {logging_mixin.py:190} INFO - [2024-09-06T14:32:50.533+0000] {dag.py:4156} INFO - Setting next_dagrun for tutorial_objectstorage to None, run_after=None
[2024-09-06T14:32:50.557+0000] {processor.py:208} INFO - Processing /home/airflow/.local/lib/python3.12/site-packages/airflow/example_dags/tutorial_objectstorage.py took 0.078 seconds
[2024-09-06T14:33:21.025+0000] {processor.py:186} INFO - Started process (PID=1443) to work on /home/airflow/.local/lib/python3.12/site-packages/airflow/example_dags/tutorial_objectstorage.py
[2024-09-06T14:33:21.026+0000] {processor.py:914} INFO - Processing file /home/airflow/.local/lib/python3.12/site-packages/airflow/example_dags/tutorial_objectstorage.py for tasks to queue
[2024-09-06T14:33:21.028+0000] {logging_mixin.py:190} INFO - [2024-09-06T14:33:21.028+0000] {dagbag.py:587} INFO - Filling up the DagBag from /home/airflow/.local/lib/python3.12/site-packages/airflow/example_dags/tutorial_objectstorage.py
[2024-09-06T14:33:21.039+0000] {processor.py:925} INFO - DAG(s) 'tutorial_objectstorage' retrieved from /home/airflow/.local/lib/python3.12/site-packages/airflow/example_dags/tutorial_objectstorage.py
[2024-09-06T14:33:21.069+0000] {logging_mixin.py:190} INFO - [2024-09-06T14:33:21.069+0000] {dag.py:3229} INFO - Sync 1 DAGs
[2024-09-06T14:33:21.111+0000] {logging_mixin.py:190} INFO - [2024-09-06T14:33:21.111+0000] {dag.py:4156} INFO - Setting next_dagrun for tutorial_objectstorage to None, run_after=None
[2024-09-06T14:33:21.135+0000] {processor.py:208} INFO - Processing /home/airflow/.local/lib/python3.12/site-packages/airflow/example_dags/tutorial_objectstorage.py took 0.115 seconds
[2024-09-06T14:33:51.475+0000] {processor.py:186} INFO - Started process (PID=1505) to work on /home/airflow/.local/lib/python3.12/site-packages/airflow/example_dags/tutorial_objectstorage.py
[2024-09-06T14:33:51.476+0000] {processor.py:914} INFO - Processing file /home/airflow/.local/lib/python3.12/site-packages/airflow/example_dags/tutorial_objectstorage.py for tasks to queue
[2024-09-06T14:33:51.479+0000] {logging_mixin.py:190} INFO - [2024-09-06T14:33:51.479+0000] {dagbag.py:587} INFO - Filling up the DagBag from /home/airflow/.local/lib/python3.12/site-packages/airflow/example_dags/tutorial_objectstorage.py
[2024-09-06T14:33:51.497+0000] {processor.py:925} INFO - DAG(s) 'tutorial_objectstorage' retrieved from /home/airflow/.local/lib/python3.12/site-packages/airflow/example_dags/tutorial_objectstorage.py
[2024-09-06T14:33:51.521+0000] {logging_mixin.py:190} INFO - [2024-09-06T14:33:51.521+0000] {dag.py:3229} INFO - Sync 1 DAGs
[2024-09-06T14:33:51.540+0000] {logging_mixin.py:190} INFO - [2024-09-06T14:33:51.540+0000] {dag.py:4156} INFO - Setting next_dagrun for tutorial_objectstorage to None, run_after=None
[2024-09-06T14:33:51.568+0000] {processor.py:208} INFO - Processing /home/airflow/.local/lib/python3.12/site-packages/airflow/example_dags/tutorial_objectstorage.py took 0.104 seconds
