[2024-09-06T14:22:10.735+0000] {processor.py:186} INFO - Started process (PID=73) to work on /home/airflow/.local/lib/python3.12/site-packages/airflow/example_dags/tutorial_taskflow_api.py
[2024-09-06T14:22:10.737+0000] {processor.py:914} INFO - Processing file /home/airflow/.local/lib/python3.12/site-packages/airflow/example_dags/tutorial_taskflow_api.py for tasks to queue
[2024-09-06T14:22:10.740+0000] {logging_mixin.py:190} INFO - [2024-09-06T14:22:10.740+0000] {dagbag.py:587} INFO - Filling up the DagBag from /home/airflow/.local/lib/python3.12/site-packages/airflow/example_dags/tutorial_taskflow_api.py
[2024-09-06T14:22:10.757+0000] {processor.py:925} INFO - DAG(s) 'tutorial_taskflow_api' retrieved from /home/airflow/.local/lib/python3.12/site-packages/airflow/example_dags/tutorial_taskflow_api.py
[2024-09-06T14:22:10.954+0000] {logging_mixin.py:190} INFO - [2024-09-06T14:22:10.951+0000] {override.py:1900} INFO - Created Permission View: can read on DAG:tutorial_taskflow_api
[2024-09-06T14:22:10.977+0000] {logging_mixin.py:190} INFO - [2024-09-06T14:22:10.976+0000] {override.py:1900} INFO - Created Permission View: can delete on DAG:tutorial_taskflow_api
[2024-09-06T14:22:10.988+0000] {logging_mixin.py:190} INFO - [2024-09-06T14:22:10.988+0000] {override.py:1900} INFO - Created Permission View: can edit on DAG:tutorial_taskflow_api
[2024-09-06T14:22:10.998+0000] {logging_mixin.py:190} INFO - [2024-09-06T14:22:10.998+0000] {override.py:1900} INFO - Created Permission View: can read on DAG Run:tutorial_taskflow_api
[2024-09-06T14:22:11.007+0000] {logging_mixin.py:190} INFO - [2024-09-06T14:22:11.007+0000] {override.py:1900} INFO - Created Permission View: can delete on DAG Run:tutorial_taskflow_api
[2024-09-06T14:22:11.018+0000] {logging_mixin.py:190} INFO - [2024-09-06T14:22:11.017+0000] {override.py:1900} INFO - Created Permission View: menu access on DAG Run:tutorial_taskflow_api
[2024-09-06T14:22:11.029+0000] {logging_mixin.py:190} INFO - [2024-09-06T14:22:11.028+0000] {override.py:1900} INFO - Created Permission View: can create on DAG Run:tutorial_taskflow_api
[2024-09-06T14:22:11.030+0000] {logging_mixin.py:190} INFO - [2024-09-06T14:22:11.030+0000] {dag.py:3229} INFO - Sync 1 DAGs
[2024-09-06T14:22:11.050+0000] {logging_mixin.py:190} INFO - [2024-09-06T14:22:11.049+0000] {dag.py:3252} INFO - Creating ORM DAG for tutorial_taskflow_api
[2024-09-06T14:22:11.052+0000] {logging_mixin.py:190} INFO - [2024-09-06T14:22:11.051+0000] {dag.py:4156} INFO - Setting next_dagrun for tutorial_taskflow_api to None, run_after=None
[2024-09-06T14:22:11.076+0000] {processor.py:208} INFO - Processing /home/airflow/.local/lib/python3.12/site-packages/airflow/example_dags/tutorial_taskflow_api.py took 0.347 seconds
[2024-09-06T14:22:41.489+0000] {processor.py:186} INFO - Started process (PID=135) to work on /home/airflow/.local/lib/python3.12/site-packages/airflow/example_dags/tutorial_taskflow_api.py
[2024-09-06T14:22:41.490+0000] {processor.py:914} INFO - Processing file /home/airflow/.local/lib/python3.12/site-packages/airflow/example_dags/tutorial_taskflow_api.py for tasks to queue
[2024-09-06T14:22:41.492+0000] {logging_mixin.py:190} INFO - [2024-09-06T14:22:41.492+0000] {dagbag.py:587} INFO - Filling up the DagBag from /home/airflow/.local/lib/python3.12/site-packages/airflow/example_dags/tutorial_taskflow_api.py
[2024-09-06T14:22:41.499+0000] {processor.py:925} INFO - DAG(s) 'tutorial_taskflow_api' retrieved from /home/airflow/.local/lib/python3.12/site-packages/airflow/example_dags/tutorial_taskflow_api.py
[2024-09-06T14:22:41.517+0000] {logging_mixin.py:190} INFO - [2024-09-06T14:22:41.517+0000] {dag.py:3229} INFO - Sync 1 DAGs
[2024-09-06T14:22:41.529+0000] {logging_mixin.py:190} INFO - [2024-09-06T14:22:41.529+0000] {dag.py:4156} INFO - Setting next_dagrun for tutorial_taskflow_api to None, run_after=None
[2024-09-06T14:22:41.548+0000] {processor.py:208} INFO - Processing /home/airflow/.local/lib/python3.12/site-packages/airflow/example_dags/tutorial_taskflow_api.py took 0.064 seconds
[2024-09-06T14:23:12.114+0000] {processor.py:186} INFO - Started process (PID=197) to work on /home/airflow/.local/lib/python3.12/site-packages/airflow/example_dags/tutorial_taskflow_api.py
[2024-09-06T14:23:12.115+0000] {processor.py:914} INFO - Processing file /home/airflow/.local/lib/python3.12/site-packages/airflow/example_dags/tutorial_taskflow_api.py for tasks to queue
[2024-09-06T14:23:12.118+0000] {logging_mixin.py:190} INFO - [2024-09-06T14:23:12.118+0000] {dagbag.py:587} INFO - Filling up the DagBag from /home/airflow/.local/lib/python3.12/site-packages/airflow/example_dags/tutorial_taskflow_api.py
[2024-09-06T14:23:12.127+0000] {processor.py:925} INFO - DAG(s) 'tutorial_taskflow_api' retrieved from /home/airflow/.local/lib/python3.12/site-packages/airflow/example_dags/tutorial_taskflow_api.py
[2024-09-06T14:23:12.149+0000] {logging_mixin.py:190} INFO - [2024-09-06T14:23:12.149+0000] {dag.py:3229} INFO - Sync 1 DAGs
[2024-09-06T14:23:12.166+0000] {logging_mixin.py:190} INFO - [2024-09-06T14:23:12.166+0000] {dag.py:4156} INFO - Setting next_dagrun for tutorial_taskflow_api to None, run_after=None
[2024-09-06T14:23:12.187+0000] {processor.py:208} INFO - Processing /home/airflow/.local/lib/python3.12/site-packages/airflow/example_dags/tutorial_taskflow_api.py took 0.079 seconds
[2024-09-06T14:23:42.284+0000] {processor.py:186} INFO - Started process (PID=259) to work on /home/airflow/.local/lib/python3.12/site-packages/airflow/example_dags/tutorial_taskflow_api.py
[2024-09-06T14:23:42.285+0000] {processor.py:914} INFO - Processing file /home/airflow/.local/lib/python3.12/site-packages/airflow/example_dags/tutorial_taskflow_api.py for tasks to queue
[2024-09-06T14:23:42.286+0000] {logging_mixin.py:190} INFO - [2024-09-06T14:23:42.286+0000] {dagbag.py:587} INFO - Filling up the DagBag from /home/airflow/.local/lib/python3.12/site-packages/airflow/example_dags/tutorial_taskflow_api.py
[2024-09-06T14:23:42.293+0000] {processor.py:925} INFO - DAG(s) 'tutorial_taskflow_api' retrieved from /home/airflow/.local/lib/python3.12/site-packages/airflow/example_dags/tutorial_taskflow_api.py
[2024-09-06T14:23:42.314+0000] {logging_mixin.py:190} INFO - [2024-09-06T14:23:42.314+0000] {dag.py:3229} INFO - Sync 1 DAGs
[2024-09-06T14:23:42.326+0000] {logging_mixin.py:190} INFO - [2024-09-06T14:23:42.325+0000] {dag.py:4156} INFO - Setting next_dagrun for tutorial_taskflow_api to None, run_after=None
[2024-09-06T14:23:42.344+0000] {processor.py:208} INFO - Processing /home/airflow/.local/lib/python3.12/site-packages/airflow/example_dags/tutorial_taskflow_api.py took 0.065 seconds
[2024-09-06T14:24:12.781+0000] {processor.py:186} INFO - Started process (PID=321) to work on /home/airflow/.local/lib/python3.12/site-packages/airflow/example_dags/tutorial_taskflow_api.py
[2024-09-06T14:24:12.782+0000] {processor.py:914} INFO - Processing file /home/airflow/.local/lib/python3.12/site-packages/airflow/example_dags/tutorial_taskflow_api.py for tasks to queue
[2024-09-06T14:24:12.784+0000] {logging_mixin.py:190} INFO - [2024-09-06T14:24:12.783+0000] {dagbag.py:587} INFO - Filling up the DagBag from /home/airflow/.local/lib/python3.12/site-packages/airflow/example_dags/tutorial_taskflow_api.py
[2024-09-06T14:24:12.790+0000] {processor.py:925} INFO - DAG(s) 'tutorial_taskflow_api' retrieved from /home/airflow/.local/lib/python3.12/site-packages/airflow/example_dags/tutorial_taskflow_api.py
[2024-09-06T14:24:12.809+0000] {logging_mixin.py:190} INFO - [2024-09-06T14:24:12.808+0000] {dag.py:3229} INFO - Sync 1 DAGs
[2024-09-06T14:24:12.821+0000] {logging_mixin.py:190} INFO - [2024-09-06T14:24:12.821+0000] {dag.py:4156} INFO - Setting next_dagrun for tutorial_taskflow_api to None, run_after=None
[2024-09-06T14:24:12.843+0000] {processor.py:208} INFO - Processing /home/airflow/.local/lib/python3.12/site-packages/airflow/example_dags/tutorial_taskflow_api.py took 0.066 seconds
[2024-09-06T14:24:43.173+0000] {processor.py:186} INFO - Started process (PID=383) to work on /home/airflow/.local/lib/python3.12/site-packages/airflow/example_dags/tutorial_taskflow_api.py
[2024-09-06T14:24:43.174+0000] {processor.py:914} INFO - Processing file /home/airflow/.local/lib/python3.12/site-packages/airflow/example_dags/tutorial_taskflow_api.py for tasks to queue
[2024-09-06T14:24:43.176+0000] {logging_mixin.py:190} INFO - [2024-09-06T14:24:43.176+0000] {dagbag.py:587} INFO - Filling up the DagBag from /home/airflow/.local/lib/python3.12/site-packages/airflow/example_dags/tutorial_taskflow_api.py
[2024-09-06T14:24:43.183+0000] {processor.py:925} INFO - DAG(s) 'tutorial_taskflow_api' retrieved from /home/airflow/.local/lib/python3.12/site-packages/airflow/example_dags/tutorial_taskflow_api.py
[2024-09-06T14:24:43.200+0000] {logging_mixin.py:190} INFO - [2024-09-06T14:24:43.200+0000] {dag.py:3229} INFO - Sync 1 DAGs
[2024-09-06T14:24:43.213+0000] {logging_mixin.py:190} INFO - [2024-09-06T14:24:43.213+0000] {dag.py:4156} INFO - Setting next_dagrun for tutorial_taskflow_api to None, run_after=None
[2024-09-06T14:24:43.232+0000] {processor.py:208} INFO - Processing /home/airflow/.local/lib/python3.12/site-packages/airflow/example_dags/tutorial_taskflow_api.py took 0.064 seconds
[2024-09-06T14:25:13.533+0000] {processor.py:186} INFO - Started process (PID=446) to work on /home/airflow/.local/lib/python3.12/site-packages/airflow/example_dags/tutorial_taskflow_api.py
[2024-09-06T14:25:13.534+0000] {processor.py:914} INFO - Processing file /home/airflow/.local/lib/python3.12/site-packages/airflow/example_dags/tutorial_taskflow_api.py for tasks to queue
[2024-09-06T14:25:13.536+0000] {logging_mixin.py:190} INFO - [2024-09-06T14:25:13.536+0000] {dagbag.py:587} INFO - Filling up the DagBag from /home/airflow/.local/lib/python3.12/site-packages/airflow/example_dags/tutorial_taskflow_api.py
[2024-09-06T14:25:13.543+0000] {processor.py:925} INFO - DAG(s) 'tutorial_taskflow_api' retrieved from /home/airflow/.local/lib/python3.12/site-packages/airflow/example_dags/tutorial_taskflow_api.py
[2024-09-06T14:25:13.560+0000] {logging_mixin.py:190} INFO - [2024-09-06T14:25:13.560+0000] {dag.py:3229} INFO - Sync 1 DAGs
[2024-09-06T14:25:13.573+0000] {logging_mixin.py:190} INFO - [2024-09-06T14:25:13.573+0000] {dag.py:4156} INFO - Setting next_dagrun for tutorial_taskflow_api to None, run_after=None
[2024-09-06T14:25:13.590+0000] {processor.py:208} INFO - Processing /home/airflow/.local/lib/python3.12/site-packages/airflow/example_dags/tutorial_taskflow_api.py took 0.062 seconds
[2024-09-06T14:25:43.930+0000] {processor.py:186} INFO - Started process (PID=507) to work on /home/airflow/.local/lib/python3.12/site-packages/airflow/example_dags/tutorial_taskflow_api.py
[2024-09-06T14:25:43.931+0000] {processor.py:914} INFO - Processing file /home/airflow/.local/lib/python3.12/site-packages/airflow/example_dags/tutorial_taskflow_api.py for tasks to queue
[2024-09-06T14:25:43.934+0000] {logging_mixin.py:190} INFO - [2024-09-06T14:25:43.933+0000] {dagbag.py:587} INFO - Filling up the DagBag from /home/airflow/.local/lib/python3.12/site-packages/airflow/example_dags/tutorial_taskflow_api.py
[2024-09-06T14:25:43.940+0000] {processor.py:925} INFO - DAG(s) 'tutorial_taskflow_api' retrieved from /home/airflow/.local/lib/python3.12/site-packages/airflow/example_dags/tutorial_taskflow_api.py
[2024-09-06T14:25:43.958+0000] {logging_mixin.py:190} INFO - [2024-09-06T14:25:43.958+0000] {dag.py:3229} INFO - Sync 1 DAGs
[2024-09-06T14:25:43.971+0000] {logging_mixin.py:190} INFO - [2024-09-06T14:25:43.971+0000] {dag.py:4156} INFO - Setting next_dagrun for tutorial_taskflow_api to None, run_after=None
[2024-09-06T14:25:43.992+0000] {processor.py:208} INFO - Processing /home/airflow/.local/lib/python3.12/site-packages/airflow/example_dags/tutorial_taskflow_api.py took 0.066 seconds
[2024-09-06T14:26:14.167+0000] {processor.py:186} INFO - Started process (PID=569) to work on /home/airflow/.local/lib/python3.12/site-packages/airflow/example_dags/tutorial_taskflow_api.py
[2024-09-06T14:26:14.168+0000] {processor.py:914} INFO - Processing file /home/airflow/.local/lib/python3.12/site-packages/airflow/example_dags/tutorial_taskflow_api.py for tasks to queue
[2024-09-06T14:26:14.170+0000] {logging_mixin.py:190} INFO - [2024-09-06T14:26:14.170+0000] {dagbag.py:587} INFO - Filling up the DagBag from /home/airflow/.local/lib/python3.12/site-packages/airflow/example_dags/tutorial_taskflow_api.py
[2024-09-06T14:26:14.177+0000] {processor.py:925} INFO - DAG(s) 'tutorial_taskflow_api' retrieved from /home/airflow/.local/lib/python3.12/site-packages/airflow/example_dags/tutorial_taskflow_api.py
[2024-09-06T14:26:14.195+0000] {logging_mixin.py:190} INFO - [2024-09-06T14:26:14.195+0000] {dag.py:3229} INFO - Sync 1 DAGs
[2024-09-06T14:26:14.208+0000] {logging_mixin.py:190} INFO - [2024-09-06T14:26:14.207+0000] {dag.py:4156} INFO - Setting next_dagrun for tutorial_taskflow_api to None, run_after=None
[2024-09-06T14:26:14.228+0000] {processor.py:208} INFO - Processing /home/airflow/.local/lib/python3.12/site-packages/airflow/example_dags/tutorial_taskflow_api.py took 0.066 seconds
[2024-09-06T14:26:44.379+0000] {processor.py:186} INFO - Started process (PID=631) to work on /home/airflow/.local/lib/python3.12/site-packages/airflow/example_dags/tutorial_taskflow_api.py
[2024-09-06T14:26:44.380+0000] {processor.py:914} INFO - Processing file /home/airflow/.local/lib/python3.12/site-packages/airflow/example_dags/tutorial_taskflow_api.py for tasks to queue
[2024-09-06T14:26:44.382+0000] {logging_mixin.py:190} INFO - [2024-09-06T14:26:44.382+0000] {dagbag.py:587} INFO - Filling up the DagBag from /home/airflow/.local/lib/python3.12/site-packages/airflow/example_dags/tutorial_taskflow_api.py
[2024-09-06T14:26:44.389+0000] {processor.py:925} INFO - DAG(s) 'tutorial_taskflow_api' retrieved from /home/airflow/.local/lib/python3.12/site-packages/airflow/example_dags/tutorial_taskflow_api.py
[2024-09-06T14:26:44.408+0000] {logging_mixin.py:190} INFO - [2024-09-06T14:26:44.407+0000] {dag.py:3229} INFO - Sync 1 DAGs
[2024-09-06T14:26:44.422+0000] {logging_mixin.py:190} INFO - [2024-09-06T14:26:44.422+0000] {dag.py:4156} INFO - Setting next_dagrun for tutorial_taskflow_api to None, run_after=None
[2024-09-06T14:26:44.444+0000] {processor.py:208} INFO - Processing /home/airflow/.local/lib/python3.12/site-packages/airflow/example_dags/tutorial_taskflow_api.py took 0.069 seconds
[2024-09-06T14:27:14.514+0000] {processor.py:186} INFO - Started process (PID=693) to work on /home/airflow/.local/lib/python3.12/site-packages/airflow/example_dags/tutorial_taskflow_api.py
[2024-09-06T14:27:14.515+0000] {processor.py:914} INFO - Processing file /home/airflow/.local/lib/python3.12/site-packages/airflow/example_dags/tutorial_taskflow_api.py for tasks to queue
[2024-09-06T14:27:14.517+0000] {logging_mixin.py:190} INFO - [2024-09-06T14:27:14.517+0000] {dagbag.py:587} INFO - Filling up the DagBag from /home/airflow/.local/lib/python3.12/site-packages/airflow/example_dags/tutorial_taskflow_api.py
[2024-09-06T14:27:14.525+0000] {processor.py:925} INFO - DAG(s) 'tutorial_taskflow_api' retrieved from /home/airflow/.local/lib/python3.12/site-packages/airflow/example_dags/tutorial_taskflow_api.py
[2024-09-06T14:27:14.545+0000] {logging_mixin.py:190} INFO - [2024-09-06T14:27:14.545+0000] {dag.py:3229} INFO - Sync 1 DAGs
[2024-09-06T14:27:14.558+0000] {logging_mixin.py:190} INFO - [2024-09-06T14:27:14.558+0000] {dag.py:4156} INFO - Setting next_dagrun for tutorial_taskflow_api to None, run_after=None
[2024-09-06T14:27:14.576+0000] {processor.py:208} INFO - Processing /home/airflow/.local/lib/python3.12/site-packages/airflow/example_dags/tutorial_taskflow_api.py took 0.067 seconds
[2024-09-06T14:27:44.731+0000] {processor.py:186} INFO - Started process (PID=755) to work on /home/airflow/.local/lib/python3.12/site-packages/airflow/example_dags/tutorial_taskflow_api.py
[2024-09-06T14:27:44.732+0000] {processor.py:914} INFO - Processing file /home/airflow/.local/lib/python3.12/site-packages/airflow/example_dags/tutorial_taskflow_api.py for tasks to queue
[2024-09-06T14:27:44.734+0000] {logging_mixin.py:190} INFO - [2024-09-06T14:27:44.734+0000] {dagbag.py:587} INFO - Filling up the DagBag from /home/airflow/.local/lib/python3.12/site-packages/airflow/example_dags/tutorial_taskflow_api.py
[2024-09-06T14:27:44.742+0000] {processor.py:925} INFO - DAG(s) 'tutorial_taskflow_api' retrieved from /home/airflow/.local/lib/python3.12/site-packages/airflow/example_dags/tutorial_taskflow_api.py
[2024-09-06T14:27:44.760+0000] {logging_mixin.py:190} INFO - [2024-09-06T14:27:44.760+0000] {dag.py:3229} INFO - Sync 1 DAGs
[2024-09-06T14:27:44.773+0000] {logging_mixin.py:190} INFO - [2024-09-06T14:27:44.773+0000] {dag.py:4156} INFO - Setting next_dagrun for tutorial_taskflow_api to None, run_after=None
[2024-09-06T14:27:44.793+0000] {processor.py:208} INFO - Processing /home/airflow/.local/lib/python3.12/site-packages/airflow/example_dags/tutorial_taskflow_api.py took 0.068 seconds
[2024-09-06T14:28:15.049+0000] {processor.py:186} INFO - Started process (PID=817) to work on /home/airflow/.local/lib/python3.12/site-packages/airflow/example_dags/tutorial_taskflow_api.py
[2024-09-06T14:28:15.050+0000] {processor.py:914} INFO - Processing file /home/airflow/.local/lib/python3.12/site-packages/airflow/example_dags/tutorial_taskflow_api.py for tasks to queue
[2024-09-06T14:28:15.052+0000] {logging_mixin.py:190} INFO - [2024-09-06T14:28:15.052+0000] {dagbag.py:587} INFO - Filling up the DagBag from /home/airflow/.local/lib/python3.12/site-packages/airflow/example_dags/tutorial_taskflow_api.py
[2024-09-06T14:28:15.059+0000] {processor.py:925} INFO - DAG(s) 'tutorial_taskflow_api' retrieved from /home/airflow/.local/lib/python3.12/site-packages/airflow/example_dags/tutorial_taskflow_api.py
[2024-09-06T14:28:15.078+0000] {logging_mixin.py:190} INFO - [2024-09-06T14:28:15.077+0000] {dag.py:3229} INFO - Sync 1 DAGs
[2024-09-06T14:28:15.094+0000] {logging_mixin.py:190} INFO - [2024-09-06T14:28:15.094+0000] {dag.py:4156} INFO - Setting next_dagrun for tutorial_taskflow_api to None, run_after=None
[2024-09-06T14:28:15.115+0000] {processor.py:208} INFO - Processing /home/airflow/.local/lib/python3.12/site-packages/airflow/example_dags/tutorial_taskflow_api.py took 0.072 seconds
[2024-09-06T14:28:45.421+0000] {processor.py:186} INFO - Started process (PID=879) to work on /home/airflow/.local/lib/python3.12/site-packages/airflow/example_dags/tutorial_taskflow_api.py
[2024-09-06T14:28:45.422+0000] {processor.py:914} INFO - Processing file /home/airflow/.local/lib/python3.12/site-packages/airflow/example_dags/tutorial_taskflow_api.py for tasks to queue
[2024-09-06T14:28:45.423+0000] {logging_mixin.py:190} INFO - [2024-09-06T14:28:45.423+0000] {dagbag.py:587} INFO - Filling up the DagBag from /home/airflow/.local/lib/python3.12/site-packages/airflow/example_dags/tutorial_taskflow_api.py
[2024-09-06T14:28:45.430+0000] {processor.py:925} INFO - DAG(s) 'tutorial_taskflow_api' retrieved from /home/airflow/.local/lib/python3.12/site-packages/airflow/example_dags/tutorial_taskflow_api.py
[2024-09-06T14:28:45.447+0000] {logging_mixin.py:190} INFO - [2024-09-06T14:28:45.447+0000] {dag.py:3229} INFO - Sync 1 DAGs
[2024-09-06T14:28:45.459+0000] {logging_mixin.py:190} INFO - [2024-09-06T14:28:45.459+0000] {dag.py:4156} INFO - Setting next_dagrun for tutorial_taskflow_api to None, run_after=None
[2024-09-06T14:28:45.479+0000] {processor.py:208} INFO - Processing /home/airflow/.local/lib/python3.12/site-packages/airflow/example_dags/tutorial_taskflow_api.py took 0.063 seconds
[2024-09-06T14:29:15.598+0000] {processor.py:186} INFO - Started process (PID=941) to work on /home/airflow/.local/lib/python3.12/site-packages/airflow/example_dags/tutorial_taskflow_api.py
[2024-09-06T14:29:15.599+0000] {processor.py:914} INFO - Processing file /home/airflow/.local/lib/python3.12/site-packages/airflow/example_dags/tutorial_taskflow_api.py for tasks to queue
[2024-09-06T14:29:15.601+0000] {logging_mixin.py:190} INFO - [2024-09-06T14:29:15.600+0000] {dagbag.py:587} INFO - Filling up the DagBag from /home/airflow/.local/lib/python3.12/site-packages/airflow/example_dags/tutorial_taskflow_api.py
[2024-09-06T14:29:15.607+0000] {processor.py:925} INFO - DAG(s) 'tutorial_taskflow_api' retrieved from /home/airflow/.local/lib/python3.12/site-packages/airflow/example_dags/tutorial_taskflow_api.py
[2024-09-06T14:29:15.625+0000] {logging_mixin.py:190} INFO - [2024-09-06T14:29:15.625+0000] {dag.py:3229} INFO - Sync 1 DAGs
[2024-09-06T14:29:15.638+0000] {logging_mixin.py:190} INFO - [2024-09-06T14:29:15.638+0000] {dag.py:4156} INFO - Setting next_dagrun for tutorial_taskflow_api to None, run_after=None
[2024-09-06T14:29:15.658+0000] {processor.py:208} INFO - Processing /home/airflow/.local/lib/python3.12/site-packages/airflow/example_dags/tutorial_taskflow_api.py took 0.065 seconds
[2024-09-06T14:29:46.429+0000] {processor.py:186} INFO - Started process (PID=1003) to work on /home/airflow/.local/lib/python3.12/site-packages/airflow/example_dags/tutorial_taskflow_api.py
[2024-09-06T14:29:46.429+0000] {processor.py:914} INFO - Processing file /home/airflow/.local/lib/python3.12/site-packages/airflow/example_dags/tutorial_taskflow_api.py for tasks to queue
[2024-09-06T14:29:46.431+0000] {logging_mixin.py:190} INFO - [2024-09-06T14:29:46.431+0000] {dagbag.py:587} INFO - Filling up the DagBag from /home/airflow/.local/lib/python3.12/site-packages/airflow/example_dags/tutorial_taskflow_api.py
[2024-09-06T14:29:46.438+0000] {processor.py:925} INFO - DAG(s) 'tutorial_taskflow_api' retrieved from /home/airflow/.local/lib/python3.12/site-packages/airflow/example_dags/tutorial_taskflow_api.py
[2024-09-06T14:29:46.455+0000] {logging_mixin.py:190} INFO - [2024-09-06T14:29:46.454+0000] {dag.py:3229} INFO - Sync 1 DAGs
[2024-09-06T14:29:46.467+0000] {logging_mixin.py:190} INFO - [2024-09-06T14:29:46.467+0000] {dag.py:4156} INFO - Setting next_dagrun for tutorial_taskflow_api to None, run_after=None
[2024-09-06T14:29:46.487+0000] {processor.py:208} INFO - Processing /home/airflow/.local/lib/python3.12/site-packages/airflow/example_dags/tutorial_taskflow_api.py took 0.063 seconds
[2024-09-06T14:30:16.566+0000] {processor.py:186} INFO - Started process (PID=1065) to work on /home/airflow/.local/lib/python3.12/site-packages/airflow/example_dags/tutorial_taskflow_api.py
[2024-09-06T14:30:16.567+0000] {processor.py:914} INFO - Processing file /home/airflow/.local/lib/python3.12/site-packages/airflow/example_dags/tutorial_taskflow_api.py for tasks to queue
[2024-09-06T14:30:16.569+0000] {logging_mixin.py:190} INFO - [2024-09-06T14:30:16.569+0000] {dagbag.py:587} INFO - Filling up the DagBag from /home/airflow/.local/lib/python3.12/site-packages/airflow/example_dags/tutorial_taskflow_api.py
[2024-09-06T14:30:16.576+0000] {processor.py:925} INFO - DAG(s) 'tutorial_taskflow_api' retrieved from /home/airflow/.local/lib/python3.12/site-packages/airflow/example_dags/tutorial_taskflow_api.py
[2024-09-06T14:30:16.591+0000] {logging_mixin.py:190} INFO - [2024-09-06T14:30:16.591+0000] {dag.py:3229} INFO - Sync 1 DAGs
[2024-09-06T14:30:16.603+0000] {logging_mixin.py:190} INFO - [2024-09-06T14:30:16.603+0000] {dag.py:4156} INFO - Setting next_dagrun for tutorial_taskflow_api to None, run_after=None
[2024-09-06T14:30:16.622+0000] {processor.py:208} INFO - Processing /home/airflow/.local/lib/python3.12/site-packages/airflow/example_dags/tutorial_taskflow_api.py took 0.061 seconds
[2024-09-06T14:30:46.726+0000] {processor.py:186} INFO - Started process (PID=1127) to work on /home/airflow/.local/lib/python3.12/site-packages/airflow/example_dags/tutorial_taskflow_api.py
[2024-09-06T14:30:46.727+0000] {processor.py:914} INFO - Processing file /home/airflow/.local/lib/python3.12/site-packages/airflow/example_dags/tutorial_taskflow_api.py for tasks to queue
[2024-09-06T14:30:46.730+0000] {logging_mixin.py:190} INFO - [2024-09-06T14:30:46.730+0000] {dagbag.py:587} INFO - Filling up the DagBag from /home/airflow/.local/lib/python3.12/site-packages/airflow/example_dags/tutorial_taskflow_api.py
[2024-09-06T14:30:46.739+0000] {processor.py:925} INFO - DAG(s) 'tutorial_taskflow_api' retrieved from /home/airflow/.local/lib/python3.12/site-packages/airflow/example_dags/tutorial_taskflow_api.py
[2024-09-06T14:30:46.757+0000] {logging_mixin.py:190} INFO - [2024-09-06T14:30:46.756+0000] {dag.py:3229} INFO - Sync 1 DAGs
[2024-09-06T14:30:46.772+0000] {logging_mixin.py:190} INFO - [2024-09-06T14:30:46.771+0000] {dag.py:4156} INFO - Setting next_dagrun for tutorial_taskflow_api to None, run_after=None
[2024-09-06T14:30:46.789+0000] {processor.py:208} INFO - Processing /home/airflow/.local/lib/python3.12/site-packages/airflow/example_dags/tutorial_taskflow_api.py took 0.070 seconds
[2024-09-06T14:31:17.380+0000] {processor.py:186} INFO - Started process (PID=1189) to work on /home/airflow/.local/lib/python3.12/site-packages/airflow/example_dags/tutorial_taskflow_api.py
[2024-09-06T14:31:17.382+0000] {processor.py:914} INFO - Processing file /home/airflow/.local/lib/python3.12/site-packages/airflow/example_dags/tutorial_taskflow_api.py for tasks to queue
[2024-09-06T14:31:17.385+0000] {logging_mixin.py:190} INFO - [2024-09-06T14:31:17.385+0000] {dagbag.py:587} INFO - Filling up the DagBag from /home/airflow/.local/lib/python3.12/site-packages/airflow/example_dags/tutorial_taskflow_api.py
[2024-09-06T14:31:17.392+0000] {processor.py:925} INFO - DAG(s) 'tutorial_taskflow_api' retrieved from /home/airflow/.local/lib/python3.12/site-packages/airflow/example_dags/tutorial_taskflow_api.py
[2024-09-06T14:31:17.411+0000] {logging_mixin.py:190} INFO - [2024-09-06T14:31:17.411+0000] {dag.py:3229} INFO - Sync 1 DAGs
[2024-09-06T14:31:17.427+0000] {logging_mixin.py:190} INFO - [2024-09-06T14:31:17.426+0000] {dag.py:4156} INFO - Setting next_dagrun for tutorial_taskflow_api to None, run_after=None
[2024-09-06T14:31:17.448+0000] {processor.py:208} INFO - Processing /home/airflow/.local/lib/python3.12/site-packages/airflow/example_dags/tutorial_taskflow_api.py took 0.072 seconds
[2024-09-06T14:31:47.866+0000] {processor.py:186} INFO - Started process (PID=1251) to work on /home/airflow/.local/lib/python3.12/site-packages/airflow/example_dags/tutorial_taskflow_api.py
[2024-09-06T14:31:47.867+0000] {processor.py:914} INFO - Processing file /home/airflow/.local/lib/python3.12/site-packages/airflow/example_dags/tutorial_taskflow_api.py for tasks to queue
[2024-09-06T14:31:47.870+0000] {logging_mixin.py:190} INFO - [2024-09-06T14:31:47.869+0000] {dagbag.py:587} INFO - Filling up the DagBag from /home/airflow/.local/lib/python3.12/site-packages/airflow/example_dags/tutorial_taskflow_api.py
[2024-09-06T14:31:47.876+0000] {processor.py:925} INFO - DAG(s) 'tutorial_taskflow_api' retrieved from /home/airflow/.local/lib/python3.12/site-packages/airflow/example_dags/tutorial_taskflow_api.py
[2024-09-06T14:31:47.893+0000] {logging_mixin.py:190} INFO - [2024-09-06T14:31:47.893+0000] {dag.py:3229} INFO - Sync 1 DAGs
[2024-09-06T14:31:47.908+0000] {logging_mixin.py:190} INFO - [2024-09-06T14:31:47.908+0000] {dag.py:4156} INFO - Setting next_dagrun for tutorial_taskflow_api to None, run_after=None
[2024-09-06T14:31:47.928+0000] {processor.py:208} INFO - Processing /home/airflow/.local/lib/python3.12/site-packages/airflow/example_dags/tutorial_taskflow_api.py took 0.066 seconds
[2024-09-06T14:32:18.638+0000] {processor.py:186} INFO - Started process (PID=1313) to work on /home/airflow/.local/lib/python3.12/site-packages/airflow/example_dags/tutorial_taskflow_api.py
[2024-09-06T14:32:18.639+0000] {processor.py:914} INFO - Processing file /home/airflow/.local/lib/python3.12/site-packages/airflow/example_dags/tutorial_taskflow_api.py for tasks to queue
[2024-09-06T14:32:18.641+0000] {logging_mixin.py:190} INFO - [2024-09-06T14:32:18.641+0000] {dagbag.py:587} INFO - Filling up the DagBag from /home/airflow/.local/lib/python3.12/site-packages/airflow/example_dags/tutorial_taskflow_api.py
[2024-09-06T14:32:18.647+0000] {processor.py:925} INFO - DAG(s) 'tutorial_taskflow_api' retrieved from /home/airflow/.local/lib/python3.12/site-packages/airflow/example_dags/tutorial_taskflow_api.py
[2024-09-06T14:32:18.666+0000] {logging_mixin.py:190} INFO - [2024-09-06T14:32:18.665+0000] {dag.py:3229} INFO - Sync 1 DAGs
[2024-09-06T14:32:18.678+0000] {logging_mixin.py:190} INFO - [2024-09-06T14:32:18.678+0000] {dag.py:4156} INFO - Setting next_dagrun for tutorial_taskflow_api to None, run_after=None
[2024-09-06T14:32:18.698+0000] {processor.py:208} INFO - Processing /home/airflow/.local/lib/python3.12/site-packages/airflow/example_dags/tutorial_taskflow_api.py took 0.065 seconds
[2024-09-06T14:32:49.145+0000] {processor.py:186} INFO - Started process (PID=1375) to work on /home/airflow/.local/lib/python3.12/site-packages/airflow/example_dags/tutorial_taskflow_api.py
[2024-09-06T14:32:49.146+0000] {processor.py:914} INFO - Processing file /home/airflow/.local/lib/python3.12/site-packages/airflow/example_dags/tutorial_taskflow_api.py for tasks to queue
[2024-09-06T14:32:49.148+0000] {logging_mixin.py:190} INFO - [2024-09-06T14:32:49.148+0000] {dagbag.py:587} INFO - Filling up the DagBag from /home/airflow/.local/lib/python3.12/site-packages/airflow/example_dags/tutorial_taskflow_api.py
[2024-09-06T14:32:49.156+0000] {processor.py:925} INFO - DAG(s) 'tutorial_taskflow_api' retrieved from /home/airflow/.local/lib/python3.12/site-packages/airflow/example_dags/tutorial_taskflow_api.py
[2024-09-06T14:32:49.176+0000] {logging_mixin.py:190} INFO - [2024-09-06T14:32:49.176+0000] {dag.py:3229} INFO - Sync 1 DAGs
[2024-09-06T14:32:49.190+0000] {logging_mixin.py:190} INFO - [2024-09-06T14:32:49.190+0000] {dag.py:4156} INFO - Setting next_dagrun for tutorial_taskflow_api to None, run_after=None
[2024-09-06T14:32:49.211+0000] {processor.py:208} INFO - Processing /home/airflow/.local/lib/python3.12/site-packages/airflow/example_dags/tutorial_taskflow_api.py took 0.071 seconds
[2024-09-06T14:33:19.561+0000] {processor.py:186} INFO - Started process (PID=1437) to work on /home/airflow/.local/lib/python3.12/site-packages/airflow/example_dags/tutorial_taskflow_api.py
[2024-09-06T14:33:19.562+0000] {processor.py:914} INFO - Processing file /home/airflow/.local/lib/python3.12/site-packages/airflow/example_dags/tutorial_taskflow_api.py for tasks to queue
[2024-09-06T14:33:19.564+0000] {logging_mixin.py:190} INFO - [2024-09-06T14:33:19.564+0000] {dagbag.py:587} INFO - Filling up the DagBag from /home/airflow/.local/lib/python3.12/site-packages/airflow/example_dags/tutorial_taskflow_api.py
[2024-09-06T14:33:19.577+0000] {processor.py:925} INFO - DAG(s) 'tutorial_taskflow_api' retrieved from /home/airflow/.local/lib/python3.12/site-packages/airflow/example_dags/tutorial_taskflow_api.py
[2024-09-06T14:33:19.614+0000] {logging_mixin.py:190} INFO - [2024-09-06T14:33:19.614+0000] {dag.py:3229} INFO - Sync 1 DAGs
[2024-09-06T14:33:19.631+0000] {logging_mixin.py:190} INFO - [2024-09-06T14:33:19.631+0000] {dag.py:4156} INFO - Setting next_dagrun for tutorial_taskflow_api to None, run_after=None
[2024-09-06T14:33:19.652+0000] {processor.py:208} INFO - Processing /home/airflow/.local/lib/python3.12/site-packages/airflow/example_dags/tutorial_taskflow_api.py took 0.099 seconds
[2024-09-06T14:33:50.011+0000] {processor.py:186} INFO - Started process (PID=1499) to work on /home/airflow/.local/lib/python3.12/site-packages/airflow/example_dags/tutorial_taskflow_api.py
[2024-09-06T14:33:50.011+0000] {processor.py:914} INFO - Processing file /home/airflow/.local/lib/python3.12/site-packages/airflow/example_dags/tutorial_taskflow_api.py for tasks to queue
[2024-09-06T14:33:50.014+0000] {logging_mixin.py:190} INFO - [2024-09-06T14:33:50.014+0000] {dagbag.py:587} INFO - Filling up the DagBag from /home/airflow/.local/lib/python3.12/site-packages/airflow/example_dags/tutorial_taskflow_api.py
[2024-09-06T14:33:50.020+0000] {processor.py:925} INFO - DAG(s) 'tutorial_taskflow_api' retrieved from /home/airflow/.local/lib/python3.12/site-packages/airflow/example_dags/tutorial_taskflow_api.py
[2024-09-06T14:33:50.039+0000] {logging_mixin.py:190} INFO - [2024-09-06T14:33:50.038+0000] {dag.py:3229} INFO - Sync 1 DAGs
[2024-09-06T14:33:50.051+0000] {logging_mixin.py:190} INFO - [2024-09-06T14:33:50.051+0000] {dag.py:4156} INFO - Setting next_dagrun for tutorial_taskflow_api to None, run_after=None
[2024-09-06T14:33:50.073+0000] {processor.py:208} INFO - Processing /home/airflow/.local/lib/python3.12/site-packages/airflow/example_dags/tutorial_taskflow_api.py took 0.067 seconds
