[2024-09-06T14:22:15.949+0000] {processor.py:186} INFO - Started process (PID=98) to work on /home/airflow/.local/lib/python3.12/site-packages/airflow/example_dags/tutorial_dag.py
[2024-09-06T14:22:15.951+0000] {processor.py:914} INFO - Processing file /home/airflow/.local/lib/python3.12/site-packages/airflow/example_dags/tutorial_dag.py for tasks to queue
[2024-09-06T14:22:15.954+0000] {logging_mixin.py:190} INFO - [2024-09-06T14:22:15.954+0000] {dagbag.py:587} INFO - Filling up the DagBag from /home/airflow/.local/lib/python3.12/site-packages/airflow/example_dags/tutorial_dag.py
[2024-09-06T14:22:15.964+0000] {processor.py:925} INFO - DAG(s) 'tutorial_dag' retrieved from /home/airflow/.local/lib/python3.12/site-packages/airflow/example_dags/tutorial_dag.py
[2024-09-06T14:22:16.094+0000] {logging_mixin.py:190} INFO - [2024-09-06T14:22:16.093+0000] {override.py:1900} INFO - Created Permission View: can read on DAG:tutorial_dag
[2024-09-06T14:22:16.107+0000] {logging_mixin.py:190} INFO - [2024-09-06T14:22:16.107+0000] {override.py:1900} INFO - Created Permission View: can delete on DAG:tutorial_dag
[2024-09-06T14:22:16.114+0000] {logging_mixin.py:190} INFO - [2024-09-06T14:22:16.114+0000] {override.py:1900} INFO - Created Permission View: can edit on DAG:tutorial_dag
[2024-09-06T14:22:16.124+0000] {logging_mixin.py:190} INFO - [2024-09-06T14:22:16.124+0000] {override.py:1900} INFO - Created Permission View: can read on DAG Run:tutorial_dag
[2024-09-06T14:22:16.144+0000] {logging_mixin.py:190} INFO - [2024-09-06T14:22:16.144+0000] {override.py:1900} INFO - Created Permission View: can delete on DAG Run:tutorial_dag
[2024-09-06T14:22:16.158+0000] {logging_mixin.py:190} INFO - [2024-09-06T14:22:16.158+0000] {override.py:1900} INFO - Created Permission View: menu access on DAG Run:tutorial_dag
[2024-09-06T14:22:16.168+0000] {logging_mixin.py:190} INFO - [2024-09-06T14:22:16.167+0000] {override.py:1900} INFO - Created Permission View: can create on DAG Run:tutorial_dag
[2024-09-06T14:22:16.169+0000] {logging_mixin.py:190} INFO - [2024-09-06T14:22:16.169+0000] {dag.py:3229} INFO - Sync 1 DAGs
[2024-09-06T14:22:16.188+0000] {logging_mixin.py:190} INFO - [2024-09-06T14:22:16.188+0000] {dag.py:3252} INFO - Creating ORM DAG for tutorial_dag
[2024-09-06T14:22:16.190+0000] {logging_mixin.py:190} INFO - [2024-09-06T14:22:16.190+0000] {dag.py:4156} INFO - Setting next_dagrun for tutorial_dag to None, run_after=None
[2024-09-06T14:22:16.208+0000] {processor.py:208} INFO - Processing /home/airflow/.local/lib/python3.12/site-packages/airflow/example_dags/tutorial_dag.py took 0.266 seconds
[2024-09-06T14:22:46.356+0000] {processor.py:186} INFO - Started process (PID=160) to work on /home/airflow/.local/lib/python3.12/site-packages/airflow/example_dags/tutorial_dag.py
[2024-09-06T14:22:46.357+0000] {processor.py:914} INFO - Processing file /home/airflow/.local/lib/python3.12/site-packages/airflow/example_dags/tutorial_dag.py for tasks to queue
[2024-09-06T14:22:46.360+0000] {logging_mixin.py:190} INFO - [2024-09-06T14:22:46.360+0000] {dagbag.py:587} INFO - Filling up the DagBag from /home/airflow/.local/lib/python3.12/site-packages/airflow/example_dags/tutorial_dag.py
[2024-09-06T14:22:46.370+0000] {processor.py:925} INFO - DAG(s) 'tutorial_dag' retrieved from /home/airflow/.local/lib/python3.12/site-packages/airflow/example_dags/tutorial_dag.py
[2024-09-06T14:22:46.387+0000] {logging_mixin.py:190} INFO - [2024-09-06T14:22:46.387+0000] {dag.py:3229} INFO - Sync 1 DAGs
[2024-09-06T14:22:46.401+0000] {logging_mixin.py:190} INFO - [2024-09-06T14:22:46.401+0000] {dag.py:4156} INFO - Setting next_dagrun for tutorial_dag to None, run_after=None
[2024-09-06T14:22:46.417+0000] {processor.py:208} INFO - Processing /home/airflow/.local/lib/python3.12/site-packages/airflow/example_dags/tutorial_dag.py took 0.067 seconds
[2024-09-06T14:23:16.701+0000] {processor.py:186} INFO - Started process (PID=222) to work on /home/airflow/.local/lib/python3.12/site-packages/airflow/example_dags/tutorial_dag.py
[2024-09-06T14:23:16.702+0000] {processor.py:914} INFO - Processing file /home/airflow/.local/lib/python3.12/site-packages/airflow/example_dags/tutorial_dag.py for tasks to queue
[2024-09-06T14:23:16.705+0000] {logging_mixin.py:190} INFO - [2024-09-06T14:23:16.704+0000] {dagbag.py:587} INFO - Filling up the DagBag from /home/airflow/.local/lib/python3.12/site-packages/airflow/example_dags/tutorial_dag.py
[2024-09-06T14:23:16.711+0000] {processor.py:925} INFO - DAG(s) 'tutorial_dag' retrieved from /home/airflow/.local/lib/python3.12/site-packages/airflow/example_dags/tutorial_dag.py
[2024-09-06T14:23:16.728+0000] {logging_mixin.py:190} INFO - [2024-09-06T14:23:16.728+0000] {dag.py:3229} INFO - Sync 1 DAGs
[2024-09-06T14:23:16.740+0000] {logging_mixin.py:190} INFO - [2024-09-06T14:23:16.740+0000] {dag.py:4156} INFO - Setting next_dagrun for tutorial_dag to None, run_after=None
[2024-09-06T14:23:16.759+0000] {processor.py:208} INFO - Processing /home/airflow/.local/lib/python3.12/site-packages/airflow/example_dags/tutorial_dag.py took 0.063 seconds
[2024-09-06T14:23:47.115+0000] {processor.py:186} INFO - Started process (PID=284) to work on /home/airflow/.local/lib/python3.12/site-packages/airflow/example_dags/tutorial_dag.py
[2024-09-06T14:23:47.117+0000] {processor.py:914} INFO - Processing file /home/airflow/.local/lib/python3.12/site-packages/airflow/example_dags/tutorial_dag.py for tasks to queue
[2024-09-06T14:23:47.120+0000] {logging_mixin.py:190} INFO - [2024-09-06T14:23:47.119+0000] {dagbag.py:587} INFO - Filling up the DagBag from /home/airflow/.local/lib/python3.12/site-packages/airflow/example_dags/tutorial_dag.py
[2024-09-06T14:23:47.129+0000] {processor.py:925} INFO - DAG(s) 'tutorial_dag' retrieved from /home/airflow/.local/lib/python3.12/site-packages/airflow/example_dags/tutorial_dag.py
[2024-09-06T14:23:47.149+0000] {logging_mixin.py:190} INFO - [2024-09-06T14:23:47.149+0000] {dag.py:3229} INFO - Sync 1 DAGs
[2024-09-06T14:23:47.165+0000] {logging_mixin.py:190} INFO - [2024-09-06T14:23:47.164+0000] {dag.py:4156} INFO - Setting next_dagrun for tutorial_dag to None, run_after=None
[2024-09-06T14:23:47.186+0000] {processor.py:208} INFO - Processing /home/airflow/.local/lib/python3.12/site-packages/airflow/example_dags/tutorial_dag.py took 0.079 seconds
[2024-09-06T14:24:17.501+0000] {processor.py:186} INFO - Started process (PID=346) to work on /home/airflow/.local/lib/python3.12/site-packages/airflow/example_dags/tutorial_dag.py
[2024-09-06T14:24:17.502+0000] {processor.py:914} INFO - Processing file /home/airflow/.local/lib/python3.12/site-packages/airflow/example_dags/tutorial_dag.py for tasks to queue
[2024-09-06T14:24:17.506+0000] {logging_mixin.py:190} INFO - [2024-09-06T14:24:17.505+0000] {dagbag.py:587} INFO - Filling up the DagBag from /home/airflow/.local/lib/python3.12/site-packages/airflow/example_dags/tutorial_dag.py
[2024-09-06T14:24:17.512+0000] {processor.py:925} INFO - DAG(s) 'tutorial_dag' retrieved from /home/airflow/.local/lib/python3.12/site-packages/airflow/example_dags/tutorial_dag.py
[2024-09-06T14:24:17.529+0000] {logging_mixin.py:190} INFO - [2024-09-06T14:24:17.529+0000] {dag.py:3229} INFO - Sync 1 DAGs
[2024-09-06T14:24:17.541+0000] {logging_mixin.py:190} INFO - [2024-09-06T14:24:17.541+0000] {dag.py:4156} INFO - Setting next_dagrun for tutorial_dag to None, run_after=None
[2024-09-06T14:24:17.557+0000] {processor.py:208} INFO - Processing /home/airflow/.local/lib/python3.12/site-packages/airflow/example_dags/tutorial_dag.py took 0.061 seconds
[2024-09-06T14:24:47.765+0000] {processor.py:186} INFO - Started process (PID=408) to work on /home/airflow/.local/lib/python3.12/site-packages/airflow/example_dags/tutorial_dag.py
[2024-09-06T14:24:47.766+0000] {processor.py:914} INFO - Processing file /home/airflow/.local/lib/python3.12/site-packages/airflow/example_dags/tutorial_dag.py for tasks to queue
[2024-09-06T14:24:47.771+0000] {logging_mixin.py:190} INFO - [2024-09-06T14:24:47.770+0000] {dagbag.py:587} INFO - Filling up the DagBag from /home/airflow/.local/lib/python3.12/site-packages/airflow/example_dags/tutorial_dag.py
[2024-09-06T14:24:47.783+0000] {processor.py:925} INFO - DAG(s) 'tutorial_dag' retrieved from /home/airflow/.local/lib/python3.12/site-packages/airflow/example_dags/tutorial_dag.py
[2024-09-06T14:24:47.812+0000] {logging_mixin.py:190} INFO - [2024-09-06T14:24:47.812+0000] {dag.py:3229} INFO - Sync 1 DAGs
[2024-09-06T14:24:47.832+0000] {logging_mixin.py:190} INFO - [2024-09-06T14:24:47.831+0000] {dag.py:4156} INFO - Setting next_dagrun for tutorial_dag to None, run_after=None
[2024-09-06T14:24:47.860+0000] {processor.py:208} INFO - Processing /home/airflow/.local/lib/python3.12/site-packages/airflow/example_dags/tutorial_dag.py took 0.102 seconds
[2024-09-06T14:25:18.106+0000] {processor.py:186} INFO - Started process (PID=471) to work on /home/airflow/.local/lib/python3.12/site-packages/airflow/example_dags/tutorial_dag.py
[2024-09-06T14:25:18.107+0000] {processor.py:914} INFO - Processing file /home/airflow/.local/lib/python3.12/site-packages/airflow/example_dags/tutorial_dag.py for tasks to queue
[2024-09-06T14:25:18.109+0000] {logging_mixin.py:190} INFO - [2024-09-06T14:25:18.109+0000] {dagbag.py:587} INFO - Filling up the DagBag from /home/airflow/.local/lib/python3.12/site-packages/airflow/example_dags/tutorial_dag.py
[2024-09-06T14:25:18.116+0000] {processor.py:925} INFO - DAG(s) 'tutorial_dag' retrieved from /home/airflow/.local/lib/python3.12/site-packages/airflow/example_dags/tutorial_dag.py
[2024-09-06T14:25:18.134+0000] {logging_mixin.py:190} INFO - [2024-09-06T14:25:18.133+0000] {dag.py:3229} INFO - Sync 1 DAGs
[2024-09-06T14:25:18.147+0000] {logging_mixin.py:190} INFO - [2024-09-06T14:25:18.146+0000] {dag.py:4156} INFO - Setting next_dagrun for tutorial_dag to None, run_after=None
[2024-09-06T14:25:18.165+0000] {processor.py:208} INFO - Processing /home/airflow/.local/lib/python3.12/site-packages/airflow/example_dags/tutorial_dag.py took 0.064 seconds
[2024-09-06T14:25:48.427+0000] {processor.py:186} INFO - Started process (PID=532) to work on /home/airflow/.local/lib/python3.12/site-packages/airflow/example_dags/tutorial_dag.py
[2024-09-06T14:25:48.428+0000] {processor.py:914} INFO - Processing file /home/airflow/.local/lib/python3.12/site-packages/airflow/example_dags/tutorial_dag.py for tasks to queue
[2024-09-06T14:25:48.430+0000] {logging_mixin.py:190} INFO - [2024-09-06T14:25:48.430+0000] {dagbag.py:587} INFO - Filling up the DagBag from /home/airflow/.local/lib/python3.12/site-packages/airflow/example_dags/tutorial_dag.py
[2024-09-06T14:25:48.436+0000] {processor.py:925} INFO - DAG(s) 'tutorial_dag' retrieved from /home/airflow/.local/lib/python3.12/site-packages/airflow/example_dags/tutorial_dag.py
[2024-09-06T14:25:48.452+0000] {logging_mixin.py:190} INFO - [2024-09-06T14:25:48.452+0000] {dag.py:3229} INFO - Sync 1 DAGs
[2024-09-06T14:25:48.466+0000] {logging_mixin.py:190} INFO - [2024-09-06T14:25:48.465+0000] {dag.py:4156} INFO - Setting next_dagrun for tutorial_dag to None, run_after=None
[2024-09-06T14:25:48.481+0000] {processor.py:208} INFO - Processing /home/airflow/.local/lib/python3.12/site-packages/airflow/example_dags/tutorial_dag.py took 0.058 seconds
[2024-09-06T14:26:18.682+0000] {processor.py:186} INFO - Started process (PID=594) to work on /home/airflow/.local/lib/python3.12/site-packages/airflow/example_dags/tutorial_dag.py
[2024-09-06T14:26:18.683+0000] {processor.py:914} INFO - Processing file /home/airflow/.local/lib/python3.12/site-packages/airflow/example_dags/tutorial_dag.py for tasks to queue
[2024-09-06T14:26:18.686+0000] {logging_mixin.py:190} INFO - [2024-09-06T14:26:18.685+0000] {dagbag.py:587} INFO - Filling up the DagBag from /home/airflow/.local/lib/python3.12/site-packages/airflow/example_dags/tutorial_dag.py
[2024-09-06T14:26:18.693+0000] {processor.py:925} INFO - DAG(s) 'tutorial_dag' retrieved from /home/airflow/.local/lib/python3.12/site-packages/airflow/example_dags/tutorial_dag.py
[2024-09-06T14:26:18.712+0000] {logging_mixin.py:190} INFO - [2024-09-06T14:26:18.711+0000] {dag.py:3229} INFO - Sync 1 DAGs
[2024-09-06T14:26:18.724+0000] {logging_mixin.py:190} INFO - [2024-09-06T14:26:18.724+0000] {dag.py:4156} INFO - Setting next_dagrun for tutorial_dag to None, run_after=None
[2024-09-06T14:26:18.741+0000] {processor.py:208} INFO - Processing /home/airflow/.local/lib/python3.12/site-packages/airflow/example_dags/tutorial_dag.py took 0.065 seconds
[2024-09-06T14:26:48.950+0000] {processor.py:186} INFO - Started process (PID=656) to work on /home/airflow/.local/lib/python3.12/site-packages/airflow/example_dags/tutorial_dag.py
[2024-09-06T14:26:48.951+0000] {processor.py:914} INFO - Processing file /home/airflow/.local/lib/python3.12/site-packages/airflow/example_dags/tutorial_dag.py for tasks to queue
[2024-09-06T14:26:48.954+0000] {logging_mixin.py:190} INFO - [2024-09-06T14:26:48.953+0000] {dagbag.py:587} INFO - Filling up the DagBag from /home/airflow/.local/lib/python3.12/site-packages/airflow/example_dags/tutorial_dag.py
[2024-09-06T14:26:48.962+0000] {processor.py:925} INFO - DAG(s) 'tutorial_dag' retrieved from /home/airflow/.local/lib/python3.12/site-packages/airflow/example_dags/tutorial_dag.py
[2024-09-06T14:26:48.980+0000] {logging_mixin.py:190} INFO - [2024-09-06T14:26:48.980+0000] {dag.py:3229} INFO - Sync 1 DAGs
[2024-09-06T14:26:48.993+0000] {logging_mixin.py:190} INFO - [2024-09-06T14:26:48.993+0000] {dag.py:4156} INFO - Setting next_dagrun for tutorial_dag to None, run_after=None
[2024-09-06T14:26:49.011+0000] {processor.py:208} INFO - Processing /home/airflow/.local/lib/python3.12/site-packages/airflow/example_dags/tutorial_dag.py took 0.066 seconds
[2024-09-06T14:27:19.182+0000] {processor.py:186} INFO - Started process (PID=718) to work on /home/airflow/.local/lib/python3.12/site-packages/airflow/example_dags/tutorial_dag.py
[2024-09-06T14:27:19.183+0000] {processor.py:914} INFO - Processing file /home/airflow/.local/lib/python3.12/site-packages/airflow/example_dags/tutorial_dag.py for tasks to queue
[2024-09-06T14:27:19.185+0000] {logging_mixin.py:190} INFO - [2024-09-06T14:27:19.185+0000] {dagbag.py:587} INFO - Filling up the DagBag from /home/airflow/.local/lib/python3.12/site-packages/airflow/example_dags/tutorial_dag.py
[2024-09-06T14:27:19.191+0000] {processor.py:925} INFO - DAG(s) 'tutorial_dag' retrieved from /home/airflow/.local/lib/python3.12/site-packages/airflow/example_dags/tutorial_dag.py
[2024-09-06T14:27:19.207+0000] {logging_mixin.py:190} INFO - [2024-09-06T14:27:19.207+0000] {dag.py:3229} INFO - Sync 1 DAGs
[2024-09-06T14:27:19.220+0000] {logging_mixin.py:190} INFO - [2024-09-06T14:27:19.220+0000] {dag.py:4156} INFO - Setting next_dagrun for tutorial_dag to None, run_after=None
[2024-09-06T14:27:19.239+0000] {processor.py:208} INFO - Processing /home/airflow/.local/lib/python3.12/site-packages/airflow/example_dags/tutorial_dag.py took 0.062 seconds
[2024-09-06T14:27:49.458+0000] {processor.py:186} INFO - Started process (PID=780) to work on /home/airflow/.local/lib/python3.12/site-packages/airflow/example_dags/tutorial_dag.py
[2024-09-06T14:27:49.459+0000] {processor.py:914} INFO - Processing file /home/airflow/.local/lib/python3.12/site-packages/airflow/example_dags/tutorial_dag.py for tasks to queue
[2024-09-06T14:27:49.461+0000] {logging_mixin.py:190} INFO - [2024-09-06T14:27:49.461+0000] {dagbag.py:587} INFO - Filling up the DagBag from /home/airflow/.local/lib/python3.12/site-packages/airflow/example_dags/tutorial_dag.py
[2024-09-06T14:27:49.469+0000] {processor.py:925} INFO - DAG(s) 'tutorial_dag' retrieved from /home/airflow/.local/lib/python3.12/site-packages/airflow/example_dags/tutorial_dag.py
[2024-09-06T14:27:49.487+0000] {logging_mixin.py:190} INFO - [2024-09-06T14:27:49.487+0000] {dag.py:3229} INFO - Sync 1 DAGs
[2024-09-06T14:27:49.502+0000] {logging_mixin.py:190} INFO - [2024-09-06T14:27:49.501+0000] {dag.py:4156} INFO - Setting next_dagrun for tutorial_dag to None, run_after=None
[2024-09-06T14:27:49.521+0000] {processor.py:208} INFO - Processing /home/airflow/.local/lib/python3.12/site-packages/airflow/example_dags/tutorial_dag.py took 0.070 seconds
[2024-09-06T14:28:19.669+0000] {processor.py:186} INFO - Started process (PID=842) to work on /home/airflow/.local/lib/python3.12/site-packages/airflow/example_dags/tutorial_dag.py
[2024-09-06T14:28:19.669+0000] {processor.py:914} INFO - Processing file /home/airflow/.local/lib/python3.12/site-packages/airflow/example_dags/tutorial_dag.py for tasks to queue
[2024-09-06T14:28:19.671+0000] {logging_mixin.py:190} INFO - [2024-09-06T14:28:19.671+0000] {dagbag.py:587} INFO - Filling up the DagBag from /home/airflow/.local/lib/python3.12/site-packages/airflow/example_dags/tutorial_dag.py
[2024-09-06T14:28:19.677+0000] {processor.py:925} INFO - DAG(s) 'tutorial_dag' retrieved from /home/airflow/.local/lib/python3.12/site-packages/airflow/example_dags/tutorial_dag.py
[2024-09-06T14:28:19.694+0000] {logging_mixin.py:190} INFO - [2024-09-06T14:28:19.694+0000] {dag.py:3229} INFO - Sync 1 DAGs
[2024-09-06T14:28:19.705+0000] {logging_mixin.py:190} INFO - [2024-09-06T14:28:19.705+0000] {dag.py:4156} INFO - Setting next_dagrun for tutorial_dag to None, run_after=None
[2024-09-06T14:28:19.727+0000] {processor.py:208} INFO - Processing /home/airflow/.local/lib/python3.12/site-packages/airflow/example_dags/tutorial_dag.py took 0.063 seconds
[2024-09-06T14:28:50.079+0000] {processor.py:186} INFO - Started process (PID=904) to work on /home/airflow/.local/lib/python3.12/site-packages/airflow/example_dags/tutorial_dag.py
[2024-09-06T14:28:50.080+0000] {processor.py:914} INFO - Processing file /home/airflow/.local/lib/python3.12/site-packages/airflow/example_dags/tutorial_dag.py for tasks to queue
[2024-09-06T14:28:50.083+0000] {logging_mixin.py:190} INFO - [2024-09-06T14:28:50.082+0000] {dagbag.py:587} INFO - Filling up the DagBag from /home/airflow/.local/lib/python3.12/site-packages/airflow/example_dags/tutorial_dag.py
[2024-09-06T14:28:50.089+0000] {processor.py:925} INFO - DAG(s) 'tutorial_dag' retrieved from /home/airflow/.local/lib/python3.12/site-packages/airflow/example_dags/tutorial_dag.py
[2024-09-06T14:28:50.106+0000] {logging_mixin.py:190} INFO - [2024-09-06T14:28:50.106+0000] {dag.py:3229} INFO - Sync 1 DAGs
[2024-09-06T14:28:50.121+0000] {logging_mixin.py:190} INFO - [2024-09-06T14:28:50.120+0000] {dag.py:4156} INFO - Setting next_dagrun for tutorial_dag to None, run_after=None
[2024-09-06T14:28:50.138+0000] {processor.py:208} INFO - Processing /home/airflow/.local/lib/python3.12/site-packages/airflow/example_dags/tutorial_dag.py took 0.064 seconds
[2024-09-06T14:29:21.023+0000] {processor.py:186} INFO - Started process (PID=966) to work on /home/airflow/.local/lib/python3.12/site-packages/airflow/example_dags/tutorial_dag.py
[2024-09-06T14:29:21.024+0000] {processor.py:914} INFO - Processing file /home/airflow/.local/lib/python3.12/site-packages/airflow/example_dags/tutorial_dag.py for tasks to queue
[2024-09-06T14:29:21.026+0000] {logging_mixin.py:190} INFO - [2024-09-06T14:29:21.026+0000] {dagbag.py:587} INFO - Filling up the DagBag from /home/airflow/.local/lib/python3.12/site-packages/airflow/example_dags/tutorial_dag.py
[2024-09-06T14:29:21.032+0000] {processor.py:925} INFO - DAG(s) 'tutorial_dag' retrieved from /home/airflow/.local/lib/python3.12/site-packages/airflow/example_dags/tutorial_dag.py
[2024-09-06T14:29:21.049+0000] {logging_mixin.py:190} INFO - [2024-09-06T14:29:21.049+0000] {dag.py:3229} INFO - Sync 1 DAGs
[2024-09-06T14:29:21.061+0000] {logging_mixin.py:190} INFO - [2024-09-06T14:29:21.061+0000] {dag.py:4156} INFO - Setting next_dagrun for tutorial_dag to None, run_after=None
[2024-09-06T14:29:21.079+0000] {processor.py:208} INFO - Processing /home/airflow/.local/lib/python3.12/site-packages/airflow/example_dags/tutorial_dag.py took 0.061 seconds
[2024-09-06T14:29:51.954+0000] {processor.py:186} INFO - Started process (PID=1028) to work on /home/airflow/.local/lib/python3.12/site-packages/airflow/example_dags/tutorial_dag.py
[2024-09-06T14:29:51.955+0000] {processor.py:914} INFO - Processing file /home/airflow/.local/lib/python3.12/site-packages/airflow/example_dags/tutorial_dag.py for tasks to queue
[2024-09-06T14:29:51.958+0000] {logging_mixin.py:190} INFO - [2024-09-06T14:29:51.958+0000] {dagbag.py:587} INFO - Filling up the DagBag from /home/airflow/.local/lib/python3.12/site-packages/airflow/example_dags/tutorial_dag.py
[2024-09-06T14:29:51.965+0000] {processor.py:925} INFO - DAG(s) 'tutorial_dag' retrieved from /home/airflow/.local/lib/python3.12/site-packages/airflow/example_dags/tutorial_dag.py
[2024-09-06T14:29:51.981+0000] {logging_mixin.py:190} INFO - [2024-09-06T14:29:51.981+0000] {dag.py:3229} INFO - Sync 1 DAGs
[2024-09-06T14:29:51.993+0000] {logging_mixin.py:190} INFO - [2024-09-06T14:29:51.992+0000] {dag.py:4156} INFO - Setting next_dagrun for tutorial_dag to None, run_after=None
[2024-09-06T14:29:52.011+0000] {processor.py:208} INFO - Processing /home/airflow/.local/lib/python3.12/site-packages/airflow/example_dags/tutorial_dag.py took 0.062 seconds
[2024-09-06T14:30:22.108+0000] {processor.py:186} INFO - Started process (PID=1090) to work on /home/airflow/.local/lib/python3.12/site-packages/airflow/example_dags/tutorial_dag.py
[2024-09-06T14:30:22.110+0000] {processor.py:914} INFO - Processing file /home/airflow/.local/lib/python3.12/site-packages/airflow/example_dags/tutorial_dag.py for tasks to queue
[2024-09-06T14:30:22.112+0000] {logging_mixin.py:190} INFO - [2024-09-06T14:30:22.112+0000] {dagbag.py:587} INFO - Filling up the DagBag from /home/airflow/.local/lib/python3.12/site-packages/airflow/example_dags/tutorial_dag.py
[2024-09-06T14:30:22.119+0000] {processor.py:925} INFO - DAG(s) 'tutorial_dag' retrieved from /home/airflow/.local/lib/python3.12/site-packages/airflow/example_dags/tutorial_dag.py
[2024-09-06T14:30:22.136+0000] {logging_mixin.py:190} INFO - [2024-09-06T14:30:22.136+0000] {dag.py:3229} INFO - Sync 1 DAGs
[2024-09-06T14:30:22.149+0000] {logging_mixin.py:190} INFO - [2024-09-06T14:30:22.148+0000] {dag.py:4156} INFO - Setting next_dagrun for tutorial_dag to None, run_after=None
[2024-09-06T14:30:22.166+0000] {processor.py:208} INFO - Processing /home/airflow/.local/lib/python3.12/site-packages/airflow/example_dags/tutorial_dag.py took 0.063 seconds
[2024-09-06T14:30:52.281+0000] {processor.py:186} INFO - Started process (PID=1151) to work on /home/airflow/.local/lib/python3.12/site-packages/airflow/example_dags/tutorial_dag.py
[2024-09-06T14:30:52.282+0000] {processor.py:914} INFO - Processing file /home/airflow/.local/lib/python3.12/site-packages/airflow/example_dags/tutorial_dag.py for tasks to queue
[2024-09-06T14:30:52.284+0000] {logging_mixin.py:190} INFO - [2024-09-06T14:30:52.284+0000] {dagbag.py:587} INFO - Filling up the DagBag from /home/airflow/.local/lib/python3.12/site-packages/airflow/example_dags/tutorial_dag.py
[2024-09-06T14:30:52.290+0000] {processor.py:925} INFO - DAG(s) 'tutorial_dag' retrieved from /home/airflow/.local/lib/python3.12/site-packages/airflow/example_dags/tutorial_dag.py
[2024-09-06T14:30:52.307+0000] {logging_mixin.py:190} INFO - [2024-09-06T14:30:52.307+0000] {dag.py:3229} INFO - Sync 1 DAGs
[2024-09-06T14:30:52.320+0000] {logging_mixin.py:190} INFO - [2024-09-06T14:30:52.320+0000] {dag.py:4156} INFO - Setting next_dagrun for tutorial_dag to None, run_after=None
[2024-09-06T14:30:52.336+0000] {processor.py:208} INFO - Processing /home/airflow/.local/lib/python3.12/site-packages/airflow/example_dags/tutorial_dag.py took 0.060 seconds
[2024-09-06T14:31:23.063+0000] {processor.py:186} INFO - Started process (PID=1214) to work on /home/airflow/.local/lib/python3.12/site-packages/airflow/example_dags/tutorial_dag.py
[2024-09-06T14:31:23.064+0000] {processor.py:914} INFO - Processing file /home/airflow/.local/lib/python3.12/site-packages/airflow/example_dags/tutorial_dag.py for tasks to queue
[2024-09-06T14:31:23.068+0000] {logging_mixin.py:190} INFO - [2024-09-06T14:31:23.067+0000] {dagbag.py:587} INFO - Filling up the DagBag from /home/airflow/.local/lib/python3.12/site-packages/airflow/example_dags/tutorial_dag.py
[2024-09-06T14:31:23.076+0000] {processor.py:925} INFO - DAG(s) 'tutorial_dag' retrieved from /home/airflow/.local/lib/python3.12/site-packages/airflow/example_dags/tutorial_dag.py
[2024-09-06T14:31:23.094+0000] {logging_mixin.py:190} INFO - [2024-09-06T14:31:23.094+0000] {dag.py:3229} INFO - Sync 1 DAGs
[2024-09-06T14:31:23.110+0000] {logging_mixin.py:190} INFO - [2024-09-06T14:31:23.109+0000] {dag.py:4156} INFO - Setting next_dagrun for tutorial_dag to None, run_after=None
[2024-09-06T14:31:23.131+0000] {processor.py:208} INFO - Processing /home/airflow/.local/lib/python3.12/site-packages/airflow/example_dags/tutorial_dag.py took 0.074 seconds
[2024-09-06T14:31:53.715+0000] {processor.py:186} INFO - Started process (PID=1276) to work on /home/airflow/.local/lib/python3.12/site-packages/airflow/example_dags/tutorial_dag.py
[2024-09-06T14:31:53.716+0000] {processor.py:914} INFO - Processing file /home/airflow/.local/lib/python3.12/site-packages/airflow/example_dags/tutorial_dag.py for tasks to queue
[2024-09-06T14:31:53.720+0000] {logging_mixin.py:190} INFO - [2024-09-06T14:31:53.720+0000] {dagbag.py:587} INFO - Filling up the DagBag from /home/airflow/.local/lib/python3.12/site-packages/airflow/example_dags/tutorial_dag.py
[2024-09-06T14:31:53.728+0000] {processor.py:925} INFO - DAG(s) 'tutorial_dag' retrieved from /home/airflow/.local/lib/python3.12/site-packages/airflow/example_dags/tutorial_dag.py
[2024-09-06T14:31:53.746+0000] {logging_mixin.py:190} INFO - [2024-09-06T14:31:53.746+0000] {dag.py:3229} INFO - Sync 1 DAGs
[2024-09-06T14:31:53.759+0000] {logging_mixin.py:190} INFO - [2024-09-06T14:31:53.759+0000] {dag.py:4156} INFO - Setting next_dagrun for tutorial_dag to None, run_after=None
[2024-09-06T14:31:53.775+0000] {processor.py:208} INFO - Processing /home/airflow/.local/lib/python3.12/site-packages/airflow/example_dags/tutorial_dag.py took 0.067 seconds
[2024-09-06T14:32:24.259+0000] {processor.py:186} INFO - Started process (PID=1338) to work on /home/airflow/.local/lib/python3.12/site-packages/airflow/example_dags/tutorial_dag.py
[2024-09-06T14:32:24.260+0000] {processor.py:914} INFO - Processing file /home/airflow/.local/lib/python3.12/site-packages/airflow/example_dags/tutorial_dag.py for tasks to queue
[2024-09-06T14:32:24.263+0000] {logging_mixin.py:190} INFO - [2024-09-06T14:32:24.263+0000] {dagbag.py:587} INFO - Filling up the DagBag from /home/airflow/.local/lib/python3.12/site-packages/airflow/example_dags/tutorial_dag.py
[2024-09-06T14:32:24.270+0000] {processor.py:925} INFO - DAG(s) 'tutorial_dag' retrieved from /home/airflow/.local/lib/python3.12/site-packages/airflow/example_dags/tutorial_dag.py
[2024-09-06T14:32:24.286+0000] {logging_mixin.py:190} INFO - [2024-09-06T14:32:24.286+0000] {dag.py:3229} INFO - Sync 1 DAGs
[2024-09-06T14:32:24.299+0000] {logging_mixin.py:190} INFO - [2024-09-06T14:32:24.299+0000] {dag.py:4156} INFO - Setting next_dagrun for tutorial_dag to None, run_after=None
[2024-09-06T14:32:24.314+0000] {processor.py:208} INFO - Processing /home/airflow/.local/lib/python3.12/site-packages/airflow/example_dags/tutorial_dag.py took 0.063 seconds
[2024-09-06T14:32:54.768+0000] {processor.py:186} INFO - Started process (PID=1400) to work on /home/airflow/.local/lib/python3.12/site-packages/airflow/example_dags/tutorial_dag.py
[2024-09-06T14:32:54.769+0000] {processor.py:914} INFO - Processing file /home/airflow/.local/lib/python3.12/site-packages/airflow/example_dags/tutorial_dag.py for tasks to queue
[2024-09-06T14:32:54.771+0000] {logging_mixin.py:190} INFO - [2024-09-06T14:32:54.771+0000] {dagbag.py:587} INFO - Filling up the DagBag from /home/airflow/.local/lib/python3.12/site-packages/airflow/example_dags/tutorial_dag.py
[2024-09-06T14:32:54.778+0000] {processor.py:925} INFO - DAG(s) 'tutorial_dag' retrieved from /home/airflow/.local/lib/python3.12/site-packages/airflow/example_dags/tutorial_dag.py
[2024-09-06T14:32:54.794+0000] {logging_mixin.py:190} INFO - [2024-09-06T14:32:54.793+0000] {dag.py:3229} INFO - Sync 1 DAGs
[2024-09-06T14:32:54.807+0000] {logging_mixin.py:190} INFO - [2024-09-06T14:32:54.807+0000] {dag.py:4156} INFO - Setting next_dagrun for tutorial_dag to None, run_after=None
[2024-09-06T14:32:54.825+0000] {processor.py:208} INFO - Processing /home/airflow/.local/lib/python3.12/site-packages/airflow/example_dags/tutorial_dag.py took 0.062 seconds
[2024-09-06T14:33:25.325+0000] {processor.py:186} INFO - Started process (PID=1462) to work on /home/airflow/.local/lib/python3.12/site-packages/airflow/example_dags/tutorial_dag.py
[2024-09-06T14:33:25.326+0000] {processor.py:914} INFO - Processing file /home/airflow/.local/lib/python3.12/site-packages/airflow/example_dags/tutorial_dag.py for tasks to queue
[2024-09-06T14:33:25.328+0000] {logging_mixin.py:190} INFO - [2024-09-06T14:33:25.327+0000] {dagbag.py:587} INFO - Filling up the DagBag from /home/airflow/.local/lib/python3.12/site-packages/airflow/example_dags/tutorial_dag.py
[2024-09-06T14:33:25.335+0000] {processor.py:925} INFO - DAG(s) 'tutorial_dag' retrieved from /home/airflow/.local/lib/python3.12/site-packages/airflow/example_dags/tutorial_dag.py
[2024-09-06T14:33:25.353+0000] {logging_mixin.py:190} INFO - [2024-09-06T14:33:25.353+0000] {dag.py:3229} INFO - Sync 1 DAGs
[2024-09-06T14:33:25.365+0000] {logging_mixin.py:190} INFO - [2024-09-06T14:33:25.365+0000] {dag.py:4156} INFO - Setting next_dagrun for tutorial_dag to None, run_after=None
[2024-09-06T14:33:25.383+0000] {processor.py:208} INFO - Processing /home/airflow/.local/lib/python3.12/site-packages/airflow/example_dags/tutorial_dag.py took 0.063 seconds
